#
# A fatal error has been detected by the Java Runtime Environment:
#
#  SIGSEGV (0xb) at pc=0x00007fffc30df05d, pid=57337, tid=0x0000000000000307
#
# JRE version: Java(TM) SE Runtime Environment (8.0_121-b13) (build 1.8.0_121-b13)
# Java VM: Java HotSpot(TM) 64-Bit Server VM (25.121-b13 mixed mode bsd-amd64 compressed oops)
# Problematic frame:
# C  [libobjc.A.dylib+0x705d]  objc_msgSend+0x1d
#
# Failed to write core dump. Core dumps have been disabled. To enable core dumping, try "ulimit -c unlimited" before starting Java again
#
# If you would like to submit a bug report, please visit:
#   http://bugreport.java.com/bugreport/crash.jsp
# The crash happened outside the Java Virtual Machine in native code.
# See problematic frame for where to report the bug.
#

---------------  T H R E A D  ---------------

Current thread (0x00007ff5d2049000):  JavaThread "AWT-AppKit" daemon [_thread_in_native, id=775, stack(0x00007fff5bd02000,0x00007fff5c502000)]

siginfo: si_signo: 11 (SIGSEGV), si_code: 1 (SEGV_MAPERR), si_addr: 0x0000000000000018

Registers:
RAX=0x00007ff5d1c93ae0, RBX=0x00000001885ee450, RCX=0x00007ff5d4200c80, RDX=0x0000000000000000
RSP=0x00007fff5c4fd168, RBP=0x00007fff5c4fd220, RSI=0x00007fffac96a116, RDI=0x00007ff5d1ff31f0
R8 =0x0000000000000018, R9 =0x00007ff5d4200040, R10=0x0000000000000000, R11=0x00007fffac96a116
R12=0x0000000000000000, R13=0x0000000189df8c60, R14=0x00000001885ee440, R15=0x00007ff5d2049000
RIP=0x00007fffc30df05d, EFLAGS=0x0000000000010246, ERR=0x0000000000000004
  TRAPNO=0x000000000000000e

Top of Stack: (sp=0x00007fff5c4fd168)
0x00007fff5c4fd168:   00000001885ec157 00007fff5c4fd1c0
0x00007fff5c4fd178:   0000000000000003 00007fff5c4fd1a0
0x00007fff5c4fd188:   00000001041f2c62 0000000189df8c60
0x00007fff5c4fd198:   0000000189df8c60 00007ff5d1c93ae0
0x00007fff5c4fd1a8:   00000001885ee6a0 00000001885ee710
0x00007fff5c4fd1b8:   00007fffc91456d0 00007fffc9d751e0
0x00007fff5c4fd1c8:   00000001885ee450 00000001885ee690
0x00007fff5c4fd1d8:   00007ff5d1c93ae0 00007ff5d1ff31f0
0x00007fff5c4fd1e8:   00007ff5d1d32c80 00007ff5d1c93ae0
0x00007fff5c4fd1f8:   00007ff5d1ff31f0 00007fff5c4fd2a8
0x00007fff5c4fd208:   00007ff5d20491f8 0000000189df8c60
0x00007fff5c4fd218:   00007fff5c4fd2d0 00007fff5c4fd298
0x00007fff5c4fd228:   00000001108859f4 0000000189df8c60
0x00007fff5c4fd238:   00007fff5c4fd2d0 00007fff5c4fd298
0x00007fff5c4fd248:   0000000110885787 0000000110885742
0x00007fff5c4fd258:   00007fff5c4fd258 0000000189df8c60
0x00007fff5c4fd268:   00007fff5c4fd2d0 0000000189dfb898
0x00007fff5c4fd278:   0000000000000000 0000000189df8c60
0x00007fff5c4fd288:   0000000000000000 00007fff5c4fd2b8
0x00007fff5c4fd298:   00007fff5c4fd318 00000001108762bd
0x00007fff5c4fd2a8:   00000007812c0bd0 000000011087f538
0x00007fff5c4fd2b8:   00007ff5d1c93ae0 00007fff5c4fd318
0x00007fff5c4fd2c8:   00007ff5d1ff31f0 0000000110880e02
0x00007fff5c4fd2d8:   00007fff5c4fd2d8 0000000189df8e2a
0x00007fff5c4fd2e8:   00007fff5c4fd340 0000000189dfb898
0x00007fff5c4fd2f8:   0000000000000000 0000000189df8e38
0x00007fff5c4fd308:   00007fff5c4fd2b8 00007fff5c4fd328
0x00007fff5c4fd318:   00007fff5c4fd388 00000001108762bd
0x00007fff5c4fd328:   00007ff5d1c93ae0 000000078123f598
0x00007fff5c4fd338:   00007ff5d1ff31f0 000000078123f598
0x00007fff5c4fd348:   00007fff5c4fd348 000000018cac6ff6
0x00007fff5c4fd358:   00007fff5c4fd398 000000018cac70b0 

Instructions: (pc=0x00007fffc30df05d)
0x00007fffc30df03d:   0f 1f 00 48 85 ff 2e 74 62 40 f6 c7 01 2e 75 66
0x00007fffc30df04d:   49 ba f8 ff ff ff ff 7f 00 00 4c 23 17 49 89 f3
0x00007fffc30df05d:   45 23 5a 18 49 c1 e3 04 4d 03 5a 10 49 3b 33 75
0x00007fffc30df06d:   04 41 ff 63 08 49 83 3b 01 76 0d 49 83 c3 10 49 

Register to memory mapping:

RAX=0x00007ff5d1c93ae0 is an unknown value
RBX=0x00000001885ee450: Java_jogamp_nativewindow_macosx_OSXUtil_GetScreenRefreshRate0+0x1cf0 in /private/var/folders/z5/dkh_k18x6bn8z6w6jj1k7pqm0000gn/T/jogamp_0000/file_cache/jln6665191083101740729/jln1546388652977426185/libnativewindow_macosx.jnilib at 0x00000001885e7000
RCX=0x00007ff5d4200c80 is an unknown value
RDX=0x0000000000000000 is an unknown value
RSP=0x00007fff5c4fd168 is pointing into the stack for thread: 0x00007ff5d2049000
RBP=0x00007fff5c4fd220 is pointing into the stack for thread: 0x00007ff5d2049000
RSI=0x00007fffac96a116: __NSStyleNameIndexTable+0x7fd5e in /System/Library/Frameworks/AppKit.framework/Versions/C/AppKit at 0x00007fffabcfd000
RDI=0x00007ff5d1ff31f0 is an unknown value
R8 =0x0000000000000018 is an unknown value
R9 =0x00007ff5d4200040 is an unknown value
R10=0x0000000000000000 is an unknown value
R11=0x00007fffac96a116: __NSStyleNameIndexTable+0x7fd5e in /System/Library/Frameworks/AppKit.framework/Versions/C/AppKit at 0x00007fffabcfd000
R12=0x0000000000000000 is an unknown value
R13={method} {0x0000000189df8c60} 'UnsetJAWTRootSurfaceLayer0' '(JJ)V' in 'jogamp/nativewindow/jawt/macosx/MacOSXJAWTWindow'
R14=0x00000001885ee440: Java_jogamp_nativewindow_macosx_OSXUtil_GetScreenRefreshRate0+0x1ce0 in /private/var/folders/z5/dkh_k18x6bn8z6w6jj1k7pqm0000gn/T/jogamp_0000/file_cache/jln6665191083101740729/jln1546388652977426185/libnativewindow_macosx.jnilib at 0x00000001885e7000
R15=0x00007ff5d2049000 is a thread


Stack: [0x00007fff5bd02000,0x00007fff5c502000],  sp=0x00007fff5c4fd168,  free space=8172k
Native frames: (J=compiled Java code, j=interpreted, Vv=VM code, C=native code)
C  [libobjc.A.dylib+0x705d]  objc_msgSend+0x1d
j  jogamp.nativewindow.jawt.macosx.MacOSXJAWTWindow.UnsetJAWTRootSurfaceLayer0(JJ)V+0
j  jogamp.nativewindow.jawt.macosx.MacOSXJAWTWindow.access$200(JJ)V+2
j  jogamp.nativewindow.jawt.macosx.MacOSXJAWTWindow$1.run()V+38
J 1940 C1 com.jogamp.common.util.RunnableTask.run()V (345 bytes) @ 0x0000000110eae464 [0x0000000110eae2c0+0x1a4]
v  ~StubRoutines::call_stub
V  [libjvm.dylib+0x2ed9d6]
V  [libjvm.dylib+0x324b65]
V  [libjvm.dylib+0x317333]
C  [libnativewindow_macosx.jnilib+0x5326]  Java_jogamp_nativewindow_jawt_macosx_MacOSXJAWTWindow_UnsetJAWTRootSurfaceLayer0+0x2b6
C  [Foundation+0x7152a]  __NSThreadPerformPerform+0x146
C  [CoreFoundation+0xa7321]  __CFRUNLOOP_IS_CALLING_OUT_TO_A_SOURCE0_PERFORM_FUNCTION__+0x11
C  [CoreFoundation+0x8821d]  __CFRunLoopDoSources0+0x22d
C  [CoreFoundation+0x87716]  __CFRunLoopRun+0x3a6
C  [CoreFoundation+0x87114]  CFRunLoopRunSpecific+0x1a4
C  [HIToolbox+0x30ebc]  RunCurrentEventLoopInMode+0xf0
C  [HIToolbox+0x30bf9]  ReceiveNextEventCommon+0xb8
C  [HIToolbox+0x30b26]  _BlockUntilNextEventMatchingListInModeWithFilter+0x47
C  [AppKit+0x46a54]  _DPSNextEvent+0x460
C  [AppKit+0x7c27ee]  -[NSApplication(NSEvent) _nextEventMatchingEventMask:untilDate:inMode:dequeue:]+0xaec
C  [libosxapp.dylib+0x23aa]  -[NSApplicationAWT nextEventMatchingMask:untilDate:inMode:dequeue:]+0x7c
C  [AppKit+0x3b3db]  -[NSApplication run]+0x39e
C  [libosxapp.dylib+0x214d]  +[NSApplicationAWT runAWTLoopWithApp:]+0x9c
C  [libawt_lwawt.dylib+0x45ff7]  -[AWTStarter starter:]+0x389
C  [Foundation+0x7152a]  __NSThreadPerformPerform+0x146
C  [CoreFoundation+0xa7321]  __CFRUNLOOP_IS_CALLING_OUT_TO_A_SOURCE0_PERFORM_FUNCTION__+0x11
C  [CoreFoundation+0x8821d]  __CFRunLoopDoSources0+0x22d
C  [CoreFoundation+0x87716]  __CFRunLoopRun+0x3a6
C  [CoreFoundation+0x87114]  CFRunLoopRunSpecific+0x1a4
C  [java+0x6465]  CreateExecutionEnvironment+0x367
C  [java+0x218c]  JLI_Launch+0x7a0
C  [java+0x84c2]  main+0x65
C  [java+0x19e4]  start+0x34
C  0x0000000000000007

Java frames: (J=compiled Java code, j=interpreted, Vv=VM code)
j  jogamp.nativewindow.jawt.macosx.MacOSXJAWTWindow.UnsetJAWTRootSurfaceLayer0(JJ)V+0
j  jogamp.nativewindow.jawt.macosx.MacOSXJAWTWindow.access$200(JJ)V+2
j  jogamp.nativewindow.jawt.macosx.MacOSXJAWTWindow$1.run()V+38
J 1940 C1 com.jogamp.common.util.RunnableTask.run()V (345 bytes) @ 0x0000000110eae464 [0x0000000110eae2c0+0x1a4]
v  ~StubRoutines::call_stub

---------------  P R O C E S S  ---------------

Java Threads: ( => current thread )
  0x00007ff5d2b3e000 JavaThread "Keep-Alive-Timer" daemon [_thread_blocked, id=71631, stack(0x0000700005ada000,0x0000700005bda000)]
  0x00007ff5d32fd000 JavaThread "AWT-EventQueue-1" [_thread_in_native, id=66331, stack(0x00007000058d1000,0x00007000059d1000)]
  0x00007ff5d3304000 JavaThread "DestroyJavaVM" [_thread_blocked, id=7171, stack(0x000070000430c000,0x000070000440c000)]
  0x00007ff5d2a20800 JavaThread "AWT-EventQueue-0" [_thread_blocked, id=64275, stack(0x00007000056cb000,0x00007000057cb000)]
  0x00007ff5d398b000 JavaThread "Java2D Disposer" daemon [_thread_blocked, id=56339, stack(0x0000700005442000,0x0000700005542000)]
  0x00007ff5d31d5000 JavaThread "Java2D Queue Flusher" daemon [_thread_blocked, id=47151, stack(0x000070000533f000,0x000070000543f000)]
  0x00007ff5d29a5000 JavaThread "AWT-Shutdown" [_thread_blocked, id=29471, stack(0x00007000051b9000,0x00007000052b9000)]
=>0x00007ff5d2049000 JavaThread "AWT-AppKit" daemon [_thread_in_native, id=775, stack(0x00007fff5bd02000,0x00007fff5c502000)]
  0x00007ff5d2819000 JavaThread "Service Thread" daemon [_thread_blocked, id=18691, stack(0x0000700004f30000,0x0000700005030000)]
  0x00007ff5d3058000 JavaThread "C1 CompilerThread2" daemon [_thread_blocked, id=18179, stack(0x0000700004e2d000,0x0000700004f2d000)]
  0x00007ff5d301e000 JavaThread "C2 CompilerThread1" daemon [_thread_blocked, id=17667, stack(0x0000700004d2a000,0x0000700004e2a000)]
  0x00007ff5d301d000 JavaThread "C2 CompilerThread0" daemon [_thread_blocked, id=17155, stack(0x0000700004c27000,0x0000700004d27000)]
  0x00007ff5d2816000 JavaThread "Signal Dispatcher" daemon [_thread_blocked, id=16643, stack(0x0000700004b24000,0x0000700004c24000)]
  0x00007ff5d280d800 JavaThread "Finalizer" daemon [_thread_blocked, id=12547, stack(0x0000700004a21000,0x0000700004b21000)]
  0x00007ff5d3000800 JavaThread "Reference Handler" daemon [_thread_blocked, id=12035, stack(0x000070000491e000,0x0000700004a1e000)]

Other Threads:
  0x00007ff5d201b800 VMThread [stack: 0x000070000481b000,0x000070000491b000] [id=11523]
  0x00007ff5d2812800 WatcherThread [stack: 0x0000700005033000,0x0000700005133000] [id=19203]

VM state:not at safepoint (normal execution)

VM Mutex/Monitor currently owned by a thread: None

Heap:
 PSYoungGen      total 139776K, used 48620K [0x00000007aab00000, 0x00000007b4600000, 0x00000007c0000000)
  eden space 128512K, 29% used [0x00000007aab00000,0x00000007acf82eb8,0x00000007b2880000)
  from space 11264K, 99% used [0x00000007b3600000,0x00000007b40f8300,0x00000007b4100000)
  to   space 13824K, 0% used [0x00000007b2880000,0x00000007b2880000,0x00000007b3600000)
 ParOldGen       total 44032K, used 21206K [0x0000000780000000, 0x0000000782b00000, 0x00000007aab00000)
  object space 44032K, 48% used [0x0000000780000000,0x00000007814b5810,0x0000000782b00000)
 Metaspace       used 19572K, capacity 19811K, committed 19968K, reserved 1067008K
  class space    used 1941K, capacity 2010K, committed 2048K, reserved 1048576K

Card table byte_map: [0x0000000105362000,0x0000000105563000] byte_map_base: 0x0000000101762000

Marking Bits: (ParMarkBitMap*) 0x00000001048f0d30
 Begin Bits: [0x00000001056b9000, 0x00000001066b9000)
 End Bits:   [0x00000001066b9000, 0x00000001076b9000)

Polling page: 0x00000001037be000

CodeCache: size=245760Kb used=7826Kb max_used=7835Kb free=237933Kb
 bounds [0x000000011086e000, 0x000000011103e000, 0x000000011f86e000]
 total_blobs=3031 nmethods=2153 adapters=792
 compilation: enabled

Compilation events (10 events):
Event: 27.358 Thread 0x00007ff5d3058000 2337       3       sun.java2d.pipe.RenderQueue::tryLock (4 bytes)
Event: 27.359 Thread 0x00007ff5d3058000 nmethod 2337 0x0000000110cca3d0 code [0x0000000110cca560, 0x0000000110cca8c8]
Event: 27.359 Thread 0x00007ff5d3058000 2338       3       sun.awt.SunToolkit::awtTryLock (7 bytes)
Event: 27.359 Thread 0x00007ff5d3058000 nmethod 2338 0x00000001109f5150 code [0x00000001109f52c0, 0x00000001109f55a8]
Event: 27.382 Thread 0x00007ff5d301d000 2339       4       sun.awt.SunToolkit::getSystemEventQueueImpl (4 bytes)
Event: 27.389 Thread 0x00007ff5d301d000 nmethod 2339 0x0000000110d0ccd0 code [0x0000000110d0ce80, 0x0000000110d0d150]
Event: 28.083 Thread 0x00007ff5d3058000 2340       3       com.jogamp.common.util.VersionNumber::compareTo (80 bytes)
Event: 28.083 Thread 0x00007ff5d3058000 nmethod 2340 0x0000000110ceff10 code [0x0000000110cf0080, 0x0000000110cf03b0]
Event: 28.085 Thread 0x00007ff5d3058000 2341       3       java.awt.KeyboardFocusManager::checkKFMSecurity (11 bytes)
Event: 28.086 Thread 0x00007ff5d3058000 nmethod 2341 0x0000000110cc5290 code [0x0000000110cc5480, 0x0000000110cc5bb8]

GC Heap History (10 events):
Event: 6.066 GC heap before
{Heap before GC invocations=4 (full 0):
 PSYoungGen      total 18944K, used 18944K [0x00000007aab00000, 0x00000007ad000000, 0x00000007c0000000)
  eden space 16384K, 100% used [0x00000007aab00000,0x00000007abb00000,0x00000007abb00000)
  from space 2560K, 100% used [0x00000007abb00000,0x00000007abd80000,0x00000007abd80000)
  to   space 2560K, 0% used [0x00000007acd80000,0x00000007acd80000,0x00000007ad000000)
 ParOldGen       total 44032K, used 11494K [0x0000000780000000, 0x0000000782b00000, 0x00000007aab00000)
  object space 44032K, 26% used [0x0000000780000000,0x0000000780b398e8,0x0000000782b00000)
 Metaspace       used 18754K, capacity 19043K, committed 19200K, reserved 1067008K
  class space    used 1927K, capacity 2010K, committed 2048K, reserved 1048576K
Event: 6.082 GC heap after
Heap after GC invocations=4 (full 0):
 PSYoungGen      total 35328K, used 2545K [0x00000007aab00000, 0x00000007ad000000, 0x00000007c0000000)
  eden space 32768K, 0% used [0x00000007aab00000,0x00000007aab00000,0x00000007acb00000)
  from space 2560K, 99% used [0x00000007acd80000,0x00000007acffc760,0x00000007ad000000)
  to   space 2560K, 0% used [0x00000007acb00000,0x00000007acb00000,0x00000007acd80000)
 ParOldGen       total 44032K, used 12502K [0x0000000780000000, 0x0000000782b00000, 0x00000007aab00000)
  object space 44032K, 28% used [0x0000000780000000,0x0000000780c35aa8,0x0000000782b00000)
 Metaspace       used 18754K, capacity 19043K, committed 19200K, reserved 1067008K
  class space    used 1927K, capacity 2010K, committed 2048K, reserved 1048576K
}
Event: 6.927 GC heap before
{Heap before GC invocations=5 (full 0):
 PSYoungGen      total 35328K, used 35313K [0x00000007aab00000, 0x00000007ad000000, 0x00000007c0000000)
  eden space 32768K, 100% used [0x00000007aab00000,0x00000007acb00000,0x00000007acb00000)
  from space 2560K, 99% used [0x00000007acd80000,0x00000007acffc760,0x00000007ad000000)
  to   space 2560K, 0% used [0x00000007acb00000,0x00000007acb00000,0x00000007acd80000)
 ParOldGen       total 44032K, used 12502K [0x0000000780000000, 0x0000000782b00000, 0x00000007aab00000)
  object space 44032K, 28% used [0x0000000780000000,0x0000000780c35aa8,0x0000000782b00000)
 Metaspace       used 19019K, capacity 19299K, committed 19456K, reserved 1067008K
  class space    used 1927K, capacity 2010K, committed 2048K, reserved 1048576K
Event: 6.961 GC heap after
Heap after GC invocations=5 (full 0):
 PSYoungGen      total 35328K, used 2544K [0x00000007aab00000, 0x00000007b0200000, 0x00000007c0000000)
  eden space 32768K, 0% used [0x00000007aab00000,0x00000007aab00000,0x00000007acb00000)
  from space 2560K, 99% used [0x00000007acb00000,0x00000007acd7c060,0x00000007acd80000)
  to   space 11776K, 0% used [0x00000007af680000,0x00000007af680000,0x00000007b0200000)
 ParOldGen       total 44032K, used 17546K [0x0000000780000000, 0x0000000782b00000, 0x00000007aab00000)
  object space 44032K, 39% used [0x0000000780000000,0x0000000781122b40,0x0000000782b00000)
 Metaspace       used 19019K, capacity 19299K, committed 19456K, reserved 1067008K
  class space    used 1927K, capacity 2010K, committed 2048K, reserved 1048576K
}
Event: 8.126 GC heap before
{Heap before GC invocations=6 (full 0):
 PSYoungGen      total 35328K, used 35312K [0x00000007aab00000, 0x00000007b0200000, 0x00000007c0000000)
  eden space 32768K, 100% used [0x00000007aab00000,0x00000007acb00000,0x00000007acb00000)
  from space 2560K, 99% used [0x00000007acb00000,0x00000007acd7c060,0x00000007acd80000)
  to   space 11776K, 0% used [0x00000007af680000,0x00000007af680000,0x00000007b0200000)
 ParOldGen       total 44032K, used 17546K [0x0000000780000000, 0x0000000782b00000, 0x00000007aab00000)
  object space 44032K, 39% used [0x0000000780000000,0x0000000781122b40,0x0000000782b00000)
 Metaspace       used 19172K, capacity 19427K, committed 19712K, reserved 1067008K
  class space    used 1930K, capacity 2010K, committed 2048K, reserved 1048576K
Event: 8.144 GC heap after
Heap after GC invocations=6 (full 0):
 PSYoungGen      total 77312K, used 7538K [0x00000007aab00000, 0x00000007b0200000, 0x00000007c0000000)
  eden space 65536K, 0% used [0x00000007aab00000,0x00000007aab00000,0x00000007aeb00000)
  from space 11776K, 64% used [0x00000007af680000,0x00000007afddc960,0x00000007b0200000)
  to   space 11776K, 0% used [0x00000007aeb00000,0x00000007aeb00000,0x00000007af680000)
 ParOldGen       total 44032K, used 17546K [0x0000000780000000, 0x0000000782b00000, 0x00000007aab00000)
  object space 44032K, 39% used [0x0000000780000000,0x0000000781122b40,0x0000000782b00000)
 Metaspace       used 19172K, capacity 19427K, committed 19712K, reserved 1067008K
  class space    used 1930K, capacity 2010K, committed 2048K, reserved 1048576K
}
Event: 17.048 GC heap before
{Heap before GC invocations=7 (full 0):
 PSYoungGen      total 77312K, used 73074K [0x00000007aab00000, 0x00000007b0200000, 0x00000007c0000000)
  eden space 65536K, 100% used [0x00000007aab00000,0x00000007aeb00000,0x00000007aeb00000)
  from space 11776K, 64% used [0x00000007af680000,0x00000007afddc960,0x00000007b0200000)
  to   space 11776K, 0% used [0x00000007aeb00000,0x00000007aeb00000,0x00000007af680000)
 ParOldGen       total 44032K, used 17546K [0x0000000780000000, 0x0000000782b00000, 0x00000007aab00000)
  object space 44032K, 39% used [0x0000000780000000,0x0000000781122b40,0x0000000782b00000)
 Metaspace       used 19466K, capacity 19683K, committed 19968K, reserved 1067008K
  class space    used 1933K, capacity 2010K, committed 2048K, reserved 1048576K
Event: 17.072 GC heap after
Heap after GC invocations=7 (full 0):
 PSYoungGen      total 77312K, used 6642K [0x00000007aab00000, 0x00000007b4100000, 0x00000007c0000000)
  eden space 65536K, 0% used [0x00000007aab00000,0x00000007aab00000,0x00000007aeb00000)
  from space 11776K, 56% used [0x00000007aeb00000,0x00000007af17c920,0x00000007af680000)
  to   space 11264K, 0% used [0x00000007b3600000,0x00000007b3600000,0x00000007b4100000)
 ParOldGen       total 44032K, used 18588K [0x0000000780000000, 0x0000000782b00000, 0x00000007aab00000)
  object space 44032K, 42% used [0x0000000780000000,0x0000000781227328,0x0000000782b00000)
 Metaspace       used 19466K, capacity 19683K, committed 19968K, reserved 1067008K
  class space    used 1933K, capacity 2010K, committed 2048K, reserved 1048576K
}
Event: 22.967 GC heap before
{Heap before GC invocations=8 (full 0):
 PSYoungGen      total 77312K, used 72178K [0x00000007aab00000, 0x00000007b4100000, 0x00000007c0000000)
  eden space 65536K, 100% used [0x00000007aab00000,0x00000007aeb00000,0x00000007aeb00000)
  from space 11776K, 56% used [0x00000007aeb00000,0x00000007af17c920,0x00000007af680000)
  to   space 11264K, 0% used [0x00000007b3600000,0x00000007b3600000,0x00000007b4100000)
 ParOldGen       total 44032K, used 18588K [0x0000000780000000, 0x0000000782b00000, 0x00000007aab00000)
  object space 44032K, 42% used [0x0000000780000000,0x0000000781227328,0x0000000782b00000)
 Metaspace       used 19532K, capacity 19747K, committed 19968K, reserved 1067008K
  class space    used 1933K, capacity 2010K, committed 2048K, reserved 1048576K
Event: 22.985 GC heap after
Heap after GC invocations=8 (full 0):
 PSYoungGen      total 139776K, used 11232K [0x00000007aab00000, 0x00000007b4600000, 0x00000007c0000000)
  eden space 128512K, 0% used [0x00000007aab00000,0x00000007aab00000,0x00000007b2880000)
  from space 11264K, 99% used [0x00000007b3600000,0x00000007b40f8300,0x00000007b4100000)
  to   space 13824K, 0% used [0x00000007b2880000,0x00000007b2880000,0x00000007b3600000)
 ParOldGen       total 44032K, used 21206K [0x0000000780000000, 0x0000000782b00000, 0x00000007aab00000)
  object space 44032K, 48% used [0x0000000780000000,0x00000007814b5810,0x0000000782b00000)
 Metaspace       used 19532K, capacity 19747K, committed 19968K, reserved 1067008K
  class space    used 1933K, capacity 2010K, committed 2048K, reserved 1048576K
}

Deoptimization events (10 events):
Event: 11.432 Thread 0x00007ff5d32fd000 Uncommon trap: reason=predicate action=maybe_recompile pc=0x0000000110e78d10 method=java.util.Vector.indexOf(Ljava/lang/Object;I)I @ 44
Event: 11.432 Thread 0x00007ff5d32fd000 Uncommon trap: reason=predicate action=maybe_recompile pc=0x0000000110d3673c method=java.util.Vector.indexOf(Ljava/lang/Object;I)I @ 44
Event: 17.398 Thread 0x00007ff5d32fd000 Uncommon trap: reason=unstable_if action=reinterpret pc=0x0000000110f9eec0 method=de.fhpotsdam.unfolding.mapdisplay.AbstractMapDisplay.grabTile(Lde/fhpotsdam/unfolding/core/Coordinate;)V @ 19
Event: 17.399 Thread 0x00007ff5d32fd000 Uncommon trap: reason=unstable_if action=reinterpret pc=0x0000000110f3e950 method=de.fhpotsdam.unfolding.mapdisplay.AbstractMapDisplay$ZoomComparator.compare(Lde/fhpotsdam/unfolding/core/Coordinate;Lde/fhpotsdam/unfolding/core/Coordinate;)I @ 9
Event: 17.399 Thread 0x00007ff5d32fd000 Uncommon trap: reason=unstable_if action=reinterpret pc=0x0000000110983bd4 method=de.fhpotsdam.unfolding.mapdisplay.AbstractMapDisplay$ZoomComparator.compare(Lde/fhpotsdam/unfolding/core/Coordinate;Lde/fhpotsdam/unfolding/core/Coordinate;)I @ 25
Event: 17.401 Thread 0x00007ff5d32fd000 Uncommon trap: reason=unstable_if action=reinterpret pc=0x0000000110f5cab0 method=de.fhpotsdam.unfolding.mapdisplay.Java2DMapDisplay.draw()V @ 186
Event: 17.417 Thread 0x00007ff5d32fd000 Uncommon trap: reason=unstable_if action=reinterpret pc=0x0000000110f91734 method=java.util.TimSort.sort([Ljava/lang/Object;IILjava/util/Comparator;[Ljava/lang/Object;II)V @ 53
Event: 28.083 Thread 0x00007ff5d32fd000 Uncommon trap: reason=unstable_if action=reinterpret pc=0x0000000110dc1aa8 method=com.jogamp.common.util.VersionNumber.compareTo(Lcom/jogamp/common/util/VersionNumber;)I @ 21
Event: 28.115 Thread 0x00007ff5d3995000 Uncommon trap: reason=unstable_if action=reinterpret pc=0x0000000110f56974 method=java.util.HashMap.putVal(ILjava/lang/Object;Ljava/lang/Object;ZZ)Ljava/lang/Object; @ 81
Event: 28.134 Thread 0x00007ff5d32fd000 Uncommon trap: reason=unstable_if action=reinterpret pc=0x0000000110f03f58 method=java.security.AccessControlContext.optimize()Ljava/security/AccessControlContext; @ 233

Internal exceptions (10 events):
Event: 19.564 Thread 0x00007ff5d32fb800 Exception <a 'java/security/PrivilegedActionException'> (0x00000007ac96b610) thrown at [/Users/java_re/workspace/8-2-build-macosx-x86_64/jdk8u121/8372/hotspot/src/share/vm/prims/jvm.cpp, line 1390]
Event: 19.620 Thread 0x00007ff5d3ae5800 Exception <a 'java/security/PrivilegedActionException'> (0x00000007acae9680) thrown at [/Users/java_re/workspace/8-2-build-macosx-x86_64/jdk8u121/8372/hotspot/src/share/vm/prims/jvm.cpp, line 1390]
Event: 19.777 Thread 0x00007ff5d2caf800 Exception <a 'java/security/PrivilegedActionException'> (0x00000007acc276e0) thrown at [/Users/java_re/workspace/8-2-build-macosx-x86_64/jdk8u121/8372/hotspot/src/share/vm/prims/jvm.cpp, line 1390]
Event: 19.911 Thread 0x00007ff5d375e800 Exception <a 'java/security/PrivilegedActionException'> (0x00000007acda5738) thrown at [/Users/java_re/workspace/8-2-build-macosx-x86_64/jdk8u121/8372/hotspot/src/share/vm/prims/jvm.cpp, line 1390]
Event: 20.135 Thread 0x00007ff5d23ad000 Exception <a 'java/security/PrivilegedActionException'> (0x00000007ad038868) thrown at [/Users/java_re/workspace/8-2-build-macosx-x86_64/jdk8u121/8372/hotspot/src/share/vm/prims/jvm.cpp, line 1390]
Event: 20.212 Thread 0x00007ff5d23f4000 Exception <a 'java/security/PrivilegedActionException'> (0x00000007ad061808) thrown at [/Users/java_re/workspace/8-2-build-macosx-x86_64/jdk8u121/8372/hotspot/src/share/vm/prims/jvm.cpp, line 1390]
Event: 20.231 Thread 0x00007ff5d32fb800 Exception <a 'java/security/PrivilegedActionException'> (0x00000007ad2f4938) thrown at [/Users/java_re/workspace/8-2-build-macosx-x86_64/jdk8u121/8372/hotspot/src/share/vm/prims/jvm.cpp, line 1390]
Event: 20.336 Thread 0x00007ff5d24a5800 Exception <a 'java/security/PrivilegedActionException'> (0x00000007ad4329b0) thrown at [/Users/java_re/workspace/8-2-build-macosx-x86_64/jdk8u121/8372/hotspot/src/share/vm/prims/jvm.cpp, line 1390]
Event: 20.796 Thread 0x00007ff5d23ad000 Exception <a 'java/security/PrivilegedActionException'> (0x00000007ad685b18) thrown at [/Users/java_re/workspace/8-2-build-macosx-x86_64/jdk8u121/8372/hotspot/src/share/vm/prims/jvm.cpp, line 1390]
Event: 20.797 Thread 0x00007ff5d23f4000 Exception <a 'java/security/PrivilegedActionException'> (0x00000007ad803bb8) thrown at [/Users/java_re/workspace/8-2-build-macosx-x86_64/jdk8u121/8372/hotspot/src/share/vm/prims/jvm.cpp, line 1390]

Events (10 events):
Event: 28.134 Executing VM operation: RevokeBias done
Event: 28.134 Thread 0x00007ff5d32fd000 Uncommon trap: trap_request=0xffffff65 fr.pc=0x0000000110f03f58
Event: 28.134 Thread 0x00007ff5d32fd000 DEOPT PACKING pc=0x0000000110f03f58 sp=0x00007000059ce8b0
Event: 28.134 Thread 0x00007ff5d32fd000 DEOPT UNPACKING pc=0x0000000110873229 sp=0x00007000059ce880 mode 2
Event: 28.135 loading class java/awt/LightweightDispatcher$2
Event: 28.135 loading class java/awt/LightweightDispatcher$2 done
Event: 28.135 loading class java/awt/event/AWTEventListenerProxy
Event: 28.135 loading class java/awt/event/AWTEventListenerProxy done
Event: 28.135 loading class java/awt/Toolkit$ToolkitEventMulticaster
Event: 28.135 loading class java/awt/Toolkit$ToolkitEventMulticaster done


Dynamic libraries:
0x0000000038e4c000 	/System/Library/Frameworks/Cocoa.framework/Versions/A/Cocoa
0x0000000038e4c000 	/System/Library/Frameworks/Security.framework/Versions/A/Security
0x0000000038e4c000 	/System/Library/Frameworks/ApplicationServices.framework/Versions/A/ApplicationServices
0x0000000038e4c000 	/usr/lib/libz.1.dylib
0x0000000038e4c000 	/usr/lib/libSystem.B.dylib
0x0000000038e4c000 	/usr/lib/libobjc.A.dylib
0x0000000038e4c000 	/System/Library/Frameworks/CoreFoundation.framework/Versions/A/CoreFoundation
0x0000000038e4c000 	/System/Library/Frameworks/Foundation.framework/Versions/C/Foundation
0x0000000038e4c000 	/System/Library/Frameworks/AppKit.framework/Versions/C/AppKit
0x0000000038e4c000 	/System/Library/Frameworks/CoreData.framework/Versions/A/CoreData
0x0000000038e4c000 	/System/Library/PrivateFrameworks/RemoteViewServices.framework/Versions/A/RemoteViewServices
0x0000000038e4c000 	/System/Library/PrivateFrameworks/UIFoundation.framework/Versions/A/UIFoundation
0x0000000038e4c000 	/System/Library/PrivateFrameworks/DFRFoundation.framework/Versions/A/DFRFoundation
0x0000000038e4c000 	/usr/lib/libenergytrace.dylib
0x0000000038e4c000 	/System/Library/PrivateFrameworks/SkyLight.framework/Versions/A/SkyLight
0x0000000038e4c000 	/System/Library/Frameworks/CoreGraphics.framework/Versions/A/CoreGraphics
0x0000000038e4c000 	/usr/lib/libScreenReader.dylib
0x0000000038e4c000 	/System/Library/Frameworks/Accelerate.framework/Versions/A/Accelerate
0x0000000038e4c000 	/System/Library/Frameworks/IOSurface.framework/Versions/A/IOSurface
0x0000000038e4c000 	/System/Library/Frameworks/AudioToolbox.framework/Versions/A/AudioToolbox
0x0000000038e4c000 	/System/Library/Frameworks/AudioUnit.framework/Versions/A/AudioUnit
0x0000000038e4c000 	/System/Library/PrivateFrameworks/DataDetectorsCore.framework/Versions/A/DataDetectorsCore
0x0000000038e4c000 	/System/Library/PrivateFrameworks/DesktopServicesPriv.framework/Versions/A/DesktopServicesPriv
0x0000000038e4c000 	/System/Library/Frameworks/Carbon.framework/Versions/A/Frameworks/HIToolbox.framework/Versions/A/HIToolbox
0x0000000038e4c000 	/usr/lib/libicucore.A.dylib
0x0000000038e4c000 	/System/Library/Frameworks/QuartzCore.framework/Versions/A/QuartzCore
0x0000000038e4c000 	/System/Library/Frameworks/Carbon.framework/Versions/A/Frameworks/SpeechRecognition.framework/Versions/A/SpeechRecognition
0x0000000038e4c000 	/usr/lib/libauto.dylib
0x0000000038e4c000 	/usr/lib/libxml2.2.dylib
0x0000000038e4c000 	/System/Library/PrivateFrameworks/CoreUI.framework/Versions/A/CoreUI
0x0000000038e4c000 	/System/Library/Frameworks/CoreAudio.framework/Versions/A/CoreAudio
0x0000000038e4c000 	/System/Library/Frameworks/DiskArbitration.framework/Versions/A/DiskArbitration
0x0000000038e4c000 	/usr/lib/liblangid.dylib
0x0000000038e4c000 	/System/Library/PrivateFrameworks/MultitouchSupport.framework/Versions/A/MultitouchSupport
0x0000000038e4c000 	/System/Library/Frameworks/IOKit.framework/Versions/A/IOKit
0x0000000038e4c000 	/usr/lib/libDiagnosticMessagesClient.dylib
0x0000000038e4c000 	/System/Library/Frameworks/CoreServices.framework/Versions/A/CoreServices
0x0000000038e4c000 	/System/Library/PrivateFrameworks/PerformanceAnalysis.framework/Versions/A/PerformanceAnalysis
0x0000000038e4c000 	/System/Library/PrivateFrameworks/GenerationalStorage.framework/Versions/A/GenerationalStorage
0x0000000038e4c000 	/System/Library/Frameworks/OpenGL.framework/Versions/A/OpenGL
0x0000000038e4c000 	/System/Library/Frameworks/CoreImage.framework/Versions/A/CoreImage
0x0000000038e4c000 	/System/Library/Frameworks/CoreText.framework/Versions/A/CoreText
0x0000000038e4c000 	/System/Library/Frameworks/ImageIO.framework/Versions/A/ImageIO
0x0000000038e4c000 	/System/Library/PrivateFrameworks/Backup.framework/Versions/A/Backup
0x0000000038e4c000 	/usr/lib/libarchive.2.dylib
0x0000000038e4c000 	/System/Library/Frameworks/CFNetwork.framework/Versions/A/CFNetwork
0x0000000038e4c000 	/System/Library/Frameworks/SystemConfiguration.framework/Versions/A/SystemConfiguration
0x0000000038e4c000 	/usr/lib/libCRFSuite.dylib
0x0000000038e4c000 	/usr/lib/libc++.1.dylib
0x0000000038e4c000 	/usr/lib/libc++abi.dylib
0x0000000038e4c000 	/usr/lib/system/libcache.dylib
0x0000000038e4c000 	/usr/lib/system/libcommonCrypto.dylib
0x0000000038e4c000 	/usr/lib/system/libcompiler_rt.dylib
0x0000000038e4c000 	/usr/lib/system/libcopyfile.dylib
0x0000000038e4c000 	/usr/lib/system/libcorecrypto.dylib
0x0000000038e4c000 	/usr/lib/system/libdispatch.dylib
0x0000000038e4c000 	/usr/lib/system/libdyld.dylib
0x0000000038e4c000 	/usr/lib/system/libkeymgr.dylib
0x0000000038e4c000 	/usr/lib/system/liblaunch.dylib
0x0000000038e4c000 	/usr/lib/system/libmacho.dylib
0x0000000038e4c000 	/usr/lib/system/libquarantine.dylib
0x0000000038e4c000 	/usr/lib/system/libremovefile.dylib
0x0000000038e4c000 	/usr/lib/system/libsystem_asl.dylib
0x0000000038e4c000 	/usr/lib/system/libsystem_blocks.dylib
0x0000000038e4c000 	/usr/lib/system/libsystem_c.dylib
0x0000000038e4c000 	/usr/lib/system/libsystem_configuration.dylib
0x0000000038e4c000 	/usr/lib/system/libsystem_coreservices.dylib
0x0000000038e4c000 	/usr/lib/system/libsystem_coretls.dylib
0x0000000038e4c000 	/usr/lib/system/libsystem_dnssd.dylib
0x0000000038e4c000 	/usr/lib/system/libsystem_info.dylib
0x0000000038e4c000 	/usr/lib/system/libsystem_kernel.dylib
0x0000000038e4c000 	/usr/lib/system/libsystem_m.dylib
0x0000000038e4c000 	/usr/lib/system/libsystem_malloc.dylib
0x0000000038e4c000 	/usr/lib/system/libsystem_network.dylib
0x0000000038e4c000 	/usr/lib/system/libsystem_networkextension.dylib
0x0000000038e4c000 	/usr/lib/system/libsystem_notify.dylib
0x0000000038e4c000 	/usr/lib/system/libsystem_platform.dylib
0x0000000038e4c000 	/usr/lib/system/libsystem_pthread.dylib
0x0000000038e4c000 	/usr/lib/system/libsystem_sandbox.dylib
0x0000000038e4c000 	/usr/lib/system/libsystem_secinit.dylib
0x0000000038e4c000 	/usr/lib/system/libsystem_symptoms.dylib
0x0000000038e4c000 	/usr/lib/system/libsystem_trace.dylib
0x0000000038e4c000 	/usr/lib/system/libunwind.dylib
0x0000000038e4c000 	/usr/lib/system/libxpc.dylib
0x0000000038e4c000 	/usr/lib/libbsm.0.dylib
0x0000000038e4c000 	/usr/lib/system/libkxld.dylib
0x0000000038e4c000 	/usr/lib/libcoretls.dylib
0x0000000038e4c000 	/usr/lib/libcoretls_cfhelpers.dylib
0x0000000038e4c000 	/usr/lib/libOpenScriptingUtil.dylib
0x0000000038e4c000 	/usr/lib/libpam.2.dylib
0x0000000038e4c000 	/usr/lib/libsqlite3.dylib
0x0000000038e4c000 	/usr/lib/libxar.1.dylib
0x0000000038e4c000 	/usr/lib/libbz2.1.0.dylib
0x0000000038e4c000 	/usr/lib/liblzma.5.dylib
0x0000000038e4c000 	/usr/lib/libnetwork.dylib
0x0000000038e4c000 	/usr/lib/libpcap.A.dylib
0x0000000038e4c000 	/System/Library/Frameworks/CoreServices.framework/Versions/A/Frameworks/FSEvents.framework/Versions/A/FSEvents
0x0000000038e4c000 	/System/Library/Frameworks/CoreServices.framework/Versions/A/Frameworks/CarbonCore.framework/Versions/A/CarbonCore
0x0000000038e4c000 	/System/Library/Frameworks/CoreServices.framework/Versions/A/Frameworks/Metadata.framework/Versions/A/Metadata
0x0000000038e4c000 	/System/Library/Frameworks/CoreServices.framework/Versions/A/Frameworks/OSServices.framework/Versions/A/OSServices
0x0000000038e4c000 	/System/Library/Frameworks/CoreServices.framework/Versions/A/Frameworks/SearchKit.framework/Versions/A/SearchKit
0x0000000038e4c000 	/System/Library/Frameworks/CoreServices.framework/Versions/A/Frameworks/AE.framework/Versions/A/AE
0x0000000038e4c000 	/System/Library/Frameworks/CoreServices.framework/Versions/A/Frameworks/LaunchServices.framework/Versions/A/LaunchServices
0x0000000038e4c000 	/System/Library/Frameworks/CoreServices.framework/Versions/A/Frameworks/DictionaryServices.framework/Versions/A/DictionaryServices
0x0000000038e4c000 	/System/Library/Frameworks/CoreServices.framework/Versions/A/Frameworks/SharedFileList.framework/Versions/A/SharedFileList
0x0000000038e4c000 	/System/Library/Frameworks/NetFS.framework/Versions/A/NetFS
0x0000000038e4c000 	/System/Library/PrivateFrameworks/NetAuth.framework/Versions/A/NetAuth
0x0000000038e4c000 	/System/Library/PrivateFrameworks/login.framework/Versions/A/Frameworks/loginsupport.framework/Versions/A/loginsupport
0x0000000038e4c000 	/System/Library/PrivateFrameworks/TCC.framework/Versions/A/TCC
0x0000000038e4c000 	/usr/lib/libmecabra.dylib
0x0000000038e4c000 	/System/Library/Frameworks/ApplicationServices.framework/Versions/A/Frameworks/ATS.framework/Versions/A/ATS
0x0000000038e4c000 	/System/Library/Frameworks/ApplicationServices.framework/Versions/A/Frameworks/ColorSync.framework/Versions/A/ColorSync
0x0000000038e4c000 	/System/Library/Frameworks/ApplicationServices.framework/Versions/A/Frameworks/HIServices.framework/Versions/A/HIServices
0x0000000038e4c000 	/System/Library/Frameworks/ApplicationServices.framework/Versions/A/Frameworks/LangAnalysis.framework/Versions/A/LangAnalysis
0x0000000038e4c000 	/System/Library/Frameworks/ApplicationServices.framework/Versions/A/Frameworks/PrintCore.framework/Versions/A/PrintCore
0x0000000038e4c000 	/System/Library/Frameworks/ApplicationServices.framework/Versions/A/Frameworks/QD.framework/Versions/A/QD
0x0000000038e4c000 	/System/Library/Frameworks/ApplicationServices.framework/Versions/A/Frameworks/SpeechSynthesis.framework/Versions/A/SpeechSynthesis
0x0000000038e4c000 	/System/Library/Frameworks/Accelerate.framework/Versions/A/Frameworks/vImage.framework/Versions/A/vImage
0x0000000038e4c000 	/System/Library/Frameworks/Accelerate.framework/Versions/A/Frameworks/vecLib.framework/Versions/A/vecLib
0x0000000038e4c000 	/System/Library/Frameworks/Accelerate.framework/Versions/A/Frameworks/vecLib.framework/Versions/A/libvDSP.dylib
0x0000000038e4c000 	/System/Library/Frameworks/Accelerate.framework/Versions/A/Frameworks/vecLib.framework/Versions/A/libBNNS.dylib
0x0000000038e4c000 	/System/Library/Frameworks/Accelerate.framework/Versions/A/Frameworks/vecLib.framework/Versions/A/libQuadrature.dylib
0x0000000038e4c000 	/System/Library/Frameworks/Accelerate.framework/Versions/A/Frameworks/vecLib.framework/Versions/A/libvMisc.dylib
0x0000000038e4c000 	/System/Library/Frameworks/Accelerate.framework/Versions/A/Frameworks/vecLib.framework/Versions/A/libLAPACK.dylib
0x0000000038e4c000 	/System/Library/Frameworks/Accelerate.framework/Versions/A/Frameworks/vecLib.framework/Versions/A/libBLAS.dylib
0x0000000038e4c000 	/System/Library/Frameworks/Accelerate.framework/Versions/A/Frameworks/vecLib.framework/Versions/A/libLinearAlgebra.dylib
0x0000000038e4c000 	/System/Library/Frameworks/Accelerate.framework/Versions/A/Frameworks/vecLib.framework/Versions/A/libSparseBLAS.dylib
0x0000000038e4c000 	/System/Library/Frameworks/ApplicationServices.framework/Versions/A/Frameworks/ATS.framework/Versions/A/Resources/libFontParser.dylib
0x0000000038e4c000 	/System/Library/Frameworks/ApplicationServices.framework/Versions/A/Frameworks/ATS.framework/Versions/A/Resources/libFontRegistry.dylib
0x0000000038e4c000 	/System/Library/Frameworks/ImageIO.framework/Versions/A/Resources/libJPEG.dylib
0x0000000038e4c000 	/System/Library/Frameworks/ImageIO.framework/Versions/A/Resources/libTIFF.dylib
0x0000000038e4c000 	/System/Library/Frameworks/ImageIO.framework/Versions/A/Resources/libPng.dylib
0x0000000038e4c000 	/System/Library/Frameworks/ImageIO.framework/Versions/A/Resources/libGIF.dylib
0x0000000038e4c000 	/System/Library/Frameworks/ImageIO.framework/Versions/A/Resources/libJP2.dylib
0x0000000038e4c000 	/System/Library/Frameworks/ImageIO.framework/Versions/A/Resources/libRadiance.dylib
0x0000000038e4c000 	/usr/lib/libcompression.dylib
0x0000000038e4c000 	/System/Library/PrivateFrameworks/AppleJPEG.framework/Versions/A/AppleJPEG
0x0000000038e4c000 	/usr/lib/libcups.2.dylib
0x0000000038e4c000 	/System/Library/Frameworks/Kerberos.framework/Versions/A/Kerberos
0x0000000038e4c000 	/System/Library/Frameworks/GSS.framework/Versions/A/GSS
0x0000000038e4c000 	/usr/lib/libresolv.9.dylib
0x0000000038e4c000 	/usr/lib/libiconv.2.dylib
0x0000000038e4c000 	/System/Library/PrivateFrameworks/Heimdal.framework/Versions/A/Heimdal
0x0000000038e4c000 	/usr/lib/libheimdal-asn1.dylib
0x0000000038e4c000 	/System/Library/Frameworks/OpenDirectory.framework/Versions/A/OpenDirectory
0x0000000038e4c000 	/System/Library/PrivateFrameworks/CommonAuth.framework/Versions/A/CommonAuth
0x0000000038e4c000 	/System/Library/Frameworks/OpenDirectory.framework/Versions/A/Frameworks/CFOpenDirectory.framework/Versions/A/CFOpenDirectory
0x0000000038e4c000 	/System/Library/Frameworks/SecurityFoundation.framework/Versions/A/SecurityFoundation
0x0000000038e4c000 	/System/Library/PrivateFrameworks/LanguageModeling.framework/Versions/A/LanguageModeling
0x0000000038e4c000 	/usr/lib/libmarisa.dylib
0x0000000038e4c000 	/usr/lib/libChineseTokenizer.dylib
0x0000000038e4c000 	/usr/lib/libcmph.dylib
0x0000000038e4c000 	/System/Library/PrivateFrameworks/CoreEmoji.framework/Versions/A/CoreEmoji
0x0000000038e4c000 	/System/Library/Frameworks/ServiceManagement.framework/Versions/A/ServiceManagement
0x0000000038e4c000 	/usr/lib/libxslt.1.dylib
0x0000000038e4c000 	/System/Library/Frameworks/Carbon.framework/Versions/A/Frameworks/Ink.framework/Versions/A/Ink
0x0000000038e4c000 	/System/Library/PrivateFrameworks/TextureIO.framework/Versions/A/TextureIO
0x0000000038e4c000 	/System/Library/Frameworks/Metal.framework/Versions/A/Metal
0x0000000038e4c000 	/usr/lib/libate.dylib
0x0000000038e4c000 	/System/Library/PrivateFrameworks/GPUCompiler.framework/libmetal_timestamp.dylib
0x0000000038e4c000 	/System/Library/Frameworks/OpenGL.framework/Versions/A/Libraries/libCoreFSCache.dylib
0x0000000038e4c000 	/System/Library/PrivateFrameworks/IOAccelerator.framework/Versions/A/IOAccelerator
0x0000000038e4c000 	/System/Library/Frameworks/CoreVideo.framework/Versions/A/CoreVideo
0x0000000038e4c000 	/usr/lib/libFosl_dynamic.dylib
0x0000000038e4c000 	/System/Library/PrivateFrameworks/MetalPerformanceShaders.framework/Versions/A/MetalPerformanceShaders
0x0000000038e4c000 	/System/Library/PrivateFrameworks/FaceCore.framework/Versions/A/FaceCore
0x0000000038e4c000 	/System/Library/Frameworks/OpenCL.framework/Versions/A/OpenCL
0x0000000038e4c000 	/System/Library/Frameworks/OpenGL.framework/Versions/A/Libraries/libGLU.dylib
0x0000000038e4c000 	/System/Library/Frameworks/OpenGL.framework/Versions/A/Libraries/libGFXShared.dylib
0x0000000038e4c000 	/System/Library/Frameworks/OpenGL.framework/Versions/A/Libraries/libGL.dylib
0x0000000038e4c000 	/System/Library/Frameworks/OpenGL.framework/Versions/A/Libraries/libGLImage.dylib
0x0000000038e4c000 	/System/Library/Frameworks/OpenGL.framework/Versions/A/Libraries/libCVMSPluginSupport.dylib
0x0000000038e4c000 	/System/Library/Frameworks/OpenGL.framework/Versions/A/Libraries/libCoreVMClient.dylib
0x0000000038e4c000 	/System/Library/PrivateFrameworks/CrashReporterSupport.framework/Versions/A/CrashReporterSupport
0x0000000038e4c000 	/System/Library/PrivateFrameworks/Sharing.framework/Versions/A/Sharing
0x0000000038e4c000 	/System/Library/PrivateFrameworks/IconServices.framework/Versions/A/IconServices
0x0000000038e4c000 	/System/Library/PrivateFrameworks/ProtocolBuffer.framework/Versions/A/ProtocolBuffer
0x0000000038e4c000 	/System/Library/PrivateFrameworks/Apple80211.framework/Versions/A/Apple80211
0x0000000038e4c000 	/System/Library/Frameworks/CoreWLAN.framework/Versions/A/CoreWLAN
0x0000000038e4c000 	/System/Library/PrivateFrameworks/CoreUtils.framework/Versions/A/CoreUtils
0x0000000038e4c000 	/System/Library/Frameworks/IOBluetooth.framework/Versions/A/IOBluetooth
0x0000000038e4c000 	/System/Library/PrivateFrameworks/CoreWiFi.framework/Versions/A/CoreWiFi
0x0000000038e4c000 	/System/Library/Frameworks/CoreBluetooth.framework/Versions/A/CoreBluetooth
0x0000000038e4c000 	/System/Library/Frameworks/CoreDisplay.framework/Versions/A/CoreDisplay
0x0000000038e4c000 	/System/Library/PrivateFrameworks/IOPresentment.framework/Versions/A/IOPresentment
0x0000000038e4c000 	/System/Library/PrivateFrameworks/DSExternalDisplay.framework/Versions/A/DSExternalDisplay
0x0000000038e4c000 	/System/Library/PrivateFrameworks/DebugSymbols.framework/Versions/A/DebugSymbols
0x0000000038e4c000 	/System/Library/PrivateFrameworks/CoreSymbolication.framework/Versions/A/CoreSymbolication
0x0000000038e4c000 	/System/Library/PrivateFrameworks/Symbolication.framework/Versions/A/Symbolication
0x0000000038e4c000 	/System/Library/PrivateFrameworks/AppleFSCompression.framework/Versions/A/AppleFSCompression
0x0000000038e4c000 	/System/Library/PrivateFrameworks/SpeechRecognitionCore.framework/Versions/A/SpeechRecognitionCore
0x0000000038e4c000 	/System/Library/PrivateFrameworks/ChunkingLibrary.framework/Versions/A/ChunkingLibrary
0x0000000104000000 	/Library/Java/JavaVirtualMachines/jdk1.8.0_121.jdk/Contents/Home/jre/lib/server/libjvm.dylib
0x0000000038e4c000 	/usr/lib/libstdc++.6.dylib
0x000000010377b000 	/Library/Java/JavaVirtualMachines/jdk1.8.0_121.jdk/Contents/Home/jre/lib/libverify.dylib
0x0000000103789000 	/Library/Java/JavaVirtualMachines/jdk1.8.0_121.jdk/Contents/Home/jre/lib/libjava.dylib
0x00000001037c8000 	/Library/Java/JavaVirtualMachines/jdk1.8.0_121.jdk/Contents/Home/jre/lib/libzip.dylib
0x00000001037e6000 	/System/Library/Frameworks/JavaVM.framework/Frameworks/JavaRuntimeSupport.framework/JavaRuntimeSupport
0x0000000109388000 	/System/Library/Frameworks/JavaVM.framework/Versions/A/Frameworks/JavaNativeFoundation.framework/Versions/A/JavaNativeFoundation
0x000000010939d000 	/System/Library/Frameworks/JavaVM.framework/Versions/A/JavaVM
0x0000000038e4c000 	/System/Library/Frameworks/Carbon.framework/Versions/A/Carbon
0x00000001093aa000 	/System/Library/PrivateFrameworks/JavaLaunching.framework/Versions/A/JavaLaunching
0x0000000038e4c000 	/System/Library/Frameworks/Carbon.framework/Versions/A/Frameworks/CommonPanels.framework/Versions/A/CommonPanels
0x0000000038e4c000 	/System/Library/Frameworks/Carbon.framework/Versions/A/Frameworks/Help.framework/Versions/A/Help
0x0000000038e4c000 	/System/Library/Frameworks/Carbon.framework/Versions/A/Frameworks/ImageCapture.framework/Versions/A/ImageCapture
0x0000000038e4c000 	/System/Library/Frameworks/Carbon.framework/Versions/A/Frameworks/OpenScripting.framework/Versions/A/OpenScripting
0x0000000038e4c000 	/System/Library/Frameworks/Carbon.framework/Versions/A/Frameworks/Print.framework/Versions/A/Print
0x0000000038e4c000 	/System/Library/Frameworks/Carbon.framework/Versions/A/Frameworks/SecurityHI.framework/Versions/A/SecurityHI
0x000000010acbe000 	/Library/Java/JavaVirtualMachines/jdk1.8.0_121.jdk/Contents/Home/jre/lib/libawt.dylib
0x000000010ad66000 	/Library/Java/JavaVirtualMachines/jdk1.8.0_121.jdk/Contents/Home/jre/lib/./libmlib_image.dylib
0x000000010ae32000 	/Library/Java/JavaVirtualMachines/jdk1.8.0_121.jdk/Contents/Home/jre/lib/libawt_lwawt.dylib
0x000000010aee9000 	/Library/Java/JavaVirtualMachines/jdk1.8.0_121.jdk/Contents/Home/jre/lib/./libosxapp.dylib
0x0000000038e4c000 	/System/Library/Frameworks/ExceptionHandling.framework/Versions/A/ExceptionHandling
0x0000000038e4c000 	/System/Library/PrivateFrameworks/CoreServicesInternal.framework/Versions/A/CoreServicesInternal
0x0000000038e4c000 	/System/Library/CoreServices/RawCamera.bundle/Contents/MacOS/RawCamera
0x0000000038e4c000 	/System/Library/Frameworks/Accelerate.framework/Versions/A/Frameworks/vImage.framework/Versions/A/Libraries/libCGInterfaces.dylib
0x0000000038e4c000 	/System/Library/Frameworks/ApplicationServices.framework/Versions/A/Frameworks/ATS.framework/Versions/A/Resources/libTrueTypeScaler.dylib
0x000000010ca08000 	/System/Library/Frameworks/OpenGL.framework/Resources/GLEngine.bundle/GLEngine
0x0000000038e4c000 	/System/Library/Frameworks/OpenGL.framework/Versions/A/Libraries/libGLProgrammability.dylib
0x000000010cbed000 	/System/Library/Extensions/AppleIntelHD5000GraphicsGLDriver.bundle/Contents/MacOS/AppleIntelHD5000GraphicsGLDriver
0x0000000038e4c000 	/System/Library/PrivateFrameworks/GPUSupport.framework/Versions/A/Libraries/libGPUSupportMercury.dylib
0x000000010bc0e000 	/System/Library/Frameworks/OpenGL.framework/Resources//GLRendererFloat.bundle/GLRendererFloat
0x0000000038e4c000 	/System/Library/Frameworks/OpenCL.framework/Versions/A/Libraries/libcldcpuengine.dylib
0x0000000038e4c000 	/usr/lib/libcrypto.0.9.8.dylib
0x0000000038e4c000 	/System/Library/PrivateFrameworks/TrustEvaluationAgent.framework/Versions/A/TrustEvaluationAgent
0x000000010bc42000 	/System/Library/Extensions/AppleIntelHD5000GraphicsMTLDriver.bundle/Contents/MacOS/AppleIntelHD5000GraphicsMTLDriver
0x0000000038e4c000 	/System/Library/PrivateFrameworks/FamilyControls.framework/Versions/A/FamilyControls
0x0000000038e4c000 	/System/Library/PrivateFrameworks/CommerceKit.framework/Versions/A/Frameworks/CommerceCore.framework/Versions/A/CommerceCore
0x0000000038e4c000 	/System/Library/PrivateFrameworks/SystemAdministration.framework/Versions/A/SystemAdministration
0x0000000038e4c000 	/System/Library/PrivateFrameworks/AppContainer.framework/Versions/A/AppContainer
0x0000000038e4c000 	/System/Library/PrivateFrameworks/SecCodeWrapper.framework/Versions/A/SecCodeWrapper
0x0000000038e4c000 	/System/Library/Frameworks/DirectoryService.framework/Versions/A/DirectoryService
0x0000000038e4c000 	/System/Library/PrivateFrameworks/DiskImages.framework/Versions/A/DiskImages
0x0000000038e4c000 	/System/Library/PrivateFrameworks/LoginUIKit.framework/Versions/A/Frameworks/LoginUICore.framework/Versions/A/LoginUICore
0x0000000038e4c000 	/usr/lib/libCoreStorage.dylib
0x0000000038e4c000 	/usr/lib/libcsfde.dylib
0x0000000038e4c000 	/usr/lib/libodfde.dylib
0x0000000038e4c000 	/System/Library/Frameworks/DiscRecording.framework/Versions/A/DiscRecording
0x0000000038e4c000 	/usr/lib/libcurl.4.dylib
0x0000000038e4c000 	/System/Library/PrivateFrameworks/MediaKit.framework/Versions/A/MediaKit
0x0000000038e4c000 	/System/Library/PrivateFrameworks/ProtectedCloudStorage.framework/Versions/A/ProtectedCloudStorage
0x0000000038e4c000 	/System/Library/PrivateFrameworks/EFILogin.framework/Versions/A/EFILogin
0x0000000038e4c000 	/usr/lib/libutil.dylib
0x0000000038e4c000 	/System/Library/Frameworks/LDAP.framework/Versions/A/LDAP
0x0000000038e4c000 	/usr/lib/libsasl2.2.dylib
0x0000000038e4c000 	/System/Library/PrivateFrameworks/CoreDaemon.framework/Versions/B/CoreDaemon
0x0000000038e4c000 	/System/Library/PrivateFrameworks/AppleSRP.framework/Versions/A/AppleSRP
0x0000000038e4c000 	/System/Library/PrivateFrameworks/APFS.framework/Versions/A/APFS
0x000000010efb9000 	/Library/Java/JavaVirtualMachines/jdk1.8.0_121.jdk/Contents/Home/jre/lib/libfontmanager.dylib
0x0000000038e4c000 	/System/Library/PrivateFrameworks/ViewBridge.framework/Versions/A/ViewBridge
0x0000000038e4c000 	/System/Library/PrivateFrameworks/XPCService.framework/Versions/A/XPCService
0x0000000038e4c000 	/System/Library/PrivateFrameworks/AppSandbox.framework/Versions/A/AppSandbox
0x0000000038e4c000 	/usr/lib/libsandbox.1.dylib
0x0000000038e4c000 	/usr/lib/libMatch.1.dylib
0x00000001103b4000 	/Library/Java/JavaVirtualMachines/jdk1.8.0_121.jdk/Contents/Home/jre/lib/libosxui.dylib
0x000000011ffab000 	/Library/Java/JavaVirtualMachines/jdk1.8.0_121.jdk/Contents/Home/jre/lib/libnet.dylib
0x0000000120023000 	/Library/Java/JavaVirtualMachines/jdk1.8.0_121.jdk/Contents/Home/jre/lib/libnio.dylib
0x00000001100c7000 	/private/var/folders/z5/dkh_k18x6bn8z6w6jj1k7pqm0000gn/T/jogamp_0000/file_cache/jln6665191083101740729/jln1546388652977426185/libgluegen-rt.jnilib
0x00000001885e1000 	/private/var/folders/z5/dkh_k18x6bn8z6w6jj1k7pqm0000gn/T/jogamp_0000/file_cache/jln6665191083101740729/jln1546388652977426185/libnativewindow_awt.jnilib
0x00000001885e4000 	/Library/Java/JavaVirtualMachines/jdk1.8.0_121.jdk/Contents/Home/jre/lib/libjawt.dylib
0x00000001885e7000 	/private/var/folders/z5/dkh_k18x6bn8z6w6jj1k7pqm0000gn/T/jogamp_0000/file_cache/jln6665191083101740729/jln1546388652977426185/libnativewindow_macosx.jnilib
0x0000000189f20000 	/private/var/folders/z5/dkh_k18x6bn8z6w6jj1k7pqm0000gn/T/jogamp_0000/file_cache/jln6665191083101740729/jln1546388652977426185/libjogl_desktop.jnilib
0x0000000038e4c000 	/System/Library/PrivateFrameworks/Shortcut.framework/Versions/A/Shortcut
0x0000000038e4c000 	/System/Library/PrivateFrameworks/HelpData.framework/Versions/A/HelpData

VM Arguments:
jvm_args: -Djava.security.policy=java.policy.applet -Dfile.encoding=MacRoman 
java_command: sun.applet.AppletViewer module1.HelloWorld1523340145940.html
java_class_path (initial): /Users/Mac/Documents/workspace/UCSDUnfoldingMaps/build:/Users/Mac/Documents/workspace/UCSDUnfoldingMaps/lib/core.jar:/Users/Mac/Documents/workspace/UCSDUnfoldingMaps/lib/gluegen-rt.jar:/Users/Mac/Documents/workspace/UCSDUnfoldingMaps/lib/jogl-all.jar:/Users/Mac/Documents/workspace/UCSDUnfoldingMaps/lib/log4j-1.2.15.jar:/Users/Mac/Documents/workspace/UCSDUnfoldingMaps/lib/sqlite-jdbc-3.7.2.jar:/Users/Mac/Documents/workspace/UCSDUnfoldingMaps/lib/json4processing.jar:/Users/Mac/Documents/workspace/UCSDUnfoldingMaps/lib/libTUIO.jar:/Users/Mac/Documents/workspace/UCSDUnfoldingMaps/lib/unfolding.0.9.7-uscd.jar
Launcher Type: SUN_STANDARD

Environment Variables:
PATH=/Library/Frameworks/Python.framework/Versions/3.6/bin:/usr/local/bin:/usr/bin:/bin:/usr/sbin:/sbin:/opt/X11/bin:/Library/Frameworks/Mono.framework/Versions/Current/Commands:/Library/TeX/texbin
SHELL=/bin/bash
DISPLAY=/private/tmp/com.apple.launchd.VT7wljJgRj/org.macosforge.xquartz:0

Signal Handlers:
SIGSEGV: [libjvm.dylib+0x5b1141], sa_mask[0]=11111111011111110111111111111111, sa_flags=SA_ONSTACK|SA_RESTART|SA_SIGINFO
SIGBUS: [libjvm.dylib+0x5b1141], sa_mask[0]=11111111011111110111111111111111, sa_flags=SA_RESTART|SA_SIGINFO
SIGFPE: [libjvm.dylib+0x487bc4], sa_mask[0]=11111111011111110111111111111111, sa_flags=SA_RESTART|SA_SIGINFO
SIGPIPE: [libjvm.dylib+0x487bc4], sa_mask[0]=11111111011111110111111111111111, sa_flags=SA_RESTART|SA_SIGINFO
SIGXFSZ: [libjvm.dylib+0x487bc4], sa_mask[0]=11111111011111110111111111111111, sa_flags=SA_RESTART|SA_SIGINFO
SIGILL: [libjvm.dylib+0x487bc4], sa_mask[0]=11111111011111110111111111111111, sa_flags=SA_RESTART|SA_SIGINFO
SIGUSR1: SIG_DFL, sa_mask[0]=11011111011111100000000111000110, sa_flags=none
SIGUSR2: [libjvm.dylib+0x4876e2], sa_mask[0]=00100000000000000000000000000000, sa_flags=SA_RESTART|SA_SIGINFO
SIGHUP: [libjvm.dylib+0x485cb9], sa_mask[0]=11111111011111110111111111111111, sa_flags=SA_RESTART|SA_SIGINFO
SIGINT: [libjvm.dylib+0x485cb9], sa_mask[0]=11111111011111110111111111111111, sa_flags=SA_RESTART|SA_SIGINFO
SIGTERM: [libjvm.dylib+0x485cb9], sa_mask[0]=11111111011111110111111111111111, sa_flags=SA_RESTART|SA_SIGINFO
SIGQUIT: [libjvm.dylib+0x485cb9], sa_mask[0]=11111111011111110111111111111111, sa_flags=SA_RESTART|SA_SIGINFO


---------------  S Y S T E M  ---------------

OS:Bsduname:Darwin 16.7.0 Darwin Kernel Version 16.7.0: Thu Jan 11 22:59:40 PST 2018; root:xnu-3789.73.8~1/RELEASE_X86_64 x86_64
rlimit: STACK 8192k, CORE 0k, NPROC 709, NOFILE 10240, AS infinity
load average:2.95 3.49 2.80

CPU:total 4 (2 cores per cpu, 2 threads per core) family 6 model 69 stepping 1, cmov, cx8, fxsr, mmx, sse, sse2, sse3, ssse3, sse4.1, sse4.2, popcnt, avx, avx2, aes, clmul, erms, lzcnt, ht, tsc, tscinvbit, bmi1, bmi2

Memory: 4k page, physical 4194304k(17952k free)

/proc/meminfo:


vm_info: Java HotSpot(TM) 64-Bit Server VM (25.121-b13) for bsd-amd64 JRE (1.8.0_121-b13), built on Dec 12 2016 20:39:32 by "java_re" with gcc 4.2.1 (Based on Apple Inc. build 5658) (LLVM build 2336.11.00)

time: Mon Apr  9 23:02:54 2018
elapsed time: 28 seconds (0d 0h 0m 28s)

