#
# A fatal error has been detected by the Java Runtime Environment:
#
#  SIGSEGV (0xb) at pc=0x00007fffd65ee05d, pid=10549, tid=0x0000000000000307
#
# JRE version: Java(TM) SE Runtime Environment (8.0_121-b13) (build 1.8.0_121-b13)
# Java VM: Java HotSpot(TM) 64-Bit Server VM (25.121-b13 mixed mode bsd-amd64 compressed oops)
# Problematic frame:
# C  [libobjc.A.dylib+0x705d]  objc_msgSend+0x1d
#
# Failed to write core dump. Core dumps have been disabled. To enable core dumping, try "ulimit -c unlimited" before starting Java again
#
# If you would like to submit a bug report, please visit:
#   http://bugreport.java.com/bugreport/crash.jsp
# The crash happened outside the Java Virtual Machine in native code.
# See problematic frame for where to report the bug.
#

---------------  T H R E A D  ---------------

Current thread (0x00007ff11b1a7000):  JavaThread "AWT-AppKit" daemon [_thread_in_native, id=775, stack(0x00007fff572c8000,0x00007fff57ac8000)]

siginfo: si_signo: 11 (SIGSEGV), si_code: 1 (SEGV_MAPERR), si_addr: 0x0000000000000018

Registers:
RAX=0x00007ff120836580, RBX=0x000000018cfdc450, RCX=0x00007ff11d600000, RDX=0x0000000000000000
RSP=0x00007fff57ac3148, RBP=0x00007fff57ac3200, RSI=0x00007fffbfe75116, RDI=0x00007ff120bbbd30
R8 =0x0000000000000018, R9 =0x00007ff11d600af0, R10=0x0000000000000000, R11=0x00007fffbfe75116
R12=0x0000000000000000, R13=0x000000018ecd3708, R14=0x000000018cfdc440, R15=0x00007ff11b1a7000
RIP=0x00007fffd65ee05d, EFLAGS=0x0000000000010246, ERR=0x0000000000000004
  TRAPNO=0x000000000000000e

Top of Stack: (sp=0x00007fff57ac3148)
0x00007fff57ac3148:   000000018cfda157 00007fff57ac31a0
0x00007fff57ac3158:   0000000000000003 00007fff57ac3180
0x00007fff57ac3168:   0000000108bf2c62 000000018ecd3708
0x00007fff57ac3178:   000000018ecd3708 00007ff120836580
0x00007fff57ac3188:   000000018cfdc6a0 000000018cfdc710
0x00007fff57ac3198:   00007fffdc6546d0 00007fffdd2841e0
0x00007fff57ac31a8:   000000018cfdc450 000000018cfdc690
0x00007fff57ac31b8:   00007ff120836580 00007ff120bbbd30
0x00007fff57ac31c8:   00007ff11af3cb20 00007ff120836580
0x00007fff57ac31d8:   00007ff120bbbd30 00007fff57ac3288
0x00007fff57ac31e8:   00007ff11b1a71f8 000000018ecd3708
0x00007fff57ac31f8:   00007fff57ac32b0 00007fff57ac3278
0x00007fff57ac3208:   000000010c76a9f4 000000018ecd3708
0x00007fff57ac3218:   00007fff57ac32b0 00007fff57ac3278
0x00007fff57ac3228:   000000010c76a787 000000010c76a742
0x00007fff57ac3238:   00007fff57ac3238 000000018ecd3708
0x00007fff57ac3248:   00007fff57ac32b0 000000018ecd4eb8
0x00007fff57ac3258:   0000000000000000 000000018ecd3708
0x00007fff57ac3268:   0000000000000000 00007fff57ac3298
0x00007fff57ac3278:   00007fff57ac32f8 000000010c75b2bd
0x00007fff57ac3288:   0000000780e27a10 000000010c764538
0x00007fff57ac3298:   00007ff120836580 00007fff57ac32f8
0x00007fff57ac32a8:   00007ff120bbbd30 000000010c765e02
0x00007fff57ac32b8:   00007fff57ac32b8 000000018ecd38d2
0x00007fff57ac32c8:   00007fff57ac3320 000000018ecd4eb8
0x00007fff57ac32d8:   0000000000000000 000000018ecd38e0
0x00007fff57ac32e8:   00007fff57ac3298 00007fff57ac3308
0x00007fff57ac32f8:   00007fff57ac3368 000000010c75b2bd
0x00007fff57ac3308:   00007ff120836580 0000000780de7738
0x00007fff57ac3318:   00007ff120bbbd30 0000000780de7738
0x00007fff57ac3328:   00007fff57ac3328 000000019498cafe
0x00007fff57ac3338:   00007fff57ac3378 000000019498cbb8 

Instructions: (pc=0x00007fffd65ee05d)
0x00007fffd65ee03d:   0f 1f 00 48 85 ff 2e 74 62 40 f6 c7 01 2e 75 66
0x00007fffd65ee04d:   49 ba f8 ff ff ff ff 7f 00 00 4c 23 17 49 89 f3
0x00007fffd65ee05d:   45 23 5a 18 49 c1 e3 04 4d 03 5a 10 49 3b 33 75
0x00007fffd65ee06d:   04 41 ff 63 08 49 83 3b 01 76 0d 49 83 c3 10 49 

Register to memory mapping:

RAX=0x00007ff120836580 is an unknown value
RBX=0x000000018cfdc450: Java_jogamp_nativewindow_macosx_OSXUtil_GetScreenRefreshRate0+0x1cf0 in /private/var/folders/z5/dkh_k18x6bn8z6w6jj1k7pqm0000gn/T/jogamp_0000/file_cache/jln4553437297969565920/jln8398290896323848596/libnativewindow_macosx.jnilib at 0x000000018cfd5000
RCX=0x00007ff11d600000 is an unknown value
RDX=0x0000000000000000 is an unknown value
RSP=0x00007fff57ac3148 is pointing into the stack for thread: 0x00007ff11b1a7000
RBP=0x00007fff57ac3200 is pointing into the stack for thread: 0x00007ff11b1a7000
RSI=0x00007fffbfe75116: __NSStyleNameIndexTable+0x7fd5e in /System/Library/Frameworks/AppKit.framework/Versions/C/AppKit at 0x00007fffbf208000
RDI=0x00007ff120bbbd30 is an unknown value
R8 =0x0000000000000018 is an unknown value
R9 =0x00007ff11d600af0 is an unknown value
R10=0x0000000000000000 is an unknown value
R11=0x00007fffbfe75116: __NSStyleNameIndexTable+0x7fd5e in /System/Library/Frameworks/AppKit.framework/Versions/C/AppKit at 0x00007fffbf208000
R12=0x0000000000000000 is an unknown value
R13={method} {0x000000018ecd3708} 'UnsetJAWTRootSurfaceLayer0' '(JJ)V' in 'jogamp/nativewindow/jawt/macosx/MacOSXJAWTWindow'
R14=0x000000018cfdc440: Java_jogamp_nativewindow_macosx_OSXUtil_GetScreenRefreshRate0+0x1ce0 in /private/var/folders/z5/dkh_k18x6bn8z6w6jj1k7pqm0000gn/T/jogamp_0000/file_cache/jln4553437297969565920/jln8398290896323848596/libnativewindow_macosx.jnilib at 0x000000018cfd5000
R15=0x00007ff11b1a7000 is a thread


Stack: [0x00007fff572c8000,0x00007fff57ac8000],  sp=0x00007fff57ac3148,  free space=8172k
Native frames: (J=compiled Java code, j=interpreted, Vv=VM code, C=native code)
C  [libobjc.A.dylib+0x705d]  objc_msgSend+0x1d
j  jogamp.nativewindow.jawt.macosx.MacOSXJAWTWindow.UnsetJAWTRootSurfaceLayer0(JJ)V+0
j  jogamp.nativewindow.jawt.macosx.MacOSXJAWTWindow.access$200(JJ)V+2
j  jogamp.nativewindow.jawt.macosx.MacOSXJAWTWindow$1.run()V+38
J 2601 C1 com.jogamp.common.util.RunnableTask.run()V (345 bytes) @ 0x000000010cfa3934 [0x000000010cfa37a0+0x194]
v  ~StubRoutines::call_stub
V  [libjvm.dylib+0x2ed9d6]
V  [libjvm.dylib+0x324b65]
V  [libjvm.dylib+0x317333]
C  [libnativewindow_macosx.jnilib+0x5326]  Java_jogamp_nativewindow_jawt_macosx_MacOSXJAWTWindow_UnsetJAWTRootSurfaceLayer0+0x2b6
C  [Foundation+0x7152a]  __NSThreadPerformPerform+0x146
C  [CoreFoundation+0xa7321]  __CFRUNLOOP_IS_CALLING_OUT_TO_A_SOURCE0_PERFORM_FUNCTION__+0x11
C  [CoreFoundation+0x88197]  __CFRunLoopDoSources0+0x1a7
C  [CoreFoundation+0x87716]  __CFRunLoopRun+0x3a6
C  [CoreFoundation+0x87114]  CFRunLoopRunSpecific+0x1a4
C  [HIToolbox+0x30ebc]  RunCurrentEventLoopInMode+0xf0
C  [HIToolbox+0x30bf9]  ReceiveNextEventCommon+0xb8
C  [HIToolbox+0x30b26]  _BlockUntilNextEventMatchingListInModeWithFilter+0x47
C  [AppKit+0x46a54]  _DPSNextEvent+0x460
C  [AppKit+0x7c27ee]  -[NSApplication(NSEvent) _nextEventMatchingEventMask:untilDate:inMode:dequeue:]+0xaec
C  [libosxapp.dylib+0x23aa]  -[NSApplicationAWT nextEventMatchingMask:untilDate:inMode:dequeue:]+0x7c
C  [AppKit+0x3b3db]  -[NSApplication run]+0x39e
C  [libosxapp.dylib+0x214d]  +[NSApplicationAWT runAWTLoopWithApp:]+0x9c
C  [libawt_lwawt.dylib+0x45ff7]  -[AWTStarter starter:]+0x389
C  [Foundation+0x7152a]  __NSThreadPerformPerform+0x146
C  [CoreFoundation+0xa7321]  __CFRUNLOOP_IS_CALLING_OUT_TO_A_SOURCE0_PERFORM_FUNCTION__+0x11
C  [CoreFoundation+0x8821d]  __CFRunLoopDoSources0+0x22d
C  [CoreFoundation+0x87716]  __CFRunLoopRun+0x3a6
C  [CoreFoundation+0x87114]  CFRunLoopRunSpecific+0x1a4
C  [java+0x6465]  CreateExecutionEnvironment+0x367
C  [java+0x218c]  JLI_Launch+0x7a0
C  [java+0x84c2]  main+0x65
C  [java+0x19e4]  start+0x34
C  0x0000000000000007

Java frames: (J=compiled Java code, j=interpreted, Vv=VM code)
j  jogamp.nativewindow.jawt.macosx.MacOSXJAWTWindow.UnsetJAWTRootSurfaceLayer0(JJ)V+0
j  jogamp.nativewindow.jawt.macosx.MacOSXJAWTWindow.access$200(JJ)V+2
j  jogamp.nativewindow.jawt.macosx.MacOSXJAWTWindow$1.run()V+38
J 2601 C1 com.jogamp.common.util.RunnableTask.run()V (345 bytes) @ 0x000000010cfa3934 [0x000000010cfa37a0+0x194]
v  ~StubRoutines::call_stub

---------------  P R O C E S S  ---------------

Java Threads: ( => current thread )
  0x00007ff11c583000 JavaThread "Thread-133" [_thread_blocked, id=73379, stack(0x0000700006399000,0x0000700006499000)]
  0x00007ff121105000 JavaThread "Image Fetcher 3" daemon [_thread_blocked, id=74003, stack(0x0000700006bb1000,0x0000700006cb1000)]
  0x00007ff11cb6d000 JavaThread "Image Fetcher 2" daemon [_thread_blocked, id=13623, stack(0x0000700006aae000,0x0000700006bae000)]
  0x00007ff11c361000 JavaThread "Image Fetcher 1" daemon [_thread_blocked, id=72327, stack(0x00007000069ab000,0x0000700006aab000)]
  0x00007ff11bfe9800 JavaThread "Image Fetcher 0" daemon [_thread_blocked, id=4867, stack(0x00007000068a8000,0x00007000069a8000)]
  0x00007ff12116f800 JavaThread "Keep-Alive-Timer" daemon [_thread_blocked, id=75027, stack(0x00007000067a5000,0x00007000068a5000)]
  0x00007ff11b2db000 JavaThread "Animation Thread" [_thread_blocked, id=67307, stack(0x000070000608d000,0x000070000618d000)]
  0x00007ff11b356000 JavaThread "AWT-EventQueue-1" [_thread_in_native, id=68135, stack(0x0000700006190000,0x0000700006290000)]
  0x00007ff11b9d4000 JavaThread "DestroyJavaVM" [_thread_blocked, id=7171, stack(0x0000700004bcb000,0x0000700004ccb000)]
  0x00007ff11c8c7000 JavaThread "AWT-EventQueue-0" [_thread_blocked, id=65555, stack(0x0000700005f8a000,0x000070000608a000)]
  0x00007ff11c93a000 JavaThread "Java2D Disposer" daemon [_thread_blocked, id=62987, stack(0x0000700005d01000,0x0000700005e01000)]
  0x00007ff11b221000 JavaThread "Java2D Queue Flusher" daemon [_thread_blocked, id=53255, stack(0x0000700005bfe000,0x0000700005cfe000)]
  0x00007ff11b1bd800 JavaThread "AWT-Shutdown" [_thread_blocked, id=29471, stack(0x0000700005a78000,0x0000700005b78000)]
=>0x00007ff11b1a7000 JavaThread "AWT-AppKit" daemon [_thread_in_native, id=775, stack(0x00007fff572c8000,0x00007fff57ac8000)]
  0x00007ff11c030000 JavaThread "Service Thread" daemon [_thread_blocked, id=18691, stack(0x00007000057ef000,0x00007000058ef000)]
  0x00007ff11c003000 JavaThread "C1 CompilerThread2" daemon [_thread_blocked, id=18179, stack(0x00007000056ec000,0x00007000057ec000)]
  0x00007ff11b05a800 JavaThread "C2 CompilerThread1" daemon [_thread_blocked, id=17667, stack(0x00007000055e9000,0x00007000056e9000)]
  0x00007ff11b01b000 JavaThread "C2 CompilerThread0" daemon [_thread_blocked, id=17155, stack(0x00007000054e6000,0x00007000055e6000)]
  0x00007ff11c00f800 JavaThread "Signal Dispatcher" daemon [_thread_blocked, id=16643, stack(0x00007000053e3000,0x00007000054e3000)]
  0x00007ff11b823000 JavaThread "Finalizer" daemon [_thread_blocked, id=12547, stack(0x00007000052e0000,0x00007000053e0000)]
  0x00007ff11b033800 JavaThread "Reference Handler" daemon [_thread_blocked, id=12035, stack(0x00007000051dd000,0x00007000052dd000)]

Other Threads:
  0x00007ff11b003800 VMThread [stack: 0x00007000050da000,0x00007000051da000] [id=11523]
  0x00007ff11b826800 WatcherThread [stack: 0x00007000058f2000,0x00007000059f2000] [id=19203]

VM state:not at safepoint (normal execution)

VM Mutex/Monitor currently owned by a thread: None

Heap:
 PSYoungGen      total 97792K, used 60677K [0x00000007aab00000, 0x00000007b1f00000, 0x00000007c0000000)
  eden space 82944K, 55% used [0x00000007aab00000,0x00000007ad7eb160,0x00000007afc00000)
  from space 14848K, 98% used [0x00000007aff00000,0x00000007b0d563c0,0x00000007b0d80000)
  to   space 17920K, 0% used [0x00000007b0d80000,0x00000007b0d80000,0x00000007b1f00000)
 ParOldGen       total 46592K, used 22574K [0x0000000780000000, 0x0000000782d80000, 0x00000007aab00000)
  object space 46592K, 48% used [0x0000000780000000,0x000000078160b870,0x0000000782d80000)
 Metaspace       used 22116K, capacity 22427K, committed 22704K, reserved 1069056K
  class space    used 2136K, capacity 2236K, committed 2304K, reserved 1048576K

Card table byte_map: [0x0000000109d73000,0x0000000109f74000] byte_map_base: 0x0000000106173000

Marking Bits: (ParMarkBitMap*) 0x00000001092f0d30
 Begin Bits: [0x000000010a0ca000, 0x000000010b0ca000)
 End Bits:   [0x000000010b0ca000, 0x000000010c0ca000)

Polling page: 0x00000001081f8000

CodeCache: size=245760Kb used=10631Kb max_used=10653Kb free=235128Kb
 bounds [0x000000010c753000, 0x000000010d233000, 0x000000011b753000]
 total_blobs=3884 nmethods=2983 adapters=814
 compilation: enabled

Compilation events (10 events):
Event: 68.212 Thread 0x00007ff11c003000 3588   !   3       sun.awt.AWTAutoShutdown::getPeer (43 bytes)
Event: 68.212 Thread 0x00007ff11c003000 nmethod 3588 0x000000010cf92f90 code [0x000000010cf93120, 0x000000010cf93688]
Event: 68.896 Thread 0x00007ff11c003000 3589       3       java.util.HashMap::put (13 bytes)
Event: 68.897 Thread 0x00007ff11c003000 nmethod 3589 0x000000010cbd5990 code [0x000000010cbd5b20, 0x000000010cbd5ed8]
Event: 68.897 Thread 0x00007ff11c003000 3590       1       sun.java2d.SurfaceData::isValid (5 bytes)
Event: 68.897 Thread 0x00007ff11c003000 nmethod 3590 0x000000010d17f0d0 code [0x000000010d17f220, 0x000000010d17f330]
Event: 68.920 Thread 0x00007ff11c003000 3591       3       sun.java2d.SunGraphics2D::setColor (108 bytes)
Event: 68.920 Thread 0x00007ff11b05a800 3592       4       java.util.concurrent.locks.ReentrantLock::lock (8 bytes)
Event: 68.921 Thread 0x00007ff11c003000 nmethod 3591 0x000000010cbd5210 code [0x000000010cbd53a0, 0x000000010cbd58d8]
Event: 68.922 Thread 0x00007ff11b05a800 nmethod 3592 0x000000010ce2de10 code [0x000000010ce2df60, 0x000000010ce2e048]

GC Heap History (10 events):
Event: 34.894 GC heap before
{Heap before GC invocations=10 (full 1):
 PSYoungGen      total 87040K, used 77704K [0x00000007aab00000, 0x00000007b0d80000, 0x00000007c0000000)
  eden space 77312K, 100% used [0x00000007aab00000,0x00000007af680000,0x00000007af680000)
  from space 9728K, 4% used [0x00000007b0400000,0x00000007b0462030,0x00000007b0d80000)
  to   space 11776K, 0% used [0x00000007af680000,0x00000007af680000,0x00000007b0200000)
 ParOldGen       total 46592K, used 15629K [0x0000000780000000, 0x0000000782d80000, 0x00000007aab00000)
  object space 46592K, 33% used [0x0000000780000000,0x0000000780f436c0,0x0000000782d80000)
 Metaspace       used 21714K, capacity 21947K, committed 22192K, reserved 1069056K
  class space    used 2127K, capacity 2204K, committed 2304K, reserved 1048576K
Event: 34.897 GC heap after
Heap after GC invocations=10 (full 1):
 PSYoungGen      total 89088K, used 440K [0x00000007aab00000, 0x00000007b1f00000, 0x00000007c0000000)
  eden space 77312K, 0% used [0x00000007aab00000,0x00000007aab00000,0x00000007af680000)
  from space 11776K, 3% used [0x00000007af680000,0x00000007af6ee020,0x00000007b0200000)
  to   space 11776K, 0% used [0x00000007b1380000,0x00000007b1380000,0x00000007b1f00000)
 ParOldGen       total 46592K, used 15637K [0x0000000780000000, 0x0000000782d80000, 0x00000007aab00000)
  object space 46592K, 33% used [0x0000000780000000,0x0000000780f456c0,0x0000000782d80000)
 Metaspace       used 21714K, capacity 21947K, committed 22192K, reserved 1069056K
  class space    used 2127K, capacity 2204K, committed 2304K, reserved 1048576K
}
Event: 47.746 GC heap before
{Heap before GC invocations=11 (full 1):
 PSYoungGen      total 89088K, used 77752K [0x00000007aab00000, 0x00000007b1f00000, 0x00000007c0000000)
  eden space 77312K, 100% used [0x00000007aab00000,0x00000007af680000,0x00000007af680000)
  from space 11776K, 3% used [0x00000007af680000,0x00000007af6ee020,0x00000007b0200000)
  to   space 11776K, 0% used [0x00000007b1380000,0x00000007b1380000,0x00000007b1f00000)
 ParOldGen       total 46592K, used 15637K [0x0000000780000000, 0x0000000782d80000, 0x00000007aab00000)
  object space 46592K, 33% used [0x0000000780000000,0x0000000780f456c0,0x0000000782d80000)
 Metaspace       used 21731K, capacity 21947K, committed 22192K, reserved 1069056K
  class space    used 2127K, capacity 2204K, committed 2304K, reserved 1048576K
Event: 47.748 GC heap after
Heap after GC invocations=11 (full 1):
 PSYoungGen      total 101888K, used 440K [0x00000007aab00000, 0x00000007b1c80000, 0x00000007c0000000)
  eden space 92672K, 0% used [0x00000007aab00000,0x00000007aab00000,0x00000007b0580000)
  from space 9216K, 4% used [0x00000007b1380000,0x00000007b13ee020,0x00000007b1c80000)
  to   space 11776K, 0% used [0x00000007b0580000,0x00000007b0580000,0x00000007b1100000)
 ParOldGen       total 46592K, used 15645K [0x0000000780000000, 0x0000000782d80000, 0x00000007aab00000)
  object space 46592K, 33% used [0x0000000780000000,0x0000000780f476c0,0x0000000782d80000)
 Metaspace       used 21731K, capacity 21947K, committed 22192K, reserved 1069056K
  class space    used 2127K, capacity 2204K, committed 2304K, reserved 1048576K
}
Event: 55.663 GC heap before
{Heap before GC invocations=12 (full 1):
 PSYoungGen      total 101888K, used 93112K [0x00000007aab00000, 0x00000007b1c80000, 0x00000007c0000000)
  eden space 92672K, 100% used [0x00000007aab00000,0x00000007b0580000,0x00000007b0580000)
  from space 9216K, 4% used [0x00000007b1380000,0x00000007b13ee020,0x00000007b1c80000)
  to   space 11776K, 0% used [0x00000007b0580000,0x00000007b0580000,0x00000007b1100000)
 ParOldGen       total 46592K, used 15645K [0x0000000780000000, 0x0000000782d80000, 0x00000007aab00000)
  object space 46592K, 33% used [0x0000000780000000,0x0000000780f476c0,0x0000000782d80000)
 Metaspace       used 21836K, capacity 22075K, committed 22448K, reserved 1069056K
  class space    used 2128K, capacity 2204K, committed 2304K, reserved 1048576K
Event: 55.674 GC heap after
Heap after GC invocations=12 (full 1):
 PSYoungGen      total 97792K, used 8312K [0x00000007aab00000, 0x00000007b1b00000, 0x00000007c0000000)
  eden space 89088K, 0% used [0x00000007aab00000,0x00000007aab00000,0x00000007b0200000)
  from space 8704K, 95% used [0x00000007b0580000,0x00000007b0d9e250,0x00000007b0e00000)
  to   space 12800K, 0% used [0x00000007b0e80000,0x00000007b0e80000,0x00000007b1b00000)
 ParOldGen       total 46592K, used 15645K [0x0000000780000000, 0x0000000782d80000, 0x00000007aab00000)
  object space 46592K, 33% used [0x0000000780000000,0x0000000780f476c0,0x0000000782d80000)
 Metaspace       used 21836K, capacity 22075K, committed 22448K, reserved 1069056K
  class space    used 2128K, capacity 2204K, committed 2304K, reserved 1048576K
}
Event: 61.146 GC heap before
{Heap before GC invocations=13 (full 1):
 PSYoungGen      total 97792K, used 97400K [0x00000007aab00000, 0x00000007b1b00000, 0x00000007c0000000)
  eden space 89088K, 100% used [0x00000007aab00000,0x00000007b0200000,0x00000007b0200000)
  from space 8704K, 95% used [0x00000007b0580000,0x00000007b0d9e250,0x00000007b0e00000)
  to   space 12800K, 0% used [0x00000007b0e80000,0x00000007b0e80000,0x00000007b1b00000)
 ParOldGen       total 46592K, used 15645K [0x0000000780000000, 0x0000000782d80000, 0x00000007aab00000)
  object space 46592K, 33% used [0x0000000780000000,0x0000000780f476c0,0x0000000782d80000)
 Metaspace       used 21927K, capacity 22139K, committed 22448K, reserved 1069056K
  class space    used 2128K, capacity 2204K, committed 2304K, reserved 1048576K
Event: 61.158 GC heap after
Heap after GC invocations=13 (full 1):
 PSYoungGen      total 98816K, used 12760K [0x00000007aab00000, 0x00000007b1c00000, 0x00000007c0000000)
  eden space 86016K, 0% used [0x00000007aab00000,0x00000007aab00000,0x00000007aff00000)
  from space 12800K, 99% used [0x00000007b0e80000,0x00000007b1af6330,0x00000007b1b00000)
  to   space 14848K, 0% used [0x00000007aff00000,0x00000007aff00000,0x00000007b0d80000)
 ParOldGen       total 46592K, used 16677K [0x0000000780000000, 0x0000000782d80000, 0x00000007aab00000)
  object space 46592K, 35% used [0x0000000780000000,0x0000000781049700,0x0000000782d80000)
 Metaspace       used 21927K, capacity 22139K, committed 22448K, reserved 1069056K
  class space    used 2128K, capacity 2204K, committed 2304K, reserved 1048576K
}
Event: 66.646 GC heap before
{Heap before GC invocations=14 (full 1):
 PSYoungGen      total 98816K, used 98776K [0x00000007aab00000, 0x00000007b1c00000, 0x00000007c0000000)
  eden space 86016K, 100% used [0x00000007aab00000,0x00000007aff00000,0x00000007aff00000)
  from space 12800K, 99% used [0x00000007b0e80000,0x00000007b1af6330,0x00000007b1b00000)
  to   space 14848K, 0% used [0x00000007aff00000,0x00000007aff00000,0x00000007b0d80000)
 ParOldGen       total 46592K, used 16677K [0x0000000780000000, 0x0000000782d80000, 0x00000007aab00000)
  object space 46592K, 35% used [0x0000000780000000,0x0000000781049700,0x0000000782d80000)
 Metaspace       used 22020K, capacity 22203K, committed 22448K, reserved 1069056K
  class space    used 2128K, capacity 2204K, committed 2304K, reserved 1048576K
Event: 66.657 GC heap after
Heap after GC invocations=14 (full 1):
 PSYoungGen      total 97792K, used 14680K [0x00000007aab00000, 0x00000007b1f00000, 0x00000007c0000000)
  eden space 82944K, 0% used [0x00000007aab00000,0x00000007aab00000,0x00000007afc00000)
  from space 14848K, 98% used [0x00000007aff00000,0x00000007b0d563c0,0x00000007b0d80000)
  to   space 17920K, 0% used [0x00000007b0d80000,0x00000007b0d80000,0x00000007b1f00000)
 ParOldGen       total 46592K, used 22574K [0x0000000780000000, 0x0000000782d80000, 0x00000007aab00000)
  object space 46592K, 48% used [0x0000000780000000,0x000000078160b870,0x0000000782d80000)
 Metaspace       used 22020K, capacity 22203K, committed 22448K, reserved 1069056K
  class space    used 2128K, capacity 2204K, committed 2304K, reserved 1048576K
}

Deoptimization events (10 events):
Event: 68.880 Thread 0x00007ff11c8c7000 Uncommon trap: reason=unstable_if action=reinterpret pc=0x000000010cc46298 method=java.awt.EventQueue.getPriority(Ljava/awt/AWTEvent;)I @ 71
Event: 68.880 Thread 0x00007ff11b356000 Uncommon trap: reason=unstable_if action=reinterpret pc=0x000000010ce1ab68 method=com.jogamp.common.util.VersionNumber.compareTo(Lcom/jogamp/common/util/VersionNumber;)I @ 21
Event: 68.880 Thread 0x00007ff11c8c7000 Uncommon trap: reason=unstable_if action=reinterpret pc=0x000000010cc021f8 method=sun.lwawt.LWContainerPeer.cutChildren(Lsun/java2d/pipe/Region;Lsun/lwawt/LWComponentPeer;)Lsun/java2d/pipe/Region; @ 67
Event: 68.880 Thread 0x00007ff11c8c7000 Uncommon trap: reason=unstable_if action=reinterpret pc=0x000000010cd01f2c method=sun.java2d.SunGraphics2D.validateCompClip()V @ 9
Event: 68.881 Thread 0x00007ff11b356000 Uncommon trap: reason=unstable_if action=reinterpret pc=0x000000010c8b7a48 method=java.awt.EventQueue.uncacheEQItem(Lsun/awt/EventQueueItem;)V @ 23
Event: 68.884 Thread 0x00007ff11c8c7000 Uncommon trap: reason=unstable_if action=reinterpret pc=0x000000010d1ab890 method=sun.java2d.pipe.Region.intersectsQuickCheck(Lsun/java2d/pipe/Region;)Z @ 41
Event: 68.884 Thread 0x00007ff11c8c7000 Uncommon trap: reason=unstable_if action=reinterpret pc=0x000000010cde9314 method=java.awt.Font.equals(Ljava/lang/Object;)Z @ 2
Event: 68.895 Thread 0x00007ff11b276000 Uncommon trap: reason=unstable_if action=reinterpret pc=0x000000010cc8f5a8 method=java.util.HashMap.putVal(ILjava/lang/Object;Ljava/lang/Object;ZZ)Ljava/lang/Object; @ 81
Event: 68.895 Thread 0x00007ff11b276000 Uncommon trap: reason=unstable_if action=reinterpret pc=0x000000010cbf63f4 method=java.util.HashMap.putVal(ILjava/lang/Object;Ljava/lang/Object;ZZ)Ljava/lang/Object; @ 81
Event: 68.917 Thread 0x00007ff11b356000 Uncommon trap: reason=unstable_if action=reinterpret pc=0x000000010d08c3a0 method=java.security.AccessControlContext.optimize()Ljava/security/AccessControlContext; @ 233

Internal exceptions (10 events):
Event: 0.743 Thread 0x00007ff11c800800 Exception <a 'java/lang/NoSuchFieldError': method resolution failed> (0x00000007aacc89d8) thrown at [/Users/java_re/workspace/8-2-build-macosx-x86_64/jdk8u121/8372/hotspot/src/share/vm/prims/methodHandles.cpp, line 1146]
Event: 0.747 Thread 0x00007ff11c800800 Exception <a 'java/lang/NoSuchFieldError': method resolution failed> (0x00000007aacd61a8) thrown at [/Users/java_re/workspace/8-2-build-macosx-x86_64/jdk8u121/8372/hotspot/src/share/vm/prims/methodHandles.cpp, line 1146]
Event: 1.080 Thread 0x00007ff11c800800 Exception <a 'java/io/FileNotFoundException'> (0x00000007aad52d98) thrown at [/Users/java_re/workspace/8-2-build-macosx-x86_64/jdk8u121/8372/hotspot/src/share/vm/prims/jni.cpp, line 709]
Event: 1.081 Thread 0x00007ff11c800800 Exception <a 'java/io/FileNotFoundException'> (0x00000007aad538e8) thrown at [/Users/java_re/workspace/8-2-build-macosx-x86_64/jdk8u121/8372/hotspot/src/share/vm/prims/jni.cpp, line 709]
Event: 1.545 Thread 0x00007ff11c800800 Exception <a 'java/io/FileNotFoundException'> (0x00000007aae8c378) thrown at [/Users/java_re/workspace/8-2-build-macosx-x86_64/jdk8u121/8372/hotspot/src/share/vm/prims/jni.cpp, line 709]
Event: 5.900 Thread 0x00007ff11b823000 Exception <a 'java/lang/NullPointerException'> (0x00000007aab8a080) thrown at [/Users/java_re/workspace/8-2-build-macosx-x86_64/jdk8u121/8372/hotspot/src/share/vm/interpreter/linkResolver.cpp, line 1178]
Event: 6.112 Thread 0x00007ff11b2db000 Exception <a 'java/lang/UnsatisfiedLinkError': com.jogamp.common.util.JarUtil.fixNativeLibAttribs(Ljava/lang/String;)Z> (0x00000007aaf7c7b8) thrown at [/Users/java_re/workspace/8-2-build-macosx-x86_64/jdk8u121/8372/hotspot/src/share/vm/prims/nativeLookup.
Event: 7.733 Thread 0x00007ff11b356000 Exception <a 'java/io/FileNotFoundException'> (0x00000007ab154658) thrown at [/Users/java_re/workspace/8-2-build-macosx-x86_64/jdk8u121/8372/hotspot/src/share/vm/prims/jni.cpp, line 709]
Event: 7.733 Thread 0x00007ff11b356000 Exception <a 'java/io/FileNotFoundException'> (0x00000007ab15a830) thrown at [/Users/java_re/workspace/8-2-build-macosx-x86_64/jdk8u121/8372/hotspot/src/share/vm/prims/jni.cpp, line 709]
Event: 7.733 Thread 0x00007ff11b356000 Implicit null exception at 0x000000010c9151f6 to 0x000000010c9155c5

Events (10 events):
Event: 68.918 loading class java/awt/event/AWTEventListenerProxy done
Event: 68.918 Executing VM operation: Deoptimize
Event: 68.918 Executing VM operation: Deoptimize done
Event: 68.919 loading class java/awt/Toolkit$ToolkitEventMulticaster
Event: 68.919 loading class java/awt/Toolkit$ToolkitEventMulticaster done
Event: 68.919 Executing VM operation: RevokeBias
Event: 68.919 Executing VM operation: RevokeBias done
Event: 68.920 Thread 0x00007ff11b276000 Thread exited: 0x00007ff11b276000
Event: 68.920 loading class java/awt/Window$1DisposeAction
Event: 68.920 loading class java/awt/Window$1DisposeAction done


Dynamic libraries:
0x000000004c357000 	/System/Library/Frameworks/Cocoa.framework/Versions/A/Cocoa
0x000000004c357000 	/System/Library/Frameworks/Security.framework/Versions/A/Security
0x000000004c357000 	/System/Library/Frameworks/ApplicationServices.framework/Versions/A/ApplicationServices
0x000000004c357000 	/usr/lib/libz.1.dylib
0x000000004c357000 	/usr/lib/libSystem.B.dylib
0x000000004c357000 	/usr/lib/libobjc.A.dylib
0x000000004c357000 	/System/Library/Frameworks/CoreFoundation.framework/Versions/A/CoreFoundation
0x000000004c357000 	/System/Library/Frameworks/Foundation.framework/Versions/C/Foundation
0x000000004c357000 	/System/Library/Frameworks/AppKit.framework/Versions/C/AppKit
0x000000004c357000 	/System/Library/Frameworks/CoreData.framework/Versions/A/CoreData
0x000000004c357000 	/System/Library/PrivateFrameworks/RemoteViewServices.framework/Versions/A/RemoteViewServices
0x000000004c357000 	/System/Library/PrivateFrameworks/UIFoundation.framework/Versions/A/UIFoundation
0x000000004c357000 	/System/Library/PrivateFrameworks/DFRFoundation.framework/Versions/A/DFRFoundation
0x000000004c357000 	/usr/lib/libenergytrace.dylib
0x000000004c357000 	/System/Library/PrivateFrameworks/SkyLight.framework/Versions/A/SkyLight
0x000000004c357000 	/System/Library/Frameworks/CoreGraphics.framework/Versions/A/CoreGraphics
0x000000004c357000 	/usr/lib/libScreenReader.dylib
0x000000004c357000 	/System/Library/Frameworks/Accelerate.framework/Versions/A/Accelerate
0x000000004c357000 	/System/Library/Frameworks/IOSurface.framework/Versions/A/IOSurface
0x000000004c357000 	/System/Library/Frameworks/AudioToolbox.framework/Versions/A/AudioToolbox
0x000000004c357000 	/System/Library/Frameworks/AudioUnit.framework/Versions/A/AudioUnit
0x000000004c357000 	/System/Library/PrivateFrameworks/DataDetectorsCore.framework/Versions/A/DataDetectorsCore
0x000000004c357000 	/System/Library/PrivateFrameworks/DesktopServicesPriv.framework/Versions/A/DesktopServicesPriv
0x000000004c357000 	/System/Library/Frameworks/Carbon.framework/Versions/A/Frameworks/HIToolbox.framework/Versions/A/HIToolbox
0x000000004c357000 	/usr/lib/libicucore.A.dylib
0x000000004c357000 	/System/Library/Frameworks/QuartzCore.framework/Versions/A/QuartzCore
0x000000004c357000 	/System/Library/Frameworks/Carbon.framework/Versions/A/Frameworks/SpeechRecognition.framework/Versions/A/SpeechRecognition
0x000000004c357000 	/usr/lib/libauto.dylib
0x000000004c357000 	/usr/lib/libxml2.2.dylib
0x000000004c357000 	/System/Library/PrivateFrameworks/CoreUI.framework/Versions/A/CoreUI
0x000000004c357000 	/System/Library/Frameworks/CoreAudio.framework/Versions/A/CoreAudio
0x000000004c357000 	/System/Library/Frameworks/DiskArbitration.framework/Versions/A/DiskArbitration
0x000000004c357000 	/usr/lib/liblangid.dylib
0x000000004c357000 	/System/Library/PrivateFrameworks/MultitouchSupport.framework/Versions/A/MultitouchSupport
0x000000004c357000 	/System/Library/Frameworks/IOKit.framework/Versions/A/IOKit
0x000000004c357000 	/usr/lib/libDiagnosticMessagesClient.dylib
0x000000004c357000 	/System/Library/Frameworks/CoreServices.framework/Versions/A/CoreServices
0x000000004c357000 	/System/Library/PrivateFrameworks/PerformanceAnalysis.framework/Versions/A/PerformanceAnalysis
0x000000004c357000 	/System/Library/PrivateFrameworks/GenerationalStorage.framework/Versions/A/GenerationalStorage
0x000000004c357000 	/System/Library/Frameworks/OpenGL.framework/Versions/A/OpenGL
0x000000004c357000 	/System/Library/Frameworks/CoreImage.framework/Versions/A/CoreImage
0x000000004c357000 	/System/Library/Frameworks/CoreText.framework/Versions/A/CoreText
0x000000004c357000 	/System/Library/Frameworks/ImageIO.framework/Versions/A/ImageIO
0x000000004c357000 	/System/Library/PrivateFrameworks/Backup.framework/Versions/A/Backup
0x000000004c357000 	/usr/lib/libarchive.2.dylib
0x000000004c357000 	/System/Library/Frameworks/CFNetwork.framework/Versions/A/CFNetwork
0x000000004c357000 	/System/Library/Frameworks/SystemConfiguration.framework/Versions/A/SystemConfiguration
0x000000004c357000 	/usr/lib/libCRFSuite.dylib
0x000000004c357000 	/usr/lib/libc++.1.dylib
0x000000004c357000 	/usr/lib/libc++abi.dylib
0x000000004c357000 	/usr/lib/system/libcache.dylib
0x000000004c357000 	/usr/lib/system/libcommonCrypto.dylib
0x000000004c357000 	/usr/lib/system/libcompiler_rt.dylib
0x000000004c357000 	/usr/lib/system/libcopyfile.dylib
0x000000004c357000 	/usr/lib/system/libcorecrypto.dylib
0x000000004c357000 	/usr/lib/system/libdispatch.dylib
0x000000004c357000 	/usr/lib/system/libdyld.dylib
0x000000004c357000 	/usr/lib/system/libkeymgr.dylib
0x000000004c357000 	/usr/lib/system/liblaunch.dylib
0x000000004c357000 	/usr/lib/system/libmacho.dylib
0x000000004c357000 	/usr/lib/system/libquarantine.dylib
0x000000004c357000 	/usr/lib/system/libremovefile.dylib
0x000000004c357000 	/usr/lib/system/libsystem_asl.dylib
0x000000004c357000 	/usr/lib/system/libsystem_blocks.dylib
0x000000004c357000 	/usr/lib/system/libsystem_c.dylib
0x000000004c357000 	/usr/lib/system/libsystem_configuration.dylib
0x000000004c357000 	/usr/lib/system/libsystem_coreservices.dylib
0x000000004c357000 	/usr/lib/system/libsystem_coretls.dylib
0x000000004c357000 	/usr/lib/system/libsystem_dnssd.dylib
0x000000004c357000 	/usr/lib/system/libsystem_info.dylib
0x000000004c357000 	/usr/lib/system/libsystem_kernel.dylib
0x000000004c357000 	/usr/lib/system/libsystem_m.dylib
0x000000004c357000 	/usr/lib/system/libsystem_malloc.dylib
0x000000004c357000 	/usr/lib/system/libsystem_network.dylib
0x000000004c357000 	/usr/lib/system/libsystem_networkextension.dylib
0x000000004c357000 	/usr/lib/system/libsystem_notify.dylib
0x000000004c357000 	/usr/lib/system/libsystem_platform.dylib
0x000000004c357000 	/usr/lib/system/libsystem_pthread.dylib
0x000000004c357000 	/usr/lib/system/libsystem_sandbox.dylib
0x000000004c357000 	/usr/lib/system/libsystem_secinit.dylib
0x000000004c357000 	/usr/lib/system/libsystem_symptoms.dylib
0x000000004c357000 	/usr/lib/system/libsystem_trace.dylib
0x000000004c357000 	/usr/lib/system/libunwind.dylib
0x000000004c357000 	/usr/lib/system/libxpc.dylib
0x000000004c357000 	/usr/lib/libbsm.0.dylib
0x000000004c357000 	/usr/lib/system/libkxld.dylib
0x000000004c357000 	/usr/lib/libcoretls.dylib
0x000000004c357000 	/usr/lib/libcoretls_cfhelpers.dylib
0x000000004c357000 	/usr/lib/libOpenScriptingUtil.dylib
0x000000004c357000 	/usr/lib/libpam.2.dylib
0x000000004c357000 	/usr/lib/libsqlite3.dylib
0x000000004c357000 	/usr/lib/libxar.1.dylib
0x000000004c357000 	/usr/lib/libbz2.1.0.dylib
0x000000004c357000 	/usr/lib/liblzma.5.dylib
0x000000004c357000 	/usr/lib/libnetwork.dylib
0x000000004c357000 	/usr/lib/libpcap.A.dylib
0x000000004c357000 	/System/Library/Frameworks/CoreServices.framework/Versions/A/Frameworks/FSEvents.framework/Versions/A/FSEvents
0x000000004c357000 	/System/Library/Frameworks/CoreServices.framework/Versions/A/Frameworks/CarbonCore.framework/Versions/A/CarbonCore
0x000000004c357000 	/System/Library/Frameworks/CoreServices.framework/Versions/A/Frameworks/Metadata.framework/Versions/A/Metadata
0x000000004c357000 	/System/Library/Frameworks/CoreServices.framework/Versions/A/Frameworks/OSServices.framework/Versions/A/OSServices
0x000000004c357000 	/System/Library/Frameworks/CoreServices.framework/Versions/A/Frameworks/SearchKit.framework/Versions/A/SearchKit
0x000000004c357000 	/System/Library/Frameworks/CoreServices.framework/Versions/A/Frameworks/AE.framework/Versions/A/AE
0x000000004c357000 	/System/Library/Frameworks/CoreServices.framework/Versions/A/Frameworks/LaunchServices.framework/Versions/A/LaunchServices
0x000000004c357000 	/System/Library/Frameworks/CoreServices.framework/Versions/A/Frameworks/DictionaryServices.framework/Versions/A/DictionaryServices
0x000000004c357000 	/System/Library/Frameworks/CoreServices.framework/Versions/A/Frameworks/SharedFileList.framework/Versions/A/SharedFileList
0x000000004c357000 	/System/Library/Frameworks/NetFS.framework/Versions/A/NetFS
0x000000004c357000 	/System/Library/PrivateFrameworks/NetAuth.framework/Versions/A/NetAuth
0x000000004c357000 	/System/Library/PrivateFrameworks/login.framework/Versions/A/Frameworks/loginsupport.framework/Versions/A/loginsupport
0x000000004c357000 	/System/Library/PrivateFrameworks/TCC.framework/Versions/A/TCC
0x000000004c357000 	/usr/lib/libmecabra.dylib
0x000000004c357000 	/System/Library/Frameworks/ApplicationServices.framework/Versions/A/Frameworks/ATS.framework/Versions/A/ATS
0x000000004c357000 	/System/Library/Frameworks/ApplicationServices.framework/Versions/A/Frameworks/ColorSync.framework/Versions/A/ColorSync
0x000000004c357000 	/System/Library/Frameworks/ApplicationServices.framework/Versions/A/Frameworks/HIServices.framework/Versions/A/HIServices
0x000000004c357000 	/System/Library/Frameworks/ApplicationServices.framework/Versions/A/Frameworks/LangAnalysis.framework/Versions/A/LangAnalysis
0x000000004c357000 	/System/Library/Frameworks/ApplicationServices.framework/Versions/A/Frameworks/PrintCore.framework/Versions/A/PrintCore
0x000000004c357000 	/System/Library/Frameworks/ApplicationServices.framework/Versions/A/Frameworks/QD.framework/Versions/A/QD
0x000000004c357000 	/System/Library/Frameworks/ApplicationServices.framework/Versions/A/Frameworks/SpeechSynthesis.framework/Versions/A/SpeechSynthesis
0x000000004c357000 	/System/Library/Frameworks/Accelerate.framework/Versions/A/Frameworks/vImage.framework/Versions/A/vImage
0x000000004c357000 	/System/Library/Frameworks/Accelerate.framework/Versions/A/Frameworks/vecLib.framework/Versions/A/vecLib
0x000000004c357000 	/System/Library/Frameworks/Accelerate.framework/Versions/A/Frameworks/vecLib.framework/Versions/A/libvDSP.dylib
0x000000004c357000 	/System/Library/Frameworks/Accelerate.framework/Versions/A/Frameworks/vecLib.framework/Versions/A/libBNNS.dylib
0x000000004c357000 	/System/Library/Frameworks/Accelerate.framework/Versions/A/Frameworks/vecLib.framework/Versions/A/libQuadrature.dylib
0x000000004c357000 	/System/Library/Frameworks/Accelerate.framework/Versions/A/Frameworks/vecLib.framework/Versions/A/libvMisc.dylib
0x000000004c357000 	/System/Library/Frameworks/Accelerate.framework/Versions/A/Frameworks/vecLib.framework/Versions/A/libLAPACK.dylib
0x000000004c357000 	/System/Library/Frameworks/Accelerate.framework/Versions/A/Frameworks/vecLib.framework/Versions/A/libBLAS.dylib
0x000000004c357000 	/System/Library/Frameworks/Accelerate.framework/Versions/A/Frameworks/vecLib.framework/Versions/A/libLinearAlgebra.dylib
0x000000004c357000 	/System/Library/Frameworks/Accelerate.framework/Versions/A/Frameworks/vecLib.framework/Versions/A/libSparseBLAS.dylib
0x000000004c357000 	/System/Library/Frameworks/ApplicationServices.framework/Versions/A/Frameworks/ATS.framework/Versions/A/Resources/libFontParser.dylib
0x000000004c357000 	/System/Library/Frameworks/ApplicationServices.framework/Versions/A/Frameworks/ATS.framework/Versions/A/Resources/libFontRegistry.dylib
0x000000004c357000 	/System/Library/Frameworks/ImageIO.framework/Versions/A/Resources/libJPEG.dylib
0x000000004c357000 	/System/Library/Frameworks/ImageIO.framework/Versions/A/Resources/libTIFF.dylib
0x000000004c357000 	/System/Library/Frameworks/ImageIO.framework/Versions/A/Resources/libPng.dylib
0x000000004c357000 	/System/Library/Frameworks/ImageIO.framework/Versions/A/Resources/libGIF.dylib
0x000000004c357000 	/System/Library/Frameworks/ImageIO.framework/Versions/A/Resources/libJP2.dylib
0x000000004c357000 	/System/Library/Frameworks/ImageIO.framework/Versions/A/Resources/libRadiance.dylib
0x000000004c357000 	/usr/lib/libcompression.dylib
0x000000004c357000 	/System/Library/PrivateFrameworks/AppleJPEG.framework/Versions/A/AppleJPEG
0x000000004c357000 	/usr/lib/libcups.2.dylib
0x000000004c357000 	/System/Library/Frameworks/Kerberos.framework/Versions/A/Kerberos
0x000000004c357000 	/System/Library/Frameworks/GSS.framework/Versions/A/GSS
0x000000004c357000 	/usr/lib/libresolv.9.dylib
0x000000004c357000 	/usr/lib/libiconv.2.dylib
0x000000004c357000 	/System/Library/PrivateFrameworks/Heimdal.framework/Versions/A/Heimdal
0x000000004c357000 	/usr/lib/libheimdal-asn1.dylib
0x000000004c357000 	/System/Library/Frameworks/OpenDirectory.framework/Versions/A/OpenDirectory
0x000000004c357000 	/System/Library/PrivateFrameworks/CommonAuth.framework/Versions/A/CommonAuth
0x000000004c357000 	/System/Library/Frameworks/OpenDirectory.framework/Versions/A/Frameworks/CFOpenDirectory.framework/Versions/A/CFOpenDirectory
0x000000004c357000 	/System/Library/Frameworks/SecurityFoundation.framework/Versions/A/SecurityFoundation
0x000000004c357000 	/System/Library/PrivateFrameworks/LanguageModeling.framework/Versions/A/LanguageModeling
0x000000004c357000 	/usr/lib/libmarisa.dylib
0x000000004c357000 	/usr/lib/libChineseTokenizer.dylib
0x000000004c357000 	/usr/lib/libcmph.dylib
0x000000004c357000 	/System/Library/PrivateFrameworks/CoreEmoji.framework/Versions/A/CoreEmoji
0x000000004c357000 	/System/Library/Frameworks/ServiceManagement.framework/Versions/A/ServiceManagement
0x000000004c357000 	/usr/lib/libxslt.1.dylib
0x000000004c357000 	/System/Library/Frameworks/Carbon.framework/Versions/A/Frameworks/Ink.framework/Versions/A/Ink
0x000000004c357000 	/System/Library/PrivateFrameworks/TextureIO.framework/Versions/A/TextureIO
0x000000004c357000 	/System/Library/Frameworks/Metal.framework/Versions/A/Metal
0x000000004c357000 	/usr/lib/libate.dylib
0x000000004c357000 	/System/Library/PrivateFrameworks/GPUCompiler.framework/libmetal_timestamp.dylib
0x000000004c357000 	/System/Library/Frameworks/OpenGL.framework/Versions/A/Libraries/libCoreFSCache.dylib
0x000000004c357000 	/System/Library/PrivateFrameworks/IOAccelerator.framework/Versions/A/IOAccelerator
0x000000004c357000 	/System/Library/Frameworks/CoreVideo.framework/Versions/A/CoreVideo
0x000000004c357000 	/usr/lib/libFosl_dynamic.dylib
0x000000004c357000 	/System/Library/PrivateFrameworks/MetalPerformanceShaders.framework/Versions/A/MetalPerformanceShaders
0x000000004c357000 	/System/Library/PrivateFrameworks/FaceCore.framework/Versions/A/FaceCore
0x000000004c357000 	/System/Library/Frameworks/OpenCL.framework/Versions/A/OpenCL
0x000000004c357000 	/System/Library/Frameworks/OpenGL.framework/Versions/A/Libraries/libGLU.dylib
0x000000004c357000 	/System/Library/Frameworks/OpenGL.framework/Versions/A/Libraries/libGFXShared.dylib
0x000000004c357000 	/System/Library/Frameworks/OpenGL.framework/Versions/A/Libraries/libGL.dylib
0x000000004c357000 	/System/Library/Frameworks/OpenGL.framework/Versions/A/Libraries/libGLImage.dylib
0x000000004c357000 	/System/Library/Frameworks/OpenGL.framework/Versions/A/Libraries/libCVMSPluginSupport.dylib
0x000000004c357000 	/System/Library/Frameworks/OpenGL.framework/Versions/A/Libraries/libCoreVMClient.dylib
0x000000004c357000 	/System/Library/PrivateFrameworks/CrashReporterSupport.framework/Versions/A/CrashReporterSupport
0x000000004c357000 	/System/Library/PrivateFrameworks/Sharing.framework/Versions/A/Sharing
0x000000004c357000 	/System/Library/PrivateFrameworks/IconServices.framework/Versions/A/IconServices
0x000000004c357000 	/System/Library/PrivateFrameworks/ProtocolBuffer.framework/Versions/A/ProtocolBuffer
0x000000004c357000 	/System/Library/PrivateFrameworks/Apple80211.framework/Versions/A/Apple80211
0x000000004c357000 	/System/Library/Frameworks/CoreWLAN.framework/Versions/A/CoreWLAN
0x000000004c357000 	/System/Library/PrivateFrameworks/CoreUtils.framework/Versions/A/CoreUtils
0x000000004c357000 	/System/Library/Frameworks/IOBluetooth.framework/Versions/A/IOBluetooth
0x000000004c357000 	/System/Library/PrivateFrameworks/CoreWiFi.framework/Versions/A/CoreWiFi
0x000000004c357000 	/System/Library/Frameworks/CoreBluetooth.framework/Versions/A/CoreBluetooth
0x000000004c357000 	/System/Library/Frameworks/CoreDisplay.framework/Versions/A/CoreDisplay
0x000000004c357000 	/System/Library/PrivateFrameworks/IOPresentment.framework/Versions/A/IOPresentment
0x000000004c357000 	/System/Library/PrivateFrameworks/DSExternalDisplay.framework/Versions/A/DSExternalDisplay
0x000000004c357000 	/System/Library/PrivateFrameworks/DebugSymbols.framework/Versions/A/DebugSymbols
0x000000004c357000 	/System/Library/PrivateFrameworks/CoreSymbolication.framework/Versions/A/CoreSymbolication
0x000000004c357000 	/System/Library/PrivateFrameworks/Symbolication.framework/Versions/A/Symbolication
0x000000004c357000 	/System/Library/PrivateFrameworks/AppleFSCompression.framework/Versions/A/AppleFSCompression
0x000000004c357000 	/System/Library/PrivateFrameworks/SpeechRecognitionCore.framework/Versions/A/SpeechRecognitionCore
0x000000004c357000 	/System/Library/PrivateFrameworks/ChunkingLibrary.framework/Versions/A/ChunkingLibrary
0x0000000108a00000 	/Library/Java/JavaVirtualMachines/jdk1.8.0_121.jdk/Contents/Home/jre/lib/server/libjvm.dylib
0x000000004c357000 	/usr/lib/libstdc++.6.dylib
0x00000001081b5000 	/Library/Java/JavaVirtualMachines/jdk1.8.0_121.jdk/Contents/Home/jre/lib/libverify.dylib
0x00000001081c3000 	/Library/Java/JavaVirtualMachines/jdk1.8.0_121.jdk/Contents/Home/jre/lib/libjava.dylib
0x00000001099aa000 	/Library/Java/JavaVirtualMachines/jdk1.8.0_121.jdk/Contents/Home/jre/lib/libzip.dylib
0x000000010c6ad000 	/System/Library/Frameworks/JavaVM.framework/Frameworks/JavaRuntimeSupport.framework/JavaRuntimeSupport
0x000000011ce53000 	/System/Library/Frameworks/JavaVM.framework/Versions/A/Frameworks/JavaNativeFoundation.framework/Versions/A/JavaNativeFoundation
0x000000011ce68000 	/System/Library/Frameworks/JavaVM.framework/Versions/A/JavaVM
0x000000004c357000 	/System/Library/Frameworks/Carbon.framework/Versions/A/Carbon
0x000000011ce75000 	/System/Library/PrivateFrameworks/JavaLaunching.framework/Versions/A/JavaLaunching
0x000000004c357000 	/System/Library/Frameworks/Carbon.framework/Versions/A/Frameworks/CommonPanels.framework/Versions/A/CommonPanels
0x000000004c357000 	/System/Library/Frameworks/Carbon.framework/Versions/A/Frameworks/Help.framework/Versions/A/Help
0x000000004c357000 	/System/Library/Frameworks/Carbon.framework/Versions/A/Frameworks/ImageCapture.framework/Versions/A/ImageCapture
0x000000004c357000 	/System/Library/Frameworks/Carbon.framework/Versions/A/Frameworks/OpenScripting.framework/Versions/A/OpenScripting
0x000000004c357000 	/System/Library/Frameworks/Carbon.framework/Versions/A/Frameworks/Print.framework/Versions/A/Print
0x000000004c357000 	/System/Library/Frameworks/Carbon.framework/Versions/A/Frameworks/SecurityHI.framework/Versions/A/SecurityHI
0x000000011e785000 	/Library/Java/JavaVirtualMachines/jdk1.8.0_121.jdk/Contents/Home/jre/lib/libawt.dylib
0x000000011e82d000 	/Library/Java/JavaVirtualMachines/jdk1.8.0_121.jdk/Contents/Home/jre/lib/./libmlib_image.dylib
0x000000011e8f9000 	/Library/Java/JavaVirtualMachines/jdk1.8.0_121.jdk/Contents/Home/jre/lib/libawt_lwawt.dylib
0x000000011e9b0000 	/Library/Java/JavaVirtualMachines/jdk1.8.0_121.jdk/Contents/Home/jre/lib/./libosxapp.dylib
0x000000004c357000 	/System/Library/Frameworks/ExceptionHandling.framework/Versions/A/ExceptionHandling
0x000000004c357000 	/System/Library/PrivateFrameworks/CoreServicesInternal.framework/Versions/A/CoreServicesInternal
0x000000004c357000 	/System/Library/CoreServices/RawCamera.bundle/Contents/MacOS/RawCamera
0x000000004c357000 	/System/Library/Frameworks/Accelerate.framework/Versions/A/Frameworks/vImage.framework/Versions/A/Libraries/libCGInterfaces.dylib
0x000000004c357000 	/System/Library/Frameworks/ApplicationServices.framework/Versions/A/Frameworks/ATS.framework/Versions/A/Resources/libTrueTypeScaler.dylib
0x00000001204d6000 	/System/Library/Frameworks/OpenGL.framework/Resources/GLEngine.bundle/GLEngine
0x000000004c357000 	/System/Library/Frameworks/OpenGL.framework/Versions/A/Libraries/libGLProgrammability.dylib
0x00000001206bb000 	/System/Library/Extensions/AppleIntelHD5000GraphicsGLDriver.bundle/Contents/MacOS/AppleIntelHD5000GraphicsGLDriver
0x000000004c357000 	/System/Library/PrivateFrameworks/GPUSupport.framework/Versions/A/Libraries/libGPUSupportMercury.dylib
0x0000000120e29000 	/System/Library/Frameworks/OpenGL.framework/Resources//GLRendererFloat.bundle/GLRendererFloat
0x000000004c357000 	/System/Library/Frameworks/OpenCL.framework/Versions/A/Libraries/libcldcpuengine.dylib
0x000000004c357000 	/usr/lib/libcrypto.0.9.8.dylib
0x000000004c357000 	/System/Library/PrivateFrameworks/TrustEvaluationAgent.framework/Versions/A/TrustEvaluationAgent
0x0000000120e5d000 	/System/Library/Extensions/AppleIntelHD5000GraphicsMTLDriver.bundle/Contents/MacOS/AppleIntelHD5000GraphicsMTLDriver
0x000000004c357000 	/System/Library/PrivateFrameworks/FamilyControls.framework/Versions/A/FamilyControls
0x000000004c357000 	/System/Library/PrivateFrameworks/CommerceKit.framework/Versions/A/Frameworks/CommerceCore.framework/Versions/A/CommerceCore
0x000000004c357000 	/System/Library/PrivateFrameworks/SystemAdministration.framework/Versions/A/SystemAdministration
0x000000004c357000 	/System/Library/PrivateFrameworks/AppContainer.framework/Versions/A/AppContainer
0x000000004c357000 	/System/Library/PrivateFrameworks/SecCodeWrapper.framework/Versions/A/SecCodeWrapper
0x000000004c357000 	/System/Library/Frameworks/DirectoryService.framework/Versions/A/DirectoryService
0x000000004c357000 	/System/Library/PrivateFrameworks/DiskImages.framework/Versions/A/DiskImages
0x000000004c357000 	/System/Library/PrivateFrameworks/LoginUIKit.framework/Versions/A/Frameworks/LoginUICore.framework/Versions/A/LoginUICore
0x000000004c357000 	/usr/lib/libCoreStorage.dylib
0x000000004c357000 	/usr/lib/libcsfde.dylib
0x000000004c357000 	/usr/lib/libodfde.dylib
0x000000004c357000 	/System/Library/Frameworks/DiscRecording.framework/Versions/A/DiscRecording
0x000000004c357000 	/usr/lib/libcurl.4.dylib
0x000000004c357000 	/System/Library/PrivateFrameworks/MediaKit.framework/Versions/A/MediaKit
0x000000004c357000 	/System/Library/PrivateFrameworks/ProtectedCloudStorage.framework/Versions/A/ProtectedCloudStorage
0x000000004c357000 	/System/Library/PrivateFrameworks/EFILogin.framework/Versions/A/EFILogin
0x000000004c357000 	/usr/lib/libutil.dylib
0x000000004c357000 	/System/Library/Frameworks/LDAP.framework/Versions/A/LDAP
0x000000004c357000 	/usr/lib/libsasl2.2.dylib
0x000000004c357000 	/System/Library/PrivateFrameworks/CoreDaemon.framework/Versions/B/CoreDaemon
0x000000004c357000 	/System/Library/PrivateFrameworks/AppleSRP.framework/Versions/A/AppleSRP
0x000000004c357000 	/System/Library/PrivateFrameworks/APFS.framework/Versions/A/APFS
0x000000004c357000 	/System/Library/PrivateFrameworks/ViewBridge.framework/Versions/A/ViewBridge
0x000000004c357000 	/System/Library/PrivateFrameworks/XPCService.framework/Versions/A/XPCService
0x000000004c357000 	/System/Library/PrivateFrameworks/AppSandbox.framework/Versions/A/AppSandbox
0x000000004c357000 	/usr/lib/libsandbox.1.dylib
0x000000004c357000 	/usr/lib/libMatch.1.dylib
0x0000000122a57000 	/Library/Java/JavaVirtualMachines/jdk1.8.0_121.jdk/Contents/Home/jre/lib/libfontmanager.dylib
0x0000000123e52000 	/Library/Java/JavaVirtualMachines/jdk1.8.0_121.jdk/Contents/Home/jre/lib/libosxui.dylib
0x0000000124a0f000 	/Library/Java/JavaVirtualMachines/jdk1.8.0_121.jdk/Contents/Home/jre/lib/libnet.dylib
0x0000000124a26000 	/Library/Java/JavaVirtualMachines/jdk1.8.0_121.jdk/Contents/Home/jre/lib/libnio.dylib
0x0000000123b63000 	/private/var/folders/z5/dkh_k18x6bn8z6w6jj1k7pqm0000gn/T/jogamp_0000/file_cache/jln4553437297969565920/jln8398290896323848596/libgluegen-rt.jnilib
0x000000018cfcf000 	/private/var/folders/z5/dkh_k18x6bn8z6w6jj1k7pqm0000gn/T/jogamp_0000/file_cache/jln4553437297969565920/jln8398290896323848596/libnativewindow_awt.jnilib
0x000000018cfd2000 	/Library/Java/JavaVirtualMachines/jdk1.8.0_121.jdk/Contents/Home/jre/lib/libjawt.dylib
0x000000018cfd5000 	/private/var/folders/z5/dkh_k18x6bn8z6w6jj1k7pqm0000gn/T/jogamp_0000/file_cache/jln4553437297969565920/jln8398290896323848596/libnativewindow_macosx.jnilib
0x000000018ede6000 	/private/var/folders/z5/dkh_k18x6bn8z6w6jj1k7pqm0000gn/T/jogamp_0000/file_cache/jln4553437297969565920/jln8398290896323848596/libjogl_desktop.jnilib
0x00000001200a1000 	/Library/Java/JavaVirtualMachines/jdk1.8.0_121.jdk/Contents/Home/jre/lib/libt2k.dylib

VM Arguments:
jvm_args: -Djava.security.policy=java.policy.applet -Dfile.encoding=MacRoman 
java_command: sun.applet.AppletViewer module6.EarthquakeCityMap1523913094270.html
java_class_path (initial): /Users/Mac/Documents/workspace/UCSDUnfoldingMaps/build:/Users/Mac/Documents/workspace/UCSDUnfoldingMaps/lib/core.jar:/Users/Mac/Documents/workspace/UCSDUnfoldingMaps/lib/gluegen-rt.jar:/Users/Mac/Documents/workspace/UCSDUnfoldingMaps/lib/jogl-all.jar:/Users/Mac/Documents/workspace/UCSDUnfoldingMaps/lib/log4j-1.2.15.jar:/Users/Mac/Documents/workspace/UCSDUnfoldingMaps/lib/sqlite-jdbc-3.7.2.jar:/Users/Mac/Documents/workspace/UCSDUnfoldingMaps/lib/json4processing.jar:/Users/Mac/Documents/workspace/UCSDUnfoldingMaps/lib/libTUIO.jar:/Users/Mac/Documents/workspace/UCSDUnfoldingMaps/lib/unfolding.0.9.7-uscd.jar
Launcher Type: SUN_STANDARD

Environment Variables:
PATH=/Library/Frameworks/Python.framework/Versions/3.6/bin:/usr/local/bin:/usr/bin:/bin:/usr/sbin:/sbin:/opt/X11/bin:/Library/Frameworks/Mono.framework/Versions/Current/Commands:/Library/TeX/texbin
SHELL=/bin/bash
DISPLAY=/private/tmp/com.apple.launchd.BfoSnAz3r8/org.macosforge.xquartz:0

Signal Handlers:
SIGSEGV: [libjvm.dylib+0x5b1141], sa_mask[0]=11111111011111110111111111111111, sa_flags=SA_ONSTACK|SA_RESTART|SA_SIGINFO
SIGBUS: [libjvm.dylib+0x5b1141], sa_mask[0]=11111111011111110111111111111111, sa_flags=SA_RESTART|SA_SIGINFO
SIGFPE: [libjvm.dylib+0x487bc4], sa_mask[0]=11111111011111110111111111111111, sa_flags=SA_RESTART|SA_SIGINFO
SIGPIPE: [libjvm.dylib+0x487bc4], sa_mask[0]=11111111011111110111111111111111, sa_flags=SA_RESTART|SA_SIGINFO
SIGXFSZ: [libjvm.dylib+0x487bc4], sa_mask[0]=11111111011111110111111111111111, sa_flags=SA_RESTART|SA_SIGINFO
SIGILL: [libjvm.dylib+0x487bc4], sa_mask[0]=11111111011111110111111111111111, sa_flags=SA_RESTART|SA_SIGINFO
SIGUSR1: SIG_DFL, sa_mask[0]=11011111011111100000000111000110, sa_flags=none
SIGUSR2: [libjvm.dylib+0x4876e2], sa_mask[0]=00100000000000000000000000000000, sa_flags=SA_RESTART|SA_SIGINFO
SIGHUP: [libjvm.dylib+0x485cb9], sa_mask[0]=11111111011111110111111111111111, sa_flags=SA_RESTART|SA_SIGINFO
SIGINT: [libjvm.dylib+0x485cb9], sa_mask[0]=11111111011111110111111111111111, sa_flags=SA_RESTART|SA_SIGINFO
SIGTERM: [libjvm.dylib+0x485cb9], sa_mask[0]=11111111011111110111111111111111, sa_flags=SA_RESTART|SA_SIGINFO
SIGQUIT: [libjvm.dylib+0x485cb9], sa_mask[0]=11111111011111110111111111111111, sa_flags=SA_RESTART|SA_SIGINFO


---------------  S Y S T E M  ---------------

OS:Bsduname:Darwin 16.7.0 Darwin Kernel Version 16.7.0: Thu Jan 11 22:59:40 PST 2018; root:xnu-3789.73.8~1/RELEASE_X86_64 x86_64
rlimit: STACK 8192k, CORE 0k, NPROC 709, NOFILE 10240, AS infinity
load average:6.12 4.35 4.13

CPU:total 4 (2 cores per cpu, 2 threads per core) family 6 model 69 stepping 1, cmov, cx8, fxsr, mmx, sse, sse2, sse3, ssse3, sse4.1, sse4.2, popcnt, avx, avx2, aes, clmul, erms, lzcnt, ht, tsc, tscinvbit, bmi1, bmi2

Memory: 4k page, physical 4194304k(168748k free)

/proc/meminfo:


vm_info: Java HotSpot(TM) 64-Bit Server VM (25.121-b13) for bsd-amd64 JRE (1.8.0_121-b13), built on Dec 12 2016 20:39:32 by "java_re" with gcc 4.2.1 (Based on Apple Inc. build 5658) (LLVM build 2336.11.00)

time: Mon Apr 16 14:12:43 2018
elapsed time: 68 seconds (0d 0h 1m 8s)

