#
# A fatal error has been detected by the Java Runtime Environment:
#
#  SIGSEGV (0xb) at pc=0x00007fffd65ee05d, pid=6141, tid=0x0000000000000307
#
# JRE version: Java(TM) SE Runtime Environment (8.0_121-b13) (build 1.8.0_121-b13)
# Java VM: Java HotSpot(TM) 64-Bit Server VM (25.121-b13 mixed mode bsd-amd64 compressed oops)
# Problematic frame:
# C  [libobjc.A.dylib+0x705d]  objc_msgSend+0x1d
#
# Failed to write core dump. Core dumps have been disabled. To enable core dumping, try "ulimit -c unlimited" before starting Java again
#
# If you would like to submit a bug report, please visit:
#   http://bugreport.java.com/bugreport/crash.jsp
# The crash happened outside the Java Virtual Machine in native code.
# See problematic frame for where to report the bug.
#

---------------  T H R E A D  ---------------

Current thread (0x00007f92250c0000):  JavaThread "AWT-AppKit" daemon [_thread_in_native, id=775, stack(0x00007fff5e163000,0x00007fff5e963000)]

siginfo: si_signo: 11 (SIGSEGV), si_code: 1 (SEGV_MAPERR), si_addr: 0x0000000000000018

Registers:
RAX=0x00007f922980d8a0, RBX=0x0000000186198450, RCX=0x00007f9226501260, RDX=0x0000000000000000
RSP=0x00007fff5e95e148, RBP=0x00007fff5e95e200, RSI=0x00007fffbfe75116, RDI=0x00007f9229b72440
R8 =0x0000000000000018, R9 =0x00007f92265000d0, R10=0x0000000000000000, R11=0x00007fffbfe75116
R12=0x0000000000000000, R13=0x0000000187f7ab70, R14=0x0000000186198440, R15=0x00007f92250c0000
RIP=0x00007fffd65ee05d, EFLAGS=0x0000000000010246, ERR=0x0000000000000004
  TRAPNO=0x000000000000000e

Top of Stack: (sp=0x00007fff5e95e148)
0x00007fff5e95e148:   0000000186196157 00007fff5e95e1a0
0x00007fff5e95e158:   0000000000000003 00007fff5e95e180
0x00007fff5e95e168:   0000000101df2c62 0000000187f7ab70
0x00007fff5e95e178:   0000000187f7ab70 00007f922980d8a0
0x00007fff5e95e188:   00000001861986a0 0000000186198710
0x00007fff5e95e198:   00007fffdc6546d0 00007fffdd2841e0
0x00007fff5e95e1a8:   0000000186198450 0000000186198690
0x00007fff5e95e1b8:   00007f922980d8a0 00007f9229b72440
0x00007fff5e95e1c8:   00007f9223c505b0 00007f922980d8a0
0x00007fff5e95e1d8:   00007f9229b72440 00007fff5e95e288
0x00007fff5e95e1e8:   00007f92250c01f8 0000000187f7ab70
0x00007fff5e95e1f8:   00007fff5e95e2b0 00007fff5e95e278
0x00007fff5e95e208:   0000000109e4b9f4 0000000187f7ab70
0x00007fff5e95e218:   00007fff5e95e2b0 00007fff5e95e278
0x00007fff5e95e228:   0000000109e4b787 0000000109e4b742
0x00007fff5e95e238:   00007fff5e95e238 0000000187f7ab70
0x00007fff5e95e248:   00007fff5e95e2b0 0000000187f7d7a8
0x00007fff5e95e258:   0000000000000000 0000000187f7ab70
0x00007fff5e95e268:   0000000000000000 00007fff5e95e298
0x00007fff5e95e278:   00007fff5e95e2f8 0000000109e3c2bd
0x00007fff5e95e288:   000000078030c648 0000000109e45538
0x00007fff5e95e298:   00007f922980d8a0 00007fff5e95e2f8
0x00007fff5e95e2a8:   00007f9229b72440 0000000109e46e02
0x00007fff5e95e2b8:   00007fff5e95e2b8 0000000187f7ad3a
0x00007fff5e95e2c8:   00007fff5e95e320 0000000187f7d7a8
0x00007fff5e95e2d8:   0000000000000000 0000000187f7ad48
0x00007fff5e95e2e8:   00007fff5e95e298 00007fff5e95e308
0x00007fff5e95e2f8:   00007fff5e95e368 0000000109e3c2bd
0x00007fff5e95e308:   00007f922980d8a0 00000007806bd9d0
0x00007fff5e95e318:   00007f9229b72440 00000007806bd9d0
0x00007fff5e95e328:   00007fff5e95e328 000000018b0995fe
0x00007fff5e95e338:   00007fff5e95e378 000000018b0996b8 

Instructions: (pc=0x00007fffd65ee05d)
0x00007fffd65ee03d:   0f 1f 00 48 85 ff 2e 74 62 40 f6 c7 01 2e 75 66
0x00007fffd65ee04d:   49 ba f8 ff ff ff ff 7f 00 00 4c 23 17 49 89 f3
0x00007fffd65ee05d:   45 23 5a 18 49 c1 e3 04 4d 03 5a 10 49 3b 33 75
0x00007fffd65ee06d:   04 41 ff 63 08 49 83 3b 01 76 0d 49 83 c3 10 49 

Register to memory mapping:

RAX=0x00007f922980d8a0 is an unknown value
RBX=0x0000000186198450: Java_jogamp_nativewindow_macosx_OSXUtil_GetScreenRefreshRate0+0x1cf0 in /private/var/folders/z5/dkh_k18x6bn8z6w6jj1k7pqm0000gn/T/jogamp_0000/file_cache/jln1995567580890155096/jln1057393830047969761/libnativewindow_macosx.jnilib at 0x0000000186191000
RCX=0x00007f9226501260 is an unknown value
RDX=0x0000000000000000 is an unknown value
RSP=0x00007fff5e95e148 is pointing into the stack for thread: 0x00007f92250c0000
RBP=0x00007fff5e95e200 is pointing into the stack for thread: 0x00007f92250c0000
RSI=0x00007fffbfe75116: __NSStyleNameIndexTable+0x7fd5e in /System/Library/Frameworks/AppKit.framework/Versions/C/AppKit at 0x00007fffbf208000
RDI=0x00007f9229b72440 is an unknown value
R8 =0x0000000000000018 is an unknown value
R9 =0x00007f92265000d0 is an unknown value
R10=0x0000000000000000 is an unknown value
R11=0x00007fffbfe75116: __NSStyleNameIndexTable+0x7fd5e in /System/Library/Frameworks/AppKit.framework/Versions/C/AppKit at 0x00007fffbf208000
R12=0x0000000000000000 is an unknown value
R13={method} {0x0000000187f7ab70} 'UnsetJAWTRootSurfaceLayer0' '(JJ)V' in 'jogamp/nativewindow/jawt/macosx/MacOSXJAWTWindow'
R14=0x0000000186198440: Java_jogamp_nativewindow_macosx_OSXUtil_GetScreenRefreshRate0+0x1ce0 in /private/var/folders/z5/dkh_k18x6bn8z6w6jj1k7pqm0000gn/T/jogamp_0000/file_cache/jln1995567580890155096/jln1057393830047969761/libnativewindow_macosx.jnilib at 0x0000000186191000
R15=0x00007f92250c0000 is a thread


Stack: [0x00007fff5e163000,0x00007fff5e963000],  sp=0x00007fff5e95e148,  free space=8172k
Native frames: (J=compiled Java code, j=interpreted, Vv=VM code, C=native code)
C  [libobjc.A.dylib+0x705d]  objc_msgSend+0x1d
j  jogamp.nativewindow.jawt.macosx.MacOSXJAWTWindow.UnsetJAWTRootSurfaceLayer0(JJ)V+0
j  jogamp.nativewindow.jawt.macosx.MacOSXJAWTWindow.access$200(JJ)V+2
j  jogamp.nativewindow.jawt.macosx.MacOSXJAWTWindow$1.run()V+38
J 2974 C1 com.jogamp.common.util.RunnableTask.run()V (345 bytes) @ 0x000000010a78d4b4 [0x000000010a78d320+0x194]
v  ~StubRoutines::call_stub
V  [libjvm.dylib+0x2ed9d6]
V  [libjvm.dylib+0x324b65]
V  [libjvm.dylib+0x317333]
C  [libnativewindow_macosx.jnilib+0x5326]  Java_jogamp_nativewindow_jawt_macosx_MacOSXJAWTWindow_UnsetJAWTRootSurfaceLayer0+0x2b6
C  [Foundation+0x7152a]  __NSThreadPerformPerform+0x146
C  [CoreFoundation+0xa7321]  __CFRUNLOOP_IS_CALLING_OUT_TO_A_SOURCE0_PERFORM_FUNCTION__+0x11
C  [CoreFoundation+0x8821d]  __CFRunLoopDoSources0+0x22d
C  [CoreFoundation+0x87716]  __CFRunLoopRun+0x3a6
C  [CoreFoundation+0x87114]  CFRunLoopRunSpecific+0x1a4
C  [HIToolbox+0x30ebc]  RunCurrentEventLoopInMode+0xf0
C  [HIToolbox+0x30bf9]  ReceiveNextEventCommon+0xb8
C  [HIToolbox+0x30b26]  _BlockUntilNextEventMatchingListInModeWithFilter+0x47
C  [AppKit+0x46a54]  _DPSNextEvent+0x460
C  [AppKit+0x7c27ee]  -[NSApplication(NSEvent) _nextEventMatchingEventMask:untilDate:inMode:dequeue:]+0xaec
C  [libosxapp.dylib+0x23aa]  -[NSApplicationAWT nextEventMatchingMask:untilDate:inMode:dequeue:]+0x7c
C  [AppKit+0x3b3db]  -[NSApplication run]+0x39e
C  [libosxapp.dylib+0x214d]  +[NSApplicationAWT runAWTLoopWithApp:]+0x9c
C  [libawt_lwawt.dylib+0x45ff7]  -[AWTStarter starter:]+0x389
C  [Foundation+0x7152a]  __NSThreadPerformPerform+0x146
C  [CoreFoundation+0xa7321]  __CFRUNLOOP_IS_CALLING_OUT_TO_A_SOURCE0_PERFORM_FUNCTION__+0x11
C  [CoreFoundation+0x8821d]  __CFRunLoopDoSources0+0x22d
C  [CoreFoundation+0x87716]  __CFRunLoopRun+0x3a6
C  [CoreFoundation+0x87114]  CFRunLoopRunSpecific+0x1a4
C  [java+0x6465]  CreateExecutionEnvironment+0x367
C  [java+0x218c]  JLI_Launch+0x7a0
C  [java+0x84c2]  main+0x65
C  [java+0x19e4]  start+0x34
C  0x0000000000000007

Java frames: (J=compiled Java code, j=interpreted, Vv=VM code)
j  jogamp.nativewindow.jawt.macosx.MacOSXJAWTWindow.UnsetJAWTRootSurfaceLayer0(JJ)V+0
j  jogamp.nativewindow.jawt.macosx.MacOSXJAWTWindow.access$200(JJ)V+2
j  jogamp.nativewindow.jawt.macosx.MacOSXJAWTWindow$1.run()V+38
J 2974 C1 com.jogamp.common.util.RunnableTask.run()V (345 bytes) @ 0x000000010a78d4b4 [0x000000010a78d320+0x194]
v  ~StubRoutines::call_stub

---------------  P R O C E S S  ---------------

Java Threads: ( => current thread )
  0x00007f922a00d000 JavaThread "Thread-19" [_thread_blocked, id=5055, stack(0x000070000eeeb000,0x000070000efeb000)]
  0x00007f9225a86000 JavaThread "AWT-EventQueue-1" [_thread_in_native, id=69143, stack(0x000070000ece2000,0x000070000ede2000)]
  0x00007f9225800000 JavaThread "DestroyJavaVM" [_thread_blocked, id=7171, stack(0x000070000d71d000,0x000070000d81d000)]
  0x00007f9224936800 JavaThread "AWT-EventQueue-0" [_thread_blocked, id=65539, stack(0x000070000eadc000,0x000070000ebdc000)]
  0x00007f9224236000 JavaThread "Java2D Disposer" daemon [_thread_blocked, id=56335, stack(0x000070000e853000,0x000070000e953000)]
  0x00007f922510f000 JavaThread "Java2D Queue Flusher" daemon [_thread_blocked, id=54279, stack(0x000070000e750000,0x000070000e850000)]
  0x00007f9225945800 JavaThread "AWT-Shutdown" [_thread_blocked, id=29727, stack(0x000070000e5ca000,0x000070000e6ca000)]
=>0x00007f92250c0000 JavaThread "AWT-AppKit" daemon [_thread_in_native, id=775, stack(0x00007fff5e163000,0x00007fff5e963000)]
  0x00007f9224061800 JavaThread "Service Thread" daemon [_thread_blocked, id=18691, stack(0x000070000e341000,0x000070000e441000)]
  0x00007f9224036000 JavaThread "C1 CompilerThread2" daemon [_thread_blocked, id=18179, stack(0x000070000e23e000,0x000070000e33e000)]
  0x00007f922401b000 JavaThread "C2 CompilerThread1" daemon [_thread_blocked, id=17667, stack(0x000070000e13b000,0x000070000e23b000)]
  0x00007f922401a800 JavaThread "C2 CompilerThread0" daemon [_thread_blocked, id=17155, stack(0x000070000e038000,0x000070000e138000)]
  0x00007f9224850800 JavaThread "Signal Dispatcher" daemon [_thread_blocked, id=16643, stack(0x000070000df35000,0x000070000e035000)]
  0x00007f922402c000 JavaThread "Finalizer" daemon [_thread_blocked, id=12547, stack(0x000070000de32000,0x000070000df32000)]
  0x00007f9224007800 JavaThread "Reference Handler" daemon [_thread_blocked, id=12035, stack(0x000070000dd2f000,0x000070000de2f000)]

Other Threads:
  0x00007f9225013000 VMThread [stack: 0x000070000dc2c000,0x000070000dd2c000] [id=11523]
  0x00007f922482c000 WatcherThread [stack: 0x000070000e444000,0x000070000e544000] [id=19203]

VM state:not at safepoint (normal execution)

VM Mutex/Monitor currently owned by a thread: None

Heap:
 PSYoungGen      total 51200K, used 25860K [0x00000007aab00000, 0x00000007af400000, 0x00000007c0000000)
  eden space 40960K, 59% used [0x00000007aab00000,0x00000007ac2d9278,0x00000007ad300000)
  from space 10240K, 14% used [0x00000007ad300000,0x00000007ad468050,0x00000007add00000)
  to   space 10752K, 0% used [0x00000007ae980000,0x00000007ae980000,0x00000007af400000)
 ParOldGen       total 37888K, used 20429K [0x0000000780000000, 0x0000000782500000, 0x00000007aab00000)
  object space 37888K, 53% used [0x0000000780000000,0x00000007813f3648,0x0000000782500000)
 Metaspace       used 24669K, capacity 24905K, committed 25088K, reserved 1071104K
  class space    used 2453K, capacity 2543K, committed 2560K, reserved 1048576K

Card table byte_map: [0x0000000102f62000,0x0000000103163000] byte_map_base: 0x00000000ff362000

Marking Bits: (ParMarkBitMap*) 0x00000001024f0d30
 Begin Bits: [0x00000001032b9000, 0x00000001042b9000)
 End Bits:   [0x00000001042b9000, 0x00000001052b9000)

Polling page: 0x000000010135d000

CodeCache: size=245760Kb used=10438Kb max_used=10464Kb free=235321Kb
 bounds [0x0000000109e34000, 0x000000010a884000, 0x0000000118e34000]
 total_blobs=3923 nmethods=2992 adapters=844
 compilation: enabled

Compilation events (10 events):
Event: 20.207 Thread 0x00007f922401b000 nmethod 3244 0x000000010a8736d0 code [0x000000010a873820, 0x000000010a8738f8]
Event: 20.489 Thread 0x00007f922401a800 3245       4       sun.awt.AppContext::getAppContext (51 bytes)
Event: 20.495 Thread 0x00007f922401a800 nmethod 3245 0x000000010a872f90 code [0x000000010a873140, 0x000000010a8733a8]
Event: 20.855 Thread 0x00007f9224036000 3246       3       sun.java2d.pipe.RenderBuffer::position (11 bytes)
Event: 20.856 Thread 0x00007f9224036000 nmethod 3246 0x000000010a872c90 code [0x000000010a872de0, 0x000000010a872f30]
Event: 20.906 Thread 0x00007f9224036000 3247       1       sun.java2d.SurfaceData::isValid (5 bytes)
Event: 20.906 Thread 0x00007f9224036000 nmethod 3247 0x000000010a875710 code [0x000000010a875860, 0x000000010a875970]
Event: 20.920 Thread 0x00007f922401b000 3248  s    4       sun.misc.URLClassPath::getNextLoader (88 bytes)
Event: 20.920 Thread 0x00007f9224036000 3249  s!   2       sun.misc.URLClassPath::getLoader (243 bytes)
Event: 20.925 Thread 0x00007f9224036000 nmethod 3249 0x000000010a877bd0 code [0x000000010a877ec0, 0x000000010a879688]

GC Heap History (10 events):
Event: 7.288 GC heap before
{Heap before GC invocations=6 (full 1):
 PSYoungGen      total 18944K, used 16185K [0x00000007aab00000, 0x00000007ac000000, 0x00000007c0000000)
  eden space 16384K, 98% used [0x00000007aab00000,0x00000007abace688,0x00000007abb00000)
  from space 2560K, 0% used [0x00000007abd80000,0x00000007abd80000,0x00000007ac000000)
  to   space 2560K, 0% used [0x00000007abb00000,0x00000007abb00000,0x00000007abd80000)
 ParOldGen       total 37888K, used 8123K [0x0000000780000000, 0x0000000782500000, 0x00000007aab00000)
  object space 37888K, 21% used [0x0000000780000000,0x00000007807eed00,0x0000000782500000)
 Metaspace       used 23262K, capacity 23541K, committed 23808K, reserved 1071104K
  class space    used 2381K, capacity 2475K, committed 2560K, reserved 1048576K
Event: 7.315 GC heap after
Heap after GC invocations=6 (full 1):
 PSYoungGen      total 18944K, used 2528K [0x00000007aab00000, 0x00000007ad780000, 0x00000007c0000000)
  eden space 16384K, 0% used [0x00000007aab00000,0x00000007aab00000,0x00000007abb00000)
  from space 2560K, 98% used [0x00000007abb00000,0x00000007abd78280,0x00000007abd80000)
  to   space 9728K, 0% used [0x00000007ace00000,0x00000007ace00000,0x00000007ad780000)
 ParOldGen       total 37888K, used 14703K [0x0000000780000000, 0x0000000782500000, 0x00000007aab00000)
  object space 37888K, 38% used [0x0000000780000000,0x0000000780e5bf88,0x0000000782500000)
 Metaspace       used 23262K, capacity 23541K, committed 23808K, reserved 1071104K
  class space    used 2381K, capacity 2475K, committed 2560K, reserved 1048576K
}
Event: 7.840 GC heap before
{Heap before GC invocations=7 (full 1):
 PSYoungGen      total 18944K, used 18912K [0x00000007aab00000, 0x00000007ad780000, 0x00000007c0000000)
  eden space 16384K, 100% used [0x00000007aab00000,0x00000007abb00000,0x00000007abb00000)
  from space 2560K, 98% used [0x00000007abb00000,0x00000007abd78280,0x00000007abd80000)
  to   space 9728K, 0% used [0x00000007ace00000,0x00000007ace00000,0x00000007ad780000)
 ParOldGen       total 37888K, used 14703K [0x0000000780000000, 0x0000000782500000, 0x00000007aab00000)
  object space 37888K, 38% used [0x0000000780000000,0x0000000780e5bf88,0x0000000782500000)
 Metaspace       used 23790K, capacity 24091K, committed 24320K, reserved 1071104K
  class space    used 2412K, capacity 2508K, committed 2560K, reserved 1048576K
Event: 7.861 GC heap after
Heap after GC invocations=7 (full 1):
 PSYoungGen      total 35840K, used 7265K [0x00000007aab00000, 0x00000007ad900000, 0x00000007c0000000)
  eden space 26112K, 0% used [0x00000007aab00000,0x00000007aab00000,0x00000007ac480000)
  from space 9728K, 74% used [0x00000007ace00000,0x00000007ad518690,0x00000007ad780000)
  to   space 9728K, 0% used [0x00000007ac480000,0x00000007ac480000,0x00000007ace00000)
 ParOldGen       total 37888K, used 14775K [0x0000000780000000, 0x0000000782500000, 0x00000007aab00000)
  object space 37888K, 38% used [0x0000000780000000,0x0000000780e6df98,0x0000000782500000)
 Metaspace       used 23790K, capacity 24091K, committed 24320K, reserved 1071104K
  class space    used 2412K, capacity 2508K, committed 2560K, reserved 1048576K
}
Event: 10.176 GC heap before
{Heap before GC invocations=8 (full 1):
 PSYoungGen      total 35840K, used 33377K [0x00000007aab00000, 0x00000007ad900000, 0x00000007c0000000)
  eden space 26112K, 100% used [0x00000007aab00000,0x00000007ac480000,0x00000007ac480000)
  from space 9728K, 74% used [0x00000007ace00000,0x00000007ad518690,0x00000007ad780000)
  to   space 9728K, 0% used [0x00000007ac480000,0x00000007ac480000,0x00000007ace00000)
 ParOldGen       total 37888K, used 14775K [0x0000000780000000, 0x0000000782500000, 0x00000007aab00000)
  object space 37888K, 38% used [0x0000000780000000,0x0000000780e6df98,0x0000000782500000)
 Metaspace       used 24278K, capacity 24585K, committed 24832K, reserved 1071104K
  class space    used 2444K, capacity 2543K, committed 2560K, reserved 1048576K
Event: 10.185 GC heap after
Heap after GC invocations=8 (full 1):
 PSYoungGen      total 35840K, used 7233K [0x00000007aab00000, 0x00000007ae800000, 0x00000007c0000000)
  eden space 26112K, 0% used [0x00000007aab00000,0x00000007aab00000,0x00000007ac480000)
  from space 9728K, 74% used [0x00000007ac480000,0x00000007acb90450,0x00000007ace00000)
  to   space 10240K, 0% used [0x00000007ade00000,0x00000007ade00000,0x00000007ae800000)
 ParOldGen       total 37888K, used 14783K [0x0000000780000000, 0x0000000782500000, 0x00000007aab00000)
  object space 37888K, 39% used [0x0000000780000000,0x0000000780e6ff98,0x0000000782500000)
 Metaspace       used 24278K, capacity 24585K, committed 24832K, reserved 1071104K
  class space    used 2444K, capacity 2543K, committed 2560K, reserved 1048576K
}
Event: 13.291 GC heap before
{Heap before GC invocations=9 (full 1):
 PSYoungGen      total 35840K, used 33345K [0x00000007aab00000, 0x00000007ae800000, 0x00000007c0000000)
  eden space 26112K, 100% used [0x00000007aab00000,0x00000007ac480000,0x00000007ac480000)
  from space 9728K, 74% used [0x00000007ac480000,0x00000007acb90450,0x00000007ace00000)
  to   space 10240K, 0% used [0x00000007ade00000,0x00000007ade00000,0x00000007ae800000)
 ParOldGen       total 37888K, used 14783K [0x0000000780000000, 0x0000000782500000, 0x00000007aab00000)
  object space 37888K, 39% used [0x0000000780000000,0x0000000780e6ff98,0x0000000782500000)
 Metaspace       used 24507K, capacity 24777K, committed 25088K, reserved 1071104K
  class space    used 2444K, capacity 2543K, committed 2560K, reserved 1048576K
Event: 13.307 GC heap after
Heap after GC invocations=9 (full 1):
 PSYoungGen      total 50176K, used 7185K [0x00000007aab00000, 0x00000007ae700000, 0x00000007c0000000)
  eden space 40960K, 0% used [0x00000007aab00000,0x00000007aab00000,0x00000007ad300000)
  from space 9216K, 77% used [0x00000007ade00000,0x00000007ae504440,0x00000007ae700000)
  to   space 10240K, 0% used [0x00000007ad300000,0x00000007ad300000,0x00000007add00000)
 ParOldGen       total 37888K, used 14791K [0x0000000780000000, 0x0000000782500000, 0x00000007aab00000)
  object space 37888K, 39% used [0x0000000780000000,0x0000000780e71f98,0x0000000782500000)
 Metaspace       used 24507K, capacity 24777K, committed 25088K, reserved 1071104K
  class space    used 2444K, capacity 2543K, committed 2560K, reserved 1048576K
}
Event: 18.074 GC heap before
{Heap before GC invocations=10 (full 1):
 PSYoungGen      total 50176K, used 48145K [0x00000007aab00000, 0x00000007ae700000, 0x00000007c0000000)
  eden space 40960K, 100% used [0x00000007aab00000,0x00000007ad300000,0x00000007ad300000)
  from space 9216K, 77% used [0x00000007ade00000,0x00000007ae504440,0x00000007ae700000)
  to   space 10240K, 0% used [0x00000007ad300000,0x00000007ad300000,0x00000007add00000)
 ParOldGen       total 37888K, used 14791K [0x0000000780000000, 0x0000000782500000, 0x00000007aab00000)
  object space 37888K, 39% used [0x0000000780000000,0x0000000780e71f98,0x0000000782500000)
 Metaspace       used 24626K, capacity 24905K, committed 25088K, reserved 1071104K
  class space    used 2445K, capacity 2543K, committed 2560K, reserved 1048576K
Event: 18.083 GC heap after
Heap after GC invocations=10 (full 1):
 PSYoungGen      total 51200K, used 1440K [0x00000007aab00000, 0x00000007af400000, 0x00000007c0000000)
  eden space 40960K, 0% used [0x00000007aab00000,0x00000007aab00000,0x00000007ad300000)
  from space 10240K, 14% used [0x00000007ad300000,0x00000007ad468050,0x00000007add00000)
  to   space 10752K, 0% used [0x00000007ae980000,0x00000007ae980000,0x00000007af400000)
 ParOldGen       total 37888K, used 20429K [0x0000000780000000, 0x0000000782500000, 0x00000007aab00000)
  object space 37888K, 53% used [0x0000000780000000,0x00000007813f3648,0x0000000782500000)
 Metaspace       used 24626K, capacity 24905K, committed 25088K, reserved 1071104K
  class space    used 2445K, capacity 2543K, committed 2560K, reserved 1048576K
}

Deoptimization events (10 events):
Event: 7.269 Thread 0x00007f9225a86000 Uncommon trap: reason=class_check action=maybe_recompile pc=0x000000010a379b40 method=java.io.DataInputStream.readInt()I @ 4
Event: 7.269 Thread 0x00007f9225a86000 Uncommon trap: reason=class_check action=maybe_recompile pc=0x000000010a379b40 method=java.io.DataInputStream.readInt()I @ 4
Event: 7.269 Thread 0x00007f9225a86000 Uncommon trap: reason=class_check action=maybe_recompile pc=0x000000010a379b40 method=java.io.DataInputStream.readInt()I @ 4
Event: 7.269 Thread 0x00007f9225a86000 Uncommon trap: reason=class_check action=maybe_recompile pc=0x000000010a379b40 method=java.io.DataInputStream.readInt()I @ 4
Event: 9.239 Thread 0x00007f9225a86000 Uncommon trap: reason=predicate action=maybe_recompile pc=0x000000010a6c0260 method=java.util.Vector.indexOf(Ljava/lang/Object;I)I @ 44
Event: 12.405 Thread 0x00007f9225a86000 Uncommon trap: reason=unstable_if action=reinterpret pc=0x000000010a741ba8 method=java.util.WeakHashMap.get(Ljava/lang/Object;)Ljava/lang/Object; @ 35
Event: 20.862 Thread 0x00007f9224936800 Uncommon trap: reason=unstable_if action=reinterpret pc=0x000000010a734894 method=java.awt.Font.equals(Ljava/lang/Object;)Z @ 2
Event: 20.904 Thread 0x00007f9224920800 Uncommon trap: reason=class_check action=maybe_recompile pc=0x000000010a333f40 method=java.util.HashMap.putVal(ILjava/lang/Object;Ljava/lang/Object;ZZ)Ljava/lang/Object; @ 91
Event: 20.904 Thread 0x00007f9224920800 Uncommon trap: reason=class_check action=maybe_recompile pc=0x000000010a333f40 method=java.util.HashMap.putVal(ILjava/lang/Object;Ljava/lang/Object;ZZ)Ljava/lang/Object; @ 91
Event: 20.904 Thread 0x00007f9224920800 Uncommon trap: reason=class_check action=maybe_recompile pc=0x000000010a2e4b90 method=java.util.HashMap.putVal(ILjava/lang/Object;Ljava/lang/Object;ZZ)Ljava/lang/Object; @ 91

Internal exceptions (10 events):
Event: 0.296 Thread 0x00007f9225800000 Exception <a 'java/lang/NoSuchFieldError': method resolution failed> (0x00000007aacd61a8) thrown at [/Users/java_re/workspace/8-2-build-macosx-x86_64/jdk8u121/8372/hotspot/src/share/vm/prims/methodHandles.cpp, line 1146]
Event: 0.577 Thread 0x00007f9225800000 Exception <a 'java/io/FileNotFoundException'> (0x00000007aad52d90) thrown at [/Users/java_re/workspace/8-2-build-macosx-x86_64/jdk8u121/8372/hotspot/src/share/vm/prims/jni.cpp, line 709]
Event: 0.578 Thread 0x00007f9225800000 Exception <a 'java/io/FileNotFoundException'> (0x00000007aad538e0) thrown at [/Users/java_re/workspace/8-2-build-macosx-x86_64/jdk8u121/8372/hotspot/src/share/vm/prims/jni.cpp, line 709]
Event: 0.847 Thread 0x00007f9225800000 Exception <a 'java/io/FileNotFoundException'> (0x00000007aae8c378) thrown at [/Users/java_re/workspace/8-2-build-macosx-x86_64/jdk8u121/8372/hotspot/src/share/vm/prims/jni.cpp, line 709]
Event: 4.021 Thread 0x00007f922402c000 Exception <a 'java/lang/NullPointerException'> (0x00000007aab8a0d8) thrown at [/Users/java_re/workspace/8-2-build-macosx-x86_64/jdk8u121/8372/hotspot/src/share/vm/interpreter/linkResolver.cpp, line 1178]
Event: 4.116 Thread 0x00007f9224294000 Exception <a 'java/lang/UnsatisfiedLinkError': com.jogamp.common.util.JarUtil.fixNativeLibAttribs(Ljava/lang/String;)Z> (0x00000007aaf3df88) thrown at [/Users/java_re/workspace/8-2-build-macosx-x86_64/jdk8u121/8372/hotspot/src/share/vm/prims/nativeLookup.
Event: 5.742 Thread 0x00007f9225a86000 Exception <a 'java/io/FileNotFoundException'> (0x00000007ab19b8d0) thrown at [/Users/java_re/workspace/8-2-build-macosx-x86_64/jdk8u121/8372/hotspot/src/share/vm/prims/jni.cpp, line 709]
Event: 5.743 Thread 0x00007f9225a86000 Exception <a 'java/io/FileNotFoundException'> (0x00000007ab1a1ad8) thrown at [/Users/java_re/workspace/8-2-build-macosx-x86_64/jdk8u121/8372/hotspot/src/share/vm/prims/jni.cpp, line 709]
Event: 5.743 Thread 0x00007f9225a86000 Implicit null exception at 0x0000000109ffaa36 to 0x0000000109ffae05
Event: 6.144 Thread 0x00007f9225a86000 Implicit null exception at 0x000000010a217706 to 0x000000010a21794d

Events (10 events):
Event: 20.925 Thread 0x00007f9224036000 flushing nmethod 0x0000000109f46f50
Event: 20.925 Thread 0x00007f9224036000 flushing nmethod 0x0000000109f4db10
Event: 20.925 Thread 0x00007f9224036000 flushing nmethod 0x0000000109f50090
Event: 20.925 Thread 0x00007f9224036000 flushing nmethod 0x0000000109f6b850
Event: 20.925 loading class java/awt/LightweightDispatcher$2
Event: 20.925 loading class java/awt/LightweightDispatcher$2 done
Event: 20.925 loading class java/awt/event/AWTEventListenerProxy
Event: 20.925 loading class java/awt/event/AWTEventListenerProxy done
Event: 20.925 loading class java/awt/Toolkit$ToolkitEventMulticaster
Event: 20.925 loading class java/awt/Toolkit$ToolkitEventMulticaster done


Dynamic libraries:
0x000000004c357000 	/System/Library/Frameworks/Cocoa.framework/Versions/A/Cocoa
0x000000004c357000 	/System/Library/Frameworks/Security.framework/Versions/A/Security
0x000000004c357000 	/System/Library/Frameworks/ApplicationServices.framework/Versions/A/ApplicationServices
0x000000004c357000 	/usr/lib/libz.1.dylib
0x000000004c357000 	/usr/lib/libSystem.B.dylib
0x000000004c357000 	/usr/lib/libobjc.A.dylib
0x000000004c357000 	/System/Library/Frameworks/CoreFoundation.framework/Versions/A/CoreFoundation
0x000000004c357000 	/System/Library/Frameworks/Foundation.framework/Versions/C/Foundation
0x000000004c357000 	/System/Library/Frameworks/AppKit.framework/Versions/C/AppKit
0x000000004c357000 	/System/Library/Frameworks/CoreData.framework/Versions/A/CoreData
0x000000004c357000 	/System/Library/PrivateFrameworks/RemoteViewServices.framework/Versions/A/RemoteViewServices
0x000000004c357000 	/System/Library/PrivateFrameworks/UIFoundation.framework/Versions/A/UIFoundation
0x000000004c357000 	/System/Library/PrivateFrameworks/DFRFoundation.framework/Versions/A/DFRFoundation
0x000000004c357000 	/usr/lib/libenergytrace.dylib
0x000000004c357000 	/System/Library/PrivateFrameworks/SkyLight.framework/Versions/A/SkyLight
0x000000004c357000 	/System/Library/Frameworks/CoreGraphics.framework/Versions/A/CoreGraphics
0x000000004c357000 	/usr/lib/libScreenReader.dylib
0x000000004c357000 	/System/Library/Frameworks/Accelerate.framework/Versions/A/Accelerate
0x000000004c357000 	/System/Library/Frameworks/IOSurface.framework/Versions/A/IOSurface
0x000000004c357000 	/System/Library/Frameworks/AudioToolbox.framework/Versions/A/AudioToolbox
0x000000004c357000 	/System/Library/Frameworks/AudioUnit.framework/Versions/A/AudioUnit
0x000000004c357000 	/System/Library/PrivateFrameworks/DataDetectorsCore.framework/Versions/A/DataDetectorsCore
0x000000004c357000 	/System/Library/PrivateFrameworks/DesktopServicesPriv.framework/Versions/A/DesktopServicesPriv
0x000000004c357000 	/System/Library/Frameworks/Carbon.framework/Versions/A/Frameworks/HIToolbox.framework/Versions/A/HIToolbox
0x000000004c357000 	/usr/lib/libicucore.A.dylib
0x000000004c357000 	/System/Library/Frameworks/QuartzCore.framework/Versions/A/QuartzCore
0x000000004c357000 	/System/Library/Frameworks/Carbon.framework/Versions/A/Frameworks/SpeechRecognition.framework/Versions/A/SpeechRecognition
0x000000004c357000 	/usr/lib/libauto.dylib
0x000000004c357000 	/usr/lib/libxml2.2.dylib
0x000000004c357000 	/System/Library/PrivateFrameworks/CoreUI.framework/Versions/A/CoreUI
0x000000004c357000 	/System/Library/Frameworks/CoreAudio.framework/Versions/A/CoreAudio
0x000000004c357000 	/System/Library/Frameworks/DiskArbitration.framework/Versions/A/DiskArbitration
0x000000004c357000 	/usr/lib/liblangid.dylib
0x000000004c357000 	/System/Library/PrivateFrameworks/MultitouchSupport.framework/Versions/A/MultitouchSupport
0x000000004c357000 	/System/Library/Frameworks/IOKit.framework/Versions/A/IOKit
0x000000004c357000 	/usr/lib/libDiagnosticMessagesClient.dylib
0x000000004c357000 	/System/Library/Frameworks/CoreServices.framework/Versions/A/CoreServices
0x000000004c357000 	/System/Library/PrivateFrameworks/PerformanceAnalysis.framework/Versions/A/PerformanceAnalysis
0x000000004c357000 	/System/Library/PrivateFrameworks/GenerationalStorage.framework/Versions/A/GenerationalStorage
0x000000004c357000 	/System/Library/Frameworks/OpenGL.framework/Versions/A/OpenGL
0x000000004c357000 	/System/Library/Frameworks/CoreImage.framework/Versions/A/CoreImage
0x000000004c357000 	/System/Library/Frameworks/CoreText.framework/Versions/A/CoreText
0x000000004c357000 	/System/Library/Frameworks/ImageIO.framework/Versions/A/ImageIO
0x000000004c357000 	/System/Library/PrivateFrameworks/Backup.framework/Versions/A/Backup
0x000000004c357000 	/usr/lib/libarchive.2.dylib
0x000000004c357000 	/System/Library/Frameworks/CFNetwork.framework/Versions/A/CFNetwork
0x000000004c357000 	/System/Library/Frameworks/SystemConfiguration.framework/Versions/A/SystemConfiguration
0x000000004c357000 	/usr/lib/libCRFSuite.dylib
0x000000004c357000 	/usr/lib/libc++.1.dylib
0x000000004c357000 	/usr/lib/libc++abi.dylib
0x000000004c357000 	/usr/lib/system/libcache.dylib
0x000000004c357000 	/usr/lib/system/libcommonCrypto.dylib
0x000000004c357000 	/usr/lib/system/libcompiler_rt.dylib
0x000000004c357000 	/usr/lib/system/libcopyfile.dylib
0x000000004c357000 	/usr/lib/system/libcorecrypto.dylib
0x000000004c357000 	/usr/lib/system/libdispatch.dylib
0x000000004c357000 	/usr/lib/system/libdyld.dylib
0x000000004c357000 	/usr/lib/system/libkeymgr.dylib
0x000000004c357000 	/usr/lib/system/liblaunch.dylib
0x000000004c357000 	/usr/lib/system/libmacho.dylib
0x000000004c357000 	/usr/lib/system/libquarantine.dylib
0x000000004c357000 	/usr/lib/system/libremovefile.dylib
0x000000004c357000 	/usr/lib/system/libsystem_asl.dylib
0x000000004c357000 	/usr/lib/system/libsystem_blocks.dylib
0x000000004c357000 	/usr/lib/system/libsystem_c.dylib
0x000000004c357000 	/usr/lib/system/libsystem_configuration.dylib
0x000000004c357000 	/usr/lib/system/libsystem_coreservices.dylib
0x000000004c357000 	/usr/lib/system/libsystem_coretls.dylib
0x000000004c357000 	/usr/lib/system/libsystem_dnssd.dylib
0x000000004c357000 	/usr/lib/system/libsystem_info.dylib
0x000000004c357000 	/usr/lib/system/libsystem_kernel.dylib
0x000000004c357000 	/usr/lib/system/libsystem_m.dylib
0x000000004c357000 	/usr/lib/system/libsystem_malloc.dylib
0x000000004c357000 	/usr/lib/system/libsystem_network.dylib
0x000000004c357000 	/usr/lib/system/libsystem_networkextension.dylib
0x000000004c357000 	/usr/lib/system/libsystem_notify.dylib
0x000000004c357000 	/usr/lib/system/libsystem_platform.dylib
0x000000004c357000 	/usr/lib/system/libsystem_pthread.dylib
0x000000004c357000 	/usr/lib/system/libsystem_sandbox.dylib
0x000000004c357000 	/usr/lib/system/libsystem_secinit.dylib
0x000000004c357000 	/usr/lib/system/libsystem_symptoms.dylib
0x000000004c357000 	/usr/lib/system/libsystem_trace.dylib
0x000000004c357000 	/usr/lib/system/libunwind.dylib
0x000000004c357000 	/usr/lib/system/libxpc.dylib
0x000000004c357000 	/usr/lib/libbsm.0.dylib
0x000000004c357000 	/usr/lib/system/libkxld.dylib
0x000000004c357000 	/usr/lib/libcoretls.dylib
0x000000004c357000 	/usr/lib/libcoretls_cfhelpers.dylib
0x000000004c357000 	/usr/lib/libOpenScriptingUtil.dylib
0x000000004c357000 	/usr/lib/libpam.2.dylib
0x000000004c357000 	/usr/lib/libsqlite3.dylib
0x000000004c357000 	/usr/lib/libxar.1.dylib
0x000000004c357000 	/usr/lib/libbz2.1.0.dylib
0x000000004c357000 	/usr/lib/liblzma.5.dylib
0x000000004c357000 	/usr/lib/libnetwork.dylib
0x000000004c357000 	/usr/lib/libpcap.A.dylib
0x000000004c357000 	/System/Library/Frameworks/CoreServices.framework/Versions/A/Frameworks/FSEvents.framework/Versions/A/FSEvents
0x000000004c357000 	/System/Library/Frameworks/CoreServices.framework/Versions/A/Frameworks/CarbonCore.framework/Versions/A/CarbonCore
0x000000004c357000 	/System/Library/Frameworks/CoreServices.framework/Versions/A/Frameworks/Metadata.framework/Versions/A/Metadata
0x000000004c357000 	/System/Library/Frameworks/CoreServices.framework/Versions/A/Frameworks/OSServices.framework/Versions/A/OSServices
0x000000004c357000 	/System/Library/Frameworks/CoreServices.framework/Versions/A/Frameworks/SearchKit.framework/Versions/A/SearchKit
0x000000004c357000 	/System/Library/Frameworks/CoreServices.framework/Versions/A/Frameworks/AE.framework/Versions/A/AE
0x000000004c357000 	/System/Library/Frameworks/CoreServices.framework/Versions/A/Frameworks/LaunchServices.framework/Versions/A/LaunchServices
0x000000004c357000 	/System/Library/Frameworks/CoreServices.framework/Versions/A/Frameworks/DictionaryServices.framework/Versions/A/DictionaryServices
0x000000004c357000 	/System/Library/Frameworks/CoreServices.framework/Versions/A/Frameworks/SharedFileList.framework/Versions/A/SharedFileList
0x000000004c357000 	/System/Library/Frameworks/NetFS.framework/Versions/A/NetFS
0x000000004c357000 	/System/Library/PrivateFrameworks/NetAuth.framework/Versions/A/NetAuth
0x000000004c357000 	/System/Library/PrivateFrameworks/login.framework/Versions/A/Frameworks/loginsupport.framework/Versions/A/loginsupport
0x000000004c357000 	/System/Library/PrivateFrameworks/TCC.framework/Versions/A/TCC
0x000000004c357000 	/usr/lib/libmecabra.dylib
0x000000004c357000 	/System/Library/Frameworks/ApplicationServices.framework/Versions/A/Frameworks/ATS.framework/Versions/A/ATS
0x000000004c357000 	/System/Library/Frameworks/ApplicationServices.framework/Versions/A/Frameworks/ColorSync.framework/Versions/A/ColorSync
0x000000004c357000 	/System/Library/Frameworks/ApplicationServices.framework/Versions/A/Frameworks/HIServices.framework/Versions/A/HIServices
0x000000004c357000 	/System/Library/Frameworks/ApplicationServices.framework/Versions/A/Frameworks/LangAnalysis.framework/Versions/A/LangAnalysis
0x000000004c357000 	/System/Library/Frameworks/ApplicationServices.framework/Versions/A/Frameworks/PrintCore.framework/Versions/A/PrintCore
0x000000004c357000 	/System/Library/Frameworks/ApplicationServices.framework/Versions/A/Frameworks/QD.framework/Versions/A/QD
0x000000004c357000 	/System/Library/Frameworks/ApplicationServices.framework/Versions/A/Frameworks/SpeechSynthesis.framework/Versions/A/SpeechSynthesis
0x000000004c357000 	/System/Library/Frameworks/Accelerate.framework/Versions/A/Frameworks/vImage.framework/Versions/A/vImage
0x000000004c357000 	/System/Library/Frameworks/Accelerate.framework/Versions/A/Frameworks/vecLib.framework/Versions/A/vecLib
0x000000004c357000 	/System/Library/Frameworks/Accelerate.framework/Versions/A/Frameworks/vecLib.framework/Versions/A/libvDSP.dylib
0x000000004c357000 	/System/Library/Frameworks/Accelerate.framework/Versions/A/Frameworks/vecLib.framework/Versions/A/libBNNS.dylib
0x000000004c357000 	/System/Library/Frameworks/Accelerate.framework/Versions/A/Frameworks/vecLib.framework/Versions/A/libQuadrature.dylib
0x000000004c357000 	/System/Library/Frameworks/Accelerate.framework/Versions/A/Frameworks/vecLib.framework/Versions/A/libvMisc.dylib
0x000000004c357000 	/System/Library/Frameworks/Accelerate.framework/Versions/A/Frameworks/vecLib.framework/Versions/A/libLAPACK.dylib
0x000000004c357000 	/System/Library/Frameworks/Accelerate.framework/Versions/A/Frameworks/vecLib.framework/Versions/A/libBLAS.dylib
0x000000004c357000 	/System/Library/Frameworks/Accelerate.framework/Versions/A/Frameworks/vecLib.framework/Versions/A/libLinearAlgebra.dylib
0x000000004c357000 	/System/Library/Frameworks/Accelerate.framework/Versions/A/Frameworks/vecLib.framework/Versions/A/libSparseBLAS.dylib
0x000000004c357000 	/System/Library/Frameworks/ApplicationServices.framework/Versions/A/Frameworks/ATS.framework/Versions/A/Resources/libFontParser.dylib
0x000000004c357000 	/System/Library/Frameworks/ApplicationServices.framework/Versions/A/Frameworks/ATS.framework/Versions/A/Resources/libFontRegistry.dylib
0x000000004c357000 	/System/Library/Frameworks/ImageIO.framework/Versions/A/Resources/libJPEG.dylib
0x000000004c357000 	/System/Library/Frameworks/ImageIO.framework/Versions/A/Resources/libTIFF.dylib
0x000000004c357000 	/System/Library/Frameworks/ImageIO.framework/Versions/A/Resources/libPng.dylib
0x000000004c357000 	/System/Library/Frameworks/ImageIO.framework/Versions/A/Resources/libGIF.dylib
0x000000004c357000 	/System/Library/Frameworks/ImageIO.framework/Versions/A/Resources/libJP2.dylib
0x000000004c357000 	/System/Library/Frameworks/ImageIO.framework/Versions/A/Resources/libRadiance.dylib
0x000000004c357000 	/usr/lib/libcompression.dylib
0x000000004c357000 	/System/Library/PrivateFrameworks/AppleJPEG.framework/Versions/A/AppleJPEG
0x000000004c357000 	/usr/lib/libcups.2.dylib
0x000000004c357000 	/System/Library/Frameworks/Kerberos.framework/Versions/A/Kerberos
0x000000004c357000 	/System/Library/Frameworks/GSS.framework/Versions/A/GSS
0x000000004c357000 	/usr/lib/libresolv.9.dylib
0x000000004c357000 	/usr/lib/libiconv.2.dylib
0x000000004c357000 	/System/Library/PrivateFrameworks/Heimdal.framework/Versions/A/Heimdal
0x000000004c357000 	/usr/lib/libheimdal-asn1.dylib
0x000000004c357000 	/System/Library/Frameworks/OpenDirectory.framework/Versions/A/OpenDirectory
0x000000004c357000 	/System/Library/PrivateFrameworks/CommonAuth.framework/Versions/A/CommonAuth
0x000000004c357000 	/System/Library/Frameworks/OpenDirectory.framework/Versions/A/Frameworks/CFOpenDirectory.framework/Versions/A/CFOpenDirectory
0x000000004c357000 	/System/Library/Frameworks/SecurityFoundation.framework/Versions/A/SecurityFoundation
0x000000004c357000 	/System/Library/PrivateFrameworks/LanguageModeling.framework/Versions/A/LanguageModeling
0x000000004c357000 	/usr/lib/libmarisa.dylib
0x000000004c357000 	/usr/lib/libChineseTokenizer.dylib
0x000000004c357000 	/usr/lib/libcmph.dylib
0x000000004c357000 	/System/Library/PrivateFrameworks/CoreEmoji.framework/Versions/A/CoreEmoji
0x000000004c357000 	/System/Library/Frameworks/ServiceManagement.framework/Versions/A/ServiceManagement
0x000000004c357000 	/usr/lib/libxslt.1.dylib
0x000000004c357000 	/System/Library/Frameworks/Carbon.framework/Versions/A/Frameworks/Ink.framework/Versions/A/Ink
0x000000004c357000 	/System/Library/PrivateFrameworks/TextureIO.framework/Versions/A/TextureIO
0x000000004c357000 	/System/Library/Frameworks/Metal.framework/Versions/A/Metal
0x000000004c357000 	/usr/lib/libate.dylib
0x000000004c357000 	/System/Library/PrivateFrameworks/GPUCompiler.framework/libmetal_timestamp.dylib
0x000000004c357000 	/System/Library/Frameworks/OpenGL.framework/Versions/A/Libraries/libCoreFSCache.dylib
0x000000004c357000 	/System/Library/PrivateFrameworks/IOAccelerator.framework/Versions/A/IOAccelerator
0x000000004c357000 	/System/Library/Frameworks/CoreVideo.framework/Versions/A/CoreVideo
0x000000004c357000 	/usr/lib/libFosl_dynamic.dylib
0x000000004c357000 	/System/Library/PrivateFrameworks/MetalPerformanceShaders.framework/Versions/A/MetalPerformanceShaders
0x000000004c357000 	/System/Library/PrivateFrameworks/FaceCore.framework/Versions/A/FaceCore
0x000000004c357000 	/System/Library/Frameworks/OpenCL.framework/Versions/A/OpenCL
0x000000004c357000 	/System/Library/Frameworks/OpenGL.framework/Versions/A/Libraries/libGLU.dylib
0x000000004c357000 	/System/Library/Frameworks/OpenGL.framework/Versions/A/Libraries/libGFXShared.dylib
0x000000004c357000 	/System/Library/Frameworks/OpenGL.framework/Versions/A/Libraries/libGL.dylib
0x000000004c357000 	/System/Library/Frameworks/OpenGL.framework/Versions/A/Libraries/libGLImage.dylib
0x000000004c357000 	/System/Library/Frameworks/OpenGL.framework/Versions/A/Libraries/libCVMSPluginSupport.dylib
0x000000004c357000 	/System/Library/Frameworks/OpenGL.framework/Versions/A/Libraries/libCoreVMClient.dylib
0x000000004c357000 	/System/Library/PrivateFrameworks/CrashReporterSupport.framework/Versions/A/CrashReporterSupport
0x000000004c357000 	/System/Library/PrivateFrameworks/Sharing.framework/Versions/A/Sharing
0x000000004c357000 	/System/Library/PrivateFrameworks/IconServices.framework/Versions/A/IconServices
0x000000004c357000 	/System/Library/PrivateFrameworks/ProtocolBuffer.framework/Versions/A/ProtocolBuffer
0x000000004c357000 	/System/Library/PrivateFrameworks/Apple80211.framework/Versions/A/Apple80211
0x000000004c357000 	/System/Library/Frameworks/CoreWLAN.framework/Versions/A/CoreWLAN
0x000000004c357000 	/System/Library/PrivateFrameworks/CoreUtils.framework/Versions/A/CoreUtils
0x000000004c357000 	/System/Library/Frameworks/IOBluetooth.framework/Versions/A/IOBluetooth
0x000000004c357000 	/System/Library/PrivateFrameworks/CoreWiFi.framework/Versions/A/CoreWiFi
0x000000004c357000 	/System/Library/Frameworks/CoreBluetooth.framework/Versions/A/CoreBluetooth
0x000000004c357000 	/System/Library/Frameworks/CoreDisplay.framework/Versions/A/CoreDisplay
0x000000004c357000 	/System/Library/PrivateFrameworks/IOPresentment.framework/Versions/A/IOPresentment
0x000000004c357000 	/System/Library/PrivateFrameworks/DSExternalDisplay.framework/Versions/A/DSExternalDisplay
0x000000004c357000 	/System/Library/PrivateFrameworks/DebugSymbols.framework/Versions/A/DebugSymbols
0x000000004c357000 	/System/Library/PrivateFrameworks/CoreSymbolication.framework/Versions/A/CoreSymbolication
0x000000004c357000 	/System/Library/PrivateFrameworks/Symbolication.framework/Versions/A/Symbolication
0x000000004c357000 	/System/Library/PrivateFrameworks/AppleFSCompression.framework/Versions/A/AppleFSCompression
0x000000004c357000 	/System/Library/PrivateFrameworks/SpeechRecognitionCore.framework/Versions/A/SpeechRecognitionCore
0x000000004c357000 	/System/Library/PrivateFrameworks/ChunkingLibrary.framework/Versions/A/ChunkingLibrary
0x0000000101c00000 	/Library/Java/JavaVirtualMachines/jdk1.8.0_121.jdk/Contents/Home/jre/lib/server/libjvm.dylib
0x000000004c357000 	/usr/lib/libstdc++.6.dylib
0x000000010131a000 	/Library/Java/JavaVirtualMachines/jdk1.8.0_121.jdk/Contents/Home/jre/lib/libverify.dylib
0x0000000101328000 	/Library/Java/JavaVirtualMachines/jdk1.8.0_121.jdk/Contents/Home/jre/lib/libjava.dylib
0x0000000101367000 	/Library/Java/JavaVirtualMachines/jdk1.8.0_121.jdk/Contents/Home/jre/lib/libzip.dylib
0x0000000106f0f000 	/System/Library/Frameworks/JavaVM.framework/Frameworks/JavaRuntimeSupport.framework/JavaRuntimeSupport
0x0000000106f29000 	/System/Library/Frameworks/JavaVM.framework/Versions/A/Frameworks/JavaNativeFoundation.framework/Versions/A/JavaNativeFoundation
0x0000000106f3e000 	/System/Library/Frameworks/JavaVM.framework/Versions/A/JavaVM
0x000000004c357000 	/System/Library/Frameworks/Carbon.framework/Versions/A/Carbon
0x0000000106f4b000 	/System/Library/PrivateFrameworks/JavaLaunching.framework/Versions/A/JavaLaunching
0x000000004c357000 	/System/Library/Frameworks/Carbon.framework/Versions/A/Frameworks/CommonPanels.framework/Versions/A/CommonPanels
0x000000004c357000 	/System/Library/Frameworks/Carbon.framework/Versions/A/Frameworks/Help.framework/Versions/A/Help
0x000000004c357000 	/System/Library/Frameworks/Carbon.framework/Versions/A/Frameworks/ImageCapture.framework/Versions/A/ImageCapture
0x000000004c357000 	/System/Library/Frameworks/Carbon.framework/Versions/A/Frameworks/OpenScripting.framework/Versions/A/OpenScripting
0x000000004c357000 	/System/Library/Frameworks/Carbon.framework/Versions/A/Frameworks/Print.framework/Versions/A/Print
0x000000004c357000 	/System/Library/Frameworks/Carbon.framework/Versions/A/Frameworks/SecurityHI.framework/Versions/A/SecurityHI
0x000000010885d000 	/Library/Java/JavaVirtualMachines/jdk1.8.0_121.jdk/Contents/Home/jre/lib/libawt.dylib
0x0000000108905000 	/Library/Java/JavaVirtualMachines/jdk1.8.0_121.jdk/Contents/Home/jre/lib/./libmlib_image.dylib
0x00000001089d1000 	/Library/Java/JavaVirtualMachines/jdk1.8.0_121.jdk/Contents/Home/jre/lib/libawt_lwawt.dylib
0x0000000108a88000 	/Library/Java/JavaVirtualMachines/jdk1.8.0_121.jdk/Contents/Home/jre/lib/./libosxapp.dylib
0x000000004c357000 	/System/Library/Frameworks/ExceptionHandling.framework/Versions/A/ExceptionHandling
0x000000004c357000 	/System/Library/PrivateFrameworks/CoreServicesInternal.framework/Versions/A/CoreServicesInternal
0x000000004c357000 	/System/Library/CoreServices/RawCamera.bundle/Contents/MacOS/RawCamera
0x000000004c357000 	/System/Library/Frameworks/Accelerate.framework/Versions/A/Frameworks/vImage.framework/Versions/A/Libraries/libCGInterfaces.dylib
0x000000004c357000 	/System/Library/Frameworks/ApplicationServices.framework/Versions/A/Frameworks/ATS.framework/Versions/A/Resources/libTrueTypeScaler.dylib
0x0000000119779000 	/System/Library/Frameworks/OpenGL.framework/Resources/GLEngine.bundle/GLEngine
0x000000004c357000 	/System/Library/Frameworks/OpenGL.framework/Versions/A/Libraries/libGLProgrammability.dylib
0x000000011995e000 	/System/Library/Extensions/AppleIntelHD5000GraphicsGLDriver.bundle/Contents/MacOS/AppleIntelHD5000GraphicsGLDriver
0x000000004c357000 	/System/Library/PrivateFrameworks/GPUSupport.framework/Versions/A/Libraries/libGPUSupportMercury.dylib
0x0000000109c9b000 	/System/Library/Frameworks/OpenGL.framework/Resources//GLRendererFloat.bundle/GLRendererFloat
0x000000004c357000 	/System/Library/Frameworks/OpenCL.framework/Versions/A/Libraries/libcldcpuengine.dylib
0x000000004c357000 	/usr/lib/libcrypto.0.9.8.dylib
0x000000004c357000 	/System/Library/PrivateFrameworks/TrustEvaluationAgent.framework/Versions/A/TrustEvaluationAgent
0x000000011a0cc000 	/System/Library/Extensions/AppleIntelHD5000GraphicsMTLDriver.bundle/Contents/MacOS/AppleIntelHD5000GraphicsMTLDriver
0x000000004c357000 	/System/Library/PrivateFrameworks/FamilyControls.framework/Versions/A/FamilyControls
0x000000004c357000 	/System/Library/PrivateFrameworks/CommerceKit.framework/Versions/A/Frameworks/CommerceCore.framework/Versions/A/CommerceCore
0x000000004c357000 	/System/Library/PrivateFrameworks/SystemAdministration.framework/Versions/A/SystemAdministration
0x000000004c357000 	/System/Library/PrivateFrameworks/AppContainer.framework/Versions/A/AppContainer
0x000000004c357000 	/System/Library/PrivateFrameworks/SecCodeWrapper.framework/Versions/A/SecCodeWrapper
0x000000004c357000 	/System/Library/Frameworks/DirectoryService.framework/Versions/A/DirectoryService
0x000000004c357000 	/System/Library/PrivateFrameworks/DiskImages.framework/Versions/A/DiskImages
0x000000004c357000 	/System/Library/PrivateFrameworks/LoginUIKit.framework/Versions/A/Frameworks/LoginUICore.framework/Versions/A/LoginUICore
0x000000004c357000 	/usr/lib/libCoreStorage.dylib
0x000000004c357000 	/usr/lib/libcsfde.dylib
0x000000004c357000 	/usr/lib/libodfde.dylib
0x000000004c357000 	/System/Library/Frameworks/DiscRecording.framework/Versions/A/DiscRecording
0x000000004c357000 	/usr/lib/libcurl.4.dylib
0x000000004c357000 	/System/Library/PrivateFrameworks/MediaKit.framework/Versions/A/MediaKit
0x000000004c357000 	/System/Library/PrivateFrameworks/ProtectedCloudStorage.framework/Versions/A/ProtectedCloudStorage
0x000000004c357000 	/System/Library/PrivateFrameworks/EFILogin.framework/Versions/A/EFILogin
0x000000004c357000 	/usr/lib/libutil.dylib
0x000000004c357000 	/System/Library/Frameworks/LDAP.framework/Versions/A/LDAP
0x000000004c357000 	/usr/lib/libsasl2.2.dylib
0x000000004c357000 	/System/Library/PrivateFrameworks/CoreDaemon.framework/Versions/B/CoreDaemon
0x000000004c357000 	/System/Library/PrivateFrameworks/AppleSRP.framework/Versions/A/AppleSRP
0x000000004c357000 	/System/Library/PrivateFrameworks/APFS.framework/Versions/A/APFS
0x000000011bbdb000 	/Library/Java/JavaVirtualMachines/jdk1.8.0_121.jdk/Contents/Home/jre/lib/libfontmanager.dylib
0x000000004c357000 	/System/Library/PrivateFrameworks/ViewBridge.framework/Versions/A/ViewBridge
0x000000004c357000 	/System/Library/PrivateFrameworks/XPCService.framework/Versions/A/XPCService
0x000000004c357000 	/System/Library/PrivateFrameworks/AppSandbox.framework/Versions/A/AppSandbox
0x000000004c357000 	/usr/lib/libsandbox.1.dylib
0x000000004c357000 	/usr/lib/libMatch.1.dylib
0x000000011cfd6000 	/Library/Java/JavaVirtualMachines/jdk1.8.0_121.jdk/Contents/Home/jre/lib/libosxui.dylib
0x000000011db81000 	/Library/Java/JavaVirtualMachines/jdk1.8.0_121.jdk/Contents/Home/jre/lib/libnet.dylib
0x000000011db98000 	/Library/Java/JavaVirtualMachines/jdk1.8.0_121.jdk/Contents/Home/jre/lib/libnio.dylib
0x000000011cce4000 	/private/var/folders/z5/dkh_k18x6bn8z6w6jj1k7pqm0000gn/T/jogamp_0000/file_cache/jln1995567580890155096/jln1057393830047969761/libgluegen-rt.jnilib
0x000000018618b000 	/private/var/folders/z5/dkh_k18x6bn8z6w6jj1k7pqm0000gn/T/jogamp_0000/file_cache/jln1995567580890155096/jln1057393830047969761/libnativewindow_awt.jnilib
0x000000018618e000 	/Library/Java/JavaVirtualMachines/jdk1.8.0_121.jdk/Contents/Home/jre/lib/libjawt.dylib
0x0000000186191000 	/private/var/folders/z5/dkh_k18x6bn8z6w6jj1k7pqm0000gn/T/jogamp_0000/file_cache/jln1995567580890155096/jln1057393830047969761/libnativewindow_macosx.jnilib
0x0000000187df8000 	/private/var/folders/z5/dkh_k18x6bn8z6w6jj1k7pqm0000gn/T/jogamp_0000/file_cache/jln1995567580890155096/jln1057393830047969761/libjogl_desktop.jnilib
0x000000018a794000 	/Library/Java/JavaVirtualMachines/jdk1.8.0_121.jdk/Contents/Home/jre/lib/libsunec.dylib
0x000000018a6e4000 	/Library/Java/JavaVirtualMachines/jdk1.8.0_121.jdk/Contents/Home/jre/lib/libt2k.dylib

VM Arguments:
jvm_args: -Djava.security.policy=java.policy.applet -Dfile.encoding=MacRoman 
java_command: sun.applet.AppletViewer module4.EarthquakeCityMap1523692987558.html
java_class_path (initial): /Users/Mac/Documents/workspace/UCSDUnfoldingMaps/build:/Users/Mac/Documents/workspace/UCSDUnfoldingMaps/lib/core.jar:/Users/Mac/Documents/workspace/UCSDUnfoldingMaps/lib/gluegen-rt.jar:/Users/Mac/Documents/workspace/UCSDUnfoldingMaps/lib/jogl-all.jar:/Users/Mac/Documents/workspace/UCSDUnfoldingMaps/lib/log4j-1.2.15.jar:/Users/Mac/Documents/workspace/UCSDUnfoldingMaps/lib/sqlite-jdbc-3.7.2.jar:/Users/Mac/Documents/workspace/UCSDUnfoldingMaps/lib/json4processing.jar:/Users/Mac/Documents/workspace/UCSDUnfoldingMaps/lib/libTUIO.jar:/Users/Mac/Documents/workspace/UCSDUnfoldingMaps/lib/unfolding.0.9.7-uscd.jar
Launcher Type: SUN_STANDARD

Environment Variables:
PATH=/Library/Frameworks/Python.framework/Versions/3.6/bin:/usr/local/bin:/usr/bin:/bin:/usr/sbin:/sbin:/opt/X11/bin:/Library/Frameworks/Mono.framework/Versions/Current/Commands:/Library/TeX/texbin
SHELL=/bin/bash
DISPLAY=/private/tmp/com.apple.launchd.BfoSnAz3r8/org.macosforge.xquartz:0

Signal Handlers:
SIGSEGV: [libjvm.dylib+0x5b1141], sa_mask[0]=11111111011111110111111111111111, sa_flags=SA_ONSTACK|SA_RESTART|SA_SIGINFO
SIGBUS: [libjvm.dylib+0x5b1141], sa_mask[0]=11111111011111110111111111111111, sa_flags=SA_RESTART|SA_SIGINFO
SIGFPE: [libjvm.dylib+0x487bc4], sa_mask[0]=11111111011111110111111111111111, sa_flags=SA_RESTART|SA_SIGINFO
SIGPIPE: [libjvm.dylib+0x487bc4], sa_mask[0]=11111111011111110111111111111111, sa_flags=SA_RESTART|SA_SIGINFO
SIGXFSZ: [libjvm.dylib+0x487bc4], sa_mask[0]=11111111011111110111111111111111, sa_flags=SA_RESTART|SA_SIGINFO
SIGILL: [libjvm.dylib+0x487bc4], sa_mask[0]=11111111011111110111111111111111, sa_flags=SA_RESTART|SA_SIGINFO
SIGUSR1: SIG_DFL, sa_mask[0]=11011111011111100000000111000110, sa_flags=none
SIGUSR2: [libjvm.dylib+0x4876e2], sa_mask[0]=00100000000000000000000000000000, sa_flags=SA_RESTART|SA_SIGINFO
SIGHUP: [libjvm.dylib+0x485cb9], sa_mask[0]=11111111011111110111111111111111, sa_flags=SA_RESTART|SA_SIGINFO
SIGINT: [libjvm.dylib+0x485cb9], sa_mask[0]=11111111011111110111111111111111, sa_flags=SA_RESTART|SA_SIGINFO
SIGTERM: [libjvm.dylib+0x485cb9], sa_mask[0]=11111111011111110111111111111111, sa_flags=SA_RESTART|SA_SIGINFO
SIGQUIT: [libjvm.dylib+0x485cb9], sa_mask[0]=11111111011111110111111111111111, sa_flags=SA_RESTART|SA_SIGINFO


---------------  S Y S T E M  ---------------

OS:Bsduname:Darwin 16.7.0 Darwin Kernel Version 16.7.0: Thu Jan 11 22:59:40 PST 2018; root:xnu-3789.73.8~1/RELEASE_X86_64 x86_64
rlimit: STACK 8192k, CORE 0k, NPROC 709, NOFILE 10240, AS infinity
load average:2.62 2.52 2.59

CPU:total 4 (2 cores per cpu, 2 threads per core) family 6 model 69 stepping 1, cmov, cx8, fxsr, mmx, sse, sse2, sse3, ssse3, sse4.1, sse4.2, popcnt, avx, avx2, aes, clmul, erms, lzcnt, ht, tsc, tscinvbit, bmi1, bmi2

Memory: 4k page, physical 4194304k(72408k free)

/proc/meminfo:


vm_info: Java HotSpot(TM) 64-Bit Server VM (25.121-b13) for bsd-amd64 JRE (1.8.0_121-b13), built on Dec 12 2016 20:39:32 by "java_re" with gcc 4.2.1 (Based on Apple Inc. build 5658) (LLVM build 2336.11.00)

time: Sat Apr 14 01:03:28 2018
elapsed time: 20 seconds (0d 0h 0m 20s)

