#
# A fatal error has been detected by the Java Runtime Environment:
#
#  SIGSEGV (0xb) at pc=0x00007fffd65ee05d, pid=9683, tid=0x0000000000000307
#
# JRE version: Java(TM) SE Runtime Environment (8.0_121-b13) (build 1.8.0_121-b13)
# Java VM: Java HotSpot(TM) 64-Bit Server VM (25.121-b13 mixed mode bsd-amd64 compressed oops)
# Problematic frame:
# C  [libobjc.A.dylib+0x705d]  objc_msgSend+0x1d
#
# Failed to write core dump. Core dumps have been disabled. To enable core dumping, try "ulimit -c unlimited" before starting Java again
#
# If you would like to submit a bug report, please visit:
#   http://bugreport.java.com/bugreport/crash.jsp
# The crash happened outside the Java Virtual Machine in native code.
# See problematic frame for where to report the bug.
#

---------------  T H R E A D  ---------------

Current thread (0x00007faaa3105800):  JavaThread "AWT-AppKit" daemon [_thread_in_native, id=775, stack(0x00007fff5503b000,0x00007fff5583b000)]

siginfo: si_signo: 11 (SIGSEGV), si_code: 1 (SEGV_MAPERR), si_addr: 0x0000000000000018

Registers:
RAX=0x00007faaa1fc0ec0, RBX=0x000000018f604450, RCX=0x00007faaa4500dd0, RDX=0x0000000000000000
RSP=0x00007fff55836278, RBP=0x00007fff55836330, RSI=0x00007fffbfe75116, RDI=0x00007faaa1d5c660
R8 =0x0000000000000018, R9 =0x00007faaa4500620, R10=0x0000000000000000, R11=0x00007fffbfe75116
R12=0x0000000000000000, R13=0x0000000190fe1fc0, R14=0x000000018f604440, R15=0x00007faaa3105800
RIP=0x00007fffd65ee05d, EFLAGS=0x0000000000010246, ERR=0x0000000000000004
  TRAPNO=0x000000000000000e

Top of Stack: (sp=0x00007fff55836278)
0x00007fff55836278:   000000018f602157 00007fff558362d0
0x00007fff55836288:   0000000000000003 00007fff558362b0
0x00007fff55836298:   000000010a634c62 0000000190fe1fc0
0x00007fff558362a8:   0000000190fe1fc0 00007faaa1fc0ec0
0x00007fff558362b8:   000000018f6046a0 000000018f604710
0x00007fff558362c8:   00007fffdc6546d0 00007fffdd2841e0
0x00007fff558362d8:   000000018f604450 000000018f604690
0x00007fff558362e8:   00007faaa1fc0ec0 00007faaa1d5c660
0x00007fff558362f8:   00007faaa1c41800 00007faaa1fc0ec0
0x00007fff55836308:   00007faaa1d5c660 00007fff558363b8
0x00007fff55836318:   00007faaa31059f8 0000000190fe1fc0
0x00007fff55836328:   00007fff558363e0 00007fff558363a8
0x00007fff55836338:   00000001117409f4 0000000190fe1fc0
0x00007fff55836348:   00007fff558363e0 00007fff558363a8
0x00007fff55836358:   0000000111740787 0000000111740742
0x00007fff55836368:   00007fff55836368 0000000190fe1fc0
0x00007fff55836378:   00007fff558363e0 0000000190e281b0
0x00007fff55836388:   0000000000000000 0000000190fe1fc0
0x00007fff55836398:   0000000000000000 00007fff558363c8
0x00007fff558363a8:   00007fff55836428 00000001117312bd
0x00007fff558363b8:   00000007806610a0 000000011173a538
0x00007fff558363c8:   00007faaa1fc0ec0 00007fff55836428
0x00007fff558363d8:   00007faaa1d5c660 000000011173be02
0x00007fff558363e8:   00007fff558363e8 0000000190fe218a
0x00007fff558363f8:   00007fff55836450 0000000190e281b0
0x00007fff55836408:   0000000000000000 0000000190fe2198
0x00007fff55836418:   00007fff558363c8 00007fff55836438
0x00007fff55836428:   00007fff55836498 00000001117312bd
0x00007fff55836438:   00007faaa1fc0ec0 0000000780502270
0x00007fff55836448:   00007faaa1d5c660 0000000780502270
0x00007fff55836458:   00007fff55836458 00000001977c678e
0x00007fff55836468:   00007fff558364a8 00000001977c6848 

Instructions: (pc=0x00007fffd65ee05d)
0x00007fffd65ee03d:   0f 1f 00 48 85 ff 2e 74 62 40 f6 c7 01 2e 75 66
0x00007fffd65ee04d:   49 ba f8 ff ff ff ff 7f 00 00 4c 23 17 49 89 f3
0x00007fffd65ee05d:   45 23 5a 18 49 c1 e3 04 4d 03 5a 10 49 3b 33 75
0x00007fffd65ee06d:   04 41 ff 63 08 49 83 3b 01 76 0d 49 83 c3 10 49 

Register to memory mapping:

RAX=0x00007faaa1fc0ec0 is an unknown value
RBX=0x000000018f604450: Java_jogamp_nativewindow_macosx_OSXUtil_GetScreenRefreshRate0+0x1cf0 in /private/var/folders/z5/dkh_k18x6bn8z6w6jj1k7pqm0000gn/T/jogamp_0000/file_cache/jln8133087391426144720/jln1951790087342786482/libnativewindow_macosx.jnilib at 0x000000018f5fd000
RCX=0x00007faaa4500dd0 is an unknown value
RDX=0x0000000000000000 is an unknown value
RSP=0x00007fff55836278 is pointing into the stack for thread: 0x00007faaa3105800
RBP=0x00007fff55836330 is pointing into the stack for thread: 0x00007faaa3105800
RSI=0x00007fffbfe75116: __NSStyleNameIndexTable+0x7fd5e in /System/Library/Frameworks/AppKit.framework/Versions/C/AppKit at 0x00007fffbf208000
RDI=0x00007faaa1d5c660 is an unknown value
R8 =0x0000000000000018 is an unknown value
R9 =0x00007faaa4500620 is an unknown value
R10=0x0000000000000000 is an unknown value
R11=0x00007fffbfe75116: __NSStyleNameIndexTable+0x7fd5e in /System/Library/Frameworks/AppKit.framework/Versions/C/AppKit at 0x00007fffbf208000
R12=0x0000000000000000 is an unknown value
R13={method} {0x0000000190fe1fc0} 'UnsetJAWTRootSurfaceLayer0' '(JJ)V' in 'jogamp/nativewindow/jawt/macosx/MacOSXJAWTWindow'
R14=0x000000018f604440: Java_jogamp_nativewindow_macosx_OSXUtil_GetScreenRefreshRate0+0x1ce0 in /private/var/folders/z5/dkh_k18x6bn8z6w6jj1k7pqm0000gn/T/jogamp_0000/file_cache/jln8133087391426144720/jln1951790087342786482/libnativewindow_macosx.jnilib at 0x000000018f5fd000
R15=0x00007faaa3105800 is a thread


Stack: [0x00007fff5503b000,0x00007fff5583b000],  sp=0x00007fff55836278,  free space=8172k
Native frames: (J=compiled Java code, j=interpreted, Vv=VM code, C=native code)
C  [libobjc.A.dylib+0x705d]  objc_msgSend+0x1d
j  jogamp.nativewindow.jawt.macosx.MacOSXJAWTWindow.UnsetJAWTRootSurfaceLayer0(JJ)V+0
j  jogamp.nativewindow.jawt.macosx.MacOSXJAWTWindow.access$200(JJ)V+2
j  jogamp.nativewindow.jawt.macosx.MacOSXJAWTWindow$1.run()V+38
J 3551 C2 com.jogamp.common.util.RunnableTask.run()V (345 bytes) @ 0x0000000111afcef8 [0x0000000111afce40+0xb8]
v  ~StubRoutines::call_stub
V  [libjvm.dylib+0x2ed9d6]  JavaCalls::call_helper(JavaValue*, methodHandle*, JavaCallArguments*, Thread*)+0x6ae
V  [libjvm.dylib+0x324b65]  jni_invoke_nonstatic(JNIEnv_*, JavaValue*, _jobject*, JNICallType, _jmethodID*, JNI_ArgumentPusher*, Thread*)+0x2ec
V  [libjvm.dylib+0x317333]  jni_CallVoidMethod+0x16b
C  [libnativewindow_macosx.jnilib+0x5326]  Java_jogamp_nativewindow_jawt_macosx_MacOSXJAWTWindow_UnsetJAWTRootSurfaceLayer0+0x2b6
C  [Foundation+0x7152a]  __NSThreadPerformPerform+0x146
C  [CoreFoundation+0xa7321]  __CFRUNLOOP_IS_CALLING_OUT_TO_A_SOURCE0_PERFORM_FUNCTION__+0x11
C  [CoreFoundation+0x8821d]  __CFRunLoopDoSources0+0x22d
C  [CoreFoundation+0x87716]  __CFRunLoopRun+0x3a6
C  [CoreFoundation+0x87114]  CFRunLoopRunSpecific+0x1a4
C  [HIToolbox+0x30ebc]  RunCurrentEventLoopInMode+0xf0
C  [HIToolbox+0x30bf9]  ReceiveNextEventCommon+0xb8
C  [HIToolbox+0x30b26]  _BlockUntilNextEventMatchingListInModeWithFilter+0x47
C  [AppKit+0x46a54]  _DPSNextEvent+0x460
C  [AppKit+0x7c27ee]  -[NSApplication(NSEvent) _nextEventMatchingEventMask:untilDate:inMode:dequeue:]+0xaec
C  [libosxapp.dylib+0x23aa]  -[NSApplicationAWT nextEventMatchingMask:untilDate:inMode:dequeue:]+0x7c
C  [AppKit+0x3b3db]  -[NSApplication run]+0x39e
C  [libosxapp.dylib+0x214d]  +[NSApplicationAWT runAWTLoopWithApp:]+0x9c
C  [libawt_lwawt.dylib+0x45ff7]  -[AWTStarter starter:]+0x389
C  [Foundation+0x7152a]  __NSThreadPerformPerform+0x146
C  [CoreFoundation+0xa7321]  __CFRUNLOOP_IS_CALLING_OUT_TO_A_SOURCE0_PERFORM_FUNCTION__+0x11
C  [CoreFoundation+0x8821d]  __CFRunLoopDoSources0+0x22d
C  [CoreFoundation+0x87716]  __CFRunLoopRun+0x3a6
C  [CoreFoundation+0x87114]  CFRunLoopRunSpecific+0x1a4
C  [java+0x6465]  CreateExecutionEnvironment+0x367
C  [java+0x218c]  JLI_Launch+0x7a0
C  [java+0x84c2]  main+0x65
C  [java+0x19e4]  start+0x34
C  0x0000000000000007

Java frames: (J=compiled Java code, j=interpreted, Vv=VM code)
j  jogamp.nativewindow.jawt.macosx.MacOSXJAWTWindow.UnsetJAWTRootSurfaceLayer0(JJ)V+0
j  jogamp.nativewindow.jawt.macosx.MacOSXJAWTWindow.access$200(JJ)V+2
j  jogamp.nativewindow.jawt.macosx.MacOSXJAWTWindow$1.run()V+38
J 3551 C2 com.jogamp.common.util.RunnableTask.run()V (345 bytes) @ 0x0000000111afcef8 [0x0000000111afce40+0xb8]
v  ~StubRoutines::call_stub

---------------  P R O C E S S  ---------------

Java Threads: ( => current thread )
  0x00007faaa30bf000 JavaThread "Thread-233" [_thread_blocked, id=27255, stack(0x0000700004ee6000,0x0000700004fe6000)]
  0x00007faaa31d8000 JavaThread "AWT-EventQueue-1" [_thread_in_native, id=69419, stack(0x0000700004d60000,0x0000700004e60000)]
  0x00007faaa3a3a000 JavaThread "DestroyJavaVM" [_thread_blocked, id=6915, stack(0x0000700003695000,0x0000700003795000)]
  0x00007faaa2232000 JavaThread "AWT-EventQueue-0" [_thread_blocked, id=66051, stack(0x0000700004b5a000,0x0000700004c5a000)]
  0x00007faaa2992800 JavaThread "Java2D Disposer" daemon [_thread_blocked, id=56847, stack(0x00007000048d1000,0x00007000049d1000)]
  0x00007faaa31a1000 JavaThread "Java2D Queue Flusher" daemon [_thread_in_native, id=54791, stack(0x00007000047ce000,0x00007000048ce000)]
  0x00007faaa2138000 JavaThread "AWT-Shutdown" [_thread_blocked, id=29727, stack(0x00007000045c5000,0x00007000046c5000)]
=>0x00007faaa3105800 JavaThread "AWT-AppKit" daemon [_thread_in_native, id=775, stack(0x00007fff5503b000,0x00007fff5583b000)]
  0x00007faaa2035800 JavaThread "Service Thread" daemon [_thread_blocked, id=18435, stack(0x000070000433c000,0x000070000443c000)]
  0x00007faaa285a800 JavaThread "C1 CompilerThread2" daemon [_thread_blocked, id=17923, stack(0x0000700004239000,0x0000700004339000)]
  0x00007faaa2852000 JavaThread "C2 CompilerThread1" daemon [_thread_blocked, id=17411, stack(0x0000700004136000,0x0000700004236000)]
  0x00007faaa3033000 JavaThread "C2 CompilerThread0" daemon [_thread_blocked, id=16899, stack(0x0000700004033000,0x0000700004133000)]
  0x00007faaa3032000 JavaThread "Signal Dispatcher" daemon [_thread_blocked, id=16387, stack(0x0000700003f30000,0x0000700004030000)]
  0x00007faaa3815000 JavaThread "Finalizer" daemon [_thread_blocked, id=12291, stack(0x0000700003daa000,0x0000700003eaa000)]
  0x00007faaa3812000 JavaThread "Reference Handler" daemon [_thread_blocked, id=11779, stack(0x0000700003ca7000,0x0000700003da7000)]

Other Threads:
  0x00007faaa3014000 VMThread [stack: 0x0000700003ba4000,0x0000700003ca4000] [id=11267]
  0x00007faaa381a800 WatcherThread [stack: 0x000070000443f000,0x000070000453f000] [id=18947]

VM state:not at safepoint (normal execution)

VM Mutex/Monitor currently owned by a thread: None

Heap:
 PSYoungGen      total 22016K, used 8840K [0x00000007aab00000, 0x00000007ac180000, 0x00000007c0000000)
  eden space 21504K, 40% used [0x00000007aab00000,0x00000007ab39a318,0x00000007ac000000)
  from space 512K, 6% used [0x00000007ac080000,0x00000007ac088000,0x00000007ac100000)
  to   space 512K, 0% used [0x00000007ac100000,0x00000007ac100000,0x00000007ac180000)
 ParOldGen       total 99328K, used 73326K [0x0000000780000000, 0x0000000786100000, 0x00000007aab00000)
  object space 99328K, 73% used [0x0000000780000000,0x000000078479b930,0x0000000786100000)
 Metaspace       used 25159K, capacity 25421K, committed 25600K, reserved 1073152K
  class space    used 2458K, capacity 2543K, committed 2560K, reserved 1048576K

Card table byte_map: [0x000000010bffe000,0x000000010c1ff000] byte_map_base: 0x00000001083fe000

Marking Bits: (ParMarkBitMap*) 0x000000010ad32d30
 Begin Bits: [0x000000010c355000, 0x000000010d355000)
 End Bits:   [0x000000010d355000, 0x000000010e355000)

Polling page: 0x000000010b3f2000

CodeCache: size=245760Kb used=11404Kb max_used=11425Kb free=234355Kb
 bounds [0x0000000111729000, 0x0000000112299000, 0x0000000120729000]
 total_blobs=4254 nmethods=3318 adapters=849
 compilation: enabled

Compilation events (10 events):
Event: 541.623 Thread 0x00007faaa2852000 4136       4       sun.java2d.pipe.RenderQueue::unlock (4 bytes)
Event: 541.638 Thread 0x00007faaa2852000 nmethod 4136 0x00000001121cb150 code [0x00000001121cb2a0, 0x00000001121cb468]
Event: 551.446 Thread 0x00007faaa3033000 4137       4       sun.java2d.pipe.RenderQueue::tryLock (4 bytes)
Event: 551.450 Thread 0x00007faaa3033000 nmethod 4137 0x000000011197cf90 code [0x000000011197d0e0, 0x000000011197d1f8]
Event: 645.617 Thread 0x00007faaa2852000 4138       4       sun.java2d.SurfaceData::pixelFor (13 bytes)
Event: 645.620 Thread 0x00007faaa2852000 nmethod 4138 0x0000000111976dd0 code [0x0000000111976f20, 0x0000000111977018]
Event: 645.629 Thread 0x00007faaa285a800 4139       3       java.lang.Thread::exit (51 bytes)
Event: 645.631 Thread 0x00007faaa285a800 nmethod 4139 0x0000000111ab3a10 code [0x0000000111ab3b80, 0x0000000111ab3e88]
Event: 645.657 Thread 0x00007faaa3033000 4140  s!   4       sun.misc.URLClassPath::getLoader (243 bytes)
Event: 645.669 Thread 0x00007faaa3033000 nmethod 4140 0x0000000111d0c190 code [0x0000000111d0c300, 0x0000000111d0cad8]

GC Heap History (10 events):
Event: 635.335 GC heap before
{Heap before GC invocations=206 (full 3):
 PSYoungGen      total 22016K, used 21600K [0x00000007aab00000, 0x00000007ac180000, 0x00000007c0000000)
  eden space 21504K, 100% used [0x00000007aab00000,0x00000007ac000000,0x00000007ac000000)
  from space 512K, 18% used [0x00000007ac100000,0x00000007ac118000,0x00000007ac180000)
  to   space 512K, 0% used [0x00000007ac080000,0x00000007ac080000,0x00000007ac100000)
 ParOldGen       total 99328K, used 73326K [0x0000000780000000, 0x0000000786100000, 0x00000007aab00000)
  object space 99328K, 73% used [0x0000000780000000,0x000000078479b930,0x0000000786100000)
 Metaspace       used 25123K, capacity 25421K, committed 25600K, reserved 1073152K
  class space    used 2450K, capacity 2543K, committed 2560K, reserved 1048576K
Event: 635.338 GC heap after
Heap after GC invocations=206 (full 3):
 PSYoungGen      total 22016K, used 96K [0x00000007aab00000, 0x00000007ac180000, 0x00000007c0000000)
  eden space 21504K, 0% used [0x00000007aab00000,0x00000007aab00000,0x00000007ac000000)
  from space 512K, 18% used [0x00000007ac080000,0x00000007ac098000,0x00000007ac100000)
  to   space 512K, 0% used [0x00000007ac100000,0x00000007ac100000,0x00000007ac180000)
 ParOldGen       total 99328K, used 73326K [0x0000000780000000, 0x0000000786100000, 0x00000007aab00000)
  object space 99328K, 73% used [0x0000000780000000,0x000000078479b930,0x0000000786100000)
 Metaspace       used 25123K, capacity 25421K, committed 25600K, reserved 1073152K
  class space    used 2450K, capacity 2543K, committed 2560K, reserved 1048576K
}
Event: 637.665 GC heap before
{Heap before GC invocations=207 (full 3):
 PSYoungGen      total 22016K, used 21600K [0x00000007aab00000, 0x00000007ac180000, 0x00000007c0000000)
  eden space 21504K, 100% used [0x00000007aab00000,0x00000007ac000000,0x00000007ac000000)
  from space 512K, 18% used [0x00000007ac080000,0x00000007ac098000,0x00000007ac100000)
  to   space 512K, 0% used [0x00000007ac100000,0x00000007ac100000,0x00000007ac180000)
 ParOldGen       total 99328K, used 73326K [0x0000000780000000, 0x0000000786100000, 0x00000007aab00000)
  object space 99328K, 73% used [0x0000000780000000,0x000000078479b930,0x0000000786100000)
 Metaspace       used 25123K, capacity 25421K, committed 25600K, reserved 1073152K
  class space    used 2450K, capacity 2543K, committed 2560K, reserved 1048576K
Event: 637.667 GC heap after
Heap after GC invocations=207 (full 3):
 PSYoungGen      total 22016K, used 64K [0x00000007aab00000, 0x00000007ac180000, 0x00000007c0000000)
  eden space 21504K, 0% used [0x00000007aab00000,0x00000007aab00000,0x00000007ac000000)
  from space 512K, 12% used [0x00000007ac100000,0x00000007ac110000,0x00000007ac180000)
  to   space 512K, 0% used [0x00000007ac080000,0x00000007ac080000,0x00000007ac100000)
 ParOldGen       total 99328K, used 73326K [0x0000000780000000, 0x0000000786100000, 0x00000007aab00000)
  object space 99328K, 73% used [0x0000000780000000,0x000000078479b930,0x0000000786100000)
 Metaspace       used 25123K, capacity 25421K, committed 25600K, reserved 1073152K
  class space    used 2450K, capacity 2543K, committed 2560K, reserved 1048576K
}
Event: 640.000 GC heap before
{Heap before GC invocations=208 (full 3):
 PSYoungGen      total 22016K, used 21568K [0x00000007aab00000, 0x00000007ac180000, 0x00000007c0000000)
  eden space 21504K, 100% used [0x00000007aab00000,0x00000007ac000000,0x00000007ac000000)
  from space 512K, 12% used [0x00000007ac100000,0x00000007ac110000,0x00000007ac180000)
  to   space 512K, 0% used [0x00000007ac080000,0x00000007ac080000,0x00000007ac100000)
 ParOldGen       total 99328K, used 73326K [0x0000000780000000, 0x0000000786100000, 0x00000007aab00000)
  object space 99328K, 73% used [0x0000000780000000,0x000000078479b930,0x0000000786100000)
 Metaspace       used 25123K, capacity 25421K, committed 25600K, reserved 1073152K
  class space    used 2450K, capacity 2543K, committed 2560K, reserved 1048576K
Event: 640.003 GC heap after
Heap after GC invocations=208 (full 3):
 PSYoungGen      total 22016K, used 32K [0x00000007aab00000, 0x00000007ac180000, 0x00000007c0000000)
  eden space 21504K, 0% used [0x00000007aab00000,0x00000007aab00000,0x00000007ac000000)
  from space 512K, 6% used [0x00000007ac080000,0x00000007ac088000,0x00000007ac100000)
  to   space 512K, 0% used [0x00000007ac100000,0x00000007ac100000,0x00000007ac180000)
 ParOldGen       total 99328K, used 73326K [0x0000000780000000, 0x0000000786100000, 0x00000007aab00000)
  object space 99328K, 73% used [0x0000000780000000,0x000000078479b930,0x0000000786100000)
 Metaspace       used 25123K, capacity 25421K, committed 25600K, reserved 1073152K
  class space    used 2450K, capacity 2543K, committed 2560K, reserved 1048576K
}
Event: 642.482 GC heap before
{Heap before GC invocations=209 (full 3):
 PSYoungGen      total 22016K, used 21536K [0x00000007aab00000, 0x00000007ac180000, 0x00000007c0000000)
  eden space 21504K, 100% used [0x00000007aab00000,0x00000007ac000000,0x00000007ac000000)
  from space 512K, 6% used [0x00000007ac080000,0x00000007ac088000,0x00000007ac100000)
  to   space 512K, 0% used [0x00000007ac100000,0x00000007ac100000,0x00000007ac180000)
 ParOldGen       total 99328K, used 73326K [0x0000000780000000, 0x0000000786100000, 0x00000007aab00000)
  object space 99328K, 73% used [0x0000000780000000,0x000000078479b930,0x0000000786100000)
 Metaspace       used 25123K, capacity 25421K, committed 25600K, reserved 1073152K
  class space    used 2450K, capacity 2543K, committed 2560K, reserved 1048576K
Event: 642.485 GC heap after
Heap after GC invocations=209 (full 3):
 PSYoungGen      total 22016K, used 64K [0x00000007aab00000, 0x00000007ac180000, 0x00000007c0000000)
  eden space 21504K, 0% used [0x00000007aab00000,0x00000007aab00000,0x00000007ac000000)
  from space 512K, 12% used [0x00000007ac100000,0x00000007ac110000,0x00000007ac180000)
  to   space 512K, 0% used [0x00000007ac080000,0x00000007ac080000,0x00000007ac100000)
 ParOldGen       total 99328K, used 73326K [0x0000000780000000, 0x0000000786100000, 0x00000007aab00000)
  object space 99328K, 73% used [0x0000000780000000,0x000000078479b930,0x0000000786100000)
 Metaspace       used 25123K, capacity 25421K, committed 25600K, reserved 1073152K
  class space    used 2450K, capacity 2543K, committed 2560K, reserved 1048576K
}
Event: 644.753 GC heap before
{Heap before GC invocations=210 (full 3):
 PSYoungGen      total 22016K, used 21568K [0x00000007aab00000, 0x00000007ac180000, 0x00000007c0000000)
  eden space 21504K, 100% used [0x00000007aab00000,0x00000007ac000000,0x00000007ac000000)
  from space 512K, 12% used [0x00000007ac100000,0x00000007ac110000,0x00000007ac180000)
  to   space 512K, 0% used [0x00000007ac080000,0x00000007ac080000,0x00000007ac100000)
 ParOldGen       total 99328K, used 73326K [0x0000000780000000, 0x0000000786100000, 0x00000007aab00000)
  object space 99328K, 73% used [0x0000000780000000,0x000000078479b930,0x0000000786100000)
 Metaspace       used 25124K, capacity 25421K, committed 25600K, reserved 1073152K
  class space    used 2450K, capacity 2543K, committed 2560K, reserved 1048576K
Event: 644.758 GC heap after
Heap after GC invocations=210 (full 3):
 PSYoungGen      total 22016K, used 32K [0x00000007aab00000, 0x00000007ac180000, 0x00000007c0000000)
  eden space 21504K, 0% used [0x00000007aab00000,0x00000007aab00000,0x00000007ac000000)
  from space 512K, 6% used [0x00000007ac080000,0x00000007ac088000,0x00000007ac100000)
  to   space 512K, 0% used [0x00000007ac100000,0x00000007ac100000,0x00000007ac180000)
 ParOldGen       total 99328K, used 73326K [0x0000000780000000, 0x0000000786100000, 0x00000007aab00000)
  object space 99328K, 73% used [0x0000000780000000,0x000000078479b930,0x0000000786100000)
 Metaspace       used 25124K, capacity 25421K, committed 25600K, reserved 1073152K
  class space    used 2450K, capacity 2543K, committed 2560K, reserved 1048576K
}

Deoptimization events (10 events):
Event: 645.648 Thread 0x00007faaa21e2000 Uncommon trap: reason=bimorphic action=maybe_recompile pc=0x0000000111c64458 method=java.util.HashMap.putVal(ILjava/lang/Object;Ljava/lang/Object;ZZ)Ljava/lang/Object; @ 91
Event: 645.648 Thread 0x00007faaa21e2000 Uncommon trap: reason=class_check action=maybe_recompile pc=0x0000000111bf904c method=java.util.HashMap.putVal(ILjava/lang/Object;Ljava/lang/Object;ZZ)Ljava/lang/Object; @ 91
Event: 645.648 Thread 0x00007faaa21e2000 Uncommon trap: reason=class_check action=maybe_recompile pc=0x0000000111bf904c method=java.util.HashMap.putVal(ILjava/lang/Object;Ljava/lang/Object;ZZ)Ljava/lang/Object; @ 91
Event: 645.650 Thread 0x00007faaa2232000 Uncommon trap: reason=unstable_if action=reinterpret pc=0x0000000111f1711c method=java.awt.EventQueue.getPriority(Ljava/awt/AWTEvent;)I @ 71
Event: 645.650 Thread 0x00007faaa2232000 Uncommon trap: reason=class_check action=maybe_recompile pc=0x0000000111d238dc method=java.awt.Component.getGraphics()Ljava/awt/Graphics; @ 114
Event: 645.651 Thread 0x00007faaa2232000 Uncommon trap: reason=unstable_if action=reinterpret pc=0x0000000111ede538 method=java.awt.font.FontRenderContext.equals(Ljava/awt/font/FontRenderContext;)Z @ 2
Event: 645.663 Thread 0x00007faaa3105800 Uncommon trap: reason=unstable_if action=reinterpret pc=0x0000000111d5dbfc method=jogamp.nativewindow.macosx.OSXUtil.RunOnMainThread(ZZLjava/lang/Runnable;)V @ 3
Event: 645.676 Thread 0x00007faaa31d8000 Uncommon trap: reason=unstable_if action=reinterpret pc=0x0000000111d48540 method=jogamp.opengl.GLContextImpl.release(Z)V @ 161
Event: 645.683 Thread 0x00007faaa31d8000 Uncommon trap: reason=unstable_if action=reinterpret pc=0x0000000111dfda98 method=java.util.LinkedList$ListItr.<init>(Ljava/util/LinkedList;I)V @ 26
Event: 645.691 Thread 0x00007faaa2232000 Uncommon trap: reason=class_check action=maybe_recompile pc=0x0000000111d238dc method=java.awt.Component.getGraphics()Ljava/awt/Graphics; @ 114

Internal exceptions (10 events):
Event: 0.443 Thread 0x00007faaa3006800 Exception <a 'java/lang/NoSuchFieldError': method resolution failed> (0x00000007aacd61a8) thrown at [/Users/java_re/workspace/8-2-build-macosx-x86_64/jdk8u121/8372/hotspot/src/share/vm/prims/methodHandles.cpp, line 1146]
Event: 0.759 Thread 0x00007faaa3006800 Exception <a 'java/io/FileNotFoundException'> (0x00000007aad52d70) thrown at [/Users/java_re/workspace/8-2-build-macosx-x86_64/jdk8u121/8372/hotspot/src/share/vm/prims/jni.cpp, line 709]
Event: 0.759 Thread 0x00007faaa3006800 Exception <a 'java/io/FileNotFoundException'> (0x00000007aad538c0) thrown at [/Users/java_re/workspace/8-2-build-macosx-x86_64/jdk8u121/8372/hotspot/src/share/vm/prims/jni.cpp, line 709]
Event: 0.998 Thread 0x00007faaa3006800 Exception <a 'java/io/FileNotFoundException'> (0x00000007aae8c1e8) thrown at [/Users/java_re/workspace/8-2-build-macosx-x86_64/jdk8u121/8372/hotspot/src/share/vm/prims/jni.cpp, line 709]
Event: 4.293 Thread 0x00007faaa3815000 Exception <a 'java/lang/NullPointerException'> (0x00000007aab84668) thrown at [/Users/java_re/workspace/8-2-build-macosx-x86_64/jdk8u121/8372/hotspot/src/share/vm/interpreter/linkResolver.cpp, line 1178]
Event: 4.394 Thread 0x00007faaa2236000 Exception <a 'java/lang/UnsatisfiedLinkError': com.jogamp.common.util.JarUtil.fixNativeLibAttribs(Ljava/lang/String;)Z> (0x00000007aaefe040) thrown at [/Users/java_re/workspace/8-2-build-macosx-x86_64/jdk8u121/8372/hotspot/src/share/vm/prims/nativeLookup.
Event: 6.570 Thread 0x00007faaa31d8000 Exception <a 'java/io/FileNotFoundException'> (0x00000007ab105f28) thrown at [/Users/java_re/workspace/8-2-build-macosx-x86_64/jdk8u121/8372/hotspot/src/share/vm/prims/jni.cpp, line 709]
Event: 6.571 Thread 0x00007faaa31d8000 Exception <a 'java/io/FileNotFoundException'> (0x00000007ab10c110) thrown at [/Users/java_re/workspace/8-2-build-macosx-x86_64/jdk8u121/8372/hotspot/src/share/vm/prims/jni.cpp, line 709]
Event: 6.571 Thread 0x00007faaa31d8000 Implicit null exception at 0x00000001118ed9f6 to 0x00000001118eddc5
Event: 7.429 Thread 0x00007faaa31d8000 Implicit null exception at 0x0000000111ae39c6 to 0x0000000111ae3c0d

Events (10 events):
Event: 645.684 Executing VM operation: Deoptimize
Event: 645.690 Executing VM operation: Deoptimize done
Event: 645.690 loading class java/awt/Toolkit$ToolkitEventMulticaster
Event: 645.690 loading class java/awt/Toolkit$ToolkitEventMulticaster done
Event: 645.691 Thread 0x00007faaa21e2000 Thread exited: 0x00007faaa21e2000
Event: 645.691 Thread 0x00007faaa2232000 Uncommon trap: trap_request=0xffffffde fr.pc=0x0000000111d238dc
Event: 645.691 Thread 0x00007faaa2232000 DEOPT PACKING pc=0x0000000111d238dc sp=0x0000700004c57c70
Event: 645.691 Thread 0x00007faaa2232000 DEOPT UNPACKING pc=0x000000011172e229 sp=0x0000700004c57c80 mode 2
Event: 645.691 loading class java/awt/Window$1DisposeAction
Event: 645.692 loading class java/awt/Window$1DisposeAction done


Dynamic libraries:
0x000000004c357000 	/System/Library/Frameworks/Cocoa.framework/Versions/A/Cocoa
0x000000004c357000 	/System/Library/Frameworks/Security.framework/Versions/A/Security
0x000000004c357000 	/System/Library/Frameworks/ApplicationServices.framework/Versions/A/ApplicationServices
0x000000004c357000 	/usr/lib/libz.1.dylib
0x000000004c357000 	/usr/lib/libSystem.B.dylib
0x000000004c357000 	/usr/lib/libobjc.A.dylib
0x000000004c357000 	/System/Library/Frameworks/CoreFoundation.framework/Versions/A/CoreFoundation
0x000000004c357000 	/System/Library/Frameworks/Foundation.framework/Versions/C/Foundation
0x000000004c357000 	/System/Library/Frameworks/AppKit.framework/Versions/C/AppKit
0x000000004c357000 	/System/Library/Frameworks/CoreData.framework/Versions/A/CoreData
0x000000004c357000 	/System/Library/PrivateFrameworks/RemoteViewServices.framework/Versions/A/RemoteViewServices
0x000000004c357000 	/System/Library/PrivateFrameworks/UIFoundation.framework/Versions/A/UIFoundation
0x000000004c357000 	/System/Library/PrivateFrameworks/DFRFoundation.framework/Versions/A/DFRFoundation
0x000000004c357000 	/usr/lib/libenergytrace.dylib
0x000000004c357000 	/System/Library/PrivateFrameworks/SkyLight.framework/Versions/A/SkyLight
0x000000004c357000 	/System/Library/Frameworks/CoreGraphics.framework/Versions/A/CoreGraphics
0x000000004c357000 	/usr/lib/libScreenReader.dylib
0x000000004c357000 	/System/Library/Frameworks/Accelerate.framework/Versions/A/Accelerate
0x000000004c357000 	/System/Library/Frameworks/IOSurface.framework/Versions/A/IOSurface
0x000000004c357000 	/System/Library/Frameworks/AudioToolbox.framework/Versions/A/AudioToolbox
0x000000004c357000 	/System/Library/Frameworks/AudioUnit.framework/Versions/A/AudioUnit
0x000000004c357000 	/System/Library/PrivateFrameworks/DataDetectorsCore.framework/Versions/A/DataDetectorsCore
0x000000004c357000 	/System/Library/PrivateFrameworks/DesktopServicesPriv.framework/Versions/A/DesktopServicesPriv
0x000000004c357000 	/System/Library/Frameworks/Carbon.framework/Versions/A/Frameworks/HIToolbox.framework/Versions/A/HIToolbox
0x000000004c357000 	/usr/lib/libicucore.A.dylib
0x000000004c357000 	/System/Library/Frameworks/QuartzCore.framework/Versions/A/QuartzCore
0x000000004c357000 	/System/Library/Frameworks/Carbon.framework/Versions/A/Frameworks/SpeechRecognition.framework/Versions/A/SpeechRecognition
0x000000004c357000 	/usr/lib/libauto.dylib
0x000000004c357000 	/usr/lib/libxml2.2.dylib
0x000000004c357000 	/System/Library/PrivateFrameworks/CoreUI.framework/Versions/A/CoreUI
0x000000004c357000 	/System/Library/Frameworks/CoreAudio.framework/Versions/A/CoreAudio
0x000000004c357000 	/System/Library/Frameworks/DiskArbitration.framework/Versions/A/DiskArbitration
0x000000004c357000 	/usr/lib/liblangid.dylib
0x000000004c357000 	/System/Library/PrivateFrameworks/MultitouchSupport.framework/Versions/A/MultitouchSupport
0x000000004c357000 	/System/Library/Frameworks/IOKit.framework/Versions/A/IOKit
0x000000004c357000 	/usr/lib/libDiagnosticMessagesClient.dylib
0x000000004c357000 	/System/Library/Frameworks/CoreServices.framework/Versions/A/CoreServices
0x000000004c357000 	/System/Library/PrivateFrameworks/PerformanceAnalysis.framework/Versions/A/PerformanceAnalysis
0x000000004c357000 	/System/Library/PrivateFrameworks/GenerationalStorage.framework/Versions/A/GenerationalStorage
0x000000004c357000 	/System/Library/Frameworks/OpenGL.framework/Versions/A/OpenGL
0x000000004c357000 	/System/Library/Frameworks/CoreImage.framework/Versions/A/CoreImage
0x000000004c357000 	/System/Library/Frameworks/CoreText.framework/Versions/A/CoreText
0x000000004c357000 	/System/Library/Frameworks/ImageIO.framework/Versions/A/ImageIO
0x000000004c357000 	/System/Library/PrivateFrameworks/Backup.framework/Versions/A/Backup
0x000000004c357000 	/usr/lib/libarchive.2.dylib
0x000000004c357000 	/System/Library/Frameworks/CFNetwork.framework/Versions/A/CFNetwork
0x000000004c357000 	/System/Library/Frameworks/SystemConfiguration.framework/Versions/A/SystemConfiguration
0x000000004c357000 	/usr/lib/libCRFSuite.dylib
0x000000004c357000 	/usr/lib/libc++.1.dylib
0x000000004c357000 	/usr/lib/libc++abi.dylib
0x000000004c357000 	/usr/lib/system/libcache.dylib
0x000000004c357000 	/usr/lib/system/libcommonCrypto.dylib
0x000000004c357000 	/usr/lib/system/libcompiler_rt.dylib
0x000000004c357000 	/usr/lib/system/libcopyfile.dylib
0x000000004c357000 	/usr/lib/system/libcorecrypto.dylib
0x000000004c357000 	/usr/lib/system/libdispatch.dylib
0x000000004c357000 	/usr/lib/system/libdyld.dylib
0x000000004c357000 	/usr/lib/system/libkeymgr.dylib
0x000000004c357000 	/usr/lib/system/liblaunch.dylib
0x000000004c357000 	/usr/lib/system/libmacho.dylib
0x000000004c357000 	/usr/lib/system/libquarantine.dylib
0x000000004c357000 	/usr/lib/system/libremovefile.dylib
0x000000004c357000 	/usr/lib/system/libsystem_asl.dylib
0x000000004c357000 	/usr/lib/system/libsystem_blocks.dylib
0x000000004c357000 	/usr/lib/system/libsystem_c.dylib
0x000000004c357000 	/usr/lib/system/libsystem_configuration.dylib
0x000000004c357000 	/usr/lib/system/libsystem_coreservices.dylib
0x000000004c357000 	/usr/lib/system/libsystem_coretls.dylib
0x000000004c357000 	/usr/lib/system/libsystem_dnssd.dylib
0x000000004c357000 	/usr/lib/system/libsystem_info.dylib
0x000000004c357000 	/usr/lib/system/libsystem_kernel.dylib
0x000000004c357000 	/usr/lib/system/libsystem_m.dylib
0x000000004c357000 	/usr/lib/system/libsystem_malloc.dylib
0x000000004c357000 	/usr/lib/system/libsystem_network.dylib
0x000000004c357000 	/usr/lib/system/libsystem_networkextension.dylib
0x000000004c357000 	/usr/lib/system/libsystem_notify.dylib
0x000000004c357000 	/usr/lib/system/libsystem_platform.dylib
0x000000004c357000 	/usr/lib/system/libsystem_pthread.dylib
0x000000004c357000 	/usr/lib/system/libsystem_sandbox.dylib
0x000000004c357000 	/usr/lib/system/libsystem_secinit.dylib
0x000000004c357000 	/usr/lib/system/libsystem_symptoms.dylib
0x000000004c357000 	/usr/lib/system/libsystem_trace.dylib
0x000000004c357000 	/usr/lib/system/libunwind.dylib
0x000000004c357000 	/usr/lib/system/libxpc.dylib
0x000000004c357000 	/usr/lib/libbsm.0.dylib
0x000000004c357000 	/usr/lib/system/libkxld.dylib
0x000000004c357000 	/usr/lib/libcoretls.dylib
0x000000004c357000 	/usr/lib/libcoretls_cfhelpers.dylib
0x000000004c357000 	/usr/lib/libOpenScriptingUtil.dylib
0x000000004c357000 	/usr/lib/libpam.2.dylib
0x000000004c357000 	/usr/lib/libsqlite3.dylib
0x000000004c357000 	/usr/lib/libxar.1.dylib
0x000000004c357000 	/usr/lib/libbz2.1.0.dylib
0x000000004c357000 	/usr/lib/liblzma.5.dylib
0x000000004c357000 	/usr/lib/libnetwork.dylib
0x000000004c357000 	/usr/lib/libpcap.A.dylib
0x000000004c357000 	/System/Library/Frameworks/CoreServices.framework/Versions/A/Frameworks/FSEvents.framework/Versions/A/FSEvents
0x000000004c357000 	/System/Library/Frameworks/CoreServices.framework/Versions/A/Frameworks/CarbonCore.framework/Versions/A/CarbonCore
0x000000004c357000 	/System/Library/Frameworks/CoreServices.framework/Versions/A/Frameworks/Metadata.framework/Versions/A/Metadata
0x000000004c357000 	/System/Library/Frameworks/CoreServices.framework/Versions/A/Frameworks/OSServices.framework/Versions/A/OSServices
0x000000004c357000 	/System/Library/Frameworks/CoreServices.framework/Versions/A/Frameworks/SearchKit.framework/Versions/A/SearchKit
0x000000004c357000 	/System/Library/Frameworks/CoreServices.framework/Versions/A/Frameworks/AE.framework/Versions/A/AE
0x000000004c357000 	/System/Library/Frameworks/CoreServices.framework/Versions/A/Frameworks/LaunchServices.framework/Versions/A/LaunchServices
0x000000004c357000 	/System/Library/Frameworks/CoreServices.framework/Versions/A/Frameworks/DictionaryServices.framework/Versions/A/DictionaryServices
0x000000004c357000 	/System/Library/Frameworks/CoreServices.framework/Versions/A/Frameworks/SharedFileList.framework/Versions/A/SharedFileList
0x000000004c357000 	/System/Library/Frameworks/NetFS.framework/Versions/A/NetFS
0x000000004c357000 	/System/Library/PrivateFrameworks/NetAuth.framework/Versions/A/NetAuth
0x000000004c357000 	/System/Library/PrivateFrameworks/login.framework/Versions/A/Frameworks/loginsupport.framework/Versions/A/loginsupport
0x000000004c357000 	/System/Library/PrivateFrameworks/TCC.framework/Versions/A/TCC
0x000000004c357000 	/usr/lib/libmecabra.dylib
0x000000004c357000 	/System/Library/Frameworks/ApplicationServices.framework/Versions/A/Frameworks/ATS.framework/Versions/A/ATS
0x000000004c357000 	/System/Library/Frameworks/ApplicationServices.framework/Versions/A/Frameworks/ColorSync.framework/Versions/A/ColorSync
0x000000004c357000 	/System/Library/Frameworks/ApplicationServices.framework/Versions/A/Frameworks/HIServices.framework/Versions/A/HIServices
0x000000004c357000 	/System/Library/Frameworks/ApplicationServices.framework/Versions/A/Frameworks/LangAnalysis.framework/Versions/A/LangAnalysis
0x000000004c357000 	/System/Library/Frameworks/ApplicationServices.framework/Versions/A/Frameworks/PrintCore.framework/Versions/A/PrintCore
0x000000004c357000 	/System/Library/Frameworks/ApplicationServices.framework/Versions/A/Frameworks/QD.framework/Versions/A/QD
0x000000004c357000 	/System/Library/Frameworks/ApplicationServices.framework/Versions/A/Frameworks/SpeechSynthesis.framework/Versions/A/SpeechSynthesis
0x000000004c357000 	/System/Library/Frameworks/Accelerate.framework/Versions/A/Frameworks/vImage.framework/Versions/A/vImage
0x000000004c357000 	/System/Library/Frameworks/Accelerate.framework/Versions/A/Frameworks/vecLib.framework/Versions/A/vecLib
0x000000004c357000 	/System/Library/Frameworks/Accelerate.framework/Versions/A/Frameworks/vecLib.framework/Versions/A/libvDSP.dylib
0x000000004c357000 	/System/Library/Frameworks/Accelerate.framework/Versions/A/Frameworks/vecLib.framework/Versions/A/libBNNS.dylib
0x000000004c357000 	/System/Library/Frameworks/Accelerate.framework/Versions/A/Frameworks/vecLib.framework/Versions/A/libQuadrature.dylib
0x000000004c357000 	/System/Library/Frameworks/Accelerate.framework/Versions/A/Frameworks/vecLib.framework/Versions/A/libvMisc.dylib
0x000000004c357000 	/System/Library/Frameworks/Accelerate.framework/Versions/A/Frameworks/vecLib.framework/Versions/A/libLAPACK.dylib
0x000000004c357000 	/System/Library/Frameworks/Accelerate.framework/Versions/A/Frameworks/vecLib.framework/Versions/A/libBLAS.dylib
0x000000004c357000 	/System/Library/Frameworks/Accelerate.framework/Versions/A/Frameworks/vecLib.framework/Versions/A/libLinearAlgebra.dylib
0x000000004c357000 	/System/Library/Frameworks/Accelerate.framework/Versions/A/Frameworks/vecLib.framework/Versions/A/libSparseBLAS.dylib
0x000000004c357000 	/System/Library/Frameworks/ApplicationServices.framework/Versions/A/Frameworks/ATS.framework/Versions/A/Resources/libFontParser.dylib
0x000000004c357000 	/System/Library/Frameworks/ApplicationServices.framework/Versions/A/Frameworks/ATS.framework/Versions/A/Resources/libFontRegistry.dylib
0x000000004c357000 	/System/Library/Frameworks/ImageIO.framework/Versions/A/Resources/libJPEG.dylib
0x000000004c357000 	/System/Library/Frameworks/ImageIO.framework/Versions/A/Resources/libTIFF.dylib
0x000000004c357000 	/System/Library/Frameworks/ImageIO.framework/Versions/A/Resources/libPng.dylib
0x000000004c357000 	/System/Library/Frameworks/ImageIO.framework/Versions/A/Resources/libGIF.dylib
0x000000004c357000 	/System/Library/Frameworks/ImageIO.framework/Versions/A/Resources/libJP2.dylib
0x000000004c357000 	/System/Library/Frameworks/ImageIO.framework/Versions/A/Resources/libRadiance.dylib
0x000000004c357000 	/usr/lib/libcompression.dylib
0x000000004c357000 	/System/Library/PrivateFrameworks/AppleJPEG.framework/Versions/A/AppleJPEG
0x000000004c357000 	/usr/lib/libcups.2.dylib
0x000000004c357000 	/System/Library/Frameworks/Kerberos.framework/Versions/A/Kerberos
0x000000004c357000 	/System/Library/Frameworks/GSS.framework/Versions/A/GSS
0x000000004c357000 	/usr/lib/libresolv.9.dylib
0x000000004c357000 	/usr/lib/libiconv.2.dylib
0x000000004c357000 	/System/Library/PrivateFrameworks/Heimdal.framework/Versions/A/Heimdal
0x000000004c357000 	/usr/lib/libheimdal-asn1.dylib
0x000000004c357000 	/System/Library/Frameworks/OpenDirectory.framework/Versions/A/OpenDirectory
0x000000004c357000 	/System/Library/PrivateFrameworks/CommonAuth.framework/Versions/A/CommonAuth
0x000000004c357000 	/System/Library/Frameworks/OpenDirectory.framework/Versions/A/Frameworks/CFOpenDirectory.framework/Versions/A/CFOpenDirectory
0x000000004c357000 	/System/Library/Frameworks/SecurityFoundation.framework/Versions/A/SecurityFoundation
0x000000004c357000 	/System/Library/PrivateFrameworks/LanguageModeling.framework/Versions/A/LanguageModeling
0x000000004c357000 	/usr/lib/libmarisa.dylib
0x000000004c357000 	/usr/lib/libChineseTokenizer.dylib
0x000000004c357000 	/usr/lib/libcmph.dylib
0x000000004c357000 	/System/Library/PrivateFrameworks/CoreEmoji.framework/Versions/A/CoreEmoji
0x000000004c357000 	/System/Library/Frameworks/ServiceManagement.framework/Versions/A/ServiceManagement
0x000000004c357000 	/usr/lib/libxslt.1.dylib
0x000000004c357000 	/System/Library/Frameworks/Carbon.framework/Versions/A/Frameworks/Ink.framework/Versions/A/Ink
0x000000004c357000 	/System/Library/PrivateFrameworks/TextureIO.framework/Versions/A/TextureIO
0x000000004c357000 	/System/Library/Frameworks/Metal.framework/Versions/A/Metal
0x000000004c357000 	/usr/lib/libate.dylib
0x000000004c357000 	/System/Library/PrivateFrameworks/GPUCompiler.framework/libmetal_timestamp.dylib
0x000000004c357000 	/System/Library/Frameworks/OpenGL.framework/Versions/A/Libraries/libCoreFSCache.dylib
0x000000004c357000 	/System/Library/PrivateFrameworks/IOAccelerator.framework/Versions/A/IOAccelerator
0x000000004c357000 	/System/Library/Frameworks/CoreVideo.framework/Versions/A/CoreVideo
0x000000004c357000 	/usr/lib/libFosl_dynamic.dylib
0x000000004c357000 	/System/Library/PrivateFrameworks/MetalPerformanceShaders.framework/Versions/A/MetalPerformanceShaders
0x000000004c357000 	/System/Library/PrivateFrameworks/FaceCore.framework/Versions/A/FaceCore
0x000000004c357000 	/System/Library/Frameworks/OpenCL.framework/Versions/A/OpenCL
0x000000004c357000 	/System/Library/Frameworks/OpenGL.framework/Versions/A/Libraries/libGLU.dylib
0x000000004c357000 	/System/Library/Frameworks/OpenGL.framework/Versions/A/Libraries/libGFXShared.dylib
0x000000004c357000 	/System/Library/Frameworks/OpenGL.framework/Versions/A/Libraries/libGL.dylib
0x000000004c357000 	/System/Library/Frameworks/OpenGL.framework/Versions/A/Libraries/libGLImage.dylib
0x000000004c357000 	/System/Library/Frameworks/OpenGL.framework/Versions/A/Libraries/libCVMSPluginSupport.dylib
0x000000004c357000 	/System/Library/Frameworks/OpenGL.framework/Versions/A/Libraries/libCoreVMClient.dylib
0x000000004c357000 	/System/Library/PrivateFrameworks/CrashReporterSupport.framework/Versions/A/CrashReporterSupport
0x000000004c357000 	/System/Library/PrivateFrameworks/Sharing.framework/Versions/A/Sharing
0x000000004c357000 	/System/Library/PrivateFrameworks/IconServices.framework/Versions/A/IconServices
0x000000004c357000 	/System/Library/PrivateFrameworks/ProtocolBuffer.framework/Versions/A/ProtocolBuffer
0x000000004c357000 	/System/Library/PrivateFrameworks/Apple80211.framework/Versions/A/Apple80211
0x000000004c357000 	/System/Library/Frameworks/CoreWLAN.framework/Versions/A/CoreWLAN
0x000000004c357000 	/System/Library/PrivateFrameworks/CoreUtils.framework/Versions/A/CoreUtils
0x000000004c357000 	/System/Library/Frameworks/IOBluetooth.framework/Versions/A/IOBluetooth
0x000000004c357000 	/System/Library/PrivateFrameworks/CoreWiFi.framework/Versions/A/CoreWiFi
0x000000004c357000 	/System/Library/Frameworks/CoreBluetooth.framework/Versions/A/CoreBluetooth
0x000000004c357000 	/System/Library/Frameworks/CoreDisplay.framework/Versions/A/CoreDisplay
0x000000004c357000 	/System/Library/PrivateFrameworks/IOPresentment.framework/Versions/A/IOPresentment
0x000000004c357000 	/System/Library/PrivateFrameworks/DSExternalDisplay.framework/Versions/A/DSExternalDisplay
0x000000004c357000 	/System/Library/PrivateFrameworks/DebugSymbols.framework/Versions/A/DebugSymbols
0x000000004c357000 	/System/Library/PrivateFrameworks/CoreSymbolication.framework/Versions/A/CoreSymbolication
0x000000004c357000 	/System/Library/PrivateFrameworks/Symbolication.framework/Versions/A/Symbolication
0x000000004c357000 	/System/Library/PrivateFrameworks/AppleFSCompression.framework/Versions/A/AppleFSCompression
0x000000004c357000 	/System/Library/PrivateFrameworks/SpeechRecognitionCore.framework/Versions/A/SpeechRecognitionCore
0x000000004c357000 	/System/Library/PrivateFrameworks/ChunkingLibrary.framework/Versions/A/ChunkingLibrary
0x000000010a442000 	/Library/Java/JavaVirtualMachines/jdk1.8.0_121.jdk/Contents/Home/jre/lib/server/libjvm.dylib
0x000000004c357000 	/usr/lib/libstdc++.6.dylib
0x000000010b3e4000 	/Library/Java/JavaVirtualMachines/jdk1.8.0_121.jdk/Contents/Home/jre/lib/libverify.dylib
0x000000010bc00000 	/Library/Java/JavaVirtualMachines/jdk1.8.0_121.jdk/Contents/Home/jre/lib/libjava.dylib
0x000000010bc35000 	/Library/Java/JavaVirtualMachines/jdk1.8.0_121.jdk/Contents/Home/jre/lib/libzip.dylib
0x0000000110038000 	/System/Library/Frameworks/JavaVM.framework/Frameworks/JavaRuntimeSupport.framework/JavaRuntimeSupport
0x0000000110052000 	/System/Library/Frameworks/JavaVM.framework/Versions/A/Frameworks/JavaNativeFoundation.framework/Versions/A/JavaNativeFoundation
0x0000000110067000 	/System/Library/Frameworks/JavaVM.framework/Versions/A/JavaVM
0x000000004c357000 	/System/Library/Frameworks/Carbon.framework/Versions/A/Carbon
0x0000000110074000 	/System/Library/PrivateFrameworks/JavaLaunching.framework/Versions/A/JavaLaunching
0x000000004c357000 	/System/Library/Frameworks/Carbon.framework/Versions/A/Frameworks/CommonPanels.framework/Versions/A/CommonPanels
0x000000004c357000 	/System/Library/Frameworks/Carbon.framework/Versions/A/Frameworks/Help.framework/Versions/A/Help
0x000000004c357000 	/System/Library/Frameworks/Carbon.framework/Versions/A/Frameworks/ImageCapture.framework/Versions/A/ImageCapture
0x000000004c357000 	/System/Library/Frameworks/Carbon.framework/Versions/A/Frameworks/OpenScripting.framework/Versions/A/OpenScripting
0x000000004c357000 	/System/Library/Frameworks/Carbon.framework/Versions/A/Frameworks/Print.framework/Versions/A/Print
0x000000004c357000 	/System/Library/Frameworks/Carbon.framework/Versions/A/Frameworks/SecurityHI.framework/Versions/A/SecurityHI
0x00000001100cd000 	/Library/Java/JavaVirtualMachines/jdk1.8.0_121.jdk/Contents/Home/jre/lib/libawt.dylib
0x0000000110175000 	/Library/Java/JavaVirtualMachines/jdk1.8.0_121.jdk/Contents/Home/jre/lib/./libmlib_image.dylib
0x0000000110241000 	/Library/Java/JavaVirtualMachines/jdk1.8.0_121.jdk/Contents/Home/jre/lib/libawt_lwawt.dylib
0x00000001102f8000 	/Library/Java/JavaVirtualMachines/jdk1.8.0_121.jdk/Contents/Home/jre/lib/./libosxapp.dylib
0x000000004c357000 	/System/Library/Frameworks/ExceptionHandling.framework/Versions/A/ExceptionHandling
0x000000004c357000 	/System/Library/PrivateFrameworks/CoreServicesInternal.framework/Versions/A/CoreServicesInternal
0x000000004c357000 	/System/Library/CoreServices/RawCamera.bundle/Contents/MacOS/RawCamera
0x000000004c357000 	/System/Library/Frameworks/Accelerate.framework/Versions/A/Frameworks/vImage.framework/Versions/A/Libraries/libCGInterfaces.dylib
0x000000004c357000 	/System/Library/Frameworks/ApplicationServices.framework/Versions/A/Frameworks/ATS.framework/Versions/A/Resources/libTrueTypeScaler.dylib
0x0000000122927000 	/System/Library/Frameworks/OpenGL.framework/Resources/GLEngine.bundle/GLEngine
0x000000004c357000 	/System/Library/Frameworks/OpenGL.framework/Versions/A/Libraries/libGLProgrammability.dylib
0x0000000122b0c000 	/System/Library/Extensions/AppleIntelHD5000GraphicsGLDriver.bundle/Contents/MacOS/AppleIntelHD5000GraphicsGLDriver
0x000000004c357000 	/System/Library/PrivateFrameworks/GPUSupport.framework/Versions/A/Libraries/libGPUSupportMercury.dylib
0x00000001114ea000 	/System/Library/Frameworks/OpenGL.framework/Resources//GLRendererFloat.bundle/GLRendererFloat
0x000000004c357000 	/System/Library/Frameworks/OpenCL.framework/Versions/A/Libraries/libcldcpuengine.dylib
0x000000004c357000 	/usr/lib/libcrypto.0.9.8.dylib
0x000000004c357000 	/System/Library/PrivateFrameworks/TrustEvaluationAgent.framework/Versions/A/TrustEvaluationAgent
0x000000011151e000 	/System/Library/Extensions/AppleIntelHD5000GraphicsMTLDriver.bundle/Contents/MacOS/AppleIntelHD5000GraphicsMTLDriver
0x000000004c357000 	/System/Library/PrivateFrameworks/FamilyControls.framework/Versions/A/FamilyControls
0x000000004c357000 	/System/Library/PrivateFrameworks/CommerceKit.framework/Versions/A/Frameworks/CommerceCore.framework/Versions/A/CommerceCore
0x000000004c357000 	/System/Library/PrivateFrameworks/SystemAdministration.framework/Versions/A/SystemAdministration
0x000000004c357000 	/System/Library/PrivateFrameworks/AppContainer.framework/Versions/A/AppContainer
0x000000004c357000 	/System/Library/PrivateFrameworks/SecCodeWrapper.framework/Versions/A/SecCodeWrapper
0x000000004c357000 	/System/Library/Frameworks/DirectoryService.framework/Versions/A/DirectoryService
0x000000004c357000 	/System/Library/PrivateFrameworks/DiskImages.framework/Versions/A/DiskImages
0x000000004c357000 	/System/Library/PrivateFrameworks/LoginUIKit.framework/Versions/A/Frameworks/LoginUICore.framework/Versions/A/LoginUICore
0x000000004c357000 	/usr/lib/libCoreStorage.dylib
0x000000004c357000 	/usr/lib/libcsfde.dylib
0x000000004c357000 	/usr/lib/libodfde.dylib
0x000000004c357000 	/System/Library/Frameworks/DiscRecording.framework/Versions/A/DiscRecording
0x000000004c357000 	/usr/lib/libcurl.4.dylib
0x000000004c357000 	/System/Library/PrivateFrameworks/MediaKit.framework/Versions/A/MediaKit
0x000000004c357000 	/System/Library/PrivateFrameworks/ProtectedCloudStorage.framework/Versions/A/ProtectedCloudStorage
0x000000004c357000 	/System/Library/PrivateFrameworks/EFILogin.framework/Versions/A/EFILogin
0x000000004c357000 	/usr/lib/libutil.dylib
0x000000004c357000 	/System/Library/Frameworks/LDAP.framework/Versions/A/LDAP
0x000000004c357000 	/usr/lib/libsasl2.2.dylib
0x000000004c357000 	/System/Library/PrivateFrameworks/CoreDaemon.framework/Versions/B/CoreDaemon
0x000000004c357000 	/System/Library/PrivateFrameworks/AppleSRP.framework/Versions/A/AppleSRP
0x000000004c357000 	/System/Library/PrivateFrameworks/APFS.framework/Versions/A/APFS
0x0000000124ce4000 	/Library/Java/JavaVirtualMachines/jdk1.8.0_121.jdk/Contents/Home/jre/lib/libfontmanager.dylib
0x000000004c357000 	/System/Library/PrivateFrameworks/ViewBridge.framework/Versions/A/ViewBridge
0x000000004c357000 	/System/Library/PrivateFrameworks/XPCService.framework/Versions/A/XPCService
0x000000004c357000 	/System/Library/PrivateFrameworks/AppSandbox.framework/Versions/A/AppSandbox
0x000000004c357000 	/usr/lib/libsandbox.1.dylib
0x000000004c357000 	/usr/lib/libMatch.1.dylib
0x00000001260df000 	/Library/Java/JavaVirtualMachines/jdk1.8.0_121.jdk/Contents/Home/jre/lib/libosxui.dylib
0x0000000126c94000 	/Library/Java/JavaVirtualMachines/jdk1.8.0_121.jdk/Contents/Home/jre/lib/libnet.dylib
0x0000000126cab000 	/Library/Java/JavaVirtualMachines/jdk1.8.0_121.jdk/Contents/Home/jre/lib/libnio.dylib
0x0000000125dee000 	/private/var/folders/z5/dkh_k18x6bn8z6w6jj1k7pqm0000gn/T/jogamp_0000/file_cache/jln8133087391426144720/jln1951790087342786482/libgluegen-rt.jnilib
0x000000018f5f7000 	/private/var/folders/z5/dkh_k18x6bn8z6w6jj1k7pqm0000gn/T/jogamp_0000/file_cache/jln8133087391426144720/jln1951790087342786482/libnativewindow_awt.jnilib
0x000000018f5fa000 	/Library/Java/JavaVirtualMachines/jdk1.8.0_121.jdk/Contents/Home/jre/lib/libjawt.dylib
0x000000018f5fd000 	/private/var/folders/z5/dkh_k18x6bn8z6w6jj1k7pqm0000gn/T/jogamp_0000/file_cache/jln8133087391426144720/jln1951790087342786482/libnativewindow_macosx.jnilib
0x0000000190e6c000 	/private/var/folders/z5/dkh_k18x6bn8z6w6jj1k7pqm0000gn/T/jogamp_0000/file_cache/jln8133087391426144720/jln1951790087342786482/libjogl_desktop.jnilib
0x00000001939f0000 	/Library/Java/JavaVirtualMachines/jdk1.8.0_121.jdk/Contents/Home/jre/lib/libsunec.dylib
0x0000000196b94000 	/Library/Java/JavaVirtualMachines/jdk1.8.0_121.jdk/Contents/Home/jre/lib/libt2k.dylib

VM Arguments:
jvm_args: -Djava.security.policy=java.policy.applet -Dfile.encoding=MacRoman 
java_command: sun.applet.AppletViewer module5.EarthquakeCityMap1523847742884.html
java_class_path (initial): /Users/Mac/Documents/workspace/UCSDUnfoldingMaps/build:/Users/Mac/Documents/workspace/UCSDUnfoldingMaps/lib/core.jar:/Users/Mac/Documents/workspace/UCSDUnfoldingMaps/lib/gluegen-rt.jar:/Users/Mac/Documents/workspace/UCSDUnfoldingMaps/lib/jogl-all.jar:/Users/Mac/Documents/workspace/UCSDUnfoldingMaps/lib/log4j-1.2.15.jar:/Users/Mac/Documents/workspace/UCSDUnfoldingMaps/lib/sqlite-jdbc-3.7.2.jar:/Users/Mac/Documents/workspace/UCSDUnfoldingMaps/lib/json4processing.jar:/Users/Mac/Documents/workspace/UCSDUnfoldingMaps/lib/libTUIO.jar:/Users/Mac/Documents/workspace/UCSDUnfoldingMaps/lib/unfolding.0.9.7-uscd.jar
Launcher Type: SUN_STANDARD

Environment Variables:
PATH=/Library/Frameworks/Python.framework/Versions/3.6/bin:/usr/local/bin:/usr/bin:/bin:/usr/sbin:/sbin:/opt/X11/bin:/Library/Frameworks/Mono.framework/Versions/Current/Commands:/Library/TeX/texbin
SHELL=/bin/bash
DISPLAY=/private/tmp/com.apple.launchd.BfoSnAz3r8/org.macosforge.xquartz:0

Signal Handlers:
SIGSEGV: [libjvm.dylib+0x5b1141], sa_mask[0]=11111111011111110111111111111111, sa_flags=SA_ONSTACK|SA_RESTART|SA_SIGINFO
SIGBUS: [libjvm.dylib+0x5b1141], sa_mask[0]=11111111011111110111111111111111, sa_flags=SA_RESTART|SA_SIGINFO
SIGFPE: [libjvm.dylib+0x487bc4], sa_mask[0]=11111111011111110111111111111111, sa_flags=SA_RESTART|SA_SIGINFO
SIGPIPE: [libjvm.dylib+0x487bc4], sa_mask[0]=11111111011111110111111111111111, sa_flags=SA_RESTART|SA_SIGINFO
SIGXFSZ: [libjvm.dylib+0x487bc4], sa_mask[0]=11111111011111110111111111111111, sa_flags=SA_RESTART|SA_SIGINFO
SIGILL: [libjvm.dylib+0x487bc4], sa_mask[0]=11111111011111110111111111111111, sa_flags=SA_RESTART|SA_SIGINFO
SIGUSR1: SIG_DFL, sa_mask[0]=11011111011111100000000111000110, sa_flags=none
SIGUSR2: [libjvm.dylib+0x4876e2], sa_mask[0]=00100000000000000000000000000000, sa_flags=SA_RESTART|SA_SIGINFO
SIGHUP: [libjvm.dylib+0x485cb9], sa_mask[0]=11111111011111110111111111111111, sa_flags=SA_RESTART|SA_SIGINFO
SIGINT: [libjvm.dylib+0x485cb9], sa_mask[0]=11111111011111110111111111111111, sa_flags=SA_RESTART|SA_SIGINFO
SIGTERM: [libjvm.dylib+0x485cb9], sa_mask[0]=11111111011111110111111111111111, sa_flags=SA_RESTART|SA_SIGINFO
SIGQUIT: [libjvm.dylib+0x485cb9], sa_mask[0]=11111111011111110111111111111111, sa_flags=SA_RESTART|SA_SIGINFO


---------------  S Y S T E M  ---------------

OS:Bsduname:Darwin 16.7.0 Darwin Kernel Version 16.7.0: Thu Jan 11 22:59:40 PST 2018; root:xnu-3789.73.8~1/RELEASE_X86_64 x86_64
rlimit: STACK 8192k, CORE 0k, NPROC 709, NOFILE 10240, AS infinity
load average:2.82 2.52 2.47

CPU:total 4 (2 cores per cpu, 2 threads per core) family 6 model 69 stepping 1, cmov, cx8, fxsr, mmx, sse, sse2, sse3, ssse3, sse4.1, sse4.2, popcnt, avx, avx2, aes, clmul, erms, lzcnt, ht, tsc, tscinvbit, bmi1, bmi2

Memory: 4k page, physical 4194304k(51660k free)

/proc/meminfo:


vm_info: Java HotSpot(TM) 64-Bit Server VM (25.121-b13) for bsd-amd64 JRE (1.8.0_121-b13), built on Dec 12 2016 20:39:32 by "java_re" with gcc 4.2.1 (Based on Apple Inc. build 5658) (LLVM build 2336.11.00)

time: Sun Apr 15 20:13:08 2018
elapsed time: 645 seconds (0d 0h 10m 45s)

