#
# A fatal error has been detected by the Java Runtime Environment:
#
#  SIGSEGV (0xb) at pc=0x00007fffd65f048f, pid=6305, tid=0x0000000000000307
#
# JRE version: Java(TM) SE Runtime Environment (8.0_121-b13) (build 1.8.0_121-b13)
# Java VM: Java HotSpot(TM) 64-Bit Server VM (25.121-b13 mixed mode bsd-amd64 compressed oops)
# Problematic frame:
# C  [libobjc.A.dylib+0x948f]  objc_release+0xf
#
# Failed to write core dump. Core dumps have been disabled. To enable core dumping, try "ulimit -c unlimited" before starting Java again
#
# If you would like to submit a bug report, please visit:
#   http://bugreport.java.com/bugreport/crash.jsp
# The crash happened outside the Java Virtual Machine in native code.
# See problematic frame for where to report the bug.
#

---------------  T H R E A D  ---------------

Current thread (0x00007faad3222000):  JavaThread "AWT-AppKit" daemon [_thread_in_native, id=775, stack(0x00007fff5c6ed000,0x00007fff5ceed000)]

siginfo: si_signo: 11 (SIGSEGV), si_code: 0 (unknown), si_addr: 0x0000000000000000

Registers:
RAX=0x0000000000000008, RBX=0x0000000000000000, RCX=0x0000000000000003, RDX=0x00007faad8071a68
RSP=0x00007fff5cee8110, RBP=0x00007fff5cee8110, RSI=0x0000000119582fb0, RDI=0xe00007faad2f139e
R8 =0x0000000000000001, R9 =0x0000000000000000, R10=0x0000000187bad840, R11=0x00007faad470b5c0
R12=0x0000000000000000, R13=0x0000000189891818, R14=0x00007faad850a210, R15=0x00007faad3222000
RIP=0x00007fffd65f048f, EFLAGS=0x0000000000010246, ERR=0x0000000000000000
  TRAPNO=0x000000000000000d

Top of Stack: (sp=0x00007fff5cee8110)
0x00007fff5cee8110:   00007fff5cee8140 000000011950b01b
0x00007fff5cee8120:   0000000043e10000 0000000187bad450
0x00007fff5cee8130:   0000000187bad440 00007faad3222000
0x00007fff5cee8140:   00007fff5cee8200 0000000187bab215
0x00007fff5cee8150:   0000000187bad700 0000000187bad6e0
0x00007fff5cee8160:   0000000187bad4b0 0000000000000000
0x00007fff5cee8170:   0000000189891818 0000000189891818
0x00007fff5cee8180:   00007faad8071a60 0000000187bad6a0
0x00007fff5cee8190:   0000000187bad710 00007fffdc6546d0
0x00007fff5cee81a0:   00007fffdd2841e0 0000000187bad450
0x00007fff5cee81b0:   0000000187bad690 00007faad8071a60
0x00007fff5cee81c0:   00007faad850a210 00007faad2e2fe70
0x00007fff5cee81d0:   00007faad8071a60 00007faad850a210
0x00007fff5cee81e0:   00007fff5cee8288 00007faad32221f8
0x00007fff5cee81f0:   0000000189891818 00007fff5cee82b0
0x00007fff5cee8200:   00007fff5cee8278 00000001067b09f4
0x00007fff5cee8210:   0000000189891818 00007fff5cee82b0
0x00007fff5cee8220:   00007fff5cee8278 00000001067b0787
0x00007fff5cee8230:   00000001067b0742 00007fff5cee8238
0x00007fff5cee8240:   0000000189891818 00007fff5cee82b0
0x00007fff5cee8250:   0000000189894450 0000000000000000
0x00007fff5cee8260:   0000000189891818 0000000000000000
0x00007fff5cee8270:   00007fff5cee8298 00007fff5cee82f8
0x00007fff5cee8280:   00000001067a12bd 0000000780702508
0x00007fff5cee8290:   00000001067aa538 00007faad8071a60
0x00007fff5cee82a0:   00007fff5cee82f8 00007faad850a210
0x00007fff5cee82b0:   00000001067abe02 00007fff5cee82b8
0x00007fff5cee82c0:   00000001898919e2 00007fff5cee8320
0x00007fff5cee82d0:   0000000189894450 0000000000000000
0x00007fff5cee82e0:   00000001898919f0 00007fff5cee8298
0x00007fff5cee82f0:   00007fff5cee8308 00007fff5cee8368
0x00007fff5cee8300:   00000001067a12bd 00007faad8071a60 

Instructions: (pc=0x00007fffd65f048f)
0x00007fffd65f046f:   e9 38 54 00 00 90 90 90 90 90 90 90 90 90 90 90
0x00007fffd65f047f:   90 55 48 89 e5 48 85 ff 74 67 40 f6 c7 01 75 61
0x00007fffd65f048f:   48 8b 07 48 b9 f8 ff ff ff ff 7f 00 00 48 21 c1
0x00007fffd65f049f:   f6 41 20 02 74 58 a8 01 74 49 48 b9 00 00 00 00 

Register to memory mapping:

RAX=0x0000000000000008 is an unknown value
RBX=0x0000000000000000 is an unknown value
RCX=0x0000000000000003 is an unknown value
RDX=0x00007faad8071a68 is an unknown value
RSP=0x00007fff5cee8110 is pointing into the stack for thread: 0x00007faad3222000
RBP=0x00007fff5cee8110 is pointing into the stack for thread: 0x00007faad3222000
RSI=0x0000000119582fb0: OBJC_IVAR_$_PrinterView.fCurPeekGraphics+0x1ad0 in /Library/Java/JavaVirtualMachines/jdk1.8.0_121.jdk/Contents/Home/jre/lib/libawt_lwawt.dylib at 0x0000000119506000
RDI=0xe00007faad2f139e is an unknown value
R8 =0x0000000000000001 is an unknown value
R9 =0x0000000000000000 is an unknown value
R10=0x0000000187bad840: OBJC_CLASS_$_MyCALayer+0 in /private/var/folders/z5/dkh_k18x6bn8z6w6jj1k7pqm0000gn/T/jogamp_0000/file_cache/jln3644079659851288787/jln7112497139116169519/libnativewindow_macosx.jnilib at 0x0000000187ba6000
R11=0x00007faad470b5c0 is an unknown value
R12=0x0000000000000000 is an unknown value
R13={method} {0x0000000189891818} 'UnsetJAWTRootSurfaceLayer0' '(JJ)V' in 'jogamp/nativewindow/jawt/macosx/MacOSXJAWTWindow'
R14=0x00007faad850a210 is an unknown value
R15=0x00007faad3222000 is a thread


Stack: [0x00007fff5c6ed000,0x00007fff5ceed000],  sp=0x00007fff5cee8110,  free space=8172k
Native frames: (J=compiled Java code, j=interpreted, Vv=VM code, C=native code)
C  [libobjc.A.dylib+0x948f]  objc_release+0xf
C  [libawt_lwawt.dylib+0x501b]  -[AWTSurfaceLayers setLayer:]+0x54
C  [libnativewindow_macosx.jnilib+0x5215]  Java_jogamp_nativewindow_jawt_macosx_MacOSXJAWTWindow_UnsetJAWTRootSurfaceLayer0+0x1a5
j  jogamp.nativewindow.jawt.macosx.MacOSXJAWTWindow.UnsetJAWTRootSurfaceLayer0(JJ)V+0
j  jogamp.nativewindow.jawt.macosx.MacOSXJAWTWindow.access$200(JJ)V+2
j  jogamp.nativewindow.jawt.macosx.MacOSXJAWTWindow$1.run()V+38
J 2658 C1 com.jogamp.common.util.RunnableTask.run()V (345 bytes) @ 0x0000000106f87cf4 [0x0000000106f87b60+0x194]
v  ~StubRoutines::call_stub
V  [libjvm.dylib+0x2ed9d6]  JavaCalls::call_helper(JavaValue*, methodHandle*, JavaCallArguments*, Thread*)+0x6ae
V  [libjvm.dylib+0x324b65]  jni_invoke_nonstatic(JNIEnv_*, JavaValue*, _jobject*, JNICallType, _jmethodID*, JNI_ArgumentPusher*, Thread*)+0x2ec
V  [libjvm.dylib+0x317333]  jni_CallVoidMethod+0x16b
C  [libnativewindow_macosx.jnilib+0x5326]  Java_jogamp_nativewindow_jawt_macosx_MacOSXJAWTWindow_UnsetJAWTRootSurfaceLayer0+0x2b6
C  [Foundation+0x7152a]  __NSThreadPerformPerform+0x146
C  [CoreFoundation+0xa7321]  __CFRUNLOOP_IS_CALLING_OUT_TO_A_SOURCE0_PERFORM_FUNCTION__+0x11
C  [CoreFoundation+0x88197]  __CFRunLoopDoSources0+0x1a7
C  [CoreFoundation+0x87716]  __CFRunLoopRun+0x3a6
C  [CoreFoundation+0x87114]  CFRunLoopRunSpecific+0x1a4
C  [HIToolbox+0x30ebc]  RunCurrentEventLoopInMode+0xf0
C  [HIToolbox+0x30bf9]  ReceiveNextEventCommon+0xb8
C  [HIToolbox+0x30b26]  _BlockUntilNextEventMatchingListInModeWithFilter+0x47
C  [AppKit+0x46a54]  _DPSNextEvent+0x460
C  [AppKit+0x7c27ee]  -[NSApplication(NSEvent) _nextEventMatchingEventMask:untilDate:inMode:dequeue:]+0xaec
C  [libosxapp.dylib+0x23aa]  -[NSApplicationAWT nextEventMatchingMask:untilDate:inMode:dequeue:]+0x7c
C  [AppKit+0x3b3db]  -[NSApplication run]+0x39e
C  [libosxapp.dylib+0x214d]  +[NSApplicationAWT runAWTLoopWithApp:]+0x9c
C  [libawt_lwawt.dylib+0x45ff7]  -[AWTStarter starter:]+0x389
C  [Foundation+0x7152a]  __NSThreadPerformPerform+0x146
C  [CoreFoundation+0xa7321]  __CFRUNLOOP_IS_CALLING_OUT_TO_A_SOURCE0_PERFORM_FUNCTION__+0x11
C  [CoreFoundation+0x8821d]  __CFRunLoopDoSources0+0x22d
C  [CoreFoundation+0x87716]  __CFRunLoopRun+0x3a6
C  [CoreFoundation+0x87114]  CFRunLoopRunSpecific+0x1a4
C  [java+0x6465]  CreateExecutionEnvironment+0x367
C  [java+0x218c]  JLI_Launch+0x7a0
C  [java+0x84c2]  main+0x65
C  [java+0x19e4]  start+0x34
C  0x0000000000000007

Java frames: (J=compiled Java code, j=interpreted, Vv=VM code)
j  jogamp.nativewindow.jawt.macosx.MacOSXJAWTWindow.UnsetJAWTRootSurfaceLayer0(JJ)V+0
j  jogamp.nativewindow.jawt.macosx.MacOSXJAWTWindow.access$200(JJ)V+2
j  jogamp.nativewindow.jawt.macosx.MacOSXJAWTWindow$1.run()V+38
J 2658 C1 com.jogamp.common.util.RunnableTask.run()V (345 bytes) @ 0x0000000106f87cf4 [0x0000000106f87b60+0x194]
v  ~StubRoutines::call_stub

---------------  P R O C E S S  ---------------

Java Threads: ( => current thread )
  0x00007faad4680000 JavaThread "Thread-19" [_thread_blocked, id=75387, stack(0x00007000055d0000,0x00007000056d0000)]
  0x00007faad43b3000 JavaThread "AWT-EventQueue-1" [_thread_in_native, id=67423, stack(0x000070000544a000,0x000070000554a000)]
  0x00007faad395a800 JavaThread "DestroyJavaVM" [_thread_blocked, id=6915, stack(0x0000700003d7f000,0x0000700003e7f000)]
  0x00007faad3958000 JavaThread "AWT-EventQueue-0" [_thread_blocked, id=60179, stack(0x0000700005244000,0x0000700005344000)]
  0x00007faad418c800 JavaThread "Java2D Disposer" daemon [_thread_blocked, id=56847, stack(0x0000700004fbb000,0x00007000050bb000)]
  0x00007faad4150000 JavaThread "Java2D Queue Flusher" daemon [_thread_blocked, id=47663, stack(0x0000700004eb8000,0x0000700004fb8000)]
  0x00007faad4039800 JavaThread "AWT-Shutdown" [_thread_blocked, id=29471, stack(0x0000700004caf000,0x0000700004daf000)]
=>0x00007faad3222000 JavaThread "AWT-AppKit" daemon [_thread_in_native, id=775, stack(0x00007fff5c6ed000,0x00007fff5ceed000)]
  0x00007faad4000800 JavaThread "Service Thread" daemon [_thread_blocked, id=18691, stack(0x0000700004a26000,0x0000700004b26000)]
  0x00007faad3827800 JavaThread "C1 CompilerThread2" daemon [_thread_blocked, id=18179, stack(0x0000700004923000,0x0000700004a23000)]
  0x00007faad3807000 JavaThread "C2 CompilerThread1" daemon [_thread_blocked, id=17667, stack(0x0000700004820000,0x0000700004920000)]
  0x00007faad306f000 JavaThread "C2 CompilerThread0" daemon [_thread_blocked, id=17155, stack(0x000070000471d000,0x000070000481d000)]
  0x00007faad482b800 JavaThread "Signal Dispatcher" daemon [_thread_blocked, id=16643, stack(0x000070000461a000,0x000070000471a000)]
  0x00007faad4804000 JavaThread "Finalizer" daemon [_thread_blocked, id=12291, stack(0x0000700004494000,0x0000700004594000)]
  0x00007faad3816800 JavaThread "Reference Handler" daemon [_thread_blocked, id=11779, stack(0x0000700004391000,0x0000700004491000)]

Other Threads:
  0x00007faad3037000 VMThread [stack: 0x000070000428e000,0x000070000438e000] [id=11267]
  0x00007faad402f000 WatcherThread [stack: 0x0000700004b29000,0x0000700004c29000] [id=19203]

VM state:not at safepoint (normal execution)

VM Mutex/Monitor currently owned by a thread: None

Heap:
 PSYoungGen      total 48128K, used 21455K [0x00000007aab00000, 0x00000007ae480000, 0x00000007c0000000)
  eden space 39424K, 35% used [0x00000007aab00000,0x00000007ab8d0b20,0x00000007ad180000)
  from space 8704K, 83% used [0x00000007adc00000,0x00000007ae323458,0x00000007ae480000)
  to   space 9728K, 0% used [0x00000007ad180000,0x00000007ad180000,0x00000007adb00000)
 ParOldGen       total 37888K, used 14047K [0x0000000780000000, 0x0000000782500000, 0x00000007aab00000)
  object space 37888K, 37% used [0x0000000780000000,0x0000000780db7d90,0x0000000782500000)
 Metaspace       used 24676K, capacity 24905K, committed 25088K, reserved 1071104K
  class space    used 2460K, capacity 2543K, committed 2560K, reserved 1048576K

Card table byte_map: [0x0000000104962000,0x0000000104b63000] byte_map_base: 0x0000000100d62000

Marking Bits: (ParMarkBitMap*) 0x0000000103ef0d30
 Begin Bits: [0x0000000115799000, 0x0000000116799000)
 End Bits:   [0x0000000116799000, 0x0000000117799000)

Polling page: 0x0000000102dd3000

CodeCache: size=245760Kb used=10069Kb max_used=10097Kb free=235690Kb
 bounds [0x0000000106799000, 0x0000000107189000, 0x0000000115799000]
 total_blobs=3946 nmethods=3015 adapters=844
 compilation: enabled

Compilation events (10 events):
Event: 23.233 Thread 0x00007faad306f000 3277       4       de.fhpotsdam.unfolding.mapdisplay.Java2DMapDisplay::draw (331 bytes)
Event: 23.583 Thread 0x00007faad3807000 3278       4       java.util.TimSort::countRunAndMakeAscending (128 bytes)
Event: 23.603 Thread 0x00007faad3807000 nmethod 3278 0x000000010715ae90 code [0x000000010715b040, 0x000000010715b6b8]
Event: 23.668 Thread 0x00007faad3827800 3279       3       sun.java2d.pipe.RenderBuffer::putInt (26 bytes)
Event: 23.668 Thread 0x00007faad3827800 nmethod 3279 0x000000010715aa90 code [0x000000010715ac00, 0x000000010715ad70]
Event: 23.668 Thread 0x00007faad3827800 3280       3       java.awt.KeyboardFocusManager::checkKFMSecurity (11 bytes)
Event: 23.669 Thread 0x00007faad3827800 nmethod 3280 0x0000000107160890 code [0x0000000107160a80, 0x00000001071611b8]
Event: 23.711 Thread 0x00007faad306f000 nmethod 3277 0x0000000107168c10 code [0x00000001071699a0, 0x0000000107170670]
Event: 23.719 Thread 0x00007faad3807000 3281  s!   4       sun.misc.URLClassPath::getLoader (243 bytes)
Event: 23.726 Thread 0x00007faad3807000 nmethod 3281 0x0000000107167f10 code [0x0000000107168080, 0x0000000107168858]

GC Heap History (10 events):
Event: 9.498 GC heap before
{Heap before GC invocations=7 (full 1):
 PSYoungGen      total 18944K, used 18771K [0x00000007aab00000, 0x00000007ad480000, 0x00000007c0000000)
  eden space 16384K, 99% used [0x00000007aab00000,0x00000007abad9f38,0x00000007abb00000)
  from space 2560K, 99% used [0x00000007abb00000,0x00000007abd7ae10,0x00000007abd80000)
  to   space 9728K, 0% used [0x00000007acb00000,0x00000007acb00000,0x00000007ad480000)
 ParOldGen       total 37888K, used 13951K [0x0000000780000000, 0x0000000782500000, 0x00000007aab00000)
  object space 37888K, 36% used [0x0000000780000000,0x0000000780d9fd80,0x0000000782500000)
 Metaspace       used 23926K, capacity 24191K, committed 24320K, reserved 1071104K
  class space    used 2451K, capacity 2542K, committed 2560K, reserved 1048576K
Event: 9.509 GC heap after
Heap after GC invocations=7 (full 1):
 PSYoungGen      total 33280K, used 6189K [0x00000007aab00000, 0x00000007ad480000, 0x00000007c0000000)
  eden space 23552K, 0% used [0x00000007aab00000,0x00000007aab00000,0x00000007ac200000)
  from space 9728K, 63% used [0x00000007acb00000,0x00000007ad10b408,0x00000007ad480000)
  to   space 9216K, 0% used [0x00000007ac200000,0x00000007ac200000,0x00000007acb00000)
 ParOldGen       total 37888K, used 14023K [0x0000000780000000, 0x0000000782500000, 0x00000007aab00000)
  object space 37888K, 37% used [0x0000000780000000,0x0000000780db1d90,0x0000000782500000)
 Metaspace       used 23926K, capacity 24191K, committed 24320K, reserved 1071104K
  class space    used 2451K, capacity 2542K, committed 2560K, reserved 1048576K
}
Event: 11.503 GC heap before
{Heap before GC invocations=8 (full 1):
 PSYoungGen      total 33280K, used 29741K [0x00000007aab00000, 0x00000007ad480000, 0x00000007c0000000)
  eden space 23552K, 100% used [0x00000007aab00000,0x00000007ac200000,0x00000007ac200000)
  from space 9728K, 63% used [0x00000007acb00000,0x00000007ad10b408,0x00000007ad480000)
  to   space 9216K, 0% used [0x00000007ac200000,0x00000007ac200000,0x00000007acb00000)
 ParOldGen       total 37888K, used 14023K [0x0000000780000000, 0x0000000782500000, 0x00000007aab00000)
  object space 37888K, 37% used [0x0000000780000000,0x0000000780db1d90,0x0000000782500000)
 Metaspace       used 24248K, capacity 24521K, committed 24832K, reserved 1071104K
  class space    used 2452K, capacity 2543K, committed 2560K, reserved 1048576K
Event: 11.519 GC heap after
Heap after GC invocations=8 (full 1):
 PSYoungGen      total 32768K, used 7451K [0x00000007aab00000, 0x00000007adf80000, 0x00000007c0000000)
  eden space 23552K, 0% used [0x00000007aab00000,0x00000007aab00000,0x00000007ac200000)
  from space 9216K, 80% used [0x00000007ac200000,0x00000007ac946fc0,0x00000007acb00000)
  to   space 9728K, 0% used [0x00000007ad600000,0x00000007ad600000,0x00000007adf80000)
 ParOldGen       total 37888K, used 14031K [0x0000000780000000, 0x0000000782500000, 0x00000007aab00000)
  object space 37888K, 37% used [0x0000000780000000,0x0000000780db3d90,0x0000000782500000)
 Metaspace       used 24248K, capacity 24521K, committed 24832K, reserved 1071104K
  class space    used 2452K, capacity 2543K, committed 2560K, reserved 1048576K
}
Event: 14.368 GC heap before
{Heap before GC invocations=9 (full 1):
 PSYoungGen      total 32768K, used 31003K [0x00000007aab00000, 0x00000007adf80000, 0x00000007c0000000)
  eden space 23552K, 100% used [0x00000007aab00000,0x00000007ac200000,0x00000007ac200000)
  from space 9216K, 80% used [0x00000007ac200000,0x00000007ac946fc0,0x00000007acb00000)
  to   space 9728K, 0% used [0x00000007ad600000,0x00000007ad600000,0x00000007adf80000)
 ParOldGen       total 37888K, used 14031K [0x0000000780000000, 0x0000000782500000, 0x00000007aab00000)
  object space 37888K, 37% used [0x0000000780000000,0x0000000780db3d90,0x0000000782500000)
 Metaspace       used 24498K, capacity 24777K, committed 25088K, reserved 1071104K
  class space    used 2452K, capacity 2543K, committed 2560K, reserved 1048576K
Event: 14.379 GC heap after
Heap after GC invocations=9 (full 1):
 PSYoungGen      total 41984K, used 7387K [0x00000007aab00000, 0x00000007ade80000, 0x00000007c0000000)
  eden space 33280K, 0% used [0x00000007aab00000,0x00000007aab00000,0x00000007acb80000)
  from space 8704K, 84% used [0x00000007ad600000,0x00000007add36d80,0x00000007ade80000)
  to   space 9728K, 0% used [0x00000007acb80000,0x00000007acb80000,0x00000007ad500000)
 ParOldGen       total 37888K, used 14039K [0x0000000780000000, 0x0000000782500000, 0x00000007aab00000)
  object space 37888K, 37% used [0x0000000780000000,0x0000000780db5d90,0x0000000782500000)
 Metaspace       used 24498K, capacity 24777K, committed 25088K, reserved 1071104K
  class space    used 2452K, capacity 2543K, committed 2560K, reserved 1048576K
}
Event: 18.311 GC heap before
{Heap before GC invocations=10 (full 1):
 PSYoungGen      total 41984K, used 40667K [0x00000007aab00000, 0x00000007ade80000, 0x00000007c0000000)
  eden space 33280K, 100% used [0x00000007aab00000,0x00000007acb80000,0x00000007acb80000)
  from space 8704K, 84% used [0x00000007ad600000,0x00000007add36d80,0x00000007ade80000)
  to   space 9728K, 0% used [0x00000007acb80000,0x00000007acb80000,0x00000007ad500000)
 ParOldGen       total 37888K, used 14039K [0x0000000780000000, 0x0000000782500000, 0x00000007aab00000)
  object space 37888K, 37% used [0x0000000780000000,0x0000000780db5d90,0x0000000782500000)
 Metaspace       used 24570K, capacity 24841K, committed 25088K, reserved 1071104K
  class space    used 2452K, capacity 2543K, committed 2560K, reserved 1048576K
Event: 18.317 GC heap after
Heap after GC invocations=10 (full 1):
 PSYoungGen      total 43008K, used 7451K [0x00000007aab00000, 0x00000007ae580000, 0x00000007c0000000)
  eden space 33280K, 0% used [0x00000007aab00000,0x00000007aab00000,0x00000007acb80000)
  from space 9728K, 76% used [0x00000007acb80000,0x00000007ad2c6da0,0x00000007ad500000)
  to   space 9728K, 0% used [0x00000007adc00000,0x00000007adc00000,0x00000007ae580000)
 ParOldGen       total 37888K, used 14047K [0x0000000780000000, 0x0000000782500000, 0x00000007aab00000)
  object space 37888K, 37% used [0x0000000780000000,0x0000000780db7d90,0x0000000782500000)
 Metaspace       used 24570K, capacity 24841K, committed 25088K, reserved 1071104K
  class space    used 2452K, capacity 2543K, committed 2560K, reserved 1048576K
}
Event: 22.200 GC heap before
{Heap before GC invocations=11 (full 1):
 PSYoungGen      total 43008K, used 40731K [0x00000007aab00000, 0x00000007ae580000, 0x00000007c0000000)
  eden space 33280K, 100% used [0x00000007aab00000,0x00000007acb80000,0x00000007acb80000)
  from space 9728K, 76% used [0x00000007acb80000,0x00000007ad2c6da0,0x00000007ad500000)
  to   space 9728K, 0% used [0x00000007adc00000,0x00000007adc00000,0x00000007ae580000)
 ParOldGen       total 37888K, used 14047K [0x0000000780000000, 0x0000000782500000, 0x00000007aab00000)
  object space 37888K, 37% used [0x0000000780000000,0x0000000780db7d90,0x0000000782500000)
 Metaspace       used 24640K, capacity 24905K, committed 25088K, reserved 1071104K
  class space    used 2452K, capacity 2543K, committed 2560K, reserved 1048576K
Event: 22.210 GC heap after
Heap after GC invocations=11 (full 1):
 PSYoungGen      total 48128K, used 7309K [0x00000007aab00000, 0x00000007ae480000, 0x00000007c0000000)
  eden space 39424K, 0% used [0x00000007aab00000,0x00000007aab00000,0x00000007ad180000)
  from space 8704K, 83% used [0x00000007adc00000,0x00000007ae323458,0x00000007ae480000)
  to   space 9728K, 0% used [0x00000007ad180000,0x00000007ad180000,0x00000007adb00000)
 ParOldGen       total 37888K, used 14047K [0x0000000780000000, 0x0000000782500000, 0x00000007aab00000)
  object space 37888K, 37% used [0x0000000780000000,0x0000000780db7d90,0x0000000782500000)
 Metaspace       used 24640K, capacity 24905K, committed 25088K, reserved 1071104K
  class space    used 2452K, capacity 2543K, committed 2560K, reserved 1048576K
}

Deoptimization events (10 events):
Event: 9.690 Thread 0x00007faad4dca800 Uncommon trap: reason=unstable_if action=reinterpret pc=0x0000000106e5b41c method=sun.awt.image.PNGImageDecoder.produceImage()V @ 867
Event: 13.298 Thread 0x00007faad43b3000 Uncommon trap: reason=unstable_if action=reinterpret pc=0x00000001070235e8 method=java.util.WeakHashMap.get(Ljava/lang/Object;)Ljava/lang/Object; @ 35
Event: 23.680 Thread 0x00007faad3958000 Uncommon trap: reason=unstable_if action=reinterpret pc=0x00000001070107d4 method=java.awt.Font.equals(Ljava/lang/Object;)Z @ 2
Event: 23.713 Thread 0x00007faad328d800 Uncommon trap: reason=bimorphic action=maybe_recompile pc=0x0000000106cc8910 method=java.util.HashMap.putVal(ILjava/lang/Object;Ljava/lang/Object;ZZ)Ljava/lang/Object; @ 91
Event: 23.713 Thread 0x00007faad328d800 Uncommon trap: reason=bimorphic action=maybe_recompile pc=0x0000000106cc8910 method=java.util.HashMap.putVal(ILjava/lang/Object;Ljava/lang/Object;ZZ)Ljava/lang/Object; @ 91
Event: 23.713 Thread 0x00007faad328d800 Uncommon trap: reason=bimorphic action=maybe_recompile pc=0x0000000106cc8910 method=java.util.HashMap.putVal(ILjava/lang/Object;Ljava/lang/Object;ZZ)Ljava/lang/Object; @ 91
Event: 23.713 Thread 0x00007faad328d800 Uncommon trap: reason=bimorphic action=maybe_recompile pc=0x0000000106cc8910 method=java.util.HashMap.putVal(ILjava/lang/Object;Ljava/lang/Object;ZZ)Ljava/lang/Object; @ 91
Event: 23.713 Thread 0x00007faad328d800 Uncommon trap: reason=bimorphic action=maybe_recompile pc=0x0000000106deb774 method=java.util.HashMap.putVal(ILjava/lang/Object;Ljava/lang/Object;ZZ)Ljava/lang/Object; @ 91
Event: 23.732 Thread 0x00007faad43b3000 Uncommon trap: reason=unstable_if action=reinterpret pc=0x00000001070c689c method=java.security.AccessControlContext.optimize()Ljava/security/AccessControlContext; @ 233
Event: 23.733 Thread 0x00007faad4680000 Uncommon trap: reason=predicate action=maybe_recompile pc=0x0000000106fbebf0 method=java.util.Vector.indexOf(Ljava/lang/Object;I)I @ 44

Internal exceptions (10 events):
Event: 0.375 Thread 0x00007faad4801000 Exception <a 'java/lang/NoSuchFieldError': method resolution failed> (0x00000007aacc89d8) thrown at [/Users/java_re/workspace/8-2-build-macosx-x86_64/jdk8u121/8372/hotspot/src/share/vm/prims/methodHandles.cpp, line 1146]
Event: 0.393 Thread 0x00007faad4801000 Exception <a 'java/lang/NoSuchFieldError': method resolution failed> (0x00000007aacd61a8) thrown at [/Users/java_re/workspace/8-2-build-macosx-x86_64/jdk8u121/8372/hotspot/src/share/vm/prims/methodHandles.cpp, line 1146]
Event: 0.670 Thread 0x00007faad4801000 Exception <a 'java/io/FileNotFoundException'> (0x00000007aad52d70) thrown at [/Users/java_re/workspace/8-2-build-macosx-x86_64/jdk8u121/8372/hotspot/src/share/vm/prims/jni.cpp, line 709]
Event: 0.670 Thread 0x00007faad4801000 Exception <a 'java/io/FileNotFoundException'> (0x00000007aad538c0) thrown at [/Users/java_re/workspace/8-2-build-macosx-x86_64/jdk8u121/8372/hotspot/src/share/vm/prims/jni.cpp, line 709]
Event: 0.848 Thread 0x00007faad4801000 Exception <a 'java/io/FileNotFoundException'> (0x00000007aae8c1e8) thrown at [/Users/java_re/workspace/8-2-build-macosx-x86_64/jdk8u121/8372/hotspot/src/share/vm/prims/jni.cpp, line 709]
Event: 4.069 Thread 0x00007faad4804000 Exception <a 'java/lang/NullPointerException'> (0x00000007aab86cc0) thrown at [/Users/java_re/workspace/8-2-build-macosx-x86_64/jdk8u121/8372/hotspot/src/share/vm/interpreter/linkResolver.cpp, line 1178]
Event: 4.181 Thread 0x00007faad4984800 Exception <a 'java/lang/UnsatisfiedLinkError': com.jogamp.common.util.JarUtil.fixNativeLibAttribs(Ljava/lang/String;)Z> (0x00000007aaf0bcd8) thrown at [/Users/java_re/workspace/8-2-build-macosx-x86_64/jdk8u121/8372/hotspot/src/share/vm/prims/nativeLookup.
Event: 5.615 Thread 0x00007faad43b3000 Exception <a 'java/io/FileNotFoundException'> (0x00000007ab120638) thrown at [/Users/java_re/workspace/8-2-build-macosx-x86_64/jdk8u121/8372/hotspot/src/share/vm/prims/jni.cpp, line 709]
Event: 5.616 Thread 0x00007faad43b3000 Exception <a 'java/io/FileNotFoundException'> (0x00000007ab126820) thrown at [/Users/java_re/workspace/8-2-build-macosx-x86_64/jdk8u121/8372/hotspot/src/share/vm/prims/jni.cpp, line 709]
Event: 5.616 Thread 0x00007faad43b3000 Implicit null exception at 0x000000010695e3b6 to 0x000000010695e785

Events (10 events):
Event: 23.732 loading class java/awt/event/AWTEventListenerProxy
Event: 23.732 loading class java/awt/event/AWTEventListenerProxy done
Event: 23.732 loading class java/awt/Toolkit$ToolkitEventMulticaster
Event: 23.732 loading class java/awt/Toolkit$ToolkitEventMulticaster done
Event: 23.733 Thread 0x00007faad328d800 Thread exited: 0x00007faad328d800
Event: 23.733 Thread 0x00007faad4680000 Uncommon trap: trap_request=0xffffff86 fr.pc=0x0000000106fbebf0
Event: 23.733 Thread 0x00007faad4680000 DEOPT PACKING pc=0x0000000106fbebf0 sp=0x00007000056cf7f0
Event: 23.733 Thread 0x00007faad4680000 DEOPT UNPACKING pc=0x000000010679e229 sp=0x00007000056cf7a0 mode 2
Event: 23.733 loading class java/awt/Window$1DisposeAction
Event: 23.733 loading class java/awt/Window$1DisposeAction done


Dynamic libraries:
0x000000004c357000 	/System/Library/Frameworks/Cocoa.framework/Versions/A/Cocoa
0x000000004c357000 	/System/Library/Frameworks/Security.framework/Versions/A/Security
0x000000004c357000 	/System/Library/Frameworks/ApplicationServices.framework/Versions/A/ApplicationServices
0x000000004c357000 	/usr/lib/libz.1.dylib
0x000000004c357000 	/usr/lib/libSystem.B.dylib
0x000000004c357000 	/usr/lib/libobjc.A.dylib
0x000000004c357000 	/System/Library/Frameworks/CoreFoundation.framework/Versions/A/CoreFoundation
0x000000004c357000 	/System/Library/Frameworks/Foundation.framework/Versions/C/Foundation
0x000000004c357000 	/System/Library/Frameworks/AppKit.framework/Versions/C/AppKit
0x000000004c357000 	/System/Library/Frameworks/CoreData.framework/Versions/A/CoreData
0x000000004c357000 	/System/Library/PrivateFrameworks/RemoteViewServices.framework/Versions/A/RemoteViewServices
0x000000004c357000 	/System/Library/PrivateFrameworks/UIFoundation.framework/Versions/A/UIFoundation
0x000000004c357000 	/System/Library/PrivateFrameworks/DFRFoundation.framework/Versions/A/DFRFoundation
0x000000004c357000 	/usr/lib/libenergytrace.dylib
0x000000004c357000 	/System/Library/PrivateFrameworks/SkyLight.framework/Versions/A/SkyLight
0x000000004c357000 	/System/Library/Frameworks/CoreGraphics.framework/Versions/A/CoreGraphics
0x000000004c357000 	/usr/lib/libScreenReader.dylib
0x000000004c357000 	/System/Library/Frameworks/Accelerate.framework/Versions/A/Accelerate
0x000000004c357000 	/System/Library/Frameworks/IOSurface.framework/Versions/A/IOSurface
0x000000004c357000 	/System/Library/Frameworks/AudioToolbox.framework/Versions/A/AudioToolbox
0x000000004c357000 	/System/Library/Frameworks/AudioUnit.framework/Versions/A/AudioUnit
0x000000004c357000 	/System/Library/PrivateFrameworks/DataDetectorsCore.framework/Versions/A/DataDetectorsCore
0x000000004c357000 	/System/Library/PrivateFrameworks/DesktopServicesPriv.framework/Versions/A/DesktopServicesPriv
0x000000004c357000 	/System/Library/Frameworks/Carbon.framework/Versions/A/Frameworks/HIToolbox.framework/Versions/A/HIToolbox
0x000000004c357000 	/usr/lib/libicucore.A.dylib
0x000000004c357000 	/System/Library/Frameworks/QuartzCore.framework/Versions/A/QuartzCore
0x000000004c357000 	/System/Library/Frameworks/Carbon.framework/Versions/A/Frameworks/SpeechRecognition.framework/Versions/A/SpeechRecognition
0x000000004c357000 	/usr/lib/libauto.dylib
0x000000004c357000 	/usr/lib/libxml2.2.dylib
0x000000004c357000 	/System/Library/PrivateFrameworks/CoreUI.framework/Versions/A/CoreUI
0x000000004c357000 	/System/Library/Frameworks/CoreAudio.framework/Versions/A/CoreAudio
0x000000004c357000 	/System/Library/Frameworks/DiskArbitration.framework/Versions/A/DiskArbitration
0x000000004c357000 	/usr/lib/liblangid.dylib
0x000000004c357000 	/System/Library/PrivateFrameworks/MultitouchSupport.framework/Versions/A/MultitouchSupport
0x000000004c357000 	/System/Library/Frameworks/IOKit.framework/Versions/A/IOKit
0x000000004c357000 	/usr/lib/libDiagnosticMessagesClient.dylib
0x000000004c357000 	/System/Library/Frameworks/CoreServices.framework/Versions/A/CoreServices
0x000000004c357000 	/System/Library/PrivateFrameworks/PerformanceAnalysis.framework/Versions/A/PerformanceAnalysis
0x000000004c357000 	/System/Library/PrivateFrameworks/GenerationalStorage.framework/Versions/A/GenerationalStorage
0x000000004c357000 	/System/Library/Frameworks/OpenGL.framework/Versions/A/OpenGL
0x000000004c357000 	/System/Library/Frameworks/CoreImage.framework/Versions/A/CoreImage
0x000000004c357000 	/System/Library/Frameworks/CoreText.framework/Versions/A/CoreText
0x000000004c357000 	/System/Library/Frameworks/ImageIO.framework/Versions/A/ImageIO
0x000000004c357000 	/System/Library/PrivateFrameworks/Backup.framework/Versions/A/Backup
0x000000004c357000 	/usr/lib/libarchive.2.dylib
0x000000004c357000 	/System/Library/Frameworks/CFNetwork.framework/Versions/A/CFNetwork
0x000000004c357000 	/System/Library/Frameworks/SystemConfiguration.framework/Versions/A/SystemConfiguration
0x000000004c357000 	/usr/lib/libCRFSuite.dylib
0x000000004c357000 	/usr/lib/libc++.1.dylib
0x000000004c357000 	/usr/lib/libc++abi.dylib
0x000000004c357000 	/usr/lib/system/libcache.dylib
0x000000004c357000 	/usr/lib/system/libcommonCrypto.dylib
0x000000004c357000 	/usr/lib/system/libcompiler_rt.dylib
0x000000004c357000 	/usr/lib/system/libcopyfile.dylib
0x000000004c357000 	/usr/lib/system/libcorecrypto.dylib
0x000000004c357000 	/usr/lib/system/libdispatch.dylib
0x000000004c357000 	/usr/lib/system/libdyld.dylib
0x000000004c357000 	/usr/lib/system/libkeymgr.dylib
0x000000004c357000 	/usr/lib/system/liblaunch.dylib
0x000000004c357000 	/usr/lib/system/libmacho.dylib
0x000000004c357000 	/usr/lib/system/libquarantine.dylib
0x000000004c357000 	/usr/lib/system/libremovefile.dylib
0x000000004c357000 	/usr/lib/system/libsystem_asl.dylib
0x000000004c357000 	/usr/lib/system/libsystem_blocks.dylib
0x000000004c357000 	/usr/lib/system/libsystem_c.dylib
0x000000004c357000 	/usr/lib/system/libsystem_configuration.dylib
0x000000004c357000 	/usr/lib/system/libsystem_coreservices.dylib
0x000000004c357000 	/usr/lib/system/libsystem_coretls.dylib
0x000000004c357000 	/usr/lib/system/libsystem_dnssd.dylib
0x000000004c357000 	/usr/lib/system/libsystem_info.dylib
0x000000004c357000 	/usr/lib/system/libsystem_kernel.dylib
0x000000004c357000 	/usr/lib/system/libsystem_m.dylib
0x000000004c357000 	/usr/lib/system/libsystem_malloc.dylib
0x000000004c357000 	/usr/lib/system/libsystem_network.dylib
0x000000004c357000 	/usr/lib/system/libsystem_networkextension.dylib
0x000000004c357000 	/usr/lib/system/libsystem_notify.dylib
0x000000004c357000 	/usr/lib/system/libsystem_platform.dylib
0x000000004c357000 	/usr/lib/system/libsystem_pthread.dylib
0x000000004c357000 	/usr/lib/system/libsystem_sandbox.dylib
0x000000004c357000 	/usr/lib/system/libsystem_secinit.dylib
0x000000004c357000 	/usr/lib/system/libsystem_symptoms.dylib
0x000000004c357000 	/usr/lib/system/libsystem_trace.dylib
0x000000004c357000 	/usr/lib/system/libunwind.dylib
0x000000004c357000 	/usr/lib/system/libxpc.dylib
0x000000004c357000 	/usr/lib/libbsm.0.dylib
0x000000004c357000 	/usr/lib/system/libkxld.dylib
0x000000004c357000 	/usr/lib/libcoretls.dylib
0x000000004c357000 	/usr/lib/libcoretls_cfhelpers.dylib
0x000000004c357000 	/usr/lib/libOpenScriptingUtil.dylib
0x000000004c357000 	/usr/lib/libpam.2.dylib
0x000000004c357000 	/usr/lib/libsqlite3.dylib
0x000000004c357000 	/usr/lib/libxar.1.dylib
0x000000004c357000 	/usr/lib/libbz2.1.0.dylib
0x000000004c357000 	/usr/lib/liblzma.5.dylib
0x000000004c357000 	/usr/lib/libnetwork.dylib
0x000000004c357000 	/usr/lib/libpcap.A.dylib
0x000000004c357000 	/System/Library/Frameworks/CoreServices.framework/Versions/A/Frameworks/FSEvents.framework/Versions/A/FSEvents
0x000000004c357000 	/System/Library/Frameworks/CoreServices.framework/Versions/A/Frameworks/CarbonCore.framework/Versions/A/CarbonCore
0x000000004c357000 	/System/Library/Frameworks/CoreServices.framework/Versions/A/Frameworks/Metadata.framework/Versions/A/Metadata
0x000000004c357000 	/System/Library/Frameworks/CoreServices.framework/Versions/A/Frameworks/OSServices.framework/Versions/A/OSServices
0x000000004c357000 	/System/Library/Frameworks/CoreServices.framework/Versions/A/Frameworks/SearchKit.framework/Versions/A/SearchKit
0x000000004c357000 	/System/Library/Frameworks/CoreServices.framework/Versions/A/Frameworks/AE.framework/Versions/A/AE
0x000000004c357000 	/System/Library/Frameworks/CoreServices.framework/Versions/A/Frameworks/LaunchServices.framework/Versions/A/LaunchServices
0x000000004c357000 	/System/Library/Frameworks/CoreServices.framework/Versions/A/Frameworks/DictionaryServices.framework/Versions/A/DictionaryServices
0x000000004c357000 	/System/Library/Frameworks/CoreServices.framework/Versions/A/Frameworks/SharedFileList.framework/Versions/A/SharedFileList
0x000000004c357000 	/System/Library/Frameworks/NetFS.framework/Versions/A/NetFS
0x000000004c357000 	/System/Library/PrivateFrameworks/NetAuth.framework/Versions/A/NetAuth
0x000000004c357000 	/System/Library/PrivateFrameworks/login.framework/Versions/A/Frameworks/loginsupport.framework/Versions/A/loginsupport
0x000000004c357000 	/System/Library/PrivateFrameworks/TCC.framework/Versions/A/TCC
0x000000004c357000 	/usr/lib/libmecabra.dylib
0x000000004c357000 	/System/Library/Frameworks/ApplicationServices.framework/Versions/A/Frameworks/ATS.framework/Versions/A/ATS
0x000000004c357000 	/System/Library/Frameworks/ApplicationServices.framework/Versions/A/Frameworks/ColorSync.framework/Versions/A/ColorSync
0x000000004c357000 	/System/Library/Frameworks/ApplicationServices.framework/Versions/A/Frameworks/HIServices.framework/Versions/A/HIServices
0x000000004c357000 	/System/Library/Frameworks/ApplicationServices.framework/Versions/A/Frameworks/LangAnalysis.framework/Versions/A/LangAnalysis
0x000000004c357000 	/System/Library/Frameworks/ApplicationServices.framework/Versions/A/Frameworks/PrintCore.framework/Versions/A/PrintCore
0x000000004c357000 	/System/Library/Frameworks/ApplicationServices.framework/Versions/A/Frameworks/QD.framework/Versions/A/QD
0x000000004c357000 	/System/Library/Frameworks/ApplicationServices.framework/Versions/A/Frameworks/SpeechSynthesis.framework/Versions/A/SpeechSynthesis
0x000000004c357000 	/System/Library/Frameworks/Accelerate.framework/Versions/A/Frameworks/vImage.framework/Versions/A/vImage
0x000000004c357000 	/System/Library/Frameworks/Accelerate.framework/Versions/A/Frameworks/vecLib.framework/Versions/A/vecLib
0x000000004c357000 	/System/Library/Frameworks/Accelerate.framework/Versions/A/Frameworks/vecLib.framework/Versions/A/libvDSP.dylib
0x000000004c357000 	/System/Library/Frameworks/Accelerate.framework/Versions/A/Frameworks/vecLib.framework/Versions/A/libBNNS.dylib
0x000000004c357000 	/System/Library/Frameworks/Accelerate.framework/Versions/A/Frameworks/vecLib.framework/Versions/A/libQuadrature.dylib
0x000000004c357000 	/System/Library/Frameworks/Accelerate.framework/Versions/A/Frameworks/vecLib.framework/Versions/A/libvMisc.dylib
0x000000004c357000 	/System/Library/Frameworks/Accelerate.framework/Versions/A/Frameworks/vecLib.framework/Versions/A/libLAPACK.dylib
0x000000004c357000 	/System/Library/Frameworks/Accelerate.framework/Versions/A/Frameworks/vecLib.framework/Versions/A/libBLAS.dylib
0x000000004c357000 	/System/Library/Frameworks/Accelerate.framework/Versions/A/Frameworks/vecLib.framework/Versions/A/libLinearAlgebra.dylib
0x000000004c357000 	/System/Library/Frameworks/Accelerate.framework/Versions/A/Frameworks/vecLib.framework/Versions/A/libSparseBLAS.dylib
0x000000004c357000 	/System/Library/Frameworks/ApplicationServices.framework/Versions/A/Frameworks/ATS.framework/Versions/A/Resources/libFontParser.dylib
0x000000004c357000 	/System/Library/Frameworks/ApplicationServices.framework/Versions/A/Frameworks/ATS.framework/Versions/A/Resources/libFontRegistry.dylib
0x000000004c357000 	/System/Library/Frameworks/ImageIO.framework/Versions/A/Resources/libJPEG.dylib
0x000000004c357000 	/System/Library/Frameworks/ImageIO.framework/Versions/A/Resources/libTIFF.dylib
0x000000004c357000 	/System/Library/Frameworks/ImageIO.framework/Versions/A/Resources/libPng.dylib
0x000000004c357000 	/System/Library/Frameworks/ImageIO.framework/Versions/A/Resources/libGIF.dylib
0x000000004c357000 	/System/Library/Frameworks/ImageIO.framework/Versions/A/Resources/libJP2.dylib
0x000000004c357000 	/System/Library/Frameworks/ImageIO.framework/Versions/A/Resources/libRadiance.dylib
0x000000004c357000 	/usr/lib/libcompression.dylib
0x000000004c357000 	/System/Library/PrivateFrameworks/AppleJPEG.framework/Versions/A/AppleJPEG
0x000000004c357000 	/usr/lib/libcups.2.dylib
0x000000004c357000 	/System/Library/Frameworks/Kerberos.framework/Versions/A/Kerberos
0x000000004c357000 	/System/Library/Frameworks/GSS.framework/Versions/A/GSS
0x000000004c357000 	/usr/lib/libresolv.9.dylib
0x000000004c357000 	/usr/lib/libiconv.2.dylib
0x000000004c357000 	/System/Library/PrivateFrameworks/Heimdal.framework/Versions/A/Heimdal
0x000000004c357000 	/usr/lib/libheimdal-asn1.dylib
0x000000004c357000 	/System/Library/Frameworks/OpenDirectory.framework/Versions/A/OpenDirectory
0x000000004c357000 	/System/Library/PrivateFrameworks/CommonAuth.framework/Versions/A/CommonAuth
0x000000004c357000 	/System/Library/Frameworks/OpenDirectory.framework/Versions/A/Frameworks/CFOpenDirectory.framework/Versions/A/CFOpenDirectory
0x000000004c357000 	/System/Library/Frameworks/SecurityFoundation.framework/Versions/A/SecurityFoundation
0x000000004c357000 	/System/Library/PrivateFrameworks/LanguageModeling.framework/Versions/A/LanguageModeling
0x000000004c357000 	/usr/lib/libmarisa.dylib
0x000000004c357000 	/usr/lib/libChineseTokenizer.dylib
0x000000004c357000 	/usr/lib/libcmph.dylib
0x000000004c357000 	/System/Library/PrivateFrameworks/CoreEmoji.framework/Versions/A/CoreEmoji
0x000000004c357000 	/System/Library/Frameworks/ServiceManagement.framework/Versions/A/ServiceManagement
0x000000004c357000 	/usr/lib/libxslt.1.dylib
0x000000004c357000 	/System/Library/Frameworks/Carbon.framework/Versions/A/Frameworks/Ink.framework/Versions/A/Ink
0x000000004c357000 	/System/Library/PrivateFrameworks/TextureIO.framework/Versions/A/TextureIO
0x000000004c357000 	/System/Library/Frameworks/Metal.framework/Versions/A/Metal
0x000000004c357000 	/usr/lib/libate.dylib
0x000000004c357000 	/System/Library/PrivateFrameworks/GPUCompiler.framework/libmetal_timestamp.dylib
0x000000004c357000 	/System/Library/Frameworks/OpenGL.framework/Versions/A/Libraries/libCoreFSCache.dylib
0x000000004c357000 	/System/Library/PrivateFrameworks/IOAccelerator.framework/Versions/A/IOAccelerator
0x000000004c357000 	/System/Library/Frameworks/CoreVideo.framework/Versions/A/CoreVideo
0x000000004c357000 	/usr/lib/libFosl_dynamic.dylib
0x000000004c357000 	/System/Library/PrivateFrameworks/MetalPerformanceShaders.framework/Versions/A/MetalPerformanceShaders
0x000000004c357000 	/System/Library/PrivateFrameworks/FaceCore.framework/Versions/A/FaceCore
0x000000004c357000 	/System/Library/Frameworks/OpenCL.framework/Versions/A/OpenCL
0x000000004c357000 	/System/Library/Frameworks/OpenGL.framework/Versions/A/Libraries/libGLU.dylib
0x000000004c357000 	/System/Library/Frameworks/OpenGL.framework/Versions/A/Libraries/libGFXShared.dylib
0x000000004c357000 	/System/Library/Frameworks/OpenGL.framework/Versions/A/Libraries/libGL.dylib
0x000000004c357000 	/System/Library/Frameworks/OpenGL.framework/Versions/A/Libraries/libGLImage.dylib
0x000000004c357000 	/System/Library/Frameworks/OpenGL.framework/Versions/A/Libraries/libCVMSPluginSupport.dylib
0x000000004c357000 	/System/Library/Frameworks/OpenGL.framework/Versions/A/Libraries/libCoreVMClient.dylib
0x000000004c357000 	/System/Library/PrivateFrameworks/CrashReporterSupport.framework/Versions/A/CrashReporterSupport
0x000000004c357000 	/System/Library/PrivateFrameworks/Sharing.framework/Versions/A/Sharing
0x000000004c357000 	/System/Library/PrivateFrameworks/IconServices.framework/Versions/A/IconServices
0x000000004c357000 	/System/Library/PrivateFrameworks/ProtocolBuffer.framework/Versions/A/ProtocolBuffer
0x000000004c357000 	/System/Library/PrivateFrameworks/Apple80211.framework/Versions/A/Apple80211
0x000000004c357000 	/System/Library/Frameworks/CoreWLAN.framework/Versions/A/CoreWLAN
0x000000004c357000 	/System/Library/PrivateFrameworks/CoreUtils.framework/Versions/A/CoreUtils
0x000000004c357000 	/System/Library/Frameworks/IOBluetooth.framework/Versions/A/IOBluetooth
0x000000004c357000 	/System/Library/PrivateFrameworks/CoreWiFi.framework/Versions/A/CoreWiFi
0x000000004c357000 	/System/Library/Frameworks/CoreBluetooth.framework/Versions/A/CoreBluetooth
0x000000004c357000 	/System/Library/Frameworks/CoreDisplay.framework/Versions/A/CoreDisplay
0x000000004c357000 	/System/Library/PrivateFrameworks/IOPresentment.framework/Versions/A/IOPresentment
0x000000004c357000 	/System/Library/PrivateFrameworks/DSExternalDisplay.framework/Versions/A/DSExternalDisplay
0x000000004c357000 	/System/Library/PrivateFrameworks/DebugSymbols.framework/Versions/A/DebugSymbols
0x000000004c357000 	/System/Library/PrivateFrameworks/CoreSymbolication.framework/Versions/A/CoreSymbolication
0x000000004c357000 	/System/Library/PrivateFrameworks/Symbolication.framework/Versions/A/Symbolication
0x000000004c357000 	/System/Library/PrivateFrameworks/AppleFSCompression.framework/Versions/A/AppleFSCompression
0x000000004c357000 	/System/Library/PrivateFrameworks/SpeechRecognitionCore.framework/Versions/A/SpeechRecognitionCore
0x000000004c357000 	/System/Library/PrivateFrameworks/ChunkingLibrary.framework/Versions/A/ChunkingLibrary
0x0000000103600000 	/Library/Java/JavaVirtualMachines/jdk1.8.0_121.jdk/Contents/Home/jre/lib/server/libjvm.dylib
0x000000004c357000 	/usr/lib/libstdc++.6.dylib
0x0000000102d90000 	/Library/Java/JavaVirtualMachines/jdk1.8.0_121.jdk/Contents/Home/jre/lib/libverify.dylib
0x0000000102d9e000 	/Library/Java/JavaVirtualMachines/jdk1.8.0_121.jdk/Contents/Home/jre/lib/libjava.dylib
0x0000000102ddd000 	/Library/Java/JavaVirtualMachines/jdk1.8.0_121.jdk/Contents/Home/jre/lib/libzip.dylib
0x0000000106688000 	/System/Library/Frameworks/JavaVM.framework/Frameworks/JavaRuntimeSupport.framework/JavaRuntimeSupport
0x00000001066a2000 	/System/Library/Frameworks/JavaVM.framework/Versions/A/Frameworks/JavaNativeFoundation.framework/Versions/A/JavaNativeFoundation
0x00000001066b7000 	/System/Library/Frameworks/JavaVM.framework/Versions/A/JavaVM
0x000000004c357000 	/System/Library/Frameworks/Carbon.framework/Versions/A/Carbon
0x00000001066c4000 	/System/Library/PrivateFrameworks/JavaLaunching.framework/Versions/A/JavaLaunching
0x000000004c357000 	/System/Library/Frameworks/Carbon.framework/Versions/A/Frameworks/CommonPanels.framework/Versions/A/CommonPanels
0x000000004c357000 	/System/Library/Frameworks/Carbon.framework/Versions/A/Frameworks/Help.framework/Versions/A/Help
0x000000004c357000 	/System/Library/Frameworks/Carbon.framework/Versions/A/Frameworks/ImageCapture.framework/Versions/A/ImageCapture
0x000000004c357000 	/System/Library/Frameworks/Carbon.framework/Versions/A/Frameworks/OpenScripting.framework/Versions/A/OpenScripting
0x000000004c357000 	/System/Library/Frameworks/Carbon.framework/Versions/A/Frameworks/Print.framework/Versions/A/Print
0x000000004c357000 	/System/Library/Frameworks/Carbon.framework/Versions/A/Frameworks/SecurityHI.framework/Versions/A/SecurityHI
0x0000000119392000 	/Library/Java/JavaVirtualMachines/jdk1.8.0_121.jdk/Contents/Home/jre/lib/libawt.dylib
0x000000011943a000 	/Library/Java/JavaVirtualMachines/jdk1.8.0_121.jdk/Contents/Home/jre/lib/./libmlib_image.dylib
0x0000000119506000 	/Library/Java/JavaVirtualMachines/jdk1.8.0_121.jdk/Contents/Home/jre/lib/libawt_lwawt.dylib
0x00000001066db000 	/Library/Java/JavaVirtualMachines/jdk1.8.0_121.jdk/Contents/Home/jre/lib/./libosxapp.dylib
0x000000004c357000 	/System/Library/Frameworks/ExceptionHandling.framework/Versions/A/ExceptionHandling
0x000000004c357000 	/System/Library/PrivateFrameworks/CoreServicesInternal.framework/Versions/A/CoreServicesInternal
0x000000004c357000 	/System/Library/CoreServices/RawCamera.bundle/Contents/MacOS/RawCamera
0x000000004c357000 	/System/Library/Frameworks/Accelerate.framework/Versions/A/Frameworks/vImage.framework/Versions/A/Libraries/libCGInterfaces.dylib
0x000000004c357000 	/System/Library/Frameworks/ApplicationServices.framework/Versions/A/Frameworks/ATS.framework/Versions/A/Resources/libTrueTypeScaler.dylib
0x000000011b0b1000 	/System/Library/Frameworks/OpenGL.framework/Resources/GLEngine.bundle/GLEngine
0x000000004c357000 	/System/Library/Frameworks/OpenGL.framework/Versions/A/Libraries/libGLProgrammability.dylib
0x000000011b296000 	/System/Library/Extensions/AppleIntelHD5000GraphicsGLDriver.bundle/Contents/MacOS/AppleIntelHD5000GraphicsGLDriver
0x000000004c357000 	/System/Library/PrivateFrameworks/GPUSupport.framework/Versions/A/Libraries/libGPUSupportMercury.dylib
0x000000011ba04000 	/System/Library/Frameworks/OpenGL.framework/Resources//GLRendererFloat.bundle/GLRendererFloat
0x000000004c357000 	/System/Library/Frameworks/OpenCL.framework/Versions/A/Libraries/libcldcpuengine.dylib
0x000000004c357000 	/usr/lib/libcrypto.0.9.8.dylib
0x000000004c357000 	/System/Library/PrivateFrameworks/TrustEvaluationAgent.framework/Versions/A/TrustEvaluationAgent
0x000000011ba38000 	/System/Library/Extensions/AppleIntelHD5000GraphicsMTLDriver.bundle/Contents/MacOS/AppleIntelHD5000GraphicsMTLDriver
0x000000004c357000 	/System/Library/PrivateFrameworks/FamilyControls.framework/Versions/A/FamilyControls
0x000000004c357000 	/System/Library/PrivateFrameworks/CommerceKit.framework/Versions/A/Frameworks/CommerceCore.framework/Versions/A/CommerceCore
0x000000004c357000 	/System/Library/PrivateFrameworks/SystemAdministration.framework/Versions/A/SystemAdministration
0x000000004c357000 	/System/Library/PrivateFrameworks/AppContainer.framework/Versions/A/AppContainer
0x000000004c357000 	/System/Library/PrivateFrameworks/SecCodeWrapper.framework/Versions/A/SecCodeWrapper
0x000000004c357000 	/System/Library/Frameworks/DirectoryService.framework/Versions/A/DirectoryService
0x000000004c357000 	/System/Library/PrivateFrameworks/DiskImages.framework/Versions/A/DiskImages
0x000000004c357000 	/System/Library/PrivateFrameworks/LoginUIKit.framework/Versions/A/Frameworks/LoginUICore.framework/Versions/A/LoginUICore
0x000000004c357000 	/usr/lib/libCoreStorage.dylib
0x000000004c357000 	/usr/lib/libcsfde.dylib
0x000000004c357000 	/usr/lib/libodfde.dylib
0x000000004c357000 	/System/Library/Frameworks/DiscRecording.framework/Versions/A/DiscRecording
0x000000004c357000 	/usr/lib/libcurl.4.dylib
0x000000004c357000 	/System/Library/PrivateFrameworks/MediaKit.framework/Versions/A/MediaKit
0x000000004c357000 	/System/Library/PrivateFrameworks/ProtectedCloudStorage.framework/Versions/A/ProtectedCloudStorage
0x000000004c357000 	/System/Library/PrivateFrameworks/EFILogin.framework/Versions/A/EFILogin
0x000000004c357000 	/usr/lib/libutil.dylib
0x000000004c357000 	/System/Library/Frameworks/LDAP.framework/Versions/A/LDAP
0x000000004c357000 	/usr/lib/libsasl2.2.dylib
0x000000004c357000 	/System/Library/PrivateFrameworks/CoreDaemon.framework/Versions/B/CoreDaemon
0x000000004c357000 	/System/Library/PrivateFrameworks/AppleSRP.framework/Versions/A/AppleSRP
0x000000004c357000 	/System/Library/PrivateFrameworks/APFS.framework/Versions/A/APFS
0x000000011d5f1000 	/Library/Java/JavaVirtualMachines/jdk1.8.0_121.jdk/Contents/Home/jre/lib/libfontmanager.dylib
0x000000004c357000 	/System/Library/PrivateFrameworks/ViewBridge.framework/Versions/A/ViewBridge
0x000000004c357000 	/System/Library/PrivateFrameworks/XPCService.framework/Versions/A/XPCService
0x000000004c357000 	/System/Library/PrivateFrameworks/AppSandbox.framework/Versions/A/AppSandbox
0x000000004c357000 	/usr/lib/libsandbox.1.dylib
0x000000004c357000 	/usr/lib/libMatch.1.dylib
0x000000011ea2c000 	/Library/Java/JavaVirtualMachines/jdk1.8.0_121.jdk/Contents/Home/jre/lib/libosxui.dylib
0x000000011f5d8000 	/Library/Java/JavaVirtualMachines/jdk1.8.0_121.jdk/Contents/Home/jre/lib/libnet.dylib
0x000000011f5ef000 	/Library/Java/JavaVirtualMachines/jdk1.8.0_121.jdk/Contents/Home/jre/lib/libnio.dylib
0x000000011e6fa000 	/private/var/folders/z5/dkh_k18x6bn8z6w6jj1k7pqm0000gn/T/jogamp_0000/file_cache/jln3644079659851288787/jln7112497139116169519/libgluegen-rt.jnilib
0x0000000187ba0000 	/private/var/folders/z5/dkh_k18x6bn8z6w6jj1k7pqm0000gn/T/jogamp_0000/file_cache/jln3644079659851288787/jln7112497139116169519/libnativewindow_awt.jnilib
0x0000000187ba3000 	/Library/Java/JavaVirtualMachines/jdk1.8.0_121.jdk/Contents/Home/jre/lib/libjawt.dylib
0x0000000187ba6000 	/private/var/folders/z5/dkh_k18x6bn8z6w6jj1k7pqm0000gn/T/jogamp_0000/file_cache/jln3644079659851288787/jln7112497139116169519/libnativewindow_macosx.jnilib
0x00000001899b7000 	/private/var/folders/z5/dkh_k18x6bn8z6w6jj1k7pqm0000gn/T/jogamp_0000/file_cache/jln3644079659851288787/jln7112497139116169519/libjogl_desktop.jnilib
0x000000011add1000 	/Library/Java/JavaVirtualMachines/jdk1.8.0_121.jdk/Contents/Home/jre/lib/libsunec.dylib
0x000000018c722000 	/Library/Java/JavaVirtualMachines/jdk1.8.0_121.jdk/Contents/Home/jre/lib/libt2k.dylib

VM Arguments:
jvm_args: -Djava.security.policy=java.policy.applet -Dfile.encoding=MacRoman 
java_command: sun.applet.AppletViewer module4.EarthquakeCityMap1523693228717.html
java_class_path (initial): /Users/Mac/Documents/workspace/UCSDUnfoldingMaps/build:/Users/Mac/Documents/workspace/UCSDUnfoldingMaps/lib/core.jar:/Users/Mac/Documents/workspace/UCSDUnfoldingMaps/lib/gluegen-rt.jar:/Users/Mac/Documents/workspace/UCSDUnfoldingMaps/lib/jogl-all.jar:/Users/Mac/Documents/workspace/UCSDUnfoldingMaps/lib/log4j-1.2.15.jar:/Users/Mac/Documents/workspace/UCSDUnfoldingMaps/lib/sqlite-jdbc-3.7.2.jar:/Users/Mac/Documents/workspace/UCSDUnfoldingMaps/lib/json4processing.jar:/Users/Mac/Documents/workspace/UCSDUnfoldingMaps/lib/libTUIO.jar:/Users/Mac/Documents/workspace/UCSDUnfoldingMaps/lib/unfolding.0.9.7-uscd.jar
Launcher Type: SUN_STANDARD

Environment Variables:
PATH=/Library/Frameworks/Python.framework/Versions/3.6/bin:/usr/local/bin:/usr/bin:/bin:/usr/sbin:/sbin:/opt/X11/bin:/Library/Frameworks/Mono.framework/Versions/Current/Commands:/Library/TeX/texbin
SHELL=/bin/bash
DISPLAY=/private/tmp/com.apple.launchd.BfoSnAz3r8/org.macosforge.xquartz:0

Signal Handlers:
SIGSEGV: [libjvm.dylib+0x5b1141], sa_mask[0]=11111111011111110111111111111111, sa_flags=SA_ONSTACK|SA_RESTART|SA_SIGINFO
SIGBUS: [libjvm.dylib+0x5b1141], sa_mask[0]=11111111011111110111111111111111, sa_flags=SA_RESTART|SA_SIGINFO
SIGFPE: [libjvm.dylib+0x487bc4], sa_mask[0]=11111111011111110111111111111111, sa_flags=SA_RESTART|SA_SIGINFO
SIGPIPE: [libjvm.dylib+0x487bc4], sa_mask[0]=11111111011111110111111111111111, sa_flags=SA_RESTART|SA_SIGINFO
SIGXFSZ: [libjvm.dylib+0x487bc4], sa_mask[0]=11111111011111110111111111111111, sa_flags=SA_RESTART|SA_SIGINFO
SIGILL: [libjvm.dylib+0x487bc4], sa_mask[0]=11111111011111110111111111111111, sa_flags=SA_RESTART|SA_SIGINFO
SIGUSR1: SIG_DFL, sa_mask[0]=11011111011111100000000111000110, sa_flags=none
SIGUSR2: [libjvm.dylib+0x4876e2], sa_mask[0]=00100000000000000000000000000000, sa_flags=SA_RESTART|SA_SIGINFO
SIGHUP: [libjvm.dylib+0x485cb9], sa_mask[0]=11111111011111110111111111111111, sa_flags=SA_RESTART|SA_SIGINFO
SIGINT: [libjvm.dylib+0x485cb9], sa_mask[0]=11111111011111110111111111111111, sa_flags=SA_RESTART|SA_SIGINFO
SIGTERM: [libjvm.dylib+0x485cb9], sa_mask[0]=11111111011111110111111111111111, sa_flags=SA_RESTART|SA_SIGINFO
SIGQUIT: [libjvm.dylib+0x485cb9], sa_mask[0]=11111111011111110111111111111111, sa_flags=SA_RESTART|SA_SIGINFO


---------------  S Y S T E M  ---------------

OS:Bsduname:Darwin 16.7.0 Darwin Kernel Version 16.7.0: Thu Jan 11 22:59:40 PST 2018; root:xnu-3789.73.8~1/RELEASE_X86_64 x86_64
rlimit: STACK 8192k, CORE 0k, NPROC 709, NOFILE 10240, AS infinity
load average:3.79 3.59 3.07

CPU:total 4 (2 cores per cpu, 2 threads per core) family 6 model 69 stepping 1, cmov, cx8, fxsr, mmx, sse, sse2, sse3, ssse3, sse4.1, sse4.2, popcnt, avx, avx2, aes, clmul, erms, lzcnt, ht, tsc, tscinvbit, bmi1, bmi2

Memory: 4k page, physical 4194304k(27976k free)

/proc/meminfo:


vm_info: Java HotSpot(TM) 64-Bit Server VM (25.121-b13) for bsd-amd64 JRE (1.8.0_121-b13), built on Dec 12 2016 20:39:32 by "java_re" with gcc 4.2.1 (Based on Apple Inc. build 5658) (LLVM build 2336.11.00)

time: Sat Apr 14 01:07:32 2018
elapsed time: 23 seconds (0d 0h 0m 23s)

