#
# A fatal error has been detected by the Java Runtime Environment:
#
#  SIGSEGV (0xb) at pc=0x00007fffd65ee05d, pid=2969, tid=0x0000000000000307
#
# JRE version: Java(TM) SE Runtime Environment (8.0_121-b13) (build 1.8.0_121-b13)
# Java VM: Java HotSpot(TM) 64-Bit Server VM (25.121-b13 mixed mode bsd-amd64 compressed oops)
# Problematic frame:
# C  [libobjc.A.dylib+0x705d]  objc_msgSend+0x1d
#
# Failed to write core dump. Core dumps have been disabled. To enable core dumping, try "ulimit -c unlimited" before starting Java again
#
# If you would like to submit a bug report, please visit:
#   http://bugreport.java.com/bugreport/crash.jsp
# The crash happened outside the Java Virtual Machine in native code.
# See problematic frame for where to report the bug.
#

---------------  T H R E A D  ---------------

Current thread (0x00007febf7849800):  JavaThread "AWT-AppKit" daemon [_thread_in_native, id=775, stack(0x00007fff54af8000,0x00007fff552f8000)]

siginfo: si_signo: 11 (SIGSEGV), si_code: 1 (SEGV_MAPERR), si_addr: 0x0000000000000018

Registers:
RAX=0x00007febf6591ae0, RBX=0x000000018f7d7450, RCX=0x00007febf8d00100, RDX=0x0000000000000000
RSP=0x00007fff552f3238, RBP=0x00007fff552f32f0, RSI=0x00007fffbfe75116, RDI=0x00007febfc3a9d20
R8 =0x0000000000000018, R9 =0x00007febf8d00060, R10=0x0000000000000000, R11=0x00007fffbfe75116
R12=0x0000000000000000, R13=0x0000000191295b50, R14=0x000000018f7d7440, R15=0x00007febf7849800
RIP=0x00007fffd65ee05d, EFLAGS=0x0000000000010246, ERR=0x0000000000000004
  TRAPNO=0x000000000000000e

Top of Stack: (sp=0x00007fff552f3238)
0x00007fff552f3238:   000000018f7d5157 00007fff552f3290
0x00007fff552f3248:   0000000000000003 00007fff552f3270
0x00007fff552f3258:   000000010b3f2c62 0000000191295b50
0x00007fff552f3268:   0000000191295b50 00007febf6591ae0
0x00007fff552f3278:   000000018f7d76a0 000000018f7d7710
0x00007fff552f3288:   00007fffdc6546d0 00007fffdd2841e0
0x00007fff552f3298:   000000018f7d7450 000000018f7d7690
0x00007fff552f32a8:   00007febf6591ae0 00007febfc3a9d20
0x00007fff552f32b8:   00007febf653d300 00007febf6591ae0
0x00007fff552f32c8:   00007febfc3a9d20 00007fff552f3378
0x00007fff552f32d8:   00007febf78499f8 0000000191295b50
0x00007fff552f32e8:   00007fff552f33a0 00007fff552f3368
0x00007fff552f32f8:   000000010db109f4 0000000191295b50
0x00007fff552f3308:   00007fff552f33a0 00007fff552f3368
0x00007fff552f3318:   000000010db10787 000000010db10742
0x00007fff552f3328:   00007fff552f3328 0000000191295b50
0x00007fff552f3338:   00007fff552f33a0 0000000191298788
0x00007fff552f3348:   0000000000000000 0000000191295b50
0x00007fff552f3358:   0000000000000000 00007fff552f3388
0x00007fff552f3368:   00007fff552f33e8 000000010db012bd
0x00007fff552f3378:   00000007807105a0 000000010db0a538
0x00007fff552f3388:   00007febf6591ae0 00007fff552f33e8
0x00007fff552f3398:   00007febfc3a9d20 000000010db0be02
0x00007fff552f33a8:   00007fff552f33a8 0000000191295d1a
0x00007fff552f33b8:   00007fff552f3410 0000000191298788
0x00007fff552f33c8:   0000000000000000 0000000191295d28
0x00007fff552f33d8:   00007fff552f3388 00007fff552f33f8
0x00007fff552f33e8:   00007fff552f3458 000000010db012bd
0x00007fff552f33f8:   00007febf6591ae0 000000078067fda0
0x00007fff552f3408:   00007febfc3a9d20 000000078067fda0
0x00007fff552f3418:   00007fff552f3418 000000019407786e
0x00007fff552f3428:   00007fff552f3468 0000000194077928 

Instructions: (pc=0x00007fffd65ee05d)
0x00007fffd65ee03d:   0f 1f 00 48 85 ff 2e 74 62 40 f6 c7 01 2e 75 66
0x00007fffd65ee04d:   49 ba f8 ff ff ff ff 7f 00 00 4c 23 17 49 89 f3
0x00007fffd65ee05d:   45 23 5a 18 49 c1 e3 04 4d 03 5a 10 49 3b 33 75
0x00007fffd65ee06d:   04 41 ff 63 08 49 83 3b 01 76 0d 49 83 c3 10 49 

Register to memory mapping:

RAX=0x00007febf6591ae0 is an unknown value
RBX=0x000000018f7d7450: Java_jogamp_nativewindow_macosx_OSXUtil_GetScreenRefreshRate0+0x1cf0 in /private/var/folders/z5/dkh_k18x6bn8z6w6jj1k7pqm0000gn/T/jogamp_0000/file_cache/jln1304867340953501143/jln3947714314010684326/libnativewindow_macosx.jnilib at 0x000000018f7d0000
RCX=0x00007febf8d00100 is an unknown value
RDX=0x0000000000000000 is an unknown value
RSP=0x00007fff552f3238 is pointing into the stack for thread: 0x00007febf7849800
RBP=0x00007fff552f32f0 is pointing into the stack for thread: 0x00007febf7849800
RSI=0x00007fffbfe75116: __NSStyleNameIndexTable+0x7fd5e in /System/Library/Frameworks/AppKit.framework/Versions/C/AppKit at 0x00007fffbf208000
RDI=0x00007febfc3a9d20 is an unknown value
R8 =0x0000000000000018 is an unknown value
R9 =0x00007febf8d00060 is an unknown value
R10=0x0000000000000000 is an unknown value
R11=0x00007fffbfe75116: __NSStyleNameIndexTable+0x7fd5e in /System/Library/Frameworks/AppKit.framework/Versions/C/AppKit at 0x00007fffbf208000
R12=0x0000000000000000 is an unknown value
R13={method} {0x0000000191295b50} 'UnsetJAWTRootSurfaceLayer0' '(JJ)V' in 'jogamp/nativewindow/jawt/macosx/MacOSXJAWTWindow'
R14=0x000000018f7d7440: Java_jogamp_nativewindow_macosx_OSXUtil_GetScreenRefreshRate0+0x1ce0 in /private/var/folders/z5/dkh_k18x6bn8z6w6jj1k7pqm0000gn/T/jogamp_0000/file_cache/jln1304867340953501143/jln3947714314010684326/libnativewindow_macosx.jnilib at 0x000000018f7d0000
R15=0x00007febf7849800 is a thread


Stack: [0x00007fff54af8000,0x00007fff552f8000],  sp=0x00007fff552f3238,  free space=8172k
Native frames: (J=compiled Java code, j=interpreted, Vv=VM code, C=native code)
C  [libobjc.A.dylib+0x705d]  objc_msgSend+0x1d
j  jogamp.nativewindow.jawt.macosx.MacOSXJAWTWindow.UnsetJAWTRootSurfaceLayer0(JJ)V+0
j  jogamp.nativewindow.jawt.macosx.MacOSXJAWTWindow.access$200(JJ)V+2
j  jogamp.nativewindow.jawt.macosx.MacOSXJAWTWindow$1.run()V+38
j  com.jogamp.common.util.RunnableTask.run()V+24
v  ~StubRoutines::call_stub
V  [libjvm.dylib+0x2ed9d6]  JavaCalls::call_helper(JavaValue*, methodHandle*, JavaCallArguments*, Thread*)+0x6ae
V  [libjvm.dylib+0x324b65]  jni_invoke_nonstatic(JNIEnv_*, JavaValue*, _jobject*, JNICallType, _jmethodID*, JNI_ArgumentPusher*, Thread*)+0x2ec
V  [libjvm.dylib+0x317333]  jni_CallVoidMethod+0x16b
C  [libnativewindow_macosx.jnilib+0x5326]  Java_jogamp_nativewindow_jawt_macosx_MacOSXJAWTWindow_UnsetJAWTRootSurfaceLayer0+0x2b6
C  [Foundation+0x7152a]  __NSThreadPerformPerform+0x146
C  [CoreFoundation+0xa7321]  __CFRUNLOOP_IS_CALLING_OUT_TO_A_SOURCE0_PERFORM_FUNCTION__+0x11
C  [CoreFoundation+0x8821d]  __CFRunLoopDoSources0+0x22d
C  [CoreFoundation+0x87716]  __CFRunLoopRun+0x3a6
C  [CoreFoundation+0x87114]  CFRunLoopRunSpecific+0x1a4
C  [HIToolbox+0x30ebc]  RunCurrentEventLoopInMode+0xf0
C  [HIToolbox+0x30bf9]  ReceiveNextEventCommon+0xb8
C  [HIToolbox+0x30b26]  _BlockUntilNextEventMatchingListInModeWithFilter+0x47
C  [AppKit+0x46a54]  _DPSNextEvent+0x460
C  [AppKit+0x7c27ee]  -[NSApplication(NSEvent) _nextEventMatchingEventMask:untilDate:inMode:dequeue:]+0xaec
C  [libosxapp.dylib+0x23aa]  -[NSApplicationAWT nextEventMatchingMask:untilDate:inMode:dequeue:]+0x7c
C  [AppKit+0x3b3db]  -[NSApplication run]+0x39e
C  [libosxapp.dylib+0x214d]  +[NSApplicationAWT runAWTLoopWithApp:]+0x9c
C  [libawt_lwawt.dylib+0x45ff7]  -[AWTStarter starter:]+0x389
C  [Foundation+0x7152a]  __NSThreadPerformPerform+0x146
C  [CoreFoundation+0xa7321]  __CFRUNLOOP_IS_CALLING_OUT_TO_A_SOURCE0_PERFORM_FUNCTION__+0x11
C  [CoreFoundation+0x8821d]  __CFRunLoopDoSources0+0x22d
C  [CoreFoundation+0x87716]  __CFRunLoopRun+0x3a6
C  [CoreFoundation+0x87114]  CFRunLoopRunSpecific+0x1a4
C  [java+0x6465]  CreateExecutionEnvironment+0x367
C  [java+0x218c]  JLI_Launch+0x7a0
C  [java+0x84c2]  main+0x65
C  [java+0x19e4]  start+0x34
C  0x0000000000000007

Java frames: (J=compiled Java code, j=interpreted, Vv=VM code)
j  jogamp.nativewindow.jawt.macosx.MacOSXJAWTWindow.UnsetJAWTRootSurfaceLayer0(JJ)V+0
j  jogamp.nativewindow.jawt.macosx.MacOSXJAWTWindow.access$200(JJ)V+2
j  jogamp.nativewindow.jawt.macosx.MacOSXJAWTWindow$1.run()V+38
j  com.jogamp.common.util.RunnableTask.run()V+24
v  ~StubRoutines::call_stub

---------------  P R O C E S S  ---------------

Java Threads: ( => current thread )
  0x00007febf7221000 JavaThread "Thread-19" [_thread_blocked, id=26083, stack(0x00007000029b0000,0x0000700002ab0000)]
  0x00007febf825f000 JavaThread "AWT-EventQueue-1" [_thread_in_native, id=66911, stack(0x00007000027a7000,0x00007000028a7000)]
  0x00007febf6802800 JavaThread "DestroyJavaVM" [_thread_blocked, id=6915, stack(0x000070000115f000,0x000070000125f000)]
  0x00007febf7207800 JavaThread "AWT-EventQueue-0" [_thread_blocked, id=59667, stack(0x00007000025a1000,0x00007000026a1000)]
  0x00007febf7180800 JavaThread "Java2D Disposer" daemon [_thread_blocked, id=56335, stack(0x0000700002318000,0x0000700002418000)]
  0x00007febf7147800 JavaThread "Java2D Queue Flusher" daemon [_thread_blocked, id=54279, stack(0x0000700002215000,0x0000700002315000)]
  0x00007febf818e800 JavaThread "AWT-Shutdown" [_thread_blocked, id=29727, stack(0x000070000208f000,0x000070000218f000)]
=>0x00007febf7849800 JavaThread "AWT-AppKit" daemon [_thread_in_native, id=775, stack(0x00007fff54af8000,0x00007fff552f8000)]
  0x00007febf7803000 JavaThread "Service Thread" daemon [_thread_blocked, id=18691, stack(0x0000700001e06000,0x0000700001f06000)]
  0x00007febf7807800 JavaThread "C1 CompilerThread2" daemon [_thread_blocked, id=18179, stack(0x0000700001d03000,0x0000700001e03000)]
  0x00007febf681d000 JavaThread "C2 CompilerThread1" daemon [_thread_blocked, id=17667, stack(0x0000700001c00000,0x0000700001d00000)]
  0x00007febf8011000 JavaThread "C2 CompilerThread0" daemon [_thread_blocked, id=17155, stack(0x0000700001afd000,0x0000700001bfd000)]
  0x00007febf800c000 JavaThread "Signal Dispatcher" daemon [_thread_blocked, id=16643, stack(0x00007000019fa000,0x0000700001afa000)]
  0x00007febf7050800 JavaThread "Finalizer" daemon [_thread_blocked, id=12291, stack(0x0000700001874000,0x0000700001974000)]
  0x00007febf704e000 JavaThread "Reference Handler" daemon [_thread_blocked, id=11779, stack(0x0000700001771000,0x0000700001871000)]

Other Threads:
  0x00007febf704b000 VMThread [stack: 0x000070000166e000,0x000070000176e000] [id=11267]
  0x00007febf6810000 WatcherThread [stack: 0x0000700001f09000,0x0000700002009000] [id=19203]

VM state:not at safepoint (normal execution)

VM Mutex/Monitor currently owned by a thread: None

Heap:
 PSYoungGen      total 65024K, used 54160K [0x00000007aab00000, 0x00000007b0380000, 0x00000007c0000000)
  eden space 64512K, 83% used [0x00000007aab00000,0x00000007adfc43c0,0x00000007aea00000)
  from space 512K, 25% used [0x00000007b0300000,0x00000007b0320000,0x00000007b0380000)
  to   space 11776K, 0% used [0x00000007aec80000,0x00000007aec80000,0x00000007af800000)
 ParOldGen       total 34816K, used 21662K [0x0000000780000000, 0x0000000782200000, 0x00000007aab00000)
  object space 34816K, 62% used [0x0000000780000000,0x0000000781527890,0x0000000782200000)
 Metaspace       used 24616K, capacity 24893K, committed 25088K, reserved 1071104K
  class space    used 2440K, capacity 2541K, committed 2560K, reserved 1048576K

Card table byte_map: [0x000000010c562000,0x000000010c763000] byte_map_base: 0x0000000108962000

Marking Bits: (ParMarkBitMap*) 0x000000010baf0d30
 Begin Bits: [0x000000011caf9000, 0x000000011daf9000)
 End Bits:   [0x000000011daf9000, 0x000000011eaf9000)

Polling page: 0x000000010a9c8000

CodeCache: size=245760Kb used=10860Kb max_used=10872Kb free=234899Kb
 bounds [0x000000010daf9000, 0x000000010e5c9000, 0x000000011caf9000]
 total_blobs=3973 nmethods=3043 adapters=843
 compilation: enabled

Compilation events (10 events):
Event: 103.848 Thread 0x00007febf681d000 3393       4       java.util.HashMap::put (13 bytes)
Event: 103.849 Thread 0x00007febf7807800 3394       3       sun.misc.URLClassPath$JarLoader$2::getInputStream (15 bytes)
Event: 103.849 Thread 0x00007febf7807800 nmethod 3394 0x000000010def1c90 code [0x000000010def1e00, 0x000000010def2048]
Event: 103.849 Thread 0x00007febf7807800 3395       3       sun.misc.URLClassPath$JarLoader$2::getContentLength (9 bytes)
Event: 103.850 Thread 0x00007febf7807800 nmethod 3395 0x000000010def1790 code [0x000000010def1900, 0x000000010def1b50]
Event: 103.850 Thread 0x00007febf7807800 3396       3       sun.misc.URLClassPath$JarLoader$2::getCodeSigners (8 bytes)
Event: 103.850 Thread 0x00007febf7807800 nmethod 3396 0x000000010e5610d0 code [0x000000010e561240, 0x000000010e561468]
Event: 103.850 Thread 0x00007febf7807800 3397   !   3       java.util.jar.JarFile$JarFileEntry::getCodeSigners (78 bytes)
Event: 103.854 Thread 0x00007febf7807800 nmethod 3397 0x000000010defb8d0 code [0x000000010defbaa0, 0x000000010defc0b8]
Event: 103.864 Thread 0x00007febf681d000 nmethod 3393 0x000000010e1652d0 code [0x000000010e165480, 0x000000010e165a48]

GC Heap History (10 events):
Event: 36.610 GC heap before
{Heap before GC invocations=11 (full 1):
 PSYoungGen      total 54272K, used 44480K [0x00000007aab00000, 0x00000007afa00000, 0x00000007c0000000)
  eden space 43008K, 100% used [0x00000007aab00000,0x00000007ad500000,0x00000007ad500000)
  from space 11264K, 13% used [0x00000007ad500000,0x00000007ad670050,0x00000007ae000000)
  to   space 11776K, 0% used [0x00000007aee80000,0x00000007aee80000,0x00000007afa00000)
 ParOldGen       total 34816K, used 20238K [0x0000000780000000, 0x0000000782200000, 0x00000007aab00000)
  object space 34816K, 58% used [0x0000000780000000,0x00000007813c3840,0x0000000782200000)
 Metaspace       used 24497K, capacity 24765K, committed 24832K, reserved 1071104K
  class space    used 2432K, capacity 2541K, committed 2560K, reserved 1048576K
Event: 36.614 GC heap after
Heap after GC invocations=11 (full 1):
 PSYoungGen      total 65024K, used 128K [0x00000007aab00000, 0x00000007af800000, 0x00000007c0000000)
  eden space 55296K, 0% used [0x00000007aab00000,0x00000007aab00000,0x00000007ae100000)
  from space 9728K, 1% used [0x00000007aee80000,0x00000007aeea0000,0x00000007af800000)
  to   space 11776K, 0% used [0x00000007ae100000,0x00000007ae100000,0x00000007aec80000)
 ParOldGen       total 34816K, used 21638K [0x0000000780000000, 0x0000000782200000, 0x00000007aab00000)
  object space 34816K, 62% used [0x0000000780000000,0x0000000781521890,0x0000000782200000)
 Metaspace       used 24497K, capacity 24765K, committed 24832K, reserved 1071104K
  class space    used 2432K, capacity 2541K, committed 2560K, reserved 1048576K
}
Event: 49.311 GC heap before
{Heap before GC invocations=12 (full 1):
 PSYoungGen      total 65024K, used 55424K [0x00000007aab00000, 0x00000007af800000, 0x00000007c0000000)
  eden space 55296K, 100% used [0x00000007aab00000,0x00000007ae100000,0x00000007ae100000)
  from space 9728K, 1% used [0x00000007aee80000,0x00000007aeea0000,0x00000007af800000)
  to   space 11776K, 0% used [0x00000007ae100000,0x00000007ae100000,0x00000007aec80000)
 ParOldGen       total 34816K, used 21638K [0x0000000780000000, 0x0000000782200000, 0x00000007aab00000)
  object space 34816K, 62% used [0x0000000780000000,0x0000000781521890,0x0000000782200000)
 Metaspace       used 24506K, capacity 24829K, committed 25088K, reserved 1071104K
  class space    used 2432K, capacity 2541K, committed 2560K, reserved 1048576K
Event: 49.313 GC heap after
Heap after GC invocations=12 (full 1):
 PSYoungGen      total 67072K, used 96K [0x00000007aab00000, 0x00000007b0600000, 0x00000007c0000000)
  eden space 55296K, 0% used [0x00000007aab00000,0x00000007aab00000,0x00000007ae100000)
  from space 11776K, 0% used [0x00000007ae100000,0x00000007ae118000,0x00000007aec80000)
  to   space 12288K, 0% used [0x00000007afa00000,0x00000007afa00000,0x00000007b0600000)
 ParOldGen       total 34816K, used 21646K [0x0000000780000000, 0x0000000782200000, 0x00000007aab00000)
  object space 34816K, 62% used [0x0000000780000000,0x0000000781523890,0x0000000782200000)
 Metaspace       used 24506K, capacity 24829K, committed 25088K, reserved 1071104K
  class space    used 2432K, capacity 2541K, committed 2560K, reserved 1048576K
}
Event: 61.946 GC heap before
{Heap before GC invocations=13 (full 1):
 PSYoungGen      total 67072K, used 55392K [0x00000007aab00000, 0x00000007b0600000, 0x00000007c0000000)
  eden space 55296K, 100% used [0x00000007aab00000,0x00000007ae100000,0x00000007ae100000)
  from space 11776K, 0% used [0x00000007ae100000,0x00000007ae118000,0x00000007aec80000)
  to   space 12288K, 0% used [0x00000007afa00000,0x00000007afa00000,0x00000007b0600000)
 ParOldGen       total 34816K, used 21646K [0x0000000780000000, 0x0000000782200000, 0x00000007aab00000)
  object space 34816K, 62% used [0x0000000780000000,0x0000000781523890,0x0000000782200000)
 Metaspace       used 24524K, capacity 24829K, committed 25088K, reserved 1071104K
  class space    used 2433K, capacity 2541K, committed 2560K, reserved 1048576K
Event: 61.948 GC heap after
Heap after GC invocations=13 (full 1):
 PSYoungGen      total 76800K, used 128K [0x00000007aab00000, 0x00000007b0400000, 0x00000007c0000000)
  eden space 66560K, 0% used [0x00000007aab00000,0x00000007aab00000,0x00000007aec00000)
  from space 10240K, 1% used [0x00000007afa00000,0x00000007afa20000,0x00000007b0400000)
  to   space 12288K, 0% used [0x00000007aec00000,0x00000007aec00000,0x00000007af800000)
 ParOldGen       total 34816K, used 21654K [0x0000000780000000, 0x0000000782200000, 0x00000007aab00000)
  object space 34816K, 62% used [0x0000000780000000,0x0000000781525890,0x0000000782200000)
 Metaspace       used 24524K, capacity 24829K, committed 25088K, reserved 1071104K
  class space    used 2433K, capacity 2541K, committed 2560K, reserved 1048576K
}
Event: 77.164 GC heap before
{Heap before GC invocations=14 (full 1):
 PSYoungGen      total 76800K, used 66688K [0x00000007aab00000, 0x00000007b0400000, 0x00000007c0000000)
  eden space 66560K, 100% used [0x00000007aab00000,0x00000007aec00000,0x00000007aec00000)
  from space 10240K, 1% used [0x00000007afa00000,0x00000007afa20000,0x00000007b0400000)
  to   space 12288K, 0% used [0x00000007aec00000,0x00000007aec00000,0x00000007af800000)
 ParOldGen       total 34816K, used 21654K [0x0000000780000000, 0x0000000782200000, 0x00000007aab00000)
  object space 34816K, 62% used [0x0000000780000000,0x0000000781525890,0x0000000782200000)
 Metaspace       used 24568K, capacity 24893K, committed 25088K, reserved 1071104K
  class space    used 2433K, capacity 2541K, committed 2560K, reserved 1048576K
Event: 77.166 GC heap after
Heap after GC invocations=14 (full 1):
 PSYoungGen      total 78848K, used 128K [0x00000007aab00000, 0x00000007b0f00000, 0x00000007c0000000)
  eden space 66560K, 0% used [0x00000007aab00000,0x00000007aab00000,0x00000007aec00000)
  from space 12288K, 1% used [0x00000007aec00000,0x00000007aec20000,0x00000007af800000)
  to   space 12288K, 0% used [0x00000007b0300000,0x00000007b0300000,0x00000007b0f00000)
 ParOldGen       total 34816K, used 21662K [0x0000000780000000, 0x0000000782200000, 0x00000007aab00000)
  object space 34816K, 62% used [0x0000000780000000,0x0000000781527890,0x0000000782200000)
 Metaspace       used 24568K, capacity 24893K, committed 25088K, reserved 1071104K
  class space    used 2433K, capacity 2541K, committed 2560K, reserved 1048576K
}
Event: 92.014 GC heap before
{Heap before GC invocations=15 (full 1):
 PSYoungGen      total 78848K, used 66688K [0x00000007aab00000, 0x00000007b0f00000, 0x00000007c0000000)
  eden space 66560K, 100% used [0x00000007aab00000,0x00000007aec00000,0x00000007aec00000)
  from space 12288K, 1% used [0x00000007aec00000,0x00000007aec20000,0x00000007af800000)
  to   space 12288K, 0% used [0x00000007b0300000,0x00000007b0300000,0x00000007b0f00000)
 ParOldGen       total 34816K, used 21662K [0x0000000780000000, 0x0000000782200000, 0x00000007aab00000)
  object space 34816K, 62% used [0x0000000780000000,0x0000000781527890,0x0000000782200000)
 Metaspace       used 24568K, capacity 24893K, committed 25088K, reserved 1071104K
  class space    used 2433K, capacity 2541K, committed 2560K, reserved 1048576K
Event: 92.016 GC heap after
Heap after GC invocations=15 (full 1):
 PSYoungGen      total 65024K, used 128K [0x00000007aab00000, 0x00000007b0380000, 0x00000007c0000000)
  eden space 64512K, 0% used [0x00000007aab00000,0x00000007aab00000,0x00000007aea00000)
  from space 512K, 25% used [0x00000007b0300000,0x00000007b0320000,0x00000007b0380000)
  to   space 11776K, 0% used [0x00000007aec80000,0x00000007aec80000,0x00000007af800000)
 ParOldGen       total 34816K, used 21662K [0x0000000780000000, 0x0000000782200000, 0x00000007aab00000)
  object space 34816K, 62% used [0x0000000780000000,0x0000000781527890,0x0000000782200000)
 Metaspace       used 24568K, capacity 24893K, committed 25088K, reserved 1071104K
  class space    used 2433K, capacity 2541K, committed 2560K, reserved 1048576K
}

Deoptimization events (10 events):
Event: 103.810 Thread 0x00007febf7207800 Uncommon trap: reason=unstable_if action=reinterpret pc=0x000000010e322294 method=java.awt.Font.equals(Ljava/lang/Object;)Z @ 2
Event: 103.846 Thread 0x00007febf792e800 Uncommon trap: reason=class_check action=maybe_recompile pc=0x000000010df35aa0 method=java.util.HashMap.putVal(ILjava/lang/Object;Ljava/lang/Object;ZZ)Ljava/lang/Object; @ 91
Event: 103.846 Thread 0x00007febf792e800 Uncommon trap: reason=class_check action=maybe_recompile pc=0x000000010df35aa0 method=java.util.HashMap.putVal(ILjava/lang/Object;Ljava/lang/Object;ZZ)Ljava/lang/Object; @ 91
Event: 103.846 Thread 0x00007febf792e800 Uncommon trap: reason=class_check action=maybe_recompile pc=0x000000010df32494 method=java.util.HashMap.putVal(ILjava/lang/Object;Ljava/lang/Object;ZZ)Ljava/lang/Object; @ 91
Event: 103.846 Thread 0x00007febf7207800 Uncommon trap: reason=class_check action=maybe_recompile pc=0x000000010e169f9c method=java.awt.Component.getGraphics()Ljava/awt/Graphics; @ 114
Event: 103.849 Thread 0x00007febf7849800 Uncommon trap: reason=class_check action=maybe_recompile pc=0x000000010de4cd00 method=com.jogamp.common.util.RunnableTask.run()V @ 24
Event: 103.852 Thread 0x00007febf7849800 Uncommon trap: reason=unstable_if action=reinterpret pc=0x000000010e57fefc method=jogamp.nativewindow.macosx.OSXUtil.RunOnMainThread(ZZLjava/lang/Runnable;)V @ 3
Event: 103.864 Thread 0x00007febf825f000 Uncommon trap: reason=unstable_if action=reinterpret pc=0x000000010e1fef80 method=jogamp.opengl.GLContextImpl.release(Z)V @ 161
Event: 103.868 Thread 0x00007febf825f000 Uncommon trap: reason=unstable_if action=reinterpret pc=0x000000010e46bba4 method=java.security.AccessControlContext.optimize()Ljava/security/AccessControlContext; @ 233
Event: 103.870 Thread 0x00007febf7849800 Uncommon trap: reason=class_check action=maybe_recompile pc=0x000000010de4cd00 method=com.jogamp.common.util.RunnableTask.run()V @ 24

Internal exceptions (10 events):
Event: 0.348 Thread 0x00007febf6802800 Exception <a 'java/lang/NoSuchFieldError': method resolution failed> (0x00000007aacd61a8) thrown at [/Users/java_re/workspace/8-2-build-macosx-x86_64/jdk8u121/8372/hotspot/src/share/vm/prims/methodHandles.cpp, line 1146]
Event: 0.727 Thread 0x00007febf6802800 Exception <a 'java/io/FileNotFoundException'> (0x00000007aad52d70) thrown at [/Users/java_re/workspace/8-2-build-macosx-x86_64/jdk8u121/8372/hotspot/src/share/vm/prims/jni.cpp, line 709]
Event: 0.727 Thread 0x00007febf6802800 Exception <a 'java/io/FileNotFoundException'> (0x00000007aad538c0) thrown at [/Users/java_re/workspace/8-2-build-macosx-x86_64/jdk8u121/8372/hotspot/src/share/vm/prims/jni.cpp, line 709]
Event: 0.895 Thread 0x00007febf6802800 Exception <a 'java/io/FileNotFoundException'> (0x00000007aae8c1e8) thrown at [/Users/java_re/workspace/8-2-build-macosx-x86_64/jdk8u121/8372/hotspot/src/share/vm/prims/jni.cpp, line 709]
Event: 3.850 Thread 0x00007febf7050800 Exception <a 'java/lang/NullPointerException'> (0x00000007aab8c910) thrown at [/Users/java_re/workspace/8-2-build-macosx-x86_64/jdk8u121/8372/hotspot/src/share/vm/interpreter/linkResolver.cpp, line 1178]
Event: 3.959 Thread 0x00007febf7220000 Exception <a 'java/lang/UnsatisfiedLinkError': com.jogamp.common.util.JarUtil.fixNativeLibAttribs(Ljava/lang/String;)Z> (0x00000007aaf35708) thrown at [/Users/java_re/workspace/8-2-build-macosx-x86_64/jdk8u121/8372/hotspot/src/share/vm/prims/nativeLookup.
Event: 5.251 Thread 0x00007febf825f000 Exception <a 'java/io/FileNotFoundException'> (0x00000007ab12e298) thrown at [/Users/java_re/workspace/8-2-build-macosx-x86_64/jdk8u121/8372/hotspot/src/share/vm/prims/jni.cpp, line 709]
Event: 5.252 Thread 0x00007febf825f000 Exception <a 'java/io/FileNotFoundException'> (0x00000007ab134480) thrown at [/Users/java_re/workspace/8-2-build-macosx-x86_64/jdk8u121/8372/hotspot/src/share/vm/prims/jni.cpp, line 709]
Event: 5.252 Thread 0x00007febf825f000 Implicit null exception at 0x000000010dcc48b6 to 0x000000010dcc4c85
Event: 5.491 Thread 0x00007febf825f000 Implicit null exception at 0x000000010deb6506 to 0x000000010deb674d

Events (10 events):
Event: 103.868 Thread 0x00007febf825f000 DEOPT UNPACKING pc=0x000000010dafe229 sp=0x00007000028a4ad0 mode 2
Event: 103.868 loading class java/awt/LightweightDispatcher$2
Event: 103.868 loading class java/awt/LightweightDispatcher$2 done
Event: 103.868 loading class java/awt/event/AWTEventListenerProxy
Event: 103.868 loading class java/awt/event/AWTEventListenerProxy done
Event: 103.868 loading class java/awt/Toolkit$ToolkitEventMulticaster
Event: 103.868 loading class java/awt/Toolkit$ToolkitEventMulticaster done
Event: 103.869 Thread 0x00007febf7849800 Uncommon trap: trap_request=0xffffffde fr.pc=0x000000010de4cd00
Event: 103.870 Thread 0x00007febf7849800 DEOPT PACKING pc=0x000000010de4cd00 sp=0x00007fff552f34b0
Event: 103.870 Thread 0x00007febf7849800 DEOPT UNPACKING pc=0x000000010dafe229 sp=0x00007fff552f3458 mode 2


Dynamic libraries:
0x000000004c357000 	/System/Library/Frameworks/Cocoa.framework/Versions/A/Cocoa
0x000000004c357000 	/System/Library/Frameworks/Security.framework/Versions/A/Security
0x000000004c357000 	/System/Library/Frameworks/ApplicationServices.framework/Versions/A/ApplicationServices
0x000000004c357000 	/usr/lib/libz.1.dylib
0x000000004c357000 	/usr/lib/libSystem.B.dylib
0x000000004c357000 	/usr/lib/libobjc.A.dylib
0x000000004c357000 	/System/Library/Frameworks/CoreFoundation.framework/Versions/A/CoreFoundation
0x000000004c357000 	/System/Library/Frameworks/Foundation.framework/Versions/C/Foundation
0x000000004c357000 	/System/Library/Frameworks/AppKit.framework/Versions/C/AppKit
0x000000004c357000 	/System/Library/Frameworks/CoreData.framework/Versions/A/CoreData
0x000000004c357000 	/System/Library/PrivateFrameworks/RemoteViewServices.framework/Versions/A/RemoteViewServices
0x000000004c357000 	/System/Library/PrivateFrameworks/UIFoundation.framework/Versions/A/UIFoundation
0x000000004c357000 	/System/Library/PrivateFrameworks/DFRFoundation.framework/Versions/A/DFRFoundation
0x000000004c357000 	/usr/lib/libenergytrace.dylib
0x000000004c357000 	/System/Library/PrivateFrameworks/SkyLight.framework/Versions/A/SkyLight
0x000000004c357000 	/System/Library/Frameworks/CoreGraphics.framework/Versions/A/CoreGraphics
0x000000004c357000 	/usr/lib/libScreenReader.dylib
0x000000004c357000 	/System/Library/Frameworks/Accelerate.framework/Versions/A/Accelerate
0x000000004c357000 	/System/Library/Frameworks/IOSurface.framework/Versions/A/IOSurface
0x000000004c357000 	/System/Library/Frameworks/AudioToolbox.framework/Versions/A/AudioToolbox
0x000000004c357000 	/System/Library/Frameworks/AudioUnit.framework/Versions/A/AudioUnit
0x000000004c357000 	/System/Library/PrivateFrameworks/DataDetectorsCore.framework/Versions/A/DataDetectorsCore
0x000000004c357000 	/System/Library/PrivateFrameworks/DesktopServicesPriv.framework/Versions/A/DesktopServicesPriv
0x000000004c357000 	/System/Library/Frameworks/Carbon.framework/Versions/A/Frameworks/HIToolbox.framework/Versions/A/HIToolbox
0x000000004c357000 	/usr/lib/libicucore.A.dylib
0x000000004c357000 	/System/Library/Frameworks/QuartzCore.framework/Versions/A/QuartzCore
0x000000004c357000 	/System/Library/Frameworks/Carbon.framework/Versions/A/Frameworks/SpeechRecognition.framework/Versions/A/SpeechRecognition
0x000000004c357000 	/usr/lib/libauto.dylib
0x000000004c357000 	/usr/lib/libxml2.2.dylib
0x000000004c357000 	/System/Library/PrivateFrameworks/CoreUI.framework/Versions/A/CoreUI
0x000000004c357000 	/System/Library/Frameworks/CoreAudio.framework/Versions/A/CoreAudio
0x000000004c357000 	/System/Library/Frameworks/DiskArbitration.framework/Versions/A/DiskArbitration
0x000000004c357000 	/usr/lib/liblangid.dylib
0x000000004c357000 	/System/Library/PrivateFrameworks/MultitouchSupport.framework/Versions/A/MultitouchSupport
0x000000004c357000 	/System/Library/Frameworks/IOKit.framework/Versions/A/IOKit
0x000000004c357000 	/usr/lib/libDiagnosticMessagesClient.dylib
0x000000004c357000 	/System/Library/Frameworks/CoreServices.framework/Versions/A/CoreServices
0x000000004c357000 	/System/Library/PrivateFrameworks/PerformanceAnalysis.framework/Versions/A/PerformanceAnalysis
0x000000004c357000 	/System/Library/PrivateFrameworks/GenerationalStorage.framework/Versions/A/GenerationalStorage
0x000000004c357000 	/System/Library/Frameworks/OpenGL.framework/Versions/A/OpenGL
0x000000004c357000 	/System/Library/Frameworks/CoreImage.framework/Versions/A/CoreImage
0x000000004c357000 	/System/Library/Frameworks/CoreText.framework/Versions/A/CoreText
0x000000004c357000 	/System/Library/Frameworks/ImageIO.framework/Versions/A/ImageIO
0x000000004c357000 	/System/Library/PrivateFrameworks/Backup.framework/Versions/A/Backup
0x000000004c357000 	/usr/lib/libarchive.2.dylib
0x000000004c357000 	/System/Library/Frameworks/CFNetwork.framework/Versions/A/CFNetwork
0x000000004c357000 	/System/Library/Frameworks/SystemConfiguration.framework/Versions/A/SystemConfiguration
0x000000004c357000 	/usr/lib/libCRFSuite.dylib
0x000000004c357000 	/usr/lib/libc++.1.dylib
0x000000004c357000 	/usr/lib/libc++abi.dylib
0x000000004c357000 	/usr/lib/system/libcache.dylib
0x000000004c357000 	/usr/lib/system/libcommonCrypto.dylib
0x000000004c357000 	/usr/lib/system/libcompiler_rt.dylib
0x000000004c357000 	/usr/lib/system/libcopyfile.dylib
0x000000004c357000 	/usr/lib/system/libcorecrypto.dylib
0x000000004c357000 	/usr/lib/system/libdispatch.dylib
0x000000004c357000 	/usr/lib/system/libdyld.dylib
0x000000004c357000 	/usr/lib/system/libkeymgr.dylib
0x000000004c357000 	/usr/lib/system/liblaunch.dylib
0x000000004c357000 	/usr/lib/system/libmacho.dylib
0x000000004c357000 	/usr/lib/system/libquarantine.dylib
0x000000004c357000 	/usr/lib/system/libremovefile.dylib
0x000000004c357000 	/usr/lib/system/libsystem_asl.dylib
0x000000004c357000 	/usr/lib/system/libsystem_blocks.dylib
0x000000004c357000 	/usr/lib/system/libsystem_c.dylib
0x000000004c357000 	/usr/lib/system/libsystem_configuration.dylib
0x000000004c357000 	/usr/lib/system/libsystem_coreservices.dylib
0x000000004c357000 	/usr/lib/system/libsystem_coretls.dylib
0x000000004c357000 	/usr/lib/system/libsystem_dnssd.dylib
0x000000004c357000 	/usr/lib/system/libsystem_info.dylib
0x000000004c357000 	/usr/lib/system/libsystem_kernel.dylib
0x000000004c357000 	/usr/lib/system/libsystem_m.dylib
0x000000004c357000 	/usr/lib/system/libsystem_malloc.dylib
0x000000004c357000 	/usr/lib/system/libsystem_network.dylib
0x000000004c357000 	/usr/lib/system/libsystem_networkextension.dylib
0x000000004c357000 	/usr/lib/system/libsystem_notify.dylib
0x000000004c357000 	/usr/lib/system/libsystem_platform.dylib
0x000000004c357000 	/usr/lib/system/libsystem_pthread.dylib
0x000000004c357000 	/usr/lib/system/libsystem_sandbox.dylib
0x000000004c357000 	/usr/lib/system/libsystem_secinit.dylib
0x000000004c357000 	/usr/lib/system/libsystem_symptoms.dylib
0x000000004c357000 	/usr/lib/system/libsystem_trace.dylib
0x000000004c357000 	/usr/lib/system/libunwind.dylib
0x000000004c357000 	/usr/lib/system/libxpc.dylib
0x000000004c357000 	/usr/lib/libbsm.0.dylib
0x000000004c357000 	/usr/lib/system/libkxld.dylib
0x000000004c357000 	/usr/lib/libcoretls.dylib
0x000000004c357000 	/usr/lib/libcoretls_cfhelpers.dylib
0x000000004c357000 	/usr/lib/libOpenScriptingUtil.dylib
0x000000004c357000 	/usr/lib/libpam.2.dylib
0x000000004c357000 	/usr/lib/libsqlite3.dylib
0x000000004c357000 	/usr/lib/libxar.1.dylib
0x000000004c357000 	/usr/lib/libbz2.1.0.dylib
0x000000004c357000 	/usr/lib/liblzma.5.dylib
0x000000004c357000 	/usr/lib/libnetwork.dylib
0x000000004c357000 	/usr/lib/libpcap.A.dylib
0x000000004c357000 	/System/Library/Frameworks/CoreServices.framework/Versions/A/Frameworks/FSEvents.framework/Versions/A/FSEvents
0x000000004c357000 	/System/Library/Frameworks/CoreServices.framework/Versions/A/Frameworks/CarbonCore.framework/Versions/A/CarbonCore
0x000000004c357000 	/System/Library/Frameworks/CoreServices.framework/Versions/A/Frameworks/Metadata.framework/Versions/A/Metadata
0x000000004c357000 	/System/Library/Frameworks/CoreServices.framework/Versions/A/Frameworks/OSServices.framework/Versions/A/OSServices
0x000000004c357000 	/System/Library/Frameworks/CoreServices.framework/Versions/A/Frameworks/SearchKit.framework/Versions/A/SearchKit
0x000000004c357000 	/System/Library/Frameworks/CoreServices.framework/Versions/A/Frameworks/AE.framework/Versions/A/AE
0x000000004c357000 	/System/Library/Frameworks/CoreServices.framework/Versions/A/Frameworks/LaunchServices.framework/Versions/A/LaunchServices
0x000000004c357000 	/System/Library/Frameworks/CoreServices.framework/Versions/A/Frameworks/DictionaryServices.framework/Versions/A/DictionaryServices
0x000000004c357000 	/System/Library/Frameworks/CoreServices.framework/Versions/A/Frameworks/SharedFileList.framework/Versions/A/SharedFileList
0x000000004c357000 	/System/Library/Frameworks/NetFS.framework/Versions/A/NetFS
0x000000004c357000 	/System/Library/PrivateFrameworks/NetAuth.framework/Versions/A/NetAuth
0x000000004c357000 	/System/Library/PrivateFrameworks/login.framework/Versions/A/Frameworks/loginsupport.framework/Versions/A/loginsupport
0x000000004c357000 	/System/Library/PrivateFrameworks/TCC.framework/Versions/A/TCC
0x000000004c357000 	/usr/lib/libmecabra.dylib
0x000000004c357000 	/System/Library/Frameworks/ApplicationServices.framework/Versions/A/Frameworks/ATS.framework/Versions/A/ATS
0x000000004c357000 	/System/Library/Frameworks/ApplicationServices.framework/Versions/A/Frameworks/ColorSync.framework/Versions/A/ColorSync
0x000000004c357000 	/System/Library/Frameworks/ApplicationServices.framework/Versions/A/Frameworks/HIServices.framework/Versions/A/HIServices
0x000000004c357000 	/System/Library/Frameworks/ApplicationServices.framework/Versions/A/Frameworks/LangAnalysis.framework/Versions/A/LangAnalysis
0x000000004c357000 	/System/Library/Frameworks/ApplicationServices.framework/Versions/A/Frameworks/PrintCore.framework/Versions/A/PrintCore
0x000000004c357000 	/System/Library/Frameworks/ApplicationServices.framework/Versions/A/Frameworks/QD.framework/Versions/A/QD
0x000000004c357000 	/System/Library/Frameworks/ApplicationServices.framework/Versions/A/Frameworks/SpeechSynthesis.framework/Versions/A/SpeechSynthesis
0x000000004c357000 	/System/Library/Frameworks/Accelerate.framework/Versions/A/Frameworks/vImage.framework/Versions/A/vImage
0x000000004c357000 	/System/Library/Frameworks/Accelerate.framework/Versions/A/Frameworks/vecLib.framework/Versions/A/vecLib
0x000000004c357000 	/System/Library/Frameworks/Accelerate.framework/Versions/A/Frameworks/vecLib.framework/Versions/A/libvDSP.dylib
0x000000004c357000 	/System/Library/Frameworks/Accelerate.framework/Versions/A/Frameworks/vecLib.framework/Versions/A/libBNNS.dylib
0x000000004c357000 	/System/Library/Frameworks/Accelerate.framework/Versions/A/Frameworks/vecLib.framework/Versions/A/libQuadrature.dylib
0x000000004c357000 	/System/Library/Frameworks/Accelerate.framework/Versions/A/Frameworks/vecLib.framework/Versions/A/libvMisc.dylib
0x000000004c357000 	/System/Library/Frameworks/Accelerate.framework/Versions/A/Frameworks/vecLib.framework/Versions/A/libLAPACK.dylib
0x000000004c357000 	/System/Library/Frameworks/Accelerate.framework/Versions/A/Frameworks/vecLib.framework/Versions/A/libBLAS.dylib
0x000000004c357000 	/System/Library/Frameworks/Accelerate.framework/Versions/A/Frameworks/vecLib.framework/Versions/A/libLinearAlgebra.dylib
0x000000004c357000 	/System/Library/Frameworks/Accelerate.framework/Versions/A/Frameworks/vecLib.framework/Versions/A/libSparseBLAS.dylib
0x000000004c357000 	/System/Library/Frameworks/ApplicationServices.framework/Versions/A/Frameworks/ATS.framework/Versions/A/Resources/libFontParser.dylib
0x000000004c357000 	/System/Library/Frameworks/ApplicationServices.framework/Versions/A/Frameworks/ATS.framework/Versions/A/Resources/libFontRegistry.dylib
0x000000004c357000 	/System/Library/Frameworks/ImageIO.framework/Versions/A/Resources/libJPEG.dylib
0x000000004c357000 	/System/Library/Frameworks/ImageIO.framework/Versions/A/Resources/libTIFF.dylib
0x000000004c357000 	/System/Library/Frameworks/ImageIO.framework/Versions/A/Resources/libPng.dylib
0x000000004c357000 	/System/Library/Frameworks/ImageIO.framework/Versions/A/Resources/libGIF.dylib
0x000000004c357000 	/System/Library/Frameworks/ImageIO.framework/Versions/A/Resources/libJP2.dylib
0x000000004c357000 	/System/Library/Frameworks/ImageIO.framework/Versions/A/Resources/libRadiance.dylib
0x000000004c357000 	/usr/lib/libcompression.dylib
0x000000004c357000 	/System/Library/PrivateFrameworks/AppleJPEG.framework/Versions/A/AppleJPEG
0x000000004c357000 	/usr/lib/libcups.2.dylib
0x000000004c357000 	/System/Library/Frameworks/Kerberos.framework/Versions/A/Kerberos
0x000000004c357000 	/System/Library/Frameworks/GSS.framework/Versions/A/GSS
0x000000004c357000 	/usr/lib/libresolv.9.dylib
0x000000004c357000 	/usr/lib/libiconv.2.dylib
0x000000004c357000 	/System/Library/PrivateFrameworks/Heimdal.framework/Versions/A/Heimdal
0x000000004c357000 	/usr/lib/libheimdal-asn1.dylib
0x000000004c357000 	/System/Library/Frameworks/OpenDirectory.framework/Versions/A/OpenDirectory
0x000000004c357000 	/System/Library/PrivateFrameworks/CommonAuth.framework/Versions/A/CommonAuth
0x000000004c357000 	/System/Library/Frameworks/OpenDirectory.framework/Versions/A/Frameworks/CFOpenDirectory.framework/Versions/A/CFOpenDirectory
0x000000004c357000 	/System/Library/Frameworks/SecurityFoundation.framework/Versions/A/SecurityFoundation
0x000000004c357000 	/System/Library/PrivateFrameworks/LanguageModeling.framework/Versions/A/LanguageModeling
0x000000004c357000 	/usr/lib/libmarisa.dylib
0x000000004c357000 	/usr/lib/libChineseTokenizer.dylib
0x000000004c357000 	/usr/lib/libcmph.dylib
0x000000004c357000 	/System/Library/PrivateFrameworks/CoreEmoji.framework/Versions/A/CoreEmoji
0x000000004c357000 	/System/Library/Frameworks/ServiceManagement.framework/Versions/A/ServiceManagement
0x000000004c357000 	/usr/lib/libxslt.1.dylib
0x000000004c357000 	/System/Library/Frameworks/Carbon.framework/Versions/A/Frameworks/Ink.framework/Versions/A/Ink
0x000000004c357000 	/System/Library/PrivateFrameworks/TextureIO.framework/Versions/A/TextureIO
0x000000004c357000 	/System/Library/Frameworks/Metal.framework/Versions/A/Metal
0x000000004c357000 	/usr/lib/libate.dylib
0x000000004c357000 	/System/Library/PrivateFrameworks/GPUCompiler.framework/libmetal_timestamp.dylib
0x000000004c357000 	/System/Library/Frameworks/OpenGL.framework/Versions/A/Libraries/libCoreFSCache.dylib
0x000000004c357000 	/System/Library/PrivateFrameworks/IOAccelerator.framework/Versions/A/IOAccelerator
0x000000004c357000 	/System/Library/Frameworks/CoreVideo.framework/Versions/A/CoreVideo
0x000000004c357000 	/usr/lib/libFosl_dynamic.dylib
0x000000004c357000 	/System/Library/PrivateFrameworks/MetalPerformanceShaders.framework/Versions/A/MetalPerformanceShaders
0x000000004c357000 	/System/Library/PrivateFrameworks/FaceCore.framework/Versions/A/FaceCore
0x000000004c357000 	/System/Library/Frameworks/OpenCL.framework/Versions/A/OpenCL
0x000000004c357000 	/System/Library/Frameworks/OpenGL.framework/Versions/A/Libraries/libGLU.dylib
0x000000004c357000 	/System/Library/Frameworks/OpenGL.framework/Versions/A/Libraries/libGFXShared.dylib
0x000000004c357000 	/System/Library/Frameworks/OpenGL.framework/Versions/A/Libraries/libGL.dylib
0x000000004c357000 	/System/Library/Frameworks/OpenGL.framework/Versions/A/Libraries/libGLImage.dylib
0x000000004c357000 	/System/Library/Frameworks/OpenGL.framework/Versions/A/Libraries/libCVMSPluginSupport.dylib
0x000000004c357000 	/System/Library/Frameworks/OpenGL.framework/Versions/A/Libraries/libCoreVMClient.dylib
0x000000004c357000 	/System/Library/PrivateFrameworks/CrashReporterSupport.framework/Versions/A/CrashReporterSupport
0x000000004c357000 	/System/Library/PrivateFrameworks/Sharing.framework/Versions/A/Sharing
0x000000004c357000 	/System/Library/PrivateFrameworks/IconServices.framework/Versions/A/IconServices
0x000000004c357000 	/System/Library/PrivateFrameworks/ProtocolBuffer.framework/Versions/A/ProtocolBuffer
0x000000004c357000 	/System/Library/PrivateFrameworks/Apple80211.framework/Versions/A/Apple80211
0x000000004c357000 	/System/Library/Frameworks/CoreWLAN.framework/Versions/A/CoreWLAN
0x000000004c357000 	/System/Library/PrivateFrameworks/CoreUtils.framework/Versions/A/CoreUtils
0x000000004c357000 	/System/Library/Frameworks/IOBluetooth.framework/Versions/A/IOBluetooth
0x000000004c357000 	/System/Library/PrivateFrameworks/CoreWiFi.framework/Versions/A/CoreWiFi
0x000000004c357000 	/System/Library/Frameworks/CoreBluetooth.framework/Versions/A/CoreBluetooth
0x000000004c357000 	/System/Library/Frameworks/CoreDisplay.framework/Versions/A/CoreDisplay
0x000000004c357000 	/System/Library/PrivateFrameworks/IOPresentment.framework/Versions/A/IOPresentment
0x000000004c357000 	/System/Library/PrivateFrameworks/DSExternalDisplay.framework/Versions/A/DSExternalDisplay
0x000000004c357000 	/System/Library/PrivateFrameworks/DebugSymbols.framework/Versions/A/DebugSymbols
0x000000004c357000 	/System/Library/PrivateFrameworks/CoreSymbolication.framework/Versions/A/CoreSymbolication
0x000000004c357000 	/System/Library/PrivateFrameworks/Symbolication.framework/Versions/A/Symbolication
0x000000004c357000 	/System/Library/PrivateFrameworks/AppleFSCompression.framework/Versions/A/AppleFSCompression
0x000000004c357000 	/System/Library/PrivateFrameworks/SpeechRecognitionCore.framework/Versions/A/SpeechRecognitionCore
0x000000004c357000 	/System/Library/PrivateFrameworks/ChunkingLibrary.framework/Versions/A/ChunkingLibrary
0x000000010b200000 	/Library/Java/JavaVirtualMachines/jdk1.8.0_121.jdk/Contents/Home/jre/lib/server/libjvm.dylib
0x000000004c357000 	/usr/lib/libstdc++.6.dylib
0x000000010a985000 	/Library/Java/JavaVirtualMachines/jdk1.8.0_121.jdk/Contents/Home/jre/lib/libverify.dylib
0x000000010a993000 	/Library/Java/JavaVirtualMachines/jdk1.8.0_121.jdk/Contents/Home/jre/lib/libjava.dylib
0x000000010a9d2000 	/Library/Java/JavaVirtualMachines/jdk1.8.0_121.jdk/Contents/Home/jre/lib/libzip.dylib
0x000000011f619000 	/System/Library/Frameworks/JavaVM.framework/Frameworks/JavaRuntimeSupport.framework/JavaRuntimeSupport
0x000000011f633000 	/System/Library/Frameworks/JavaVM.framework/Versions/A/Frameworks/JavaNativeFoundation.framework/Versions/A/JavaNativeFoundation
0x000000010a9f0000 	/System/Library/Frameworks/JavaVM.framework/Versions/A/JavaVM
0x000000004c357000 	/System/Library/Frameworks/Carbon.framework/Versions/A/Carbon
0x000000011f648000 	/System/Library/PrivateFrameworks/JavaLaunching.framework/Versions/A/JavaLaunching
0x000000004c357000 	/System/Library/Frameworks/Carbon.framework/Versions/A/Frameworks/CommonPanels.framework/Versions/A/CommonPanels
0x000000004c357000 	/System/Library/Frameworks/Carbon.framework/Versions/A/Frameworks/Help.framework/Versions/A/Help
0x000000004c357000 	/System/Library/Frameworks/Carbon.framework/Versions/A/Frameworks/ImageCapture.framework/Versions/A/ImageCapture
0x000000004c357000 	/System/Library/Frameworks/Carbon.framework/Versions/A/Frameworks/OpenScripting.framework/Versions/A/OpenScripting
0x000000004c357000 	/System/Library/Frameworks/Carbon.framework/Versions/A/Frameworks/Print.framework/Versions/A/Print
0x000000004c357000 	/System/Library/Frameworks/Carbon.framework/Versions/A/Frameworks/SecurityHI.framework/Versions/A/SecurityHI
0x0000000120f56000 	/Library/Java/JavaVirtualMachines/jdk1.8.0_121.jdk/Contents/Home/jre/lib/libawt.dylib
0x0000000120ffe000 	/Library/Java/JavaVirtualMachines/jdk1.8.0_121.jdk/Contents/Home/jre/lib/./libmlib_image.dylib
0x00000001210ca000 	/Library/Java/JavaVirtualMachines/jdk1.8.0_121.jdk/Contents/Home/jre/lib/libawt_lwawt.dylib
0x0000000121181000 	/Library/Java/JavaVirtualMachines/jdk1.8.0_121.jdk/Contents/Home/jre/lib/./libosxapp.dylib
0x000000004c357000 	/System/Library/Frameworks/ExceptionHandling.framework/Versions/A/ExceptionHandling
0x000000004c357000 	/System/Library/PrivateFrameworks/CoreServicesInternal.framework/Versions/A/CoreServicesInternal
0x000000004c357000 	/System/Library/CoreServices/RawCamera.bundle/Contents/MacOS/RawCamera
0x000000004c357000 	/System/Library/Frameworks/Accelerate.framework/Versions/A/Frameworks/vImage.framework/Versions/A/Libraries/libCGInterfaces.dylib
0x000000004c357000 	/System/Library/Frameworks/ApplicationServices.framework/Versions/A/Frameworks/ATS.framework/Versions/A/Resources/libTrueTypeScaler.dylib
0x0000000122ca3000 	/System/Library/Frameworks/OpenGL.framework/Resources/GLEngine.bundle/GLEngine
0x000000004c357000 	/System/Library/Frameworks/OpenGL.framework/Versions/A/Libraries/libGLProgrammability.dylib
0x0000000122e88000 	/System/Library/Extensions/AppleIntelHD5000GraphicsGLDriver.bundle/Contents/MacOS/AppleIntelHD5000GraphicsGLDriver
0x000000004c357000 	/System/Library/PrivateFrameworks/GPUSupport.framework/Versions/A/Libraries/libGPUSupportMercury.dylib
0x00000001235f6000 	/System/Library/Frameworks/OpenGL.framework/Resources//GLRendererFloat.bundle/GLRendererFloat
0x000000004c357000 	/System/Library/Frameworks/OpenCL.framework/Versions/A/Libraries/libcldcpuengine.dylib
0x000000004c357000 	/usr/lib/libcrypto.0.9.8.dylib
0x000000004c357000 	/System/Library/PrivateFrameworks/TrustEvaluationAgent.framework/Versions/A/TrustEvaluationAgent
0x000000012362a000 	/System/Library/Extensions/AppleIntelHD5000GraphicsMTLDriver.bundle/Contents/MacOS/AppleIntelHD5000GraphicsMTLDriver
0x000000004c357000 	/System/Library/PrivateFrameworks/FamilyControls.framework/Versions/A/FamilyControls
0x000000004c357000 	/System/Library/PrivateFrameworks/CommerceKit.framework/Versions/A/Frameworks/CommerceCore.framework/Versions/A/CommerceCore
0x000000004c357000 	/System/Library/PrivateFrameworks/SystemAdministration.framework/Versions/A/SystemAdministration
0x000000004c357000 	/System/Library/PrivateFrameworks/AppContainer.framework/Versions/A/AppContainer
0x000000004c357000 	/System/Library/PrivateFrameworks/SecCodeWrapper.framework/Versions/A/SecCodeWrapper
0x000000004c357000 	/System/Library/Frameworks/DirectoryService.framework/Versions/A/DirectoryService
0x000000004c357000 	/System/Library/PrivateFrameworks/DiskImages.framework/Versions/A/DiskImages
0x000000004c357000 	/System/Library/PrivateFrameworks/LoginUIKit.framework/Versions/A/Frameworks/LoginUICore.framework/Versions/A/LoginUICore
0x000000004c357000 	/usr/lib/libCoreStorage.dylib
0x000000004c357000 	/usr/lib/libcsfde.dylib
0x000000004c357000 	/usr/lib/libodfde.dylib
0x000000004c357000 	/System/Library/Frameworks/DiscRecording.framework/Versions/A/DiscRecording
0x000000004c357000 	/usr/lib/libcurl.4.dylib
0x000000004c357000 	/System/Library/PrivateFrameworks/MediaKit.framework/Versions/A/MediaKit
0x000000004c357000 	/System/Library/PrivateFrameworks/ProtectedCloudStorage.framework/Versions/A/ProtectedCloudStorage
0x000000004c357000 	/System/Library/PrivateFrameworks/EFILogin.framework/Versions/A/EFILogin
0x000000004c357000 	/usr/lib/libutil.dylib
0x000000004c357000 	/System/Library/Frameworks/LDAP.framework/Versions/A/LDAP
0x000000004c357000 	/usr/lib/libsasl2.2.dylib
0x000000004c357000 	/System/Library/PrivateFrameworks/CoreDaemon.framework/Versions/B/CoreDaemon
0x000000004c357000 	/System/Library/PrivateFrameworks/AppleSRP.framework/Versions/A/AppleSRP
0x000000004c357000 	/System/Library/PrivateFrameworks/APFS.framework/Versions/A/APFS
0x0000000125213000 	/Library/Java/JavaVirtualMachines/jdk1.8.0_121.jdk/Contents/Home/jre/lib/libfontmanager.dylib
0x000000004c357000 	/System/Library/PrivateFrameworks/ViewBridge.framework/Versions/A/ViewBridge
0x000000004c357000 	/System/Library/PrivateFrameworks/XPCService.framework/Versions/A/XPCService
0x000000004c357000 	/System/Library/PrivateFrameworks/AppSandbox.framework/Versions/A/AppSandbox
0x000000004c357000 	/usr/lib/libsandbox.1.dylib
0x000000004c357000 	/usr/lib/libMatch.1.dylib
0x000000012660e000 	/Library/Java/JavaVirtualMachines/jdk1.8.0_121.jdk/Contents/Home/jre/lib/libosxui.dylib
0x00000001273b4000 	/Library/Java/JavaVirtualMachines/jdk1.8.0_121.jdk/Contents/Home/jre/lib/libnet.dylib
0x0000000127120000 	/Library/Java/JavaVirtualMachines/jdk1.8.0_121.jdk/Contents/Home/jre/lib/libnio.dylib
0x000000012631d000 	/private/var/folders/z5/dkh_k18x6bn8z6w6jj1k7pqm0000gn/T/jogamp_0000/file_cache/jln1304867340953501143/jln3947714314010684326/libgluegen-rt.jnilib
0x000000012716b000 	/private/var/folders/z5/dkh_k18x6bn8z6w6jj1k7pqm0000gn/T/jogamp_0000/file_cache/jln1304867340953501143/jln3947714314010684326/libnativewindow_awt.jnilib
0x000000018f7cd000 	/Library/Java/JavaVirtualMachines/jdk1.8.0_121.jdk/Contents/Home/jre/lib/libjawt.dylib
0x000000018f7d0000 	/private/var/folders/z5/dkh_k18x6bn8z6w6jj1k7pqm0000gn/T/jogamp_0000/file_cache/jln1304867340953501143/jln3947714314010684326/libnativewindow_macosx.jnilib
0x00000001913ea000 	/private/var/folders/z5/dkh_k18x6bn8z6w6jj1k7pqm0000gn/T/jogamp_0000/file_cache/jln1304867340953501143/jln3947714314010684326/libjogl_desktop.jnilib
0x000000018f90b000 	/Library/Java/JavaVirtualMachines/jdk1.8.0_121.jdk/Contents/Home/jre/lib/libsunec.dylib
0x00000001969dc000 	/Library/Java/JavaVirtualMachines/jdk1.8.0_121.jdk/Contents/Home/jre/lib/libt2k.dylib

VM Arguments:
jvm_args: -Djava.security.policy=java.policy.applet -Dfile.encoding=MacRoman 
java_command: sun.applet.AppletViewer module3.EarthquakeCityMap1523506707761.html
java_class_path (initial): /Users/Mac/Documents/workspace/UCSDUnfoldingMaps/build:/Users/Mac/Documents/workspace/UCSDUnfoldingMaps/lib/core.jar:/Users/Mac/Documents/workspace/UCSDUnfoldingMaps/lib/gluegen-rt.jar:/Users/Mac/Documents/workspace/UCSDUnfoldingMaps/lib/jogl-all.jar:/Users/Mac/Documents/workspace/UCSDUnfoldingMaps/lib/log4j-1.2.15.jar:/Users/Mac/Documents/workspace/UCSDUnfoldingMaps/lib/sqlite-jdbc-3.7.2.jar:/Users/Mac/Documents/workspace/UCSDUnfoldingMaps/lib/json4processing.jar:/Users/Mac/Documents/workspace/UCSDUnfoldingMaps/lib/libTUIO.jar:/Users/Mac/Documents/workspace/UCSDUnfoldingMaps/lib/unfolding.0.9.7-uscd.jar
Launcher Type: SUN_STANDARD

Environment Variables:
PATH=/Library/Frameworks/Python.framework/Versions/3.6/bin:/usr/local/bin:/usr/bin:/bin:/usr/sbin:/sbin:/opt/X11/bin:/Library/Frameworks/Mono.framework/Versions/Current/Commands:/Library/TeX/texbin
SHELL=/bin/bash
DISPLAY=/private/tmp/com.apple.launchd.BfoSnAz3r8/org.macosforge.xquartz:0

Signal Handlers:
SIGSEGV: [libjvm.dylib+0x5b1141], sa_mask[0]=11111111011111110111111111111111, sa_flags=SA_ONSTACK|SA_RESTART|SA_SIGINFO
SIGBUS: [libjvm.dylib+0x5b1141], sa_mask[0]=11111111011111110111111111111111, sa_flags=SA_RESTART|SA_SIGINFO
SIGFPE: [libjvm.dylib+0x487bc4], sa_mask[0]=11111111011111110111111111111111, sa_flags=SA_RESTART|SA_SIGINFO
SIGPIPE: [libjvm.dylib+0x487bc4], sa_mask[0]=11111111011111110111111111111111, sa_flags=SA_RESTART|SA_SIGINFO
SIGXFSZ: [libjvm.dylib+0x487bc4], sa_mask[0]=11111111011111110111111111111111, sa_flags=SA_RESTART|SA_SIGINFO
SIGILL: [libjvm.dylib+0x487bc4], sa_mask[0]=11111111011111110111111111111111, sa_flags=SA_RESTART|SA_SIGINFO
SIGUSR1: SIG_DFL, sa_mask[0]=11011111011111100000000111000110, sa_flags=none
SIGUSR2: [libjvm.dylib+0x4876e2], sa_mask[0]=00100000000000000000000000000000, sa_flags=SA_RESTART|SA_SIGINFO
SIGHUP: [libjvm.dylib+0x485cb9], sa_mask[0]=11111111011111110111111111111111, sa_flags=SA_RESTART|SA_SIGINFO
SIGINT: [libjvm.dylib+0x485cb9], sa_mask[0]=11111111011111110111111111111111, sa_flags=SA_RESTART|SA_SIGINFO
SIGTERM: [libjvm.dylib+0x485cb9], sa_mask[0]=11111111011111110111111111111111, sa_flags=SA_RESTART|SA_SIGINFO
SIGQUIT: [libjvm.dylib+0x485cb9], sa_mask[0]=11111111011111110111111111111111, sa_flags=SA_RESTART|SA_SIGINFO


---------------  S Y S T E M  ---------------

OS:Bsduname:Darwin 16.7.0 Darwin Kernel Version 16.7.0: Thu Jan 11 22:59:40 PST 2018; root:xnu-3789.73.8~1/RELEASE_X86_64 x86_64
rlimit: STACK 8192k, CORE 0k, NPROC 709, NOFILE 10240, AS infinity
load average:2.78 2.45 2.32

CPU:total 4 (2 cores per cpu, 2 threads per core) family 6 model 69 stepping 1, cmov, cx8, fxsr, mmx, sse, sse2, sse3, ssse3, sse4.1, sse4.2, popcnt, avx, avx2, aes, clmul, erms, lzcnt, ht, tsc, tscinvbit, bmi1, bmi2

Memory: 4k page, physical 4194304k(64120k free)

/proc/meminfo:


vm_info: Java HotSpot(TM) 64-Bit Server VM (25.121-b13) for bsd-amd64 JRE (1.8.0_121-b13), built on Dec 12 2016 20:39:32 by "java_re" with gcc 4.2.1 (Based on Apple Inc. build 5658) (LLVM build 2336.11.00)

time: Wed Apr 11 21:20:11 2018
elapsed time: 103 seconds (0d 0h 1m 43s)

