#
# A fatal error has been detected by the Java Runtime Environment:
#
#  SIGSEGV (0xb) at pc=0x00007fffd65ee05d, pid=14935, tid=0x0000000000000307
#
# JRE version: Java(TM) SE Runtime Environment (8.0_121-b13) (build 1.8.0_121-b13)
# Java VM: Java HotSpot(TM) 64-Bit Server VM (25.121-b13 mixed mode bsd-amd64 compressed oops)
# Problematic frame:
# C  [libobjc.A.dylib+0x705d]  objc_msgSend+0x1d
#
# Failed to write core dump. Core dumps have been disabled. To enable core dumping, try "ulimit -c unlimited" before starting Java again
#
# If you would like to submit a bug report, please visit:
#   http://bugreport.java.com/bugreport/crash.jsp
# The crash happened outside the Java Virtual Machine in native code.
# See problematic frame for where to report the bug.
#

---------------  T H R E A D  ---------------

Current thread (0x00007fce0d1bf000):  JavaThread "AWT-AppKit" daemon [_thread_in_native, id=775, stack(0x00007fff50c1f000,0x00007fff5141f000)]

siginfo: si_signo: 11 (SIGSEGV), si_code: 1 (SEGV_MAPERR), si_addr: 0x0000000000000018

Registers:
RAX=0x00007fce0c5ab660, RBX=0x000000019371e450, RCX=0x00007fce0e900040, RDX=0x0000000000000000
RSP=0x00007fff5141a248, RBP=0x00007fff5141a300, RSI=0x00007fffbfe75116, RDI=0x00007fce123d6ed0
R8 =0x0000000000000018, R9 =0x00007fce0e900910, R10=0x0000000000000000, R11=0x00007fffbfe75116
R12=0x0000000000000000, R13=0x000000019519a1f8, R14=0x000000019371e440, R15=0x00007fce0d1bf000
RIP=0x00007fffd65ee05d, EFLAGS=0x0000000000010246, ERR=0x0000000000000004
  TRAPNO=0x000000000000000e

Top of Stack: (sp=0x00007fff5141a248)
0x00007fff5141a248:   000000019371c157 00007fff5141a2a0
0x00007fff5141a258:   0000000000000003 00007fff5141a280
0x00007fff5141a268:   000000010f3f2c62 000000019519a1f8
0x00007fff5141a278:   000000019519a1f8 00007fce0c5ab660
0x00007fff5141a288:   000000019371e6a0 000000019371e710
0x00007fff5141a298:   00007fffdc6546d0 00007fffdd2841e0
0x00007fff5141a2a8:   000000019371e450 000000019371e690
0x00007fff5141a2b8:   00007fce0c5ab660 00007fce123d6ed0
0x00007fff5141a2c8:   00007fce0c44bab0 00007fce0c5ab660
0x00007fff5141a2d8:   00007fce123d6ed0 00007fff5141a380
0x00007fff5141a2e8:   00007fce0d1bf1f8 000000019519a1f8
0x00007fff5141a2f8:   00007fff5141a3a8 00007fff5141a370
0x00007fff5141a308:   000000011d83c9f4 00007fff5141a370
0x00007fff5141a318:   000000011d83c779 000000011d8489a3
0x00007fff5141a328:   000000011d83c742 00007fff5141a330
0x00007fff5141a338:   000000019519a1f8 00007fff5141a3a8
0x00007fff5141a348:   000000019519ce30 0000000000000000
0x00007fff5141a358:   000000019519a1f8 0000000000000000
0x00007fff5141a368:   00007fff5141a390 00007fff5141a3f0
0x00007fff5141a378:   000000011d82d2bd 0000000780618850
0x00007fff5141a388:   000000011d836538 00007fce0c5ab660
0x00007fff5141a398:   000000011d837e39 00007fce123d6ed0
0x00007fff5141a3a8:   000000011d837e02 00007fff5141a3b0
0x00007fff5141a3b8:   000000019519a3c2 00007fff5141a418
0x00007fff5141a3c8:   000000019519ce30 0000000000000000
0x00007fff5141a3d8:   000000019519a3d0 00007fff5141a390
0x00007fff5141a3e8:   00007fff5141a400 00007fff5141a460
0x00007fff5141a3f8:   000000011d82d2bd 00007fce0c5ab660
0x00007fff5141a408:   00000007806d2158 00007fce123d6ed0
0x00007fff5141a418:   00000007806d2158 00007fff5141a420
0x00007fff5141a428:   000000019a6e1af6 00007fff5141a470
0x00007fff5141a438:   000000019a6e1bb0 0000000000000000 

Instructions: (pc=0x00007fffd65ee05d)
0x00007fffd65ee03d:   0f 1f 00 48 85 ff 2e 74 62 40 f6 c7 01 2e 75 66
0x00007fffd65ee04d:   49 ba f8 ff ff ff ff 7f 00 00 4c 23 17 49 89 f3
0x00007fffd65ee05d:   45 23 5a 18 49 c1 e3 04 4d 03 5a 10 49 3b 33 75
0x00007fffd65ee06d:   04 41 ff 63 08 49 83 3b 01 76 0d 49 83 c3 10 49 

Register to memory mapping:

RAX=0x00007fce0c5ab660 is an unknown value
RBX=0x000000019371e450: Java_jogamp_nativewindow_macosx_OSXUtil_GetScreenRefreshRate0+0x1cf0 in /private/var/folders/z5/dkh_k18x6bn8z6w6jj1k7pqm0000gn/T/jogamp_0000/file_cache/jln1552972068564951/jln1118051577907986076/libnativewindow_macosx.jnilib at 0x0000000193717000
RCX=0x00007fce0e900040 is an unknown value
RDX=0x0000000000000000 is an unknown value
RSP=0x00007fff5141a248 is pointing into the stack for thread: 0x00007fce0d1bf000
RBP=0x00007fff5141a300 is pointing into the stack for thread: 0x00007fce0d1bf000
RSI=0x00007fffbfe75116: __NSStyleNameIndexTable+0x7fd5e in /System/Library/Frameworks/AppKit.framework/Versions/C/AppKit at 0x00007fffbf208000
RDI=0x00007fce123d6ed0 is an unknown value
R8 =0x0000000000000018 is an unknown value
R9 =0x00007fce0e900910 is an unknown value
R10=0x0000000000000000 is an unknown value
R11=0x00007fffbfe75116: __NSStyleNameIndexTable+0x7fd5e in /System/Library/Frameworks/AppKit.framework/Versions/C/AppKit at 0x00007fffbf208000
R12=0x0000000000000000 is an unknown value
R13={method} {0x000000019519a1f8} 'UnsetJAWTRootSurfaceLayer0' '(JJ)V' in 'jogamp/nativewindow/jawt/macosx/MacOSXJAWTWindow'
R14=0x000000019371e440: Java_jogamp_nativewindow_macosx_OSXUtil_GetScreenRefreshRate0+0x1ce0 in /private/var/folders/z5/dkh_k18x6bn8z6w6jj1k7pqm0000gn/T/jogamp_0000/file_cache/jln1552972068564951/jln1118051577907986076/libnativewindow_macosx.jnilib at 0x0000000193717000
R15=0x00007fce0d1bf000 is a thread


Stack: [0x00007fff50c1f000,0x00007fff5141f000],  sp=0x00007fff5141a248,  free space=8172k
Native frames: (J=compiled Java code, j=interpreted, Vv=VM code, C=native code)
C  [libobjc.A.dylib+0x705d]  objc_msgSend+0x1d
j  jogamp.nativewindow.jawt.macosx.MacOSXJAWTWindow.UnsetJAWTRootSurfaceLayer0(JJ)V+0
j  jogamp.nativewindow.jawt.macosx.MacOSXJAWTWindow.access$200(JJ)V+2
j  jogamp.nativewindow.jawt.macosx.MacOSXJAWTWindow$1.run()V+38
j  com.jogamp.common.util.RunnableTask.run()V+24
v  ~StubRoutines::call_stub
V  [libjvm.dylib+0x2ed9d6]  JavaCalls::call_helper(JavaValue*, methodHandle*, JavaCallArguments*, Thread*)+0x6ae
V  [libjvm.dylib+0x324b65]  jni_invoke_nonstatic(JNIEnv_*, JavaValue*, _jobject*, JNICallType, _jmethodID*, JNI_ArgumentPusher*, Thread*)+0x2ec
V  [libjvm.dylib+0x317333]  jni_CallVoidMethod+0x16b
C  [libnativewindow_macosx.jnilib+0x5326]  Java_jogamp_nativewindow_jawt_macosx_MacOSXJAWTWindow_UnsetJAWTRootSurfaceLayer0+0x2b6
C  [Foundation+0x7152a]  __NSThreadPerformPerform+0x146
C  [CoreFoundation+0xa7321]  __CFRUNLOOP_IS_CALLING_OUT_TO_A_SOURCE0_PERFORM_FUNCTION__+0x11
C  [CoreFoundation+0x88197]  __CFRunLoopDoSources0+0x1a7
C  [CoreFoundation+0x87716]  __CFRunLoopRun+0x3a6
C  [CoreFoundation+0x87114]  CFRunLoopRunSpecific+0x1a4
C  [HIToolbox+0x30ebc]  RunCurrentEventLoopInMode+0xf0
C  [HIToolbox+0x30bf9]  ReceiveNextEventCommon+0xb8
C  [HIToolbox+0x30b26]  _BlockUntilNextEventMatchingListInModeWithFilter+0x47
C  [AppKit+0x46a54]  _DPSNextEvent+0x460
C  [AppKit+0x7c27ee]  -[NSApplication(NSEvent) _nextEventMatchingEventMask:untilDate:inMode:dequeue:]+0xaec
C  [libosxapp.dylib+0x23aa]  -[NSApplicationAWT nextEventMatchingMask:untilDate:inMode:dequeue:]+0x7c
C  [AppKit+0x3b3db]  -[NSApplication run]+0x39e
C  [libosxapp.dylib+0x214d]  +[NSApplicationAWT runAWTLoopWithApp:]+0x9c
C  [libawt_lwawt.dylib+0x45ff7]  -[AWTStarter starter:]+0x389
C  [Foundation+0x7152a]  __NSThreadPerformPerform+0x146
C  [CoreFoundation+0xa7321]  __CFRUNLOOP_IS_CALLING_OUT_TO_A_SOURCE0_PERFORM_FUNCTION__+0x11
C  [CoreFoundation+0x8821d]  __CFRunLoopDoSources0+0x22d
C  [CoreFoundation+0x87716]  __CFRunLoopRun+0x3a6
C  [CoreFoundation+0x87114]  CFRunLoopRunSpecific+0x1a4
C  [java+0x6465]  CreateExecutionEnvironment+0x367
C  [java+0x218c]  JLI_Launch+0x7a0
C  [java+0x84c2]  main+0x65
C  [java+0x19e4]  start+0x34
C  0x0000000000000007

Java frames: (J=compiled Java code, j=interpreted, Vv=VM code)
j  jogamp.nativewindow.jawt.macosx.MacOSXJAWTWindow.UnsetJAWTRootSurfaceLayer0(JJ)V+0
j  jogamp.nativewindow.jawt.macosx.MacOSXJAWTWindow.access$200(JJ)V+2
j  jogamp.nativewindow.jawt.macosx.MacOSXJAWTWindow$1.run()V+38
j  com.jogamp.common.util.RunnableTask.run()V+24
v  ~StubRoutines::call_stub

---------------  P R O C E S S  ---------------

Java Threads: ( => current thread )
  0x00007fce0e72e800 JavaThread "Thread-19" [_thread_blocked, id=75803, stack(0x000070000406d000,0x000070000416d000)]
  0x00007fce1325d000 JavaThread "Image Fetcher 3" daemon [_thread_blocked, id=77059, stack(0x0000700004782000,0x0000700004882000)]
  0x00007fce0d67a000 JavaThread "Image Fetcher 2" daemon [_thread_blocked, id=76547, stack(0x000070000467f000,0x000070000477f000)]
  0x00007fce13cb3800 JavaThread "Image Fetcher 1" daemon [_thread_blocked, id=76035, stack(0x000070000457c000,0x000070000467c000)]
  0x00007fce0d988000 JavaThread "AWT-EventQueue-1" [_thread_in_native, id=69379, stack(0x0000700003ee7000,0x0000700003fe7000)]
  0x00007fce0ca5f000 JavaThread "Image Fetcher 0" daemon [_thread_blocked, id=68639, stack(0x0000700003de4000,0x0000700003ee4000)]
  0x00007fce0ca46000 JavaThread "DestroyJavaVM" [_thread_blocked, id=7171, stack(0x000070000279c000,0x000070000289c000)]
  0x00007fce0c974000 JavaThread "AWT-EventQueue-0" [_thread_blocked, id=62503, stack(0x0000700003bde000,0x0000700003cde000)]
  0x00007fce0c8f3000 JavaThread "Java2D Disposer" daemon [_thread_blocked, id=56851, stack(0x0000700003955000,0x0000700003a55000)]
  0x00007fce0c8ed000 JavaThread "Java2D Queue Flusher" daemon [_thread_blocked, id=47663, stack(0x0000700003852000,0x0000700003952000)]
  0x00007fce0c8d6800 JavaThread "AWT-Shutdown" [_thread_blocked, id=29727, stack(0x0000700003649000,0x0000700003749000)]
=>0x00007fce0d1bf000 JavaThread "AWT-AppKit" daemon [_thread_in_native, id=775, stack(0x00007fff50c1f000,0x00007fff5141f000)]
  0x00007fce0e023000 JavaThread "Service Thread" daemon [_thread_blocked, id=18691, stack(0x00007000033c0000,0x00007000034c0000)]
  0x00007fce0d029800 JavaThread "C1 CompilerThread2" daemon [_thread_blocked, id=18179, stack(0x00007000032bd000,0x00007000033bd000)]
  0x00007fce0d01d800 JavaThread "C2 CompilerThread1" daemon [_thread_blocked, id=17667, stack(0x00007000031ba000,0x00007000032ba000)]
  0x00007fce0c819000 JavaThread "C2 CompilerThread0" daemon [_thread_blocked, id=17155, stack(0x00007000030b7000,0x00007000031b7000)]
  0x00007fce0c81d800 JavaThread "Signal Dispatcher" daemon [_thread_blocked, id=16643, stack(0x0000700002fb4000,0x00007000030b4000)]
  0x00007fce0c83f000 JavaThread "Finalizer" daemon [_thread_blocked, id=12547, stack(0x0000700002eb1000,0x0000700002fb1000)]
  0x00007fce0c836800 JavaThread "Reference Handler" daemon [_thread_blocked, id=12035, stack(0x0000700002dae000,0x0000700002eae000)]

Other Threads:
  0x00007fce0d80f000 VMThread [stack: 0x0000700002cab000,0x0000700002dab000] [id=11523]
  0x00007fce0e01d000 WatcherThread [stack: 0x00007000034c3000,0x00007000035c3000] [id=19203]

VM state:not at safepoint (normal execution)

VM Mutex/Monitor currently owned by a thread: None

Heap:
 PSYoungGen      total 131072K, used 107913K [0x00000007aab00000, 0x00000007b4880000, 0x00000007c0000000)
  eden space 108032K, 98% used [0x00000007aab00000,0x00000007b12e6408,0x00000007b1480000)
  from space 23040K, 6% used [0x00000007b3200000,0x00000007b337c010,0x00000007b4880000)
  to   space 26624K, 0% used [0x00000007b1480000,0x00000007b1480000,0x00000007b2e80000)
 ParOldGen       total 73728K, used 25944K [0x0000000780000000, 0x0000000784800000, 0x00000007aab00000)
  object space 73728K, 35% used [0x0000000780000000,0x0000000781956080,0x0000000784800000)
 Metaspace       used 21373K, capacity 21615K, committed 21760K, reserved 1069056K
  class space    used 2116K, capacity 2204K, committed 2304K, reserved 1048576K

Card table byte_map: [0x0000000110562000,0x0000000110763000] byte_map_base: 0x000000010c962000

Marking Bits: (ParMarkBitMap*) 0x000000010faf0d30
 Begin Bits: [0x00000001108b9000, 0x00000001118b9000)
 End Bits:   [0x00000001118b9000, 0x00000001128b9000)

Polling page: 0x000000010e8a1000

CodeCache: size=245760Kb used=9614Kb max_used=9641Kb free=236145Kb
 bounds [0x000000011d825000, 0x000000011e1a5000, 0x000000012c825000]
 total_blobs=3634 nmethods=2738 adapters=809
 compilation: enabled

Compilation events (10 events):
Event: 20.222 Thread 0x00007fce0d01d800 nmethod 3014 0x000000011e18c210 code [0x000000011e18c4c0, 0x000000011e18e508]
Event: 20.230 Thread 0x00007fce0d01d800 3015       4       processing.opengl.PGraphicsOpenGL::getPolyShader (464 bytes)
Event: 20.233 Thread 0x00007fce0d01d800 nmethod 3015 0x000000011e1798d0 code [0x000000011e179a40, 0x000000011e179c78]
Event: 20.261 Thread 0x00007fce0d029800 3016       3       java.lang.ThreadLocal::set (30 bytes)
Event: 20.262 Thread 0x00007fce0d029800 nmethod 3016 0x000000011e179210 code [0x000000011e1793a0, 0x000000011e179788]
Event: 20.265 Thread 0x00007fce0d01d800 3017  s    4       sun.misc.URLClassPath::getNextLoader (88 bytes)
Event: 20.265 Thread 0x00007fce0d029800 3018  s!   2       sun.misc.URLClassPath::getLoader (243 bytes)
Event: 20.268 Thread 0x00007fce0d029800 nmethod 3018 0x000000011e17dd50 code [0x000000011e17e040, 0x000000011e17f808]
Event: 20.275 Thread 0x00007fce0d01d800 nmethod 3017 0x000000011e1904d0 code [0x000000011e190640, 0x000000011e190db8]
Event: 20.296 Thread 0x00007fce0c819000 nmethod 3013 0x000000011e1968d0 code [0x000000011e196ce0, 0x000000011e19ab00]

GC Heap History (10 events):
Event: 10.851 GC heap before
{Heap before GC invocations=12 (full 2):
 PSYoungGen      total 87552K, used 9040K [0x00000007aab00000, 0x00000007b1b80000, 0x00000007c0000000)
  eden space 62976K, 0% used [0x00000007aab00000,0x00000007aab00000,0x00000007ae880000)
  from space 24576K, 36% used [0x00000007b0380000,0x00000007b0c541c0,0x00000007b1b80000)
  to   space 26112K, 0% used [0x00000007ae880000,0x00000007ae880000,0x00000007b0200000)
 ParOldGen       total 74752K, used 56306K [0x0000000780000000, 0x0000000784900000, 0x00000007aab00000)
  object space 74752K, 75% used [0x0000000780000000,0x00000007836fc860,0x0000000784900000)
 Metaspace       used 20962K, capacity 21225K, committed 21504K, reserved 1069056K
  class space    used 2108K, capacity 2203K, committed 2304K, reserved 1048576K
Event: 10.916 GC heap after
Heap after GC invocations=12 (full 2):
 PSYoungGen      total 87552K, used 0K [0x00000007aab00000, 0x00000007b1b80000, 0x00000007c0000000)
  eden space 62976K, 0% used [0x00000007aab00000,0x00000007aab00000,0x00000007ae880000)
  from space 24576K, 0% used [0x00000007b0380000,0x00000007b0380000,0x00000007b1b80000)
  to   space 26112K, 0% used [0x00000007ae880000,0x00000007ae880000,0x00000007b0200000)
 ParOldGen       total 73728K, used 25487K [0x0000000780000000, 0x0000000784800000, 0x00000007aab00000)
  object space 73728K, 34% used [0x0000000780000000,0x00000007818e3ce0,0x0000000784800000)
 Metaspace       used 20962K, capacity 21225K, committed 21504K, reserved 1069056K
  class space    used 2108K, capacity 2203K, committed 2304K, reserved 1048576K
}
Event: 12.404 GC heap before
{Heap before GC invocations=13 (full 2):
 PSYoungGen      total 87552K, used 62976K [0x00000007aab00000, 0x00000007b1b80000, 0x00000007c0000000)
  eden space 62976K, 100% used [0x00000007aab00000,0x00000007ae880000,0x00000007ae880000)
  from space 24576K, 0% used [0x00000007b0380000,0x00000007b0380000,0x00000007b1b80000)
  to   space 26112K, 0% used [0x00000007ae880000,0x00000007ae880000,0x00000007b0200000)
 ParOldGen       total 73728K, used 25487K [0x0000000780000000, 0x0000000784800000, 0x00000007aab00000)
  object space 73728K, 34% used [0x0000000780000000,0x00000007818e3ce0,0x0000000784800000)
 Metaspace       used 21222K, capacity 21487K, committed 21760K, reserved 1069056K
  class space    used 2108K, capacity 2204K, committed 2304K, reserved 1048576K
Event: 12.407 GC heap after
Heap after GC invocations=13 (full 2):
 PSYoungGen      total 89088K, used 800K [0x00000007aab00000, 0x00000007b3480000, 0x00000007c0000000)
  eden space 62976K, 0% used [0x00000007aab00000,0x00000007aab00000,0x00000007ae880000)
  from space 26112K, 3% used [0x00000007ae880000,0x00000007ae948000,0x00000007b0200000)
  to   space 26624K, 0% used [0x00000007b1a80000,0x00000007b1a80000,0x00000007b3480000)
 ParOldGen       total 73728K, used 25495K [0x0000000780000000, 0x0000000784800000, 0x00000007aab00000)
  object space 73728K, 34% used [0x0000000780000000,0x00000007818e5ce0,0x0000000784800000)
 Metaspace       used 21222K, capacity 21487K, committed 21760K, reserved 1069056K
  class space    used 2108K, capacity 2204K, committed 2304K, reserved 1048576K
}
Event: 13.913 GC heap before
{Heap before GC invocations=14 (full 2):
 PSYoungGen      total 89088K, used 63776K [0x00000007aab00000, 0x00000007b3480000, 0x00000007c0000000)
  eden space 62976K, 100% used [0x00000007aab00000,0x00000007ae880000,0x00000007ae880000)
  from space 26112K, 3% used [0x00000007ae880000,0x00000007ae948000,0x00000007b0200000)
  to   space 26624K, 0% used [0x00000007b1a80000,0x00000007b1a80000,0x00000007b3480000)
 ParOldGen       total 73728K, used 25495K [0x0000000780000000, 0x0000000784800000, 0x00000007aab00000)
  object space 73728K, 34% used [0x0000000780000000,0x00000007818e5ce0,0x0000000784800000)
 Metaspace       used 21264K, capacity 21551K, committed 21760K, reserved 1069056K
  class space    used 2108K, capacity 2204K, committed 2304K, reserved 1048576K
Event: 13.918 GC heap after
Heap after GC invocations=14 (full 2):
 PSYoungGen      total 110080K, used 800K [0x00000007aab00000, 0x00000007b3300000, 0x00000007c0000000)
  eden space 84992K, 0% used [0x00000007aab00000,0x00000007aab00000,0x00000007afe00000)
  from space 25088K, 3% used [0x00000007b1a80000,0x00000007b1b48000,0x00000007b3300000)
  to   space 27136K, 0% used [0x00000007afe00000,0x00000007afe00000,0x00000007b1880000)
 ParOldGen       total 73728K, used 25671K [0x0000000780000000, 0x0000000784800000, 0x00000007aab00000)
  object space 73728K, 34% used [0x0000000780000000,0x0000000781911f40,0x0000000784800000)
 Metaspace       used 21264K, capacity 21551K, committed 21760K, reserved 1069056K
  class space    used 2108K, capacity 2204K, committed 2304K, reserved 1048576K
}
Event: 15.877 GC heap before
{Heap before GC invocations=15 (full 2):
 PSYoungGen      total 110080K, used 85792K [0x00000007aab00000, 0x00000007b3300000, 0x00000007c0000000)
  eden space 84992K, 100% used [0x00000007aab00000,0x00000007afe00000,0x00000007afe00000)
  from space 25088K, 3% used [0x00000007b1a80000,0x00000007b1b48000,0x00000007b3300000)
  to   space 27136K, 0% used [0x00000007afe00000,0x00000007afe00000,0x00000007b1880000)
 ParOldGen       total 73728K, used 25671K [0x0000000780000000, 0x0000000784800000, 0x00000007aab00000)
  object space 73728K, 34% used [0x0000000780000000,0x0000000781911f40,0x0000000784800000)
 Metaspace       used 21276K, capacity 21551K, committed 21760K, reserved 1069056K
  class space    used 2108K, capacity 2204K, committed 2304K, reserved 1048576K
Event: 15.882 GC heap after
Heap after GC invocations=15 (full 2):
 PSYoungGen      total 112128K, used 1088K [0x00000007aab00000, 0x00000007b4c00000, 0x00000007c0000000)
  eden space 84992K, 0% used [0x00000007aab00000,0x00000007aab00000,0x00000007afe00000)
  from space 27136K, 4% used [0x00000007afe00000,0x00000007aff10000,0x00000007b1880000)
  to   space 26624K, 0% used [0x00000007b3200000,0x00000007b3200000,0x00000007b4c00000)
 ParOldGen       total 73728K, used 25783K [0x0000000780000000, 0x0000000784800000, 0x00000007aab00000)
  object space 73728K, 34% used [0x0000000780000000,0x000000078192df50,0x0000000784800000)
 Metaspace       used 21276K, capacity 21551K, committed 21760K, reserved 1069056K
  class space    used 2108K, capacity 2204K, committed 2304K, reserved 1048576K
}
Event: 17.839 GC heap before
{Heap before GC invocations=16 (full 2):
 PSYoungGen      total 112128K, used 86080K [0x00000007aab00000, 0x00000007b4c00000, 0x00000007c0000000)
  eden space 84992K, 100% used [0x00000007aab00000,0x00000007afe00000,0x00000007afe00000)
  from space 27136K, 4% used [0x00000007afe00000,0x00000007aff10000,0x00000007b1880000)
  to   space 26624K, 0% used [0x00000007b3200000,0x00000007b3200000,0x00000007b4c00000)
 ParOldGen       total 73728K, used 25783K [0x0000000780000000, 0x0000000784800000, 0x00000007aab00000)
  object space 73728K, 34% used [0x0000000780000000,0x000000078192df50,0x0000000784800000)
 Metaspace       used 21297K, capacity 21551K, committed 21760K, reserved 1069056K
  class space    used 2108K, capacity 2204K, committed 2304K, reserved 1048576K
Event: 17.843 GC heap after
Heap after GC invocations=16 (full 2):
 PSYoungGen      total 131072K, used 1520K [0x00000007aab00000, 0x00000007b4880000, 0x00000007c0000000)
  eden space 108032K, 0% used [0x00000007aab00000,0x00000007aab00000,0x00000007b1480000)
  from space 23040K, 6% used [0x00000007b3200000,0x00000007b337c010,0x00000007b4880000)
  to   space 26624K, 0% used [0x00000007b1480000,0x00000007b1480000,0x00000007b2e80000)
 ParOldGen       total 73728K, used 25944K [0x0000000780000000, 0x0000000784800000, 0x00000007aab00000)
  object space 73728K, 35% used [0x0000000780000000,0x0000000781956080,0x0000000784800000)
 Metaspace       used 21297K, capacity 21551K, committed 21760K, reserved 1069056K
  class space    used 2108K, capacity 2204K, committed 2304K, reserved 1048576K
}

Deoptimization events (10 events):
Event: 10.009 Thread 0x00007fce0d988000 Uncommon trap: reason=unstable_if action=reinterpret pc=0x000000011debf730 method=processing.opengl.PGraphicsOpenGL$InGeometry.addEllipse(FFFFZZ)V @ 219
Event: 10.009 Thread 0x00007fce0d988000 Uncommon trap: reason=unstable_if action=reinterpret pc=0x000000011df088cc method=processing.opengl.PGraphicsOpenGL$Tessellator.setLastTexIndex(II)V @ 15
Event: 10.228 Thread 0x00007fce0d988000 Uncommon trap: reason=unstable_if action=reinterpret pc=0x000000011dcc48e0 method=de.fhpotsdam.unfolding.mapdisplay.Java2DMapDisplay.getInnerTransformedPosition(FFZ)[F @ 1
Event: 10.921 Thread 0x00007fce0c83f000 Uncommon trap: reason=unstable_if action=reinterpret pc=0x000000011df2199c method=java.util.HashMap.putVal(ILjava/lang/Object;Ljava/lang/Object;ZZ)Ljava/lang/Object; @ 81
Event: 10.921 Thread 0x00007fce0c83f000 Uncommon trap: reason=unstable_if action=reinterpret pc=0x000000011dd8e79c method=java.util.HashMap.putVal(ILjava/lang/Object;Ljava/lang/Object;ZZ)Ljava/lang/Object; @ 81
Event: 20.078 Thread 0x00007fce0d988000 Uncommon trap: reason=unstable_if action=reinterpret pc=0x000000011ddb5668 method=com.jogamp.common.util.VersionNumber.compareTo(Lcom/jogamp/common/util/VersionNumber;)I @ 21
Event: 20.081 Thread 0x00007fce0c974000 Uncommon trap: reason=unstable_if action=reinterpret pc=0x000000011e1388bc method=java.awt.font.FontRenderContext.equals(Ljava/awt/font/FontRenderContext;)Z @ 2
Event: 20.261 Thread 0x00007fce0c974000 Uncommon trap: reason=unstable_if action=reinterpret pc=0x000000011e131178 method=java.awt.font.FontRenderContext.equals(Ljava/awt/font/FontRenderContext;)Z @ 2
Event: 20.282 Thread 0x00007fce0d988000 Uncommon trap: reason=unstable_if action=reinterpret pc=0x000000011df67f70 method=java.security.AccessControlContext.optimize()Ljava/security/AccessControlContext; @ 233
Event: 20.282 Thread 0x00007fce0d988000 Uncommon trap: reason=unstable_if action=reinterpret pc=0x000000011e1788a4 method=java.awt.Component.getToolkitImpl()Ljava/awt/Toolkit; @ 6

Internal exceptions (10 events):
Event: 0.704 Thread 0x00007fce0d002800 Exception <a 'java/lang/NoSuchFieldError': method resolution failed> (0x00000007aacc89d8) thrown at [/Users/java_re/workspace/8-2-build-macosx-x86_64/jdk8u121/8372/hotspot/src/share/vm/prims/methodHandles.cpp, line 1146]
Event: 0.715 Thread 0x00007fce0d002800 Exception <a 'java/lang/NoSuchFieldError': method resolution failed> (0x00000007aacd6178) thrown at [/Users/java_re/workspace/8-2-build-macosx-x86_64/jdk8u121/8372/hotspot/src/share/vm/prims/methodHandles.cpp, line 1146]
Event: 1.025 Thread 0x00007fce0d002800 Exception <a 'java/io/FileNotFoundException'> (0x00000007aad52d60) thrown at [/Users/java_re/workspace/8-2-build-macosx-x86_64/jdk8u121/8372/hotspot/src/share/vm/prims/jni.cpp, line 709]
Event: 1.025 Thread 0x00007fce0d002800 Exception <a 'java/io/FileNotFoundException'> (0x00000007aad538b0) thrown at [/Users/java_re/workspace/8-2-build-macosx-x86_64/jdk8u121/8372/hotspot/src/share/vm/prims/jni.cpp, line 709]
Event: 1.397 Thread 0x00007fce0d002800 Exception <a 'java/io/FileNotFoundException'> (0x00000007aae8c278) thrown at [/Users/java_re/workspace/8-2-build-macosx-x86_64/jdk8u121/8372/hotspot/src/share/vm/prims/jni.cpp, line 709]
Event: 4.989 Thread 0x00007fce0c83f000 Exception <a 'java/lang/NullPointerException'> (0x00000007aab8a748) thrown at [/Users/java_re/workspace/8-2-build-macosx-x86_64/jdk8u121/8372/hotspot/src/share/vm/interpreter/linkResolver.cpp, line 1178]
Event: 5.132 Thread 0x00007fce0dadf000 Exception <a 'java/lang/UnsatisfiedLinkError': com.jogamp.common.util.JarUtil.fixNativeLibAttribs(Ljava/lang/String;)Z> (0x00000007aaf78d78) thrown at [/Users/java_re/workspace/8-2-build-macosx-x86_64/jdk8u121/8372/hotspot/src/share/vm/prims/nativeLookup.
Event: 6.710 Thread 0x00007fce0d988000 Exception <a 'java/io/FileNotFoundException'> (0x00000007ab17e5e8) thrown at [/Users/java_re/workspace/8-2-build-macosx-x86_64/jdk8u121/8372/hotspot/src/share/vm/prims/jni.cpp, line 709]
Event: 6.711 Thread 0x00007fce0d988000 Exception <a 'java/io/FileNotFoundException'> (0x00000007ab1847f8) thrown at [/Users/java_re/workspace/8-2-build-macosx-x86_64/jdk8u121/8372/hotspot/src/share/vm/prims/jni.cpp, line 709]
Event: 6.711 Thread 0x00007fce0d988000 Implicit null exception at 0x000000011d9f99f4 to 0x000000011d9f9df5

Events (10 events):
Event: 20.282 Thread 0x00007fce0d988000 DEOPT UNPACKING pc=0x000000011d82a229 sp=0x0000700003fe3d18 mode 2
Event: 20.282 loading class java/awt/event/AWTEventListenerProxy
Event: 20.282 loading class java/awt/event/AWTEventListenerProxy done
Event: 20.282 loading class java/awt/Toolkit$ToolkitEventMulticaster
Event: 20.282 loading class java/awt/Toolkit$ToolkitEventMulticaster done
Event: 20.282 Executing VM operation: RevokeBias
Event: 20.283 Executing VM operation: RevokeBias done
Event: 20.283 Thread 0x00007fce0d92b000 Thread exited: 0x00007fce0d92b000
Event: 20.284 loading class java/awt/Window$1DisposeAction
Event: 20.284 loading class java/awt/Window$1DisposeAction done


Dynamic libraries:
0x000000004c357000 	/System/Library/Frameworks/Cocoa.framework/Versions/A/Cocoa
0x000000004c357000 	/System/Library/Frameworks/Security.framework/Versions/A/Security
0x000000004c357000 	/System/Library/Frameworks/ApplicationServices.framework/Versions/A/ApplicationServices
0x000000004c357000 	/usr/lib/libz.1.dylib
0x000000004c357000 	/usr/lib/libSystem.B.dylib
0x000000004c357000 	/usr/lib/libobjc.A.dylib
0x000000004c357000 	/System/Library/Frameworks/CoreFoundation.framework/Versions/A/CoreFoundation
0x000000004c357000 	/System/Library/Frameworks/Foundation.framework/Versions/C/Foundation
0x000000004c357000 	/System/Library/Frameworks/AppKit.framework/Versions/C/AppKit
0x000000004c357000 	/System/Library/Frameworks/CoreData.framework/Versions/A/CoreData
0x000000004c357000 	/System/Library/PrivateFrameworks/RemoteViewServices.framework/Versions/A/RemoteViewServices
0x000000004c357000 	/System/Library/PrivateFrameworks/UIFoundation.framework/Versions/A/UIFoundation
0x000000004c357000 	/System/Library/PrivateFrameworks/DFRFoundation.framework/Versions/A/DFRFoundation
0x000000004c357000 	/usr/lib/libenergytrace.dylib
0x000000004c357000 	/System/Library/PrivateFrameworks/SkyLight.framework/Versions/A/SkyLight
0x000000004c357000 	/System/Library/Frameworks/CoreGraphics.framework/Versions/A/CoreGraphics
0x000000004c357000 	/usr/lib/libScreenReader.dylib
0x000000004c357000 	/System/Library/Frameworks/Accelerate.framework/Versions/A/Accelerate
0x000000004c357000 	/System/Library/Frameworks/IOSurface.framework/Versions/A/IOSurface
0x000000004c357000 	/System/Library/Frameworks/AudioToolbox.framework/Versions/A/AudioToolbox
0x000000004c357000 	/System/Library/Frameworks/AudioUnit.framework/Versions/A/AudioUnit
0x000000004c357000 	/System/Library/PrivateFrameworks/DataDetectorsCore.framework/Versions/A/DataDetectorsCore
0x000000004c357000 	/System/Library/PrivateFrameworks/DesktopServicesPriv.framework/Versions/A/DesktopServicesPriv
0x000000004c357000 	/System/Library/Frameworks/Carbon.framework/Versions/A/Frameworks/HIToolbox.framework/Versions/A/HIToolbox
0x000000004c357000 	/usr/lib/libicucore.A.dylib
0x000000004c357000 	/System/Library/Frameworks/QuartzCore.framework/Versions/A/QuartzCore
0x000000004c357000 	/System/Library/Frameworks/Carbon.framework/Versions/A/Frameworks/SpeechRecognition.framework/Versions/A/SpeechRecognition
0x000000004c357000 	/usr/lib/libauto.dylib
0x000000004c357000 	/usr/lib/libxml2.2.dylib
0x000000004c357000 	/System/Library/PrivateFrameworks/CoreUI.framework/Versions/A/CoreUI
0x000000004c357000 	/System/Library/Frameworks/CoreAudio.framework/Versions/A/CoreAudio
0x000000004c357000 	/System/Library/Frameworks/DiskArbitration.framework/Versions/A/DiskArbitration
0x000000004c357000 	/usr/lib/liblangid.dylib
0x000000004c357000 	/System/Library/PrivateFrameworks/MultitouchSupport.framework/Versions/A/MultitouchSupport
0x000000004c357000 	/System/Library/Frameworks/IOKit.framework/Versions/A/IOKit
0x000000004c357000 	/usr/lib/libDiagnosticMessagesClient.dylib
0x000000004c357000 	/System/Library/Frameworks/CoreServices.framework/Versions/A/CoreServices
0x000000004c357000 	/System/Library/PrivateFrameworks/PerformanceAnalysis.framework/Versions/A/PerformanceAnalysis
0x000000004c357000 	/System/Library/PrivateFrameworks/GenerationalStorage.framework/Versions/A/GenerationalStorage
0x000000004c357000 	/System/Library/Frameworks/OpenGL.framework/Versions/A/OpenGL
0x000000004c357000 	/System/Library/Frameworks/CoreImage.framework/Versions/A/CoreImage
0x000000004c357000 	/System/Library/Frameworks/CoreText.framework/Versions/A/CoreText
0x000000004c357000 	/System/Library/Frameworks/ImageIO.framework/Versions/A/ImageIO
0x000000004c357000 	/System/Library/PrivateFrameworks/Backup.framework/Versions/A/Backup
0x000000004c357000 	/usr/lib/libarchive.2.dylib
0x000000004c357000 	/System/Library/Frameworks/CFNetwork.framework/Versions/A/CFNetwork
0x000000004c357000 	/System/Library/Frameworks/SystemConfiguration.framework/Versions/A/SystemConfiguration
0x000000004c357000 	/usr/lib/libCRFSuite.dylib
0x000000004c357000 	/usr/lib/libc++.1.dylib
0x000000004c357000 	/usr/lib/libc++abi.dylib
0x000000004c357000 	/usr/lib/system/libcache.dylib
0x000000004c357000 	/usr/lib/system/libcommonCrypto.dylib
0x000000004c357000 	/usr/lib/system/libcompiler_rt.dylib
0x000000004c357000 	/usr/lib/system/libcopyfile.dylib
0x000000004c357000 	/usr/lib/system/libcorecrypto.dylib
0x000000004c357000 	/usr/lib/system/libdispatch.dylib
0x000000004c357000 	/usr/lib/system/libdyld.dylib
0x000000004c357000 	/usr/lib/system/libkeymgr.dylib
0x000000004c357000 	/usr/lib/system/liblaunch.dylib
0x000000004c357000 	/usr/lib/system/libmacho.dylib
0x000000004c357000 	/usr/lib/system/libquarantine.dylib
0x000000004c357000 	/usr/lib/system/libremovefile.dylib
0x000000004c357000 	/usr/lib/system/libsystem_asl.dylib
0x000000004c357000 	/usr/lib/system/libsystem_blocks.dylib
0x000000004c357000 	/usr/lib/system/libsystem_c.dylib
0x000000004c357000 	/usr/lib/system/libsystem_configuration.dylib
0x000000004c357000 	/usr/lib/system/libsystem_coreservices.dylib
0x000000004c357000 	/usr/lib/system/libsystem_coretls.dylib
0x000000004c357000 	/usr/lib/system/libsystem_dnssd.dylib
0x000000004c357000 	/usr/lib/system/libsystem_info.dylib
0x000000004c357000 	/usr/lib/system/libsystem_kernel.dylib
0x000000004c357000 	/usr/lib/system/libsystem_m.dylib
0x000000004c357000 	/usr/lib/system/libsystem_malloc.dylib
0x000000004c357000 	/usr/lib/system/libsystem_network.dylib
0x000000004c357000 	/usr/lib/system/libsystem_networkextension.dylib
0x000000004c357000 	/usr/lib/system/libsystem_notify.dylib
0x000000004c357000 	/usr/lib/system/libsystem_platform.dylib
0x000000004c357000 	/usr/lib/system/libsystem_pthread.dylib
0x000000004c357000 	/usr/lib/system/libsystem_sandbox.dylib
0x000000004c357000 	/usr/lib/system/libsystem_secinit.dylib
0x000000004c357000 	/usr/lib/system/libsystem_symptoms.dylib
0x000000004c357000 	/usr/lib/system/libsystem_trace.dylib
0x000000004c357000 	/usr/lib/system/libunwind.dylib
0x000000004c357000 	/usr/lib/system/libxpc.dylib
0x000000004c357000 	/usr/lib/libbsm.0.dylib
0x000000004c357000 	/usr/lib/system/libkxld.dylib
0x000000004c357000 	/usr/lib/libcoretls.dylib
0x000000004c357000 	/usr/lib/libcoretls_cfhelpers.dylib
0x000000004c357000 	/usr/lib/libOpenScriptingUtil.dylib
0x000000004c357000 	/usr/lib/libpam.2.dylib
0x000000004c357000 	/usr/lib/libsqlite3.dylib
0x000000004c357000 	/usr/lib/libxar.1.dylib
0x000000004c357000 	/usr/lib/libbz2.1.0.dylib
0x000000004c357000 	/usr/lib/liblzma.5.dylib
0x000000004c357000 	/usr/lib/libnetwork.dylib
0x000000004c357000 	/usr/lib/libpcap.A.dylib
0x000000004c357000 	/System/Library/Frameworks/CoreServices.framework/Versions/A/Frameworks/FSEvents.framework/Versions/A/FSEvents
0x000000004c357000 	/System/Library/Frameworks/CoreServices.framework/Versions/A/Frameworks/CarbonCore.framework/Versions/A/CarbonCore
0x000000004c357000 	/System/Library/Frameworks/CoreServices.framework/Versions/A/Frameworks/Metadata.framework/Versions/A/Metadata
0x000000004c357000 	/System/Library/Frameworks/CoreServices.framework/Versions/A/Frameworks/OSServices.framework/Versions/A/OSServices
0x000000004c357000 	/System/Library/Frameworks/CoreServices.framework/Versions/A/Frameworks/SearchKit.framework/Versions/A/SearchKit
0x000000004c357000 	/System/Library/Frameworks/CoreServices.framework/Versions/A/Frameworks/AE.framework/Versions/A/AE
0x000000004c357000 	/System/Library/Frameworks/CoreServices.framework/Versions/A/Frameworks/LaunchServices.framework/Versions/A/LaunchServices
0x000000004c357000 	/System/Library/Frameworks/CoreServices.framework/Versions/A/Frameworks/DictionaryServices.framework/Versions/A/DictionaryServices
0x000000004c357000 	/System/Library/Frameworks/CoreServices.framework/Versions/A/Frameworks/SharedFileList.framework/Versions/A/SharedFileList
0x000000004c357000 	/System/Library/Frameworks/NetFS.framework/Versions/A/NetFS
0x000000004c357000 	/System/Library/PrivateFrameworks/NetAuth.framework/Versions/A/NetAuth
0x000000004c357000 	/System/Library/PrivateFrameworks/login.framework/Versions/A/Frameworks/loginsupport.framework/Versions/A/loginsupport
0x000000004c357000 	/System/Library/PrivateFrameworks/TCC.framework/Versions/A/TCC
0x000000004c357000 	/usr/lib/libmecabra.dylib
0x000000004c357000 	/System/Library/Frameworks/ApplicationServices.framework/Versions/A/Frameworks/ATS.framework/Versions/A/ATS
0x000000004c357000 	/System/Library/Frameworks/ApplicationServices.framework/Versions/A/Frameworks/ColorSync.framework/Versions/A/ColorSync
0x000000004c357000 	/System/Library/Frameworks/ApplicationServices.framework/Versions/A/Frameworks/HIServices.framework/Versions/A/HIServices
0x000000004c357000 	/System/Library/Frameworks/ApplicationServices.framework/Versions/A/Frameworks/LangAnalysis.framework/Versions/A/LangAnalysis
0x000000004c357000 	/System/Library/Frameworks/ApplicationServices.framework/Versions/A/Frameworks/PrintCore.framework/Versions/A/PrintCore
0x000000004c357000 	/System/Library/Frameworks/ApplicationServices.framework/Versions/A/Frameworks/QD.framework/Versions/A/QD
0x000000004c357000 	/System/Library/Frameworks/ApplicationServices.framework/Versions/A/Frameworks/SpeechSynthesis.framework/Versions/A/SpeechSynthesis
0x000000004c357000 	/System/Library/Frameworks/Accelerate.framework/Versions/A/Frameworks/vImage.framework/Versions/A/vImage
0x000000004c357000 	/System/Library/Frameworks/Accelerate.framework/Versions/A/Frameworks/vecLib.framework/Versions/A/vecLib
0x000000004c357000 	/System/Library/Frameworks/Accelerate.framework/Versions/A/Frameworks/vecLib.framework/Versions/A/libvDSP.dylib
0x000000004c357000 	/System/Library/Frameworks/Accelerate.framework/Versions/A/Frameworks/vecLib.framework/Versions/A/libBNNS.dylib
0x000000004c357000 	/System/Library/Frameworks/Accelerate.framework/Versions/A/Frameworks/vecLib.framework/Versions/A/libQuadrature.dylib
0x000000004c357000 	/System/Library/Frameworks/Accelerate.framework/Versions/A/Frameworks/vecLib.framework/Versions/A/libvMisc.dylib
0x000000004c357000 	/System/Library/Frameworks/Accelerate.framework/Versions/A/Frameworks/vecLib.framework/Versions/A/libLAPACK.dylib
0x000000004c357000 	/System/Library/Frameworks/Accelerate.framework/Versions/A/Frameworks/vecLib.framework/Versions/A/libBLAS.dylib
0x000000004c357000 	/System/Library/Frameworks/Accelerate.framework/Versions/A/Frameworks/vecLib.framework/Versions/A/libLinearAlgebra.dylib
0x000000004c357000 	/System/Library/Frameworks/Accelerate.framework/Versions/A/Frameworks/vecLib.framework/Versions/A/libSparseBLAS.dylib
0x000000004c357000 	/System/Library/Frameworks/ApplicationServices.framework/Versions/A/Frameworks/ATS.framework/Versions/A/Resources/libFontParser.dylib
0x000000004c357000 	/System/Library/Frameworks/ApplicationServices.framework/Versions/A/Frameworks/ATS.framework/Versions/A/Resources/libFontRegistry.dylib
0x000000004c357000 	/System/Library/Frameworks/ImageIO.framework/Versions/A/Resources/libJPEG.dylib
0x000000004c357000 	/System/Library/Frameworks/ImageIO.framework/Versions/A/Resources/libTIFF.dylib
0x000000004c357000 	/System/Library/Frameworks/ImageIO.framework/Versions/A/Resources/libPng.dylib
0x000000004c357000 	/System/Library/Frameworks/ImageIO.framework/Versions/A/Resources/libGIF.dylib
0x000000004c357000 	/System/Library/Frameworks/ImageIO.framework/Versions/A/Resources/libJP2.dylib
0x000000004c357000 	/System/Library/Frameworks/ImageIO.framework/Versions/A/Resources/libRadiance.dylib
0x000000004c357000 	/usr/lib/libcompression.dylib
0x000000004c357000 	/System/Library/PrivateFrameworks/AppleJPEG.framework/Versions/A/AppleJPEG
0x000000004c357000 	/usr/lib/libcups.2.dylib
0x000000004c357000 	/System/Library/Frameworks/Kerberos.framework/Versions/A/Kerberos
0x000000004c357000 	/System/Library/Frameworks/GSS.framework/Versions/A/GSS
0x000000004c357000 	/usr/lib/libresolv.9.dylib
0x000000004c357000 	/usr/lib/libiconv.2.dylib
0x000000004c357000 	/System/Library/PrivateFrameworks/Heimdal.framework/Versions/A/Heimdal
0x000000004c357000 	/usr/lib/libheimdal-asn1.dylib
0x000000004c357000 	/System/Library/Frameworks/OpenDirectory.framework/Versions/A/OpenDirectory
0x000000004c357000 	/System/Library/PrivateFrameworks/CommonAuth.framework/Versions/A/CommonAuth
0x000000004c357000 	/System/Library/Frameworks/OpenDirectory.framework/Versions/A/Frameworks/CFOpenDirectory.framework/Versions/A/CFOpenDirectory
0x000000004c357000 	/System/Library/Frameworks/SecurityFoundation.framework/Versions/A/SecurityFoundation
0x000000004c357000 	/System/Library/PrivateFrameworks/LanguageModeling.framework/Versions/A/LanguageModeling
0x000000004c357000 	/usr/lib/libmarisa.dylib
0x000000004c357000 	/usr/lib/libChineseTokenizer.dylib
0x000000004c357000 	/usr/lib/libcmph.dylib
0x000000004c357000 	/System/Library/PrivateFrameworks/CoreEmoji.framework/Versions/A/CoreEmoji
0x000000004c357000 	/System/Library/Frameworks/ServiceManagement.framework/Versions/A/ServiceManagement
0x000000004c357000 	/usr/lib/libxslt.1.dylib
0x000000004c357000 	/System/Library/Frameworks/Carbon.framework/Versions/A/Frameworks/Ink.framework/Versions/A/Ink
0x000000004c357000 	/System/Library/PrivateFrameworks/TextureIO.framework/Versions/A/TextureIO
0x000000004c357000 	/System/Library/Frameworks/Metal.framework/Versions/A/Metal
0x000000004c357000 	/usr/lib/libate.dylib
0x000000004c357000 	/System/Library/PrivateFrameworks/GPUCompiler.framework/libmetal_timestamp.dylib
0x000000004c357000 	/System/Library/Frameworks/OpenGL.framework/Versions/A/Libraries/libCoreFSCache.dylib
0x000000004c357000 	/System/Library/PrivateFrameworks/IOAccelerator.framework/Versions/A/IOAccelerator
0x000000004c357000 	/System/Library/Frameworks/CoreVideo.framework/Versions/A/CoreVideo
0x000000004c357000 	/usr/lib/libFosl_dynamic.dylib
0x000000004c357000 	/System/Library/PrivateFrameworks/MetalPerformanceShaders.framework/Versions/A/MetalPerformanceShaders
0x000000004c357000 	/System/Library/PrivateFrameworks/FaceCore.framework/Versions/A/FaceCore
0x000000004c357000 	/System/Library/Frameworks/OpenCL.framework/Versions/A/OpenCL
0x000000004c357000 	/System/Library/Frameworks/OpenGL.framework/Versions/A/Libraries/libGLU.dylib
0x000000004c357000 	/System/Library/Frameworks/OpenGL.framework/Versions/A/Libraries/libGFXShared.dylib
0x000000004c357000 	/System/Library/Frameworks/OpenGL.framework/Versions/A/Libraries/libGL.dylib
0x000000004c357000 	/System/Library/Frameworks/OpenGL.framework/Versions/A/Libraries/libGLImage.dylib
0x000000004c357000 	/System/Library/Frameworks/OpenGL.framework/Versions/A/Libraries/libCVMSPluginSupport.dylib
0x000000004c357000 	/System/Library/Frameworks/OpenGL.framework/Versions/A/Libraries/libCoreVMClient.dylib
0x000000004c357000 	/System/Library/PrivateFrameworks/CrashReporterSupport.framework/Versions/A/CrashReporterSupport
0x000000004c357000 	/System/Library/PrivateFrameworks/Sharing.framework/Versions/A/Sharing
0x000000004c357000 	/System/Library/PrivateFrameworks/IconServices.framework/Versions/A/IconServices
0x000000004c357000 	/System/Library/PrivateFrameworks/ProtocolBuffer.framework/Versions/A/ProtocolBuffer
0x000000004c357000 	/System/Library/PrivateFrameworks/Apple80211.framework/Versions/A/Apple80211
0x000000004c357000 	/System/Library/Frameworks/CoreWLAN.framework/Versions/A/CoreWLAN
0x000000004c357000 	/System/Library/PrivateFrameworks/CoreUtils.framework/Versions/A/CoreUtils
0x000000004c357000 	/System/Library/Frameworks/IOBluetooth.framework/Versions/A/IOBluetooth
0x000000004c357000 	/System/Library/PrivateFrameworks/CoreWiFi.framework/Versions/A/CoreWiFi
0x000000004c357000 	/System/Library/Frameworks/CoreBluetooth.framework/Versions/A/CoreBluetooth
0x000000004c357000 	/System/Library/Frameworks/CoreDisplay.framework/Versions/A/CoreDisplay
0x000000004c357000 	/System/Library/PrivateFrameworks/IOPresentment.framework/Versions/A/IOPresentment
0x000000004c357000 	/System/Library/PrivateFrameworks/DSExternalDisplay.framework/Versions/A/DSExternalDisplay
0x000000004c357000 	/System/Library/PrivateFrameworks/DebugSymbols.framework/Versions/A/DebugSymbols
0x000000004c357000 	/System/Library/PrivateFrameworks/CoreSymbolication.framework/Versions/A/CoreSymbolication
0x000000004c357000 	/System/Library/PrivateFrameworks/Symbolication.framework/Versions/A/Symbolication
0x000000004c357000 	/System/Library/PrivateFrameworks/AppleFSCompression.framework/Versions/A/AppleFSCompression
0x000000004c357000 	/System/Library/PrivateFrameworks/SpeechRecognitionCore.framework/Versions/A/SpeechRecognitionCore
0x000000004c357000 	/System/Library/PrivateFrameworks/ChunkingLibrary.framework/Versions/A/ChunkingLibrary
0x000000010f200000 	/Library/Java/JavaVirtualMachines/jdk1.8.0_121.jdk/Contents/Home/jre/lib/server/libjvm.dylib
0x000000004c357000 	/usr/lib/libstdc++.6.dylib
0x000000010e85e000 	/Library/Java/JavaVirtualMachines/jdk1.8.0_121.jdk/Contents/Home/jre/lib/libverify.dylib
0x000000010e86c000 	/Library/Java/JavaVirtualMachines/jdk1.8.0_121.jdk/Contents/Home/jre/lib/libjava.dylib
0x000000010e8ab000 	/Library/Java/JavaVirtualMachines/jdk1.8.0_121.jdk/Contents/Home/jre/lib/libzip.dylib
0x000000010e9e2000 	/System/Library/Frameworks/JavaVM.framework/Frameworks/JavaRuntimeSupport.framework/JavaRuntimeSupport
0x000000011446f000 	/System/Library/Frameworks/JavaVM.framework/Versions/A/Frameworks/JavaNativeFoundation.framework/Versions/A/JavaNativeFoundation
0x0000000114484000 	/System/Library/Frameworks/JavaVM.framework/Versions/A/JavaVM
0x000000004c357000 	/System/Library/Frameworks/Carbon.framework/Versions/A/Carbon
0x0000000114491000 	/System/Library/PrivateFrameworks/JavaLaunching.framework/Versions/A/JavaLaunching
0x000000004c357000 	/System/Library/Frameworks/Carbon.framework/Versions/A/Frameworks/CommonPanels.framework/Versions/A/CommonPanels
0x000000004c357000 	/System/Library/Frameworks/Carbon.framework/Versions/A/Frameworks/Help.framework/Versions/A/Help
0x000000004c357000 	/System/Library/Frameworks/Carbon.framework/Versions/A/Frameworks/ImageCapture.framework/Versions/A/ImageCapture
0x000000004c357000 	/System/Library/Frameworks/Carbon.framework/Versions/A/Frameworks/OpenScripting.framework/Versions/A/OpenScripting
0x000000004c357000 	/System/Library/Frameworks/Carbon.framework/Versions/A/Frameworks/Print.framework/Versions/A/Print
0x000000004c357000 	/System/Library/Frameworks/Carbon.framework/Versions/A/Frameworks/SecurityHI.framework/Versions/A/SecurityHI
0x0000000115da1000 	/Library/Java/JavaVirtualMachines/jdk1.8.0_121.jdk/Contents/Home/jre/lib/libawt.dylib
0x0000000115e49000 	/Library/Java/JavaVirtualMachines/jdk1.8.0_121.jdk/Contents/Home/jre/lib/./libmlib_image.dylib
0x0000000115f15000 	/Library/Java/JavaVirtualMachines/jdk1.8.0_121.jdk/Contents/Home/jre/lib/libawt_lwawt.dylib
0x0000000115fcc000 	/Library/Java/JavaVirtualMachines/jdk1.8.0_121.jdk/Contents/Home/jre/lib/./libosxapp.dylib
0x000000004c357000 	/System/Library/Frameworks/ExceptionHandling.framework/Versions/A/ExceptionHandling
0x000000004c357000 	/System/Library/PrivateFrameworks/CoreServicesInternal.framework/Versions/A/CoreServicesInternal
0x000000004c357000 	/System/Library/CoreServices/RawCamera.bundle/Contents/MacOS/RawCamera
0x000000004c357000 	/System/Library/Frameworks/Accelerate.framework/Versions/A/Frameworks/vImage.framework/Versions/A/Libraries/libCGInterfaces.dylib
0x000000004c357000 	/System/Library/Frameworks/ApplicationServices.framework/Versions/A/Frameworks/ATS.framework/Versions/A/Resources/libTrueTypeScaler.dylib
0x0000000117b07000 	/System/Library/Frameworks/OpenGL.framework/Resources/GLEngine.bundle/GLEngine
0x000000004c357000 	/System/Library/Frameworks/OpenGL.framework/Versions/A/Libraries/libGLProgrammability.dylib
0x0000000117cec000 	/System/Library/Extensions/AppleIntelHD5000GraphicsGLDriver.bundle/Contents/MacOS/AppleIntelHD5000GraphicsGLDriver
0x000000004c357000 	/System/Library/PrivateFrameworks/GPUSupport.framework/Versions/A/Libraries/libGPUSupportMercury.dylib
0x000000011845a000 	/System/Library/Frameworks/OpenGL.framework/Resources//GLRendererFloat.bundle/GLRendererFloat
0x000000004c357000 	/System/Library/Frameworks/OpenCL.framework/Versions/A/Libraries/libcldcpuengine.dylib
0x000000004c357000 	/usr/lib/libcrypto.0.9.8.dylib
0x000000004c357000 	/System/Library/PrivateFrameworks/TrustEvaluationAgent.framework/Versions/A/TrustEvaluationAgent
0x000000011848e000 	/System/Library/Extensions/AppleIntelHD5000GraphicsMTLDriver.bundle/Contents/MacOS/AppleIntelHD5000GraphicsMTLDriver
0x000000004c357000 	/System/Library/PrivateFrameworks/FamilyControls.framework/Versions/A/FamilyControls
0x000000004c357000 	/System/Library/PrivateFrameworks/CommerceKit.framework/Versions/A/Frameworks/CommerceCore.framework/Versions/A/CommerceCore
0x000000004c357000 	/System/Library/PrivateFrameworks/SystemAdministration.framework/Versions/A/SystemAdministration
0x000000004c357000 	/System/Library/PrivateFrameworks/AppContainer.framework/Versions/A/AppContainer
0x000000004c357000 	/System/Library/PrivateFrameworks/SecCodeWrapper.framework/Versions/A/SecCodeWrapper
0x000000004c357000 	/System/Library/Frameworks/DirectoryService.framework/Versions/A/DirectoryService
0x000000004c357000 	/System/Library/PrivateFrameworks/DiskImages.framework/Versions/A/DiskImages
0x000000004c357000 	/System/Library/PrivateFrameworks/LoginUIKit.framework/Versions/A/Frameworks/LoginUICore.framework/Versions/A/LoginUICore
0x000000004c357000 	/usr/lib/libCoreStorage.dylib
0x000000004c357000 	/usr/lib/libcsfde.dylib
0x000000004c357000 	/usr/lib/libodfde.dylib
0x000000004c357000 	/System/Library/Frameworks/DiscRecording.framework/Versions/A/DiscRecording
0x000000004c357000 	/usr/lib/libcurl.4.dylib
0x000000004c357000 	/System/Library/PrivateFrameworks/MediaKit.framework/Versions/A/MediaKit
0x000000004c357000 	/System/Library/PrivateFrameworks/ProtectedCloudStorage.framework/Versions/A/ProtectedCloudStorage
0x000000004c357000 	/System/Library/PrivateFrameworks/EFILogin.framework/Versions/A/EFILogin
0x000000004c357000 	/usr/lib/libutil.dylib
0x000000004c357000 	/System/Library/Frameworks/LDAP.framework/Versions/A/LDAP
0x000000004c357000 	/usr/lib/libsasl2.2.dylib
0x000000004c357000 	/System/Library/PrivateFrameworks/CoreDaemon.framework/Versions/B/CoreDaemon
0x000000004c357000 	/System/Library/PrivateFrameworks/AppleSRP.framework/Versions/A/AppleSRP
0x000000004c357000 	/System/Library/PrivateFrameworks/APFS.framework/Versions/A/APFS
0x000000011a076000 	/Library/Java/JavaVirtualMachines/jdk1.8.0_121.jdk/Contents/Home/jre/lib/libfontmanager.dylib
0x000000004c357000 	/System/Library/PrivateFrameworks/ViewBridge.framework/Versions/A/ViewBridge
0x000000004c357000 	/System/Library/PrivateFrameworks/XPCService.framework/Versions/A/XPCService
0x000000004c357000 	/System/Library/PrivateFrameworks/AppSandbox.framework/Versions/A/AppSandbox
0x000000004c357000 	/usr/lib/libsandbox.1.dylib
0x000000004c357000 	/usr/lib/libMatch.1.dylib
0x000000011b471000 	/Library/Java/JavaVirtualMachines/jdk1.8.0_121.jdk/Contents/Home/jre/lib/libosxui.dylib
0x000000011bfd4000 	/Library/Java/JavaVirtualMachines/jdk1.8.0_121.jdk/Contents/Home/jre/lib/libnet.dylib
0x000000011c044000 	/Library/Java/JavaVirtualMachines/jdk1.8.0_121.jdk/Contents/Home/jre/lib/libnio.dylib
0x000000011b17f000 	/private/var/folders/z5/dkh_k18x6bn8z6w6jj1k7pqm0000gn/T/jogamp_0000/file_cache/jln1552972068564951/jln1118051577907986076/libgluegen-rt.jnilib
0x000000011b183000 	/private/var/folders/z5/dkh_k18x6bn8z6w6jj1k7pqm0000gn/T/jogamp_0000/file_cache/jln1552972068564951/jln1118051577907986076/libnativewindow_awt.jnilib
0x0000000193714000 	/Library/Java/JavaVirtualMachines/jdk1.8.0_121.jdk/Contents/Home/jre/lib/libjawt.dylib
0x0000000193717000 	/private/var/folders/z5/dkh_k18x6bn8z6w6jj1k7pqm0000gn/T/jogamp_0000/file_cache/jln1552972068564951/jln1118051577907986076/libnativewindow_macosx.jnilib
0x0000000195289000 	/private/var/folders/z5/dkh_k18x6bn8z6w6jj1k7pqm0000gn/T/jogamp_0000/file_cache/jln1552972068564951/jln1118051577907986076/libjogl_desktop.jnilib
0x000000019b99d000 	/Library/Java/JavaVirtualMachines/jdk1.8.0_121.jdk/Contents/Home/jre/lib/libt2k.dylib

VM Arguments:
jvm_args: -Djava.security.policy=java.policy.applet -Dfile.encoding=MacRoman 
java_command: sun.applet.AppletViewer module6.EarthquakeCityMap1524027294505.html
java_class_path (initial): /Users/Mac/Documents/workspace/UCSDUnfoldingMaps/build:/Users/Mac/Documents/workspace/UCSDUnfoldingMaps/lib/core.jar:/Users/Mac/Documents/workspace/UCSDUnfoldingMaps/lib/gluegen-rt.jar:/Users/Mac/Documents/workspace/UCSDUnfoldingMaps/lib/jogl-all.jar:/Users/Mac/Documents/workspace/UCSDUnfoldingMaps/lib/log4j-1.2.15.jar:/Users/Mac/Documents/workspace/UCSDUnfoldingMaps/lib/sqlite-jdbc-3.7.2.jar:/Users/Mac/Documents/workspace/UCSDUnfoldingMaps/lib/json4processing.jar:/Users/Mac/Documents/workspace/UCSDUnfoldingMaps/lib/libTUIO.jar:/Users/Mac/Documents/workspace/UCSDUnfoldingMaps/lib/unfolding.0.9.7-uscd.jar
Launcher Type: SUN_STANDARD

Environment Variables:
PATH=/Library/Frameworks/Python.framework/Versions/3.6/bin:/usr/local/bin:/usr/bin:/bin:/usr/sbin:/sbin:/opt/X11/bin:/Library/Frameworks/Mono.framework/Versions/Current/Commands:/Library/TeX/texbin
SHELL=/bin/bash
DISPLAY=/private/tmp/com.apple.launchd.BfoSnAz3r8/org.macosforge.xquartz:0

Signal Handlers:
SIGSEGV: [libjvm.dylib+0x5b1141], sa_mask[0]=11111111011111110111111111111111, sa_flags=SA_ONSTACK|SA_RESTART|SA_SIGINFO
SIGBUS: [libjvm.dylib+0x5b1141], sa_mask[0]=11111111011111110111111111111111, sa_flags=SA_RESTART|SA_SIGINFO
SIGFPE: [libjvm.dylib+0x487bc4], sa_mask[0]=11111111011111110111111111111111, sa_flags=SA_RESTART|SA_SIGINFO
SIGPIPE: [libjvm.dylib+0x487bc4], sa_mask[0]=11111111011111110111111111111111, sa_flags=SA_RESTART|SA_SIGINFO
SIGXFSZ: [libjvm.dylib+0x487bc4], sa_mask[0]=11111111011111110111111111111111, sa_flags=SA_RESTART|SA_SIGINFO
SIGILL: [libjvm.dylib+0x487bc4], sa_mask[0]=11111111011111110111111111111111, sa_flags=SA_RESTART|SA_SIGINFO
SIGUSR1: SIG_DFL, sa_mask[0]=11011111011111100000000111000110, sa_flags=none
SIGUSR2: [libjvm.dylib+0x4876e2], sa_mask[0]=00100000000000000000000000000000, sa_flags=SA_RESTART|SA_SIGINFO
SIGHUP: [libjvm.dylib+0x485cb9], sa_mask[0]=11111111011111110111111111111111, sa_flags=SA_RESTART|SA_SIGINFO
SIGINT: [libjvm.dylib+0x485cb9], sa_mask[0]=11111111011111110111111111111111, sa_flags=SA_RESTART|SA_SIGINFO
SIGTERM: [libjvm.dylib+0x485cb9], sa_mask[0]=11111111011111110111111111111111, sa_flags=SA_RESTART|SA_SIGINFO
SIGQUIT: [libjvm.dylib+0x485cb9], sa_mask[0]=11111111011111110111111111111111, sa_flags=SA_RESTART|SA_SIGINFO


---------------  S Y S T E M  ---------------

OS:Bsduname:Darwin 16.7.0 Darwin Kernel Version 16.7.0: Thu Jan 11 22:59:40 PST 2018; root:xnu-3789.73.8~1/RELEASE_X86_64 x86_64
rlimit: STACK 8192k, CORE 0k, NPROC 709, NOFILE 10240, AS infinity
load average:5.88 3.80 3.11

CPU:total 4 (2 cores per cpu, 2 threads per core) family 6 model 69 stepping 1, cmov, cx8, fxsr, mmx, sse, sse2, sse3, ssse3, sse4.1, sse4.2, popcnt, avx, avx2, aes, clmul, erms, lzcnt, ht, tsc, tscinvbit, bmi1, bmi2

Memory: 4k page, physical 4194304k(103988k free)

/proc/meminfo:


vm_info: Java HotSpot(TM) 64-Bit Server VM (25.121-b13) for bsd-amd64 JRE (1.8.0_121-b13), built on Dec 12 2016 20:39:32 by "java_re" with gcc 4.2.1 (Based on Apple Inc. build 5658) (LLVM build 2336.11.00)

time: Tue Apr 17 21:55:14 2018
elapsed time: 20 seconds (0d 0h 0m 20s)

