#
# A fatal error has been detected by the Java Runtime Environment:
#
#  SIGSEGV (0xb) at pc=0x00007fffd65ee069, pid=6074, tid=0x0000000000000307
#
# JRE version: Java(TM) SE Runtime Environment (8.0_121-b13) (build 1.8.0_121-b13)
# Java VM: Java HotSpot(TM) 64-Bit Server VM (25.121-b13 mixed mode bsd-amd64 compressed oops)
# Problematic frame:
# C  [libobjc.A.dylib+0x7069]  objc_msgSend+0x29
#
# Failed to write core dump. Core dumps have been disabled. To enable core dumping, try "ulimit -c unlimited" before starting Java again
#
# If you would like to submit a bug report, please visit:
#   http://bugreport.java.com/bugreport/crash.jsp
# The crash happened outside the Java Virtual Machine in native code.
# See problematic frame for where to report the bug.
#

---------------  T H R E A D  ---------------

Current thread (0x00007fdf70079800):  JavaThread "AWT-AppKit" daemon [_thread_in_native, id=775, stack(0x00007fff56e62000,0x00007fff57662000)]

siginfo: si_signo: 11 (SIGSEGV), si_code: 1 (SEGV_MAPERR), si_addr: 0x0000000000000000

Registers:
RAX=0x00007fdf6f4b4690, RBX=0x000000018d4a5450, RCX=0x00007fdf71900480, RDX=0x0000000000000000
RSP=0x00007fff5765d148, RBP=0x00007fff5765d200, RSI=0x00007fffbfe75116, RDI=0x00007fdf7493fd10
R8 =0x0000000000000018, R9 =0x00007fdf719004a0, R10=0x00007fdf759e1800, R11=0x0000000000000000
R12=0x0000000000000000, R13=0x000000018f130818, R14=0x000000018d4a5440, R15=0x00007fdf70079800
RIP=0x00007fffd65ee069, EFLAGS=0x0000000000010246, ERR=0x0000000000000004
  TRAPNO=0x000000000000000e

Top of Stack: (sp=0x00007fff5765d148)
0x00007fff5765d148:   000000018d4a3157 00007fff5765d1a0
0x00007fff5765d158:   0000000000000003 00007fff5765d180
0x00007fff5765d168:   0000000108aefc62 000000018f130818
0x00007fff5765d178:   000000018f130818 00007fdf6f4b4690
0x00007fff5765d188:   000000018d4a56a0 000000018d4a5710
0x00007fff5765d198:   00007fffdc6546d0 00007fffdd2841e0
0x00007fff5765d1a8:   000000018d4a5450 000000018d4a5690
0x00007fff5765d1b8:   00007fdf6f4b4690 00007fdf7493fd10
0x00007fff5765d1c8:   00007fdf6f62e500 00007fdf6f4b4690
0x00007fff5765d1d8:   00007fdf7493fd10 00007fff5765d288
0x00007fff5765d1e8:   00007fdf700799f8 000000018f130818
0x00007fff5765d1f8:   00007fff5765d2b0 00007fff5765d278
0x00007fff5765d208:   000000010a2179f4 000000018f130818
0x00007fff5765d218:   00007fff5765d2b0 00007fff5765d278
0x00007fff5765d228:   000000010a217787 000000010a217742
0x00007fff5765d238:   00007fff5765d238 000000018f130818
0x00007fff5765d248:   00007fff5765d2b0 000000018f133450
0x00007fff5765d258:   0000000000000000 000000018f130818
0x00007fff5765d268:   0000000000000000 00007fff5765d298
0x00007fff5765d278:   00007fff5765d2f8 000000010a2082bd
0x00007fff5765d288:   00000007806f89f8 000000010a211538
0x00007fff5765d298:   00007fdf6f4b4690 00007fff5765d2f8
0x00007fff5765d2a8:   00007fdf7493fd10 000000010a212e02
0x00007fff5765d2b8:   00007fff5765d2b8 000000018f1309e2
0x00007fff5765d2c8:   00007fff5765d320 000000018f133450
0x00007fff5765d2d8:   0000000000000000 000000018f1309f0
0x00007fff5765d2e8:   00007fff5765d298 00007fff5765d308
0x00007fff5765d2f8:   00007fff5765d368 000000010a2082bd
0x00007fff5765d308:   00007fdf6f4b4690 000000078059eb88
0x00007fff5765d318:   00007fdf7493fd10 000000078059eb88
0x00007fff5765d328:   00007fff5765d328 0000000191e9be1e
0x00007fff5765d338:   00007fff5765d378 0000000191e9bed8 

Instructions: (pc=0x00007fffd65ee069)
0x00007fffd65ee049:   01 2e 75 66 49 ba f8 ff ff ff ff 7f 00 00 4c 23
0x00007fffd65ee059:   17 49 89 f3 45 23 5a 18 49 c1 e3 04 4d 03 5a 10
0x00007fffd65ee069:   49 3b 33 75 04 41 ff 63 08 49 83 3b 01 76 0d 49
0x00007fffd65ee079:   83 c3 10 49 3b 33 75 f1 41 ff 63 08 72 64 4d 8b 

Register to memory mapping:

RAX=0x00007fdf6f4b4690 is an unknown value
RBX=0x000000018d4a5450: Java_jogamp_nativewindow_macosx_OSXUtil_GetScreenRefreshRate0+0x1cf0 in /private/var/folders/z5/dkh_k18x6bn8z6w6jj1k7pqm0000gn/T/jogamp_0000/file_cache/jln7738715379376935955/jln3137670059248391959/libnativewindow_macosx.jnilib at 0x000000018d49e000
RCX=0x00007fdf71900480 is an unknown value
RDX=0x0000000000000000 is an unknown value
RSP=0x00007fff5765d148 is pointing into the stack for thread: 0x00007fdf70079800
RBP=0x00007fff5765d200 is pointing into the stack for thread: 0x00007fdf70079800
RSI=0x00007fffbfe75116: __NSStyleNameIndexTable+0x7fd5e in /System/Library/Frameworks/AppKit.framework/Versions/C/AppKit at 0x00007fffbf208000
RDI=0x00007fdf7493fd10 is an unknown value
R8 =0x0000000000000018 is an unknown value
R9 =0x00007fdf719004a0 is an unknown value
R10=0x00007fdf759e1800 is a thread
R11=0x0000000000000000 is an unknown value
R12=0x0000000000000000 is an unknown value
R13={method} {0x000000018f130818} 'UnsetJAWTRootSurfaceLayer0' '(JJ)V' in 'jogamp/nativewindow/jawt/macosx/MacOSXJAWTWindow'
R14=0x000000018d4a5440: Java_jogamp_nativewindow_macosx_OSXUtil_GetScreenRefreshRate0+0x1ce0 in /private/var/folders/z5/dkh_k18x6bn8z6w6jj1k7pqm0000gn/T/jogamp_0000/file_cache/jln7738715379376935955/jln3137670059248391959/libnativewindow_macosx.jnilib at 0x000000018d49e000
R15=0x00007fdf70079800 is a thread


Stack: [0x00007fff56e62000,0x00007fff57662000],  sp=0x00007fff5765d148,  free space=8172k
Native frames: (J=compiled Java code, j=interpreted, Vv=VM code, C=native code)
C  [libobjc.A.dylib+0x7069]  objc_msgSend+0x29
j  jogamp.nativewindow.jawt.macosx.MacOSXJAWTWindow.UnsetJAWTRootSurfaceLayer0(JJ)V+0
j  jogamp.nativewindow.jawt.macosx.MacOSXJAWTWindow.access$200(JJ)V+2
j  jogamp.nativewindow.jawt.macosx.MacOSXJAWTWindow$1.run()V+38
J 2872 C1 com.jogamp.common.util.RunnableTask.run()V (345 bytes) @ 0x000000010aa9b334 [0x000000010aa9b1a0+0x194]
v  ~StubRoutines::call_stub
V  [libjvm.dylib+0x2ed9d6]  JavaCalls::call_helper(JavaValue*, methodHandle*, JavaCallArguments*, Thread*)+0x6ae
V  [libjvm.dylib+0x324b65]  jni_invoke_nonstatic(JNIEnv_*, JavaValue*, _jobject*, JNICallType, _jmethodID*, JNI_ArgumentPusher*, Thread*)+0x2ec
V  [libjvm.dylib+0x317333]  jni_CallVoidMethod+0x16b
C  [libnativewindow_macosx.jnilib+0x5326]  Java_jogamp_nativewindow_jawt_macosx_MacOSXJAWTWindow_UnsetJAWTRootSurfaceLayer0+0x2b6
C  [Foundation+0x7152a]  __NSThreadPerformPerform+0x146
C  [CoreFoundation+0xa7321]  __CFRUNLOOP_IS_CALLING_OUT_TO_A_SOURCE0_PERFORM_FUNCTION__+0x11
C  [CoreFoundation+0x8821d]  __CFRunLoopDoSources0+0x22d
C  [CoreFoundation+0x87716]  __CFRunLoopRun+0x3a6
C  [CoreFoundation+0x87114]  CFRunLoopRunSpecific+0x1a4
C  [HIToolbox+0x30ebc]  RunCurrentEventLoopInMode+0xf0
C  [HIToolbox+0x30bf9]  ReceiveNextEventCommon+0xb8
C  [HIToolbox+0x30b26]  _BlockUntilNextEventMatchingListInModeWithFilter+0x47
C  [AppKit+0x46a54]  _DPSNextEvent+0x460
C  [AppKit+0x7c27ee]  -[NSApplication(NSEvent) _nextEventMatchingEventMask:untilDate:inMode:dequeue:]+0xaec
C  [libosxapp.dylib+0x23aa]  -[NSApplicationAWT nextEventMatchingMask:untilDate:inMode:dequeue:]+0x7c
C  [AppKit+0x3b3db]  -[NSApplication run]+0x39e
C  [libosxapp.dylib+0x214d]  +[NSApplicationAWT runAWTLoopWithApp:]+0x9c
C  [libawt_lwawt.dylib+0x45ff7]  -[AWTStarter starter:]+0x389
C  [Foundation+0x7152a]  __NSThreadPerformPerform+0x146
C  [CoreFoundation+0xa7321]  __CFRUNLOOP_IS_CALLING_OUT_TO_A_SOURCE0_PERFORM_FUNCTION__+0x11
C  [CoreFoundation+0x8821d]  __CFRunLoopDoSources0+0x22d
C  [CoreFoundation+0x87716]  __CFRunLoopRun+0x3a6
C  [CoreFoundation+0x87114]  CFRunLoopRunSpecific+0x1a4
C  [java+0x6465]  CreateExecutionEnvironment+0x367
C  [java+0x218c]  JLI_Launch+0x7a0
C  [java+0x84c2]  main+0x65
C  [java+0x19e4]  start+0x34
C  0x0000000000000007

Java frames: (J=compiled Java code, j=interpreted, Vv=VM code)
j  jogamp.nativewindow.jawt.macosx.MacOSXJAWTWindow.UnsetJAWTRootSurfaceLayer0(JJ)V+0
j  jogamp.nativewindow.jawt.macosx.MacOSXJAWTWindow.access$200(JJ)V+2
j  jogamp.nativewindow.jawt.macosx.MacOSXJAWTWindow$1.run()V+38
J 2872 C1 com.jogamp.common.util.RunnableTask.run()V (345 bytes) @ 0x000000010aa9b334 [0x000000010aa9b1a0+0x194]
v  ~StubRoutines::call_stub

---------------  P R O C E S S  ---------------

Java Threads: ( => current thread )
  0x00007fdf759e1800 JavaThread "Thread-19" [_thread_blocked, id=70655, stack(0x0000700004a57000,0x0000700004b57000)]
  0x00007fdf6f9b3000 JavaThread "AWT-EventQueue-1" [_thread_in_native, id=69735, stack(0x0000700004b5d000,0x0000700004c5d000)]
  0x00007fdf7038e000 JavaThread "DestroyJavaVM" [_thread_blocked, id=7171, stack(0x0000700003492000,0x0000700003592000)]
  0x00007fdf710cc800 JavaThread "AWT-EventQueue-0" [_thread_blocked, id=65555, stack(0x0000700004851000,0x0000700004951000)]
  0x00007fdf710e5000 JavaThread "Java2D Disposer" daemon [_thread_blocked, id=56335, stack(0x00007000045c8000,0x00007000046c8000)]
  0x00007fdf710b9000 JavaThread "Java2D Queue Flusher" daemon [_thread_blocked, id=54279, stack(0x00007000044c5000,0x00007000045c5000)]
  0x00007fdf6f857800 JavaThread "AWT-Shutdown" [_thread_blocked, id=29727, stack(0x000070000433f000,0x000070000443f000)]
=>0x00007fdf70079800 JavaThread "AWT-AppKit" daemon [_thread_in_native, id=775, stack(0x00007fff56e62000,0x00007fff57662000)]
  0x00007fdf7102a800 JavaThread "Service Thread" daemon [_thread_blocked, id=18691, stack(0x00007000040b6000,0x00007000041b6000)]
  0x00007fdf70047000 JavaThread "C1 CompilerThread2" daemon [_thread_blocked, id=18179, stack(0x0000700003fb3000,0x00007000040b3000)]
  0x00007fdf71015000 JavaThread "C2 CompilerThread1" daemon [_thread_blocked, id=17667, stack(0x0000700003eb0000,0x0000700003fb0000)]
  0x00007fdf6f84c800 JavaThread "C2 CompilerThread0" daemon [_thread_blocked, id=17155, stack(0x0000700003dad000,0x0000700003ead000)]
  0x00007fdf6f81c000 JavaThread "Signal Dispatcher" daemon [_thread_blocked, id=16643, stack(0x0000700003caa000,0x0000700003daa000)]
  0x00007fdf6f802000 JavaThread "Finalizer" daemon [_thread_blocked, id=12547, stack(0x0000700003ba7000,0x0000700003ca7000)]
  0x00007fdf7081f800 JavaThread "Reference Handler" daemon [_thread_blocked, id=12035, stack(0x0000700003aa4000,0x0000700003ba4000)]

Other Threads:
  0x00007fdf6f801800 VMThread [stack: 0x00007000039a1000,0x0000700003aa1000] [id=11523]
  0x00007fdf71021000 WatcherThread [stack: 0x00007000041b9000,0x00007000042b9000] [id=19203]

VM state:not at safepoint (normal execution)

VM Mutex/Monitor currently owned by a thread: None

Heap:
 PSYoungGen      total 64000K, used 51462K [0x00000007aab00000, 0x00000007af380000, 0x00000007c0000000)
  eden space 55808K, 82% used [0x00000007aab00000,0x00000007ad7fd858,0x00000007ae180000)
  from space 8192K, 65% used [0x00000007aeb80000,0x00000007af0c41c0,0x00000007af380000)
  to   space 9216K, 0% used [0x00000007ae180000,0x00000007ae180000,0x00000007aea80000)
 ParOldGen       total 35840K, used 15951K [0x0000000780000000, 0x0000000782300000, 0x00000007aab00000)
  object space 35840K, 44% used [0x0000000780000000,0x0000000780f93d30,0x0000000782300000)
 Metaspace       used 24669K, capacity 24905K, committed 25088K, reserved 1071104K
  class space    used 2455K, capacity 2543K, committed 2560K, reserved 1048576K

Card table byte_map: [0x0000000108671000,0x0000000108872000] byte_map_base: 0x0000000104a71000

Marking Bits: (ParMarkBitMap*) 0x00000001091edd30
 Begin Bits: [0x00000001195c0000, 0x000000011a5c0000)
 End Bits:   [0x000000011a5c0000, 0x000000011b5c0000)

Polling page: 0x000000010865e000

CodeCache: size=245760Kb used=10123Kb max_used=10135Kb free=235636Kb
 bounds [0x000000010a200000, 0x000000010ac00000, 0x0000000119200000]
 total_blobs=3927 nmethods=2996 adapters=844
 compilation: enabled

Compilation events (10 events):
Event: 39.172 Thread 0x00007fdf6f84c800 nmethod 3270 0x000000010abe8c50 code [0x000000010abe8da0, 0x000000010abe8f78]
Event: 39.202 Thread 0x00007fdf71015000 3271       4       java.util.AbstractSequentialList::iterator (5 bytes)
Event: 39.209 Thread 0x00007fdf71015000 nmethod 3271 0x000000010abe8810 code [0x000000010abe8960, 0x000000010abe8ad8]
Event: 39.213 Thread 0x00007fdf6f84c800 3272       4       java.awt.Component::isDisplayable (13 bytes)
Event: 39.214 Thread 0x00007fdf6f84c800 nmethod 3272 0x000000010a7f8f10 code [0x000000010a7f9060, 0x000000010a7f90d8]
Event: 39.263 Thread 0x00007fdf71015000 3273       4       java.util.LinkedList::clone (53 bytes)
Event: 39.266 Thread 0x00007fdf70047000 3274       1       sun.java2d.SurfaceData::isValid (5 bytes)
Event: 39.266 Thread 0x00007fdf70047000 nmethod 3274 0x000000010abca0d0 code [0x000000010abca220, 0x000000010abca330]
Event: 39.271 Thread 0x00007fdf71015000 nmethod 3273 0x000000010abe6010 code [0x000000010abe6180, 0x000000010abe64c8]
Event: 39.283 Thread 0x00007fdf6f84c800 3275   !   4       java.awt.EventQueue::isDispatchThreadImpl (99 bytes)

GC Heap History (10 events):
Event: 13.947 GC heap before
{Heap before GC invocations=9 (full 1):
 PSYoungGen      total 34304K, used 32539K [0x00000007aab00000, 0x00000007ae400000, 0x00000007c0000000)
  eden space 25088K, 100% used [0x00000007aab00000,0x00000007ac380000,0x00000007ac380000)
  from space 9216K, 80% used [0x00000007ac380000,0x00000007acac6fc0,0x00000007acc80000)
  to   space 9728K, 0% used [0x00000007ada80000,0x00000007ada80000,0x00000007ae400000)
 ParOldGen       total 35840K, used 13995K [0x0000000780000000, 0x0000000782300000, 0x00000007aab00000)
  object space 35840K, 39% used [0x0000000780000000,0x0000000780daade0,0x0000000782300000)
 Metaspace       used 24490K, capacity 24777K, committed 25088K, reserved 1071104K
  class space    used 2447K, capacity 2543K, committed 2560K, reserved 1048576K
Event: 13.958 GC heap after
Heap after GC invocations=9 (full 1):
 PSYoungGen      total 46592K, used 7437K [0x00000007aab00000, 0x00000007ae300000, 0x00000007c0000000)
  eden space 37888K, 0% used [0x00000007aab00000,0x00000007aab00000,0x00000007ad000000)
  from space 8704K, 85% used [0x00000007ada80000,0x00000007ae1c3678,0x00000007ae300000)
  to   space 9728K, 0% used [0x00000007ad000000,0x00000007ad000000,0x00000007ad980000)
 ParOldGen       total 35840K, used 14003K [0x0000000780000000, 0x0000000782300000, 0x00000007aab00000)
  object space 35840K, 39% used [0x0000000780000000,0x0000000780dacde0,0x0000000782300000)
 Metaspace       used 24490K, capacity 24777K, committed 25088K, reserved 1071104K
  class space    used 2447K, capacity 2543K, committed 2560K, reserved 1048576K
}
Event: 18.429 GC heap before
{Heap before GC invocations=10 (full 1):
 PSYoungGen      total 46592K, used 45325K [0x00000007aab00000, 0x00000007ae300000, 0x00000007c0000000)
  eden space 37888K, 100% used [0x00000007aab00000,0x00000007ad000000,0x00000007ad000000)
  from space 8704K, 85% used [0x00000007ada80000,0x00000007ae1c3678,0x00000007ae300000)
  to   space 9728K, 0% used [0x00000007ad000000,0x00000007ad000000,0x00000007ad980000)
 ParOldGen       total 35840K, used 14003K [0x0000000780000000, 0x0000000782300000, 0x00000007aab00000)
  object space 35840K, 39% used [0x0000000780000000,0x0000000780dacde0,0x0000000782300000)
 Metaspace       used 24616K, capacity 24905K, committed 25088K, reserved 1071104K
  class space    used 2447K, capacity 2543K, committed 2560K, reserved 1048576K
Event: 18.438 GC heap after
Heap after GC invocations=10 (full 1):
 PSYoungGen      total 47616K, used 5504K [0x00000007aab00000, 0x00000007aed00000, 0x00000007c0000000)
  eden space 37888K, 0% used [0x00000007aab00000,0x00000007aab00000,0x00000007ad000000)
  from space 9728K, 56% used [0x00000007ad000000,0x00000007ad5601f0,0x00000007ad980000)
  to   space 9728K, 0% used [0x00000007ae380000,0x00000007ae380000,0x00000007aed00000)
 ParOldGen       total 35840K, used 15951K [0x0000000780000000, 0x0000000782300000, 0x00000007aab00000)
  object space 35840K, 44% used [0x0000000780000000,0x0000000780f93d30,0x0000000782300000)
 Metaspace       used 24616K, capacity 24905K, committed 25088K, reserved 1071104K
  class space    used 2447K, capacity 2543K, committed 2560K, reserved 1048576K
}
Event: 22.881 GC heap before
{Heap before GC invocations=11 (full 1):
 PSYoungGen      total 47616K, used 43392K [0x00000007aab00000, 0x00000007aed00000, 0x00000007c0000000)
  eden space 37888K, 100% used [0x00000007aab00000,0x00000007ad000000,0x00000007ad000000)
  from space 9728K, 56% used [0x00000007ad000000,0x00000007ad5601f0,0x00000007ad980000)
  to   space 9728K, 0% used [0x00000007ae380000,0x00000007ae380000,0x00000007aed00000)
 ParOldGen       total 35840K, used 15951K [0x0000000780000000, 0x0000000782300000, 0x00000007aab00000)
  object space 35840K, 44% used [0x0000000780000000,0x0000000780f93d30,0x0000000782300000)
 Metaspace       used 24627K, capacity 24905K, committed 25088K, reserved 1071104K
  class space    used 2447K, capacity 2543K, committed 2560K, reserved 1048576K
Event: 22.890 GC heap after
Heap after GC invocations=11 (full 1):
 PSYoungGen      total 54784K, used 5392K [0x00000007aab00000, 0x00000007aeb00000, 0x00000007c0000000)
  eden space 47104K, 0% used [0x00000007aab00000,0x00000007aab00000,0x00000007ad900000)
  from space 7680K, 70% used [0x00000007ae380000,0x00000007ae8c41c0,0x00000007aeb00000)
  to   space 9216K, 0% used [0x00000007ad900000,0x00000007ad900000,0x00000007ae200000)
 ParOldGen       total 35840K, used 15951K [0x0000000780000000, 0x0000000782300000, 0x00000007aab00000)
  object space 35840K, 44% used [0x0000000780000000,0x0000000780f93d30,0x0000000782300000)
 Metaspace       used 24627K, capacity 24905K, committed 25088K, reserved 1071104K
  class space    used 2447K, capacity 2543K, committed 2560K, reserved 1048576K
}
Event: 28.414 GC heap before
{Heap before GC invocations=12 (full 1):
 PSYoungGen      total 54784K, used 52496K [0x00000007aab00000, 0x00000007aeb00000, 0x00000007c0000000)
  eden space 47104K, 100% used [0x00000007aab00000,0x00000007ad900000,0x00000007ad900000)
  from space 7680K, 70% used [0x00000007ae380000,0x00000007ae8c41c0,0x00000007aeb00000)
  to   space 9216K, 0% used [0x00000007ad900000,0x00000007ad900000,0x00000007ae200000)
 ParOldGen       total 35840K, used 15951K [0x0000000780000000, 0x0000000782300000, 0x00000007aab00000)
  object space 35840K, 44% used [0x0000000780000000,0x0000000780f93d30,0x0000000782300000)
 Metaspace       used 24628K, capacity 24905K, committed 25088K, reserved 1071104K
  class space    used 2447K, capacity 2543K, committed 2560K, reserved 1048576K
Event: 28.418 GC heap after
Heap after GC invocations=12 (full 1):
 PSYoungGen      total 56320K, used 5360K [0x00000007aab00000, 0x00000007af480000, 0x00000007c0000000)
  eden space 47104K, 0% used [0x00000007aab00000,0x00000007aab00000,0x00000007ad900000)
  from space 9216K, 58% used [0x00000007ad900000,0x00000007ade3c1c0,0x00000007ae200000)
  to   space 9216K, 0% used [0x00000007aeb80000,0x00000007aeb80000,0x00000007af480000)
 ParOldGen       total 35840K, used 15951K [0x0000000780000000, 0x0000000782300000, 0x00000007aab00000)
  object space 35840K, 44% used [0x0000000780000000,0x0000000780f93d30,0x0000000782300000)
 Metaspace       used 24628K, capacity 24905K, committed 25088K, reserved 1071104K
  class space    used 2447K, capacity 2543K, committed 2560K, reserved 1048576K
}
Event: 33.965 GC heap before
{Heap before GC invocations=13 (full 1):
 PSYoungGen      total 56320K, used 52464K [0x00000007aab00000, 0x00000007af480000, 0x00000007c0000000)
  eden space 47104K, 100% used [0x00000007aab00000,0x00000007ad900000,0x00000007ad900000)
  from space 9216K, 58% used [0x00000007ad900000,0x00000007ade3c1c0,0x00000007ae200000)
  to   space 9216K, 0% used [0x00000007aeb80000,0x00000007aeb80000,0x00000007af480000)
 ParOldGen       total 35840K, used 15951K [0x0000000780000000, 0x0000000782300000, 0x00000007aab00000)
  object space 35840K, 44% used [0x0000000780000000,0x0000000780f93d30,0x0000000782300000)
 Metaspace       used 24628K, capacity 24905K, committed 25088K, reserved 1071104K
  class space    used 2447K, capacity 2543K, committed 2560K, reserved 1048576K
Event: 33.973 GC heap after
Heap after GC invocations=13 (full 1):
 PSYoungGen      total 64000K, used 5392K [0x00000007aab00000, 0x00000007af380000, 0x00000007c0000000)
  eden space 55808K, 0% used [0x00000007aab00000,0x00000007aab00000,0x00000007ae180000)
  from space 8192K, 65% used [0x00000007aeb80000,0x00000007af0c41c0,0x00000007af380000)
  to   space 9216K, 0% used [0x00000007ae180000,0x00000007ae180000,0x00000007aea80000)
 ParOldGen       total 35840K, used 15951K [0x0000000780000000, 0x0000000782300000, 0x00000007aab00000)
  object space 35840K, 44% used [0x0000000780000000,0x0000000780f93d30,0x0000000782300000)
 Metaspace       used 24628K, capacity 24905K, committed 25088K, reserved 1071104K
  class space    used 2447K, capacity 2543K, committed 2560K, reserved 1048576K
}

Deoptimization events (10 events):
Event: 14.194 Thread 0x00007fdf6f9b3000 Uncommon trap: reason=unstable_if action=reinterpret pc=0x000000010aa76be8 method=java.util.WeakHashMap.get(Ljava/lang/Object;)Ljava/lang/Object; @ 35
Event: 37.712 Thread 0x00007fdf6f9b3000 Uncommon trap: reason=unstable_if action=reinterpret pc=0x000000010abd721c method=sun.awt.PostEventQueue.flush()V @ 23
Event: 39.218 Thread 0x00007fdf710cc800 Uncommon trap: reason=unstable_if action=reinterpret pc=0x000000010aa13e78 method=java.awt.font.FontRenderContext.equals(Ljava/awt/font/FontRenderContext;)Z @ 2
Event: 39.218 Thread 0x00007fdf710cc800 Uncommon trap: reason=unstable_if action=reinterpret pc=0x000000010aa67e14 method=java.awt.Font.equals(Ljava/lang/Object;)Z @ 2
Event: 39.261 Thread 0x00007fdf708d8000 Uncommon trap: reason=bimorphic action=maybe_recompile pc=0x000000010a828d10 method=java.util.HashMap.putVal(ILjava/lang/Object;Ljava/lang/Object;ZZ)Ljava/lang/Object; @ 91
Event: 39.261 Thread 0x00007fdf708d8000 Uncommon trap: reason=bimorphic action=maybe_recompile pc=0x000000010a828d10 method=java.util.HashMap.putVal(ILjava/lang/Object;Ljava/lang/Object;ZZ)Ljava/lang/Object; @ 91
Event: 39.261 Thread 0x00007fdf708d8000 Uncommon trap: reason=bimorphic action=maybe_recompile pc=0x000000010a828d10 method=java.util.HashMap.putVal(ILjava/lang/Object;Ljava/lang/Object;ZZ)Ljava/lang/Object; @ 91
Event: 39.261 Thread 0x00007fdf708d8000 Uncommon trap: reason=bimorphic action=maybe_recompile pc=0x000000010a828d10 method=java.util.HashMap.putVal(ILjava/lang/Object;Ljava/lang/Object;ZZ)Ljava/lang/Object; @ 91
Event: 39.261 Thread 0x00007fdf708d8000 Uncommon trap: reason=bimorphic action=maybe_recompile pc=0x000000010a83a5b8 method=java.util.HashMap.putVal(ILjava/lang/Object;Ljava/lang/Object;ZZ)Ljava/lang/Object; @ 91
Event: 39.281 Thread 0x00007fdf6f9b3000 Uncommon trap: reason=unstable_if action=reinterpret pc=0x000000010ab5ccf8 method=java.security.AccessControlContext.optimize()Ljava/security/AccessControlContext; @ 233

Internal exceptions (10 events):
Event: 0.478 Thread 0x00007fdf6f803000 Exception <a 'java/lang/NoSuchFieldError': method resolution failed> (0x00000007aacc89d8) thrown at [/Users/java_re/workspace/8-2-build-macosx-x86_64/jdk8u121/8372/hotspot/src/share/vm/prims/methodHandles.cpp, line 1146]
Event: 0.482 Thread 0x00007fdf6f803000 Exception <a 'java/lang/NoSuchFieldError': method resolution failed> (0x00000007aacd61a8) thrown at [/Users/java_re/workspace/8-2-build-macosx-x86_64/jdk8u121/8372/hotspot/src/share/vm/prims/methodHandles.cpp, line 1146]
Event: 0.766 Thread 0x00007fdf6f803000 Exception <a 'java/io/FileNotFoundException'> (0x00000007aad52d70) thrown at [/Users/java_re/workspace/8-2-build-macosx-x86_64/jdk8u121/8372/hotspot/src/share/vm/prims/jni.cpp, line 709]
Event: 0.769 Thread 0x00007fdf6f803000 Exception <a 'java/io/FileNotFoundException'> (0x00000007aad538c0) thrown at [/Users/java_re/workspace/8-2-build-macosx-x86_64/jdk8u121/8372/hotspot/src/share/vm/prims/jni.cpp, line 709]
Event: 1.114 Thread 0x00007fdf6f803000 Exception <a 'java/io/FileNotFoundException'> (0x00000007aae8c1e8) thrown at [/Users/java_re/workspace/8-2-build-macosx-x86_64/jdk8u121/8372/hotspot/src/share/vm/prims/jni.cpp, line 709]
Event: 4.350 Thread 0x00007fdf6f802000 Exception <a 'java/lang/NullPointerException'> (0x00000007aab332a8) thrown at [/Users/java_re/workspace/8-2-build-macosx-x86_64/jdk8u121/8372/hotspot/src/share/vm/interpreter/linkResolver.cpp, line 1178]
Event: 4.522 Thread 0x00007fdf702fc800 Exception <a 'java/lang/UnsatisfiedLinkError': com.jogamp.common.util.JarUtil.fixNativeLibAttribs(Ljava/lang/String;)Z> (0x00000007aaf59f10) thrown at [/Users/java_re/workspace/8-2-build-macosx-x86_64/jdk8u121/8372/hotspot/src/share/vm/prims/nativeLookup.
Event: 6.535 Thread 0x00007fdf6f9b3000 Exception <a 'java/io/FileNotFoundException'> (0x00000007ab11ffb8) thrown at [/Users/java_re/workspace/8-2-build-macosx-x86_64/jdk8u121/8372/hotspot/src/share/vm/prims/jni.cpp, line 709]
Event: 6.536 Thread 0x00007fdf6f9b3000 Exception <a 'java/io/FileNotFoundException'> (0x00000007ab1261a0) thrown at [/Users/java_re/workspace/8-2-build-macosx-x86_64/jdk8u121/8372/hotspot/src/share/vm/prims/jni.cpp, line 709]
Event: 6.536 Thread 0x00007fdf6f9b3000 Implicit null exception at 0x000000010a3ca476 to 0x000000010a3ca845

Events (10 events):
Event: 39.281 Thread 0x00007fdf6f9b3000 DEOPT UNPACKING pc=0x000000010a205229 sp=0x0000700004c5a880 mode 2
Event: 39.281 loading class java/awt/LightweightDispatcher$2
Event: 39.281 loading class java/awt/LightweightDispatcher$2 done
Event: 39.281 loading class java/awt/event/AWTEventListenerProxy
Event: 39.281 loading class java/awt/event/AWTEventListenerProxy done
Event: 39.281 loading class java/awt/Toolkit$ToolkitEventMulticaster
Event: 39.281 loading class java/awt/Toolkit$ToolkitEventMulticaster done
Event: 39.282 Thread 0x00007fdf708d8000 Thread exited: 0x00007fdf708d8000
Event: 39.283 loading class java/awt/Window$1DisposeAction
Event: 39.283 loading class java/awt/Window$1DisposeAction done


Dynamic libraries:
0x000000004c357000 	/System/Library/Frameworks/Cocoa.framework/Versions/A/Cocoa
0x000000004c357000 	/System/Library/Frameworks/Security.framework/Versions/A/Security
0x000000004c357000 	/System/Library/Frameworks/ApplicationServices.framework/Versions/A/ApplicationServices
0x000000004c357000 	/usr/lib/libz.1.dylib
0x000000004c357000 	/usr/lib/libSystem.B.dylib
0x000000004c357000 	/usr/lib/libobjc.A.dylib
0x000000004c357000 	/System/Library/Frameworks/CoreFoundation.framework/Versions/A/CoreFoundation
0x000000004c357000 	/System/Library/Frameworks/Foundation.framework/Versions/C/Foundation
0x000000004c357000 	/System/Library/Frameworks/AppKit.framework/Versions/C/AppKit
0x000000004c357000 	/System/Library/Frameworks/CoreData.framework/Versions/A/CoreData
0x000000004c357000 	/System/Library/PrivateFrameworks/RemoteViewServices.framework/Versions/A/RemoteViewServices
0x000000004c357000 	/System/Library/PrivateFrameworks/UIFoundation.framework/Versions/A/UIFoundation
0x000000004c357000 	/System/Library/PrivateFrameworks/DFRFoundation.framework/Versions/A/DFRFoundation
0x000000004c357000 	/usr/lib/libenergytrace.dylib
0x000000004c357000 	/System/Library/PrivateFrameworks/SkyLight.framework/Versions/A/SkyLight
0x000000004c357000 	/System/Library/Frameworks/CoreGraphics.framework/Versions/A/CoreGraphics
0x000000004c357000 	/usr/lib/libScreenReader.dylib
0x000000004c357000 	/System/Library/Frameworks/Accelerate.framework/Versions/A/Accelerate
0x000000004c357000 	/System/Library/Frameworks/IOSurface.framework/Versions/A/IOSurface
0x000000004c357000 	/System/Library/Frameworks/AudioToolbox.framework/Versions/A/AudioToolbox
0x000000004c357000 	/System/Library/Frameworks/AudioUnit.framework/Versions/A/AudioUnit
0x000000004c357000 	/System/Library/PrivateFrameworks/DataDetectorsCore.framework/Versions/A/DataDetectorsCore
0x000000004c357000 	/System/Library/PrivateFrameworks/DesktopServicesPriv.framework/Versions/A/DesktopServicesPriv
0x000000004c357000 	/System/Library/Frameworks/Carbon.framework/Versions/A/Frameworks/HIToolbox.framework/Versions/A/HIToolbox
0x000000004c357000 	/usr/lib/libicucore.A.dylib
0x000000004c357000 	/System/Library/Frameworks/QuartzCore.framework/Versions/A/QuartzCore
0x000000004c357000 	/System/Library/Frameworks/Carbon.framework/Versions/A/Frameworks/SpeechRecognition.framework/Versions/A/SpeechRecognition
0x000000004c357000 	/usr/lib/libauto.dylib
0x000000004c357000 	/usr/lib/libxml2.2.dylib
0x000000004c357000 	/System/Library/PrivateFrameworks/CoreUI.framework/Versions/A/CoreUI
0x000000004c357000 	/System/Library/Frameworks/CoreAudio.framework/Versions/A/CoreAudio
0x000000004c357000 	/System/Library/Frameworks/DiskArbitration.framework/Versions/A/DiskArbitration
0x000000004c357000 	/usr/lib/liblangid.dylib
0x000000004c357000 	/System/Library/PrivateFrameworks/MultitouchSupport.framework/Versions/A/MultitouchSupport
0x000000004c357000 	/System/Library/Frameworks/IOKit.framework/Versions/A/IOKit
0x000000004c357000 	/usr/lib/libDiagnosticMessagesClient.dylib
0x000000004c357000 	/System/Library/Frameworks/CoreServices.framework/Versions/A/CoreServices
0x000000004c357000 	/System/Library/PrivateFrameworks/PerformanceAnalysis.framework/Versions/A/PerformanceAnalysis
0x000000004c357000 	/System/Library/PrivateFrameworks/GenerationalStorage.framework/Versions/A/GenerationalStorage
0x000000004c357000 	/System/Library/Frameworks/OpenGL.framework/Versions/A/OpenGL
0x000000004c357000 	/System/Library/Frameworks/CoreImage.framework/Versions/A/CoreImage
0x000000004c357000 	/System/Library/Frameworks/CoreText.framework/Versions/A/CoreText
0x000000004c357000 	/System/Library/Frameworks/ImageIO.framework/Versions/A/ImageIO
0x000000004c357000 	/System/Library/PrivateFrameworks/Backup.framework/Versions/A/Backup
0x000000004c357000 	/usr/lib/libarchive.2.dylib
0x000000004c357000 	/System/Library/Frameworks/CFNetwork.framework/Versions/A/CFNetwork
0x000000004c357000 	/System/Library/Frameworks/SystemConfiguration.framework/Versions/A/SystemConfiguration
0x000000004c357000 	/usr/lib/libCRFSuite.dylib
0x000000004c357000 	/usr/lib/libc++.1.dylib
0x000000004c357000 	/usr/lib/libc++abi.dylib
0x000000004c357000 	/usr/lib/system/libcache.dylib
0x000000004c357000 	/usr/lib/system/libcommonCrypto.dylib
0x000000004c357000 	/usr/lib/system/libcompiler_rt.dylib
0x000000004c357000 	/usr/lib/system/libcopyfile.dylib
0x000000004c357000 	/usr/lib/system/libcorecrypto.dylib
0x000000004c357000 	/usr/lib/system/libdispatch.dylib
0x000000004c357000 	/usr/lib/system/libdyld.dylib
0x000000004c357000 	/usr/lib/system/libkeymgr.dylib
0x000000004c357000 	/usr/lib/system/liblaunch.dylib
0x000000004c357000 	/usr/lib/system/libmacho.dylib
0x000000004c357000 	/usr/lib/system/libquarantine.dylib
0x000000004c357000 	/usr/lib/system/libremovefile.dylib
0x000000004c357000 	/usr/lib/system/libsystem_asl.dylib
0x000000004c357000 	/usr/lib/system/libsystem_blocks.dylib
0x000000004c357000 	/usr/lib/system/libsystem_c.dylib
0x000000004c357000 	/usr/lib/system/libsystem_configuration.dylib
0x000000004c357000 	/usr/lib/system/libsystem_coreservices.dylib
0x000000004c357000 	/usr/lib/system/libsystem_coretls.dylib
0x000000004c357000 	/usr/lib/system/libsystem_dnssd.dylib
0x000000004c357000 	/usr/lib/system/libsystem_info.dylib
0x000000004c357000 	/usr/lib/system/libsystem_kernel.dylib
0x000000004c357000 	/usr/lib/system/libsystem_m.dylib
0x000000004c357000 	/usr/lib/system/libsystem_malloc.dylib
0x000000004c357000 	/usr/lib/system/libsystem_network.dylib
0x000000004c357000 	/usr/lib/system/libsystem_networkextension.dylib
0x000000004c357000 	/usr/lib/system/libsystem_notify.dylib
0x000000004c357000 	/usr/lib/system/libsystem_platform.dylib
0x000000004c357000 	/usr/lib/system/libsystem_pthread.dylib
0x000000004c357000 	/usr/lib/system/libsystem_sandbox.dylib
0x000000004c357000 	/usr/lib/system/libsystem_secinit.dylib
0x000000004c357000 	/usr/lib/system/libsystem_symptoms.dylib
0x000000004c357000 	/usr/lib/system/libsystem_trace.dylib
0x000000004c357000 	/usr/lib/system/libunwind.dylib
0x000000004c357000 	/usr/lib/system/libxpc.dylib
0x000000004c357000 	/usr/lib/libbsm.0.dylib
0x000000004c357000 	/usr/lib/system/libkxld.dylib
0x000000004c357000 	/usr/lib/libcoretls.dylib
0x000000004c357000 	/usr/lib/libcoretls_cfhelpers.dylib
0x000000004c357000 	/usr/lib/libOpenScriptingUtil.dylib
0x000000004c357000 	/usr/lib/libpam.2.dylib
0x000000004c357000 	/usr/lib/libsqlite3.dylib
0x000000004c357000 	/usr/lib/libxar.1.dylib
0x000000004c357000 	/usr/lib/libbz2.1.0.dylib
0x000000004c357000 	/usr/lib/liblzma.5.dylib
0x000000004c357000 	/usr/lib/libnetwork.dylib
0x000000004c357000 	/usr/lib/libpcap.A.dylib
0x000000004c357000 	/System/Library/Frameworks/CoreServices.framework/Versions/A/Frameworks/FSEvents.framework/Versions/A/FSEvents
0x000000004c357000 	/System/Library/Frameworks/CoreServices.framework/Versions/A/Frameworks/CarbonCore.framework/Versions/A/CarbonCore
0x000000004c357000 	/System/Library/Frameworks/CoreServices.framework/Versions/A/Frameworks/Metadata.framework/Versions/A/Metadata
0x000000004c357000 	/System/Library/Frameworks/CoreServices.framework/Versions/A/Frameworks/OSServices.framework/Versions/A/OSServices
0x000000004c357000 	/System/Library/Frameworks/CoreServices.framework/Versions/A/Frameworks/SearchKit.framework/Versions/A/SearchKit
0x000000004c357000 	/System/Library/Frameworks/CoreServices.framework/Versions/A/Frameworks/AE.framework/Versions/A/AE
0x000000004c357000 	/System/Library/Frameworks/CoreServices.framework/Versions/A/Frameworks/LaunchServices.framework/Versions/A/LaunchServices
0x000000004c357000 	/System/Library/Frameworks/CoreServices.framework/Versions/A/Frameworks/DictionaryServices.framework/Versions/A/DictionaryServices
0x000000004c357000 	/System/Library/Frameworks/CoreServices.framework/Versions/A/Frameworks/SharedFileList.framework/Versions/A/SharedFileList
0x000000004c357000 	/System/Library/Frameworks/NetFS.framework/Versions/A/NetFS
0x000000004c357000 	/System/Library/PrivateFrameworks/NetAuth.framework/Versions/A/NetAuth
0x000000004c357000 	/System/Library/PrivateFrameworks/login.framework/Versions/A/Frameworks/loginsupport.framework/Versions/A/loginsupport
0x000000004c357000 	/System/Library/PrivateFrameworks/TCC.framework/Versions/A/TCC
0x000000004c357000 	/usr/lib/libmecabra.dylib
0x000000004c357000 	/System/Library/Frameworks/ApplicationServices.framework/Versions/A/Frameworks/ATS.framework/Versions/A/ATS
0x000000004c357000 	/System/Library/Frameworks/ApplicationServices.framework/Versions/A/Frameworks/ColorSync.framework/Versions/A/ColorSync
0x000000004c357000 	/System/Library/Frameworks/ApplicationServices.framework/Versions/A/Frameworks/HIServices.framework/Versions/A/HIServices
0x000000004c357000 	/System/Library/Frameworks/ApplicationServices.framework/Versions/A/Frameworks/LangAnalysis.framework/Versions/A/LangAnalysis
0x000000004c357000 	/System/Library/Frameworks/ApplicationServices.framework/Versions/A/Frameworks/PrintCore.framework/Versions/A/PrintCore
0x000000004c357000 	/System/Library/Frameworks/ApplicationServices.framework/Versions/A/Frameworks/QD.framework/Versions/A/QD
0x000000004c357000 	/System/Library/Frameworks/ApplicationServices.framework/Versions/A/Frameworks/SpeechSynthesis.framework/Versions/A/SpeechSynthesis
0x000000004c357000 	/System/Library/Frameworks/Accelerate.framework/Versions/A/Frameworks/vImage.framework/Versions/A/vImage
0x000000004c357000 	/System/Library/Frameworks/Accelerate.framework/Versions/A/Frameworks/vecLib.framework/Versions/A/vecLib
0x000000004c357000 	/System/Library/Frameworks/Accelerate.framework/Versions/A/Frameworks/vecLib.framework/Versions/A/libvDSP.dylib
0x000000004c357000 	/System/Library/Frameworks/Accelerate.framework/Versions/A/Frameworks/vecLib.framework/Versions/A/libBNNS.dylib
0x000000004c357000 	/System/Library/Frameworks/Accelerate.framework/Versions/A/Frameworks/vecLib.framework/Versions/A/libQuadrature.dylib
0x000000004c357000 	/System/Library/Frameworks/Accelerate.framework/Versions/A/Frameworks/vecLib.framework/Versions/A/libvMisc.dylib
0x000000004c357000 	/System/Library/Frameworks/Accelerate.framework/Versions/A/Frameworks/vecLib.framework/Versions/A/libLAPACK.dylib
0x000000004c357000 	/System/Library/Frameworks/Accelerate.framework/Versions/A/Frameworks/vecLib.framework/Versions/A/libBLAS.dylib
0x000000004c357000 	/System/Library/Frameworks/Accelerate.framework/Versions/A/Frameworks/vecLib.framework/Versions/A/libLinearAlgebra.dylib
0x000000004c357000 	/System/Library/Frameworks/Accelerate.framework/Versions/A/Frameworks/vecLib.framework/Versions/A/libSparseBLAS.dylib
0x000000004c357000 	/System/Library/Frameworks/ApplicationServices.framework/Versions/A/Frameworks/ATS.framework/Versions/A/Resources/libFontParser.dylib
0x000000004c357000 	/System/Library/Frameworks/ApplicationServices.framework/Versions/A/Frameworks/ATS.framework/Versions/A/Resources/libFontRegistry.dylib
0x000000004c357000 	/System/Library/Frameworks/ImageIO.framework/Versions/A/Resources/libJPEG.dylib
0x000000004c357000 	/System/Library/Frameworks/ImageIO.framework/Versions/A/Resources/libTIFF.dylib
0x000000004c357000 	/System/Library/Frameworks/ImageIO.framework/Versions/A/Resources/libPng.dylib
0x000000004c357000 	/System/Library/Frameworks/ImageIO.framework/Versions/A/Resources/libGIF.dylib
0x000000004c357000 	/System/Library/Frameworks/ImageIO.framework/Versions/A/Resources/libJP2.dylib
0x000000004c357000 	/System/Library/Frameworks/ImageIO.framework/Versions/A/Resources/libRadiance.dylib
0x000000004c357000 	/usr/lib/libcompression.dylib
0x000000004c357000 	/System/Library/PrivateFrameworks/AppleJPEG.framework/Versions/A/AppleJPEG
0x000000004c357000 	/usr/lib/libcups.2.dylib
0x000000004c357000 	/System/Library/Frameworks/Kerberos.framework/Versions/A/Kerberos
0x000000004c357000 	/System/Library/Frameworks/GSS.framework/Versions/A/GSS
0x000000004c357000 	/usr/lib/libresolv.9.dylib
0x000000004c357000 	/usr/lib/libiconv.2.dylib
0x000000004c357000 	/System/Library/PrivateFrameworks/Heimdal.framework/Versions/A/Heimdal
0x000000004c357000 	/usr/lib/libheimdal-asn1.dylib
0x000000004c357000 	/System/Library/Frameworks/OpenDirectory.framework/Versions/A/OpenDirectory
0x000000004c357000 	/System/Library/PrivateFrameworks/CommonAuth.framework/Versions/A/CommonAuth
0x000000004c357000 	/System/Library/Frameworks/OpenDirectory.framework/Versions/A/Frameworks/CFOpenDirectory.framework/Versions/A/CFOpenDirectory
0x000000004c357000 	/System/Library/Frameworks/SecurityFoundation.framework/Versions/A/SecurityFoundation
0x000000004c357000 	/System/Library/PrivateFrameworks/LanguageModeling.framework/Versions/A/LanguageModeling
0x000000004c357000 	/usr/lib/libmarisa.dylib
0x000000004c357000 	/usr/lib/libChineseTokenizer.dylib
0x000000004c357000 	/usr/lib/libcmph.dylib
0x000000004c357000 	/System/Library/PrivateFrameworks/CoreEmoji.framework/Versions/A/CoreEmoji
0x000000004c357000 	/System/Library/Frameworks/ServiceManagement.framework/Versions/A/ServiceManagement
0x000000004c357000 	/usr/lib/libxslt.1.dylib
0x000000004c357000 	/System/Library/Frameworks/Carbon.framework/Versions/A/Frameworks/Ink.framework/Versions/A/Ink
0x000000004c357000 	/System/Library/PrivateFrameworks/TextureIO.framework/Versions/A/TextureIO
0x000000004c357000 	/System/Library/Frameworks/Metal.framework/Versions/A/Metal
0x000000004c357000 	/usr/lib/libate.dylib
0x000000004c357000 	/System/Library/PrivateFrameworks/GPUCompiler.framework/libmetal_timestamp.dylib
0x000000004c357000 	/System/Library/Frameworks/OpenGL.framework/Versions/A/Libraries/libCoreFSCache.dylib
0x000000004c357000 	/System/Library/PrivateFrameworks/IOAccelerator.framework/Versions/A/IOAccelerator
0x000000004c357000 	/System/Library/Frameworks/CoreVideo.framework/Versions/A/CoreVideo
0x000000004c357000 	/usr/lib/libFosl_dynamic.dylib
0x000000004c357000 	/System/Library/PrivateFrameworks/MetalPerformanceShaders.framework/Versions/A/MetalPerformanceShaders
0x000000004c357000 	/System/Library/PrivateFrameworks/FaceCore.framework/Versions/A/FaceCore
0x000000004c357000 	/System/Library/Frameworks/OpenCL.framework/Versions/A/OpenCL
0x000000004c357000 	/System/Library/Frameworks/OpenGL.framework/Versions/A/Libraries/libGLU.dylib
0x000000004c357000 	/System/Library/Frameworks/OpenGL.framework/Versions/A/Libraries/libGFXShared.dylib
0x000000004c357000 	/System/Library/Frameworks/OpenGL.framework/Versions/A/Libraries/libGL.dylib
0x000000004c357000 	/System/Library/Frameworks/OpenGL.framework/Versions/A/Libraries/libGLImage.dylib
0x000000004c357000 	/System/Library/Frameworks/OpenGL.framework/Versions/A/Libraries/libCVMSPluginSupport.dylib
0x000000004c357000 	/System/Library/Frameworks/OpenGL.framework/Versions/A/Libraries/libCoreVMClient.dylib
0x000000004c357000 	/System/Library/PrivateFrameworks/CrashReporterSupport.framework/Versions/A/CrashReporterSupport
0x000000004c357000 	/System/Library/PrivateFrameworks/Sharing.framework/Versions/A/Sharing
0x000000004c357000 	/System/Library/PrivateFrameworks/IconServices.framework/Versions/A/IconServices
0x000000004c357000 	/System/Library/PrivateFrameworks/ProtocolBuffer.framework/Versions/A/ProtocolBuffer
0x000000004c357000 	/System/Library/PrivateFrameworks/Apple80211.framework/Versions/A/Apple80211
0x000000004c357000 	/System/Library/Frameworks/CoreWLAN.framework/Versions/A/CoreWLAN
0x000000004c357000 	/System/Library/PrivateFrameworks/CoreUtils.framework/Versions/A/CoreUtils
0x000000004c357000 	/System/Library/Frameworks/IOBluetooth.framework/Versions/A/IOBluetooth
0x000000004c357000 	/System/Library/PrivateFrameworks/CoreWiFi.framework/Versions/A/CoreWiFi
0x000000004c357000 	/System/Library/Frameworks/CoreBluetooth.framework/Versions/A/CoreBluetooth
0x000000004c357000 	/System/Library/Frameworks/CoreDisplay.framework/Versions/A/CoreDisplay
0x000000004c357000 	/System/Library/PrivateFrameworks/IOPresentment.framework/Versions/A/IOPresentment
0x000000004c357000 	/System/Library/PrivateFrameworks/DSExternalDisplay.framework/Versions/A/DSExternalDisplay
0x000000004c357000 	/System/Library/PrivateFrameworks/DebugSymbols.framework/Versions/A/DebugSymbols
0x000000004c357000 	/System/Library/PrivateFrameworks/CoreSymbolication.framework/Versions/A/CoreSymbolication
0x000000004c357000 	/System/Library/PrivateFrameworks/Symbolication.framework/Versions/A/Symbolication
0x000000004c357000 	/System/Library/PrivateFrameworks/AppleFSCompression.framework/Versions/A/AppleFSCompression
0x000000004c357000 	/System/Library/PrivateFrameworks/SpeechRecognitionCore.framework/Versions/A/SpeechRecognitionCore
0x000000004c357000 	/System/Library/PrivateFrameworks/ChunkingLibrary.framework/Versions/A/ChunkingLibrary
0x00000001088fd000 	/Library/Java/JavaVirtualMachines/jdk1.8.0_121.jdk/Contents/Home/jre/lib/server/libjvm.dylib
0x000000004c357000 	/usr/lib/libstdc++.6.dylib
0x000000010861b000 	/Library/Java/JavaVirtualMachines/jdk1.8.0_121.jdk/Contents/Home/jre/lib/libverify.dylib
0x0000000108629000 	/Library/Java/JavaVirtualMachines/jdk1.8.0_121.jdk/Contents/Home/jre/lib/libjava.dylib
0x0000000108668000 	/Library/Java/JavaVirtualMachines/jdk1.8.0_121.jdk/Contents/Home/jre/lib/libzip.dylib
0x000000011d2a3000 	/System/Library/Frameworks/JavaVM.framework/Frameworks/JavaRuntimeSupport.framework/JavaRuntimeSupport
0x000000011d2bd000 	/System/Library/Frameworks/JavaVM.framework/Versions/A/Frameworks/JavaNativeFoundation.framework/Versions/A/JavaNativeFoundation
0x000000011d2d2000 	/System/Library/Frameworks/JavaVM.framework/Versions/A/JavaVM
0x000000004c357000 	/System/Library/Frameworks/Carbon.framework/Versions/A/Carbon
0x000000011d2df000 	/System/Library/PrivateFrameworks/JavaLaunching.framework/Versions/A/JavaLaunching
0x000000004c357000 	/System/Library/Frameworks/Carbon.framework/Versions/A/Frameworks/CommonPanels.framework/Versions/A/CommonPanels
0x000000004c357000 	/System/Library/Frameworks/Carbon.framework/Versions/A/Frameworks/Help.framework/Versions/A/Help
0x000000004c357000 	/System/Library/Frameworks/Carbon.framework/Versions/A/Frameworks/ImageCapture.framework/Versions/A/ImageCapture
0x000000004c357000 	/System/Library/Frameworks/Carbon.framework/Versions/A/Frameworks/OpenScripting.framework/Versions/A/OpenScripting
0x000000004c357000 	/System/Library/Frameworks/Carbon.framework/Versions/A/Frameworks/Print.framework/Versions/A/Print
0x000000004c357000 	/System/Library/Frameworks/Carbon.framework/Versions/A/Frameworks/SecurityHI.framework/Versions/A/SecurityHI
0x000000011ebe9000 	/Library/Java/JavaVirtualMachines/jdk1.8.0_121.jdk/Contents/Home/jre/lib/libawt.dylib
0x000000011ec91000 	/Library/Java/JavaVirtualMachines/jdk1.8.0_121.jdk/Contents/Home/jre/lib/./libmlib_image.dylib
0x000000011ed5d000 	/Library/Java/JavaVirtualMachines/jdk1.8.0_121.jdk/Contents/Home/jre/lib/libawt_lwawt.dylib
0x000000011ee14000 	/Library/Java/JavaVirtualMachines/jdk1.8.0_121.jdk/Contents/Home/jre/lib/./libosxapp.dylib
0x000000004c357000 	/System/Library/Frameworks/ExceptionHandling.framework/Versions/A/ExceptionHandling
0x000000004c357000 	/System/Library/PrivateFrameworks/CoreServicesInternal.framework/Versions/A/CoreServicesInternal
0x000000004c357000 	/System/Library/CoreServices/RawCamera.bundle/Contents/MacOS/RawCamera
0x000000004c357000 	/System/Library/Frameworks/Accelerate.framework/Versions/A/Frameworks/vImage.framework/Versions/A/Libraries/libCGInterfaces.dylib
0x000000004c357000 	/System/Library/Frameworks/ApplicationServices.framework/Versions/A/Frameworks/ATS.framework/Versions/A/Resources/libTrueTypeScaler.dylib
0x000000012094c000 	/System/Library/Frameworks/OpenGL.framework/Resources/GLEngine.bundle/GLEngine
0x000000004c357000 	/System/Library/Frameworks/OpenGL.framework/Versions/A/Libraries/libGLProgrammability.dylib
0x0000000120b31000 	/System/Library/Extensions/AppleIntelHD5000GraphicsGLDriver.bundle/Contents/MacOS/AppleIntelHD5000GraphicsGLDriver
0x000000004c357000 	/System/Library/PrivateFrameworks/GPUSupport.framework/Versions/A/Libraries/libGPUSupportMercury.dylib
0x000000012129f000 	/System/Library/Frameworks/OpenGL.framework/Resources//GLRendererFloat.bundle/GLRendererFloat
0x000000004c357000 	/System/Library/Frameworks/OpenCL.framework/Versions/A/Libraries/libcldcpuengine.dylib
0x000000004c357000 	/usr/lib/libcrypto.0.9.8.dylib
0x000000004c357000 	/System/Library/PrivateFrameworks/TrustEvaluationAgent.framework/Versions/A/TrustEvaluationAgent
0x00000001212d3000 	/System/Library/Extensions/AppleIntelHD5000GraphicsMTLDriver.bundle/Contents/MacOS/AppleIntelHD5000GraphicsMTLDriver
0x000000004c357000 	/System/Library/PrivateFrameworks/FamilyControls.framework/Versions/A/FamilyControls
0x000000004c357000 	/System/Library/PrivateFrameworks/CommerceKit.framework/Versions/A/Frameworks/CommerceCore.framework/Versions/A/CommerceCore
0x000000004c357000 	/System/Library/PrivateFrameworks/SystemAdministration.framework/Versions/A/SystemAdministration
0x000000004c357000 	/System/Library/PrivateFrameworks/AppContainer.framework/Versions/A/AppContainer
0x000000004c357000 	/System/Library/PrivateFrameworks/SecCodeWrapper.framework/Versions/A/SecCodeWrapper
0x000000004c357000 	/System/Library/Frameworks/DirectoryService.framework/Versions/A/DirectoryService
0x000000004c357000 	/System/Library/PrivateFrameworks/DiskImages.framework/Versions/A/DiskImages
0x000000004c357000 	/System/Library/PrivateFrameworks/LoginUIKit.framework/Versions/A/Frameworks/LoginUICore.framework/Versions/A/LoginUICore
0x000000004c357000 	/usr/lib/libCoreStorage.dylib
0x000000004c357000 	/usr/lib/libcsfde.dylib
0x000000004c357000 	/usr/lib/libodfde.dylib
0x000000004c357000 	/System/Library/Frameworks/DiscRecording.framework/Versions/A/DiscRecording
0x000000004c357000 	/usr/lib/libcurl.4.dylib
0x000000004c357000 	/System/Library/PrivateFrameworks/MediaKit.framework/Versions/A/MediaKit
0x000000004c357000 	/System/Library/PrivateFrameworks/ProtectedCloudStorage.framework/Versions/A/ProtectedCloudStorage
0x000000004c357000 	/System/Library/PrivateFrameworks/EFILogin.framework/Versions/A/EFILogin
0x000000004c357000 	/usr/lib/libutil.dylib
0x000000004c357000 	/System/Library/Frameworks/LDAP.framework/Versions/A/LDAP
0x000000004c357000 	/usr/lib/libsasl2.2.dylib
0x000000004c357000 	/System/Library/PrivateFrameworks/CoreDaemon.framework/Versions/B/CoreDaemon
0x000000004c357000 	/System/Library/PrivateFrameworks/AppleSRP.framework/Versions/A/AppleSRP
0x000000004c357000 	/System/Library/PrivateFrameworks/APFS.framework/Versions/A/APFS
0x0000000122ebd000 	/Library/Java/JavaVirtualMachines/jdk1.8.0_121.jdk/Contents/Home/jre/lib/libfontmanager.dylib
0x000000004c357000 	/System/Library/PrivateFrameworks/ViewBridge.framework/Versions/A/ViewBridge
0x000000004c357000 	/System/Library/PrivateFrameworks/XPCService.framework/Versions/A/XPCService
0x000000004c357000 	/System/Library/PrivateFrameworks/AppSandbox.framework/Versions/A/AppSandbox
0x000000004c357000 	/usr/lib/libsandbox.1.dylib
0x000000004c357000 	/usr/lib/libMatch.1.dylib
0x00000001242b8000 	/Library/Java/JavaVirtualMachines/jdk1.8.0_121.jdk/Contents/Home/jre/lib/libosxui.dylib
0x0000000124e61000 	/Library/Java/JavaVirtualMachines/jdk1.8.0_121.jdk/Contents/Home/jre/lib/libnet.dylib
0x0000000124e78000 	/Library/Java/JavaVirtualMachines/jdk1.8.0_121.jdk/Contents/Home/jre/lib/libnio.dylib
0x0000000123fc6000 	/private/var/folders/z5/dkh_k18x6bn8z6w6jj1k7pqm0000gn/T/jogamp_0000/file_cache/jln7738715379376935955/jln3137670059248391959/libgluegen-rt.jnilib
0x0000000123fca000 	/private/var/folders/z5/dkh_k18x6bn8z6w6jj1k7pqm0000gn/T/jogamp_0000/file_cache/jln7738715379376935955/jln3137670059248391959/libnativewindow_awt.jnilib
0x000000018d49b000 	/Library/Java/JavaVirtualMachines/jdk1.8.0_121.jdk/Contents/Home/jre/lib/libjawt.dylib
0x000000018d49e000 	/private/var/folders/z5/dkh_k18x6bn8z6w6jj1k7pqm0000gn/T/jogamp_0000/file_cache/jln7738715379376935955/jln3137670059248391959/libnativewindow_macosx.jnilib
0x000000018f256000 	/private/var/folders/z5/dkh_k18x6bn8z6w6jj1k7pqm0000gn/T/jogamp_0000/file_cache/jln7738715379376935955/jln3137670059248391959/libjogl_desktop.jnilib
0x0000000191c97000 	/Library/Java/JavaVirtualMachines/jdk1.8.0_121.jdk/Contents/Home/jre/lib/libsunec.dylib
0x000000018d4a8000 	/Library/Java/JavaVirtualMachines/jdk1.8.0_121.jdk/Contents/Home/jre/lib/libt2k.dylib

VM Arguments:
jvm_args: -Djava.security.policy=java.policy.applet -Dfile.encoding=MacRoman 
java_command: sun.applet.AppletViewer module4.EarthquakeCityMap1523692403661.html
java_class_path (initial): /Users/Mac/Documents/workspace/UCSDUnfoldingMaps/build:/Users/Mac/Documents/workspace/UCSDUnfoldingMaps/lib/core.jar:/Users/Mac/Documents/workspace/UCSDUnfoldingMaps/lib/gluegen-rt.jar:/Users/Mac/Documents/workspace/UCSDUnfoldingMaps/lib/jogl-all.jar:/Users/Mac/Documents/workspace/UCSDUnfoldingMaps/lib/log4j-1.2.15.jar:/Users/Mac/Documents/workspace/UCSDUnfoldingMaps/lib/sqlite-jdbc-3.7.2.jar:/Users/Mac/Documents/workspace/UCSDUnfoldingMaps/lib/json4processing.jar:/Users/Mac/Documents/workspace/UCSDUnfoldingMaps/lib/libTUIO.jar:/Users/Mac/Documents/workspace/UCSDUnfoldingMaps/lib/unfolding.0.9.7-uscd.jar
Launcher Type: SUN_STANDARD

Environment Variables:
PATH=/Library/Frameworks/Python.framework/Versions/3.6/bin:/usr/local/bin:/usr/bin:/bin:/usr/sbin:/sbin:/opt/X11/bin:/Library/Frameworks/Mono.framework/Versions/Current/Commands:/Library/TeX/texbin
SHELL=/bin/bash
DISPLAY=/private/tmp/com.apple.launchd.BfoSnAz3r8/org.macosforge.xquartz:0

Signal Handlers:
SIGSEGV: [libjvm.dylib+0x5b1141], sa_mask[0]=11111111011111110111111111111111, sa_flags=SA_ONSTACK|SA_RESTART|SA_SIGINFO
SIGBUS: [libjvm.dylib+0x5b1141], sa_mask[0]=11111111011111110111111111111111, sa_flags=SA_RESTART|SA_SIGINFO
SIGFPE: [libjvm.dylib+0x487bc4], sa_mask[0]=11111111011111110111111111111111, sa_flags=SA_RESTART|SA_SIGINFO
SIGPIPE: [libjvm.dylib+0x487bc4], sa_mask[0]=11111111011111110111111111111111, sa_flags=SA_RESTART|SA_SIGINFO
SIGXFSZ: [libjvm.dylib+0x487bc4], sa_mask[0]=11111111011111110111111111111111, sa_flags=SA_RESTART|SA_SIGINFO
SIGILL: [libjvm.dylib+0x487bc4], sa_mask[0]=11111111011111110111111111111111, sa_flags=SA_RESTART|SA_SIGINFO
SIGUSR1: SIG_DFL, sa_mask[0]=11011111011111100000000111000110, sa_flags=none
SIGUSR2: [libjvm.dylib+0x4876e2], sa_mask[0]=00100000000000000000000000000000, sa_flags=SA_RESTART|SA_SIGINFO
SIGHUP: [libjvm.dylib+0x485cb9], sa_mask[0]=11111111011111110111111111111111, sa_flags=SA_RESTART|SA_SIGINFO
SIGINT: [libjvm.dylib+0x485cb9], sa_mask[0]=11111111011111110111111111111111, sa_flags=SA_RESTART|SA_SIGINFO
SIGTERM: [libjvm.dylib+0x485cb9], sa_mask[0]=11111111011111110111111111111111, sa_flags=SA_RESTART|SA_SIGINFO
SIGQUIT: [libjvm.dylib+0x485cb9], sa_mask[0]=11111111011111110111111111111111, sa_flags=SA_RESTART|SA_SIGINFO


---------------  S Y S T E M  ---------------

OS:Bsduname:Darwin 16.7.0 Darwin Kernel Version 16.7.0: Thu Jan 11 22:59:40 PST 2018; root:xnu-3789.73.8~1/RELEASE_X86_64 x86_64
rlimit: STACK 8192k, CORE 0k, NPROC 709, NOFILE 10240, AS infinity
load average:3.26 3.30 2.85

CPU:total 4 (2 cores per cpu, 2 threads per core) family 6 model 69 stepping 1, cmov, cx8, fxsr, mmx, sse, sse2, sse3, ssse3, sse4.1, sse4.2, popcnt, avx, avx2, aes, clmul, erms, lzcnt, ht, tsc, tscinvbit, bmi1, bmi2

Memory: 4k page, physical 4194304k(76016k free)

/proc/meminfo:


vm_info: Java HotSpot(TM) 64-Bit Server VM (25.121-b13) for bsd-amd64 JRE (1.8.0_121-b13), built on Dec 12 2016 20:39:32 by "java_re" with gcc 4.2.1 (Based on Apple Inc. build 5658) (LLVM build 2336.11.00)

time: Sat Apr 14 00:54:03 2018
elapsed time: 39 seconds (0d 0h 0m 39s)

