#
# A fatal error has been detected by the Java Runtime Environment:
#
#  SIGSEGV (0xb) at pc=0x00007fffd65f048f, pid=10677, tid=0x0000000000000307
#
# JRE version: Java(TM) SE Runtime Environment (8.0_121-b13) (build 1.8.0_121-b13)
# Java VM: Java HotSpot(TM) 64-Bit Server VM (25.121-b13 mixed mode bsd-amd64 compressed oops)
# Problematic frame:
# C  [libobjc.A.dylib+0x948f]  objc_release+0xf
#
# Failed to write core dump. Core dumps have been disabled. To enable core dumping, try "ulimit -c unlimited" before starting Java again
#
# If you would like to submit a bug report, please visit:
#   http://bugreport.java.com/bugreport/crash.jsp
# The crash happened outside the Java Virtual Machine in native code.
# See problematic frame for where to report the bug.
#

---------------  T H R E A D  ---------------

Current thread (0x00007ff6e4093800):  JavaThread "AWT-AppKit" daemon [_thread_in_native, id=775, stack(0x00007fff58148000,0x00007fff58948000)]

siginfo: si_signo: 11 (SIGSEGV), si_code: 0 (unknown), si_addr: 0x0000000000000000

Registers:
RAX=0x0000000000000008, RBX=0x0000000000000000, RCX=0x0000000000000003, RDX=0x00007ff6e90bf3d8
RSP=0x00007fff58943110, RBP=0x00007fff58943110, RSI=0x000000010ea69fb0, RDI=0x700007ff6e92d518
R8 =0x0000000000000001, R9 =0x0000000000000006, R10=0x000000018c15a840, R11=0x00007ff6e98e2dc0
R12=0x0000000000000000, R13=0x000000018de28b90, R14=0x00007ff6e9031ec0, R15=0x00007ff6e4093800
RIP=0x00007fffd65f048f, EFLAGS=0x0000000000010246, ERR=0x0000000000000000
  TRAPNO=0x000000000000000d

Top of Stack: (sp=0x00007fff58943110)
0x00007fff58943110:   00007fff58943140 000000010e9f201b
0x00007fff58943120:   0000000043e10000 000000018c15a450
0x00007fff58943130:   000000018c15a440 00007ff6e4093800
0x00007fff58943140:   00007fff58943200 000000018c158215
0x00007fff58943150:   000000018c15a700 000000018c15a6e0
0x00007fff58943160:   000000018c15a4b0 0000000000000000
0x00007fff58943170:   000000018de28b90 000000018de28b90
0x00007fff58943180:   00007ff6e90bf3d0 000000018c15a6a0
0x00007fff58943190:   000000018c15a710 00007fffdc6546d0
0x00007fff589431a0:   00007fffdd2841e0 000000018c15a450
0x00007fff589431b0:   000000018c15a690 00007ff6e90bf3d0
0x00007fff589431c0:   00007ff6e9031ec0 00007ff6e9509060
0x00007fff589431d0:   00007ff6e90bf3d0 00007ff6e9031ec0
0x00007fff589431e0:   00007fff58943288 00007ff6e40939f8
0x00007fff589431f0:   000000018de28b90 00007fff589432b0
0x00007fff58943200:   00007fff58943278 00000001105239f4
0x00007fff58943210:   000000018de28b90 00007fff589432b0
0x00007fff58943220:   00007fff58943278 0000000110523787
0x00007fff58943230:   0000000110523742 00007fff58943238
0x00007fff58943240:   000000018de28b90 00007fff589432b0
0x00007fff58943250:   000000018de2a340 0000000000000000
0x00007fff58943260:   000000018de28b90 0000000000000000
0x00007fff58943270:   00007fff58943298 00007fff589432f8
0x00007fff58943280:   00000001105142bd 0000000780f5bdb0
0x00007fff58943290:   000000011051d538 00007ff6e90bf3d0
0x00007fff589432a0:   00007fff589432f8 00007ff6e9031ec0
0x00007fff589432b0:   000000011051ee02 00007fff589432b8
0x00007fff589432c0:   000000018de28d5a 00007fff58943320
0x00007fff589432d0:   000000018de2a340 0000000000000000
0x00007fff589432e0:   000000018de28d68 00007fff58943298
0x00007fff589432f0:   00007fff58943308 00007fff58943368
0x00007fff58943300:   00000001105142bd 00007ff6e90bf3d0 

Instructions: (pc=0x00007fffd65f048f)
0x00007fffd65f046f:   e9 38 54 00 00 90 90 90 90 90 90 90 90 90 90 90
0x00007fffd65f047f:   90 55 48 89 e5 48 85 ff 74 67 40 f6 c7 01 75 61
0x00007fffd65f048f:   48 8b 07 48 b9 f8 ff ff ff ff 7f 00 00 48 21 c1
0x00007fffd65f049f:   f6 41 20 02 74 58 a8 01 74 49 48 b9 00 00 00 00 

Register to memory mapping:

RAX=0x0000000000000008 is an unknown value
RBX=0x0000000000000000 is an unknown value
RCX=0x0000000000000003 is an unknown value
RDX=0x00007ff6e90bf3d8 is an unknown value
RSP=0x00007fff58943110 is pointing into the stack for thread: 0x00007ff6e4093800
RBP=0x00007fff58943110 is pointing into the stack for thread: 0x00007ff6e4093800
RSI=0x000000010ea69fb0: OBJC_IVAR_$_PrinterView.fCurPeekGraphics+0x1ad0 in /Library/Java/JavaVirtualMachines/jdk1.8.0_121.jdk/Contents/Home/jre/lib/libawt_lwawt.dylib at 0x000000010e9ed000
RDI=0x700007ff6e92d518 is an unknown value
R8 =0x0000000000000001 is an unknown value
R9 =0x0000000000000006 is an unknown value
R10=0x000000018c15a840: OBJC_CLASS_$_MyCALayer+0 in /private/var/folders/z5/dkh_k18x6bn8z6w6jj1k7pqm0000gn/T/jogamp_0000/file_cache/jln4857781923687265618/jln574412553898426922/libnativewindow_macosx.jnilib at 0x000000018c153000
R11=0x00007ff6e98e2dc0 is an unknown value
R12=0x0000000000000000 is an unknown value
R13={method} {0x000000018de28b90} 'UnsetJAWTRootSurfaceLayer0' '(JJ)V' in 'jogamp/nativewindow/jawt/macosx/MacOSXJAWTWindow'
R14=0x00007ff6e9031ec0 is an unknown value
R15=0x00007ff6e4093800 is a thread


Stack: [0x00007fff58148000,0x00007fff58948000],  sp=0x00007fff58943110,  free space=8172k
Native frames: (J=compiled Java code, j=interpreted, Vv=VM code, C=native code)
C  [libobjc.A.dylib+0x948f]  objc_release+0xf
C  [libawt_lwawt.dylib+0x501b]  -[AWTSurfaceLayers setLayer:]+0x54
C  [libnativewindow_macosx.jnilib+0x5215]  Java_jogamp_nativewindow_jawt_macosx_MacOSXJAWTWindow_UnsetJAWTRootSurfaceLayer0+0x1a5
j  jogamp.nativewindow.jawt.macosx.MacOSXJAWTWindow.UnsetJAWTRootSurfaceLayer0(JJ)V+0
j  jogamp.nativewindow.jawt.macosx.MacOSXJAWTWindow.access$200(JJ)V+2
j  jogamp.nativewindow.jawt.macosx.MacOSXJAWTWindow$1.run()V+38
J 2610 C1 com.jogamp.common.util.RunnableTask.run()V (345 bytes) @ 0x0000000110d4c9b4 [0x0000000110d4c820+0x194]
v  ~StubRoutines::call_stub
V  [libjvm.dylib+0x2ed9d6]
V  [libjvm.dylib+0x324b65]
V  [libjvm.dylib+0x317333]
C  [libnativewindow_macosx.jnilib+0x5326]  Java_jogamp_nativewindow_jawt_macosx_MacOSXJAWTWindow_UnsetJAWTRootSurfaceLayer0+0x2b6
C  [Foundation+0x7152a]  __NSThreadPerformPerform+0x146
C  [CoreFoundation+0xa7321]  __CFRUNLOOP_IS_CALLING_OUT_TO_A_SOURCE0_PERFORM_FUNCTION__+0x11
C  [CoreFoundation+0x8821d]  __CFRunLoopDoSources0+0x22d
C  [CoreFoundation+0x87716]  __CFRunLoopRun+0x3a6
C  [CoreFoundation+0x87114]  CFRunLoopRunSpecific+0x1a4
C  [HIToolbox+0x30ebc]  RunCurrentEventLoopInMode+0xf0
C  [HIToolbox+0x30bf9]  ReceiveNextEventCommon+0xb8
C  [HIToolbox+0x30b26]  _BlockUntilNextEventMatchingListInModeWithFilter+0x47
C  [AppKit+0x46a54]  _DPSNextEvent+0x460
C  [AppKit+0x7c27ee]  -[NSApplication(NSEvent) _nextEventMatchingEventMask:untilDate:inMode:dequeue:]+0xaec
C  [libosxapp.dylib+0x23aa]  -[NSApplicationAWT nextEventMatchingMask:untilDate:inMode:dequeue:]+0x7c
C  [AppKit+0x3b3db]  -[NSApplication run]+0x39e
C  [libosxapp.dylib+0x214d]  +[NSApplicationAWT runAWTLoopWithApp:]+0x9c
C  [libawt_lwawt.dylib+0x45ff7]  -[AWTStarter starter:]+0x389
C  [Foundation+0x7152a]  __NSThreadPerformPerform+0x146
C  [CoreFoundation+0xa7321]  __CFRUNLOOP_IS_CALLING_OUT_TO_A_SOURCE0_PERFORM_FUNCTION__+0x11
C  [CoreFoundation+0x8821d]  __CFRunLoopDoSources0+0x22d
C  [CoreFoundation+0x87716]  __CFRunLoopRun+0x3a6
C  [CoreFoundation+0x87114]  CFRunLoopRunSpecific+0x1a4
C  [java+0x6465]  CreateExecutionEnvironment+0x367
C  [java+0x218c]  JLI_Launch+0x7a0
C  [java+0x84c2]  main+0x65
C  [java+0x19e4]  start+0x34
C  0x0000000000000007

Java frames: (J=compiled Java code, j=interpreted, Vv=VM code)
j  jogamp.nativewindow.jawt.macosx.MacOSXJAWTWindow.UnsetJAWTRootSurfaceLayer0(JJ)V+0
j  jogamp.nativewindow.jawt.macosx.MacOSXJAWTWindow.access$200(JJ)V+2
j  jogamp.nativewindow.jawt.macosx.MacOSXJAWTWindow$1.run()V+38
J 2610 C1 com.jogamp.common.util.RunnableTask.run()V (345 bytes) @ 0x0000000110d4c9b4 [0x0000000110d4c820+0x194]
v  ~StubRoutines::call_stub

---------------  P R O C E S S  ---------------

Java Threads: ( => current thread )
  0x00007ff6e4b7e800 JavaThread "Thread-19" [_thread_blocked, id=25879, stack(0x0000700006886000,0x0000700006986000)]
  0x00007ff6e547e800 JavaThread "AWT-EventQueue-1" [_thread_in_native, id=68139, stack(0x0000700006700000,0x0000700006800000)]
  0x00007ff6e49ec000 JavaThread "DestroyJavaVM" [_thread_blocked, id=7171, stack(0x000070000513b000,0x000070000523b000)]
  0x00007ff6e5263800 JavaThread "AWT-EventQueue-0" [_thread_blocked, id=65555, stack(0x00007000064fa000,0x00007000065fa000)]
  0x00007ff6e5236800 JavaThread "Java2D Disposer" daemon [_thread_blocked, id=56335, stack(0x0000700006271000,0x0000700006371000)]
  0x00007ff6e5981000 JavaThread "Java2D Queue Flusher" daemon [_thread_blocked, id=47151, stack(0x000070000616e000,0x000070000626e000)]
  0x00007ff6e5155800 JavaThread "AWT-Shutdown" [_thread_blocked, id=29727, stack(0x0000700005fe8000,0x00007000060e8000)]
=>0x00007ff6e4093800 JavaThread "AWT-AppKit" daemon [_thread_in_native, id=775, stack(0x00007fff58148000,0x00007fff58948000)]
  0x00007ff6e508c000 JavaThread "Service Thread" daemon [_thread_blocked, id=18691, stack(0x0000700005d5f000,0x0000700005e5f000)]
  0x00007ff6e5067000 JavaThread "C1 CompilerThread2" daemon [_thread_blocked, id=18179, stack(0x0000700005c5c000,0x0000700005d5c000)]
  0x00007ff6e505e800 JavaThread "C2 CompilerThread1" daemon [_thread_blocked, id=17667, stack(0x0000700005b59000,0x0000700005c59000)]
  0x00007ff6e5065800 JavaThread "C2 CompilerThread0" daemon [_thread_blocked, id=17155, stack(0x0000700005a56000,0x0000700005b56000)]
  0x00007ff6e505d800 JavaThread "Signal Dispatcher" daemon [_thread_blocked, id=16643, stack(0x0000700005953000,0x0000700005a53000)]
  0x00007ff6e402f000 JavaThread "Finalizer" daemon [_thread_blocked, id=12547, stack(0x0000700005850000,0x0000700005950000)]
  0x00007ff6e4028800 JavaThread "Reference Handler" daemon [_thread_blocked, id=12035, stack(0x000070000574d000,0x000070000584d000)]

Other Threads:
  0x00007ff6e5801800 VMThread [stack: 0x000070000564a000,0x000070000574a000] [id=11523]
  0x00007ff6e5814000 WatcherThread [stack: 0x0000700005e62000,0x0000700005f62000] [id=19203]

VM state:not at safepoint (normal execution)

VM Mutex/Monitor currently owned by a thread: None

Heap:
 PSYoungGen      total 136704K, used 38540K [0x00000007aab00000, 0x00000007b3f00000, 0x00000007c0000000)
  eden space 129024K, 29% used [0x00000007aab00000,0x00000007ad0830c0,0x00000007b2900000)
  from space 7680K, 1% used [0x00000007b3780000,0x00000007b37a0000,0x00000007b3f00000)
  to   space 11264K, 0% used [0x00000007b2900000,0x00000007b2900000,0x00000007b3400000)
 ParOldGen       total 42496K, used 16615K [0x0000000780000000, 0x0000000782980000, 0x00000007aab00000)
  object space 42496K, 39% used [0x0000000780000000,0x0000000781039f80,0x0000000782980000)
 Metaspace       used 21850K, capacity 22107K, committed 22272K, reserved 1069056K
  class space    used 2144K, capacity 2236K, committed 2304K, reserved 1048576K

Card table byte_map: [0x0000000108f62000,0x0000000109163000] byte_map_base: 0x0000000105362000

Marking Bits: (ParMarkBitMap*) 0x00000001084f0d30
 Begin Bits: [0x00000001092b9000, 0x000000010a2b9000)
 End Bits:   [0x000000010a2b9000, 0x000000010b2b9000)

Polling page: 0x0000000107378000

CodeCache: size=245760Kb used=9725Kb max_used=10428Kb free=236034Kb
 bounds [0x000000011050c000, 0x0000000110f5c000, 0x000000011f50c000]
 total_blobs=3665 nmethods=2769 adapters=809
 compilation: enabled

Compilation events (10 events):
Event: 69.906 Thread 0x00007ff6e5065800 nmethod 3142 0x00000001107154d0 code [0x0000000110715800, 0x0000000110717410]
Event: 71.259 Thread 0x00007ff6e5067000 3143       1       java.awt.AWTEvent::isConsumed (5 bytes)
Event: 71.259 Thread 0x00007ff6e5067000 nmethod 3143 0x0000000110690b90 code [0x0000000110690ce0, 0x0000000110690df0]
Event: 71.288 Thread 0x00007ff6e5067000 3144       3       java.util.HashMap::putVal (300 bytes)
Event: 71.291 Thread 0x00007ff6e5067000 nmethod 3144 0x0000000110bfbd50 code [0x0000000110bfbfc0, 0x0000000110bfd278]
Event: 71.291 Thread 0x00007ff6e5067000 3145       3       java.util.HashSet::<init> (16 bytes)
Event: 71.292 Thread 0x00007ff6e5067000 nmethod 3145 0x000000011076afd0 code [0x000000011076b160, 0x000000011076b570]
Event: 71.292 Thread 0x00007ff6e5067000 3146       3       sun.java2d.SunGraphics2D::setColor (108 bytes)
Event: 71.292 Thread 0x00007ff6e5067000 nmethod 3146 0x000000011086be90 code [0x000000011086c020, 0x000000011086c558]
Event: 71.308 Thread 0x00007ff6e505e800 3147       4       sun.font.FontDesignMetrics::getLatinCharWidth (29 bytes)

GC Heap History (10 events):
Event: 17.401 GC heap before
{Heap before GC invocations=9 (full 1):
 PSYoungGen      total 43520K, used 32794K [0x00000007aab00000, 0x00000007afe80000, 0x00000007c0000000)
  eden space 32256K, 100% used [0x00000007aab00000,0x00000007aca80000,0x00000007aca80000)
  from space 11264K, 4% used [0x00000007aca80000,0x00000007acb06938,0x00000007ad580000)
  to   space 11776K, 0% used [0x00000007af300000,0x00000007af300000,0x00000007afe80000)
 ParOldGen       total 42496K, used 16034K [0x0000000780000000, 0x0000000782980000, 0x00000007aab00000)
  object space 42496K, 37% used [0x0000000780000000,0x0000000780fa8a80,0x0000000782980000)
 Metaspace       used 21735K, capacity 21979K, committed 22272K, reserved 1069056K
  class space    used 2136K, capacity 2236K, committed 2304K, reserved 1048576K
Event: 17.404 GC heap after
Heap after GC invocations=9 (full 1):
 PSYoungGen      total 71680K, used 456K [0x00000007aab00000, 0x00000007afd80000, 0x00000007c0000000)
  eden space 60928K, 0% used [0x00000007aab00000,0x00000007aab00000,0x00000007ae680000)
  from space 10752K, 4% used [0x00000007af300000,0x00000007af372030,0x00000007afd80000)
  to   space 11776K, 0% used [0x00000007ae680000,0x00000007ae680000,0x00000007af200000)
 ParOldGen       total 42496K, used 16042K [0x0000000780000000, 0x0000000782980000, 0x00000007aab00000)
  object space 42496K, 37% used [0x0000000780000000,0x0000000780faaa80,0x0000000782980000)
 Metaspace       used 21735K, capacity 21979K, committed 22272K, reserved 1069056K
  class space    used 2136K, capacity 2236K, committed 2304K, reserved 1048576K
}
Event: 26.926 GC heap before
{Heap before GC invocations=10 (full 1):
 PSYoungGen      total 71680K, used 61384K [0x00000007aab00000, 0x00000007afd80000, 0x00000007c0000000)
  eden space 60928K, 100% used [0x00000007aab00000,0x00000007ae680000,0x00000007ae680000)
  from space 10752K, 4% used [0x00000007af300000,0x00000007af372030,0x00000007afd80000)
  to   space 11776K, 0% used [0x00000007ae680000,0x00000007ae680000,0x00000007af200000)
 ParOldGen       total 42496K, used 16042K [0x0000000780000000, 0x0000000782980000, 0x00000007aab00000)
  object space 42496K, 37% used [0x0000000780000000,0x0000000780faaa80,0x0000000782980000)
 Metaspace       used 21798K, capacity 22107K, committed 22272K, reserved 1069056K
  class space    used 2136K, capacity 2236K, committed 2304K, reserved 1048576K
Event: 26.928 GC heap after
Heap after GC invocations=10 (full 1):
 PSYoungGen      total 72704K, used 536K [0x00000007aab00000, 0x00000007b1c00000, 0x00000007c0000000)
  eden space 60928K, 0% used [0x00000007aab00000,0x00000007aab00000,0x00000007ae680000)
  from space 11776K, 4% used [0x00000007ae680000,0x00000007ae706020,0x00000007af200000)
  to   space 11776K, 0% used [0x00000007b1080000,0x00000007b1080000,0x00000007b1c00000)
 ParOldGen       total 42496K, used 16050K [0x0000000780000000, 0x0000000782980000, 0x00000007aab00000)
  object space 42496K, 37% used [0x0000000780000000,0x0000000780faca80,0x0000000782980000)
 Metaspace       used 21798K, capacity 22107K, committed 22272K, reserved 1069056K
  class space    used 2136K, capacity 2236K, committed 2304K, reserved 1048576K
}
Event: 36.236 GC heap before
{Heap before GC invocations=11 (full 1):
 PSYoungGen      total 72704K, used 61464K [0x00000007aab00000, 0x00000007b1c00000, 0x00000007c0000000)
  eden space 60928K, 100% used [0x00000007aab00000,0x00000007ae680000,0x00000007ae680000)
  from space 11776K, 4% used [0x00000007ae680000,0x00000007ae706020,0x00000007af200000)
  to   space 11776K, 0% used [0x00000007b1080000,0x00000007b1080000,0x00000007b1c00000)
 ParOldGen       total 42496K, used 16050K [0x0000000780000000, 0x0000000782980000, 0x00000007aab00000)
  object space 42496K, 37% used [0x0000000780000000,0x0000000780faca80,0x0000000782980000)
 Metaspace       used 21809K, capacity 22107K, committed 22272K, reserved 1069056K
  class space    used 2136K, capacity 2236K, committed 2304K, reserved 1048576K
Event: 36.239 GC heap after
Heap after GC invocations=11 (full 1):
 PSYoungGen      total 100864K, used 192K [0x00000007aab00000, 0x00000007b1a80000, 0x00000007c0000000)
  eden space 90624K, 0% used [0x00000007aab00000,0x00000007aab00000,0x00000007b0380000)
  from space 10240K, 1% used [0x00000007b1080000,0x00000007b10b0000,0x00000007b1a80000)
  to   space 11776K, 0% used [0x00000007b0380000,0x00000007b0380000,0x00000007b0f00000)
 ParOldGen       total 42496K, used 16415K [0x0000000780000000, 0x0000000782980000, 0x00000007aab00000)
  object space 42496K, 38% used [0x0000000780000000,0x0000000781007f80,0x0000000782980000)
 Metaspace       used 21809K, capacity 22107K, committed 22272K, reserved 1069056K
  class space    used 2136K, capacity 2236K, committed 2304K, reserved 1048576K
}
Event: 51.171 GC heap before
{Heap before GC invocations=12 (full 1):
 PSYoungGen      total 100864K, used 90816K [0x00000007aab00000, 0x00000007b1a80000, 0x00000007c0000000)
  eden space 90624K, 100% used [0x00000007aab00000,0x00000007b0380000,0x00000007b0380000)
  from space 10240K, 1% used [0x00000007b1080000,0x00000007b10b0000,0x00000007b1a80000)
  to   space 11776K, 0% used [0x00000007b0380000,0x00000007b0380000,0x00000007b0f00000)
 ParOldGen       total 42496K, used 16415K [0x0000000780000000, 0x0000000782980000, 0x00000007aab00000)
  object space 42496K, 38% used [0x0000000780000000,0x0000000781007f80,0x0000000782980000)
 Metaspace       used 21815K, capacity 22107K, committed 22272K, reserved 1069056K
  class space    used 2136K, capacity 2236K, committed 2304K, reserved 1048576K
Event: 51.173 GC heap after
Heap after GC invocations=12 (full 1):
 PSYoungGen      total 102400K, used 128K [0x00000007aab00000, 0x00000007b4300000, 0x00000007c0000000)
  eden space 90624K, 0% used [0x00000007aab00000,0x00000007aab00000,0x00000007b0380000)
  from space 11776K, 1% used [0x00000007b0380000,0x00000007b03a0000,0x00000007b0f00000)
  to   space 11776K, 0% used [0x00000007b3780000,0x00000007b3780000,0x00000007b4300000)
 ParOldGen       total 42496K, used 16575K [0x0000000780000000, 0x0000000782980000, 0x00000007aab00000)
  object space 42496K, 39% used [0x0000000780000000,0x000000078102ff80,0x0000000782980000)
 Metaspace       used 21815K, capacity 22107K, committed 22272K, reserved 1069056K
  class space    used 2136K, capacity 2236K, committed 2304K, reserved 1048576K
}
Event: 65.905 GC heap before
{Heap before GC invocations=13 (full 1):
 PSYoungGen      total 102400K, used 90752K [0x00000007aab00000, 0x00000007b4300000, 0x00000007c0000000)
  eden space 90624K, 100% used [0x00000007aab00000,0x00000007b0380000,0x00000007b0380000)
  from space 11776K, 1% used [0x00000007b0380000,0x00000007b03a0000,0x00000007b0f00000)
  to   space 11776K, 0% used [0x00000007b3780000,0x00000007b3780000,0x00000007b4300000)
 ParOldGen       total 42496K, used 16575K [0x0000000780000000, 0x0000000782980000, 0x00000007aab00000)
  object space 42496K, 39% used [0x0000000780000000,0x000000078102ff80,0x0000000782980000)
 Metaspace       used 21815K, capacity 22107K, committed 22272K, reserved 1069056K
  class space    used 2136K, capacity 2236K, committed 2304K, reserved 1048576K
Event: 65.907 GC heap after
Heap after GC invocations=13 (full 1):
 PSYoungGen      total 136704K, used 128K [0x00000007aab00000, 0x00000007b3f00000, 0x00000007c0000000)
  eden space 129024K, 0% used [0x00000007aab00000,0x00000007aab00000,0x00000007b2900000)
  from space 7680K, 1% used [0x00000007b3780000,0x00000007b37a0000,0x00000007b3f00000)
  to   space 11264K, 0% used [0x00000007b2900000,0x00000007b2900000,0x00000007b3400000)
 ParOldGen       total 42496K, used 16615K [0x0000000780000000, 0x0000000782980000, 0x00000007aab00000)
  object space 42496K, 39% used [0x0000000780000000,0x0000000781039f80,0x0000000782980000)
 Metaspace       used 21815K, capacity 22107K, committed 22272K, reserved 1069056K
  class space    used 2136K, capacity 2236K, committed 2304K, reserved 1048576K
}

Deoptimization events (10 events):
Event: 71.255 Thread 0x00007ff6e5263800 Uncommon trap: reason=unstable_if action=reinterpret pc=0x0000000110ef6a90 method=java.awt.EventQueue.getPriority(Ljava/awt/AWTEvent;)I @ 71
Event: 71.255 Thread 0x00007ff6e5263800 Uncommon trap: reason=unstable_if action=reinterpret pc=0x000000011072e6fc method=sun.lwawt.LWContainerPeer.cutChildren(Lsun/java2d/pipe/Region;Lsun/lwawt/LWComponentPeer;)Lsun/java2d/pipe/Region; @ 67
Event: 71.255 Thread 0x00007ff6e5263800 Uncommon trap: reason=unstable_if action=reinterpret pc=0x000000011075676c method=sun.java2d.SunGraphics2D.validateCompClip()V @ 9
Event: 71.257 Thread 0x00007ff6e547e800 Uncommon trap: reason=unstable_if action=reinterpret pc=0x0000000110716bd0 method=java.awt.EventQueue.getPriority(Ljava/awt/AWTEvent;)I @ 22
Event: 71.257 Thread 0x00007ff6e547e800 Uncommon trap: reason=unstable_if action=reinterpret pc=0x0000000110ba0638 method=java.awt.EventQueue.uncacheEQItem(Lsun/awt/EventQueueItem;)V @ 23
Event: 71.259 Thread 0x00007ff6e5263800 Uncommon trap: reason=unstable_if action=reinterpret pc=0x0000000110f2fb98 method=sun.java2d.pipe.Region.intersectsQuickCheck(Lsun/java2d/pipe/Region;)Z @ 41
Event: 71.259 Thread 0x00007ff6e5263800 Uncommon trap: reason=unstable_if action=reinterpret pc=0x0000000110bc7114 method=java.awt.Font.equals(Ljava/lang/Object;)Z @ 2
Event: 71.287 Thread 0x00007ff6e5246000 Uncommon trap: reason=unstable_if action=reinterpret pc=0x0000000110a2b068 method=java.util.HashMap.putVal(ILjava/lang/Object;Ljava/lang/Object;ZZ)Ljava/lang/Object; @ 81
Event: 71.287 Thread 0x00007ff6e5246000 Uncommon trap: reason=unstable_if action=reinterpret pc=0x000000011099d4bc method=java.util.HashMap.putVal(ILjava/lang/Object;Ljava/lang/Object;ZZ)Ljava/lang/Object; @ 81
Event: 71.306 Thread 0x00007ff6e547e800 Uncommon trap: reason=unstable_if action=reinterpret pc=0x0000000110d1f97c method=java.security.AccessControlContext.optimize()Ljava/security/AccessControlContext; @ 233

Internal exceptions (10 events):
Event: 0.645 Thread 0x00007ff6e5800800 Exception <a 'java/lang/NoSuchFieldError': method resolution failed> (0x00000007aacc89d8) thrown at [/Users/java_re/workspace/8-2-build-macosx-x86_64/jdk8u121/8372/hotspot/src/share/vm/prims/methodHandles.cpp, line 1146]
Event: 0.662 Thread 0x00007ff6e5800800 Exception <a 'java/lang/NoSuchFieldError': method resolution failed> (0x00000007aacd61a8) thrown at [/Users/java_re/workspace/8-2-build-macosx-x86_64/jdk8u121/8372/hotspot/src/share/vm/prims/methodHandles.cpp, line 1146]
Event: 0.970 Thread 0x00007ff6e5800800 Exception <a 'java/io/FileNotFoundException'> (0x00000007aad52d78) thrown at [/Users/java_re/workspace/8-2-build-macosx-x86_64/jdk8u121/8372/hotspot/src/share/vm/prims/jni.cpp, line 709]
Event: 0.970 Thread 0x00007ff6e5800800 Exception <a 'java/io/FileNotFoundException'> (0x00000007aad538c8) thrown at [/Users/java_re/workspace/8-2-build-macosx-x86_64/jdk8u121/8372/hotspot/src/share/vm/prims/jni.cpp, line 709]
Event: 1.355 Thread 0x00007ff6e5800800 Exception <a 'java/io/FileNotFoundException'> (0x00000007aae8c1e8) thrown at [/Users/java_re/workspace/8-2-build-macosx-x86_64/jdk8u121/8372/hotspot/src/share/vm/prims/jni.cpp, line 709]
Event: 4.966 Thread 0x00007ff6e402f000 Exception <a 'java/lang/NullPointerException'> (0x00000007aab865b8) thrown at [/Users/java_re/workspace/8-2-build-macosx-x86_64/jdk8u121/8372/hotspot/src/share/vm/interpreter/linkResolver.cpp, line 1178]
Event: 5.130 Thread 0x00007ff6e423d000 Exception <a 'java/lang/UnsatisfiedLinkError': com.jogamp.common.util.JarUtil.fixNativeLibAttribs(Ljava/lang/String;)Z> (0x00000007aaf7de98) thrown at [/Users/java_re/workspace/8-2-build-macosx-x86_64/jdk8u121/8372/hotspot/src/share/vm/prims/nativeLookup.
Event: 6.737 Thread 0x00007ff6e547e800 Exception <a 'java/io/FileNotFoundException'> (0x00000007ab191250) thrown at [/Users/java_re/workspace/8-2-build-macosx-x86_64/jdk8u121/8372/hotspot/src/share/vm/prims/jni.cpp, line 709]
Event: 6.738 Thread 0x00007ff6e547e800 Exception <a 'java/io/FileNotFoundException'> (0x00000007ab197438) thrown at [/Users/java_re/workspace/8-2-build-macosx-x86_64/jdk8u121/8372/hotspot/src/share/vm/prims/jni.cpp, line 709]
Event: 6.738 Thread 0x00007ff6e547e800 Implicit null exception at 0x00000001106d2ff6 to 0x00000001106d33c5

Events (10 events):
Event: 71.306 loading class java/awt/LightweightDispatcher$2 done
Event: 71.306 loading class java/awt/event/AWTEventListenerProxy
Event: 71.306 loading class java/awt/event/AWTEventListenerProxy done
Event: 71.306 Executing VM operation: Deoptimize
Event: 71.307 Executing VM operation: Deoptimize done
Event: 71.307 loading class java/awt/Toolkit$ToolkitEventMulticaster
Event: 71.307 loading class java/awt/Toolkit$ToolkitEventMulticaster done
Event: 71.307 Executing VM operation: RevokeBias
Event: 71.307 Executing VM operation: RevokeBias done
Event: 71.308 Thread 0x00007ff6e5246000 Thread exited: 0x00007ff6e5246000


Dynamic libraries:
0x000000004c357000 	/System/Library/Frameworks/Cocoa.framework/Versions/A/Cocoa
0x000000004c357000 	/System/Library/Frameworks/Security.framework/Versions/A/Security
0x000000004c357000 	/System/Library/Frameworks/ApplicationServices.framework/Versions/A/ApplicationServices
0x000000004c357000 	/usr/lib/libz.1.dylib
0x000000004c357000 	/usr/lib/libSystem.B.dylib
0x000000004c357000 	/usr/lib/libobjc.A.dylib
0x000000004c357000 	/System/Library/Frameworks/CoreFoundation.framework/Versions/A/CoreFoundation
0x000000004c357000 	/System/Library/Frameworks/Foundation.framework/Versions/C/Foundation
0x000000004c357000 	/System/Library/Frameworks/AppKit.framework/Versions/C/AppKit
0x000000004c357000 	/System/Library/Frameworks/CoreData.framework/Versions/A/CoreData
0x000000004c357000 	/System/Library/PrivateFrameworks/RemoteViewServices.framework/Versions/A/RemoteViewServices
0x000000004c357000 	/System/Library/PrivateFrameworks/UIFoundation.framework/Versions/A/UIFoundation
0x000000004c357000 	/System/Library/PrivateFrameworks/DFRFoundation.framework/Versions/A/DFRFoundation
0x000000004c357000 	/usr/lib/libenergytrace.dylib
0x000000004c357000 	/System/Library/PrivateFrameworks/SkyLight.framework/Versions/A/SkyLight
0x000000004c357000 	/System/Library/Frameworks/CoreGraphics.framework/Versions/A/CoreGraphics
0x000000004c357000 	/usr/lib/libScreenReader.dylib
0x000000004c357000 	/System/Library/Frameworks/Accelerate.framework/Versions/A/Accelerate
0x000000004c357000 	/System/Library/Frameworks/IOSurface.framework/Versions/A/IOSurface
0x000000004c357000 	/System/Library/Frameworks/AudioToolbox.framework/Versions/A/AudioToolbox
0x000000004c357000 	/System/Library/Frameworks/AudioUnit.framework/Versions/A/AudioUnit
0x000000004c357000 	/System/Library/PrivateFrameworks/DataDetectorsCore.framework/Versions/A/DataDetectorsCore
0x000000004c357000 	/System/Library/PrivateFrameworks/DesktopServicesPriv.framework/Versions/A/DesktopServicesPriv
0x000000004c357000 	/System/Library/Frameworks/Carbon.framework/Versions/A/Frameworks/HIToolbox.framework/Versions/A/HIToolbox
0x000000004c357000 	/usr/lib/libicucore.A.dylib
0x000000004c357000 	/System/Library/Frameworks/QuartzCore.framework/Versions/A/QuartzCore
0x000000004c357000 	/System/Library/Frameworks/Carbon.framework/Versions/A/Frameworks/SpeechRecognition.framework/Versions/A/SpeechRecognition
0x000000004c357000 	/usr/lib/libauto.dylib
0x000000004c357000 	/usr/lib/libxml2.2.dylib
0x000000004c357000 	/System/Library/PrivateFrameworks/CoreUI.framework/Versions/A/CoreUI
0x000000004c357000 	/System/Library/Frameworks/CoreAudio.framework/Versions/A/CoreAudio
0x000000004c357000 	/System/Library/Frameworks/DiskArbitration.framework/Versions/A/DiskArbitration
0x000000004c357000 	/usr/lib/liblangid.dylib
0x000000004c357000 	/System/Library/PrivateFrameworks/MultitouchSupport.framework/Versions/A/MultitouchSupport
0x000000004c357000 	/System/Library/Frameworks/IOKit.framework/Versions/A/IOKit
0x000000004c357000 	/usr/lib/libDiagnosticMessagesClient.dylib
0x000000004c357000 	/System/Library/Frameworks/CoreServices.framework/Versions/A/CoreServices
0x000000004c357000 	/System/Library/PrivateFrameworks/PerformanceAnalysis.framework/Versions/A/PerformanceAnalysis
0x000000004c357000 	/System/Library/PrivateFrameworks/GenerationalStorage.framework/Versions/A/GenerationalStorage
0x000000004c357000 	/System/Library/Frameworks/OpenGL.framework/Versions/A/OpenGL
0x000000004c357000 	/System/Library/Frameworks/CoreImage.framework/Versions/A/CoreImage
0x000000004c357000 	/System/Library/Frameworks/CoreText.framework/Versions/A/CoreText
0x000000004c357000 	/System/Library/Frameworks/ImageIO.framework/Versions/A/ImageIO
0x000000004c357000 	/System/Library/PrivateFrameworks/Backup.framework/Versions/A/Backup
0x000000004c357000 	/usr/lib/libarchive.2.dylib
0x000000004c357000 	/System/Library/Frameworks/CFNetwork.framework/Versions/A/CFNetwork
0x000000004c357000 	/System/Library/Frameworks/SystemConfiguration.framework/Versions/A/SystemConfiguration
0x000000004c357000 	/usr/lib/libCRFSuite.dylib
0x000000004c357000 	/usr/lib/libc++.1.dylib
0x000000004c357000 	/usr/lib/libc++abi.dylib
0x000000004c357000 	/usr/lib/system/libcache.dylib
0x000000004c357000 	/usr/lib/system/libcommonCrypto.dylib
0x000000004c357000 	/usr/lib/system/libcompiler_rt.dylib
0x000000004c357000 	/usr/lib/system/libcopyfile.dylib
0x000000004c357000 	/usr/lib/system/libcorecrypto.dylib
0x000000004c357000 	/usr/lib/system/libdispatch.dylib
0x000000004c357000 	/usr/lib/system/libdyld.dylib
0x000000004c357000 	/usr/lib/system/libkeymgr.dylib
0x000000004c357000 	/usr/lib/system/liblaunch.dylib
0x000000004c357000 	/usr/lib/system/libmacho.dylib
0x000000004c357000 	/usr/lib/system/libquarantine.dylib
0x000000004c357000 	/usr/lib/system/libremovefile.dylib
0x000000004c357000 	/usr/lib/system/libsystem_asl.dylib
0x000000004c357000 	/usr/lib/system/libsystem_blocks.dylib
0x000000004c357000 	/usr/lib/system/libsystem_c.dylib
0x000000004c357000 	/usr/lib/system/libsystem_configuration.dylib
0x000000004c357000 	/usr/lib/system/libsystem_coreservices.dylib
0x000000004c357000 	/usr/lib/system/libsystem_coretls.dylib
0x000000004c357000 	/usr/lib/system/libsystem_dnssd.dylib
0x000000004c357000 	/usr/lib/system/libsystem_info.dylib
0x000000004c357000 	/usr/lib/system/libsystem_kernel.dylib
0x000000004c357000 	/usr/lib/system/libsystem_m.dylib
0x000000004c357000 	/usr/lib/system/libsystem_malloc.dylib
0x000000004c357000 	/usr/lib/system/libsystem_network.dylib
0x000000004c357000 	/usr/lib/system/libsystem_networkextension.dylib
0x000000004c357000 	/usr/lib/system/libsystem_notify.dylib
0x000000004c357000 	/usr/lib/system/libsystem_platform.dylib
0x000000004c357000 	/usr/lib/system/libsystem_pthread.dylib
0x000000004c357000 	/usr/lib/system/libsystem_sandbox.dylib
0x000000004c357000 	/usr/lib/system/libsystem_secinit.dylib
0x000000004c357000 	/usr/lib/system/libsystem_symptoms.dylib
0x000000004c357000 	/usr/lib/system/libsystem_trace.dylib
0x000000004c357000 	/usr/lib/system/libunwind.dylib
0x000000004c357000 	/usr/lib/system/libxpc.dylib
0x000000004c357000 	/usr/lib/libbsm.0.dylib
0x000000004c357000 	/usr/lib/system/libkxld.dylib
0x000000004c357000 	/usr/lib/libcoretls.dylib
0x000000004c357000 	/usr/lib/libcoretls_cfhelpers.dylib
0x000000004c357000 	/usr/lib/libOpenScriptingUtil.dylib
0x000000004c357000 	/usr/lib/libpam.2.dylib
0x000000004c357000 	/usr/lib/libsqlite3.dylib
0x000000004c357000 	/usr/lib/libxar.1.dylib
0x000000004c357000 	/usr/lib/libbz2.1.0.dylib
0x000000004c357000 	/usr/lib/liblzma.5.dylib
0x000000004c357000 	/usr/lib/libnetwork.dylib
0x000000004c357000 	/usr/lib/libpcap.A.dylib
0x000000004c357000 	/System/Library/Frameworks/CoreServices.framework/Versions/A/Frameworks/FSEvents.framework/Versions/A/FSEvents
0x000000004c357000 	/System/Library/Frameworks/CoreServices.framework/Versions/A/Frameworks/CarbonCore.framework/Versions/A/CarbonCore
0x000000004c357000 	/System/Library/Frameworks/CoreServices.framework/Versions/A/Frameworks/Metadata.framework/Versions/A/Metadata
0x000000004c357000 	/System/Library/Frameworks/CoreServices.framework/Versions/A/Frameworks/OSServices.framework/Versions/A/OSServices
0x000000004c357000 	/System/Library/Frameworks/CoreServices.framework/Versions/A/Frameworks/SearchKit.framework/Versions/A/SearchKit
0x000000004c357000 	/System/Library/Frameworks/CoreServices.framework/Versions/A/Frameworks/AE.framework/Versions/A/AE
0x000000004c357000 	/System/Library/Frameworks/CoreServices.framework/Versions/A/Frameworks/LaunchServices.framework/Versions/A/LaunchServices
0x000000004c357000 	/System/Library/Frameworks/CoreServices.framework/Versions/A/Frameworks/DictionaryServices.framework/Versions/A/DictionaryServices
0x000000004c357000 	/System/Library/Frameworks/CoreServices.framework/Versions/A/Frameworks/SharedFileList.framework/Versions/A/SharedFileList
0x000000004c357000 	/System/Library/Frameworks/NetFS.framework/Versions/A/NetFS
0x000000004c357000 	/System/Library/PrivateFrameworks/NetAuth.framework/Versions/A/NetAuth
0x000000004c357000 	/System/Library/PrivateFrameworks/login.framework/Versions/A/Frameworks/loginsupport.framework/Versions/A/loginsupport
0x000000004c357000 	/System/Library/PrivateFrameworks/TCC.framework/Versions/A/TCC
0x000000004c357000 	/usr/lib/libmecabra.dylib
0x000000004c357000 	/System/Library/Frameworks/ApplicationServices.framework/Versions/A/Frameworks/ATS.framework/Versions/A/ATS
0x000000004c357000 	/System/Library/Frameworks/ApplicationServices.framework/Versions/A/Frameworks/ColorSync.framework/Versions/A/ColorSync
0x000000004c357000 	/System/Library/Frameworks/ApplicationServices.framework/Versions/A/Frameworks/HIServices.framework/Versions/A/HIServices
0x000000004c357000 	/System/Library/Frameworks/ApplicationServices.framework/Versions/A/Frameworks/LangAnalysis.framework/Versions/A/LangAnalysis
0x000000004c357000 	/System/Library/Frameworks/ApplicationServices.framework/Versions/A/Frameworks/PrintCore.framework/Versions/A/PrintCore
0x000000004c357000 	/System/Library/Frameworks/ApplicationServices.framework/Versions/A/Frameworks/QD.framework/Versions/A/QD
0x000000004c357000 	/System/Library/Frameworks/ApplicationServices.framework/Versions/A/Frameworks/SpeechSynthesis.framework/Versions/A/SpeechSynthesis
0x000000004c357000 	/System/Library/Frameworks/Accelerate.framework/Versions/A/Frameworks/vImage.framework/Versions/A/vImage
0x000000004c357000 	/System/Library/Frameworks/Accelerate.framework/Versions/A/Frameworks/vecLib.framework/Versions/A/vecLib
0x000000004c357000 	/System/Library/Frameworks/Accelerate.framework/Versions/A/Frameworks/vecLib.framework/Versions/A/libvDSP.dylib
0x000000004c357000 	/System/Library/Frameworks/Accelerate.framework/Versions/A/Frameworks/vecLib.framework/Versions/A/libBNNS.dylib
0x000000004c357000 	/System/Library/Frameworks/Accelerate.framework/Versions/A/Frameworks/vecLib.framework/Versions/A/libQuadrature.dylib
0x000000004c357000 	/System/Library/Frameworks/Accelerate.framework/Versions/A/Frameworks/vecLib.framework/Versions/A/libvMisc.dylib
0x000000004c357000 	/System/Library/Frameworks/Accelerate.framework/Versions/A/Frameworks/vecLib.framework/Versions/A/libLAPACK.dylib
0x000000004c357000 	/System/Library/Frameworks/Accelerate.framework/Versions/A/Frameworks/vecLib.framework/Versions/A/libBLAS.dylib
0x000000004c357000 	/System/Library/Frameworks/Accelerate.framework/Versions/A/Frameworks/vecLib.framework/Versions/A/libLinearAlgebra.dylib
0x000000004c357000 	/System/Library/Frameworks/Accelerate.framework/Versions/A/Frameworks/vecLib.framework/Versions/A/libSparseBLAS.dylib
0x000000004c357000 	/System/Library/Frameworks/ApplicationServices.framework/Versions/A/Frameworks/ATS.framework/Versions/A/Resources/libFontParser.dylib
0x000000004c357000 	/System/Library/Frameworks/ApplicationServices.framework/Versions/A/Frameworks/ATS.framework/Versions/A/Resources/libFontRegistry.dylib
0x000000004c357000 	/System/Library/Frameworks/ImageIO.framework/Versions/A/Resources/libJPEG.dylib
0x000000004c357000 	/System/Library/Frameworks/ImageIO.framework/Versions/A/Resources/libTIFF.dylib
0x000000004c357000 	/System/Library/Frameworks/ImageIO.framework/Versions/A/Resources/libPng.dylib
0x000000004c357000 	/System/Library/Frameworks/ImageIO.framework/Versions/A/Resources/libGIF.dylib
0x000000004c357000 	/System/Library/Frameworks/ImageIO.framework/Versions/A/Resources/libJP2.dylib
0x000000004c357000 	/System/Library/Frameworks/ImageIO.framework/Versions/A/Resources/libRadiance.dylib
0x000000004c357000 	/usr/lib/libcompression.dylib
0x000000004c357000 	/System/Library/PrivateFrameworks/AppleJPEG.framework/Versions/A/AppleJPEG
0x000000004c357000 	/usr/lib/libcups.2.dylib
0x000000004c357000 	/System/Library/Frameworks/Kerberos.framework/Versions/A/Kerberos
0x000000004c357000 	/System/Library/Frameworks/GSS.framework/Versions/A/GSS
0x000000004c357000 	/usr/lib/libresolv.9.dylib
0x000000004c357000 	/usr/lib/libiconv.2.dylib
0x000000004c357000 	/System/Library/PrivateFrameworks/Heimdal.framework/Versions/A/Heimdal
0x000000004c357000 	/usr/lib/libheimdal-asn1.dylib
0x000000004c357000 	/System/Library/Frameworks/OpenDirectory.framework/Versions/A/OpenDirectory
0x000000004c357000 	/System/Library/PrivateFrameworks/CommonAuth.framework/Versions/A/CommonAuth
0x000000004c357000 	/System/Library/Frameworks/OpenDirectory.framework/Versions/A/Frameworks/CFOpenDirectory.framework/Versions/A/CFOpenDirectory
0x000000004c357000 	/System/Library/Frameworks/SecurityFoundation.framework/Versions/A/SecurityFoundation
0x000000004c357000 	/System/Library/PrivateFrameworks/LanguageModeling.framework/Versions/A/LanguageModeling
0x000000004c357000 	/usr/lib/libmarisa.dylib
0x000000004c357000 	/usr/lib/libChineseTokenizer.dylib
0x000000004c357000 	/usr/lib/libcmph.dylib
0x000000004c357000 	/System/Library/PrivateFrameworks/CoreEmoji.framework/Versions/A/CoreEmoji
0x000000004c357000 	/System/Library/Frameworks/ServiceManagement.framework/Versions/A/ServiceManagement
0x000000004c357000 	/usr/lib/libxslt.1.dylib
0x000000004c357000 	/System/Library/Frameworks/Carbon.framework/Versions/A/Frameworks/Ink.framework/Versions/A/Ink
0x000000004c357000 	/System/Library/PrivateFrameworks/TextureIO.framework/Versions/A/TextureIO
0x000000004c357000 	/System/Library/Frameworks/Metal.framework/Versions/A/Metal
0x000000004c357000 	/usr/lib/libate.dylib
0x000000004c357000 	/System/Library/PrivateFrameworks/GPUCompiler.framework/libmetal_timestamp.dylib
0x000000004c357000 	/System/Library/Frameworks/OpenGL.framework/Versions/A/Libraries/libCoreFSCache.dylib
0x000000004c357000 	/System/Library/PrivateFrameworks/IOAccelerator.framework/Versions/A/IOAccelerator
0x000000004c357000 	/System/Library/Frameworks/CoreVideo.framework/Versions/A/CoreVideo
0x000000004c357000 	/usr/lib/libFosl_dynamic.dylib
0x000000004c357000 	/System/Library/PrivateFrameworks/MetalPerformanceShaders.framework/Versions/A/MetalPerformanceShaders
0x000000004c357000 	/System/Library/PrivateFrameworks/FaceCore.framework/Versions/A/FaceCore
0x000000004c357000 	/System/Library/Frameworks/OpenCL.framework/Versions/A/OpenCL
0x000000004c357000 	/System/Library/Frameworks/OpenGL.framework/Versions/A/Libraries/libGLU.dylib
0x000000004c357000 	/System/Library/Frameworks/OpenGL.framework/Versions/A/Libraries/libGFXShared.dylib
0x000000004c357000 	/System/Library/Frameworks/OpenGL.framework/Versions/A/Libraries/libGL.dylib
0x000000004c357000 	/System/Library/Frameworks/OpenGL.framework/Versions/A/Libraries/libGLImage.dylib
0x000000004c357000 	/System/Library/Frameworks/OpenGL.framework/Versions/A/Libraries/libCVMSPluginSupport.dylib
0x000000004c357000 	/System/Library/Frameworks/OpenGL.framework/Versions/A/Libraries/libCoreVMClient.dylib
0x000000004c357000 	/System/Library/PrivateFrameworks/CrashReporterSupport.framework/Versions/A/CrashReporterSupport
0x000000004c357000 	/System/Library/PrivateFrameworks/Sharing.framework/Versions/A/Sharing
0x000000004c357000 	/System/Library/PrivateFrameworks/IconServices.framework/Versions/A/IconServices
0x000000004c357000 	/System/Library/PrivateFrameworks/ProtocolBuffer.framework/Versions/A/ProtocolBuffer
0x000000004c357000 	/System/Library/PrivateFrameworks/Apple80211.framework/Versions/A/Apple80211
0x000000004c357000 	/System/Library/Frameworks/CoreWLAN.framework/Versions/A/CoreWLAN
0x000000004c357000 	/System/Library/PrivateFrameworks/CoreUtils.framework/Versions/A/CoreUtils
0x000000004c357000 	/System/Library/Frameworks/IOBluetooth.framework/Versions/A/IOBluetooth
0x000000004c357000 	/System/Library/PrivateFrameworks/CoreWiFi.framework/Versions/A/CoreWiFi
0x000000004c357000 	/System/Library/Frameworks/CoreBluetooth.framework/Versions/A/CoreBluetooth
0x000000004c357000 	/System/Library/Frameworks/CoreDisplay.framework/Versions/A/CoreDisplay
0x000000004c357000 	/System/Library/PrivateFrameworks/IOPresentment.framework/Versions/A/IOPresentment
0x000000004c357000 	/System/Library/PrivateFrameworks/DSExternalDisplay.framework/Versions/A/DSExternalDisplay
0x000000004c357000 	/System/Library/PrivateFrameworks/DebugSymbols.framework/Versions/A/DebugSymbols
0x000000004c357000 	/System/Library/PrivateFrameworks/CoreSymbolication.framework/Versions/A/CoreSymbolication
0x000000004c357000 	/System/Library/PrivateFrameworks/Symbolication.framework/Versions/A/Symbolication
0x000000004c357000 	/System/Library/PrivateFrameworks/AppleFSCompression.framework/Versions/A/AppleFSCompression
0x000000004c357000 	/System/Library/PrivateFrameworks/SpeechRecognitionCore.framework/Versions/A/SpeechRecognitionCore
0x000000004c357000 	/System/Library/PrivateFrameworks/ChunkingLibrary.framework/Versions/A/ChunkingLibrary
0x0000000107c00000 	/Library/Java/JavaVirtualMachines/jdk1.8.0_121.jdk/Contents/Home/jre/lib/server/libjvm.dylib
0x000000004c357000 	/usr/lib/libstdc++.6.dylib
0x0000000107335000 	/Library/Java/JavaVirtualMachines/jdk1.8.0_121.jdk/Contents/Home/jre/lib/libverify.dylib
0x0000000107343000 	/Library/Java/JavaVirtualMachines/jdk1.8.0_121.jdk/Contents/Home/jre/lib/libjava.dylib
0x0000000107382000 	/Library/Java/JavaVirtualMachines/jdk1.8.0_121.jdk/Contents/Home/jre/lib/libzip.dylib
0x000000010cf40000 	/System/Library/Frameworks/JavaVM.framework/Frameworks/JavaRuntimeSupport.framework/JavaRuntimeSupport
0x00000001073e8000 	/System/Library/Frameworks/JavaVM.framework/Versions/A/Frameworks/JavaNativeFoundation.framework/Versions/A/JavaNativeFoundation
0x000000010cf5a000 	/System/Library/Frameworks/JavaVM.framework/Versions/A/JavaVM
0x000000004c357000 	/System/Library/Frameworks/Carbon.framework/Versions/A/Carbon
0x000000010cf67000 	/System/Library/PrivateFrameworks/JavaLaunching.framework/Versions/A/JavaLaunching
0x000000004c357000 	/System/Library/Frameworks/Carbon.framework/Versions/A/Frameworks/CommonPanels.framework/Versions/A/CommonPanels
0x000000004c357000 	/System/Library/Frameworks/Carbon.framework/Versions/A/Frameworks/Help.framework/Versions/A/Help
0x000000004c357000 	/System/Library/Frameworks/Carbon.framework/Versions/A/Frameworks/ImageCapture.framework/Versions/A/ImageCapture
0x000000004c357000 	/System/Library/Frameworks/Carbon.framework/Versions/A/Frameworks/OpenScripting.framework/Versions/A/OpenScripting
0x000000004c357000 	/System/Library/Frameworks/Carbon.framework/Versions/A/Frameworks/Print.framework/Versions/A/Print
0x000000004c357000 	/System/Library/Frameworks/Carbon.framework/Versions/A/Frameworks/SecurityHI.framework/Versions/A/SecurityHI
0x000000010e879000 	/Library/Java/JavaVirtualMachines/jdk1.8.0_121.jdk/Contents/Home/jre/lib/libawt.dylib
0x000000010e921000 	/Library/Java/JavaVirtualMachines/jdk1.8.0_121.jdk/Contents/Home/jre/lib/./libmlib_image.dylib
0x000000010e9ed000 	/Library/Java/JavaVirtualMachines/jdk1.8.0_121.jdk/Contents/Home/jre/lib/libawt_lwawt.dylib
0x000000010eaa4000 	/Library/Java/JavaVirtualMachines/jdk1.8.0_121.jdk/Contents/Home/jre/lib/./libosxapp.dylib
0x000000004c357000 	/System/Library/Frameworks/ExceptionHandling.framework/Versions/A/ExceptionHandling
0x000000004c357000 	/System/Library/PrivateFrameworks/CoreServicesInternal.framework/Versions/A/CoreServicesInternal
0x000000004c357000 	/System/Library/CoreServices/RawCamera.bundle/Contents/MacOS/RawCamera
0x000000004c357000 	/System/Library/Frameworks/Accelerate.framework/Versions/A/Frameworks/vImage.framework/Versions/A/Libraries/libCGInterfaces.dylib
0x000000004c357000 	/System/Library/Frameworks/ApplicationServices.framework/Versions/A/Frameworks/ATS.framework/Versions/A/Resources/libTrueTypeScaler.dylib
0x000000011f924000 	/System/Library/Frameworks/OpenGL.framework/Resources/GLEngine.bundle/GLEngine
0x000000004c357000 	/System/Library/Frameworks/OpenGL.framework/Versions/A/Libraries/libGLProgrammability.dylib
0x000000011fb09000 	/System/Library/Extensions/AppleIntelHD5000GraphicsGLDriver.bundle/Contents/MacOS/AppleIntelHD5000GraphicsGLDriver
0x000000004c357000 	/System/Library/PrivateFrameworks/GPUSupport.framework/Versions/A/Libraries/libGPUSupportMercury.dylib
0x000000010f7ea000 	/System/Library/Frameworks/OpenGL.framework/Resources//GLRendererFloat.bundle/GLRendererFloat
0x000000004c357000 	/System/Library/Frameworks/OpenCL.framework/Versions/A/Libraries/libcldcpuengine.dylib
0x000000004c357000 	/usr/lib/libcrypto.0.9.8.dylib
0x000000004c357000 	/System/Library/PrivateFrameworks/TrustEvaluationAgent.framework/Versions/A/TrustEvaluationAgent
0x00000001102aa000 	/System/Library/Extensions/AppleIntelHD5000GraphicsMTLDriver.bundle/Contents/MacOS/AppleIntelHD5000GraphicsMTLDriver
0x000000004c357000 	/System/Library/PrivateFrameworks/FamilyControls.framework/Versions/A/FamilyControls
0x000000004c357000 	/System/Library/PrivateFrameworks/CommerceKit.framework/Versions/A/Frameworks/CommerceCore.framework/Versions/A/CommerceCore
0x000000004c357000 	/System/Library/PrivateFrameworks/SystemAdministration.framework/Versions/A/SystemAdministration
0x000000004c357000 	/System/Library/PrivateFrameworks/AppContainer.framework/Versions/A/AppContainer
0x000000004c357000 	/System/Library/PrivateFrameworks/SecCodeWrapper.framework/Versions/A/SecCodeWrapper
0x000000004c357000 	/System/Library/Frameworks/DirectoryService.framework/Versions/A/DirectoryService
0x000000004c357000 	/System/Library/PrivateFrameworks/DiskImages.framework/Versions/A/DiskImages
0x000000004c357000 	/System/Library/PrivateFrameworks/LoginUIKit.framework/Versions/A/Frameworks/LoginUICore.framework/Versions/A/LoginUICore
0x000000004c357000 	/usr/lib/libCoreStorage.dylib
0x000000004c357000 	/usr/lib/libcsfde.dylib
0x000000004c357000 	/usr/lib/libodfde.dylib
0x000000004c357000 	/System/Library/Frameworks/DiscRecording.framework/Versions/A/DiscRecording
0x000000004c357000 	/usr/lib/libcurl.4.dylib
0x000000004c357000 	/System/Library/PrivateFrameworks/MediaKit.framework/Versions/A/MediaKit
0x000000004c357000 	/System/Library/PrivateFrameworks/ProtectedCloudStorage.framework/Versions/A/ProtectedCloudStorage
0x000000004c357000 	/System/Library/PrivateFrameworks/EFILogin.framework/Versions/A/EFILogin
0x000000004c357000 	/usr/lib/libutil.dylib
0x000000004c357000 	/System/Library/Frameworks/LDAP.framework/Versions/A/LDAP
0x000000004c357000 	/usr/lib/libsasl2.2.dylib
0x000000004c357000 	/System/Library/PrivateFrameworks/CoreDaemon.framework/Versions/B/CoreDaemon
0x000000004c357000 	/System/Library/PrivateFrameworks/AppleSRP.framework/Versions/A/AppleSRP
0x000000004c357000 	/System/Library/PrivateFrameworks/APFS.framework/Versions/A/APFS
0x0000000121bd8000 	/Library/Java/JavaVirtualMachines/jdk1.8.0_121.jdk/Contents/Home/jre/lib/libfontmanager.dylib
0x000000004c357000 	/System/Library/PrivateFrameworks/ViewBridge.framework/Versions/A/ViewBridge
0x000000004c357000 	/System/Library/PrivateFrameworks/XPCService.framework/Versions/A/XPCService
0x000000004c357000 	/System/Library/PrivateFrameworks/AppSandbox.framework/Versions/A/AppSandbox
0x000000004c357000 	/usr/lib/libsandbox.1.dylib
0x000000004c357000 	/usr/lib/libMatch.1.dylib
0x0000000122fd3000 	/Library/Java/JavaVirtualMachines/jdk1.8.0_121.jdk/Contents/Home/jre/lib/libosxui.dylib
0x0000000123b90000 	/Library/Java/JavaVirtualMachines/jdk1.8.0_121.jdk/Contents/Home/jre/lib/libnet.dylib
0x0000000123ba7000 	/Library/Java/JavaVirtualMachines/jdk1.8.0_121.jdk/Contents/Home/jre/lib/libnio.dylib
0x0000000122ce3000 	/private/var/folders/z5/dkh_k18x6bn8z6w6jj1k7pqm0000gn/T/jogamp_0000/file_cache/jln4857781923687265618/jln574412553898426922/libgluegen-rt.jnilib
0x0000000123b3f000 	/private/var/folders/z5/dkh_k18x6bn8z6w6jj1k7pqm0000gn/T/jogamp_0000/file_cache/jln4857781923687265618/jln574412553898426922/libnativewindow_awt.jnilib
0x000000018c150000 	/Library/Java/JavaVirtualMachines/jdk1.8.0_121.jdk/Contents/Home/jre/lib/libjawt.dylib
0x000000018c153000 	/private/var/folders/z5/dkh_k18x6bn8z6w6jj1k7pqm0000gn/T/jogamp_0000/file_cache/jln4857781923687265618/jln574412553898426922/libnativewindow_macosx.jnilib
0x000000018df3b000 	/private/var/folders/z5/dkh_k18x6bn8z6w6jj1k7pqm0000gn/T/jogamp_0000/file_cache/jln4857781923687265618/jln574412553898426922/libjogl_desktop.jnilib
0x000000011f8bb000 	/Library/Java/JavaVirtualMachines/jdk1.8.0_121.jdk/Contents/Home/jre/lib/libt2k.dylib

VM Arguments:
jvm_args: -Djava.security.policy=java.policy.applet -Dfile.encoding=MacRoman 
java_command: sun.applet.AppletViewer module6.EarthquakeCityMap1523914100364.html
java_class_path (initial): /Users/Mac/Documents/workspace/UCSDUnfoldingMaps/build:/Users/Mac/Documents/workspace/UCSDUnfoldingMaps/lib/core.jar:/Users/Mac/Documents/workspace/UCSDUnfoldingMaps/lib/gluegen-rt.jar:/Users/Mac/Documents/workspace/UCSDUnfoldingMaps/lib/jogl-all.jar:/Users/Mac/Documents/workspace/UCSDUnfoldingMaps/lib/log4j-1.2.15.jar:/Users/Mac/Documents/workspace/UCSDUnfoldingMaps/lib/sqlite-jdbc-3.7.2.jar:/Users/Mac/Documents/workspace/UCSDUnfoldingMaps/lib/json4processing.jar:/Users/Mac/Documents/workspace/UCSDUnfoldingMaps/lib/libTUIO.jar:/Users/Mac/Documents/workspace/UCSDUnfoldingMaps/lib/unfolding.0.9.7-uscd.jar
Launcher Type: SUN_STANDARD

Environment Variables:
PATH=/Library/Frameworks/Python.framework/Versions/3.6/bin:/usr/local/bin:/usr/bin:/bin:/usr/sbin:/sbin:/opt/X11/bin:/Library/Frameworks/Mono.framework/Versions/Current/Commands:/Library/TeX/texbin
SHELL=/bin/bash
DISPLAY=/private/tmp/com.apple.launchd.BfoSnAz3r8/org.macosforge.xquartz:0

Signal Handlers:
SIGSEGV: [libjvm.dylib+0x5b1141], sa_mask[0]=11111111011111110111111111111111, sa_flags=SA_ONSTACK|SA_RESTART|SA_SIGINFO
SIGBUS: [libjvm.dylib+0x5b1141], sa_mask[0]=11111111011111110111111111111111, sa_flags=SA_RESTART|SA_SIGINFO
SIGFPE: [libjvm.dylib+0x487bc4], sa_mask[0]=11111111011111110111111111111111, sa_flags=SA_RESTART|SA_SIGINFO
SIGPIPE: [libjvm.dylib+0x487bc4], sa_mask[0]=11111111011111110111111111111111, sa_flags=SA_RESTART|SA_SIGINFO
SIGXFSZ: [libjvm.dylib+0x487bc4], sa_mask[0]=11111111011111110111111111111111, sa_flags=SA_RESTART|SA_SIGINFO
SIGILL: [libjvm.dylib+0x487bc4], sa_mask[0]=11111111011111110111111111111111, sa_flags=SA_RESTART|SA_SIGINFO
SIGUSR1: SIG_DFL, sa_mask[0]=11011111011111100000000111000110, sa_flags=none
SIGUSR2: [libjvm.dylib+0x4876e2], sa_mask[0]=00100000000000000000000000000000, sa_flags=SA_RESTART|SA_SIGINFO
SIGHUP: [libjvm.dylib+0x485cb9], sa_mask[0]=11111111011111110111111111111111, sa_flags=SA_RESTART|SA_SIGINFO
SIGINT: [libjvm.dylib+0x485cb9], sa_mask[0]=11111111011111110111111111111111, sa_flags=SA_RESTART|SA_SIGINFO
SIGTERM: [libjvm.dylib+0x485cb9], sa_mask[0]=11111111011111110111111111111111, sa_flags=SA_RESTART|SA_SIGINFO
SIGQUIT: [libjvm.dylib+0x485cb9], sa_mask[0]=11111111011111110111111111111111, sa_flags=SA_RESTART|SA_SIGINFO


---------------  S Y S T E M  ---------------

OS:Bsduname:Darwin 16.7.0 Darwin Kernel Version 16.7.0: Thu Jan 11 22:59:40 PST 2018; root:xnu-3789.73.8~1/RELEASE_X86_64 x86_64
rlimit: STACK 8192k, CORE 0k, NPROC 709, NOFILE 10240, AS infinity
load average:2.20 2.26 2.81

CPU:total 4 (2 cores per cpu, 2 threads per core) family 6 model 69 stepping 1, cmov, cx8, fxsr, mmx, sse, sse2, sse3, ssse3, sse4.1, sse4.2, popcnt, avx, avx2, aes, clmul, erms, lzcnt, ht, tsc, tscinvbit, bmi1, bmi2

Memory: 4k page, physical 4194304k(74584k free)

/proc/meminfo:


vm_info: Java HotSpot(TM) 64-Bit Server VM (25.121-b13) for bsd-amd64 JRE (1.8.0_121-b13), built on Dec 12 2016 20:39:32 by "java_re" with gcc 4.2.1 (Based on Apple Inc. build 5658) (LLVM build 2336.11.00)

time: Mon Apr 16 14:29:31 2018
elapsed time: 71 seconds (0d 0h 1m 11s)

