#
# A fatal error has been detected by the Java Runtime Environment:
#
#  SIGSEGV (0xb) at pc=0x00007fffd65ee05d, pid=12619, tid=0x0000000000000307
#
# JRE version: Java(TM) SE Runtime Environment (8.0_121-b13) (build 1.8.0_121-b13)
# Java VM: Java HotSpot(TM) 64-Bit Server VM (25.121-b13 mixed mode bsd-amd64 compressed oops)
# Problematic frame:
# C  [libobjc.A.dylib+0x705d]  objc_msgSend+0x1d
#
# Failed to write core dump. Core dumps have been disabled. To enable core dumping, try "ulimit -c unlimited" before starting Java again
#
# If you would like to submit a bug report, please visit:
#   http://bugreport.java.com/bugreport/crash.jsp
# The crash happened outside the Java Virtual Machine in native code.
# See problematic frame for where to report the bug.
#

---------------  T H R E A D  ---------------

Current thread (0x00007fdcad074000):  JavaThread "AWT-AppKit" daemon [_thread_in_native, id=775, stack(0x00007fff54aee000,0x00007fff552ee000)]

siginfo: si_signo: 11 (SIGSEGV), si_code: 1 (SEGV_MAPERR), si_addr: 0x0000000000000018

Registers:
RAX=0x00007fdcac4c6fc0, RBX=0x000000018f82a450, RCX=0x00007fdcaea008e0, RDX=0x0000000000000000
RSP=0x00007fff552e9148, RBP=0x00007fff552e9200, RSI=0x00007fffbfe75116, RDI=0x00007fdcac763c90
R8 =0x0000000000000018, R9 =0x00007fdcaea00f00, R10=0x0000000000000000, R11=0x00007fffbfe75116
R12=0x0000000000000000, R13=0x00000001915490f8, R14=0x000000018f82a440, R15=0x00007fdcad074000
RIP=0x00007fffd65ee05d, EFLAGS=0x0000000000010246, ERR=0x0000000000000004
  TRAPNO=0x000000000000000e

Top of Stack: (sp=0x00007fff552e9148)
0x00007fff552e9148:   000000018f828157 00007fff552e91a0
0x00007fff552e9158:   0000000000000003 00007fff552e9180
0x00007fff552e9168:   000000010b3f2c62 00000001915490f8
0x00007fff552e9178:   00000001915490f8 00007fdcac4c6fc0
0x00007fff552e9188:   000000018f82a6a0 000000018f82a710
0x00007fff552e9198:   00007fffdc6546d0 00007fffdd2841e0
0x00007fff552e91a8:   000000018f82a450 000000018f82a690
0x00007fff552e91b8:   00007fdcac4c6fc0 00007fdcac763c90
0x00007fff552e91c8:   00007fdcac520500 00007fdcac4c6fc0
0x00007fff552e91d8:   00007fdcac763c90 00007fff552e9288
0x00007fff552e91e8:   00007fdcad0741f8 00000001915490f8
0x00007fff552e91f8:   00007fff552e92b0 00007fff552e9278
0x00007fff552e9208:   000000011903d9f4 00000001915490f8
0x00007fff552e9218:   00007fff552e92b0 00007fff552e9278
0x00007fff552e9228:   000000011903d787 000000011903d742
0x00007fff552e9238:   00007fff552e9238 00000001915490f8
0x00007fff552e9248:   00007fff552e92b0 000000019154bd30
0x00007fff552e9258:   0000000000000000 00000001915490f8
0x00007fff552e9268:   0000000000000000 00007fff552e9298
0x00007fff552e9278:   00007fff552e92f8 000000011902e2bd
0x00007fff552e9288:   00000007805eab40 0000000119037538
0x00007fff552e9298:   00007fdcac4c6fc0 00007fff552e92f8
0x00007fff552e92a8:   00007fdcac763c90 0000000119038e02
0x00007fff552e92b8:   00007fff552e92b8 00000001915492c2
0x00007fff552e92c8:   00007fff552e9320 000000019154bd30
0x00007fff552e92d8:   0000000000000000 00000001915492d0
0x00007fff552e92e8:   00007fff552e9298 00007fff552e9308
0x00007fff552e92f8:   00007fff552e9368 000000011902e2bd
0x00007fff552e9308:   00007fdcac4c6fc0 0000000780dc9708
0x00007fff552e9318:   00007fdcac763c90 0000000780dc9708
0x00007fff552e9328:   00007fff552e9328 0000000196a7c876
0x00007fff552e9338:   00007fff552e9378 0000000196a7c930 

Instructions: (pc=0x00007fffd65ee05d)
0x00007fffd65ee03d:   0f 1f 00 48 85 ff 2e 74 62 40 f6 c7 01 2e 75 66
0x00007fffd65ee04d:   49 ba f8 ff ff ff ff 7f 00 00 4c 23 17 49 89 f3
0x00007fffd65ee05d:   45 23 5a 18 49 c1 e3 04 4d 03 5a 10 49 3b 33 75
0x00007fffd65ee06d:   04 41 ff 63 08 49 83 3b 01 76 0d 49 83 c3 10 49 

Register to memory mapping:

RAX=0x00007fdcac4c6fc0 is an unknown value
RBX=0x000000018f82a450: Java_jogamp_nativewindow_macosx_OSXUtil_GetScreenRefreshRate0+0x1cf0 in /private/var/folders/z5/dkh_k18x6bn8z6w6jj1k7pqm0000gn/T/jogamp_0000/file_cache/jln7739336597106810638/jln3897572131398249106/libnativewindow_macosx.jnilib at 0x000000018f823000
RCX=0x00007fdcaea008e0 is an unknown value
RDX=0x0000000000000000 is an unknown value
RSP=0x00007fff552e9148 is pointing into the stack for thread: 0x00007fdcad074000
RBP=0x00007fff552e9200 is pointing into the stack for thread: 0x00007fdcad074000
RSI=0x00007fffbfe75116: __NSStyleNameIndexTable+0x7fd5e in /System/Library/Frameworks/AppKit.framework/Versions/C/AppKit at 0x00007fffbf208000
RDI=0x00007fdcac763c90 is an unknown value
R8 =0x0000000000000018 is an unknown value
R9 =0x00007fdcaea00f00 is an unknown value
R10=0x0000000000000000 is an unknown value
R11=0x00007fffbfe75116: __NSStyleNameIndexTable+0x7fd5e in /System/Library/Frameworks/AppKit.framework/Versions/C/AppKit at 0x00007fffbf208000
R12=0x0000000000000000 is an unknown value
R13={method} {0x00000001915490f8} 'UnsetJAWTRootSurfaceLayer0' '(JJ)V' in 'jogamp/nativewindow/jawt/macosx/MacOSXJAWTWindow'
R14=0x000000018f82a440: Java_jogamp_nativewindow_macosx_OSXUtil_GetScreenRefreshRate0+0x1ce0 in /private/var/folders/z5/dkh_k18x6bn8z6w6jj1k7pqm0000gn/T/jogamp_0000/file_cache/jln7739336597106810638/jln3897572131398249106/libnativewindow_macosx.jnilib at 0x000000018f823000
R15=0x00007fdcad074000 is a thread


Stack: [0x00007fff54aee000,0x00007fff552ee000],  sp=0x00007fff552e9148,  free space=8172k
Native frames: (J=compiled Java code, j=interpreted, Vv=VM code, C=native code)
C  [libobjc.A.dylib+0x705d]  objc_msgSend+0x1d
j  jogamp.nativewindow.jawt.macosx.MacOSXJAWTWindow.UnsetJAWTRootSurfaceLayer0(JJ)V+0
j  jogamp.nativewindow.jawt.macosx.MacOSXJAWTWindow.access$200(JJ)V+2
j  jogamp.nativewindow.jawt.macosx.MacOSXJAWTWindow$1.run()V+38
J 2379 C1 com.jogamp.common.util.RunnableTask.run()V (345 bytes) @ 0x00000001197d0d74 [0x00000001197d0be0+0x194]
v  ~StubRoutines::call_stub
V  [libjvm.dylib+0x2ed9d6]  JavaCalls::call_helper(JavaValue*, methodHandle*, JavaCallArguments*, Thread*)+0x6ae
V  [libjvm.dylib+0x324b65]  jni_invoke_nonstatic(JNIEnv_*, JavaValue*, _jobject*, JNICallType, _jmethodID*, JNI_ArgumentPusher*, Thread*)+0x2ec
V  [libjvm.dylib+0x317333]  jni_CallVoidMethod+0x16b
C  [libnativewindow_macosx.jnilib+0x5326]  Java_jogamp_nativewindow_jawt_macosx_MacOSXJAWTWindow_UnsetJAWTRootSurfaceLayer0+0x2b6
C  [Foundation+0x7152a]  __NSThreadPerformPerform+0x146
C  [CoreFoundation+0xa7321]  __CFRUNLOOP_IS_CALLING_OUT_TO_A_SOURCE0_PERFORM_FUNCTION__+0x11
C  [CoreFoundation+0x88197]  __CFRunLoopDoSources0+0x1a7
C  [CoreFoundation+0x87716]  __CFRunLoopRun+0x3a6
C  [CoreFoundation+0x87114]  CFRunLoopRunSpecific+0x1a4
C  [HIToolbox+0x30ebc]  RunCurrentEventLoopInMode+0xf0
C  [HIToolbox+0x30bf9]  ReceiveNextEventCommon+0xb8
C  [HIToolbox+0x30b26]  _BlockUntilNextEventMatchingListInModeWithFilter+0x47
C  [AppKit+0x46a54]  _DPSNextEvent+0x460
C  [AppKit+0x7c27ee]  -[NSApplication(NSEvent) _nextEventMatchingEventMask:untilDate:inMode:dequeue:]+0xaec
C  [libosxapp.dylib+0x23aa]  -[NSApplicationAWT nextEventMatchingMask:untilDate:inMode:dequeue:]+0x7c
C  [AppKit+0x3b3db]  -[NSApplication run]+0x39e
C  [libosxapp.dylib+0x214d]  +[NSApplicationAWT runAWTLoopWithApp:]+0x9c
C  [libawt_lwawt.dylib+0x45ff7]  -[AWTStarter starter:]+0x389
C  [Foundation+0x7152a]  __NSThreadPerformPerform+0x146
C  [CoreFoundation+0xa7321]  __CFRUNLOOP_IS_CALLING_OUT_TO_A_SOURCE0_PERFORM_FUNCTION__+0x11
C  [CoreFoundation+0x8821d]  __CFRunLoopDoSources0+0x22d
C  [CoreFoundation+0x87716]  __CFRunLoopRun+0x3a6
C  [CoreFoundation+0x87114]  CFRunLoopRunSpecific+0x1a4
C  [java+0x6465]  CreateExecutionEnvironment+0x367
C  [java+0x218c]  JLI_Launch+0x7a0
C  [java+0x84c2]  main+0x65
C  [java+0x19e4]  start+0x34
C  0x0000000000000007

Java frames: (J=compiled Java code, j=interpreted, Vv=VM code)
j  jogamp.nativewindow.jawt.macosx.MacOSXJAWTWindow.UnsetJAWTRootSurfaceLayer0(JJ)V+0
j  jogamp.nativewindow.jawt.macosx.MacOSXJAWTWindow.access$200(JJ)V+2
j  jogamp.nativewindow.jawt.macosx.MacOSXJAWTWindow$1.run()V+38
J 2379 C1 com.jogamp.common.util.RunnableTask.run()V (345 bytes) @ 0x00000001197d0d74 [0x00000001197d0be0+0x194]
v  ~StubRoutines::call_stub

---------------  P R O C E S S  ---------------

Java Threads: ( => current thread )
  0x00007fdcb32c6000 JavaThread "Thread-89" [_thread_blocked, id=72523, stack(0x000070000df92000,0x000070000e092000)]
  0x00007fdcb2b1a000 JavaThread "Image Fetcher 3" daemon [_thread_blocked, id=71699, stack(0x000070000e82a000,0x000070000e92a000)]
  0x00007fdcb3881000 JavaThread "Image Fetcher 2" daemon [_thread_blocked, id=70431, stack(0x000070000e727000,0x000070000e827000)]
  0x00007fdcb32e9800 JavaThread "Image Fetcher 1" daemon [_thread_blocked, id=34367, stack(0x000070000e624000,0x000070000e724000)]
  0x00007fdcae6d1800 JavaThread "Image Fetcher 0" daemon [_thread_blocked, id=13631, stack(0x000070000e521000,0x000070000e621000)]
  0x00007fdcb29ba000 JavaThread "Keep-Alive-Timer" daemon [_thread_blocked, id=71991, stack(0x000070000e31b000,0x000070000e41b000)]
  0x00007fdcad127000 JavaThread "AWT-EventQueue-1" [_thread_in_native, id=66839, stack(0x000070000de0c000,0x000070000df0c000)]
  0x00007fdcac9d8800 JavaThread "DestroyJavaVM" [_thread_blocked, id=7171, stack(0x000070000c7c4000,0x000070000c8c4000)]
  0x00007fdcad0ea000 JavaThread "AWT-EventQueue-0" [_thread_blocked, id=60179, stack(0x000070000dc06000,0x000070000dd06000)]
  0x00007fdcae27a000 JavaThread "Java2D Disposer" daemon [_thread_blocked, id=56847, stack(0x000070000d97d000,0x000070000da7d000)]
  0x00007fdcac948000 JavaThread "Java2D Queue Flusher" daemon [_thread_blocked, id=54791, stack(0x000070000d87a000,0x000070000d97a000)]
  0x00007fdcac90e800 JavaThread "AWT-Shutdown" [_thread_blocked, id=29727, stack(0x000070000d671000,0x000070000d771000)]
=>0x00007fdcad074000 JavaThread "AWT-AppKit" daemon [_thread_in_native, id=775, stack(0x00007fff54aee000,0x00007fff552ee000)]
  0x00007fdcae036800 JavaThread "Service Thread" daemon [_thread_blocked, id=18691, stack(0x000070000d3e8000,0x000070000d4e8000)]
  0x00007fdcae043800 JavaThread "C1 CompilerThread2" daemon [_thread_blocked, id=18179, stack(0x000070000d2e5000,0x000070000d3e5000)]
  0x00007fdcac82d000 JavaThread "C2 CompilerThread1" daemon [_thread_blocked, id=17667, stack(0x000070000d1e2000,0x000070000d2e2000)]
  0x00007fdcad012800 JavaThread "C2 CompilerThread0" daemon [_thread_blocked, id=17155, stack(0x000070000d0df000,0x000070000d1df000)]
  0x00007fdcac82b000 JavaThread "Signal Dispatcher" daemon [_thread_blocked, id=16643, stack(0x000070000cfdc000,0x000070000d0dc000)]
  0x00007fdcac816800 JavaThread "Finalizer" daemon [_thread_blocked, id=12547, stack(0x000070000ced9000,0x000070000cfd9000)]
  0x00007fdcad001800 JavaThread "Reference Handler" daemon [_thread_blocked, id=12035, stack(0x000070000cdd6000,0x000070000ced6000)]

Other Threads:
  0x00007fdcae02e800 VMThread [stack: 0x000070000ccd3000,0x000070000cdd3000] [id=11523]
  0x00007fdcad04a000 WatcherThread [stack: 0x000070000d4eb000,0x000070000d5eb000] [id=19203]

VM state:not at safepoint (normal execution)

VM Mutex/Monitor currently owned by a thread: None

Heap:
 PSYoungGen      total 81408K, used 13436K [0x00000007aab00000, 0x00000007b0900000, 0x00000007c0000000)
  eden space 69632K, 2% used [0x00000007aab00000,0x00000007aacb6db0,0x00000007aef00000)
  from space 11776K, 99% used [0x00000007afc00000,0x00000007b07682d0,0x00000007b0780000)
  to   space 13312K, 0% used [0x00000007aef00000,0x00000007aef00000,0x00000007afc00000)
 ParOldGen       total 47104K, used 22720K [0x0000000780000000, 0x0000000782e00000, 0x00000007aab00000)
  object space 47104K, 48% used [0x0000000780000000,0x0000000781630368,0x0000000782e00000)
 Metaspace       used 21595K, capacity 21871K, committed 22192K, reserved 1069056K
  class space    used 2115K, capacity 2204K, committed 2304K, reserved 1048576K

Card table byte_map: [0x000000010c562000,0x000000010c763000] byte_map_base: 0x0000000108962000

Marking Bits: (ParMarkBitMap*) 0x000000010baf0d30
 Begin Bits: [0x000000010c8b9000, 0x000000010d8b9000)
 End Bits:   [0x000000010d8b9000, 0x000000010e8b9000)

Polling page: 0x000000010a9d2000

CodeCache: size=245760Kb used=8933Kb max_used=8947Kb free=236826Kb
 bounds [0x0000000119026000, 0x00000001198f6000, 0x0000000128026000]
 total_blobs=3463 nmethods=2564 adapters=812
 compilation: enabled

Compilation events (10 events):
Event: 15.870 Thread 0x00007fdcac82d000 nmethod 2889 0x00000001198e4d10 code [0x00000001198e4e80, 0x00000001198e5178]
Event: 16.017 Thread 0x00007fdcae043800 2890   !   3       sun.lwawt.LWComponentPeer::isShowing (49 bytes)
Event: 16.018 Thread 0x00007fdcae043800 nmethod 2890 0x00000001198ed210 code [0x00000001198ed3c0, 0x00000001198edcc8]
Event: 16.045 Thread 0x00007fdcae043800 2891  s    3       sun.font.FontAccess::getFontAccess (4 bytes)
Event: 16.045 Thread 0x00007fdcae043800 nmethod 2891 0x00000001198ecd50 code [0x00000001198ecec0, 0x00000001198ed170]
Event: 16.047 Thread 0x00007fdcad012800 2892  s!   4       sun.misc.URLClassPath::getLoader (243 bytes)
Event: 16.069 Thread 0x00007fdcad012800 nmethod 2892 0x00000001198f0610 code [0x00000001198f0780, 0x00000001198f0f58]
Event: 16.075 Thread 0x00007fdcac82d000 2893  s    4       sun.misc.URLClassPath::getNextLoader (88 bytes)
Event: 16.080 Thread 0x00007fdcae043800 2894       1       sun.java2d.SurfaceData::isValid (5 bytes)
Event: 16.080 Thread 0x00007fdcae043800 nmethod 2894 0x00000001198e49d0 code [0x00000001198e4b20, 0x00000001198e4c30]

GC Heap History (10 events):
Event: 7.815 GC heap before
{Heap before GC invocations=7 (full 1):
 PSYoungGen      total 43008K, used 2672K [0x00000007aab00000, 0x00000007adf00000, 0x00000007c0000000)
  eden space 32768K, 0% used [0x00000007aab00000,0x00000007aab00000,0x00000007acb00000)
  from space 10240K, 26% used [0x00000007ad500000,0x00000007ad79c070,0x00000007adf00000)
  to   space 10240K, 0% used [0x00000007acb00000,0x00000007acb00000,0x00000007ad500000)
 ParOldGen       total 44032K, used 17896K [0x0000000780000000, 0x0000000782b00000, 0x00000007aab00000)
  object space 44032K, 40% used [0x0000000780000000,0x000000078117a3b8,0x0000000782b00000)
 Metaspace       used 21020K, capacity 21199K, committed 21296K, reserved 1069056K
  class space    used 2106K, capacity 2172K, committed 2176K, reserved 1048576K
Event: 7.888 GC heap after
Heap after GC invocations=7 (full 1):
 PSYoungGen      total 43008K, used 0K [0x00000007aab00000, 0x00000007adf00000, 0x00000007c0000000)
  eden space 32768K, 0% used [0x00000007aab00000,0x00000007aab00000,0x00000007acb00000)
  from space 10240K, 0% used [0x00000007ad500000,0x00000007ad500000,0x00000007adf00000)
  to   space 10240K, 0% used [0x00000007acb00000,0x00000007acb00000,0x00000007ad500000)
 ParOldGen       total 47104K, used 16116K [0x0000000780000000, 0x0000000782e00000, 0x00000007aab00000)
  object space 47104K, 34% used [0x0000000780000000,0x0000000780fbd108,0x0000000782e00000)
 Metaspace       used 21020K, capacity 21199K, committed 21296K, reserved 1069056K
  class space    used 2106K, capacity 2172K, committed 2176K, reserved 1048576K
}
Event: 12.143 GC heap before
{Heap before GC invocations=8 (full 1):
 PSYoungGen      total 43008K, used 32768K [0x00000007aab00000, 0x00000007adf00000, 0x00000007c0000000)
  eden space 32768K, 100% used [0x00000007aab00000,0x00000007acb00000,0x00000007acb00000)
  from space 10240K, 0% used [0x00000007ad500000,0x00000007ad500000,0x00000007adf00000)
  to   space 10240K, 0% used [0x00000007acb00000,0x00000007acb00000,0x00000007ad500000)
 ParOldGen       total 47104K, used 16116K [0x0000000780000000, 0x0000000782e00000, 0x00000007aab00000)
  object space 47104K, 34% used [0x0000000780000000,0x0000000780fbd108,0x0000000782e00000)
 Metaspace       used 21302K, capacity 21551K, committed 21936K, reserved 1069056K
  class space    used 2107K, capacity 2204K, committed 2304K, reserved 1048576K
Event: 12.148 GC heap after
Heap after GC invocations=8 (full 1):
 PSYoungGen      total 43008K, used 3744K [0x00000007aab00000, 0x00000007aef00000, 0x00000007c0000000)
  eden space 32768K, 0% used [0x00000007aab00000,0x00000007aab00000,0x00000007acb00000)
  from space 10240K, 36% used [0x00000007acb00000,0x00000007acea80f0,0x00000007ad500000)
  to   space 10240K, 0% used [0x00000007ae500000,0x00000007ae500000,0x00000007aef00000)
 ParOldGen       total 47104K, used 16124K [0x0000000780000000, 0x0000000782e00000, 0x00000007aab00000)
  object space 47104K, 34% used [0x0000000780000000,0x0000000780fbf108,0x0000000782e00000)
 Metaspace       used 21302K, capacity 21551K, committed 21936K, reserved 1069056K
  class space    used 2107K, capacity 2204K, committed 2304K, reserved 1048576K
}
Event: 12.577 GC heap before
{Heap before GC invocations=9 (full 1):
 PSYoungGen      total 43008K, used 36512K [0x00000007aab00000, 0x00000007aef00000, 0x00000007c0000000)
  eden space 32768K, 100% used [0x00000007aab00000,0x00000007acb00000,0x00000007acb00000)
  from space 10240K, 36% used [0x00000007acb00000,0x00000007acea80f0,0x00000007ad500000)
  to   space 10240K, 0% used [0x00000007ae500000,0x00000007ae500000,0x00000007aef00000)
 ParOldGen       total 47104K, used 16124K [0x0000000780000000, 0x0000000782e00000, 0x00000007aab00000)
  object space 47104K, 34% used [0x0000000780000000,0x0000000780fbf108,0x0000000782e00000)
 Metaspace       used 21310K, capacity 21551K, committed 21936K, reserved 1069056K
  class space    used 2107K, capacity 2204K, committed 2304K, reserved 1048576K
Event: 12.584 GC heap after
Heap after GC invocations=9 (full 1):
 PSYoungGen      total 59392K, used 7072K [0x00000007aab00000, 0x00000007af000000, 0x00000007c0000000)
  eden space 49152K, 0% used [0x00000007aab00000,0x00000007aab00000,0x00000007adb00000)
  from space 10240K, 69% used [0x00000007ae500000,0x00000007aebe81d0,0x00000007aef00000)
  to   space 10240K, 0% used [0x00000007adb00000,0x00000007adb00000,0x00000007ae500000)
 ParOldGen       total 47104K, used 16124K [0x0000000780000000, 0x0000000782e00000, 0x00000007aab00000)
  object space 47104K, 34% used [0x0000000780000000,0x0000000780fbf108,0x0000000782e00000)
 Metaspace       used 21310K, capacity 21551K, committed 21936K, reserved 1069056K
  class space    used 2107K, capacity 2204K, committed 2304K, reserved 1048576K
}
Event: 12.920 GC heap before
{Heap before GC invocations=10 (full 1):
 PSYoungGen      total 59392K, used 56224K [0x00000007aab00000, 0x00000007af000000, 0x00000007c0000000)
  eden space 49152K, 100% used [0x00000007aab00000,0x00000007adb00000,0x00000007adb00000)
  from space 10240K, 69% used [0x00000007ae500000,0x00000007aebe81d0,0x00000007aef00000)
  to   space 10240K, 0% used [0x00000007adb00000,0x00000007adb00000,0x00000007ae500000)
 ParOldGen       total 47104K, used 16124K [0x0000000780000000, 0x0000000782e00000, 0x00000007aab00000)
  object space 47104K, 34% used [0x0000000780000000,0x0000000780fbf108,0x0000000782e00000)
 Metaspace       used 21361K, capacity 21615K, committed 21936K, reserved 1069056K
  class space    used 2107K, capacity 2204K, committed 2304K, reserved 1048576K
Event: 12.947 GC heap after
Heap after GC invocations=10 (full 1):
 PSYoungGen      total 59392K, used 10128K [0x00000007aab00000, 0x00000007b0780000, 0x00000007c0000000)
  eden space 49152K, 0% used [0x00000007aab00000,0x00000007aab00000,0x00000007adb00000)
  from space 10240K, 98% used [0x00000007adb00000,0x00000007ae4e4290,0x00000007ae500000)
  to   space 11776K, 0% used [0x00000007afc00000,0x00000007afc00000,0x00000007b0780000)
 ParOldGen       total 47104K, used 19972K [0x0000000780000000, 0x0000000782e00000, 0x00000007aab00000)
  object space 47104K, 42% used [0x0000000780000000,0x00000007813811f8,0x0000000782e00000)
 Metaspace       used 21361K, capacity 21615K, committed 21936K, reserved 1069056K
  class space    used 2107K, capacity 2204K, committed 2304K, reserved 1048576K
}
Event: 16.048 GC heap before
{Heap before GC invocations=11 (full 1):
 PSYoungGen      total 59392K, used 59280K [0x00000007aab00000, 0x00000007b0780000, 0x00000007c0000000)
  eden space 49152K, 100% used [0x00000007aab00000,0x00000007adb00000,0x00000007adb00000)
  from space 10240K, 98% used [0x00000007adb00000,0x00000007ae4e4290,0x00000007ae500000)
  to   space 11776K, 0% used [0x00000007afc00000,0x00000007afc00000,0x00000007b0780000)
 ParOldGen       total 47104K, used 19972K [0x0000000780000000, 0x0000000782e00000, 0x00000007aab00000)
  object space 47104K, 42% used [0x0000000780000000,0x00000007813811f8,0x0000000782e00000)
 Metaspace       used 21577K, capacity 21871K, committed 22192K, reserved 1069056K
  class space    used 2111K, capacity 2204K, committed 2304K, reserved 1048576K
Event: 16.062 GC heap after
Heap after GC invocations=11 (full 1):
 PSYoungGen      total 81408K, used 11680K [0x00000007aab00000, 0x00000007b0900000, 0x00000007c0000000)
  eden space 69632K, 0% used [0x00000007aab00000,0x00000007aab00000,0x00000007aef00000)
  from space 11776K, 99% used [0x00000007afc00000,0x00000007b07682d0,0x00000007b0780000)
  to   space 13312K, 0% used [0x00000007aef00000,0x00000007aef00000,0x00000007afc00000)
 ParOldGen       total 47104K, used 22720K [0x0000000780000000, 0x0000000782e00000, 0x00000007aab00000)
  object space 47104K, 48% used [0x0000000780000000,0x0000000781630368,0x0000000782e00000)
 Metaspace       used 21577K, capacity 21871K, committed 22192K, reserved 1069056K
  class space    used 2111K, capacity 2204K, committed 2304K, reserved 1048576K
}

Deoptimization events (10 events):
Event: 12.043 Thread 0x00007fdcad127000 Uncommon trap: reason=unstable_if action=reinterpret pc=0x0000000119638738 method=java.text.DigitList.getDataChars(I)[C @ 13
Event: 12.043 Thread 0x00007fdcad127000 Uncommon trap: reason=unstable_if action=reinterpret pc=0x0000000119668378 method=java.text.DecimalFormat.subformat(Ljava/lang/StringBuffer;Ljava/text/Format$FieldDelegate;ZZIIII)Ljava/lang/StringBuffer; @ 753
Event: 12.068 Thread 0x00007fdcb32e9800 Uncommon trap: reason=unstable_if action=reinterpret pc=0x00000001194b3820 method=java.awt.image.IndexColorModel.getDataElements(ILjava/lang/Object;)Ljava/lang/Object; @ 54
Event: 12.441 Thread 0x00007fdcb32e9800 Uncommon trap: reason=unstable_if action=reinterpret pc=0x000000011989b3c0 method=java.awt.image.IndexColorModel.getDataElements(ILjava/lang/Object;)Ljava/lang/Object; @ 70
Event: 16.018 Thread 0x00007fdcad0ea000 Uncommon trap: reason=unstable_if action=reinterpret pc=0x00000001196f7b98 method=java.awt.font.FontRenderContext.equals(Ljava/awt/font/FontRenderContext;)Z @ 2
Event: 16.018 Thread 0x00007fdcad0ea000 Uncommon trap: reason=unstable_if action=reinterpret pc=0x00000001196f6dd4 method=java.awt.Font.equals(Ljava/lang/Object;)Z @ 2
Event: 16.043 Thread 0x00007fdcac949000 Uncommon trap: reason=unstable_if action=reinterpret pc=0x000000011954dee8 method=java.util.HashMap.putVal(ILjava/lang/Object;Ljava/lang/Object;ZZ)Ljava/lang/Object; @ 81
Event: 16.043 Thread 0x00007fdcac949000 Uncommon trap: reason=unstable_if action=reinterpret pc=0x00000001194b7c7c method=java.util.HashMap.putVal(ILjava/lang/Object;Ljava/lang/Object;ZZ)Ljava/lang/Object; @ 81
Event: 16.044 Thread 0x00007fdcad0ea000 Uncommon trap: reason=unstable_if action=reinterpret pc=0x00000001196de0b8 method=java.awt.font.FontRenderContext.equals(Ljava/awt/font/FontRenderContext;)Z @ 2
Event: 16.078 Thread 0x00007fdcad127000 Uncommon trap: reason=unstable_if action=reinterpret pc=0x00000001195b7780 method=java.security.AccessControlContext.optimize()Ljava/security/AccessControlContext; @ 233

Internal exceptions (10 events):
Event: 0.264 Thread 0x00007fdcae001800 Exception <a 'java/lang/NoSuchFieldError': method resolution failed> (0x00000007aacc89d8) thrown at [/Users/java_re/workspace/8-2-build-macosx-x86_64/jdk8u121/8372/hotspot/src/share/vm/prims/methodHandles.cpp, line 1146]
Event: 0.267 Thread 0x00007fdcae001800 Exception <a 'java/lang/NoSuchFieldError': method resolution failed> (0x00000007aacd61a8) thrown at [/Users/java_re/workspace/8-2-build-macosx-x86_64/jdk8u121/8372/hotspot/src/share/vm/prims/methodHandles.cpp, line 1146]
Event: 0.461 Thread 0x00007fdcae001800 Exception <a 'java/io/FileNotFoundException'> (0x00000007aad52d98) thrown at [/Users/java_re/workspace/8-2-build-macosx-x86_64/jdk8u121/8372/hotspot/src/share/vm/prims/jni.cpp, line 709]
Event: 0.461 Thread 0x00007fdcae001800 Exception <a 'java/io/FileNotFoundException'> (0x00000007aad538e8) thrown at [/Users/java_re/workspace/8-2-build-macosx-x86_64/jdk8u121/8372/hotspot/src/share/vm/prims/jni.cpp, line 709]
Event: 0.598 Thread 0x00007fdcae001800 Exception <a 'java/io/FileNotFoundException'> (0x00000007aae8c2b0) thrown at [/Users/java_re/workspace/8-2-build-macosx-x86_64/jdk8u121/8372/hotspot/src/share/vm/prims/jni.cpp, line 709]
Event: 3.230 Thread 0x00007fdcac816800 Exception <a 'java/lang/NullPointerException'> (0x00000007aab82e08) thrown at [/Users/java_re/workspace/8-2-build-macosx-x86_64/jdk8u121/8372/hotspot/src/share/vm/interpreter/linkResolver.cpp, line 1178]
Event: 3.354 Thread 0x00007fdcada85800 Exception <a 'java/lang/UnsatisfiedLinkError': com.jogamp.common.util.JarUtil.fixNativeLibAttribs(Ljava/lang/String;)Z> (0x00000007aafc3ff0) thrown at [/Users/java_re/workspace/8-2-build-macosx-x86_64/jdk8u121/8372/hotspot/src/share/vm/prims/nativeLookup.
Event: 4.719 Thread 0x00007fdcad127000 Exception <a 'java/io/FileNotFoundException'> (0x00000007ab155518) thrown at [/Users/java_re/workspace/8-2-build-macosx-x86_64/jdk8u121/8372/hotspot/src/share/vm/prims/jni.cpp, line 709]
Event: 4.719 Thread 0x00007fdcad127000 Exception <a 'java/io/FileNotFoundException'> (0x00000007ab15b710) thrown at [/Users/java_re/workspace/8-2-build-macosx-x86_64/jdk8u121/8372/hotspot/src/share/vm/prims/jni.cpp, line 709]
Event: 4.720 Thread 0x00007fdcad127000 Implicit null exception at 0x00000001191e6eb6 to 0x00000001191e7285

Events (10 events):
Event: 16.078 Thread 0x00007fdcad127000 DEOPT UNPACKING pc=0x000000011902b229 sp=0x000070000df09880 mode 2
Event: 16.078 loading class java/awt/LightweightDispatcher$2
Event: 16.079 loading class java/awt/LightweightDispatcher$2 done
Event: 16.079 loading class java/awt/event/AWTEventListenerProxy
Event: 16.079 loading class java/awt/event/AWTEventListenerProxy done
Event: 16.079 loading class java/awt/Toolkit$ToolkitEventMulticaster
Event: 16.079 loading class java/awt/Toolkit$ToolkitEventMulticaster done
Event: 16.079 Thread 0x00007fdcac949000 Thread exited: 0x00007fdcac949000
Event: 16.080 loading class java/awt/Window$1DisposeAction
Event: 16.080 loading class java/awt/Window$1DisposeAction done


Dynamic libraries:
0x000000004c357000 	/System/Library/Frameworks/Cocoa.framework/Versions/A/Cocoa
0x000000004c357000 	/System/Library/Frameworks/Security.framework/Versions/A/Security
0x000000004c357000 	/System/Library/Frameworks/ApplicationServices.framework/Versions/A/ApplicationServices
0x000000004c357000 	/usr/lib/libz.1.dylib
0x000000004c357000 	/usr/lib/libSystem.B.dylib
0x000000004c357000 	/usr/lib/libobjc.A.dylib
0x000000004c357000 	/System/Library/Frameworks/CoreFoundation.framework/Versions/A/CoreFoundation
0x000000004c357000 	/System/Library/Frameworks/Foundation.framework/Versions/C/Foundation
0x000000004c357000 	/System/Library/Frameworks/AppKit.framework/Versions/C/AppKit
0x000000004c357000 	/System/Library/Frameworks/CoreData.framework/Versions/A/CoreData
0x000000004c357000 	/System/Library/PrivateFrameworks/RemoteViewServices.framework/Versions/A/RemoteViewServices
0x000000004c357000 	/System/Library/PrivateFrameworks/UIFoundation.framework/Versions/A/UIFoundation
0x000000004c357000 	/System/Library/PrivateFrameworks/DFRFoundation.framework/Versions/A/DFRFoundation
0x000000004c357000 	/usr/lib/libenergytrace.dylib
0x000000004c357000 	/System/Library/PrivateFrameworks/SkyLight.framework/Versions/A/SkyLight
0x000000004c357000 	/System/Library/Frameworks/CoreGraphics.framework/Versions/A/CoreGraphics
0x000000004c357000 	/usr/lib/libScreenReader.dylib
0x000000004c357000 	/System/Library/Frameworks/Accelerate.framework/Versions/A/Accelerate
0x000000004c357000 	/System/Library/Frameworks/IOSurface.framework/Versions/A/IOSurface
0x000000004c357000 	/System/Library/Frameworks/AudioToolbox.framework/Versions/A/AudioToolbox
0x000000004c357000 	/System/Library/Frameworks/AudioUnit.framework/Versions/A/AudioUnit
0x000000004c357000 	/System/Library/PrivateFrameworks/DataDetectorsCore.framework/Versions/A/DataDetectorsCore
0x000000004c357000 	/System/Library/PrivateFrameworks/DesktopServicesPriv.framework/Versions/A/DesktopServicesPriv
0x000000004c357000 	/System/Library/Frameworks/Carbon.framework/Versions/A/Frameworks/HIToolbox.framework/Versions/A/HIToolbox
0x000000004c357000 	/usr/lib/libicucore.A.dylib
0x000000004c357000 	/System/Library/Frameworks/QuartzCore.framework/Versions/A/QuartzCore
0x000000004c357000 	/System/Library/Frameworks/Carbon.framework/Versions/A/Frameworks/SpeechRecognition.framework/Versions/A/SpeechRecognition
0x000000004c357000 	/usr/lib/libauto.dylib
0x000000004c357000 	/usr/lib/libxml2.2.dylib
0x000000004c357000 	/System/Library/PrivateFrameworks/CoreUI.framework/Versions/A/CoreUI
0x000000004c357000 	/System/Library/Frameworks/CoreAudio.framework/Versions/A/CoreAudio
0x000000004c357000 	/System/Library/Frameworks/DiskArbitration.framework/Versions/A/DiskArbitration
0x000000004c357000 	/usr/lib/liblangid.dylib
0x000000004c357000 	/System/Library/PrivateFrameworks/MultitouchSupport.framework/Versions/A/MultitouchSupport
0x000000004c357000 	/System/Library/Frameworks/IOKit.framework/Versions/A/IOKit
0x000000004c357000 	/usr/lib/libDiagnosticMessagesClient.dylib
0x000000004c357000 	/System/Library/Frameworks/CoreServices.framework/Versions/A/CoreServices
0x000000004c357000 	/System/Library/PrivateFrameworks/PerformanceAnalysis.framework/Versions/A/PerformanceAnalysis
0x000000004c357000 	/System/Library/PrivateFrameworks/GenerationalStorage.framework/Versions/A/GenerationalStorage
0x000000004c357000 	/System/Library/Frameworks/OpenGL.framework/Versions/A/OpenGL
0x000000004c357000 	/System/Library/Frameworks/CoreImage.framework/Versions/A/CoreImage
0x000000004c357000 	/System/Library/Frameworks/CoreText.framework/Versions/A/CoreText
0x000000004c357000 	/System/Library/Frameworks/ImageIO.framework/Versions/A/ImageIO
0x000000004c357000 	/System/Library/PrivateFrameworks/Backup.framework/Versions/A/Backup
0x000000004c357000 	/usr/lib/libarchive.2.dylib
0x000000004c357000 	/System/Library/Frameworks/CFNetwork.framework/Versions/A/CFNetwork
0x000000004c357000 	/System/Library/Frameworks/SystemConfiguration.framework/Versions/A/SystemConfiguration
0x000000004c357000 	/usr/lib/libCRFSuite.dylib
0x000000004c357000 	/usr/lib/libc++.1.dylib
0x000000004c357000 	/usr/lib/libc++abi.dylib
0x000000004c357000 	/usr/lib/system/libcache.dylib
0x000000004c357000 	/usr/lib/system/libcommonCrypto.dylib
0x000000004c357000 	/usr/lib/system/libcompiler_rt.dylib
0x000000004c357000 	/usr/lib/system/libcopyfile.dylib
0x000000004c357000 	/usr/lib/system/libcorecrypto.dylib
0x000000004c357000 	/usr/lib/system/libdispatch.dylib
0x000000004c357000 	/usr/lib/system/libdyld.dylib
0x000000004c357000 	/usr/lib/system/libkeymgr.dylib
0x000000004c357000 	/usr/lib/system/liblaunch.dylib
0x000000004c357000 	/usr/lib/system/libmacho.dylib
0x000000004c357000 	/usr/lib/system/libquarantine.dylib
0x000000004c357000 	/usr/lib/system/libremovefile.dylib
0x000000004c357000 	/usr/lib/system/libsystem_asl.dylib
0x000000004c357000 	/usr/lib/system/libsystem_blocks.dylib
0x000000004c357000 	/usr/lib/system/libsystem_c.dylib
0x000000004c357000 	/usr/lib/system/libsystem_configuration.dylib
0x000000004c357000 	/usr/lib/system/libsystem_coreservices.dylib
0x000000004c357000 	/usr/lib/system/libsystem_coretls.dylib
0x000000004c357000 	/usr/lib/system/libsystem_dnssd.dylib
0x000000004c357000 	/usr/lib/system/libsystem_info.dylib
0x000000004c357000 	/usr/lib/system/libsystem_kernel.dylib
0x000000004c357000 	/usr/lib/system/libsystem_m.dylib
0x000000004c357000 	/usr/lib/system/libsystem_malloc.dylib
0x000000004c357000 	/usr/lib/system/libsystem_network.dylib
0x000000004c357000 	/usr/lib/system/libsystem_networkextension.dylib
0x000000004c357000 	/usr/lib/system/libsystem_notify.dylib
0x000000004c357000 	/usr/lib/system/libsystem_platform.dylib
0x000000004c357000 	/usr/lib/system/libsystem_pthread.dylib
0x000000004c357000 	/usr/lib/system/libsystem_sandbox.dylib
0x000000004c357000 	/usr/lib/system/libsystem_secinit.dylib
0x000000004c357000 	/usr/lib/system/libsystem_symptoms.dylib
0x000000004c357000 	/usr/lib/system/libsystem_trace.dylib
0x000000004c357000 	/usr/lib/system/libunwind.dylib
0x000000004c357000 	/usr/lib/system/libxpc.dylib
0x000000004c357000 	/usr/lib/libbsm.0.dylib
0x000000004c357000 	/usr/lib/system/libkxld.dylib
0x000000004c357000 	/usr/lib/libcoretls.dylib
0x000000004c357000 	/usr/lib/libcoretls_cfhelpers.dylib
0x000000004c357000 	/usr/lib/libOpenScriptingUtil.dylib
0x000000004c357000 	/usr/lib/libpam.2.dylib
0x000000004c357000 	/usr/lib/libsqlite3.dylib
0x000000004c357000 	/usr/lib/libxar.1.dylib
0x000000004c357000 	/usr/lib/libbz2.1.0.dylib
0x000000004c357000 	/usr/lib/liblzma.5.dylib
0x000000004c357000 	/usr/lib/libnetwork.dylib
0x000000004c357000 	/usr/lib/libpcap.A.dylib
0x000000004c357000 	/System/Library/Frameworks/CoreServices.framework/Versions/A/Frameworks/FSEvents.framework/Versions/A/FSEvents
0x000000004c357000 	/System/Library/Frameworks/CoreServices.framework/Versions/A/Frameworks/CarbonCore.framework/Versions/A/CarbonCore
0x000000004c357000 	/System/Library/Frameworks/CoreServices.framework/Versions/A/Frameworks/Metadata.framework/Versions/A/Metadata
0x000000004c357000 	/System/Library/Frameworks/CoreServices.framework/Versions/A/Frameworks/OSServices.framework/Versions/A/OSServices
0x000000004c357000 	/System/Library/Frameworks/CoreServices.framework/Versions/A/Frameworks/SearchKit.framework/Versions/A/SearchKit
0x000000004c357000 	/System/Library/Frameworks/CoreServices.framework/Versions/A/Frameworks/AE.framework/Versions/A/AE
0x000000004c357000 	/System/Library/Frameworks/CoreServices.framework/Versions/A/Frameworks/LaunchServices.framework/Versions/A/LaunchServices
0x000000004c357000 	/System/Library/Frameworks/CoreServices.framework/Versions/A/Frameworks/DictionaryServices.framework/Versions/A/DictionaryServices
0x000000004c357000 	/System/Library/Frameworks/CoreServices.framework/Versions/A/Frameworks/SharedFileList.framework/Versions/A/SharedFileList
0x000000004c357000 	/System/Library/Frameworks/NetFS.framework/Versions/A/NetFS
0x000000004c357000 	/System/Library/PrivateFrameworks/NetAuth.framework/Versions/A/NetAuth
0x000000004c357000 	/System/Library/PrivateFrameworks/login.framework/Versions/A/Frameworks/loginsupport.framework/Versions/A/loginsupport
0x000000004c357000 	/System/Library/PrivateFrameworks/TCC.framework/Versions/A/TCC
0x000000004c357000 	/usr/lib/libmecabra.dylib
0x000000004c357000 	/System/Library/Frameworks/ApplicationServices.framework/Versions/A/Frameworks/ATS.framework/Versions/A/ATS
0x000000004c357000 	/System/Library/Frameworks/ApplicationServices.framework/Versions/A/Frameworks/ColorSync.framework/Versions/A/ColorSync
0x000000004c357000 	/System/Library/Frameworks/ApplicationServices.framework/Versions/A/Frameworks/HIServices.framework/Versions/A/HIServices
0x000000004c357000 	/System/Library/Frameworks/ApplicationServices.framework/Versions/A/Frameworks/LangAnalysis.framework/Versions/A/LangAnalysis
0x000000004c357000 	/System/Library/Frameworks/ApplicationServices.framework/Versions/A/Frameworks/PrintCore.framework/Versions/A/PrintCore
0x000000004c357000 	/System/Library/Frameworks/ApplicationServices.framework/Versions/A/Frameworks/QD.framework/Versions/A/QD
0x000000004c357000 	/System/Library/Frameworks/ApplicationServices.framework/Versions/A/Frameworks/SpeechSynthesis.framework/Versions/A/SpeechSynthesis
0x000000004c357000 	/System/Library/Frameworks/Accelerate.framework/Versions/A/Frameworks/vImage.framework/Versions/A/vImage
0x000000004c357000 	/System/Library/Frameworks/Accelerate.framework/Versions/A/Frameworks/vecLib.framework/Versions/A/vecLib
0x000000004c357000 	/System/Library/Frameworks/Accelerate.framework/Versions/A/Frameworks/vecLib.framework/Versions/A/libvDSP.dylib
0x000000004c357000 	/System/Library/Frameworks/Accelerate.framework/Versions/A/Frameworks/vecLib.framework/Versions/A/libBNNS.dylib
0x000000004c357000 	/System/Library/Frameworks/Accelerate.framework/Versions/A/Frameworks/vecLib.framework/Versions/A/libQuadrature.dylib
0x000000004c357000 	/System/Library/Frameworks/Accelerate.framework/Versions/A/Frameworks/vecLib.framework/Versions/A/libvMisc.dylib
0x000000004c357000 	/System/Library/Frameworks/Accelerate.framework/Versions/A/Frameworks/vecLib.framework/Versions/A/libLAPACK.dylib
0x000000004c357000 	/System/Library/Frameworks/Accelerate.framework/Versions/A/Frameworks/vecLib.framework/Versions/A/libBLAS.dylib
0x000000004c357000 	/System/Library/Frameworks/Accelerate.framework/Versions/A/Frameworks/vecLib.framework/Versions/A/libLinearAlgebra.dylib
0x000000004c357000 	/System/Library/Frameworks/Accelerate.framework/Versions/A/Frameworks/vecLib.framework/Versions/A/libSparseBLAS.dylib
0x000000004c357000 	/System/Library/Frameworks/ApplicationServices.framework/Versions/A/Frameworks/ATS.framework/Versions/A/Resources/libFontParser.dylib
0x000000004c357000 	/System/Library/Frameworks/ApplicationServices.framework/Versions/A/Frameworks/ATS.framework/Versions/A/Resources/libFontRegistry.dylib
0x000000004c357000 	/System/Library/Frameworks/ImageIO.framework/Versions/A/Resources/libJPEG.dylib
0x000000004c357000 	/System/Library/Frameworks/ImageIO.framework/Versions/A/Resources/libTIFF.dylib
0x000000004c357000 	/System/Library/Frameworks/ImageIO.framework/Versions/A/Resources/libPng.dylib
0x000000004c357000 	/System/Library/Frameworks/ImageIO.framework/Versions/A/Resources/libGIF.dylib
0x000000004c357000 	/System/Library/Frameworks/ImageIO.framework/Versions/A/Resources/libJP2.dylib
0x000000004c357000 	/System/Library/Frameworks/ImageIO.framework/Versions/A/Resources/libRadiance.dylib
0x000000004c357000 	/usr/lib/libcompression.dylib
0x000000004c357000 	/System/Library/PrivateFrameworks/AppleJPEG.framework/Versions/A/AppleJPEG
0x000000004c357000 	/usr/lib/libcups.2.dylib
0x000000004c357000 	/System/Library/Frameworks/Kerberos.framework/Versions/A/Kerberos
0x000000004c357000 	/System/Library/Frameworks/GSS.framework/Versions/A/GSS
0x000000004c357000 	/usr/lib/libresolv.9.dylib
0x000000004c357000 	/usr/lib/libiconv.2.dylib
0x000000004c357000 	/System/Library/PrivateFrameworks/Heimdal.framework/Versions/A/Heimdal
0x000000004c357000 	/usr/lib/libheimdal-asn1.dylib
0x000000004c357000 	/System/Library/Frameworks/OpenDirectory.framework/Versions/A/OpenDirectory
0x000000004c357000 	/System/Library/PrivateFrameworks/CommonAuth.framework/Versions/A/CommonAuth
0x000000004c357000 	/System/Library/Frameworks/OpenDirectory.framework/Versions/A/Frameworks/CFOpenDirectory.framework/Versions/A/CFOpenDirectory
0x000000004c357000 	/System/Library/Frameworks/SecurityFoundation.framework/Versions/A/SecurityFoundation
0x000000004c357000 	/System/Library/PrivateFrameworks/LanguageModeling.framework/Versions/A/LanguageModeling
0x000000004c357000 	/usr/lib/libmarisa.dylib
0x000000004c357000 	/usr/lib/libChineseTokenizer.dylib
0x000000004c357000 	/usr/lib/libcmph.dylib
0x000000004c357000 	/System/Library/PrivateFrameworks/CoreEmoji.framework/Versions/A/CoreEmoji
0x000000004c357000 	/System/Library/Frameworks/ServiceManagement.framework/Versions/A/ServiceManagement
0x000000004c357000 	/usr/lib/libxslt.1.dylib
0x000000004c357000 	/System/Library/Frameworks/Carbon.framework/Versions/A/Frameworks/Ink.framework/Versions/A/Ink
0x000000004c357000 	/System/Library/PrivateFrameworks/TextureIO.framework/Versions/A/TextureIO
0x000000004c357000 	/System/Library/Frameworks/Metal.framework/Versions/A/Metal
0x000000004c357000 	/usr/lib/libate.dylib
0x000000004c357000 	/System/Library/PrivateFrameworks/GPUCompiler.framework/libmetal_timestamp.dylib
0x000000004c357000 	/System/Library/Frameworks/OpenGL.framework/Versions/A/Libraries/libCoreFSCache.dylib
0x000000004c357000 	/System/Library/PrivateFrameworks/IOAccelerator.framework/Versions/A/IOAccelerator
0x000000004c357000 	/System/Library/Frameworks/CoreVideo.framework/Versions/A/CoreVideo
0x000000004c357000 	/usr/lib/libFosl_dynamic.dylib
0x000000004c357000 	/System/Library/PrivateFrameworks/MetalPerformanceShaders.framework/Versions/A/MetalPerformanceShaders
0x000000004c357000 	/System/Library/PrivateFrameworks/FaceCore.framework/Versions/A/FaceCore
0x000000004c357000 	/System/Library/Frameworks/OpenCL.framework/Versions/A/OpenCL
0x000000004c357000 	/System/Library/Frameworks/OpenGL.framework/Versions/A/Libraries/libGLU.dylib
0x000000004c357000 	/System/Library/Frameworks/OpenGL.framework/Versions/A/Libraries/libGFXShared.dylib
0x000000004c357000 	/System/Library/Frameworks/OpenGL.framework/Versions/A/Libraries/libGL.dylib
0x000000004c357000 	/System/Library/Frameworks/OpenGL.framework/Versions/A/Libraries/libGLImage.dylib
0x000000004c357000 	/System/Library/Frameworks/OpenGL.framework/Versions/A/Libraries/libCVMSPluginSupport.dylib
0x000000004c357000 	/System/Library/Frameworks/OpenGL.framework/Versions/A/Libraries/libCoreVMClient.dylib
0x000000004c357000 	/System/Library/PrivateFrameworks/CrashReporterSupport.framework/Versions/A/CrashReporterSupport
0x000000004c357000 	/System/Library/PrivateFrameworks/Sharing.framework/Versions/A/Sharing
0x000000004c357000 	/System/Library/PrivateFrameworks/IconServices.framework/Versions/A/IconServices
0x000000004c357000 	/System/Library/PrivateFrameworks/ProtocolBuffer.framework/Versions/A/ProtocolBuffer
0x000000004c357000 	/System/Library/PrivateFrameworks/Apple80211.framework/Versions/A/Apple80211
0x000000004c357000 	/System/Library/Frameworks/CoreWLAN.framework/Versions/A/CoreWLAN
0x000000004c357000 	/System/Library/PrivateFrameworks/CoreUtils.framework/Versions/A/CoreUtils
0x000000004c357000 	/System/Library/Frameworks/IOBluetooth.framework/Versions/A/IOBluetooth
0x000000004c357000 	/System/Library/PrivateFrameworks/CoreWiFi.framework/Versions/A/CoreWiFi
0x000000004c357000 	/System/Library/Frameworks/CoreBluetooth.framework/Versions/A/CoreBluetooth
0x000000004c357000 	/System/Library/Frameworks/CoreDisplay.framework/Versions/A/CoreDisplay
0x000000004c357000 	/System/Library/PrivateFrameworks/IOPresentment.framework/Versions/A/IOPresentment
0x000000004c357000 	/System/Library/PrivateFrameworks/DSExternalDisplay.framework/Versions/A/DSExternalDisplay
0x000000004c357000 	/System/Library/PrivateFrameworks/DebugSymbols.framework/Versions/A/DebugSymbols
0x000000004c357000 	/System/Library/PrivateFrameworks/CoreSymbolication.framework/Versions/A/CoreSymbolication
0x000000004c357000 	/System/Library/PrivateFrameworks/Symbolication.framework/Versions/A/Symbolication
0x000000004c357000 	/System/Library/PrivateFrameworks/AppleFSCompression.framework/Versions/A/AppleFSCompression
0x000000004c357000 	/System/Library/PrivateFrameworks/SpeechRecognitionCore.framework/Versions/A/SpeechRecognitionCore
0x000000004c357000 	/System/Library/PrivateFrameworks/ChunkingLibrary.framework/Versions/A/ChunkingLibrary
0x000000010b200000 	/Library/Java/JavaVirtualMachines/jdk1.8.0_121.jdk/Contents/Home/jre/lib/server/libjvm.dylib
0x000000004c357000 	/usr/lib/libstdc++.6.dylib
0x000000010a98f000 	/Library/Java/JavaVirtualMachines/jdk1.8.0_121.jdk/Contents/Home/jre/lib/libverify.dylib
0x000000010a99d000 	/Library/Java/JavaVirtualMachines/jdk1.8.0_121.jdk/Contents/Home/jre/lib/libjava.dylib
0x000000010a9dc000 	/Library/Java/JavaVirtualMachines/jdk1.8.0_121.jdk/Contents/Home/jre/lib/libzip.dylib
0x0000000110588000 	/System/Library/Frameworks/JavaVM.framework/Frameworks/JavaRuntimeSupport.framework/JavaRuntimeSupport
0x00000001105a2000 	/System/Library/Frameworks/JavaVM.framework/Versions/A/Frameworks/JavaNativeFoundation.framework/Versions/A/JavaNativeFoundation
0x00000001105b7000 	/System/Library/Frameworks/JavaVM.framework/Versions/A/JavaVM
0x000000004c357000 	/System/Library/Frameworks/Carbon.framework/Versions/A/Carbon
0x00000001105c4000 	/System/Library/PrivateFrameworks/JavaLaunching.framework/Versions/A/JavaLaunching
0x000000004c357000 	/System/Library/Frameworks/Carbon.framework/Versions/A/Frameworks/CommonPanels.framework/Versions/A/CommonPanels
0x000000004c357000 	/System/Library/Frameworks/Carbon.framework/Versions/A/Frameworks/Help.framework/Versions/A/Help
0x000000004c357000 	/System/Library/Frameworks/Carbon.framework/Versions/A/Frameworks/ImageCapture.framework/Versions/A/ImageCapture
0x000000004c357000 	/System/Library/Frameworks/Carbon.framework/Versions/A/Frameworks/OpenScripting.framework/Versions/A/OpenScripting
0x000000004c357000 	/System/Library/Frameworks/Carbon.framework/Versions/A/Frameworks/Print.framework/Versions/A/Print
0x000000004c357000 	/System/Library/Frameworks/Carbon.framework/Versions/A/Frameworks/SecurityHI.framework/Versions/A/SecurityHI
0x0000000111ed2000 	/Library/Java/JavaVirtualMachines/jdk1.8.0_121.jdk/Contents/Home/jre/lib/libawt.dylib
0x0000000111f7a000 	/Library/Java/JavaVirtualMachines/jdk1.8.0_121.jdk/Contents/Home/jre/lib/./libmlib_image.dylib
0x0000000112046000 	/Library/Java/JavaVirtualMachines/jdk1.8.0_121.jdk/Contents/Home/jre/lib/libawt_lwawt.dylib
0x00000001120fd000 	/Library/Java/JavaVirtualMachines/jdk1.8.0_121.jdk/Contents/Home/jre/lib/./libosxapp.dylib
0x000000004c357000 	/System/Library/Frameworks/ExceptionHandling.framework/Versions/A/ExceptionHandling
0x000000004c357000 	/System/Library/PrivateFrameworks/CoreServicesInternal.framework/Versions/A/CoreServicesInternal
0x000000004c357000 	/System/Library/CoreServices/RawCamera.bundle/Contents/MacOS/RawCamera
0x000000004c357000 	/System/Library/Frameworks/Accelerate.framework/Versions/A/Frameworks/vImage.framework/Versions/A/Libraries/libCGInterfaces.dylib
0x000000004c357000 	/System/Library/Frameworks/ApplicationServices.framework/Versions/A/Frameworks/ATS.framework/Versions/A/Resources/libTrueTypeScaler.dylib
0x0000000113d1d000 	/System/Library/Frameworks/OpenGL.framework/Resources/GLEngine.bundle/GLEngine
0x000000004c357000 	/System/Library/Frameworks/OpenGL.framework/Versions/A/Libraries/libGLProgrammability.dylib
0x0000000113f02000 	/System/Library/Extensions/AppleIntelHD5000GraphicsGLDriver.bundle/Contents/MacOS/AppleIntelHD5000GraphicsGLDriver
0x000000004c357000 	/System/Library/PrivateFrameworks/GPUSupport.framework/Versions/A/Libraries/libGPUSupportMercury.dylib
0x0000000112e43000 	/System/Library/Frameworks/OpenGL.framework/Resources//GLRendererFloat.bundle/GLRendererFloat
0x000000004c357000 	/System/Library/Frameworks/OpenCL.framework/Versions/A/Libraries/libcldcpuengine.dylib
0x000000004c357000 	/usr/lib/libcrypto.0.9.8.dylib
0x000000004c357000 	/System/Library/PrivateFrameworks/TrustEvaluationAgent.framework/Versions/A/TrustEvaluationAgent
0x0000000114670000 	/System/Library/Extensions/AppleIntelHD5000GraphicsMTLDriver.bundle/Contents/MacOS/AppleIntelHD5000GraphicsMTLDriver
0x000000004c357000 	/System/Library/PrivateFrameworks/FamilyControls.framework/Versions/A/FamilyControls
0x000000004c357000 	/System/Library/PrivateFrameworks/CommerceKit.framework/Versions/A/Frameworks/CommerceCore.framework/Versions/A/CommerceCore
0x000000004c357000 	/System/Library/PrivateFrameworks/SystemAdministration.framework/Versions/A/SystemAdministration
0x000000004c357000 	/System/Library/PrivateFrameworks/AppContainer.framework/Versions/A/AppContainer
0x000000004c357000 	/System/Library/PrivateFrameworks/SecCodeWrapper.framework/Versions/A/SecCodeWrapper
0x000000004c357000 	/System/Library/Frameworks/DirectoryService.framework/Versions/A/DirectoryService
0x000000004c357000 	/System/Library/PrivateFrameworks/DiskImages.framework/Versions/A/DiskImages
0x000000004c357000 	/System/Library/PrivateFrameworks/LoginUIKit.framework/Versions/A/Frameworks/LoginUICore.framework/Versions/A/LoginUICore
0x000000004c357000 	/usr/lib/libCoreStorage.dylib
0x000000004c357000 	/usr/lib/libcsfde.dylib
0x000000004c357000 	/usr/lib/libodfde.dylib
0x000000004c357000 	/System/Library/Frameworks/DiscRecording.framework/Versions/A/DiscRecording
0x000000004c357000 	/usr/lib/libcurl.4.dylib
0x000000004c357000 	/System/Library/PrivateFrameworks/MediaKit.framework/Versions/A/MediaKit
0x000000004c357000 	/System/Library/PrivateFrameworks/ProtectedCloudStorage.framework/Versions/A/ProtectedCloudStorage
0x000000004c357000 	/System/Library/PrivateFrameworks/EFILogin.framework/Versions/A/EFILogin
0x000000004c357000 	/usr/lib/libutil.dylib
0x000000004c357000 	/System/Library/Frameworks/LDAP.framework/Versions/A/LDAP
0x000000004c357000 	/usr/lib/libsasl2.2.dylib
0x000000004c357000 	/System/Library/PrivateFrameworks/CoreDaemon.framework/Versions/B/CoreDaemon
0x000000004c357000 	/System/Library/PrivateFrameworks/AppleSRP.framework/Versions/A/AppleSRP
0x000000004c357000 	/System/Library/PrivateFrameworks/APFS.framework/Versions/A/APFS
0x00000001161a7000 	/Library/Java/JavaVirtualMachines/jdk1.8.0_121.jdk/Contents/Home/jre/lib/libfontmanager.dylib
0x000000004c357000 	/System/Library/PrivateFrameworks/ViewBridge.framework/Versions/A/ViewBridge
0x000000004c357000 	/System/Library/PrivateFrameworks/XPCService.framework/Versions/A/XPCService
0x000000004c357000 	/System/Library/PrivateFrameworks/AppSandbox.framework/Versions/A/AppSandbox
0x000000004c357000 	/usr/lib/libsandbox.1.dylib
0x000000004c357000 	/usr/lib/libMatch.1.dylib
0x00000001175a1000 	/Library/Java/JavaVirtualMachines/jdk1.8.0_121.jdk/Contents/Home/jre/lib/libosxui.dylib
0x000000011816c000 	/Library/Java/JavaVirtualMachines/jdk1.8.0_121.jdk/Contents/Home/jre/lib/libnet.dylib
0x00000001180c6000 	/Library/Java/JavaVirtualMachines/jdk1.8.0_121.jdk/Contents/Home/jre/lib/libnio.dylib
0x00000001172af000 	/private/var/folders/z5/dkh_k18x6bn8z6w6jj1k7pqm0000gn/T/jogamp_0000/file_cache/jln7739336597106810638/jln3897572131398249106/libgluegen-rt.jnilib
0x0000000118114000 	/private/var/folders/z5/dkh_k18x6bn8z6w6jj1k7pqm0000gn/T/jogamp_0000/file_cache/jln7739336597106810638/jln3897572131398249106/libnativewindow_awt.jnilib
0x000000018f820000 	/Library/Java/JavaVirtualMachines/jdk1.8.0_121.jdk/Contents/Home/jre/lib/libjawt.dylib
0x000000018f823000 	/private/var/folders/z5/dkh_k18x6bn8z6w6jj1k7pqm0000gn/T/jogamp_0000/file_cache/jln7739336597106810638/jln3897572131398249106/libnativewindow_macosx.jnilib
0x0000000191658000 	/private/var/folders/z5/dkh_k18x6bn8z6w6jj1k7pqm0000gn/T/jogamp_0000/file_cache/jln7739336597106810638/jln3897572131398249106/libjogl_desktop.jnilib
0x00000001939ea000 	/Library/Java/JavaVirtualMachines/jdk1.8.0_121.jdk/Contents/Home/jre/lib/libt2k.dylib

VM Arguments:
jvm_args: -Djava.security.policy=java.policy.applet -Dfile.encoding=MacRoman 
java_command: sun.applet.AppletViewer module6.EarthquakeCityMap1523943567330.html
java_class_path (initial): /Users/Mac/Documents/workspace/UCSDUnfoldingMaps/build:/Users/Mac/Documents/workspace/UCSDUnfoldingMaps/lib/core.jar:/Users/Mac/Documents/workspace/UCSDUnfoldingMaps/lib/gluegen-rt.jar:/Users/Mac/Documents/workspace/UCSDUnfoldingMaps/lib/jogl-all.jar:/Users/Mac/Documents/workspace/UCSDUnfoldingMaps/lib/log4j-1.2.15.jar:/Users/Mac/Documents/workspace/UCSDUnfoldingMaps/lib/sqlite-jdbc-3.7.2.jar:/Users/Mac/Documents/workspace/UCSDUnfoldingMaps/lib/json4processing.jar:/Users/Mac/Documents/workspace/UCSDUnfoldingMaps/lib/libTUIO.jar:/Users/Mac/Documents/workspace/UCSDUnfoldingMaps/lib/unfolding.0.9.7-uscd.jar
Launcher Type: SUN_STANDARD

Environment Variables:
PATH=/Library/Frameworks/Python.framework/Versions/3.6/bin:/usr/local/bin:/usr/bin:/bin:/usr/sbin:/sbin:/opt/X11/bin:/Library/Frameworks/Mono.framework/Versions/Current/Commands:/Library/TeX/texbin
SHELL=/bin/bash
DISPLAY=/private/tmp/com.apple.launchd.BfoSnAz3r8/org.macosforge.xquartz:0

Signal Handlers:
SIGSEGV: [libjvm.dylib+0x5b1141], sa_mask[0]=11111111011111110111111111111111, sa_flags=SA_ONSTACK|SA_RESTART|SA_SIGINFO
SIGBUS: [libjvm.dylib+0x5b1141], sa_mask[0]=11111111011111110111111111111111, sa_flags=SA_RESTART|SA_SIGINFO
SIGFPE: [libjvm.dylib+0x487bc4], sa_mask[0]=11111111011111110111111111111111, sa_flags=SA_RESTART|SA_SIGINFO
SIGPIPE: [libjvm.dylib+0x487bc4], sa_mask[0]=11111111011111110111111111111111, sa_flags=SA_RESTART|SA_SIGINFO
SIGXFSZ: [libjvm.dylib+0x487bc4], sa_mask[0]=11111111011111110111111111111111, sa_flags=SA_RESTART|SA_SIGINFO
SIGILL: [libjvm.dylib+0x487bc4], sa_mask[0]=11111111011111110111111111111111, sa_flags=SA_RESTART|SA_SIGINFO
SIGUSR1: SIG_DFL, sa_mask[0]=11011111011111100000000111000110, sa_flags=none
SIGUSR2: [libjvm.dylib+0x4876e2], sa_mask[0]=00100000000000000000000000000000, sa_flags=SA_RESTART|SA_SIGINFO
SIGHUP: [libjvm.dylib+0x485cb9], sa_mask[0]=11111111011111110111111111111111, sa_flags=SA_RESTART|SA_SIGINFO
SIGINT: [libjvm.dylib+0x485cb9], sa_mask[0]=11111111011111110111111111111111, sa_flags=SA_RESTART|SA_SIGINFO
SIGTERM: [libjvm.dylib+0x485cb9], sa_mask[0]=11111111011111110111111111111111, sa_flags=SA_RESTART|SA_SIGINFO
SIGQUIT: [libjvm.dylib+0x485cb9], sa_mask[0]=11111111011111110111111111111111, sa_flags=SA_RESTART|SA_SIGINFO


---------------  S Y S T E M  ---------------

OS:Bsduname:Darwin 16.7.0 Darwin Kernel Version 16.7.0: Thu Jan 11 22:59:40 PST 2018; root:xnu-3789.73.8~1/RELEASE_X86_64 x86_64
rlimit: STACK 8192k, CORE 0k, NPROC 709, NOFILE 10240, AS infinity
load average:2.93 2.52 2.38

CPU:total 4 (2 cores per cpu, 2 threads per core) family 6 model 69 stepping 1, cmov, cx8, fxsr, mmx, sse, sse2, sse3, ssse3, sse4.1, sse4.2, popcnt, avx, avx2, aes, clmul, erms, lzcnt, ht, tsc, tscinvbit, bmi1, bmi2

Memory: 4k page, physical 4194304k(123868k free)

/proc/meminfo:


vm_info: Java HotSpot(TM) 64-Bit Server VM (25.121-b13) for bsd-amd64 JRE (1.8.0_121-b13), built on Dec 12 2016 20:39:32 by "java_re" with gcc 4.2.1 (Based on Apple Inc. build 5658) (LLVM build 2336.11.00)

time: Mon Apr 16 22:39:43 2018
elapsed time: 16 seconds (0d 0h 0m 16s)

