#
# A fatal error has been detected by the Java Runtime Environment:
#
#  SIGSEGV (0xb) at pc=0x00007fffd65ee05d, pid=12832, tid=0x0000000000000307
#
# JRE version: Java(TM) SE Runtime Environment (8.0_121-b13) (build 1.8.0_121-b13)
# Java VM: Java HotSpot(TM) 64-Bit Server VM (25.121-b13 mixed mode bsd-amd64 compressed oops)
# Problematic frame:
# C  [libobjc.A.dylib+0x705d]  objc_msgSend+0x1d
#
# Failed to write core dump. Core dumps have been disabled. To enable core dumping, try "ulimit -c unlimited" before starting Java again
#
# If you would like to submit a bug report, please visit:
#   http://bugreport.java.com/bugreport/crash.jsp
# The crash happened outside the Java Virtual Machine in native code.
# See problematic frame for where to report the bug.
#

---------------  T H R E A D  ---------------

Current thread (0x00007f9bfa1e0000):  JavaThread "AWT-AppKit" daemon [_thread_in_native, id=775, stack(0x00007fff54c62000,0x00007fff55462000)]

siginfo: si_signo: 11 (SIGSEGV), si_code: 1 (SEGV_MAPERR), si_addr: 0x0000000000000018

Registers:
RAX=0x00007f9bff8030d0, RBX=0x000000018f687450, RCX=0x00007f9bfc700a60, RDX=0x0000000000000000
RSP=0x00007fff5545d148, RBP=0x00007fff5545d200, RSI=0x00007fffbfe75116, RDI=0x00007f9bff806fe0
R8 =0x0000000000000018, R9 =0x00007f9bfc700960, R10=0x0000000000000000, R11=0x00007fffbfe75116
R12=0x0000000000000000, R13=0x000000019136dd90, R14=0x000000018f687440, R15=0x00007f9bfa1e0000
RIP=0x00007fffd65ee05d, EFLAGS=0x0000000000010246, ERR=0x0000000000000004
  TRAPNO=0x000000000000000e

Top of Stack: (sp=0x00007fff5545d148)
0x00007fff5545d148:   000000018f685157 00007fff5545d1a0
0x00007fff5545d158:   0000000000000003 00007fff5545d180
0x00007fff5545d168:   000000010c0b6c62 000000019136dd90
0x00007fff5545d178:   000000019136dd90 00007f9bff8030d0
0x00007fff5545d188:   000000018f6876a0 000000018f687710
0x00007fff5545d198:   00007fffdc6546d0 00007fffdd2841e0
0x00007fff5545d1a8:   000000018f687450 000000018f687690
0x00007fff5545d1b8:   00007f9bff8030d0 00007f9bff806fe0
0x00007fff5545d1c8:   00007f9bf9c94e10 00007f9bff8030d0
0x00007fff5545d1d8:   00007f9bff806fe0 00007fff5545d288
0x00007fff5545d1e8:   00007f9bfa1e01f8 000000019136dd90
0x00007fff5545d1f8:   00007fff5545d2b0 00007fff5545d278
0x00007fff5545d208:   000000010ce7d9f4 000000019136dd90
0x00007fff5545d218:   00007fff5545d2b0 00007fff5545d278
0x00007fff5545d228:   000000010ce7d787 000000010ce7d742
0x00007fff5545d238:   00007fff5545d238 000000019136dd90
0x00007fff5545d248:   00007fff5545d2b0 00000001913709c8
0x00007fff5545d258:   0000000000000000 000000019136dd90
0x00007fff5545d268:   0000000000000000 00007fff5545d298
0x00007fff5545d278:   00007fff5545d2f8 000000010ce6e2bd
0x00007fff5545d288:   00000007800c63d8 000000010ce77538
0x00007fff5545d298:   00007f9bff8030d0 00007fff5545d2f8
0x00007fff5545d2a8:   00007f9bff806fe0 000000010ce78e02
0x00007fff5545d2b8:   00007fff5545d2b8 000000019136df5a
0x00007fff5545d2c8:   00007fff5545d320 00000001913709c8
0x00007fff5545d2d8:   0000000000000000 000000019136df68
0x00007fff5545d2e8:   00007fff5545d298 00007fff5545d308
0x00007fff5545d2f8:   00007fff5545d368 000000010ce6e2bd
0x00007fff5545d308:   00007f9bff8030d0 0000000780c204b0
0x00007fff5545d318:   00007f9bff806fe0 0000000780c204b0
0x00007fff5545d328:   00007fff5545d328 0000000196f14146
0x00007fff5545d338:   00007fff5545d378 0000000196f14200 

Instructions: (pc=0x00007fffd65ee05d)
0x00007fffd65ee03d:   0f 1f 00 48 85 ff 2e 74 62 40 f6 c7 01 2e 75 66
0x00007fffd65ee04d:   49 ba f8 ff ff ff ff 7f 00 00 4c 23 17 49 89 f3
0x00007fffd65ee05d:   45 23 5a 18 49 c1 e3 04 4d 03 5a 10 49 3b 33 75
0x00007fffd65ee06d:   04 41 ff 63 08 49 83 3b 01 76 0d 49 83 c3 10 49 

Register to memory mapping:

RAX=0x00007f9bff8030d0 is an unknown value
RBX=0x000000018f687450: Java_jogamp_nativewindow_macosx_OSXUtil_GetScreenRefreshRate0+0x1cf0 in /private/var/folders/z5/dkh_k18x6bn8z6w6jj1k7pqm0000gn/T/jogamp_0000/file_cache/jln8417266967236038501/jln7639535502991326880/libnativewindow_macosx.jnilib at 0x000000018f680000
RCX=0x00007f9bfc700a60 is an unknown value
RDX=0x0000000000000000 is an unknown value
RSP=0x00007fff5545d148 is pointing into the stack for thread: 0x00007f9bfa1e0000
RBP=0x00007fff5545d200 is pointing into the stack for thread: 0x00007f9bfa1e0000
RSI=0x00007fffbfe75116: __NSStyleNameIndexTable+0x7fd5e in /System/Library/Frameworks/AppKit.framework/Versions/C/AppKit at 0x00007fffbf208000
RDI=0x00007f9bff806fe0 is an unknown value
R8 =0x0000000000000018 is an unknown value
R9 =0x00007f9bfc700960 is an unknown value
R10=0x0000000000000000 is an unknown value
R11=0x00007fffbfe75116: __NSStyleNameIndexTable+0x7fd5e in /System/Library/Frameworks/AppKit.framework/Versions/C/AppKit at 0x00007fffbf208000
R12=0x0000000000000000 is an unknown value
R13={method} {0x000000019136dd90} 'UnsetJAWTRootSurfaceLayer0' '(JJ)V' in 'jogamp/nativewindow/jawt/macosx/MacOSXJAWTWindow'
R14=0x000000018f687440: Java_jogamp_nativewindow_macosx_OSXUtil_GetScreenRefreshRate0+0x1ce0 in /private/var/folders/z5/dkh_k18x6bn8z6w6jj1k7pqm0000gn/T/jogamp_0000/file_cache/jln8417266967236038501/jln7639535502991326880/libnativewindow_macosx.jnilib at 0x000000018f680000
R15=0x00007f9bfa1e0000 is a thread


Stack: [0x00007fff54c62000,0x00007fff55462000],  sp=0x00007fff5545d148,  free space=8172k
Native frames: (J=compiled Java code, j=interpreted, Vv=VM code, C=native code)
C  [libobjc.A.dylib+0x705d]  objc_msgSend+0x1d
j  jogamp.nativewindow.jawt.macosx.MacOSXJAWTWindow.UnsetJAWTRootSurfaceLayer0(JJ)V+0
j  jogamp.nativewindow.jawt.macosx.MacOSXJAWTWindow.access$200(JJ)V+2
j  jogamp.nativewindow.jawt.macosx.MacOSXJAWTWindow$1.run()V+38
J 2956 C1 com.jogamp.common.util.RunnableTask.run()V (345 bytes) @ 0x000000010d7eb3b4 [0x000000010d7eb220+0x194]
v  ~StubRoutines::call_stub
V  [libjvm.dylib+0x2ed9d6]  JavaCalls::call_helper(JavaValue*, methodHandle*, JavaCallArguments*, Thread*)+0x6ae
V  [libjvm.dylib+0x324b65]  jni_invoke_nonstatic(JNIEnv_*, JavaValue*, _jobject*, JNICallType, _jmethodID*, JNI_ArgumentPusher*, Thread*)+0x2ec
V  [libjvm.dylib+0x317333]  jni_CallVoidMethod+0x16b
C  [libnativewindow_macosx.jnilib+0x5326]  Java_jogamp_nativewindow_jawt_macosx_MacOSXJAWTWindow_UnsetJAWTRootSurfaceLayer0+0x2b6
C  [Foundation+0x7152a]  __NSThreadPerformPerform+0x146
C  [CoreFoundation+0xa7321]  __CFRUNLOOP_IS_CALLING_OUT_TO_A_SOURCE0_PERFORM_FUNCTION__+0x11
C  [CoreFoundation+0x88197]  __CFRunLoopDoSources0+0x1a7
C  [CoreFoundation+0x87716]  __CFRunLoopRun+0x3a6
C  [CoreFoundation+0x87114]  CFRunLoopRunSpecific+0x1a4
C  [HIToolbox+0x30ebc]  RunCurrentEventLoopInMode+0xf0
C  [HIToolbox+0x30bf9]  ReceiveNextEventCommon+0xb8
C  [HIToolbox+0x30b26]  _BlockUntilNextEventMatchingListInModeWithFilter+0x47
C  [AppKit+0x46a54]  _DPSNextEvent+0x460
C  [AppKit+0x7c27ee]  -[NSApplication(NSEvent) _nextEventMatchingEventMask:untilDate:inMode:dequeue:]+0xaec
C  [libosxapp.dylib+0x23aa]  -[NSApplicationAWT nextEventMatchingMask:untilDate:inMode:dequeue:]+0x7c
C  [AppKit+0x3b3db]  -[NSApplication run]+0x39e
C  [libosxapp.dylib+0x214d]  +[NSApplicationAWT runAWTLoopWithApp:]+0x9c
C  [libawt_lwawt.dylib+0x45ff7]  -[AWTStarter starter:]+0x389
C  [Foundation+0x7152a]  __NSThreadPerformPerform+0x146
C  [CoreFoundation+0xa7321]  __CFRUNLOOP_IS_CALLING_OUT_TO_A_SOURCE0_PERFORM_FUNCTION__+0x11
C  [CoreFoundation+0x8821d]  __CFRunLoopDoSources0+0x22d
C  [CoreFoundation+0x87716]  __CFRunLoopRun+0x3a6
C  [CoreFoundation+0x87114]  CFRunLoopRunSpecific+0x1a4
C  [java+0x6465]  CreateExecutionEnvironment+0x367
C  [java+0x218c]  JLI_Launch+0x7a0
C  [java+0x84c2]  main+0x65
C  [java+0x19e4]  start+0x34
C  0x0000000000000007

Java frames: (J=compiled Java code, j=interpreted, Vv=VM code)
j  jogamp.nativewindow.jawt.macosx.MacOSXJAWTWindow.UnsetJAWTRootSurfaceLayer0(JJ)V+0
j  jogamp.nativewindow.jawt.macosx.MacOSXJAWTWindow.access$200(JJ)V+2
j  jogamp.nativewindow.jawt.macosx.MacOSXJAWTWindow$1.run()V+38
J 2956 C1 com.jogamp.common.util.RunnableTask.run()V (345 bytes) @ 0x000000010d7eb3b4 [0x000000010d7eb220+0x194]
v  ~StubRoutines::call_stub

---------------  P R O C E S S  ---------------

Java Threads: ( => current thread )
  0x00007f9c01207000 JavaThread "Thread-19" [_thread_blocked, id=74407, stack(0x000070000f273000,0x000070000f373000)]
  0x00007f9bfb9ec800 JavaThread "AWT-EventQueue-1" [_thread_in_native, id=68375, stack(0x00007000109c1000,0x0000700010ac1000)]
  0x00007f9bfb110800 JavaThread "DestroyJavaVM" [_thread_blocked, id=7171, stack(0x000070000f379000,0x000070000f479000)]
  0x00007f9bfa2cb000 JavaThread "AWT-EventQueue-0" [_thread_blocked, id=64787, stack(0x00007000107bb000,0x00007000108bb000)]
  0x00007f9bfa27a800 JavaThread "Java2D Disposer" daemon [_thread_blocked, id=56847, stack(0x0000700010532000,0x0000700010632000)]
  0x00007f9bfb909800 JavaThread "Java2D Queue Flusher" daemon [_thread_blocked, id=47663, stack(0x000070001042f000,0x000070001052f000)]
  0x00007f9bfa218000 JavaThread "AWT-Shutdown" [_thread_blocked, id=29727, stack(0x0000700010226000,0x0000700010326000)]
=>0x00007f9bfa1e0000 JavaThread "AWT-AppKit" daemon [_thread_in_native, id=775, stack(0x00007fff54c62000,0x00007fff55462000)]
  0x00007f9bfb024800 JavaThread "Service Thread" daemon [_thread_blocked, id=18691, stack(0x000070000ff9d000,0x000070001009d000)]
  0x00007f9bfb82e800 JavaThread "C1 CompilerThread2" daemon [_thread_blocked, id=18179, stack(0x000070000fe9a000,0x000070000ff9a000)]
  0x00007f9bfa068800 JavaThread "C2 CompilerThread1" daemon [_thread_blocked, id=17667, stack(0x000070000fd97000,0x000070000fe97000)]
  0x00007f9bfb023800 JavaThread "C2 CompilerThread0" daemon [_thread_blocked, id=17155, stack(0x000070000fc94000,0x000070000fd94000)]
  0x00007f9bfb82d800 JavaThread "Signal Dispatcher" daemon [_thread_blocked, id=16643, stack(0x000070000fb91000,0x000070000fc91000)]
  0x00007f9bfb82c000 JavaThread "Finalizer" daemon [_thread_blocked, id=12547, stack(0x000070000fa8e000,0x000070000fb8e000)]
  0x00007f9bfa03a800 JavaThread "Reference Handler" daemon [_thread_blocked, id=12035, stack(0x000070000f98b000,0x000070000fa8b000)]

Other Threads:
  0x00007f9bfb829800 VMThread [stack: 0x000070000f888000,0x000070000f988000] [id=11523]
  0x00007f9bfb025000 WatcherThread [stack: 0x00007000100a0000,0x00007000101a0000] [id=19203]

VM state:not at safepoint (normal execution)

VM Mutex/Monitor currently owned by a thread: None

Heap:
 PSYoungGen      total 255488K, used 14646K [0x00000007aab00000, 0x00000007be880000, 0x00000007c0000000)
  eden space 248320K, 5% used [0x00000007aab00000,0x00000007ab915b98,0x00000007b9d80000)
  from space 7168K, 3% used [0x00000007bda80000,0x00000007bdab8000,0x00000007be180000)
  to   space 6656K, 0% used [0x00000007be200000,0x00000007be200000,0x00000007be880000)
 ParOldGen       total 43520K, used 16814K [0x0000000780000000, 0x0000000782a80000, 0x00000007aab00000)
  object space 43520K, 38% used [0x0000000780000000,0x000000078106ba70,0x0000000782a80000)
 Metaspace       used 21647K, capacity 21903K, committed 22192K, reserved 1069056K
  class space    used 2134K, capacity 2236K, committed 2304K, reserved 1048576K

Card table byte_map: [0x000000010b5c0000,0x000000010b7c1000] byte_map_base: 0x00000001079c0000

Marking Bits: (ParMarkBitMap*) 0x000000010c7b4d30
 Begin Bits: [0x000000011be66000, 0x000000011ce66000)
 End Bits:   [0x000000011ce66000, 0x000000011de66000)

Polling page: 0x000000010a85e000

CodeCache: size=245760Kb used=10585Kb max_used=10585Kb free=235174Kb
 bounds [0x000000010ce66000, 0x000000010d8d6000, 0x000000011be66000]
 total_blobs=3906 nmethods=3010 adapters=809
 compilation: enabled

Compilation events (10 events):
Event: 20.879 Thread 0x00007f9bfb82e800 3205       3       java.util.HashSet::<init> (16 bytes)
Event: 20.880 Thread 0x00007f9bfb82e800 nmethod 3205 0x000000010d8c8890 code [0x000000010d8c8a20, 0x000000010d8c8e30]
Event: 20.880 Thread 0x00007f9bfb82e800 3206       3       sun.java2d.pipe.RenderBuffer::position (11 bytes)
Event: 20.880 Thread 0x00007f9bfb82e800 nmethod 3206 0x000000010d8c9010 code [0x000000010d8c9160, 0x000000010d8c92b0]
Event: 20.881 Thread 0x00007f9bfb82e800 3207       3       com.jogamp.opengl.FBObject::checkInitialized (18 bytes)
Event: 20.882 Thread 0x00007f9bfb82e800 nmethod 3207 0x000000010d8c9310 code [0x000000010d8c9480, 0x000000010d8c96c8]
Event: 20.900 Thread 0x00007f9bfb82e800 3209       3       sun.java2d.SurfaceData::markDirty (8 bytes)
Event: 20.900 Thread 0x00007f9bfb82e800 nmethod 3209 0x000000010d8c9790 code [0x000000010d8c9900, 0x000000010d8c9b50]
Event: 20.900 Thread 0x00007f9bfb82e800 3208       1       sun.java2d.SurfaceData::isValid (5 bytes)
Event: 20.900 Thread 0x00007f9bfb82e800 nmethod 3208 0x000000010d8c9c10 code [0x000000010d8c9d60, 0x000000010d8c9e70]

GC Heap History (10 events):
Event: 17.236 GC heap before
{Heap before GC invocations=22 (full 1):
 PSYoungGen      total 314368K, used 314016K [0x00000007aab00000, 0x00000007bf680000, 0x00000007c0000000)
  eden space 313856K, 100% used [0x00000007aab00000,0x00000007bdd80000,0x00000007bdd80000)
  from space 512K, 31% used [0x00000007bf600000,0x00000007bf628000,0x00000007bf680000)
  to   space 8704K, 0% used [0x00000007be580000,0x00000007be580000,0x00000007bee00000)
 ParOldGen       total 43520K, used 16798K [0x0000000780000000, 0x0000000782a80000, 0x00000007aab00000)
  object space 43520K, 38% used [0x0000000780000000,0x0000000781067a70,0x0000000782a80000)
 Metaspace       used 21584K, capacity 21871K, committed 22192K, reserved 1069056K
  class space    used 2126K, capacity 2204K, committed 2304K, reserved 1048576K
Event: 17.237 GC heap after
Heap after GC invocations=22 (full 1):
 PSYoungGen      total 308224K, used 160K [0x00000007aab00000, 0x00000007bf680000, 0x00000007c0000000)
  eden space 299520K, 0% used [0x00000007aab00000,0x00000007aab00000,0x00000007bcf80000)
  from space 8704K, 1% used [0x00000007be580000,0x00000007be5a8000,0x00000007bee00000)
  to   space 8192K, 0% used [0x00000007bee80000,0x00000007bee80000,0x00000007bf680000)
 ParOldGen       total 43520K, used 16806K [0x0000000780000000, 0x0000000782a80000, 0x00000007aab00000)
  object space 43520K, 38% used [0x0000000780000000,0x0000000781069a70,0x0000000782a80000)
 Metaspace       used 21584K, capacity 21871K, committed 22192K, reserved 1069056K
  class space    used 2126K, capacity 2204K, committed 2304K, reserved 1048576K
}
Event: 18.232 GC heap before
{Heap before GC invocations=23 (full 1):
 PSYoungGen      total 308224K, used 299680K [0x00000007aab00000, 0x00000007bf680000, 0x00000007c0000000)
  eden space 299520K, 100% used [0x00000007aab00000,0x00000007bcf80000,0x00000007bcf80000)
  from space 8704K, 1% used [0x00000007be580000,0x00000007be5a8000,0x00000007bee00000)
  to   space 8192K, 0% used [0x00000007bee80000,0x00000007bee80000,0x00000007bf680000)
 ParOldGen       total 43520K, used 16806K [0x0000000780000000, 0x0000000782a80000, 0x00000007aab00000)
  object space 43520K, 38% used [0x0000000780000000,0x0000000781069a70,0x0000000782a80000)
 Metaspace       used 21585K, capacity 21871K, committed 22192K, reserved 1069056K
  class space    used 2126K, capacity 2204K, committed 2304K, reserved 1048576K
Event: 18.234 GC heap after
Heap after GC invocations=23 (full 1):
 PSYoungGen      total 286208K, used 160K [0x00000007aab00000, 0x00000007bef00000, 0x00000007c0000000)
  eden space 285696K, 0% used [0x00000007aab00000,0x00000007aab00000,0x00000007bc200000)
  from space 512K, 31% used [0x00000007bee80000,0x00000007beea8000,0x00000007bef00000)
  to   space 7680K, 0% used [0x00000007be000000,0x00000007be000000,0x00000007be780000)
 ParOldGen       total 43520K, used 16806K [0x0000000780000000, 0x0000000782a80000, 0x00000007aab00000)
  object space 43520K, 38% used [0x0000000780000000,0x0000000781069a70,0x0000000782a80000)
 Metaspace       used 21585K, capacity 21871K, committed 22192K, reserved 1069056K
  class space    used 2126K, capacity 2204K, committed 2304K, reserved 1048576K
}
Event: 19.135 GC heap before
{Heap before GC invocations=24 (full 1):
 PSYoungGen      total 286208K, used 285856K [0x00000007aab00000, 0x00000007bef00000, 0x00000007c0000000)
  eden space 285696K, 100% used [0x00000007aab00000,0x00000007bc200000,0x00000007bc200000)
  from space 512K, 31% used [0x00000007bee80000,0x00000007beea8000,0x00000007bef00000)
  to   space 7680K, 0% used [0x00000007be000000,0x00000007be000000,0x00000007be780000)
 ParOldGen       total 43520K, used 16806K [0x0000000780000000, 0x0000000782a80000, 0x00000007aab00000)
  object space 43520K, 38% used [0x0000000780000000,0x0000000781069a70,0x0000000782a80000)
 Metaspace       used 21592K, capacity 21871K, committed 22192K, reserved 1069056K
  class space    used 2126K, capacity 2204K, committed 2304K, reserved 1048576K
Event: 19.136 GC heap after
Heap after GC invocations=24 (full 1):
 PSYoungGen      total 280064K, used 160K [0x00000007aab00000, 0x00000007bef00000, 0x00000007c0000000)
  eden space 272384K, 0% used [0x00000007aab00000,0x00000007aab00000,0x00000007bb500000)
  from space 7680K, 2% used [0x00000007be000000,0x00000007be028000,0x00000007be780000)
  to   space 7168K, 0% used [0x00000007be800000,0x00000007be800000,0x00000007bef00000)
 ParOldGen       total 43520K, used 16814K [0x0000000780000000, 0x0000000782a80000, 0x00000007aab00000)
  object space 43520K, 38% used [0x0000000780000000,0x000000078106ba70,0x0000000782a80000)
 Metaspace       used 21592K, capacity 21871K, committed 22192K, reserved 1069056K
  class space    used 2126K, capacity 2204K, committed 2304K, reserved 1048576K
}
Event: 20.019 GC heap before
{Heap before GC invocations=25 (full 1):
 PSYoungGen      total 280064K, used 272544K [0x00000007aab00000, 0x00000007bef00000, 0x00000007c0000000)
  eden space 272384K, 100% used [0x00000007aab00000,0x00000007bb500000,0x00000007bb500000)
  from space 7680K, 2% used [0x00000007be000000,0x00000007be028000,0x00000007be780000)
  to   space 7168K, 0% used [0x00000007be800000,0x00000007be800000,0x00000007bef00000)
 ParOldGen       total 43520K, used 16814K [0x0000000780000000, 0x0000000782a80000, 0x00000007aab00000)
  object space 43520K, 38% used [0x0000000780000000,0x000000078106ba70,0x0000000782a80000)
 Metaspace       used 21593K, capacity 21871K, committed 22192K, reserved 1069056K
  class space    used 2126K, capacity 2204K, committed 2304K, reserved 1048576K
Event: 20.021 GC heap after
Heap after GC invocations=25 (full 1):
 PSYoungGen      total 260608K, used 192K [0x00000007aab00000, 0x00000007be880000, 0x00000007c0000000)
  eden space 260096K, 0% used [0x00000007aab00000,0x00000007aab00000,0x00000007ba900000)
  from space 512K, 37% used [0x00000007be800000,0x00000007be830000,0x00000007be880000)
  to   space 7168K, 0% used [0x00000007bda80000,0x00000007bda80000,0x00000007be180000)
 ParOldGen       total 43520K, used 16814K [0x0000000780000000, 0x0000000782a80000, 0x00000007aab00000)
  object space 43520K, 38% used [0x0000000780000000,0x000000078106ba70,0x0000000782a80000)
 Metaspace       used 21593K, capacity 21871K, committed 22192K, reserved 1069056K
  class space    used 2126K, capacity 2204K, committed 2304K, reserved 1048576K
}
Event: 20.843 GC heap before
{Heap before GC invocations=26 (full 1):
 PSYoungGen      total 260608K, used 260288K [0x00000007aab00000, 0x00000007be880000, 0x00000007c0000000)
  eden space 260096K, 100% used [0x00000007aab00000,0x00000007ba900000,0x00000007ba900000)
  from space 512K, 37% used [0x00000007be800000,0x00000007be830000,0x00000007be880000)
  to   space 7168K, 0% used [0x00000007bda80000,0x00000007bda80000,0x00000007be180000)
 ParOldGen       total 43520K, used 16814K [0x0000000780000000, 0x0000000782a80000, 0x00000007aab00000)
  object space 43520K, 38% used [0x0000000780000000,0x000000078106ba70,0x0000000782a80000)
 Metaspace       used 21617K, capacity 21871K, committed 22192K, reserved 1069056K
  class space    used 2128K, capacity 2204K, committed 2304K, reserved 1048576K
Event: 20.845 GC heap after
Heap after GC invocations=26 (full 1):
 PSYoungGen      total 255488K, used 224K [0x00000007aab00000, 0x00000007be880000, 0x00000007c0000000)
  eden space 248320K, 0% used [0x00000007aab00000,0x00000007aab00000,0x00000007b9d80000)
  from space 7168K, 3% used [0x00000007bda80000,0x00000007bdab8000,0x00000007be180000)
  to   space 6656K, 0% used [0x00000007be200000,0x00000007be200000,0x00000007be880000)
 ParOldGen       total 43520K, used 16814K [0x0000000780000000, 0x0000000782a80000, 0x00000007aab00000)
  object space 43520K, 38% used [0x0000000780000000,0x000000078106ba70,0x0000000782a80000)
 Metaspace       used 21617K, capacity 21871K, committed 22192K, reserved 1069056K
  class space    used 2128K, capacity 2204K, committed 2304K, reserved 1048576K
}

Deoptimization events (10 events):
Event: 15.215 Thread 0x00007f9bfb9ec800 Uncommon trap: reason=unstable_if action=reinterpret pc=0x000000010d6755b0 method=jogamp.opengl.glu.tessellator.Mesh.KillEdge(Ljogamp/opengl/glu/tessellator/GLUhalfEdge;)V @ 4
Event: 15.292 Thread 0x00007f9bfb9ec800 Uncommon trap: reason=unstable_if action=reinterpret pc=0x000000010d4e6da4 method=jogamp.opengl.glu.tessellator.Geom.EdgeSign(Ljogamp/opengl/glu/tessellator/GLUvertex;Ljogamp/opengl/glu/tessellator/GLUvertex;Ljogamp/opengl/glu/tessellator/GLUvertex;)D @ 5
Event: 19.092 Thread 0x00007f9bfb9ec800 Uncommon trap: reason=bimorphic action=maybe_recompile pc=0x000000010d7c169c method=module6.CommonMarker.draw(Lprocessing/core/PGraphics;FF)V @ 25
Event: 19.389 Thread 0x00007f9bfb9ec800 Uncommon trap: reason=bimorphic action=maybe_recompile pc=0x000000010d7c169c method=module6.CommonMarker.draw(Lprocessing/core/PGraphics;FF)V @ 25
Event: 19.389 Thread 0x00007f9bfb9ec800 Uncommon trap: reason=unstable_if action=reinterpret pc=0x000000010d585974 method=sun.misc.FloatingDecimal$BinaryToASCIIBuffer.dtoa(IJIZ)V @ 97
Event: 20.830 Thread 0x00007f9bfb9ec800 Uncommon trap: reason=unstable_if action=reinterpret pc=0x000000010d74ed28 method=com.jogamp.common.util.VersionNumber.compareTo(Lcom/jogamp/common/util/VersionNumber;)I @ 21
Event: 20.833 Thread 0x00007f9bfa2cb000 Uncommon trap: reason=unstable_if action=reinterpret pc=0x000000010d779e14 method=java.awt.Font.equals(Ljava/lang/Object;)Z @ 2
Event: 20.878 Thread 0x00007f9bfa27d800 Uncommon trap: reason=unstable_if action=reinterpret pc=0x000000010d1113d4 method=java.util.HashMap.putVal(ILjava/lang/Object;Ljava/lang/Object;ZZ)Ljava/lang/Object; @ 81
Event: 20.898 Thread 0x00007f9bfb9ec800 Uncommon trap: reason=unstable_if action=reinterpret pc=0x000000010d7ddf94 method=java.security.AccessControlContext.optimize()Ljava/security/AccessControlContext; @ 233
Event: 20.899 Thread 0x00007f9c01207000 Uncommon trap: reason=predicate action=maybe_recompile pc=0x000000010d6f2388 method=java.util.Vector.indexOf(Ljava/lang/Object;I)I @ 44

Internal exceptions (10 events):
Event: 0.410 Thread 0x00007f9bfa003800 Exception <a 'java/lang/NoSuchFieldError': method resolution failed> (0x00000007aacd6178) thrown at [/Users/java_re/workspace/8-2-build-macosx-x86_64/jdk8u121/8372/hotspot/src/share/vm/prims/methodHandles.cpp, line 1146]
Event: 0.737 Thread 0x00007f9bfa003800 Exception <a 'java/io/FileNotFoundException'> (0x00000007aad52d60) thrown at [/Users/java_re/workspace/8-2-build-macosx-x86_64/jdk8u121/8372/hotspot/src/share/vm/prims/jni.cpp, line 709]
Event: 0.737 Thread 0x00007f9bfa003800 Exception <a 'java/io/FileNotFoundException'> (0x00000007aad538b0) thrown at [/Users/java_re/workspace/8-2-build-macosx-x86_64/jdk8u121/8372/hotspot/src/share/vm/prims/jni.cpp, line 709]
Event: 0.975 Thread 0x00007f9bfa003800 Exception <a 'java/io/FileNotFoundException'> (0x00000007aae8c340) thrown at [/Users/java_re/workspace/8-2-build-macosx-x86_64/jdk8u121/8372/hotspot/src/share/vm/prims/jni.cpp, line 709]
Event: 4.642 Thread 0x00007f9bfb82c000 Exception <a 'java/lang/NullPointerException'> (0x00000007aab82c08) thrown at [/Users/java_re/workspace/8-2-build-macosx-x86_64/jdk8u121/8372/hotspot/src/share/vm/interpreter/linkResolver.cpp, line 1178]
Event: 4.789 Thread 0x00007f9bfb21e000 Exception <a 'java/lang/UnsatisfiedLinkError': com.jogamp.common.util.JarUtil.fixNativeLibAttribs(Ljava/lang/String;)Z> (0x00000007aaf650f8) thrown at [/Users/java_re/workspace/8-2-build-macosx-x86_64/jdk8u121/8372/hotspot/src/share/vm/prims/nativeLookup.
Event: 6.456 Thread 0x00007f9bfb9ec800 Exception <a 'java/io/FileNotFoundException'> (0x00000007ab1716f8) thrown at [/Users/java_re/workspace/8-2-build-macosx-x86_64/jdk8u121/8372/hotspot/src/share/vm/prims/jni.cpp, line 709]
Event: 6.456 Thread 0x00007f9bfb9ec800 Exception <a 'java/io/FileNotFoundException'> (0x00000007ab1778e0) thrown at [/Users/java_re/workspace/8-2-build-macosx-x86_64/jdk8u121/8372/hotspot/src/share/vm/prims/jni.cpp, line 709]
Event: 6.457 Thread 0x00007f9bfb9ec800 Implicit null exception at 0x000000010d031876 to 0x000000010d031c45
Event: 7.000 Thread 0x00007f9bfb9ec800 Implicit null exception at 0x000000010cf970c6 to 0x000000010cf9730d

Events (10 events):
Event: 20.899 loading class java/awt/Toolkit$ToolkitEventMulticaster
Event: 20.899 loading class java/awt/Toolkit$ToolkitEventMulticaster done
Event: 20.899 Executing VM operation: RevokeBias
Event: 20.899 Executing VM operation: RevokeBias done
Event: 20.899 Thread 0x00007f9bfa27d800 Thread exited: 0x00007f9bfa27d800
Event: 20.899 Thread 0x00007f9c01207000 Uncommon trap: trap_request=0xffffff86 fr.pc=0x000000010d6f2388
Event: 20.899 Thread 0x00007f9c01207000 DEOPT PACKING pc=0x000000010d6f2388 sp=0x000070000f3727f0
Event: 20.899 Thread 0x00007f9c01207000 DEOPT UNPACKING pc=0x000000010ce6b229 sp=0x000070000f3727a0 mode 2
Event: 20.899 loading class java/awt/Window$1DisposeAction
Event: 20.900 loading class java/awt/Window$1DisposeAction done


Dynamic libraries:
0x000000004c357000 	/System/Library/Frameworks/Cocoa.framework/Versions/A/Cocoa
0x000000004c357000 	/System/Library/Frameworks/Security.framework/Versions/A/Security
0x000000004c357000 	/System/Library/Frameworks/ApplicationServices.framework/Versions/A/ApplicationServices
0x000000004c357000 	/usr/lib/libz.1.dylib
0x000000004c357000 	/usr/lib/libSystem.B.dylib
0x000000004c357000 	/usr/lib/libobjc.A.dylib
0x000000004c357000 	/System/Library/Frameworks/CoreFoundation.framework/Versions/A/CoreFoundation
0x000000004c357000 	/System/Library/Frameworks/Foundation.framework/Versions/C/Foundation
0x000000004c357000 	/System/Library/Frameworks/AppKit.framework/Versions/C/AppKit
0x000000004c357000 	/System/Library/Frameworks/CoreData.framework/Versions/A/CoreData
0x000000004c357000 	/System/Library/PrivateFrameworks/RemoteViewServices.framework/Versions/A/RemoteViewServices
0x000000004c357000 	/System/Library/PrivateFrameworks/UIFoundation.framework/Versions/A/UIFoundation
0x000000004c357000 	/System/Library/PrivateFrameworks/DFRFoundation.framework/Versions/A/DFRFoundation
0x000000004c357000 	/usr/lib/libenergytrace.dylib
0x000000004c357000 	/System/Library/PrivateFrameworks/SkyLight.framework/Versions/A/SkyLight
0x000000004c357000 	/System/Library/Frameworks/CoreGraphics.framework/Versions/A/CoreGraphics
0x000000004c357000 	/usr/lib/libScreenReader.dylib
0x000000004c357000 	/System/Library/Frameworks/Accelerate.framework/Versions/A/Accelerate
0x000000004c357000 	/System/Library/Frameworks/IOSurface.framework/Versions/A/IOSurface
0x000000004c357000 	/System/Library/Frameworks/AudioToolbox.framework/Versions/A/AudioToolbox
0x000000004c357000 	/System/Library/Frameworks/AudioUnit.framework/Versions/A/AudioUnit
0x000000004c357000 	/System/Library/PrivateFrameworks/DataDetectorsCore.framework/Versions/A/DataDetectorsCore
0x000000004c357000 	/System/Library/PrivateFrameworks/DesktopServicesPriv.framework/Versions/A/DesktopServicesPriv
0x000000004c357000 	/System/Library/Frameworks/Carbon.framework/Versions/A/Frameworks/HIToolbox.framework/Versions/A/HIToolbox
0x000000004c357000 	/usr/lib/libicucore.A.dylib
0x000000004c357000 	/System/Library/Frameworks/QuartzCore.framework/Versions/A/QuartzCore
0x000000004c357000 	/System/Library/Frameworks/Carbon.framework/Versions/A/Frameworks/SpeechRecognition.framework/Versions/A/SpeechRecognition
0x000000004c357000 	/usr/lib/libauto.dylib
0x000000004c357000 	/usr/lib/libxml2.2.dylib
0x000000004c357000 	/System/Library/PrivateFrameworks/CoreUI.framework/Versions/A/CoreUI
0x000000004c357000 	/System/Library/Frameworks/CoreAudio.framework/Versions/A/CoreAudio
0x000000004c357000 	/System/Library/Frameworks/DiskArbitration.framework/Versions/A/DiskArbitration
0x000000004c357000 	/usr/lib/liblangid.dylib
0x000000004c357000 	/System/Library/PrivateFrameworks/MultitouchSupport.framework/Versions/A/MultitouchSupport
0x000000004c357000 	/System/Library/Frameworks/IOKit.framework/Versions/A/IOKit
0x000000004c357000 	/usr/lib/libDiagnosticMessagesClient.dylib
0x000000004c357000 	/System/Library/Frameworks/CoreServices.framework/Versions/A/CoreServices
0x000000004c357000 	/System/Library/PrivateFrameworks/PerformanceAnalysis.framework/Versions/A/PerformanceAnalysis
0x000000004c357000 	/System/Library/PrivateFrameworks/GenerationalStorage.framework/Versions/A/GenerationalStorage
0x000000004c357000 	/System/Library/Frameworks/OpenGL.framework/Versions/A/OpenGL
0x000000004c357000 	/System/Library/Frameworks/CoreImage.framework/Versions/A/CoreImage
0x000000004c357000 	/System/Library/Frameworks/CoreText.framework/Versions/A/CoreText
0x000000004c357000 	/System/Library/Frameworks/ImageIO.framework/Versions/A/ImageIO
0x000000004c357000 	/System/Library/PrivateFrameworks/Backup.framework/Versions/A/Backup
0x000000004c357000 	/usr/lib/libarchive.2.dylib
0x000000004c357000 	/System/Library/Frameworks/CFNetwork.framework/Versions/A/CFNetwork
0x000000004c357000 	/System/Library/Frameworks/SystemConfiguration.framework/Versions/A/SystemConfiguration
0x000000004c357000 	/usr/lib/libCRFSuite.dylib
0x000000004c357000 	/usr/lib/libc++.1.dylib
0x000000004c357000 	/usr/lib/libc++abi.dylib
0x000000004c357000 	/usr/lib/system/libcache.dylib
0x000000004c357000 	/usr/lib/system/libcommonCrypto.dylib
0x000000004c357000 	/usr/lib/system/libcompiler_rt.dylib
0x000000004c357000 	/usr/lib/system/libcopyfile.dylib
0x000000004c357000 	/usr/lib/system/libcorecrypto.dylib
0x000000004c357000 	/usr/lib/system/libdispatch.dylib
0x000000004c357000 	/usr/lib/system/libdyld.dylib
0x000000004c357000 	/usr/lib/system/libkeymgr.dylib
0x000000004c357000 	/usr/lib/system/liblaunch.dylib
0x000000004c357000 	/usr/lib/system/libmacho.dylib
0x000000004c357000 	/usr/lib/system/libquarantine.dylib
0x000000004c357000 	/usr/lib/system/libremovefile.dylib
0x000000004c357000 	/usr/lib/system/libsystem_asl.dylib
0x000000004c357000 	/usr/lib/system/libsystem_blocks.dylib
0x000000004c357000 	/usr/lib/system/libsystem_c.dylib
0x000000004c357000 	/usr/lib/system/libsystem_configuration.dylib
0x000000004c357000 	/usr/lib/system/libsystem_coreservices.dylib
0x000000004c357000 	/usr/lib/system/libsystem_coretls.dylib
0x000000004c357000 	/usr/lib/system/libsystem_dnssd.dylib
0x000000004c357000 	/usr/lib/system/libsystem_info.dylib
0x000000004c357000 	/usr/lib/system/libsystem_kernel.dylib
0x000000004c357000 	/usr/lib/system/libsystem_m.dylib
0x000000004c357000 	/usr/lib/system/libsystem_malloc.dylib
0x000000004c357000 	/usr/lib/system/libsystem_network.dylib
0x000000004c357000 	/usr/lib/system/libsystem_networkextension.dylib
0x000000004c357000 	/usr/lib/system/libsystem_notify.dylib
0x000000004c357000 	/usr/lib/system/libsystem_platform.dylib
0x000000004c357000 	/usr/lib/system/libsystem_pthread.dylib
0x000000004c357000 	/usr/lib/system/libsystem_sandbox.dylib
0x000000004c357000 	/usr/lib/system/libsystem_secinit.dylib
0x000000004c357000 	/usr/lib/system/libsystem_symptoms.dylib
0x000000004c357000 	/usr/lib/system/libsystem_trace.dylib
0x000000004c357000 	/usr/lib/system/libunwind.dylib
0x000000004c357000 	/usr/lib/system/libxpc.dylib
0x000000004c357000 	/usr/lib/libbsm.0.dylib
0x000000004c357000 	/usr/lib/system/libkxld.dylib
0x000000004c357000 	/usr/lib/libcoretls.dylib
0x000000004c357000 	/usr/lib/libcoretls_cfhelpers.dylib
0x000000004c357000 	/usr/lib/libOpenScriptingUtil.dylib
0x000000004c357000 	/usr/lib/libpam.2.dylib
0x000000004c357000 	/usr/lib/libsqlite3.dylib
0x000000004c357000 	/usr/lib/libxar.1.dylib
0x000000004c357000 	/usr/lib/libbz2.1.0.dylib
0x000000004c357000 	/usr/lib/liblzma.5.dylib
0x000000004c357000 	/usr/lib/libnetwork.dylib
0x000000004c357000 	/usr/lib/libpcap.A.dylib
0x000000004c357000 	/System/Library/Frameworks/CoreServices.framework/Versions/A/Frameworks/FSEvents.framework/Versions/A/FSEvents
0x000000004c357000 	/System/Library/Frameworks/CoreServices.framework/Versions/A/Frameworks/CarbonCore.framework/Versions/A/CarbonCore
0x000000004c357000 	/System/Library/Frameworks/CoreServices.framework/Versions/A/Frameworks/Metadata.framework/Versions/A/Metadata
0x000000004c357000 	/System/Library/Frameworks/CoreServices.framework/Versions/A/Frameworks/OSServices.framework/Versions/A/OSServices
0x000000004c357000 	/System/Library/Frameworks/CoreServices.framework/Versions/A/Frameworks/SearchKit.framework/Versions/A/SearchKit
0x000000004c357000 	/System/Library/Frameworks/CoreServices.framework/Versions/A/Frameworks/AE.framework/Versions/A/AE
0x000000004c357000 	/System/Library/Frameworks/CoreServices.framework/Versions/A/Frameworks/LaunchServices.framework/Versions/A/LaunchServices
0x000000004c357000 	/System/Library/Frameworks/CoreServices.framework/Versions/A/Frameworks/DictionaryServices.framework/Versions/A/DictionaryServices
0x000000004c357000 	/System/Library/Frameworks/CoreServices.framework/Versions/A/Frameworks/SharedFileList.framework/Versions/A/SharedFileList
0x000000004c357000 	/System/Library/Frameworks/NetFS.framework/Versions/A/NetFS
0x000000004c357000 	/System/Library/PrivateFrameworks/NetAuth.framework/Versions/A/NetAuth
0x000000004c357000 	/System/Library/PrivateFrameworks/login.framework/Versions/A/Frameworks/loginsupport.framework/Versions/A/loginsupport
0x000000004c357000 	/System/Library/PrivateFrameworks/TCC.framework/Versions/A/TCC
0x000000004c357000 	/usr/lib/libmecabra.dylib
0x000000004c357000 	/System/Library/Frameworks/ApplicationServices.framework/Versions/A/Frameworks/ATS.framework/Versions/A/ATS
0x000000004c357000 	/System/Library/Frameworks/ApplicationServices.framework/Versions/A/Frameworks/ColorSync.framework/Versions/A/ColorSync
0x000000004c357000 	/System/Library/Frameworks/ApplicationServices.framework/Versions/A/Frameworks/HIServices.framework/Versions/A/HIServices
0x000000004c357000 	/System/Library/Frameworks/ApplicationServices.framework/Versions/A/Frameworks/LangAnalysis.framework/Versions/A/LangAnalysis
0x000000004c357000 	/System/Library/Frameworks/ApplicationServices.framework/Versions/A/Frameworks/PrintCore.framework/Versions/A/PrintCore
0x000000004c357000 	/System/Library/Frameworks/ApplicationServices.framework/Versions/A/Frameworks/QD.framework/Versions/A/QD
0x000000004c357000 	/System/Library/Frameworks/ApplicationServices.framework/Versions/A/Frameworks/SpeechSynthesis.framework/Versions/A/SpeechSynthesis
0x000000004c357000 	/System/Library/Frameworks/Accelerate.framework/Versions/A/Frameworks/vImage.framework/Versions/A/vImage
0x000000004c357000 	/System/Library/Frameworks/Accelerate.framework/Versions/A/Frameworks/vecLib.framework/Versions/A/vecLib
0x000000004c357000 	/System/Library/Frameworks/Accelerate.framework/Versions/A/Frameworks/vecLib.framework/Versions/A/libvDSP.dylib
0x000000004c357000 	/System/Library/Frameworks/Accelerate.framework/Versions/A/Frameworks/vecLib.framework/Versions/A/libBNNS.dylib
0x000000004c357000 	/System/Library/Frameworks/Accelerate.framework/Versions/A/Frameworks/vecLib.framework/Versions/A/libQuadrature.dylib
0x000000004c357000 	/System/Library/Frameworks/Accelerate.framework/Versions/A/Frameworks/vecLib.framework/Versions/A/libvMisc.dylib
0x000000004c357000 	/System/Library/Frameworks/Accelerate.framework/Versions/A/Frameworks/vecLib.framework/Versions/A/libLAPACK.dylib
0x000000004c357000 	/System/Library/Frameworks/Accelerate.framework/Versions/A/Frameworks/vecLib.framework/Versions/A/libBLAS.dylib
0x000000004c357000 	/System/Library/Frameworks/Accelerate.framework/Versions/A/Frameworks/vecLib.framework/Versions/A/libLinearAlgebra.dylib
0x000000004c357000 	/System/Library/Frameworks/Accelerate.framework/Versions/A/Frameworks/vecLib.framework/Versions/A/libSparseBLAS.dylib
0x000000004c357000 	/System/Library/Frameworks/ApplicationServices.framework/Versions/A/Frameworks/ATS.framework/Versions/A/Resources/libFontParser.dylib
0x000000004c357000 	/System/Library/Frameworks/ApplicationServices.framework/Versions/A/Frameworks/ATS.framework/Versions/A/Resources/libFontRegistry.dylib
0x000000004c357000 	/System/Library/Frameworks/ImageIO.framework/Versions/A/Resources/libJPEG.dylib
0x000000004c357000 	/System/Library/Frameworks/ImageIO.framework/Versions/A/Resources/libTIFF.dylib
0x000000004c357000 	/System/Library/Frameworks/ImageIO.framework/Versions/A/Resources/libPng.dylib
0x000000004c357000 	/System/Library/Frameworks/ImageIO.framework/Versions/A/Resources/libGIF.dylib
0x000000004c357000 	/System/Library/Frameworks/ImageIO.framework/Versions/A/Resources/libJP2.dylib
0x000000004c357000 	/System/Library/Frameworks/ImageIO.framework/Versions/A/Resources/libRadiance.dylib
0x000000004c357000 	/usr/lib/libcompression.dylib
0x000000004c357000 	/System/Library/PrivateFrameworks/AppleJPEG.framework/Versions/A/AppleJPEG
0x000000004c357000 	/usr/lib/libcups.2.dylib
0x000000004c357000 	/System/Library/Frameworks/Kerberos.framework/Versions/A/Kerberos
0x000000004c357000 	/System/Library/Frameworks/GSS.framework/Versions/A/GSS
0x000000004c357000 	/usr/lib/libresolv.9.dylib
0x000000004c357000 	/usr/lib/libiconv.2.dylib
0x000000004c357000 	/System/Library/PrivateFrameworks/Heimdal.framework/Versions/A/Heimdal
0x000000004c357000 	/usr/lib/libheimdal-asn1.dylib
0x000000004c357000 	/System/Library/Frameworks/OpenDirectory.framework/Versions/A/OpenDirectory
0x000000004c357000 	/System/Library/PrivateFrameworks/CommonAuth.framework/Versions/A/CommonAuth
0x000000004c357000 	/System/Library/Frameworks/OpenDirectory.framework/Versions/A/Frameworks/CFOpenDirectory.framework/Versions/A/CFOpenDirectory
0x000000004c357000 	/System/Library/Frameworks/SecurityFoundation.framework/Versions/A/SecurityFoundation
0x000000004c357000 	/System/Library/PrivateFrameworks/LanguageModeling.framework/Versions/A/LanguageModeling
0x000000004c357000 	/usr/lib/libmarisa.dylib
0x000000004c357000 	/usr/lib/libChineseTokenizer.dylib
0x000000004c357000 	/usr/lib/libcmph.dylib
0x000000004c357000 	/System/Library/PrivateFrameworks/CoreEmoji.framework/Versions/A/CoreEmoji
0x000000004c357000 	/System/Library/Frameworks/ServiceManagement.framework/Versions/A/ServiceManagement
0x000000004c357000 	/usr/lib/libxslt.1.dylib
0x000000004c357000 	/System/Library/Frameworks/Carbon.framework/Versions/A/Frameworks/Ink.framework/Versions/A/Ink
0x000000004c357000 	/System/Library/PrivateFrameworks/TextureIO.framework/Versions/A/TextureIO
0x000000004c357000 	/System/Library/Frameworks/Metal.framework/Versions/A/Metal
0x000000004c357000 	/usr/lib/libate.dylib
0x000000004c357000 	/System/Library/PrivateFrameworks/GPUCompiler.framework/libmetal_timestamp.dylib
0x000000004c357000 	/System/Library/Frameworks/OpenGL.framework/Versions/A/Libraries/libCoreFSCache.dylib
0x000000004c357000 	/System/Library/PrivateFrameworks/IOAccelerator.framework/Versions/A/IOAccelerator
0x000000004c357000 	/System/Library/Frameworks/CoreVideo.framework/Versions/A/CoreVideo
0x000000004c357000 	/usr/lib/libFosl_dynamic.dylib
0x000000004c357000 	/System/Library/PrivateFrameworks/MetalPerformanceShaders.framework/Versions/A/MetalPerformanceShaders
0x000000004c357000 	/System/Library/PrivateFrameworks/FaceCore.framework/Versions/A/FaceCore
0x000000004c357000 	/System/Library/Frameworks/OpenCL.framework/Versions/A/OpenCL
0x000000004c357000 	/System/Library/Frameworks/OpenGL.framework/Versions/A/Libraries/libGLU.dylib
0x000000004c357000 	/System/Library/Frameworks/OpenGL.framework/Versions/A/Libraries/libGFXShared.dylib
0x000000004c357000 	/System/Library/Frameworks/OpenGL.framework/Versions/A/Libraries/libGL.dylib
0x000000004c357000 	/System/Library/Frameworks/OpenGL.framework/Versions/A/Libraries/libGLImage.dylib
0x000000004c357000 	/System/Library/Frameworks/OpenGL.framework/Versions/A/Libraries/libCVMSPluginSupport.dylib
0x000000004c357000 	/System/Library/Frameworks/OpenGL.framework/Versions/A/Libraries/libCoreVMClient.dylib
0x000000004c357000 	/System/Library/PrivateFrameworks/CrashReporterSupport.framework/Versions/A/CrashReporterSupport
0x000000004c357000 	/System/Library/PrivateFrameworks/Sharing.framework/Versions/A/Sharing
0x000000004c357000 	/System/Library/PrivateFrameworks/IconServices.framework/Versions/A/IconServices
0x000000004c357000 	/System/Library/PrivateFrameworks/ProtocolBuffer.framework/Versions/A/ProtocolBuffer
0x000000004c357000 	/System/Library/PrivateFrameworks/Apple80211.framework/Versions/A/Apple80211
0x000000004c357000 	/System/Library/Frameworks/CoreWLAN.framework/Versions/A/CoreWLAN
0x000000004c357000 	/System/Library/PrivateFrameworks/CoreUtils.framework/Versions/A/CoreUtils
0x000000004c357000 	/System/Library/Frameworks/IOBluetooth.framework/Versions/A/IOBluetooth
0x000000004c357000 	/System/Library/PrivateFrameworks/CoreWiFi.framework/Versions/A/CoreWiFi
0x000000004c357000 	/System/Library/Frameworks/CoreBluetooth.framework/Versions/A/CoreBluetooth
0x000000004c357000 	/System/Library/Frameworks/CoreDisplay.framework/Versions/A/CoreDisplay
0x000000004c357000 	/System/Library/PrivateFrameworks/IOPresentment.framework/Versions/A/IOPresentment
0x000000004c357000 	/System/Library/PrivateFrameworks/DSExternalDisplay.framework/Versions/A/DSExternalDisplay
0x000000004c357000 	/System/Library/PrivateFrameworks/DebugSymbols.framework/Versions/A/DebugSymbols
0x000000004c357000 	/System/Library/PrivateFrameworks/CoreSymbolication.framework/Versions/A/CoreSymbolication
0x000000004c357000 	/System/Library/PrivateFrameworks/Symbolication.framework/Versions/A/Symbolication
0x000000004c357000 	/System/Library/PrivateFrameworks/AppleFSCompression.framework/Versions/A/AppleFSCompression
0x000000004c357000 	/System/Library/PrivateFrameworks/SpeechRecognitionCore.framework/Versions/A/SpeechRecognitionCore
0x000000004c357000 	/System/Library/PrivateFrameworks/ChunkingLibrary.framework/Versions/A/ChunkingLibrary
0x000000010bec4000 	/Library/Java/JavaVirtualMachines/jdk1.8.0_121.jdk/Contents/Home/jre/lib/server/libjvm.dylib
0x000000004c357000 	/usr/lib/libstdc++.6.dylib
0x000000010a81b000 	/Library/Java/JavaVirtualMachines/jdk1.8.0_121.jdk/Contents/Home/jre/lib/libverify.dylib
0x000000010a829000 	/Library/Java/JavaVirtualMachines/jdk1.8.0_121.jdk/Contents/Home/jre/lib/libjava.dylib
0x000000010a868000 	/Library/Java/JavaVirtualMachines/jdk1.8.0_121.jdk/Contents/Home/jre/lib/libzip.dylib
0x000000011f4a6000 	/System/Library/Frameworks/JavaVM.framework/Frameworks/JavaRuntimeSupport.framework/JavaRuntimeSupport
0x000000011f4c0000 	/System/Library/Frameworks/JavaVM.framework/Versions/A/Frameworks/JavaNativeFoundation.framework/Versions/A/JavaNativeFoundation
0x000000011f4d5000 	/System/Library/Frameworks/JavaVM.framework/Versions/A/JavaVM
0x000000004c357000 	/System/Library/Frameworks/Carbon.framework/Versions/A/Carbon
0x000000011f4e2000 	/System/Library/PrivateFrameworks/JavaLaunching.framework/Versions/A/JavaLaunching
0x000000004c357000 	/System/Library/Frameworks/Carbon.framework/Versions/A/Frameworks/CommonPanels.framework/Versions/A/CommonPanels
0x000000004c357000 	/System/Library/Frameworks/Carbon.framework/Versions/A/Frameworks/Help.framework/Versions/A/Help
0x000000004c357000 	/System/Library/Frameworks/Carbon.framework/Versions/A/Frameworks/ImageCapture.framework/Versions/A/ImageCapture
0x000000004c357000 	/System/Library/Frameworks/Carbon.framework/Versions/A/Frameworks/OpenScripting.framework/Versions/A/OpenScripting
0x000000004c357000 	/System/Library/Frameworks/Carbon.framework/Versions/A/Frameworks/Print.framework/Versions/A/Print
0x000000004c357000 	/System/Library/Frameworks/Carbon.framework/Versions/A/Frameworks/SecurityHI.framework/Versions/A/SecurityHI
0x0000000120de9000 	/Library/Java/JavaVirtualMachines/jdk1.8.0_121.jdk/Contents/Home/jre/lib/libawt.dylib
0x0000000120e91000 	/Library/Java/JavaVirtualMachines/jdk1.8.0_121.jdk/Contents/Home/jre/lib/./libmlib_image.dylib
0x0000000120f5d000 	/Library/Java/JavaVirtualMachines/jdk1.8.0_121.jdk/Contents/Home/jre/lib/libawt_lwawt.dylib
0x0000000121014000 	/Library/Java/JavaVirtualMachines/jdk1.8.0_121.jdk/Contents/Home/jre/lib/./libosxapp.dylib
0x000000004c357000 	/System/Library/Frameworks/ExceptionHandling.framework/Versions/A/ExceptionHandling
0x000000004c357000 	/System/Library/PrivateFrameworks/CoreServicesInternal.framework/Versions/A/CoreServicesInternal
0x000000004c357000 	/System/Library/CoreServices/RawCamera.bundle/Contents/MacOS/RawCamera
0x000000004c357000 	/System/Library/Frameworks/Accelerate.framework/Versions/A/Frameworks/vImage.framework/Versions/A/Libraries/libCGInterfaces.dylib
0x000000004c357000 	/System/Library/Frameworks/ApplicationServices.framework/Versions/A/Frameworks/ATS.framework/Versions/A/Resources/libTrueTypeScaler.dylib
0x0000000122c33000 	/System/Library/Frameworks/OpenGL.framework/Resources/GLEngine.bundle/GLEngine
0x000000004c357000 	/System/Library/Frameworks/OpenGL.framework/Versions/A/Libraries/libGLProgrammability.dylib
0x0000000122e18000 	/System/Library/Extensions/AppleIntelHD5000GraphicsGLDriver.bundle/Contents/MacOS/AppleIntelHD5000GraphicsGLDriver
0x000000004c357000 	/System/Library/PrivateFrameworks/GPUSupport.framework/Versions/A/Libraries/libGPUSupportMercury.dylib
0x0000000121d5b000 	/System/Library/Frameworks/OpenGL.framework/Resources//GLRendererFloat.bundle/GLRendererFloat
0x000000004c357000 	/System/Library/Frameworks/OpenCL.framework/Versions/A/Libraries/libcldcpuengine.dylib
0x000000004c357000 	/usr/lib/libcrypto.0.9.8.dylib
0x000000004c357000 	/System/Library/PrivateFrameworks/TrustEvaluationAgent.framework/Versions/A/TrustEvaluationAgent
0x0000000123586000 	/System/Library/Extensions/AppleIntelHD5000GraphicsMTLDriver.bundle/Contents/MacOS/AppleIntelHD5000GraphicsMTLDriver
0x000000004c357000 	/System/Library/PrivateFrameworks/FamilyControls.framework/Versions/A/FamilyControls
0x000000004c357000 	/System/Library/PrivateFrameworks/CommerceKit.framework/Versions/A/Frameworks/CommerceCore.framework/Versions/A/CommerceCore
0x000000004c357000 	/System/Library/PrivateFrameworks/SystemAdministration.framework/Versions/A/SystemAdministration
0x000000004c357000 	/System/Library/PrivateFrameworks/AppContainer.framework/Versions/A/AppContainer
0x000000004c357000 	/System/Library/PrivateFrameworks/SecCodeWrapper.framework/Versions/A/SecCodeWrapper
0x000000004c357000 	/System/Library/Frameworks/DirectoryService.framework/Versions/A/DirectoryService
0x000000004c357000 	/System/Library/PrivateFrameworks/DiskImages.framework/Versions/A/DiskImages
0x000000004c357000 	/System/Library/PrivateFrameworks/LoginUIKit.framework/Versions/A/Frameworks/LoginUICore.framework/Versions/A/LoginUICore
0x000000004c357000 	/usr/lib/libCoreStorage.dylib
0x000000004c357000 	/usr/lib/libcsfde.dylib
0x000000004c357000 	/usr/lib/libodfde.dylib
0x000000004c357000 	/System/Library/Frameworks/DiscRecording.framework/Versions/A/DiscRecording
0x000000004c357000 	/usr/lib/libcurl.4.dylib
0x000000004c357000 	/System/Library/PrivateFrameworks/MediaKit.framework/Versions/A/MediaKit
0x000000004c357000 	/System/Library/PrivateFrameworks/ProtectedCloudStorage.framework/Versions/A/ProtectedCloudStorage
0x000000004c357000 	/System/Library/PrivateFrameworks/EFILogin.framework/Versions/A/EFILogin
0x000000004c357000 	/usr/lib/libutil.dylib
0x000000004c357000 	/System/Library/Frameworks/LDAP.framework/Versions/A/LDAP
0x000000004c357000 	/usr/lib/libsasl2.2.dylib
0x000000004c357000 	/System/Library/PrivateFrameworks/CoreDaemon.framework/Versions/B/CoreDaemon
0x000000004c357000 	/System/Library/PrivateFrameworks/AppleSRP.framework/Versions/A/AppleSRP
0x000000004c357000 	/System/Library/PrivateFrameworks/APFS.framework/Versions/A/APFS
0x000000012506d000 	/Library/Java/JavaVirtualMachines/jdk1.8.0_121.jdk/Contents/Home/jre/lib/libfontmanager.dylib
0x000000004c357000 	/System/Library/PrivateFrameworks/ViewBridge.framework/Versions/A/ViewBridge
0x000000004c357000 	/System/Library/PrivateFrameworks/XPCService.framework/Versions/A/XPCService
0x000000004c357000 	/System/Library/PrivateFrameworks/AppSandbox.framework/Versions/A/AppSandbox
0x000000004c357000 	/usr/lib/libsandbox.1.dylib
0x000000004c357000 	/usr/lib/libMatch.1.dylib
0x00000001264b8000 	/Library/Java/JavaVirtualMachines/jdk1.8.0_121.jdk/Contents/Home/jre/lib/libosxui.dylib
0x0000000127087000 	/Library/Java/JavaVirtualMachines/jdk1.8.0_121.jdk/Contents/Home/jre/lib/libnet.dylib
0x0000000126fdd000 	/Library/Java/JavaVirtualMachines/jdk1.8.0_121.jdk/Contents/Home/jre/lib/libnio.dylib
0x0000000126176000 	/private/var/folders/z5/dkh_k18x6bn8z6w6jj1k7pqm0000gn/T/jogamp_0000/file_cache/jln8417266967236038501/jln7639535502991326880/libgluegen-rt.jnilib
0x000000012617a000 	/private/var/folders/z5/dkh_k18x6bn8z6w6jj1k7pqm0000gn/T/jogamp_0000/file_cache/jln8417266967236038501/jln7639535502991326880/libnativewindow_awt.jnilib
0x0000000126fed000 	/Library/Java/JavaVirtualMachines/jdk1.8.0_121.jdk/Contents/Home/jre/lib/libjawt.dylib
0x000000018f680000 	/private/var/folders/z5/dkh_k18x6bn8z6w6jj1k7pqm0000gn/T/jogamp_0000/file_cache/jln8417266967236038501/jln7639535502991326880/libnativewindow_macosx.jnilib
0x000000019149d000 	/private/var/folders/z5/dkh_k18x6bn8z6w6jj1k7pqm0000gn/T/jogamp_0000/file_cache/jln8417266967236038501/jln7639535502991326880/libjogl_desktop.jnilib
0x000000018f68a000 	/Library/Java/JavaVirtualMachines/jdk1.8.0_121.jdk/Contents/Home/jre/lib/libt2k.dylib

VM Arguments:
jvm_args: -Djava.security.policy=java.policy.applet -Dfile.encoding=MacRoman 
java_command: sun.applet.AppletViewer module6.EarthquakeCityMap1523945158617.html
java_class_path (initial): /Users/Mac/Documents/workspace/UCSDUnfoldingMaps/build:/Users/Mac/Documents/workspace/UCSDUnfoldingMaps/lib/core.jar:/Users/Mac/Documents/workspace/UCSDUnfoldingMaps/lib/gluegen-rt.jar:/Users/Mac/Documents/workspace/UCSDUnfoldingMaps/lib/jogl-all.jar:/Users/Mac/Documents/workspace/UCSDUnfoldingMaps/lib/log4j-1.2.15.jar:/Users/Mac/Documents/workspace/UCSDUnfoldingMaps/lib/sqlite-jdbc-3.7.2.jar:/Users/Mac/Documents/workspace/UCSDUnfoldingMaps/lib/json4processing.jar:/Users/Mac/Documents/workspace/UCSDUnfoldingMaps/lib/libTUIO.jar:/Users/Mac/Documents/workspace/UCSDUnfoldingMaps/lib/unfolding.0.9.7-uscd.jar
Launcher Type: SUN_STANDARD

Environment Variables:
PATH=/Library/Frameworks/Python.framework/Versions/3.6/bin:/usr/local/bin:/usr/bin:/bin:/usr/sbin:/sbin:/opt/X11/bin:/Library/Frameworks/Mono.framework/Versions/Current/Commands:/Library/TeX/texbin
SHELL=/bin/bash
DISPLAY=/private/tmp/com.apple.launchd.BfoSnAz3r8/org.macosforge.xquartz:0

Signal Handlers:
SIGSEGV: [libjvm.dylib+0x5b1141], sa_mask[0]=11111111011111110111111111111111, sa_flags=SA_ONSTACK|SA_RESTART|SA_SIGINFO
SIGBUS: [libjvm.dylib+0x5b1141], sa_mask[0]=11111111011111110111111111111111, sa_flags=SA_RESTART|SA_SIGINFO
SIGFPE: [libjvm.dylib+0x487bc4], sa_mask[0]=11111111011111110111111111111111, sa_flags=SA_RESTART|SA_SIGINFO
SIGPIPE: [libjvm.dylib+0x487bc4], sa_mask[0]=11111111011111110111111111111111, sa_flags=SA_RESTART|SA_SIGINFO
SIGXFSZ: [libjvm.dylib+0x487bc4], sa_mask[0]=11111111011111110111111111111111, sa_flags=SA_RESTART|SA_SIGINFO
SIGILL: [libjvm.dylib+0x487bc4], sa_mask[0]=11111111011111110111111111111111, sa_flags=SA_RESTART|SA_SIGINFO
SIGUSR1: SIG_DFL, sa_mask[0]=11011111011111100000000111000110, sa_flags=none
SIGUSR2: [libjvm.dylib+0x4876e2], sa_mask[0]=00100000000000000000000000000000, sa_flags=SA_RESTART|SA_SIGINFO
SIGHUP: [libjvm.dylib+0x485cb9], sa_mask[0]=11111111011111110111111111111111, sa_flags=SA_RESTART|SA_SIGINFO
SIGINT: [libjvm.dylib+0x485cb9], sa_mask[0]=11111111011111110111111111111111, sa_flags=SA_RESTART|SA_SIGINFO
SIGTERM: [libjvm.dylib+0x485cb9], sa_mask[0]=11111111011111110111111111111111, sa_flags=SA_RESTART|SA_SIGINFO
SIGQUIT: [libjvm.dylib+0x485cb9], sa_mask[0]=11111111011111110111111111111111, sa_flags=SA_RESTART|SA_SIGINFO


---------------  S Y S T E M  ---------------

OS:Bsduname:Darwin 16.7.0 Darwin Kernel Version 16.7.0: Thu Jan 11 22:59:40 PST 2018; root:xnu-3789.73.8~1/RELEASE_X86_64 x86_64
rlimit: STACK 8192k, CORE 0k, NPROC 709, NOFILE 10240, AS infinity
load average:3.00 2.97 2.70

CPU:total 4 (2 cores per cpu, 2 threads per core) family 6 model 69 stepping 1, cmov, cx8, fxsr, mmx, sse, sse2, sse3, ssse3, sse4.1, sse4.2, popcnt, avx, avx2, aes, clmul, erms, lzcnt, ht, tsc, tscinvbit, bmi1, bmi2

Memory: 4k page, physical 4194304k(143272k free)

/proc/meminfo:


vm_info: Java HotSpot(TM) 64-Bit Server VM (25.121-b13) for bsd-amd64 JRE (1.8.0_121-b13), built on Dec 12 2016 20:39:32 by "java_re" with gcc 4.2.1 (Based on Apple Inc. build 5658) (LLVM build 2336.11.00)

time: Mon Apr 16 23:06:19 2018
elapsed time: 20 seconds (0d 0h 0m 20s)

