#
# A fatal error has been detected by the Java Runtime Environment:
#
#  SIGSEGV (0xb) at pc=0x00007fffd65ee05d, pid=6192, tid=0x0000000000000307
#
# JRE version: Java(TM) SE Runtime Environment (8.0_121-b13) (build 1.8.0_121-b13)
# Java VM: Java HotSpot(TM) 64-Bit Server VM (25.121-b13 mixed mode bsd-amd64 compressed oops)
# Problematic frame:
# C  [libobjc.A.dylib+0x705d]  objc_msgSend+0x1d
#
# Failed to write core dump. Core dumps have been disabled. To enable core dumping, try "ulimit -c unlimited" before starting Java again
#
# If you would like to submit a bug report, please visit:
#   http://bugreport.java.com/bugreport/crash.jsp
# The crash happened outside the Java Virtual Machine in native code.
# See problematic frame for where to report the bug.
#

---------------  T H R E A D  ---------------

Current thread (0x00007f80cc93b000):  JavaThread "AWT-AppKit" daemon [_thread_in_native, id=775, stack(0x00007fff55bcf000,0x00007fff563cf000)]

siginfo: si_signo: 11 (SIGSEGV), si_code: 1 (SEGV_MAPERR), si_addr: 0x0000000000000018

Registers:
RAX=0x00007f80d080a240, RBX=0x000000018e6ea450, RCX=0x00007f80cd401060, RDX=0x0000000000000000
RSP=0x00007fff563ca148, RBP=0x00007fff563ca200, RSI=0x00007fffbfe75116, RDI=0x00007f80d081ecd0
R8 =0x0000000000000018, R9 =0x00007f80cd401100, R10=0x0000000000000000, R11=0x00007fffbfe75116
R12=0x0000000000000000, R13=0x0000000190668918, R14=0x000000018e6ea440, R15=0x00007f80cc93b000
RIP=0x00007fffd65ee05d, EFLAGS=0x0000000000010246, ERR=0x0000000000000004
  TRAPNO=0x000000000000000e

Top of Stack: (sp=0x00007fff563ca148)
0x00007fff563ca148:   000000018e6e8157 00007fff563ca1a0
0x00007fff563ca158:   0000000000000003 00007fff563ca180
0x00007fff563ca168:   000000010a3f2c62 0000000190668918
0x00007fff563ca178:   0000000190668918 00007f80d080a240
0x00007fff563ca188:   000000018e6ea6a0 000000018e6ea710
0x00007fff563ca198:   00007fffdc6546d0 00007fffdd2841e0
0x00007fff563ca1a8:   000000018e6ea450 000000018e6ea690
0x00007fff563ca1b8:   00007f80d080a240 00007f80d081ecd0
0x00007fff563ca1c8:   00007f80d0c53ce0 00007f80d080a240
0x00007fff563ca1d8:   00007f80d081ecd0 00007fff563ca288
0x00007fff563ca1e8:   00007f80cc93b1f8 0000000190668918
0x00007fff563ca1f8:   00007fff563ca2b0 00007fff563ca278
0x00007fff563ca208:   000000011939f9f4 0000000190668918
0x00007fff563ca218:   00007fff563ca2b0 00007fff563ca278
0x00007fff563ca228:   000000011939f787 000000011939f742
0x00007fff563ca238:   00007fff563ca238 0000000190668918
0x00007fff563ca248:   00007fff563ca2b0 000000019066b550
0x00007fff563ca258:   0000000000000000 0000000190668918
0x00007fff563ca268:   0000000000000000 00007fff563ca298
0x00007fff563ca278:   00007fff563ca2f8 00000001193902bd
0x00007fff563ca288:   0000000780710ff8 0000000119399538
0x00007fff563ca298:   00007f80d080a240 00007fff563ca2f8
0x00007fff563ca2a8:   00007f80d081ecd0 000000011939ae02
0x00007fff563ca2b8:   00007fff563ca2b8 0000000190668ae2
0x00007fff563ca2c8:   00007fff563ca320 000000019066b550
0x00007fff563ca2d8:   0000000000000000 0000000190668af0
0x00007fff563ca2e8:   00007fff563ca298 00007fff563ca308
0x00007fff563ca2f8:   00007fff563ca368 00000001193902bd
0x00007fff563ca308:   00007f80d080a240 0000000780626e28
0x00007fff563ca318:   00007f80d081ecd0 0000000780626e28
0x00007fff563ca328:   00007fff563ca328 0000000193b391ee
0x00007fff563ca338:   00007fff563ca378 0000000193b392a8 

Instructions: (pc=0x00007fffd65ee05d)
0x00007fffd65ee03d:   0f 1f 00 48 85 ff 2e 74 62 40 f6 c7 01 2e 75 66
0x00007fffd65ee04d:   49 ba f8 ff ff ff ff 7f 00 00 4c 23 17 49 89 f3
0x00007fffd65ee05d:   45 23 5a 18 49 c1 e3 04 4d 03 5a 10 49 3b 33 75
0x00007fffd65ee06d:   04 41 ff 63 08 49 83 3b 01 76 0d 49 83 c3 10 49 

Register to memory mapping:

RAX=0x00007f80d080a240 is an unknown value
RBX=0x000000018e6ea450: Java_jogamp_nativewindow_macosx_OSXUtil_GetScreenRefreshRate0+0x1cf0 in /private/var/folders/z5/dkh_k18x6bn8z6w6jj1k7pqm0000gn/T/jogamp_0000/file_cache/jln7593435764823008032/jln5966708830015697859/libnativewindow_macosx.jnilib at 0x000000018e6e3000
RCX=0x00007f80cd401060 is an unknown value
RDX=0x0000000000000000 is an unknown value
RSP=0x00007fff563ca148 is pointing into the stack for thread: 0x00007f80cc93b000
RBP=0x00007fff563ca200 is pointing into the stack for thread: 0x00007f80cc93b000
RSI=0x00007fffbfe75116: __NSStyleNameIndexTable+0x7fd5e in /System/Library/Frameworks/AppKit.framework/Versions/C/AppKit at 0x00007fffbf208000
RDI=0x00007f80d081ecd0 is an unknown value
R8 =0x0000000000000018 is an unknown value
R9 =0x00007f80cd401100 is an unknown value
R10=0x0000000000000000 is an unknown value
R11=0x00007fffbfe75116: __NSStyleNameIndexTable+0x7fd5e in /System/Library/Frameworks/AppKit.framework/Versions/C/AppKit at 0x00007fffbf208000
R12=0x0000000000000000 is an unknown value
R13={method} {0x0000000190668918} 'UnsetJAWTRootSurfaceLayer0' '(JJ)V' in 'jogamp/nativewindow/jawt/macosx/MacOSXJAWTWindow'
R14=0x000000018e6ea440: Java_jogamp_nativewindow_macosx_OSXUtil_GetScreenRefreshRate0+0x1ce0 in /private/var/folders/z5/dkh_k18x6bn8z6w6jj1k7pqm0000gn/T/jogamp_0000/file_cache/jln7593435764823008032/jln5966708830015697859/libnativewindow_macosx.jnilib at 0x000000018e6e3000
R15=0x00007f80cc93b000 is a thread


Stack: [0x00007fff55bcf000,0x00007fff563cf000],  sp=0x00007fff563ca148,  free space=8172k
Native frames: (J=compiled Java code, j=interpreted, Vv=VM code, C=native code)
C  [libobjc.A.dylib+0x705d]  objc_msgSend+0x1d
j  jogamp.nativewindow.jawt.macosx.MacOSXJAWTWindow.UnsetJAWTRootSurfaceLayer0(JJ)V+0
j  jogamp.nativewindow.jawt.macosx.MacOSXJAWTWindow.access$200(JJ)V+2
j  jogamp.nativewindow.jawt.macosx.MacOSXJAWTWindow$1.run()V+38
J 2921 C1 com.jogamp.common.util.RunnableTask.run()V (345 bytes) @ 0x0000000119c10cf4 [0x0000000119c10b60+0x194]
v  ~StubRoutines::call_stub
V  [libjvm.dylib+0x2ed9d6]
V  [libjvm.dylib+0x324b65]
V  [libjvm.dylib+0x317333]
C  [libnativewindow_macosx.jnilib+0x5326]  Java_jogamp_nativewindow_jawt_macosx_MacOSXJAWTWindow_UnsetJAWTRootSurfaceLayer0+0x2b6
C  [Foundation+0x7152a]  __NSThreadPerformPerform+0x146
C  [CoreFoundation+0xa7321]  __CFRUNLOOP_IS_CALLING_OUT_TO_A_SOURCE0_PERFORM_FUNCTION__+0x11
C  [CoreFoundation+0x8821d]  __CFRunLoopDoSources0+0x22d
C  [CoreFoundation+0x87716]  __CFRunLoopRun+0x3a6
C  [CoreFoundation+0x87114]  CFRunLoopRunSpecific+0x1a4
C  [HIToolbox+0x30ebc]  RunCurrentEventLoopInMode+0xf0
C  [HIToolbox+0x30bf9]  ReceiveNextEventCommon+0xb8
C  [HIToolbox+0x30b26]  _BlockUntilNextEventMatchingListInModeWithFilter+0x47
C  [AppKit+0x46a54]  _DPSNextEvent+0x460
C  [AppKit+0x7c27ee]  -[NSApplication(NSEvent) _nextEventMatchingEventMask:untilDate:inMode:dequeue:]+0xaec
C  [libosxapp.dylib+0x23aa]  -[NSApplicationAWT nextEventMatchingMask:untilDate:inMode:dequeue:]+0x7c
C  [AppKit+0x3b3db]  -[NSApplication run]+0x39e
C  [libosxapp.dylib+0x214d]  +[NSApplicationAWT runAWTLoopWithApp:]+0x9c
C  [libawt_lwawt.dylib+0x45ff7]  -[AWTStarter starter:]+0x389
C  [Foundation+0x7152a]  __NSThreadPerformPerform+0x146
C  [CoreFoundation+0xa7321]  __CFRUNLOOP_IS_CALLING_OUT_TO_A_SOURCE0_PERFORM_FUNCTION__+0x11
C  [CoreFoundation+0x8821d]  __CFRunLoopDoSources0+0x22d
C  [CoreFoundation+0x87716]  __CFRunLoopRun+0x3a6
C  [CoreFoundation+0x87114]  CFRunLoopRunSpecific+0x1a4
C  [java+0x6465]  CreateExecutionEnvironment+0x367
C  [java+0x218c]  JLI_Launch+0x7a0
C  [java+0x84c2]  main+0x65
C  [java+0x19e4]  start+0x34
C  0x0000000000000007

Java frames: (J=compiled Java code, j=interpreted, Vv=VM code)
j  jogamp.nativewindow.jawt.macosx.MacOSXJAWTWindow.UnsetJAWTRootSurfaceLayer0(JJ)V+0
j  jogamp.nativewindow.jawt.macosx.MacOSXJAWTWindow.access$200(JJ)V+2
j  jogamp.nativewindow.jawt.macosx.MacOSXJAWTWindow$1.run()V+38
J 2921 C1 com.jogamp.common.util.RunnableTask.run()V (345 bytes) @ 0x0000000119c10cf4 [0x0000000119c10b60+0x194]
v  ~StubRoutines::call_stub

---------------  P R O C E S S  ---------------

Java Threads: ( => current thread )
  0x00007f80cb292000 JavaThread "Thread-19" [_thread_blocked, id=77283, stack(0x000070000e685000,0x000070000e785000)]
  0x00007f80cb2ac800 JavaThread "AWT-EventQueue-1" [_thread_in_native, id=68651, stack(0x000070000eda0000,0x000070000eea0000)]
  0x00007f80cc800000 JavaThread "DestroyJavaVM" [_thread_blocked, id=7171, stack(0x000070000d6d5000,0x000070000d7d5000)]
  0x00007f80cb25c800 JavaThread "AWT-EventQueue-0" [_thread_blocked, id=60179, stack(0x000070000eb9a000,0x000070000ec9a000)]
  0x00007f80cc1c4000 JavaThread "Java2D Disposer" daemon [_thread_blocked, id=56847, stack(0x000070000e911000,0x000070000ea11000)]
  0x00007f80cc970000 JavaThread "Java2D Queue Flusher" daemon [_thread_blocked, id=54791, stack(0x000070000e80e000,0x000070000e90e000)]
  0x00007f80cc942800 JavaThread "AWT-Shutdown" [_thread_blocked, id=29471, stack(0x000070000e582000,0x000070000e682000)]
=>0x00007f80cc93b000 JavaThread "AWT-AppKit" daemon [_thread_in_native, id=775, stack(0x00007fff55bcf000,0x00007fff563cf000)]
  0x00007f80cc814800 JavaThread "Service Thread" daemon [_thread_blocked, id=18691, stack(0x000070000e2f9000,0x000070000e3f9000)]
  0x00007f80cb050800 JavaThread "C1 CompilerThread2" daemon [_thread_blocked, id=18179, stack(0x000070000e1f6000,0x000070000e2f6000)]
  0x00007f80cb050000 JavaThread "C2 CompilerThread1" daemon [_thread_blocked, id=17667, stack(0x000070000e0f3000,0x000070000e1f3000)]
  0x00007f80cb04e800 JavaThread "C2 CompilerThread0" daemon [_thread_blocked, id=17155, stack(0x000070000dff0000,0x000070000e0f0000)]
  0x00007f80cb04a800 JavaThread "Signal Dispatcher" daemon [_thread_blocked, id=16643, stack(0x000070000deed000,0x000070000dfed000)]
  0x00007f80cb03a000 JavaThread "Finalizer" daemon [_thread_blocked, id=12547, stack(0x000070000ddea000,0x000070000deea000)]
  0x00007f80cb037800 JavaThread "Reference Handler" daemon [_thread_blocked, id=12035, stack(0x000070000dce7000,0x000070000dde7000)]

Other Threads:
  0x00007f80cb800800 VMThread [stack: 0x000070000dbe4000,0x000070000dce4000] [id=11523]
  0x00007f80cb04b800 WatcherThread [stack: 0x000070000e3fc000,0x000070000e4fc000] [id=19203]

VM state:not at safepoint (normal execution)

VM Mutex/Monitor currently owned by a thread: None

Heap:
 PSYoungGen      total 95744K, used 53139K [0x00000007aab00000, 0x00000007b1600000, 0x00000007c0000000)
  eden space 88064K, 55% used [0x00000007aab00000,0x00000007adb10c28,0x00000007b0100000)
  from space 7680K, 51% used [0x00000007b0e80000,0x00000007b12542e0,0x00000007b1600000)
  to   space 10752K, 0% used [0x00000007b0100000,0x00000007b0100000,0x00000007b0b80000)
 ParOldGen       total 35328K, used 17856K [0x0000000780000000, 0x0000000782280000, 0x00000007aab00000)
  object space 35328K, 50% used [0x0000000780000000,0x00000007811701b0,0x0000000782280000)
 Metaspace       used 24640K, capacity 24905K, committed 25088K, reserved 1071104K
  class space    used 2454K, capacity 2543K, committed 2560K, reserved 1048576K

Card table byte_map: [0x000000010b562000,0x000000010b763000] byte_map_base: 0x0000000107962000

Marking Bits: (ParMarkBitMap*) 0x000000010aaf0d30
 Begin Bits: [0x000000010b8b9000, 0x000000010c8b9000)
 End Bits:   [0x000000010c8b9000, 0x000000010d8b9000)

Polling page: 0x00000001098f1000

CodeCache: size=245760Kb used=10358Kb max_used=10358Kb free=235401Kb
 bounds [0x0000000119388000, 0x0000000119db8000, 0x0000000128388000]
 total_blobs=4010 nmethods=3079 adapters=844
 compilation: enabled

Compilation events (10 events):
Event: 45.567 Thread 0x00007f80cb050800 3338       1       java.awt.Component::isEnabledImpl (5 bytes)
Event: 45.567 Thread 0x00007f80cb050800 nmethod 3338 0x0000000119d698d0 code [0x0000000119d69a20, 0x0000000119d69b30]
Event: 45.601 Thread 0x00007f80cb050800 3339       1       java.awt.event.InputEvent::isConsumed (5 bytes)
Event: 45.601 Thread 0x00007f80cb050800 nmethod 3339 0x0000000119d8fb90 code [0x0000000119d8fce0, 0x0000000119d8fdf0]
Event: 46.019 Thread 0x00007f80cb050800 3340   !   3       sun.lwawt.LWComponentPeer::isShowing (49 bytes)
Event: 46.019 Thread 0x00007f80cb050800 nmethod 3340 0x0000000119d8ee10 code [0x0000000119d8efc0, 0x0000000119d8f8c8]
Event: 46.023 Thread 0x00007f80cb050800 3341  s    3       sun.font.FontAccess::getFontAccess (4 bytes)
Event: 46.023 Thread 0x00007f80cb050800 nmethod 3341 0x0000000119d8e950 code [0x0000000119d8eac0, 0x0000000119d8ed70]
Event: 46.051 Thread 0x00007f80cb050800 3342       1       sun.java2d.SurfaceData::isValid (5 bytes)
Event: 46.051 Thread 0x00007f80cb050800 nmethod 3342 0x0000000119d8e690 code [0x0000000119d8e7e0, 0x0000000119d8e8f0]

GC Heap History (10 events):
Event: 11.153 GC heap before
{Heap before GC invocations=7 (full 1):
 PSYoungGen      total 35328K, used 35313K [0x00000007aab00000, 0x00000007af700000, 0x00000007c0000000)
  eden space 32768K, 100% used [0x00000007aab00000,0x00000007acb00000,0x00000007acb00000)
  from space 2560K, 99% used [0x00000007acb00000,0x00000007acd7c4d0,0x00000007acd80000)
  to   space 12288K, 0% used [0x00000007aeb00000,0x00000007aeb00000,0x00000007af700000)
 ParOldGen       total 35328K, used 17832K [0x0000000780000000, 0x0000000782280000, 0x00000007aab00000)
  object space 35328K, 50% used [0x0000000780000000,0x000000078116a1b0,0x0000000782280000)
 Metaspace       used 24298K, capacity 24585K, committed 24832K, reserved 1071104K
  class space    used 2446K, capacity 2543K, committed 2560K, reserved 1048576K
Event: 11.163 GC heap after
Heap after GC invocations=7 (full 1):
 PSYoungGen      total 60416K, used 3968K [0x00000007aab00000, 0x00000007af400000, 0x00000007c0000000)
  eden space 51200K, 0% used [0x00000007aab00000,0x00000007aab00000,0x00000007add00000)
  from space 9216K, 43% used [0x00000007aeb00000,0x00000007aeee02f0,0x00000007af400000)
  to   space 11776K, 0% used [0x00000007add00000,0x00000007add00000,0x00000007ae880000)
 ParOldGen       total 35328K, used 17840K [0x0000000780000000, 0x0000000782280000, 0x00000007aab00000)
  object space 35328K, 50% used [0x0000000780000000,0x000000078116c1b0,0x0000000782280000)
 Metaspace       used 24298K, capacity 24585K, committed 24832K, reserved 1071104K
  class space    used 2446K, capacity 2543K, committed 2560K, reserved 1048576K
}
Event: 16.987 GC heap before
{Heap before GC invocations=8 (full 1):
 PSYoungGen      total 60416K, used 55168K [0x00000007aab00000, 0x00000007af400000, 0x00000007c0000000)
  eden space 51200K, 100% used [0x00000007aab00000,0x00000007add00000,0x00000007add00000)
  from space 9216K, 43% used [0x00000007aeb00000,0x00000007aeee02f0,0x00000007af400000)
  to   space 11776K, 0% used [0x00000007add00000,0x00000007add00000,0x00000007ae880000)
 ParOldGen       total 35328K, used 17840K [0x0000000780000000, 0x0000000782280000, 0x00000007aab00000)
  object space 35328K, 50% used [0x0000000780000000,0x000000078116c1b0,0x0000000782280000)
 Metaspace       used 24524K, capacity 24841K, committed 25088K, reserved 1071104K
  class space    used 2446K, capacity 2543K, committed 2560K, reserved 1048576K
Event: 16.995 GC heap after
Heap after GC invocations=8 (full 1):
 PSYoungGen      total 62976K, used 3952K [0x00000007aab00000, 0x00000007b0d00000, 0x00000007c0000000)
  eden space 51200K, 0% used [0x00000007aab00000,0x00000007aab00000,0x00000007add00000)
  from space 11776K, 33% used [0x00000007add00000,0x00000007ae0dc2e0,0x00000007ae880000)
  to   space 11776K, 0% used [0x00000007b0180000,0x00000007b0180000,0x00000007b0d00000)
 ParOldGen       total 35328K, used 17848K [0x0000000780000000, 0x0000000782280000, 0x00000007aab00000)
  object space 35328K, 50% used [0x0000000780000000,0x000000078116e1b0,0x0000000782280000)
 Metaspace       used 24524K, capacity 24841K, committed 25088K, reserved 1071104K
  class space    used 2446K, capacity 2543K, committed 2560K, reserved 1048576K
}
Event: 23.016 GC heap before
{Heap before GC invocations=9 (full 1):
 PSYoungGen      total 62976K, used 55152K [0x00000007aab00000, 0x00000007b0d00000, 0x00000007c0000000)
  eden space 51200K, 100% used [0x00000007aab00000,0x00000007add00000,0x00000007add00000)
  from space 11776K, 33% used [0x00000007add00000,0x00000007ae0dc2e0,0x00000007ae880000)
  to   space 11776K, 0% used [0x00000007b0180000,0x00000007b0180000,0x00000007b0d00000)
 ParOldGen       total 35328K, used 17848K [0x0000000780000000, 0x0000000782280000, 0x00000007aab00000)
  object space 35328K, 50% used [0x0000000780000000,0x000000078116e1b0,0x0000000782280000)
 Metaspace       used 24597K, capacity 24905K, committed 25088K, reserved 1071104K
  class space    used 2446K, capacity 2543K, committed 2560K, reserved 1048576K
Event: 23.023 GC heap after
Heap after GC invocations=9 (full 1):
 PSYoungGen      total 81408K, used 3952K [0x00000007aab00000, 0x00000007b0900000, 0x00000007c0000000)
  eden space 73728K, 0% used [0x00000007aab00000,0x00000007aab00000,0x00000007af300000)
  from space 7680K, 51% used [0x00000007b0180000,0x00000007b055c2e0,0x00000007b0900000)
  to   space 11264K, 0% used [0x00000007af300000,0x00000007af300000,0x00000007afe00000)
 ParOldGen       total 35328K, used 17856K [0x0000000780000000, 0x0000000782280000, 0x00000007aab00000)
  object space 35328K, 50% used [0x0000000780000000,0x00000007811701b0,0x0000000782280000)
 Metaspace       used 24597K, capacity 24905K, committed 25088K, reserved 1071104K
  class space    used 2446K, capacity 2543K, committed 2560K, reserved 1048576K
}
Event: 31.851 GC heap before
{Heap before GC invocations=10 (full 1):
 PSYoungGen      total 81408K, used 77680K [0x00000007aab00000, 0x00000007b0900000, 0x00000007c0000000)
  eden space 73728K, 100% used [0x00000007aab00000,0x00000007af300000,0x00000007af300000)
  from space 7680K, 51% used [0x00000007b0180000,0x00000007b055c2e0,0x00000007b0900000)
  to   space 11264K, 0% used [0x00000007af300000,0x00000007af300000,0x00000007afe00000)
 ParOldGen       total 35328K, used 17856K [0x0000000780000000, 0x0000000782280000, 0x00000007aab00000)
  object space 35328K, 50% used [0x0000000780000000,0x00000007811701b0,0x0000000782280000)
 Metaspace       used 24599K, capacity 24905K, committed 25088K, reserved 1071104K
  class space    used 2447K, capacity 2543K, committed 2560K, reserved 1048576K
Event: 31.861 GC heap after
Heap after GC invocations=10 (full 1):
 PSYoungGen      total 84992K, used 3920K [0x00000007aab00000, 0x00000007b1980000, 0x00000007c0000000)
  eden space 73728K, 0% used [0x00000007aab00000,0x00000007aab00000,0x00000007af300000)
  from space 11264K, 34% used [0x00000007af300000,0x00000007af6d42e0,0x00000007afe00000)
  to   space 11264K, 0% used [0x00000007b0e80000,0x00000007b0e80000,0x00000007b1980000)
 ParOldGen       total 35328K, used 17856K [0x0000000780000000, 0x0000000782280000, 0x00000007aab00000)
  object space 35328K, 50% used [0x0000000780000000,0x00000007811701b0,0x0000000782280000)
 Metaspace       used 24599K, capacity 24905K, committed 25088K, reserved 1071104K
  class space    used 2447K, capacity 2543K, committed 2560K, reserved 1048576K
}
Event: 40.550 GC heap before
{Heap before GC invocations=11 (full 1):
 PSYoungGen      total 84992K, used 77648K [0x00000007aab00000, 0x00000007b1980000, 0x00000007c0000000)
  eden space 73728K, 100% used [0x00000007aab00000,0x00000007af300000,0x00000007af300000)
  from space 11264K, 34% used [0x00000007af300000,0x00000007af6d42e0,0x00000007afe00000)
  to   space 11264K, 0% used [0x00000007b0e80000,0x00000007b0e80000,0x00000007b1980000)
 ParOldGen       total 35328K, used 17856K [0x0000000780000000, 0x0000000782280000, 0x00000007aab00000)
  object space 35328K, 50% used [0x0000000780000000,0x00000007811701b0,0x0000000782280000)
 Metaspace       used 24599K, capacity 24905K, committed 25088K, reserved 1071104K
  class space    used 2447K, capacity 2543K, committed 2560K, reserved 1048576K
Event: 40.556 GC heap after
Heap after GC invocations=11 (full 1):
 PSYoungGen      total 95744K, used 3920K [0x00000007aab00000, 0x00000007b1600000, 0x00000007c0000000)
  eden space 88064K, 0% used [0x00000007aab00000,0x00000007aab00000,0x00000007b0100000)
  from space 7680K, 51% used [0x00000007b0e80000,0x00000007b12542e0,0x00000007b1600000)
  to   space 10752K, 0% used [0x00000007b0100000,0x00000007b0100000,0x00000007b0b80000)
 ParOldGen       total 35328K, used 17856K [0x0000000780000000, 0x0000000782280000, 0x00000007aab00000)
  object space 35328K, 50% used [0x0000000780000000,0x00000007811701b0,0x0000000782280000)
 Metaspace       used 24599K, capacity 24905K, committed 25088K, reserved 1071104K
  class space    used 2447K, capacity 2543K, committed 2560K, reserved 1048576K
}

Deoptimization events (10 events):
Event: 46.022 Thread 0x00007f80cb25c800 Uncommon trap: reason=unstable_if action=reinterpret pc=0x0000000119d97100 method=sun.java2d.pipe.Region.intersectsQuickCheck(Lsun/java2d/pipe/Region;)Z @ 41
Event: 46.022 Thread 0x00007f80cb25c800 Uncommon trap: reason=unstable_if action=reinterpret pc=0x0000000119a2c744 method=java.awt.font.FontRenderContext.equals(Ljava/awt/font/FontRenderContext;)Z @ 2
Event: 46.022 Thread 0x00007f80cb25c800 Uncommon trap: reason=unstable_if action=reinterpret pc=0x0000000119a1d114 method=java.awt.Font.equals(Ljava/lang/Object;)Z @ 2
Event: 46.050 Thread 0x00007f80cb1dd800 Uncommon trap: reason=bimorphic action=maybe_recompile pc=0x0000000119980f90 method=java.util.HashMap.putVal(ILjava/lang/Object;Ljava/lang/Object;ZZ)Ljava/lang/Object; @ 91
Event: 46.050 Thread 0x00007f80cb1dd800 Uncommon trap: reason=bimorphic action=maybe_recompile pc=0x0000000119980f90 method=java.util.HashMap.putVal(ILjava/lang/Object;Ljava/lang/Object;ZZ)Ljava/lang/Object; @ 91
Event: 46.050 Thread 0x00007f80cb1dd800 Uncommon trap: reason=bimorphic action=maybe_recompile pc=0x0000000119980f90 method=java.util.HashMap.putVal(ILjava/lang/Object;Ljava/lang/Object;ZZ)Ljava/lang/Object; @ 91
Event: 46.050 Thread 0x00007f80cb1dd800 Uncommon trap: reason=bimorphic action=maybe_recompile pc=0x0000000119980f90 method=java.util.HashMap.putVal(ILjava/lang/Object;Ljava/lang/Object;ZZ)Ljava/lang/Object; @ 91
Event: 46.050 Thread 0x00007f80cb1dd800 Uncommon trap: reason=bimorphic action=maybe_recompile pc=0x00000001198a29b8 method=java.util.HashMap.putVal(ILjava/lang/Object;Ljava/lang/Object;ZZ)Ljava/lang/Object; @ 91
Event: 46.066 Thread 0x00007f80cb2ac800 Uncommon trap: reason=unstable_if action=reinterpret pc=0x0000000119cdbd8c method=java.security.AccessControlContext.optimize()Ljava/security/AccessControlContext; @ 233
Event: 46.067 Thread 0x00007f80cb25c800 Uncommon trap: reason=unstable_if action=reinterpret pc=0x00000001199a5f38 method=java.awt.font.FontRenderContext.equals(Ljava/awt/font/FontRenderContext;)Z @ 2

Internal exceptions (10 events):
Event: 0.271 Thread 0x00007f80cc800000 Exception <a 'java/lang/NoSuchFieldError': method resolution failed> (0x00000007aacc89d8) thrown at [/Users/java_re/workspace/8-2-build-macosx-x86_64/jdk8u121/8372/hotspot/src/share/vm/prims/methodHandles.cpp, line 1146]
Event: 0.275 Thread 0x00007f80cc800000 Exception <a 'java/lang/NoSuchFieldError': method resolution failed> (0x00000007aacd61a8) thrown at [/Users/java_re/workspace/8-2-build-macosx-x86_64/jdk8u121/8372/hotspot/src/share/vm/prims/methodHandles.cpp, line 1146]
Event: 0.536 Thread 0x00007f80cc800000 Exception <a 'java/io/FileNotFoundException'> (0x00000007aad52d90) thrown at [/Users/java_re/workspace/8-2-build-macosx-x86_64/jdk8u121/8372/hotspot/src/share/vm/prims/jni.cpp, line 709]
Event: 0.536 Thread 0x00007f80cc800000 Exception <a 'java/io/FileNotFoundException'> (0x00000007aad538e0) thrown at [/Users/java_re/workspace/8-2-build-macosx-x86_64/jdk8u121/8372/hotspot/src/share/vm/prims/jni.cpp, line 709]
Event: 0.683 Thread 0x00007f80cc800000 Exception <a 'java/io/FileNotFoundException'> (0x00000007aae8c378) thrown at [/Users/java_re/workspace/8-2-build-macosx-x86_64/jdk8u121/8372/hotspot/src/share/vm/prims/jni.cpp, line 709]
Event: 4.015 Thread 0x00007f80cb03a000 Exception <a 'java/lang/NullPointerException'> (0x00000007aab84270) thrown at [/Users/java_re/workspace/8-2-build-macosx-x86_64/jdk8u121/8372/hotspot/src/share/vm/interpreter/linkResolver.cpp, line 1178]
Event: 4.129 Thread 0x00007f80cc191000 Exception <a 'java/lang/UnsatisfiedLinkError': com.jogamp.common.util.JarUtil.fixNativeLibAttribs(Ljava/lang/String;)Z> (0x00000007aaf10ae0) thrown at [/Users/java_re/workspace/8-2-build-macosx-x86_64/jdk8u121/8372/hotspot/src/share/vm/prims/nativeLookup.
Event: 5.528 Thread 0x00007f80cb2ac800 Exception <a 'java/io/FileNotFoundException'> (0x00000007ab16d210) thrown at [/Users/java_re/workspace/8-2-build-macosx-x86_64/jdk8u121/8372/hotspot/src/share/vm/prims/jni.cpp, line 709]
Event: 5.528 Thread 0x00007f80cb2ac800 Exception <a 'java/io/FileNotFoundException'> (0x00000007ab1733f8) thrown at [/Users/java_re/workspace/8-2-build-macosx-x86_64/jdk8u121/8372/hotspot/src/share/vm/prims/jni.cpp, line 709]
Event: 5.529 Thread 0x00007f80cb2ac800 Implicit null exception at 0x00000001195474b6 to 0x0000000119547885

Events (10 events):
Event: 46.066 loading class java/awt/LightweightDispatcher$2
Event: 46.066 loading class java/awt/LightweightDispatcher$2 done
Event: 46.066 loading class java/awt/event/AWTEventListenerProxy
Event: 46.066 loading class java/awt/event/AWTEventListenerProxy done
Event: 46.066 loading class java/awt/Toolkit$ToolkitEventMulticaster
Event: 46.066 loading class java/awt/Toolkit$ToolkitEventMulticaster done
Event: 46.067 Thread 0x00007f80cb25c800 Uncommon trap: trap_request=0xffffff65 fr.pc=0x00000001199a5f38
Event: 46.067 Thread 0x00007f80cb25c800 DEOPT PACKING pc=0x00000001199a5f38 sp=0x000070000ec97540
Event: 46.067 Thread 0x00007f80cb25c800 DEOPT UNPACKING pc=0x000000011938d229 sp=0x000070000ec97510 mode 2
Event: 46.068 Thread 0x00007f80cb1dd800 Thread exited: 0x00007f80cb1dd800


Dynamic libraries:
0x000000004c357000 	/System/Library/Frameworks/Cocoa.framework/Versions/A/Cocoa
0x000000004c357000 	/System/Library/Frameworks/Security.framework/Versions/A/Security
0x000000004c357000 	/System/Library/Frameworks/ApplicationServices.framework/Versions/A/ApplicationServices
0x000000004c357000 	/usr/lib/libz.1.dylib
0x000000004c357000 	/usr/lib/libSystem.B.dylib
0x000000004c357000 	/usr/lib/libobjc.A.dylib
0x000000004c357000 	/System/Library/Frameworks/CoreFoundation.framework/Versions/A/CoreFoundation
0x000000004c357000 	/System/Library/Frameworks/Foundation.framework/Versions/C/Foundation
0x000000004c357000 	/System/Library/Frameworks/AppKit.framework/Versions/C/AppKit
0x000000004c357000 	/System/Library/Frameworks/CoreData.framework/Versions/A/CoreData
0x000000004c357000 	/System/Library/PrivateFrameworks/RemoteViewServices.framework/Versions/A/RemoteViewServices
0x000000004c357000 	/System/Library/PrivateFrameworks/UIFoundation.framework/Versions/A/UIFoundation
0x000000004c357000 	/System/Library/PrivateFrameworks/DFRFoundation.framework/Versions/A/DFRFoundation
0x000000004c357000 	/usr/lib/libenergytrace.dylib
0x000000004c357000 	/System/Library/PrivateFrameworks/SkyLight.framework/Versions/A/SkyLight
0x000000004c357000 	/System/Library/Frameworks/CoreGraphics.framework/Versions/A/CoreGraphics
0x000000004c357000 	/usr/lib/libScreenReader.dylib
0x000000004c357000 	/System/Library/Frameworks/Accelerate.framework/Versions/A/Accelerate
0x000000004c357000 	/System/Library/Frameworks/IOSurface.framework/Versions/A/IOSurface
0x000000004c357000 	/System/Library/Frameworks/AudioToolbox.framework/Versions/A/AudioToolbox
0x000000004c357000 	/System/Library/Frameworks/AudioUnit.framework/Versions/A/AudioUnit
0x000000004c357000 	/System/Library/PrivateFrameworks/DataDetectorsCore.framework/Versions/A/DataDetectorsCore
0x000000004c357000 	/System/Library/PrivateFrameworks/DesktopServicesPriv.framework/Versions/A/DesktopServicesPriv
0x000000004c357000 	/System/Library/Frameworks/Carbon.framework/Versions/A/Frameworks/HIToolbox.framework/Versions/A/HIToolbox
0x000000004c357000 	/usr/lib/libicucore.A.dylib
0x000000004c357000 	/System/Library/Frameworks/QuartzCore.framework/Versions/A/QuartzCore
0x000000004c357000 	/System/Library/Frameworks/Carbon.framework/Versions/A/Frameworks/SpeechRecognition.framework/Versions/A/SpeechRecognition
0x000000004c357000 	/usr/lib/libauto.dylib
0x000000004c357000 	/usr/lib/libxml2.2.dylib
0x000000004c357000 	/System/Library/PrivateFrameworks/CoreUI.framework/Versions/A/CoreUI
0x000000004c357000 	/System/Library/Frameworks/CoreAudio.framework/Versions/A/CoreAudio
0x000000004c357000 	/System/Library/Frameworks/DiskArbitration.framework/Versions/A/DiskArbitration
0x000000004c357000 	/usr/lib/liblangid.dylib
0x000000004c357000 	/System/Library/PrivateFrameworks/MultitouchSupport.framework/Versions/A/MultitouchSupport
0x000000004c357000 	/System/Library/Frameworks/IOKit.framework/Versions/A/IOKit
0x000000004c357000 	/usr/lib/libDiagnosticMessagesClient.dylib
0x000000004c357000 	/System/Library/Frameworks/CoreServices.framework/Versions/A/CoreServices
0x000000004c357000 	/System/Library/PrivateFrameworks/PerformanceAnalysis.framework/Versions/A/PerformanceAnalysis
0x000000004c357000 	/System/Library/PrivateFrameworks/GenerationalStorage.framework/Versions/A/GenerationalStorage
0x000000004c357000 	/System/Library/Frameworks/OpenGL.framework/Versions/A/OpenGL
0x000000004c357000 	/System/Library/Frameworks/CoreImage.framework/Versions/A/CoreImage
0x000000004c357000 	/System/Library/Frameworks/CoreText.framework/Versions/A/CoreText
0x000000004c357000 	/System/Library/Frameworks/ImageIO.framework/Versions/A/ImageIO
0x000000004c357000 	/System/Library/PrivateFrameworks/Backup.framework/Versions/A/Backup
0x000000004c357000 	/usr/lib/libarchive.2.dylib
0x000000004c357000 	/System/Library/Frameworks/CFNetwork.framework/Versions/A/CFNetwork
0x000000004c357000 	/System/Library/Frameworks/SystemConfiguration.framework/Versions/A/SystemConfiguration
0x000000004c357000 	/usr/lib/libCRFSuite.dylib
0x000000004c357000 	/usr/lib/libc++.1.dylib
0x000000004c357000 	/usr/lib/libc++abi.dylib
0x000000004c357000 	/usr/lib/system/libcache.dylib
0x000000004c357000 	/usr/lib/system/libcommonCrypto.dylib
0x000000004c357000 	/usr/lib/system/libcompiler_rt.dylib
0x000000004c357000 	/usr/lib/system/libcopyfile.dylib
0x000000004c357000 	/usr/lib/system/libcorecrypto.dylib
0x000000004c357000 	/usr/lib/system/libdispatch.dylib
0x000000004c357000 	/usr/lib/system/libdyld.dylib
0x000000004c357000 	/usr/lib/system/libkeymgr.dylib
0x000000004c357000 	/usr/lib/system/liblaunch.dylib
0x000000004c357000 	/usr/lib/system/libmacho.dylib
0x000000004c357000 	/usr/lib/system/libquarantine.dylib
0x000000004c357000 	/usr/lib/system/libremovefile.dylib
0x000000004c357000 	/usr/lib/system/libsystem_asl.dylib
0x000000004c357000 	/usr/lib/system/libsystem_blocks.dylib
0x000000004c357000 	/usr/lib/system/libsystem_c.dylib
0x000000004c357000 	/usr/lib/system/libsystem_configuration.dylib
0x000000004c357000 	/usr/lib/system/libsystem_coreservices.dylib
0x000000004c357000 	/usr/lib/system/libsystem_coretls.dylib
0x000000004c357000 	/usr/lib/system/libsystem_dnssd.dylib
0x000000004c357000 	/usr/lib/system/libsystem_info.dylib
0x000000004c357000 	/usr/lib/system/libsystem_kernel.dylib
0x000000004c357000 	/usr/lib/system/libsystem_m.dylib
0x000000004c357000 	/usr/lib/system/libsystem_malloc.dylib
0x000000004c357000 	/usr/lib/system/libsystem_network.dylib
0x000000004c357000 	/usr/lib/system/libsystem_networkextension.dylib
0x000000004c357000 	/usr/lib/system/libsystem_notify.dylib
0x000000004c357000 	/usr/lib/system/libsystem_platform.dylib
0x000000004c357000 	/usr/lib/system/libsystem_pthread.dylib
0x000000004c357000 	/usr/lib/system/libsystem_sandbox.dylib
0x000000004c357000 	/usr/lib/system/libsystem_secinit.dylib
0x000000004c357000 	/usr/lib/system/libsystem_symptoms.dylib
0x000000004c357000 	/usr/lib/system/libsystem_trace.dylib
0x000000004c357000 	/usr/lib/system/libunwind.dylib
0x000000004c357000 	/usr/lib/system/libxpc.dylib
0x000000004c357000 	/usr/lib/libbsm.0.dylib
0x000000004c357000 	/usr/lib/system/libkxld.dylib
0x000000004c357000 	/usr/lib/libcoretls.dylib
0x000000004c357000 	/usr/lib/libcoretls_cfhelpers.dylib
0x000000004c357000 	/usr/lib/libOpenScriptingUtil.dylib
0x000000004c357000 	/usr/lib/libpam.2.dylib
0x000000004c357000 	/usr/lib/libsqlite3.dylib
0x000000004c357000 	/usr/lib/libxar.1.dylib
0x000000004c357000 	/usr/lib/libbz2.1.0.dylib
0x000000004c357000 	/usr/lib/liblzma.5.dylib
0x000000004c357000 	/usr/lib/libnetwork.dylib
0x000000004c357000 	/usr/lib/libpcap.A.dylib
0x000000004c357000 	/System/Library/Frameworks/CoreServices.framework/Versions/A/Frameworks/FSEvents.framework/Versions/A/FSEvents
0x000000004c357000 	/System/Library/Frameworks/CoreServices.framework/Versions/A/Frameworks/CarbonCore.framework/Versions/A/CarbonCore
0x000000004c357000 	/System/Library/Frameworks/CoreServices.framework/Versions/A/Frameworks/Metadata.framework/Versions/A/Metadata
0x000000004c357000 	/System/Library/Frameworks/CoreServices.framework/Versions/A/Frameworks/OSServices.framework/Versions/A/OSServices
0x000000004c357000 	/System/Library/Frameworks/CoreServices.framework/Versions/A/Frameworks/SearchKit.framework/Versions/A/SearchKit
0x000000004c357000 	/System/Library/Frameworks/CoreServices.framework/Versions/A/Frameworks/AE.framework/Versions/A/AE
0x000000004c357000 	/System/Library/Frameworks/CoreServices.framework/Versions/A/Frameworks/LaunchServices.framework/Versions/A/LaunchServices
0x000000004c357000 	/System/Library/Frameworks/CoreServices.framework/Versions/A/Frameworks/DictionaryServices.framework/Versions/A/DictionaryServices
0x000000004c357000 	/System/Library/Frameworks/CoreServices.framework/Versions/A/Frameworks/SharedFileList.framework/Versions/A/SharedFileList
0x000000004c357000 	/System/Library/Frameworks/NetFS.framework/Versions/A/NetFS
0x000000004c357000 	/System/Library/PrivateFrameworks/NetAuth.framework/Versions/A/NetAuth
0x000000004c357000 	/System/Library/PrivateFrameworks/login.framework/Versions/A/Frameworks/loginsupport.framework/Versions/A/loginsupport
0x000000004c357000 	/System/Library/PrivateFrameworks/TCC.framework/Versions/A/TCC
0x000000004c357000 	/usr/lib/libmecabra.dylib
0x000000004c357000 	/System/Library/Frameworks/ApplicationServices.framework/Versions/A/Frameworks/ATS.framework/Versions/A/ATS
0x000000004c357000 	/System/Library/Frameworks/ApplicationServices.framework/Versions/A/Frameworks/ColorSync.framework/Versions/A/ColorSync
0x000000004c357000 	/System/Library/Frameworks/ApplicationServices.framework/Versions/A/Frameworks/HIServices.framework/Versions/A/HIServices
0x000000004c357000 	/System/Library/Frameworks/ApplicationServices.framework/Versions/A/Frameworks/LangAnalysis.framework/Versions/A/LangAnalysis
0x000000004c357000 	/System/Library/Frameworks/ApplicationServices.framework/Versions/A/Frameworks/PrintCore.framework/Versions/A/PrintCore
0x000000004c357000 	/System/Library/Frameworks/ApplicationServices.framework/Versions/A/Frameworks/QD.framework/Versions/A/QD
0x000000004c357000 	/System/Library/Frameworks/ApplicationServices.framework/Versions/A/Frameworks/SpeechSynthesis.framework/Versions/A/SpeechSynthesis
0x000000004c357000 	/System/Library/Frameworks/Accelerate.framework/Versions/A/Frameworks/vImage.framework/Versions/A/vImage
0x000000004c357000 	/System/Library/Frameworks/Accelerate.framework/Versions/A/Frameworks/vecLib.framework/Versions/A/vecLib
0x000000004c357000 	/System/Library/Frameworks/Accelerate.framework/Versions/A/Frameworks/vecLib.framework/Versions/A/libvDSP.dylib
0x000000004c357000 	/System/Library/Frameworks/Accelerate.framework/Versions/A/Frameworks/vecLib.framework/Versions/A/libBNNS.dylib
0x000000004c357000 	/System/Library/Frameworks/Accelerate.framework/Versions/A/Frameworks/vecLib.framework/Versions/A/libQuadrature.dylib
0x000000004c357000 	/System/Library/Frameworks/Accelerate.framework/Versions/A/Frameworks/vecLib.framework/Versions/A/libvMisc.dylib
0x000000004c357000 	/System/Library/Frameworks/Accelerate.framework/Versions/A/Frameworks/vecLib.framework/Versions/A/libLAPACK.dylib
0x000000004c357000 	/System/Library/Frameworks/Accelerate.framework/Versions/A/Frameworks/vecLib.framework/Versions/A/libBLAS.dylib
0x000000004c357000 	/System/Library/Frameworks/Accelerate.framework/Versions/A/Frameworks/vecLib.framework/Versions/A/libLinearAlgebra.dylib
0x000000004c357000 	/System/Library/Frameworks/Accelerate.framework/Versions/A/Frameworks/vecLib.framework/Versions/A/libSparseBLAS.dylib
0x000000004c357000 	/System/Library/Frameworks/ApplicationServices.framework/Versions/A/Frameworks/ATS.framework/Versions/A/Resources/libFontParser.dylib
0x000000004c357000 	/System/Library/Frameworks/ApplicationServices.framework/Versions/A/Frameworks/ATS.framework/Versions/A/Resources/libFontRegistry.dylib
0x000000004c357000 	/System/Library/Frameworks/ImageIO.framework/Versions/A/Resources/libJPEG.dylib
0x000000004c357000 	/System/Library/Frameworks/ImageIO.framework/Versions/A/Resources/libTIFF.dylib
0x000000004c357000 	/System/Library/Frameworks/ImageIO.framework/Versions/A/Resources/libPng.dylib
0x000000004c357000 	/System/Library/Frameworks/ImageIO.framework/Versions/A/Resources/libGIF.dylib
0x000000004c357000 	/System/Library/Frameworks/ImageIO.framework/Versions/A/Resources/libJP2.dylib
0x000000004c357000 	/System/Library/Frameworks/ImageIO.framework/Versions/A/Resources/libRadiance.dylib
0x000000004c357000 	/usr/lib/libcompression.dylib
0x000000004c357000 	/System/Library/PrivateFrameworks/AppleJPEG.framework/Versions/A/AppleJPEG
0x000000004c357000 	/usr/lib/libcups.2.dylib
0x000000004c357000 	/System/Library/Frameworks/Kerberos.framework/Versions/A/Kerberos
0x000000004c357000 	/System/Library/Frameworks/GSS.framework/Versions/A/GSS
0x000000004c357000 	/usr/lib/libresolv.9.dylib
0x000000004c357000 	/usr/lib/libiconv.2.dylib
0x000000004c357000 	/System/Library/PrivateFrameworks/Heimdal.framework/Versions/A/Heimdal
0x000000004c357000 	/usr/lib/libheimdal-asn1.dylib
0x000000004c357000 	/System/Library/Frameworks/OpenDirectory.framework/Versions/A/OpenDirectory
0x000000004c357000 	/System/Library/PrivateFrameworks/CommonAuth.framework/Versions/A/CommonAuth
0x000000004c357000 	/System/Library/Frameworks/OpenDirectory.framework/Versions/A/Frameworks/CFOpenDirectory.framework/Versions/A/CFOpenDirectory
0x000000004c357000 	/System/Library/Frameworks/SecurityFoundation.framework/Versions/A/SecurityFoundation
0x000000004c357000 	/System/Library/PrivateFrameworks/LanguageModeling.framework/Versions/A/LanguageModeling
0x000000004c357000 	/usr/lib/libmarisa.dylib
0x000000004c357000 	/usr/lib/libChineseTokenizer.dylib
0x000000004c357000 	/usr/lib/libcmph.dylib
0x000000004c357000 	/System/Library/PrivateFrameworks/CoreEmoji.framework/Versions/A/CoreEmoji
0x000000004c357000 	/System/Library/Frameworks/ServiceManagement.framework/Versions/A/ServiceManagement
0x000000004c357000 	/usr/lib/libxslt.1.dylib
0x000000004c357000 	/System/Library/Frameworks/Carbon.framework/Versions/A/Frameworks/Ink.framework/Versions/A/Ink
0x000000004c357000 	/System/Library/PrivateFrameworks/TextureIO.framework/Versions/A/TextureIO
0x000000004c357000 	/System/Library/Frameworks/Metal.framework/Versions/A/Metal
0x000000004c357000 	/usr/lib/libate.dylib
0x000000004c357000 	/System/Library/PrivateFrameworks/GPUCompiler.framework/libmetal_timestamp.dylib
0x000000004c357000 	/System/Library/Frameworks/OpenGL.framework/Versions/A/Libraries/libCoreFSCache.dylib
0x000000004c357000 	/System/Library/PrivateFrameworks/IOAccelerator.framework/Versions/A/IOAccelerator
0x000000004c357000 	/System/Library/Frameworks/CoreVideo.framework/Versions/A/CoreVideo
0x000000004c357000 	/usr/lib/libFosl_dynamic.dylib
0x000000004c357000 	/System/Library/PrivateFrameworks/MetalPerformanceShaders.framework/Versions/A/MetalPerformanceShaders
0x000000004c357000 	/System/Library/PrivateFrameworks/FaceCore.framework/Versions/A/FaceCore
0x000000004c357000 	/System/Library/Frameworks/OpenCL.framework/Versions/A/OpenCL
0x000000004c357000 	/System/Library/Frameworks/OpenGL.framework/Versions/A/Libraries/libGLU.dylib
0x000000004c357000 	/System/Library/Frameworks/OpenGL.framework/Versions/A/Libraries/libGFXShared.dylib
0x000000004c357000 	/System/Library/Frameworks/OpenGL.framework/Versions/A/Libraries/libGL.dylib
0x000000004c357000 	/System/Library/Frameworks/OpenGL.framework/Versions/A/Libraries/libGLImage.dylib
0x000000004c357000 	/System/Library/Frameworks/OpenGL.framework/Versions/A/Libraries/libCVMSPluginSupport.dylib
0x000000004c357000 	/System/Library/Frameworks/OpenGL.framework/Versions/A/Libraries/libCoreVMClient.dylib
0x000000004c357000 	/System/Library/PrivateFrameworks/CrashReporterSupport.framework/Versions/A/CrashReporterSupport
0x000000004c357000 	/System/Library/PrivateFrameworks/Sharing.framework/Versions/A/Sharing
0x000000004c357000 	/System/Library/PrivateFrameworks/IconServices.framework/Versions/A/IconServices
0x000000004c357000 	/System/Library/PrivateFrameworks/ProtocolBuffer.framework/Versions/A/ProtocolBuffer
0x000000004c357000 	/System/Library/PrivateFrameworks/Apple80211.framework/Versions/A/Apple80211
0x000000004c357000 	/System/Library/Frameworks/CoreWLAN.framework/Versions/A/CoreWLAN
0x000000004c357000 	/System/Library/PrivateFrameworks/CoreUtils.framework/Versions/A/CoreUtils
0x000000004c357000 	/System/Library/Frameworks/IOBluetooth.framework/Versions/A/IOBluetooth
0x000000004c357000 	/System/Library/PrivateFrameworks/CoreWiFi.framework/Versions/A/CoreWiFi
0x000000004c357000 	/System/Library/Frameworks/CoreBluetooth.framework/Versions/A/CoreBluetooth
0x000000004c357000 	/System/Library/Frameworks/CoreDisplay.framework/Versions/A/CoreDisplay
0x000000004c357000 	/System/Library/PrivateFrameworks/IOPresentment.framework/Versions/A/IOPresentment
0x000000004c357000 	/System/Library/PrivateFrameworks/DSExternalDisplay.framework/Versions/A/DSExternalDisplay
0x000000004c357000 	/System/Library/PrivateFrameworks/DebugSymbols.framework/Versions/A/DebugSymbols
0x000000004c357000 	/System/Library/PrivateFrameworks/CoreSymbolication.framework/Versions/A/CoreSymbolication
0x000000004c357000 	/System/Library/PrivateFrameworks/Symbolication.framework/Versions/A/Symbolication
0x000000004c357000 	/System/Library/PrivateFrameworks/AppleFSCompression.framework/Versions/A/AppleFSCompression
0x000000004c357000 	/System/Library/PrivateFrameworks/SpeechRecognitionCore.framework/Versions/A/SpeechRecognitionCore
0x000000004c357000 	/System/Library/PrivateFrameworks/ChunkingLibrary.framework/Versions/A/ChunkingLibrary
0x000000010a200000 	/Library/Java/JavaVirtualMachines/jdk1.8.0_121.jdk/Contents/Home/jre/lib/server/libjvm.dylib
0x000000004c357000 	/usr/lib/libstdc++.6.dylib
0x00000001098ae000 	/Library/Java/JavaVirtualMachines/jdk1.8.0_121.jdk/Contents/Home/jre/lib/libverify.dylib
0x00000001098bc000 	/Library/Java/JavaVirtualMachines/jdk1.8.0_121.jdk/Contents/Home/jre/lib/libjava.dylib
0x00000001098fb000 	/Library/Java/JavaVirtualMachines/jdk1.8.0_121.jdk/Contents/Home/jre/lib/libzip.dylib
0x000000010f4b4000 	/System/Library/Frameworks/JavaVM.framework/Frameworks/JavaRuntimeSupport.framework/JavaRuntimeSupport
0x000000010f4ce000 	/System/Library/Frameworks/JavaVM.framework/Versions/A/Frameworks/JavaNativeFoundation.framework/Versions/A/JavaNativeFoundation
0x00000001099ed000 	/System/Library/Frameworks/JavaVM.framework/Versions/A/JavaVM
0x000000004c357000 	/System/Library/Frameworks/Carbon.framework/Versions/A/Carbon
0x000000010f4e3000 	/System/Library/PrivateFrameworks/JavaLaunching.framework/Versions/A/JavaLaunching
0x000000004c357000 	/System/Library/Frameworks/Carbon.framework/Versions/A/Frameworks/CommonPanels.framework/Versions/A/CommonPanels
0x000000004c357000 	/System/Library/Frameworks/Carbon.framework/Versions/A/Frameworks/Help.framework/Versions/A/Help
0x000000004c357000 	/System/Library/Frameworks/Carbon.framework/Versions/A/Frameworks/ImageCapture.framework/Versions/A/ImageCapture
0x000000004c357000 	/System/Library/Frameworks/Carbon.framework/Versions/A/Frameworks/OpenScripting.framework/Versions/A/OpenScripting
0x000000004c357000 	/System/Library/Frameworks/Carbon.framework/Versions/A/Frameworks/Print.framework/Versions/A/Print
0x000000004c357000 	/System/Library/Frameworks/Carbon.framework/Versions/A/Frameworks/SecurityHI.framework/Versions/A/SecurityHI
0x0000000110df1000 	/Library/Java/JavaVirtualMachines/jdk1.8.0_121.jdk/Contents/Home/jre/lib/libawt.dylib
0x0000000110e99000 	/Library/Java/JavaVirtualMachines/jdk1.8.0_121.jdk/Contents/Home/jre/lib/./libmlib_image.dylib
0x0000000110f65000 	/Library/Java/JavaVirtualMachines/jdk1.8.0_121.jdk/Contents/Home/jre/lib/libawt_lwawt.dylib
0x000000011101c000 	/Library/Java/JavaVirtualMachines/jdk1.8.0_121.jdk/Contents/Home/jre/lib/./libosxapp.dylib
0x000000004c357000 	/System/Library/Frameworks/ExceptionHandling.framework/Versions/A/ExceptionHandling
0x000000004c357000 	/System/Library/PrivateFrameworks/CoreServicesInternal.framework/Versions/A/CoreServicesInternal
0x000000004c357000 	/System/Library/CoreServices/RawCamera.bundle/Contents/MacOS/RawCamera
0x000000004c357000 	/System/Library/Frameworks/Accelerate.framework/Versions/A/Frameworks/vImage.framework/Versions/A/Libraries/libCGInterfaces.dylib
0x000000004c357000 	/System/Library/Frameworks/ApplicationServices.framework/Versions/A/Frameworks/ATS.framework/Versions/A/Resources/libTrueTypeScaler.dylib
0x0000000112b42000 	/System/Library/Frameworks/OpenGL.framework/Resources/GLEngine.bundle/GLEngine
0x000000004c357000 	/System/Library/Frameworks/OpenGL.framework/Versions/A/Libraries/libGLProgrammability.dylib
0x0000000112d27000 	/System/Library/Extensions/AppleIntelHD5000GraphicsGLDriver.bundle/Contents/MacOS/AppleIntelHD5000GraphicsGLDriver
0x000000004c357000 	/System/Library/PrivateFrameworks/GPUSupport.framework/Versions/A/Libraries/libGPUSupportMercury.dylib
0x0000000113495000 	/System/Library/Frameworks/OpenGL.framework/Resources//GLRendererFloat.bundle/GLRendererFloat
0x000000004c357000 	/System/Library/Frameworks/OpenCL.framework/Versions/A/Libraries/libcldcpuengine.dylib
0x000000004c357000 	/usr/lib/libcrypto.0.9.8.dylib
0x000000004c357000 	/System/Library/PrivateFrameworks/TrustEvaluationAgent.framework/Versions/A/TrustEvaluationAgent
0x00000001134c9000 	/System/Library/Extensions/AppleIntelHD5000GraphicsMTLDriver.bundle/Contents/MacOS/AppleIntelHD5000GraphicsMTLDriver
0x000000004c357000 	/System/Library/PrivateFrameworks/FamilyControls.framework/Versions/A/FamilyControls
0x000000004c357000 	/System/Library/PrivateFrameworks/CommerceKit.framework/Versions/A/Frameworks/CommerceCore.framework/Versions/A/CommerceCore
0x000000004c357000 	/System/Library/PrivateFrameworks/SystemAdministration.framework/Versions/A/SystemAdministration
0x000000004c357000 	/System/Library/PrivateFrameworks/AppContainer.framework/Versions/A/AppContainer
0x000000004c357000 	/System/Library/PrivateFrameworks/SecCodeWrapper.framework/Versions/A/SecCodeWrapper
0x000000004c357000 	/System/Library/Frameworks/DirectoryService.framework/Versions/A/DirectoryService
0x000000004c357000 	/System/Library/PrivateFrameworks/DiskImages.framework/Versions/A/DiskImages
0x000000004c357000 	/System/Library/PrivateFrameworks/LoginUIKit.framework/Versions/A/Frameworks/LoginUICore.framework/Versions/A/LoginUICore
0x000000004c357000 	/usr/lib/libCoreStorage.dylib
0x000000004c357000 	/usr/lib/libcsfde.dylib
0x000000004c357000 	/usr/lib/libodfde.dylib
0x000000004c357000 	/System/Library/Frameworks/DiscRecording.framework/Versions/A/DiscRecording
0x000000004c357000 	/usr/lib/libcurl.4.dylib
0x000000004c357000 	/System/Library/PrivateFrameworks/MediaKit.framework/Versions/A/MediaKit
0x000000004c357000 	/System/Library/PrivateFrameworks/ProtectedCloudStorage.framework/Versions/A/ProtectedCloudStorage
0x000000004c357000 	/System/Library/PrivateFrameworks/EFILogin.framework/Versions/A/EFILogin
0x000000004c357000 	/usr/lib/libutil.dylib
0x000000004c357000 	/System/Library/Frameworks/LDAP.framework/Versions/A/LDAP
0x000000004c357000 	/usr/lib/libsasl2.2.dylib
0x000000004c357000 	/System/Library/PrivateFrameworks/CoreDaemon.framework/Versions/B/CoreDaemon
0x000000004c357000 	/System/Library/PrivateFrameworks/AppleSRP.framework/Versions/A/AppleSRP
0x000000004c357000 	/System/Library/PrivateFrameworks/APFS.framework/Versions/A/APFS
0x00000001150e4000 	/Library/Java/JavaVirtualMachines/jdk1.8.0_121.jdk/Contents/Home/jre/lib/libfontmanager.dylib
0x000000004c357000 	/System/Library/PrivateFrameworks/ViewBridge.framework/Versions/A/ViewBridge
0x000000004c357000 	/System/Library/PrivateFrameworks/XPCService.framework/Versions/A/XPCService
0x000000004c357000 	/System/Library/PrivateFrameworks/AppSandbox.framework/Versions/A/AppSandbox
0x000000004c357000 	/usr/lib/libsandbox.1.dylib
0x000000004c357000 	/usr/lib/libMatch.1.dylib
0x00000001164df000 	/Library/Java/JavaVirtualMachines/jdk1.8.0_121.jdk/Contents/Home/jre/lib/libosxui.dylib
0x000000011708a000 	/Library/Java/JavaVirtualMachines/jdk1.8.0_121.jdk/Contents/Home/jre/lib/libnet.dylib
0x00000001170a1000 	/Library/Java/JavaVirtualMachines/jdk1.8.0_121.jdk/Contents/Home/jre/lib/libnio.dylib
0x00000001161ed000 	/private/var/folders/z5/dkh_k18x6bn8z6w6jj1k7pqm0000gn/T/jogamp_0000/file_cache/jln7593435764823008032/jln5966708830015697859/libgluegen-rt.jnilib
0x000000018e6dd000 	/private/var/folders/z5/dkh_k18x6bn8z6w6jj1k7pqm0000gn/T/jogamp_0000/file_cache/jln7593435764823008032/jln5966708830015697859/libnativewindow_awt.jnilib
0x000000018e6e0000 	/Library/Java/JavaVirtualMachines/jdk1.8.0_121.jdk/Contents/Home/jre/lib/libjawt.dylib
0x000000018e6e3000 	/private/var/folders/z5/dkh_k18x6bn8z6w6jj1k7pqm0000gn/T/jogamp_0000/file_cache/jln7593435764823008032/jln5966708830015697859/libnativewindow_macosx.jnilib
0x000000019079e000 	/private/var/folders/z5/dkh_k18x6bn8z6w6jj1k7pqm0000gn/T/jogamp_0000/file_cache/jln7593435764823008032/jln5966708830015697859/libjogl_desktop.jnilib
0x000000019300f000 	/Library/Java/JavaVirtualMachines/jdk1.8.0_121.jdk/Contents/Home/jre/lib/libsunec.dylib
0x0000000192e13000 	/Library/Java/JavaVirtualMachines/jdk1.8.0_121.jdk/Contents/Home/jre/lib/libt2k.dylib

VM Arguments:
jvm_args: -Djava.security.policy=java.policy.applet -Dfile.encoding=MacRoman 
java_command: sun.applet.AppletViewer module4.EarthquakeCityMap1523693082954.html
java_class_path (initial): /Users/Mac/Documents/workspace/UCSDUnfoldingMaps/build:/Users/Mac/Documents/workspace/UCSDUnfoldingMaps/lib/core.jar:/Users/Mac/Documents/workspace/UCSDUnfoldingMaps/lib/gluegen-rt.jar:/Users/Mac/Documents/workspace/UCSDUnfoldingMaps/lib/jogl-all.jar:/Users/Mac/Documents/workspace/UCSDUnfoldingMaps/lib/log4j-1.2.15.jar:/Users/Mac/Documents/workspace/UCSDUnfoldingMaps/lib/sqlite-jdbc-3.7.2.jar:/Users/Mac/Documents/workspace/UCSDUnfoldingMaps/lib/json4processing.jar:/Users/Mac/Documents/workspace/UCSDUnfoldingMaps/lib/libTUIO.jar:/Users/Mac/Documents/workspace/UCSDUnfoldingMaps/lib/unfolding.0.9.7-uscd.jar
Launcher Type: SUN_STANDARD

Environment Variables:
PATH=/Library/Frameworks/Python.framework/Versions/3.6/bin:/usr/local/bin:/usr/bin:/bin:/usr/sbin:/sbin:/opt/X11/bin:/Library/Frameworks/Mono.framework/Versions/Current/Commands:/Library/TeX/texbin
SHELL=/bin/bash
DISPLAY=/private/tmp/com.apple.launchd.BfoSnAz3r8/org.macosforge.xquartz:0

Signal Handlers:
SIGSEGV: [libjvm.dylib+0x5b1141], sa_mask[0]=11111111011111110111111111111111, sa_flags=SA_ONSTACK|SA_RESTART|SA_SIGINFO
SIGBUS: [libjvm.dylib+0x5b1141], sa_mask[0]=11111111011111110111111111111111, sa_flags=SA_RESTART|SA_SIGINFO
SIGFPE: [libjvm.dylib+0x487bc4], sa_mask[0]=11111111011111110111111111111111, sa_flags=SA_RESTART|SA_SIGINFO
SIGPIPE: [libjvm.dylib+0x487bc4], sa_mask[0]=11111111011111110111111111111111, sa_flags=SA_RESTART|SA_SIGINFO
SIGXFSZ: [libjvm.dylib+0x487bc4], sa_mask[0]=11111111011111110111111111111111, sa_flags=SA_RESTART|SA_SIGINFO
SIGILL: [libjvm.dylib+0x487bc4], sa_mask[0]=11111111011111110111111111111111, sa_flags=SA_RESTART|SA_SIGINFO
SIGUSR1: SIG_DFL, sa_mask[0]=11011111011111100000000111000110, sa_flags=none
SIGUSR2: [libjvm.dylib+0x4876e2], sa_mask[0]=00100000000000000000000000000000, sa_flags=SA_RESTART|SA_SIGINFO
SIGHUP: [libjvm.dylib+0x485cb9], sa_mask[0]=11111111011111110111111111111111, sa_flags=SA_RESTART|SA_SIGINFO
SIGINT: [libjvm.dylib+0x485cb9], sa_mask[0]=11111111011111110111111111111111, sa_flags=SA_RESTART|SA_SIGINFO
SIGTERM: [libjvm.dylib+0x485cb9], sa_mask[0]=11111111011111110111111111111111, sa_flags=SA_RESTART|SA_SIGINFO
SIGQUIT: [libjvm.dylib+0x485cb9], sa_mask[0]=11111111011111110111111111111111, sa_flags=SA_RESTART|SA_SIGINFO


---------------  S Y S T E M  ---------------

OS:Bsduname:Darwin 16.7.0 Darwin Kernel Version 16.7.0: Thu Jan 11 22:59:40 PST 2018; root:xnu-3789.73.8~1/RELEASE_X86_64 x86_64
rlimit: STACK 8192k, CORE 0k, NPROC 709, NOFILE 10240, AS infinity
load average:3.24 3.03 2.80

CPU:total 4 (2 cores per cpu, 2 threads per core) family 6 model 69 stepping 1, cmov, cx8, fxsr, mmx, sse, sse2, sse3, ssse3, sse4.1, sse4.2, popcnt, avx, avx2, aes, clmul, erms, lzcnt, ht, tsc, tscinvbit, bmi1, bmi2

Memory: 4k page, physical 4194304k(97672k free)

/proc/meminfo:


vm_info: Java HotSpot(TM) 64-Bit Server VM (25.121-b13) for bsd-amd64 JRE (1.8.0_121-b13), built on Dec 12 2016 20:39:32 by "java_re" with gcc 4.2.1 (Based on Apple Inc. build 5658) (LLVM build 2336.11.00)

time: Sat Apr 14 01:05:29 2018
elapsed time: 46 seconds (0d 0h 0m 46s)

