#
# A fatal error has been detected by the Java Runtime Environment:
#
#  SIGSEGV (0xb) at pc=0x00007fffd65ee05d, pid=14972, tid=0x0000000000000307
#
# JRE version: Java(TM) SE Runtime Environment (8.0_121-b13) (build 1.8.0_121-b13)
# Java VM: Java HotSpot(TM) 64-Bit Server VM (25.121-b13 mixed mode bsd-amd64 compressed oops)
# Problematic frame:
# C  [libobjc.A.dylib+0x705d]  objc_msgSend+0x1d
#
# Failed to write core dump. Core dumps have been disabled. To enable core dumping, try "ulimit -c unlimited" before starting Java again
#
# If you would like to submit a bug report, please visit:
#   http://bugreport.java.com/bugreport/crash.jsp
# The crash happened outside the Java Virtual Machine in native code.
# See problematic frame for where to report the bug.
#

---------------  T H R E A D  ---------------

Current thread (0x00007fa0d58c7800):  JavaThread "AWT-AppKit" daemon [_thread_in_native, id=775, stack(0x00007fff53eb9000,0x00007fff546b9000)]

siginfo: si_signo: 11 (SIGSEGV), si_code: 1 (SEGV_MAPERR), si_addr: 0x0000000000000018

Registers:
RAX=0x00007fa0d3d42520, RBX=0x0000000190444450, RCX=0x00007fa0d6500280, RDX=0x0000000000000000
RSP=0x00007fff546b4148, RBP=0x00007fff546b4200, RSI=0x00007fffbfe75116, RDI=0x00007fa0d3df9bf0
R8 =0x0000000000000018, R9 =0x00007fa0d65009e0, R10=0x0000000000000000, R11=0x00007fffbfe75116
R12=0x0000000000000000, R13=0x00000001923f1d90, R14=0x0000000190444440, R15=0x00007fa0d58c7800
RIP=0x00007fffd65ee05d, EFLAGS=0x0000000000010246, ERR=0x0000000000000004
  TRAPNO=0x000000000000000e

Top of Stack: (sp=0x00007fff546b4148)
0x00007fff546b4148:   0000000190442157 00007fff546b41a0
0x00007fff546b4158:   0000000000000003 00007fff546b4180
0x00007fff546b4168:   000000010bff2c62 00000001923f1d90
0x00007fff546b4178:   00000001923f1d90 00007fa0d3d42520
0x00007fff546b4188:   00000001904446a0 0000000190444710
0x00007fff546b4198:   00007fffdc6546d0 00007fffdd2841e0
0x00007fff546b41a8:   0000000190444450 0000000190444690
0x00007fff546b41b8:   00007fa0d3d42520 00007fa0d3df9bf0
0x00007fff546b41c8:   00007fa0d93ac1e0 00007fa0d3d42520
0x00007fff546b41d8:   00007fa0d3df9bf0 00007fff546b4288
0x00007fff546b41e8:   00007fa0d58c79f8 00000001923f1d90
0x00007fff546b41f8:   00007fff546b42b0 00007fff546b4278
0x00007fff546b4208:   00000001133ba9f4 00000001923f1d90
0x00007fff546b4218:   00007fff546b42b0 00007fff546b4278
0x00007fff546b4228:   00000001133ba787 00000001133ba742
0x00007fff546b4238:   00007fff546b4238 00000001923f1d90
0x00007fff546b4248:   00007fff546b42b0 00000001923f49c8
0x00007fff546b4258:   0000000000000000 00000001923f1d90
0x00007fff546b4268:   0000000000000000 00007fff546b4298
0x00007fff546b4278:   00007fff546b42f8 00000001133ab2bd
0x00007fff546b4288:   000000078076a278 00000001133b4538
0x00007fff546b4298:   00007fa0d3d42520 00007fff546b42f8
0x00007fff546b42a8:   00007fa0d3df9bf0 00000001133b5e02
0x00007fff546b42b8:   00007fff546b42b8 00000001923f1f5a
0x00007fff546b42c8:   00007fff546b4320 00000001923f49c8
0x00007fff546b42d8:   0000000000000000 00000001923f1f68
0x00007fff546b42e8:   00007fff546b4298 00007fff546b4308
0x00007fff546b42f8:   00007fff546b4368 00000001133ab2bd
0x00007fff546b4308:   00007fa0d3d42520 00000007805a45b8
0x00007fff546b4318:   00007fa0d3df9bf0 00000007805a45b8
0x00007fff546b4328:   00007fff546b4328 000000019cf1434e
0x00007fff546b4338:   00007fff546b4378 000000019cf14408 

Instructions: (pc=0x00007fffd65ee05d)
0x00007fffd65ee03d:   0f 1f 00 48 85 ff 2e 74 62 40 f6 c7 01 2e 75 66
0x00007fffd65ee04d:   49 ba f8 ff ff ff ff 7f 00 00 4c 23 17 49 89 f3
0x00007fffd65ee05d:   45 23 5a 18 49 c1 e3 04 4d 03 5a 10 49 3b 33 75
0x00007fffd65ee06d:   04 41 ff 63 08 49 83 3b 01 76 0d 49 83 c3 10 49 

Register to memory mapping:

RAX=0x00007fa0d3d42520 is an unknown value
RBX=0x0000000190444450: Java_jogamp_nativewindow_macosx_OSXUtil_GetScreenRefreshRate0+0x1cf0 in /private/var/folders/z5/dkh_k18x6bn8z6w6jj1k7pqm0000gn/T/jogamp_0000/file_cache/jln5726748964807269520/jln8567873430428725012/libnativewindow_macosx.jnilib at 0x000000019043d000
RCX=0x00007fa0d6500280 is an unknown value
RDX=0x0000000000000000 is an unknown value
RSP=0x00007fff546b4148 is pointing into the stack for thread: 0x00007fa0d58c7800
RBP=0x00007fff546b4200 is pointing into the stack for thread: 0x00007fa0d58c7800
RSI=0x00007fffbfe75116: __NSStyleNameIndexTable+0x7fd5e in /System/Library/Frameworks/AppKit.framework/Versions/C/AppKit at 0x00007fffbf208000
RDI=0x00007fa0d3df9bf0 is an unknown value
R8 =0x0000000000000018 is an unknown value
R9 =0x00007fa0d65009e0 is an unknown value
R10=0x0000000000000000 is an unknown value
R11=0x00007fffbfe75116: __NSStyleNameIndexTable+0x7fd5e in /System/Library/Frameworks/AppKit.framework/Versions/C/AppKit at 0x00007fffbf208000
R12=0x0000000000000000 is an unknown value
R13={method} {0x00000001923f1d90} 'UnsetJAWTRootSurfaceLayer0' '(JJ)V' in 'jogamp/nativewindow/jawt/macosx/MacOSXJAWTWindow'
R14=0x0000000190444440: Java_jogamp_nativewindow_macosx_OSXUtil_GetScreenRefreshRate0+0x1ce0 in /private/var/folders/z5/dkh_k18x6bn8z6w6jj1k7pqm0000gn/T/jogamp_0000/file_cache/jln5726748964807269520/jln8567873430428725012/libnativewindow_macosx.jnilib at 0x000000019043d000
R15=0x00007fa0d58c7800 is a thread


Stack: [0x00007fff53eb9000,0x00007fff546b9000],  sp=0x00007fff546b4148,  free space=8172k
Native frames: (J=compiled Java code, j=interpreted, Vv=VM code, C=native code)
C  [libobjc.A.dylib+0x705d]  objc_msgSend+0x1d
j  jogamp.nativewindow.jawt.macosx.MacOSXJAWTWindow.UnsetJAWTRootSurfaceLayer0(JJ)V+0
j  jogamp.nativewindow.jawt.macosx.MacOSXJAWTWindow.access$200(JJ)V+2
j  jogamp.nativewindow.jawt.macosx.MacOSXJAWTWindow$1.run()V+38
J 3340 C1 com.jogamp.common.util.RunnableTask.run()V (345 bytes) @ 0x0000000113e383b4 [0x0000000113e38220+0x194]
v  ~StubRoutines::call_stub
V  [libjvm.dylib+0x2ed9d6]
V  [libjvm.dylib+0x324b65]
V  [libjvm.dylib+0x317333]
C  [libnativewindow_macosx.jnilib+0x5326]  Java_jogamp_nativewindow_jawt_macosx_MacOSXJAWTWindow_UnsetJAWTRootSurfaceLayer0+0x2b6
C  [Foundation+0x7152a]  __NSThreadPerformPerform+0x146
C  [CoreFoundation+0xa7321]  __CFRUNLOOP_IS_CALLING_OUT_TO_A_SOURCE0_PERFORM_FUNCTION__+0x11
C  [CoreFoundation+0x88197]  __CFRunLoopDoSources0+0x1a7
C  [CoreFoundation+0x87716]  __CFRunLoopRun+0x3a6
C  [CoreFoundation+0x87114]  CFRunLoopRunSpecific+0x1a4
C  [HIToolbox+0x30ebc]  RunCurrentEventLoopInMode+0xf0
C  [HIToolbox+0x30bf9]  ReceiveNextEventCommon+0xb8
C  [HIToolbox+0x30b26]  _BlockUntilNextEventMatchingListInModeWithFilter+0x47
C  [AppKit+0x46a54]  _DPSNextEvent+0x460
C  [AppKit+0x7c27ee]  -[NSApplication(NSEvent) _nextEventMatchingEventMask:untilDate:inMode:dequeue:]+0xaec
C  [libosxapp.dylib+0x23aa]  -[NSApplicationAWT nextEventMatchingMask:untilDate:inMode:dequeue:]+0x7c
C  [AppKit+0x3b3db]  -[NSApplication run]+0x39e
C  [libosxapp.dylib+0x214d]  +[NSApplicationAWT runAWTLoopWithApp:]+0x9c
C  [libawt_lwawt.dylib+0x45ff7]  -[AWTStarter starter:]+0x389
C  [Foundation+0x7152a]  __NSThreadPerformPerform+0x146
C  [CoreFoundation+0xa7321]  __CFRUNLOOP_IS_CALLING_OUT_TO_A_SOURCE0_PERFORM_FUNCTION__+0x11
C  [CoreFoundation+0x8821d]  __CFRunLoopDoSources0+0x22d
C  [CoreFoundation+0x87716]  __CFRunLoopRun+0x3a6
C  [CoreFoundation+0x87114]  CFRunLoopRunSpecific+0x1a4
C  [java+0x6465]  CreateExecutionEnvironment+0x367
C  [java+0x218c]  JLI_Launch+0x7a0
C  [java+0x84c2]  main+0x65
C  [java+0x19e4]  start+0x34
C  0x0000000000000007

Java frames: (J=compiled Java code, j=interpreted, Vv=VM code)
j  jogamp.nativewindow.jawt.macosx.MacOSXJAWTWindow.UnsetJAWTRootSurfaceLayer0(JJ)V+0
j  jogamp.nativewindow.jawt.macosx.MacOSXJAWTWindow.access$200(JJ)V+2
j  jogamp.nativewindow.jawt.macosx.MacOSXJAWTWindow$1.run()V+38
J 3340 C1 com.jogamp.common.util.RunnableTask.run()V (345 bytes) @ 0x0000000113e383b4 [0x0000000113e38220+0x194]
v  ~StubRoutines::call_stub

---------------  P R O C E S S  ---------------

Java Threads: ( => current thread )
  0x00007fa0c8edf000 JavaThread "Thread-19" [_thread_blocked, id=5087, stack(0x00007000024cf000,0x00007000025cf000)]
  0x00007fa0d4708000 JavaThread "Image Fetcher 3" daemon [_thread_blocked, id=75011, stack(0x0000700002a5e000,0x0000700002b5e000)]
  0x00007fa0d4695000 JavaThread "Image Fetcher 2" daemon [_thread_blocked, id=74499, stack(0x000070000295b000,0x0000700002a5b000)]
  0x00007fa0d4179800 JavaThread "Image Fetcher 1" daemon [_thread_blocked, id=70167, stack(0x0000700002349000,0x0000700002449000)]
  0x00007fa0d5346800 JavaThread "AWT-EventQueue-1" [_thread_in_native, id=67587, stack(0x0000700002246000,0x0000700002346000)]
  0x00007fa0d5bb8000 JavaThread "Image Fetcher 0" daemon [_thread_blocked, id=66599, stack(0x0000700002143000,0x0000700002243000)]
  0x00007fa0d49ff800 JavaThread "DestroyJavaVM" [_thread_blocked, id=7171, stack(0x0000700000a78000,0x0000700000b78000)]
  0x00007fa0d49d3000 JavaThread "AWT-EventQueue-0" [_thread_blocked, id=60179, stack(0x0000700001f3d000,0x000070000203d000)]
  0x00007fa0d58e4000 JavaThread "Java2D Disposer" daemon [_thread_blocked, id=56847, stack(0x0000700001cb4000,0x0000700001db4000)]
  0x00007fa0d4995800 JavaThread "Java2D Queue Flusher" daemon [_thread_blocked, id=47663, stack(0x0000700001bb1000,0x0000700001cb1000)]
  0x00007fa0d41be800 JavaThread "AWT-Shutdown" [_thread_blocked, id=29471, stack(0x0000700001925000,0x0000700001a25000)]
=>0x00007fa0d58c7800 JavaThread "AWT-AppKit" daemon [_thread_in_native, id=775, stack(0x00007fff53eb9000,0x00007fff546b9000)]
  0x00007fa0d4011800 JavaThread "Service Thread" daemon [_thread_blocked, id=18691, stack(0x000070000169c000,0x000070000179c000)]
  0x00007fa0d504a800 JavaThread "C1 CompilerThread2" daemon [_thread_blocked, id=18179, stack(0x0000700001599000,0x0000700001699000)]
  0x00007fa0d5031000 JavaThread "C2 CompilerThread1" daemon [_thread_blocked, id=17667, stack(0x0000700001496000,0x0000700001596000)]
  0x00007fa0d5049000 JavaThread "C2 CompilerThread0" daemon [_thread_blocked, id=17155, stack(0x0000700001393000,0x0000700001493000)]
  0x00007fa0d5065000 JavaThread "Signal Dispatcher" daemon [_thread_blocked, id=16643, stack(0x0000700001290000,0x0000700001390000)]
  0x00007fa0d481a000 JavaThread "Finalizer" daemon [_thread_blocked, id=12547, stack(0x000070000118d000,0x000070000128d000)]
  0x00007fa0d5023000 JavaThread "Reference Handler" daemon [_thread_blocked, id=12035, stack(0x000070000108a000,0x000070000118a000)]

Other Threads:
  0x00007fa0d4010800 VMThread [stack: 0x0000700000f87000,0x0000700001087000] [id=11523]
  0x00007fa0d401d000 WatcherThread [stack: 0x000070000179f000,0x000070000189f000] [id=19203]

VM state:not at safepoint (normal execution)

VM Mutex/Monitor currently owned by a thread: None

Heap:
 PSYoungGen      total 280576K, used 36234K [0x00000007aab00000, 0x00000007bf280000, 0x00000007c0000000)
  eden space 274432K, 11% used [0x00000007aab00000,0x00000007ac8c6ab8,0x00000007bb700000)
  from space 6144K, 93% used [0x00000007be680000,0x00000007bec1c010,0x00000007bec80000)
  to   space 6144K, 0% used [0x00000007bec80000,0x00000007bec80000,0x00000007bf280000)
 ParOldGen       total 36352K, used 22080K [0x0000000780000000, 0x0000000782380000, 0x00000007aab00000)
  object space 36352K, 60% used [0x0000000780000000,0x00000007815901b0,0x0000000782380000)
 Metaspace       used 25401K, capacity 25701K, committed 25984K, reserved 1073152K
  class space    used 2478K, capacity 2575K, committed 2688K, reserved 1048576K

Card table byte_map: [0x000000010d197000,0x000000010d398000] byte_map_base: 0x0000000109597000

Marking Bits: (ParMarkBitMap*) 0x000000010c6f0d30
 Begin Bits: [0x000000010d4ee000, 0x000000010e4ee000)
 End Bits:   [0x000000010e4ee000, 0x000000010f4ee000)

Polling page: 0x000000010b5d2000

CodeCache: size=245760Kb used=12876Kb max_used=12889Kb free=232883Kb
 bounds [0x00000001133a3000, 0x0000000114063000, 0x00000001223a3000]
 total_blobs=4698 nmethods=3765 adapters=846
 compilation: enabled

Compilation events (10 events):
Event: 121.133 Thread 0x00007fa0d5049000 4476       4       sun.lwawt.LWContainerPeer::cutChildren (120 bytes)
Event: 121.201 Thread 0x00007fa0d5049000 nmethod 4476 0x0000000114051950 code [0x0000000114051ba0, 0x0000000114053768]
Event: 121.396 Thread 0x00007fa0d5031000 4477       4       jogamp.nativewindow.jawt.macosx.MacOSXJAWTWindow::getSurfaceHandle (19 bytes)
Event: 121.397 Thread 0x00007fa0d5031000 nmethod 4477 0x0000000114031a90 code [0x0000000114031be0, 0x0000000114031c78]
Event: 121.445 Thread 0x00007fa0d5049000 4478       4       sun.awt.image.BufImgSurfaceData::createDataIC (61 bytes)
Event: 121.451 Thread 0x00007fa0d5049000 nmethod 4478 0x000000011403b550 code [0x000000011403b6e0, 0x000000011403ba48]
Event: 121.942 Thread 0x00007fa0d5031000 4479       4       sun.java2d.DefaultDisposerRecord::dispose (12 bytes)
Event: 121.943 Thread 0x00007fa0d5031000 nmethod 4479 0x0000000113ff6710 code [0x0000000113ff6860, 0x0000000113ff68e8]
Event: 122.234 Thread 0x00007fa0d5049000 4480       4       sun.java2d.SurfaceData::pixelFor (13 bytes)
Event: 122.235 Thread 0x00007fa0d5049000 nmethod 4480 0x0000000114039090 code [0x00000001140391e0, 0x0000000114039298]

GC Heap History (10 events):
Event: 96.678 GC heap before
{Heap before GC invocations=30 (full 1):
 PSYoungGen      total 339968K, used 337168K [0x00000007aab00000, 0x00000007c0000000, 0x00000007c0000000)
  eden space 330752K, 100% used [0x00000007aab00000,0x00000007bee00000,0x00000007bee00000)
  from space 9216K, 69% used [0x00000007bf700000,0x00000007bfd44020,0x00000007c0000000)
  to   space 9216K, 0% used [0x00000007bee00000,0x00000007bee00000,0x00000007bf700000)
 ParOldGen       total 36352K, used 21686K [0x0000000780000000, 0x0000000782380000, 0x00000007aab00000)
  object space 36352K, 59% used [0x0000000780000000,0x000000078152d8c0,0x0000000782380000)
 Metaspace       used 25337K, capacity 25637K, committed 25984K, reserved 1073152K
  class space    used 2470K, capacity 2575K, committed 2688K, reserved 1048576K
Event: 96.693 GC heap after
Heap after GC invocations=30 (full 1):
 PSYoungGen      total 339968K, used 6272K [0x00000007aab00000, 0x00000007c0000000, 0x00000007c0000000)
  eden space 330752K, 0% used [0x00000007aab00000,0x00000007aab00000,0x00000007bee00000)
  from space 9216K, 68% used [0x00000007bee00000,0x00000007bf420030,0x00000007bf700000)
  to   space 9216K, 0% used [0x00000007bf700000,0x00000007bf700000,0x00000007c0000000)
 ParOldGen       total 36352K, used 21710K [0x0000000780000000, 0x0000000782380000, 0x00000007aab00000)
  object space 36352K, 59% used [0x0000000780000000,0x00000007815338c0,0x0000000782380000)
 Metaspace       used 25337K, capacity 25637K, committed 25984K, reserved 1073152K
  class space    used 2470K, capacity 2575K, committed 2688K, reserved 1048576K
}
Event: 103.753 GC heap before
{Heap before GC invocations=31 (full 1):
 PSYoungGen      total 339968K, used 337024K [0x00000007aab00000, 0x00000007c0000000, 0x00000007c0000000)
  eden space 330752K, 100% used [0x00000007aab00000,0x00000007bee00000,0x00000007bee00000)
  from space 9216K, 68% used [0x00000007bee00000,0x00000007bf420030,0x00000007bf700000)
  to   space 9216K, 0% used [0x00000007bf700000,0x00000007bf700000,0x00000007c0000000)
 ParOldGen       total 36352K, used 21710K [0x0000000780000000, 0x0000000782380000, 0x00000007aab00000)
  object space 36352K, 59% used [0x0000000780000000,0x00000007815338c0,0x0000000782380000)
 Metaspace       used 25344K, capacity 25637K, committed 25984K, reserved 1073152K
  class space    used 2471K, capacity 2575K, committed 2688K, reserved 1048576K
Event: 103.768 GC heap after
Heap after GC invocations=31 (full 1):
 PSYoungGen      total 322048K, used 6192K [0x00000007aab00000, 0x00000007bfd80000, 0x00000007c0000000)
  eden space 315392K, 0% used [0x00000007aab00000,0x00000007aab00000,0x00000007bdf00000)
  from space 6656K, 93% used [0x00000007bf700000,0x00000007bfd0c020,0x00000007bfd80000)
  to   space 9216K, 0% used [0x00000007beb80000,0x00000007beb80000,0x00000007bf480000)
 ParOldGen       total 36352K, used 21824K [0x0000000780000000, 0x0000000782380000, 0x00000007aab00000)
  object space 36352K, 60% used [0x0000000780000000,0x0000000781550190,0x0000000782380000)
 Metaspace       used 25344K, capacity 25637K, committed 25984K, reserved 1073152K
  class space    used 2471K, capacity 2575K, committed 2688K, reserved 1048576K
}
Event: 109.775 GC heap before
{Heap before GC invocations=32 (full 1):
 PSYoungGen      total 322048K, used 321584K [0x00000007aab00000, 0x00000007bfd80000, 0x00000007c0000000)
  eden space 315392K, 100% used [0x00000007aab00000,0x00000007bdf00000,0x00000007bdf00000)
  from space 6656K, 93% used [0x00000007bf700000,0x00000007bfd0c020,0x00000007bfd80000)
  to   space 9216K, 0% used [0x00000007beb80000,0x00000007beb80000,0x00000007bf480000)
 ParOldGen       total 36352K, used 21824K [0x0000000780000000, 0x0000000782380000, 0x00000007aab00000)
  object space 36352K, 60% used [0x0000000780000000,0x0000000781550190,0x0000000782380000)
 Metaspace       used 25359K, capacity 25637K, committed 25984K, reserved 1073152K
  class space    used 2471K, capacity 2575K, committed 2688K, reserved 1048576K
Event: 109.790 GC heap after
Heap after GC invocations=32 (full 1):
 PSYoungGen      total 307712K, used 6352K [0x00000007aab00000, 0x00000007bf780000, 0x00000007c0000000)
  eden space 301056K, 0% used [0x00000007aab00000,0x00000007aab00000,0x00000007bd100000)
  from space 6656K, 95% used [0x00000007beb80000,0x00000007bf1b4020,0x00000007bf200000)
  to   space 5632K, 0% used [0x00000007bf200000,0x00000007bf200000,0x00000007bf780000)
 ParOldGen       total 36352K, used 21832K [0x0000000780000000, 0x0000000782380000, 0x00000007aab00000)
  object space 36352K, 60% used [0x0000000780000000,0x0000000781552190,0x0000000782380000)
 Metaspace       used 25359K, capacity 25637K, committed 25984K, reserved 1073152K
  class space    used 2471K, capacity 2575K, committed 2688K, reserved 1048576K
}
Event: 116.613 GC heap before
{Heap before GC invocations=33 (full 1):
 PSYoungGen      total 307712K, used 307408K [0x00000007aab00000, 0x00000007bf780000, 0x00000007c0000000)
  eden space 301056K, 100% used [0x00000007aab00000,0x00000007bd100000,0x00000007bd100000)
  from space 6656K, 95% used [0x00000007beb80000,0x00000007bf1b4020,0x00000007bf200000)
  to   space 5632K, 0% used [0x00000007bf200000,0x00000007bf200000,0x00000007bf780000)
 ParOldGen       total 36352K, used 21832K [0x0000000780000000, 0x0000000782380000, 0x00000007aab00000)
  object space 36352K, 60% used [0x0000000780000000,0x0000000781552190,0x0000000782380000)
 Metaspace       used 25366K, capacity 25637K, committed 25984K, reserved 1073152K
  class space    used 2471K, capacity 2575K, committed 2688K, reserved 1048576K
Event: 116.632 GC heap after
Heap after GC invocations=33 (full 1):
 PSYoungGen      total 292864K, used 5616K [0x00000007aab00000, 0x00000007bf780000, 0x00000007c0000000)
  eden space 287232K, 0% used [0x00000007aab00000,0x00000007aab00000,0x00000007bc380000)
  from space 5632K, 99% used [0x00000007bf200000,0x00000007bf77c010,0x00000007bf780000)
  to   space 8704K, 0% used [0x00000007be680000,0x00000007be680000,0x00000007bef00000)
 ParOldGen       total 36352K, used 22072K [0x0000000780000000, 0x0000000782380000, 0x00000007aab00000)
  object space 36352K, 60% used [0x0000000780000000,0x000000078158e1b0,0x0000000782380000)
 Metaspace       used 25366K, capacity 25637K, committed 25984K, reserved 1073152K
  class space    used 2471K, capacity 2575K, committed 2688K, reserved 1048576K
}
Event: 121.924 GC heap before
{Heap before GC invocations=34 (full 1):
 PSYoungGen      total 292864K, used 292848K [0x00000007aab00000, 0x00000007bf780000, 0x00000007c0000000)
  eden space 287232K, 100% used [0x00000007aab00000,0x00000007bc380000,0x00000007bc380000)
  from space 5632K, 99% used [0x00000007bf200000,0x00000007bf77c010,0x00000007bf780000)
  to   space 8704K, 0% used [0x00000007be680000,0x00000007be680000,0x00000007bef00000)
 ParOldGen       total 36352K, used 22072K [0x0000000780000000, 0x0000000782380000, 0x00000007aab00000)
  object space 36352K, 60% used [0x0000000780000000,0x000000078158e1b0,0x0000000782380000)
 Metaspace       used 25367K, capacity 25637K, committed 25984K, reserved 1073152K
  class space    used 2471K, capacity 2575K, committed 2688K, reserved 1048576K
Event: 121.938 GC heap after
Heap after GC invocations=34 (full 1):
 PSYoungGen      total 280576K, used 5744K [0x00000007aab00000, 0x00000007bf280000, 0x00000007c0000000)
  eden space 274432K, 0% used [0x00000007aab00000,0x00000007aab00000,0x00000007bb700000)
  from space 6144K, 93% used [0x00000007be680000,0x00000007bec1c010,0x00000007bec80000)
  to   space 6144K, 0% used [0x00000007bec80000,0x00000007bec80000,0x00000007bf280000)
 ParOldGen       total 36352K, used 22080K [0x0000000780000000, 0x0000000782380000, 0x00000007aab00000)
  object space 36352K, 60% used [0x0000000780000000,0x00000007815901b0,0x0000000782380000)
 Metaspace       used 25367K, capacity 25637K, committed 25984K, reserved 1073152K
  class space    used 2471K, capacity 2575K, committed 2688K, reserved 1048576K
}

Deoptimization events (10 events):
Event: 77.367 Thread 0x00007fa0d5346800 Uncommon trap: reason=unstable_if action=reinterpret pc=0x0000000113c20894 method=jogamp.opengl.glu.tessellator.Sweep.EdgeLeq(Ljogamp/opengl/glu/tessellator/GLUtessellatorImpl;Ljogamp/opengl/glu/tessellator/ActiveRegion;Ljogamp/opengl/glu/tessellator/Acti
Event: 122.232 Thread 0x00007fa0d49d3000 Uncommon trap: reason=unstable_if action=reinterpret pc=0x00000001136377d8 method=java.awt.EventQueue.getPriority(Ljava/awt/AWTEvent;)I @ 71
Event: 122.232 Thread 0x00007fa0d5346800 Uncommon trap: reason=unstable_if action=reinterpret pc=0x000000011396dba8 method=com.jogamp.common.util.VersionNumber.compareTo(Lcom/jogamp/common/util/VersionNumber;)I @ 21
Event: 122.233 Thread 0x00007fa0d49d3000 Uncommon trap: reason=unstable_if action=reinterpret pc=0x0000000114052d40 method=sun.lwawt.LWContainerPeer.cutChildren(Lsun/java2d/pipe/Region;Lsun/lwawt/LWComponentPeer;)Lsun/java2d/pipe/Region; @ 67
Event: 122.233 Thread 0x00007fa0d49d3000 Uncommon trap: reason=unstable_if action=reinterpret pc=0x0000000113bc256c method=sun.java2d.SunGraphics2D.validateCompClip()V @ 9
Event: 122.233 Thread 0x00007fa0d49d3000 Uncommon trap: reason=unstable_if action=reinterpret pc=0x00000001140327f0 method=sun.java2d.SunGraphics2D.validateColor()V @ 38
Event: 122.235 Thread 0x00007fa0d5346800 Uncommon trap: reason=unstable_if action=reinterpret pc=0x0000000113bb6748 method=java.awt.EventQueue.uncacheEQItem(Lsun/awt/EventQueueItem;)V @ 23
Event: 122.246 Thread 0x00007fa0d49d3000 Uncommon trap: reason=unstable_if action=reinterpret pc=0x0000000114000ac8 method=sun.java2d.pipe.Region.intersectsQuickCheck(Lsun/java2d/pipe/Region;)Z @ 41
Event: 122.247 Thread 0x00007fa0d49d3000 Uncommon trap: reason=unstable_if action=reinterpret pc=0x0000000113d5d7d4 method=java.awt.Font.equals(Ljava/lang/Object;)Z @ 2
Event: 122.349 Thread 0x00007fa0d5346800 Uncommon trap: reason=unstable_if action=reinterpret pc=0x0000000113c0fd28 method=java.security.AccessControlContext.optimize()Ljava/security/AccessControlContext; @ 233

Internal exceptions (10 events):
Event: 0.266 Thread 0x00007fa0d4008800 Exception <a 'java/lang/NoSuchFieldError': method resolution failed> (0x00000007aacd61a8) thrown at [/Users/java_re/workspace/8-2-build-macosx-x86_64/jdk8u121/8372/hotspot/src/share/vm/prims/methodHandles.cpp, line 1146]
Event: 0.491 Thread 0x00007fa0d4008800 Exception <a 'java/io/FileNotFoundException'> (0x00000007aad52d98) thrown at [/Users/java_re/workspace/8-2-build-macosx-x86_64/jdk8u121/8372/hotspot/src/share/vm/prims/jni.cpp, line 709]
Event: 0.491 Thread 0x00007fa0d4008800 Exception <a 'java/io/FileNotFoundException'> (0x00000007aad538e8) thrown at [/Users/java_re/workspace/8-2-build-macosx-x86_64/jdk8u121/8372/hotspot/src/share/vm/prims/jni.cpp, line 709]
Event: 0.641 Thread 0x00007fa0d4008800 Exception <a 'java/io/FileNotFoundException'> (0x00000007aae8c378) thrown at [/Users/java_re/workspace/8-2-build-macosx-x86_64/jdk8u121/8372/hotspot/src/share/vm/prims/jni.cpp, line 709]
Event: 3.824 Thread 0x00007fa0d481a000 Exception <a 'java/lang/NullPointerException'> (0x00000007aab82c50) thrown at [/Users/java_re/workspace/8-2-build-macosx-x86_64/jdk8u121/8372/hotspot/src/share/vm/interpreter/linkResolver.cpp, line 1178]
Event: 3.939 Thread 0x00007fa0d5bc3000 Exception <a 'java/lang/UnsatisfiedLinkError': com.jogamp.common.util.JarUtil.fixNativeLibAttribs(Ljava/lang/String;)Z> (0x00000007aafb8ed8) thrown at [/Users/java_re/workspace/8-2-build-macosx-x86_64/jdk8u121/8372/hotspot/src/share/vm/prims/nativeLookup.
Event: 5.388 Thread 0x00007fa0d5346800 Exception <a 'java/io/FileNotFoundException'> (0x00000007ab15ecb8) thrown at [/Users/java_re/workspace/8-2-build-macosx-x86_64/jdk8u121/8372/hotspot/src/share/vm/prims/jni.cpp, line 709]
Event: 5.389 Thread 0x00007fa0d5346800 Exception <a 'java/io/FileNotFoundException'> (0x00000007ab164ea0) thrown at [/Users/java_re/workspace/8-2-build-macosx-x86_64/jdk8u121/8372/hotspot/src/share/vm/prims/jni.cpp, line 709]
Event: 5.389 Thread 0x00007fa0d5346800 Implicit null exception at 0x0000000113560c36 to 0x0000000113561005
Event: 7.773 Thread 0x00007fa0d4695000 Implicit null exception at 0x00000001139a1925 to 0x00000001139a5d29

Events (10 events):
Event: 122.350 loading class java/awt/LightweightDispatcher$2 done
Event: 122.350 loading class java/awt/event/AWTEventListenerProxy
Event: 122.350 loading class java/awt/event/AWTEventListenerProxy done
Event: 122.350 Executing VM operation: Deoptimize
Event: 122.350 Executing VM operation: Deoptimize done
Event: 122.351 loading class java/awt/Toolkit$ToolkitEventMulticaster
Event: 122.351 loading class java/awt/Toolkit$ToolkitEventMulticaster done
Event: 122.351 Thread 0x00007fa0d49b3000 Thread exited: 0x00007fa0d49b3000
Event: 122.352 loading class java/awt/Window$1DisposeAction
Event: 122.352 loading class java/awt/Window$1DisposeAction done


Dynamic libraries:
0x000000004c357000 	/System/Library/Frameworks/Cocoa.framework/Versions/A/Cocoa
0x000000004c357000 	/System/Library/Frameworks/Security.framework/Versions/A/Security
0x000000004c357000 	/System/Library/Frameworks/ApplicationServices.framework/Versions/A/ApplicationServices
0x000000004c357000 	/usr/lib/libz.1.dylib
0x000000004c357000 	/usr/lib/libSystem.B.dylib
0x000000004c357000 	/usr/lib/libobjc.A.dylib
0x000000004c357000 	/System/Library/Frameworks/CoreFoundation.framework/Versions/A/CoreFoundation
0x000000004c357000 	/System/Library/Frameworks/Foundation.framework/Versions/C/Foundation
0x000000004c357000 	/System/Library/Frameworks/AppKit.framework/Versions/C/AppKit
0x000000004c357000 	/System/Library/Frameworks/CoreData.framework/Versions/A/CoreData
0x000000004c357000 	/System/Library/PrivateFrameworks/RemoteViewServices.framework/Versions/A/RemoteViewServices
0x000000004c357000 	/System/Library/PrivateFrameworks/UIFoundation.framework/Versions/A/UIFoundation
0x000000004c357000 	/System/Library/PrivateFrameworks/DFRFoundation.framework/Versions/A/DFRFoundation
0x000000004c357000 	/usr/lib/libenergytrace.dylib
0x000000004c357000 	/System/Library/PrivateFrameworks/SkyLight.framework/Versions/A/SkyLight
0x000000004c357000 	/System/Library/Frameworks/CoreGraphics.framework/Versions/A/CoreGraphics
0x000000004c357000 	/usr/lib/libScreenReader.dylib
0x000000004c357000 	/System/Library/Frameworks/Accelerate.framework/Versions/A/Accelerate
0x000000004c357000 	/System/Library/Frameworks/IOSurface.framework/Versions/A/IOSurface
0x000000004c357000 	/System/Library/Frameworks/AudioToolbox.framework/Versions/A/AudioToolbox
0x000000004c357000 	/System/Library/Frameworks/AudioUnit.framework/Versions/A/AudioUnit
0x000000004c357000 	/System/Library/PrivateFrameworks/DataDetectorsCore.framework/Versions/A/DataDetectorsCore
0x000000004c357000 	/System/Library/PrivateFrameworks/DesktopServicesPriv.framework/Versions/A/DesktopServicesPriv
0x000000004c357000 	/System/Library/Frameworks/Carbon.framework/Versions/A/Frameworks/HIToolbox.framework/Versions/A/HIToolbox
0x000000004c357000 	/usr/lib/libicucore.A.dylib
0x000000004c357000 	/System/Library/Frameworks/QuartzCore.framework/Versions/A/QuartzCore
0x000000004c357000 	/System/Library/Frameworks/Carbon.framework/Versions/A/Frameworks/SpeechRecognition.framework/Versions/A/SpeechRecognition
0x000000004c357000 	/usr/lib/libauto.dylib
0x000000004c357000 	/usr/lib/libxml2.2.dylib
0x000000004c357000 	/System/Library/PrivateFrameworks/CoreUI.framework/Versions/A/CoreUI
0x000000004c357000 	/System/Library/Frameworks/CoreAudio.framework/Versions/A/CoreAudio
0x000000004c357000 	/System/Library/Frameworks/DiskArbitration.framework/Versions/A/DiskArbitration
0x000000004c357000 	/usr/lib/liblangid.dylib
0x000000004c357000 	/System/Library/PrivateFrameworks/MultitouchSupport.framework/Versions/A/MultitouchSupport
0x000000004c357000 	/System/Library/Frameworks/IOKit.framework/Versions/A/IOKit
0x000000004c357000 	/usr/lib/libDiagnosticMessagesClient.dylib
0x000000004c357000 	/System/Library/Frameworks/CoreServices.framework/Versions/A/CoreServices
0x000000004c357000 	/System/Library/PrivateFrameworks/PerformanceAnalysis.framework/Versions/A/PerformanceAnalysis
0x000000004c357000 	/System/Library/PrivateFrameworks/GenerationalStorage.framework/Versions/A/GenerationalStorage
0x000000004c357000 	/System/Library/Frameworks/OpenGL.framework/Versions/A/OpenGL
0x000000004c357000 	/System/Library/Frameworks/CoreImage.framework/Versions/A/CoreImage
0x000000004c357000 	/System/Library/Frameworks/CoreText.framework/Versions/A/CoreText
0x000000004c357000 	/System/Library/Frameworks/ImageIO.framework/Versions/A/ImageIO
0x000000004c357000 	/System/Library/PrivateFrameworks/Backup.framework/Versions/A/Backup
0x000000004c357000 	/usr/lib/libarchive.2.dylib
0x000000004c357000 	/System/Library/Frameworks/CFNetwork.framework/Versions/A/CFNetwork
0x000000004c357000 	/System/Library/Frameworks/SystemConfiguration.framework/Versions/A/SystemConfiguration
0x000000004c357000 	/usr/lib/libCRFSuite.dylib
0x000000004c357000 	/usr/lib/libc++.1.dylib
0x000000004c357000 	/usr/lib/libc++abi.dylib
0x000000004c357000 	/usr/lib/system/libcache.dylib
0x000000004c357000 	/usr/lib/system/libcommonCrypto.dylib
0x000000004c357000 	/usr/lib/system/libcompiler_rt.dylib
0x000000004c357000 	/usr/lib/system/libcopyfile.dylib
0x000000004c357000 	/usr/lib/system/libcorecrypto.dylib
0x000000004c357000 	/usr/lib/system/libdispatch.dylib
0x000000004c357000 	/usr/lib/system/libdyld.dylib
0x000000004c357000 	/usr/lib/system/libkeymgr.dylib
0x000000004c357000 	/usr/lib/system/liblaunch.dylib
0x000000004c357000 	/usr/lib/system/libmacho.dylib
0x000000004c357000 	/usr/lib/system/libquarantine.dylib
0x000000004c357000 	/usr/lib/system/libremovefile.dylib
0x000000004c357000 	/usr/lib/system/libsystem_asl.dylib
0x000000004c357000 	/usr/lib/system/libsystem_blocks.dylib
0x000000004c357000 	/usr/lib/system/libsystem_c.dylib
0x000000004c357000 	/usr/lib/system/libsystem_configuration.dylib
0x000000004c357000 	/usr/lib/system/libsystem_coreservices.dylib
0x000000004c357000 	/usr/lib/system/libsystem_coretls.dylib
0x000000004c357000 	/usr/lib/system/libsystem_dnssd.dylib
0x000000004c357000 	/usr/lib/system/libsystem_info.dylib
0x000000004c357000 	/usr/lib/system/libsystem_kernel.dylib
0x000000004c357000 	/usr/lib/system/libsystem_m.dylib
0x000000004c357000 	/usr/lib/system/libsystem_malloc.dylib
0x000000004c357000 	/usr/lib/system/libsystem_network.dylib
0x000000004c357000 	/usr/lib/system/libsystem_networkextension.dylib
0x000000004c357000 	/usr/lib/system/libsystem_notify.dylib
0x000000004c357000 	/usr/lib/system/libsystem_platform.dylib
0x000000004c357000 	/usr/lib/system/libsystem_pthread.dylib
0x000000004c357000 	/usr/lib/system/libsystem_sandbox.dylib
0x000000004c357000 	/usr/lib/system/libsystem_secinit.dylib
0x000000004c357000 	/usr/lib/system/libsystem_symptoms.dylib
0x000000004c357000 	/usr/lib/system/libsystem_trace.dylib
0x000000004c357000 	/usr/lib/system/libunwind.dylib
0x000000004c357000 	/usr/lib/system/libxpc.dylib
0x000000004c357000 	/usr/lib/libbsm.0.dylib
0x000000004c357000 	/usr/lib/system/libkxld.dylib
0x000000004c357000 	/usr/lib/libcoretls.dylib
0x000000004c357000 	/usr/lib/libcoretls_cfhelpers.dylib
0x000000004c357000 	/usr/lib/libOpenScriptingUtil.dylib
0x000000004c357000 	/usr/lib/libpam.2.dylib
0x000000004c357000 	/usr/lib/libsqlite3.dylib
0x000000004c357000 	/usr/lib/libxar.1.dylib
0x000000004c357000 	/usr/lib/libbz2.1.0.dylib
0x000000004c357000 	/usr/lib/liblzma.5.dylib
0x000000004c357000 	/usr/lib/libnetwork.dylib
0x000000004c357000 	/usr/lib/libpcap.A.dylib
0x000000004c357000 	/System/Library/Frameworks/CoreServices.framework/Versions/A/Frameworks/FSEvents.framework/Versions/A/FSEvents
0x000000004c357000 	/System/Library/Frameworks/CoreServices.framework/Versions/A/Frameworks/CarbonCore.framework/Versions/A/CarbonCore
0x000000004c357000 	/System/Library/Frameworks/CoreServices.framework/Versions/A/Frameworks/Metadata.framework/Versions/A/Metadata
0x000000004c357000 	/System/Library/Frameworks/CoreServices.framework/Versions/A/Frameworks/OSServices.framework/Versions/A/OSServices
0x000000004c357000 	/System/Library/Frameworks/CoreServices.framework/Versions/A/Frameworks/SearchKit.framework/Versions/A/SearchKit
0x000000004c357000 	/System/Library/Frameworks/CoreServices.framework/Versions/A/Frameworks/AE.framework/Versions/A/AE
0x000000004c357000 	/System/Library/Frameworks/CoreServices.framework/Versions/A/Frameworks/LaunchServices.framework/Versions/A/LaunchServices
0x000000004c357000 	/System/Library/Frameworks/CoreServices.framework/Versions/A/Frameworks/DictionaryServices.framework/Versions/A/DictionaryServices
0x000000004c357000 	/System/Library/Frameworks/CoreServices.framework/Versions/A/Frameworks/SharedFileList.framework/Versions/A/SharedFileList
0x000000004c357000 	/System/Library/Frameworks/NetFS.framework/Versions/A/NetFS
0x000000004c357000 	/System/Library/PrivateFrameworks/NetAuth.framework/Versions/A/NetAuth
0x000000004c357000 	/System/Library/PrivateFrameworks/login.framework/Versions/A/Frameworks/loginsupport.framework/Versions/A/loginsupport
0x000000004c357000 	/System/Library/PrivateFrameworks/TCC.framework/Versions/A/TCC
0x000000004c357000 	/usr/lib/libmecabra.dylib
0x000000004c357000 	/System/Library/Frameworks/ApplicationServices.framework/Versions/A/Frameworks/ATS.framework/Versions/A/ATS
0x000000004c357000 	/System/Library/Frameworks/ApplicationServices.framework/Versions/A/Frameworks/ColorSync.framework/Versions/A/ColorSync
0x000000004c357000 	/System/Library/Frameworks/ApplicationServices.framework/Versions/A/Frameworks/HIServices.framework/Versions/A/HIServices
0x000000004c357000 	/System/Library/Frameworks/ApplicationServices.framework/Versions/A/Frameworks/LangAnalysis.framework/Versions/A/LangAnalysis
0x000000004c357000 	/System/Library/Frameworks/ApplicationServices.framework/Versions/A/Frameworks/PrintCore.framework/Versions/A/PrintCore
0x000000004c357000 	/System/Library/Frameworks/ApplicationServices.framework/Versions/A/Frameworks/QD.framework/Versions/A/QD
0x000000004c357000 	/System/Library/Frameworks/ApplicationServices.framework/Versions/A/Frameworks/SpeechSynthesis.framework/Versions/A/SpeechSynthesis
0x000000004c357000 	/System/Library/Frameworks/Accelerate.framework/Versions/A/Frameworks/vImage.framework/Versions/A/vImage
0x000000004c357000 	/System/Library/Frameworks/Accelerate.framework/Versions/A/Frameworks/vecLib.framework/Versions/A/vecLib
0x000000004c357000 	/System/Library/Frameworks/Accelerate.framework/Versions/A/Frameworks/vecLib.framework/Versions/A/libvDSP.dylib
0x000000004c357000 	/System/Library/Frameworks/Accelerate.framework/Versions/A/Frameworks/vecLib.framework/Versions/A/libBNNS.dylib
0x000000004c357000 	/System/Library/Frameworks/Accelerate.framework/Versions/A/Frameworks/vecLib.framework/Versions/A/libQuadrature.dylib
0x000000004c357000 	/System/Library/Frameworks/Accelerate.framework/Versions/A/Frameworks/vecLib.framework/Versions/A/libvMisc.dylib
0x000000004c357000 	/System/Library/Frameworks/Accelerate.framework/Versions/A/Frameworks/vecLib.framework/Versions/A/libLAPACK.dylib
0x000000004c357000 	/System/Library/Frameworks/Accelerate.framework/Versions/A/Frameworks/vecLib.framework/Versions/A/libBLAS.dylib
0x000000004c357000 	/System/Library/Frameworks/Accelerate.framework/Versions/A/Frameworks/vecLib.framework/Versions/A/libLinearAlgebra.dylib
0x000000004c357000 	/System/Library/Frameworks/Accelerate.framework/Versions/A/Frameworks/vecLib.framework/Versions/A/libSparseBLAS.dylib
0x000000004c357000 	/System/Library/Frameworks/ApplicationServices.framework/Versions/A/Frameworks/ATS.framework/Versions/A/Resources/libFontParser.dylib
0x000000004c357000 	/System/Library/Frameworks/ApplicationServices.framework/Versions/A/Frameworks/ATS.framework/Versions/A/Resources/libFontRegistry.dylib
0x000000004c357000 	/System/Library/Frameworks/ImageIO.framework/Versions/A/Resources/libJPEG.dylib
0x000000004c357000 	/System/Library/Frameworks/ImageIO.framework/Versions/A/Resources/libTIFF.dylib
0x000000004c357000 	/System/Library/Frameworks/ImageIO.framework/Versions/A/Resources/libPng.dylib
0x000000004c357000 	/System/Library/Frameworks/ImageIO.framework/Versions/A/Resources/libGIF.dylib
0x000000004c357000 	/System/Library/Frameworks/ImageIO.framework/Versions/A/Resources/libJP2.dylib
0x000000004c357000 	/System/Library/Frameworks/ImageIO.framework/Versions/A/Resources/libRadiance.dylib
0x000000004c357000 	/usr/lib/libcompression.dylib
0x000000004c357000 	/System/Library/PrivateFrameworks/AppleJPEG.framework/Versions/A/AppleJPEG
0x000000004c357000 	/usr/lib/libcups.2.dylib
0x000000004c357000 	/System/Library/Frameworks/Kerberos.framework/Versions/A/Kerberos
0x000000004c357000 	/System/Library/Frameworks/GSS.framework/Versions/A/GSS
0x000000004c357000 	/usr/lib/libresolv.9.dylib
0x000000004c357000 	/usr/lib/libiconv.2.dylib
0x000000004c357000 	/System/Library/PrivateFrameworks/Heimdal.framework/Versions/A/Heimdal
0x000000004c357000 	/usr/lib/libheimdal-asn1.dylib
0x000000004c357000 	/System/Library/Frameworks/OpenDirectory.framework/Versions/A/OpenDirectory
0x000000004c357000 	/System/Library/PrivateFrameworks/CommonAuth.framework/Versions/A/CommonAuth
0x000000004c357000 	/System/Library/Frameworks/OpenDirectory.framework/Versions/A/Frameworks/CFOpenDirectory.framework/Versions/A/CFOpenDirectory
0x000000004c357000 	/System/Library/Frameworks/SecurityFoundation.framework/Versions/A/SecurityFoundation
0x000000004c357000 	/System/Library/PrivateFrameworks/LanguageModeling.framework/Versions/A/LanguageModeling
0x000000004c357000 	/usr/lib/libmarisa.dylib
0x000000004c357000 	/usr/lib/libChineseTokenizer.dylib
0x000000004c357000 	/usr/lib/libcmph.dylib
0x000000004c357000 	/System/Library/PrivateFrameworks/CoreEmoji.framework/Versions/A/CoreEmoji
0x000000004c357000 	/System/Library/Frameworks/ServiceManagement.framework/Versions/A/ServiceManagement
0x000000004c357000 	/usr/lib/libxslt.1.dylib
0x000000004c357000 	/System/Library/Frameworks/Carbon.framework/Versions/A/Frameworks/Ink.framework/Versions/A/Ink
0x000000004c357000 	/System/Library/PrivateFrameworks/TextureIO.framework/Versions/A/TextureIO
0x000000004c357000 	/System/Library/Frameworks/Metal.framework/Versions/A/Metal
0x000000004c357000 	/usr/lib/libate.dylib
0x000000004c357000 	/System/Library/PrivateFrameworks/GPUCompiler.framework/libmetal_timestamp.dylib
0x000000004c357000 	/System/Library/Frameworks/OpenGL.framework/Versions/A/Libraries/libCoreFSCache.dylib
0x000000004c357000 	/System/Library/PrivateFrameworks/IOAccelerator.framework/Versions/A/IOAccelerator
0x000000004c357000 	/System/Library/Frameworks/CoreVideo.framework/Versions/A/CoreVideo
0x000000004c357000 	/usr/lib/libFosl_dynamic.dylib
0x000000004c357000 	/System/Library/PrivateFrameworks/MetalPerformanceShaders.framework/Versions/A/MetalPerformanceShaders
0x000000004c357000 	/System/Library/PrivateFrameworks/FaceCore.framework/Versions/A/FaceCore
0x000000004c357000 	/System/Library/Frameworks/OpenCL.framework/Versions/A/OpenCL
0x000000004c357000 	/System/Library/Frameworks/OpenGL.framework/Versions/A/Libraries/libGLU.dylib
0x000000004c357000 	/System/Library/Frameworks/OpenGL.framework/Versions/A/Libraries/libGFXShared.dylib
0x000000004c357000 	/System/Library/Frameworks/OpenGL.framework/Versions/A/Libraries/libGL.dylib
0x000000004c357000 	/System/Library/Frameworks/OpenGL.framework/Versions/A/Libraries/libGLImage.dylib
0x000000004c357000 	/System/Library/Frameworks/OpenGL.framework/Versions/A/Libraries/libCVMSPluginSupport.dylib
0x000000004c357000 	/System/Library/Frameworks/OpenGL.framework/Versions/A/Libraries/libCoreVMClient.dylib
0x000000004c357000 	/System/Library/PrivateFrameworks/CrashReporterSupport.framework/Versions/A/CrashReporterSupport
0x000000004c357000 	/System/Library/PrivateFrameworks/Sharing.framework/Versions/A/Sharing
0x000000004c357000 	/System/Library/PrivateFrameworks/IconServices.framework/Versions/A/IconServices
0x000000004c357000 	/System/Library/PrivateFrameworks/ProtocolBuffer.framework/Versions/A/ProtocolBuffer
0x000000004c357000 	/System/Library/PrivateFrameworks/Apple80211.framework/Versions/A/Apple80211
0x000000004c357000 	/System/Library/Frameworks/CoreWLAN.framework/Versions/A/CoreWLAN
0x000000004c357000 	/System/Library/PrivateFrameworks/CoreUtils.framework/Versions/A/CoreUtils
0x000000004c357000 	/System/Library/Frameworks/IOBluetooth.framework/Versions/A/IOBluetooth
0x000000004c357000 	/System/Library/PrivateFrameworks/CoreWiFi.framework/Versions/A/CoreWiFi
0x000000004c357000 	/System/Library/Frameworks/CoreBluetooth.framework/Versions/A/CoreBluetooth
0x000000004c357000 	/System/Library/Frameworks/CoreDisplay.framework/Versions/A/CoreDisplay
0x000000004c357000 	/System/Library/PrivateFrameworks/IOPresentment.framework/Versions/A/IOPresentment
0x000000004c357000 	/System/Library/PrivateFrameworks/DSExternalDisplay.framework/Versions/A/DSExternalDisplay
0x000000004c357000 	/System/Library/PrivateFrameworks/DebugSymbols.framework/Versions/A/DebugSymbols
0x000000004c357000 	/System/Library/PrivateFrameworks/CoreSymbolication.framework/Versions/A/CoreSymbolication
0x000000004c357000 	/System/Library/PrivateFrameworks/Symbolication.framework/Versions/A/Symbolication
0x000000004c357000 	/System/Library/PrivateFrameworks/AppleFSCompression.framework/Versions/A/AppleFSCompression
0x000000004c357000 	/System/Library/PrivateFrameworks/SpeechRecognitionCore.framework/Versions/A/SpeechRecognitionCore
0x000000004c357000 	/System/Library/PrivateFrameworks/ChunkingLibrary.framework/Versions/A/ChunkingLibrary
0x000000010be00000 	/Library/Java/JavaVirtualMachines/jdk1.8.0_121.jdk/Contents/Home/jre/lib/server/libjvm.dylib
0x000000004c357000 	/usr/lib/libstdc++.6.dylib
0x000000010b5c4000 	/Library/Java/JavaVirtualMachines/jdk1.8.0_121.jdk/Contents/Home/jre/lib/libverify.dylib
0x000000010cda2000 	/Library/Java/JavaVirtualMachines/jdk1.8.0_121.jdk/Contents/Home/jre/lib/libjava.dylib
0x000000010b5dc000 	/Library/Java/JavaVirtualMachines/jdk1.8.0_121.jdk/Contents/Home/jre/lib/libzip.dylib
0x00000001111bd000 	/System/Library/Frameworks/JavaVM.framework/Frameworks/JavaRuntimeSupport.framework/JavaRuntimeSupport
0x00000001111d7000 	/System/Library/Frameworks/JavaVM.framework/Versions/A/Frameworks/JavaNativeFoundation.framework/Versions/A/JavaNativeFoundation
0x00000001111ec000 	/System/Library/Frameworks/JavaVM.framework/Versions/A/JavaVM
0x000000004c357000 	/System/Library/Frameworks/Carbon.framework/Versions/A/Carbon
0x00000001111f9000 	/System/Library/PrivateFrameworks/JavaLaunching.framework/Versions/A/JavaLaunching
0x000000004c357000 	/System/Library/Frameworks/Carbon.framework/Versions/A/Frameworks/CommonPanels.framework/Versions/A/CommonPanels
0x000000004c357000 	/System/Library/Frameworks/Carbon.framework/Versions/A/Frameworks/Help.framework/Versions/A/Help
0x000000004c357000 	/System/Library/Frameworks/Carbon.framework/Versions/A/Frameworks/ImageCapture.framework/Versions/A/ImageCapture
0x000000004c357000 	/System/Library/Frameworks/Carbon.framework/Versions/A/Frameworks/OpenScripting.framework/Versions/A/OpenScripting
0x000000004c357000 	/System/Library/Frameworks/Carbon.framework/Versions/A/Frameworks/Print.framework/Versions/A/Print
0x000000004c357000 	/System/Library/Frameworks/Carbon.framework/Versions/A/Frameworks/SecurityHI.framework/Versions/A/SecurityHI
0x0000000112b07000 	/Library/Java/JavaVirtualMachines/jdk1.8.0_121.jdk/Contents/Home/jre/lib/libawt.dylib
0x0000000112baf000 	/Library/Java/JavaVirtualMachines/jdk1.8.0_121.jdk/Contents/Home/jre/lib/./libmlib_image.dylib
0x0000000112c7b000 	/Library/Java/JavaVirtualMachines/jdk1.8.0_121.jdk/Contents/Home/jre/lib/libawt_lwawt.dylib
0x0000000112d32000 	/Library/Java/JavaVirtualMachines/jdk1.8.0_121.jdk/Contents/Home/jre/lib/./libosxapp.dylib
0x000000004c357000 	/System/Library/Frameworks/ExceptionHandling.framework/Versions/A/ExceptionHandling
0x000000004c357000 	/System/Library/PrivateFrameworks/CoreServicesInternal.framework/Versions/A/CoreServicesInternal
0x000000004c357000 	/System/Library/CoreServices/RawCamera.bundle/Contents/MacOS/RawCamera
0x000000004c357000 	/System/Library/Frameworks/Accelerate.framework/Versions/A/Frameworks/vImage.framework/Versions/A/Libraries/libCGInterfaces.dylib
0x000000004c357000 	/System/Library/Frameworks/ApplicationServices.framework/Versions/A/Frameworks/ATS.framework/Versions/A/Resources/libTrueTypeScaler.dylib
0x000000012393f000 	/System/Library/Frameworks/OpenGL.framework/Resources/GLEngine.bundle/GLEngine
0x000000004c357000 	/System/Library/Frameworks/OpenGL.framework/Versions/A/Libraries/libGLProgrammability.dylib
0x0000000123b24000 	/System/Library/Extensions/AppleIntelHD5000GraphicsGLDriver.bundle/Contents/MacOS/AppleIntelHD5000GraphicsGLDriver
0x000000004c357000 	/System/Library/PrivateFrameworks/GPUSupport.framework/Versions/A/Libraries/libGPUSupportMercury.dylib
0x00000001132be000 	/System/Library/Frameworks/OpenGL.framework/Resources//GLRendererFloat.bundle/GLRendererFloat
0x000000004c357000 	/System/Library/Frameworks/OpenCL.framework/Versions/A/Libraries/libcldcpuengine.dylib
0x000000004c357000 	/usr/lib/libcrypto.0.9.8.dylib
0x000000004c357000 	/System/Library/PrivateFrameworks/TrustEvaluationAgent.framework/Versions/A/TrustEvaluationAgent
0x0000000124292000 	/System/Library/Extensions/AppleIntelHD5000GraphicsMTLDriver.bundle/Contents/MacOS/AppleIntelHD5000GraphicsMTLDriver
0x000000004c357000 	/System/Library/PrivateFrameworks/FamilyControls.framework/Versions/A/FamilyControls
0x000000004c357000 	/System/Library/PrivateFrameworks/CommerceKit.framework/Versions/A/Frameworks/CommerceCore.framework/Versions/A/CommerceCore
0x000000004c357000 	/System/Library/PrivateFrameworks/SystemAdministration.framework/Versions/A/SystemAdministration
0x000000004c357000 	/System/Library/PrivateFrameworks/AppContainer.framework/Versions/A/AppContainer
0x000000004c357000 	/System/Library/PrivateFrameworks/SecCodeWrapper.framework/Versions/A/SecCodeWrapper
0x000000004c357000 	/System/Library/Frameworks/DirectoryService.framework/Versions/A/DirectoryService
0x000000004c357000 	/System/Library/PrivateFrameworks/DiskImages.framework/Versions/A/DiskImages
0x000000004c357000 	/System/Library/PrivateFrameworks/LoginUIKit.framework/Versions/A/Frameworks/LoginUICore.framework/Versions/A/LoginUICore
0x000000004c357000 	/usr/lib/libCoreStorage.dylib
0x000000004c357000 	/usr/lib/libcsfde.dylib
0x000000004c357000 	/usr/lib/libodfde.dylib
0x000000004c357000 	/System/Library/Frameworks/DiscRecording.framework/Versions/A/DiscRecording
0x000000004c357000 	/usr/lib/libcurl.4.dylib
0x000000004c357000 	/System/Library/PrivateFrameworks/MediaKit.framework/Versions/A/MediaKit
0x000000004c357000 	/System/Library/PrivateFrameworks/ProtectedCloudStorage.framework/Versions/A/ProtectedCloudStorage
0x000000004c357000 	/System/Library/PrivateFrameworks/EFILogin.framework/Versions/A/EFILogin
0x000000004c357000 	/usr/lib/libutil.dylib
0x000000004c357000 	/System/Library/Frameworks/LDAP.framework/Versions/A/LDAP
0x000000004c357000 	/usr/lib/libsasl2.2.dylib
0x000000004c357000 	/System/Library/PrivateFrameworks/CoreDaemon.framework/Versions/B/CoreDaemon
0x000000004c357000 	/System/Library/PrivateFrameworks/AppleSRP.framework/Versions/A/AppleSRP
0x000000004c357000 	/System/Library/PrivateFrameworks/APFS.framework/Versions/A/APFS
0x0000000125e66000 	/Library/Java/JavaVirtualMachines/jdk1.8.0_121.jdk/Contents/Home/jre/lib/libfontmanager.dylib
0x000000004c357000 	/System/Library/PrivateFrameworks/ViewBridge.framework/Versions/A/ViewBridge
0x000000004c357000 	/System/Library/PrivateFrameworks/XPCService.framework/Versions/A/XPCService
0x000000004c357000 	/System/Library/PrivateFrameworks/AppSandbox.framework/Versions/A/AppSandbox
0x000000004c357000 	/usr/lib/libsandbox.1.dylib
0x000000004c357000 	/usr/lib/libMatch.1.dylib
0x0000000127261000 	/Library/Java/JavaVirtualMachines/jdk1.8.0_121.jdk/Contents/Home/jre/lib/libosxui.dylib
0x0000000127dc4000 	/Library/Java/JavaVirtualMachines/jdk1.8.0_121.jdk/Contents/Home/jre/lib/libnet.dylib
0x0000000127e34000 	/Library/Java/JavaVirtualMachines/jdk1.8.0_121.jdk/Contents/Home/jre/lib/libnio.dylib
0x0000000126f6f000 	/private/var/folders/z5/dkh_k18x6bn8z6w6jj1k7pqm0000gn/T/jogamp_0000/file_cache/jln5726748964807269520/jln8567873430428725012/libgluegen-rt.jnilib
0x0000000190437000 	/private/var/folders/z5/dkh_k18x6bn8z6w6jj1k7pqm0000gn/T/jogamp_0000/file_cache/jln5726748964807269520/jln8567873430428725012/libnativewindow_awt.jnilib
0x000000019043a000 	/Library/Java/JavaVirtualMachines/jdk1.8.0_121.jdk/Contents/Home/jre/lib/libjawt.dylib
0x000000019043d000 	/private/var/folders/z5/dkh_k18x6bn8z6w6jj1k7pqm0000gn/T/jogamp_0000/file_cache/jln5726748964807269520/jln8567873430428725012/libnativewindow_macosx.jnilib
0x00000001924e1000 	/private/var/folders/z5/dkh_k18x6bn8z6w6jj1k7pqm0000gn/T/jogamp_0000/file_cache/jln5726748964807269520/jln8567873430428725012/libjogl_desktop.jnilib
0x0000000123527000 	/Library/Java/JavaVirtualMachines/jdk1.8.0_121.jdk/Contents/Home/jre/lib/libsunec.dylib
0x0000000192288000 	/Library/Java/JavaVirtualMachines/jdk1.8.0_121.jdk/Contents/Home/jre/lib/libt2k.dylib

VM Arguments:
jvm_args: -Djava.security.policy=java.policy.applet -Dfile.encoding=MacRoman 
java_command: sun.applet.AppletViewer module6.EarthquakeCityMap1524027332077.html
java_class_path (initial): /Users/Mac/Documents/workspace/UCSDUnfoldingMaps/build:/Users/Mac/Documents/workspace/UCSDUnfoldingMaps/lib/core.jar:/Users/Mac/Documents/workspace/UCSDUnfoldingMaps/lib/gluegen-rt.jar:/Users/Mac/Documents/workspace/UCSDUnfoldingMaps/lib/jogl-all.jar:/Users/Mac/Documents/workspace/UCSDUnfoldingMaps/lib/log4j-1.2.15.jar:/Users/Mac/Documents/workspace/UCSDUnfoldingMaps/lib/sqlite-jdbc-3.7.2.jar:/Users/Mac/Documents/workspace/UCSDUnfoldingMaps/lib/json4processing.jar:/Users/Mac/Documents/workspace/UCSDUnfoldingMaps/lib/libTUIO.jar:/Users/Mac/Documents/workspace/UCSDUnfoldingMaps/lib/unfolding.0.9.7-uscd.jar
Launcher Type: SUN_STANDARD

Environment Variables:
PATH=/Library/Frameworks/Python.framework/Versions/3.6/bin:/usr/local/bin:/usr/bin:/bin:/usr/sbin:/sbin:/opt/X11/bin:/Library/Frameworks/Mono.framework/Versions/Current/Commands:/Library/TeX/texbin
SHELL=/bin/bash
DISPLAY=/private/tmp/com.apple.launchd.BfoSnAz3r8/org.macosforge.xquartz:0

Signal Handlers:
SIGSEGV: [libjvm.dylib+0x5b1141], sa_mask[0]=11111111011111110111111111111111, sa_flags=SA_ONSTACK|SA_RESTART|SA_SIGINFO
SIGBUS: [libjvm.dylib+0x5b1141], sa_mask[0]=11111111011111110111111111111111, sa_flags=SA_RESTART|SA_SIGINFO
SIGFPE: [libjvm.dylib+0x487bc4], sa_mask[0]=11111111011111110111111111111111, sa_flags=SA_RESTART|SA_SIGINFO
SIGPIPE: [libjvm.dylib+0x487bc4], sa_mask[0]=11111111011111110111111111111111, sa_flags=SA_RESTART|SA_SIGINFO
SIGXFSZ: [libjvm.dylib+0x487bc4], sa_mask[0]=11111111011111110111111111111111, sa_flags=SA_RESTART|SA_SIGINFO
SIGILL: [libjvm.dylib+0x487bc4], sa_mask[0]=11111111011111110111111111111111, sa_flags=SA_RESTART|SA_SIGINFO
SIGUSR1: SIG_DFL, sa_mask[0]=11011111011111100000000111000110, sa_flags=none
SIGUSR2: [libjvm.dylib+0x4876e2], sa_mask[0]=00100000000000000000000000000000, sa_flags=SA_RESTART|SA_SIGINFO
SIGHUP: [libjvm.dylib+0x485cb9], sa_mask[0]=11111111011111110111111111111111, sa_flags=SA_RESTART|SA_SIGINFO
SIGINT: [libjvm.dylib+0x485cb9], sa_mask[0]=11111111011111110111111111111111, sa_flags=SA_RESTART|SA_SIGINFO
SIGTERM: [libjvm.dylib+0x485cb9], sa_mask[0]=11111111011111110111111111111111, sa_flags=SA_RESTART|SA_SIGINFO
SIGQUIT: [libjvm.dylib+0x485cb9], sa_mask[0]=11111111011111110111111111111111, sa_flags=SA_RESTART|SA_SIGINFO


---------------  S Y S T E M  ---------------

OS:Bsduname:Darwin 16.7.0 Darwin Kernel Version 16.7.0: Thu Jan 11 22:59:40 PST 2018; root:xnu-3789.73.8~1/RELEASE_X86_64 x86_64
rlimit: STACK 8192k, CORE 0k, NPROC 709, NOFILE 10240, AS infinity
load average:2.83 3.36 3.03

CPU:total 4 (2 cores per cpu, 2 threads per core) family 6 model 69 stepping 1, cmov, cx8, fxsr, mmx, sse, sse2, sse3, ssse3, sse4.1, sse4.2, popcnt, avx, avx2, aes, clmul, erms, lzcnt, ht, tsc, tscinvbit, bmi1, bmi2

Memory: 4k page, physical 4194304k(39820k free)

/proc/meminfo:


vm_info: Java HotSpot(TM) 64-Bit Server VM (25.121-b13) for bsd-amd64 JRE (1.8.0_121-b13), built on Dec 12 2016 20:39:32 by "java_re" with gcc 4.2.1 (Based on Apple Inc. build 5658) (LLVM build 2336.11.00)

time: Tue Apr 17 21:57:34 2018
elapsed time: 122 seconds (0d 0h 2m 2s)

