#
# A fatal error has been detected by the Java Runtime Environment:
#
#  SIGSEGV (0xb) at pc=0x00007fffd65ee05d, pid=10608, tid=0x0000000000000307
#
# JRE version: Java(TM) SE Runtime Environment (8.0_121-b13) (build 1.8.0_121-b13)
# Java VM: Java HotSpot(TM) 64-Bit Server VM (25.121-b13 mixed mode bsd-amd64 compressed oops)
# Problematic frame:
# C  [libobjc.A.dylib+0x705d]  objc_msgSend+0x1d
#
# Failed to write core dump. Core dumps have been disabled. To enable core dumping, try "ulimit -c unlimited" before starting Java again
#
# If you would like to submit a bug report, please visit:
#   http://bugreport.java.com/bugreport/crash.jsp
# The crash happened outside the Java Virtual Machine in native code.
# See problematic frame for where to report the bug.
#

---------------  T H R E A D  ---------------

Current thread (0x00007fb21e1c3800):  JavaThread "AWT-AppKit" daemon [_thread_in_native, id=775, stack(0x00007fff55abc000,0x00007fff562bc000)]

siginfo: si_signo: 11 (SIGSEGV), si_code: 1 (SEGV_MAPERR), si_addr: 0x0000000000000018

Registers:
RAX=0x00007fb22210c4c0, RBX=0x000000018e7e6450, RCX=0x00007fb21f701f30, RDX=0x0000000000000000
RSP=0x00007fff562b7238, RBP=0x00007fff562b72f0, RSI=0x00007fffbfe75116, RDI=0x00007fb2224759c0
R8 =0x0000000000000018, R9 =0x00007fb21f7018e0, R10=0x0000000000000000, R11=0x00007fffbfe75116
R12=0x0000000000000000, R13=0x00000001904e0b90, R14=0x000000018e7e6440, R15=0x00007fb21e1c3800
RIP=0x00007fffd65ee05d, EFLAGS=0x0000000000010246, ERR=0x0000000000000004
  TRAPNO=0x000000000000000e

Top of Stack: (sp=0x00007fff562b7238)
0x00007fff562b7238:   000000018e7e4157 00007fff562b7290
0x00007fff562b7248:   0000000000000003 00007fff562b7270
0x00007fff562b7258:   000000010a3f2c62 00000001904e0b90
0x00007fff562b7268:   00000001904e0b90 00007fb22210c4c0
0x00007fff562b7278:   000000018e7e66a0 000000018e7e6710
0x00007fff562b7288:   00007fffdc6546d0 00007fffdd2841e0
0x00007fff562b7298:   000000018e7e6450 000000018e7e6690
0x00007fff562b72a8:   00007fb22210c4c0 00007fb2224759c0
0x00007fff562b72b8:   00007fb22218c440 00007fb22210c4c0
0x00007fff562b72c8:   00007fb2224759c0 00007fff562b7378
0x00007fff562b72d8:   00007fb21e1c39f8 00000001904e0b90
0x00007fff562b72e8:   00007fff562b73a0 00007fff562b7368
0x00007fff562b72f8:   0000000111a869f4 00000001904e0b90
0x00007fff562b7308:   00007fff562b73a0 00007fff562b7368
0x00007fff562b7318:   0000000111a86787 0000000111a86742
0x00007fff562b7328:   00007fff562b7328 00000001904e0b90
0x00007fff562b7338:   00007fff562b73a0 00000001904e2340
0x00007fff562b7348:   0000000000000000 00000001904e0b90
0x00007fff562b7358:   0000000000000000 00007fff562b7388
0x00007fff562b7368:   00007fff562b73e8 0000000111a772bd
0x00007fff562b7378:   00000007809f6748 0000000111a80538
0x00007fff562b7388:   00007fb22210c4c0 00007fff562b73e8
0x00007fff562b7398:   00007fb2224759c0 0000000111a81e02
0x00007fff562b73a8:   00007fff562b73a8 00000001904e0d5a
0x00007fff562b73b8:   00007fff562b7410 00000001904e2340
0x00007fff562b73c8:   0000000000000000 00000001904e0d68
0x00007fff562b73d8:   00007fff562b7388 00007fff562b73f8
0x00007fff562b73e8:   00007fff562b7458 0000000111a772bd
0x00007fff562b73f8:   00007fb22210c4c0 0000000780d376c0
0x00007fff562b7408:   00007fb2224759c0 0000000780d376c0
0x00007fff562b7418:   00007fff562b7418 00000001961a9f36
0x00007fff562b7428:   00007fff562b7468 00000001961a9ff0 

Instructions: (pc=0x00007fffd65ee05d)
0x00007fffd65ee03d:   0f 1f 00 48 85 ff 2e 74 62 40 f6 c7 01 2e 75 66
0x00007fffd65ee04d:   49 ba f8 ff ff ff ff 7f 00 00 4c 23 17 49 89 f3
0x00007fffd65ee05d:   45 23 5a 18 49 c1 e3 04 4d 03 5a 10 49 3b 33 75
0x00007fffd65ee06d:   04 41 ff 63 08 49 83 3b 01 76 0d 49 83 c3 10 49 

Register to memory mapping:

RAX=0x00007fb22210c4c0 is an unknown value
RBX=0x000000018e7e6450: Java_jogamp_nativewindow_macosx_OSXUtil_GetScreenRefreshRate0+0x1cf0 in /private/var/folders/z5/dkh_k18x6bn8z6w6jj1k7pqm0000gn/T/jogamp_0000/file_cache/jln2374540994995161438/jln5731151927544905303/libnativewindow_macosx.jnilib at 0x000000018e7df000
RCX=0x00007fb21f701f30 is an unknown value
RDX=0x0000000000000000 is an unknown value
RSP=0x00007fff562b7238 is pointing into the stack for thread: 0x00007fb21e1c3800
RBP=0x00007fff562b72f0 is pointing into the stack for thread: 0x00007fb21e1c3800
RSI=0x00007fffbfe75116: __NSStyleNameIndexTable+0x7fd5e in /System/Library/Frameworks/AppKit.framework/Versions/C/AppKit at 0x00007fffbf208000
RDI=0x00007fb2224759c0 is an unknown value
R8 =0x0000000000000018 is an unknown value
R9 =0x00007fb21f7018e0 is an unknown value
R10=0x0000000000000000 is an unknown value
R11=0x00007fffbfe75116: __NSStyleNameIndexTable+0x7fd5e in /System/Library/Frameworks/AppKit.framework/Versions/C/AppKit at 0x00007fffbf208000
R12=0x0000000000000000 is an unknown value
R13={method} {0x00000001904e0b90} 'UnsetJAWTRootSurfaceLayer0' '(JJ)V' in 'jogamp/nativewindow/jawt/macosx/MacOSXJAWTWindow'
R14=0x000000018e7e6440: Java_jogamp_nativewindow_macosx_OSXUtil_GetScreenRefreshRate0+0x1ce0 in /private/var/folders/z5/dkh_k18x6bn8z6w6jj1k7pqm0000gn/T/jogamp_0000/file_cache/jln2374540994995161438/jln5731151927544905303/libnativewindow_macosx.jnilib at 0x000000018e7df000
R15=0x00007fb21e1c3800 is a thread


Stack: [0x00007fff55abc000,0x00007fff562bc000],  sp=0x00007fff562b7238,  free space=8172k
Native frames: (J=compiled Java code, j=interpreted, Vv=VM code, C=native code)
C  [libobjc.A.dylib+0x705d]  objc_msgSend+0x1d
j  jogamp.nativewindow.jawt.macosx.MacOSXJAWTWindow.UnsetJAWTRootSurfaceLayer0(JJ)V+0
j  jogamp.nativewindow.jawt.macosx.MacOSXJAWTWindow.access$200(JJ)V+2
j  jogamp.nativewindow.jawt.macosx.MacOSXJAWTWindow$1.run()V+38
j  com.jogamp.common.util.RunnableTask.run()V+24
v  ~StubRoutines::call_stub
V  [libjvm.dylib+0x2ed9d6]
V  [libjvm.dylib+0x324b65]
V  [libjvm.dylib+0x317333]
C  [libnativewindow_macosx.jnilib+0x5326]  Java_jogamp_nativewindow_jawt_macosx_MacOSXJAWTWindow_UnsetJAWTRootSurfaceLayer0+0x2b6
C  [Foundation+0x7152a]  __NSThreadPerformPerform+0x146
C  [CoreFoundation+0xa7321]  __CFRUNLOOP_IS_CALLING_OUT_TO_A_SOURCE0_PERFORM_FUNCTION__+0x11
C  [CoreFoundation+0x8821d]  __CFRunLoopDoSources0+0x22d
C  [CoreFoundation+0x87716]  __CFRunLoopRun+0x3a6
C  [CoreFoundation+0x87114]  CFRunLoopRunSpecific+0x1a4
C  [HIToolbox+0x30ebc]  RunCurrentEventLoopInMode+0xf0
C  [HIToolbox+0x30bf9]  ReceiveNextEventCommon+0xb8
C  [HIToolbox+0x30b26]  _BlockUntilNextEventMatchingListInModeWithFilter+0x47
C  [AppKit+0x46a54]  _DPSNextEvent+0x460
C  [AppKit+0x7c27ee]  -[NSApplication(NSEvent) _nextEventMatchingEventMask:untilDate:inMode:dequeue:]+0xaec
C  [libosxapp.dylib+0x23aa]  -[NSApplicationAWT nextEventMatchingMask:untilDate:inMode:dequeue:]+0x7c
C  [AppKit+0x3b3db]  -[NSApplication run]+0x39e
C  [libosxapp.dylib+0x214d]  +[NSApplicationAWT runAWTLoopWithApp:]+0x9c
C  [libawt_lwawt.dylib+0x45ff7]  -[AWTStarter starter:]+0x389
C  [Foundation+0x7152a]  __NSThreadPerformPerform+0x146
C  [CoreFoundation+0xa7321]  __CFRUNLOOP_IS_CALLING_OUT_TO_A_SOURCE0_PERFORM_FUNCTION__+0x11
C  [CoreFoundation+0x8821d]  __CFRunLoopDoSources0+0x22d
C  [CoreFoundation+0x87716]  __CFRunLoopRun+0x3a6
C  [CoreFoundation+0x87114]  CFRunLoopRunSpecific+0x1a4
C  [java+0x6465]  CreateExecutionEnvironment+0x367
C  [java+0x218c]  JLI_Launch+0x7a0
C  [java+0x84c2]  main+0x65
C  [java+0x19e4]  start+0x34
C  0x0000000000000007

Java frames: (J=compiled Java code, j=interpreted, Vv=VM code)
j  jogamp.nativewindow.jawt.macosx.MacOSXJAWTWindow.UnsetJAWTRootSurfaceLayer0(JJ)V+0
j  jogamp.nativewindow.jawt.macosx.MacOSXJAWTWindow.access$200(JJ)V+2
j  jogamp.nativewindow.jawt.macosx.MacOSXJAWTWindow$1.run()V+38
j  com.jogamp.common.util.RunnableTask.run()V+24
v  ~StubRoutines::call_stub

---------------  P R O C E S S  ---------------

Java Threads: ( => current thread )
  0x00007fb2239d0800 JavaThread "Thread-49" [_thread_blocked, id=43099, stack(0x0000700004210000,0x0000700004310000)]
  0x00007fb21e465800 JavaThread "AWT-EventQueue-1" [_thread_in_native, id=68879, stack(0x000070000408a000,0x000070000418a000)]
  0x00007fb21d9f4000 JavaThread "DestroyJavaVM" [_thread_blocked, id=7171, stack(0x0000700002a42000,0x0000700002b42000)]
  0x00007fb21da52800 JavaThread "AWT-EventQueue-0" [_thread_blocked, id=66067, stack(0x0000700003e84000,0x0000700003f84000)]
  0x00007fb21e286000 JavaThread "Java2D Disposer" daemon [_thread_blocked, id=56847, stack(0x0000700003bfb000,0x0000700003cfb000)]
  0x00007fb21e20c800 JavaThread "Java2D Queue Flusher" daemon [_thread_blocked, id=47663, stack(0x0000700003af8000,0x0000700003bf8000)]
  0x00007fb21d8c1800 JavaThread "AWT-Shutdown" [_thread_blocked, id=29727, stack(0x00007000038ef000,0x00007000039ef000)]
=>0x00007fb21e1c3800 JavaThread "AWT-AppKit" daemon [_thread_in_native, id=775, stack(0x00007fff55abc000,0x00007fff562bc000)]
  0x00007fb21d8aa800 JavaThread "Service Thread" daemon [_thread_blocked, id=18435, stack(0x0000700003666000,0x0000700003766000)]
  0x00007fb21d879000 JavaThread "C1 CompilerThread2" daemon [_thread_blocked, id=17923, stack(0x0000700003563000,0x0000700003663000)]
  0x00007fb21d88f000 JavaThread "C2 CompilerThread1" daemon [_thread_blocked, id=17411, stack(0x0000700003460000,0x0000700003560000)]
  0x00007fb21d877800 JavaThread "C2 CompilerThread0" daemon [_thread_blocked, id=16899, stack(0x000070000335d000,0x000070000345d000)]
  0x00007fb21d88e800 JavaThread "Signal Dispatcher" daemon [_thread_blocked, id=16387, stack(0x000070000325a000,0x000070000335a000)]
  0x00007fb21e807000 JavaThread "Finalizer" daemon [_thread_blocked, id=12547, stack(0x0000700003157000,0x0000700003257000)]
  0x00007fb21d83b800 JavaThread "Reference Handler" daemon [_thread_blocked, id=12035, stack(0x0000700003054000,0x0000700003154000)]

Other Threads:
  0x00007fb21d839000 VMThread [stack: 0x0000700002f51000,0x0000700003051000] [id=11523]
  0x00007fb21d8bb000 WatcherThread [stack: 0x0000700003769000,0x0000700003869000] [id=18947]

VM state:not at safepoint (normal execution)

VM Mutex/Monitor currently owned by a thread: None

Heap:
 PSYoungGen      total 111616K, used 98996K [0x00000007aab00000, 0x00000007b4e80000, 0x00000007c0000000)
  eden space 111104K, 88% used [0x00000007aab00000,0x00000007b0b8d1b8,0x00000007b1780000)
  from space 512K, 25% used [0x00000007b4e00000,0x00000007b4e20000,0x00000007b4e80000)
  to   space 9216K, 0% used [0x00000007b3c80000,0x00000007b3c80000,0x00000007b4580000)
 ParOldGen       total 43008K, used 23948K [0x0000000780000000, 0x0000000782a00000, 0x00000007aab00000)
  object space 43008K, 55% used [0x0000000780000000,0x0000000781763130,0x0000000782a00000)
 Metaspace       used 21608K, capacity 21883K, committed 22272K, reserved 1069056K
  class space    used 2123K, capacity 2204K, committed 2304K, reserved 1048576K

Card table byte_map: [0x000000010b597000,0x000000010b798000] byte_map_base: 0x0000000107997000

Marking Bits: (ParMarkBitMap*) 0x000000010aaf0d30
 Begin Bits: [0x000000010b8ee000, 0x000000010c8ee000)
 End Bits:   [0x000000010c8ee000, 0x000000010d8ee000)

Polling page: 0x00000001099cf000

CodeCache: size=245760Kb used=9574Kb max_used=9593Kb free=236185Kb
 bounds [0x0000000111a6f000, 0x00000001123ef000, 0x0000000120a6f000]
 total_blobs=3537 nmethods=2639 adapters=811
 compilation: enabled

Compilation events (10 events):
Event: 265.409 Thread 0x00007fb21d879000 3121       3       sun.lwawt.LWComponentPeer::computeVisibleRect (75 bytes)
Event: 265.409 Thread 0x00007fb21d88f000 nmethod 3122 0x000000011237d650 code [0x000000011237d7a0, 0x000000011237d8c8]
Event: 265.411 Thread 0x00007fb21d877800 nmethod 3123 0x0000000111b95690 code [0x0000000111b957e0, 0x0000000111b958d8]
Event: 265.413 Thread 0x00007fb21d879000 nmethod 3121 0x000000011238d150 code [0x000000011238d3a0, 0x000000011238e538]
Event: 265.427 Thread 0x00007fb21d879000 3124   !   3       java.awt.KeyboardFocusManager::processCurrentLightweightRequests (345 bytes)
Event: 265.433 Thread 0x00007fb21d879000 nmethod 3124 0x00000001123dda90 code [0x00000001123ddee0, 0x00000001123e0878]
Event: 265.443 Thread 0x00007fb21d877800 3125   !   4       jogamp.common.util.locks.RecursiveLockImpl01Unfairish::unlock (23 bytes)
Event: 265.444 Thread 0x00007fb21d879000 3126       3       java.lang.Boolean::valueOf (14 bytes)
Event: 265.444 Thread 0x00007fb21d879000 nmethod 3126 0x0000000111b99010 code [0x0000000111b99180, 0x0000000111b99310]
Event: 265.451 Thread 0x00007fb21d877800 nmethod 3125 0x00000001123a7910 code [0x00000001123a7aa0, 0x00000001123a8508]

GC Heap History (10 events):
Event: 177.542 GC heap before
{Heap before GC invocations=19 (full 1):
 PSYoungGen      total 148992K, used 137344K [0x00000007aab00000, 0x00000007b6c00000, 0x00000007c0000000)
  eden space 137216K, 100% used [0x00000007aab00000,0x00000007b3100000,0x00000007b3100000)
  from space 11776K, 1% used [0x00000007b5500000,0x00000007b5520000,0x00000007b6080000)
  to   space 11264K, 0% used [0x00000007b6100000,0x00000007b6100000,0x00000007b6c00000)
 ParOldGen       total 43008K, used 23948K [0x0000000780000000, 0x0000000782a00000, 0x00000007aab00000)
  object space 43008K, 55% used [0x0000000780000000,0x0000000781763130,0x0000000782a00000)
 Metaspace       used 21529K, capacity 21819K, committed 22016K, reserved 1069056K
  class space    used 2115K, capacity 2204K, committed 2304K, reserved 1048576K
Event: 177.545 GC heap after
Heap after GC invocations=19 (full 1):
 PSYoungGen      total 132096K, used 96K [0x00000007aab00000, 0x00000007b6180000, 0x00000007c0000000)
  eden space 131584K, 0% used [0x00000007aab00000,0x00000007aab00000,0x00000007b2b80000)
  from space 512K, 18% used [0x00000007b6100000,0x00000007b6118000,0x00000007b6180000)
  to   space 10752K, 0% used [0x00000007b4c80000,0x00000007b4c80000,0x00000007b5700000)
 ParOldGen       total 43008K, used 23948K [0x0000000780000000, 0x0000000782a00000, 0x00000007aab00000)
  object space 43008K, 55% used [0x0000000780000000,0x0000000781763130,0x0000000782a00000)
 Metaspace       used 21529K, capacity 21819K, committed 22016K, reserved 1069056K
  class space    used 2115K, capacity 2204K, committed 2304K, reserved 1048576K
}
Event: 197.211 GC heap before
{Heap before GC invocations=20 (full 1):
 PSYoungGen      total 132096K, used 131680K [0x00000007aab00000, 0x00000007b6180000, 0x00000007c0000000)
  eden space 131584K, 100% used [0x00000007aab00000,0x00000007b2b80000,0x00000007b2b80000)
  from space 512K, 18% used [0x00000007b6100000,0x00000007b6118000,0x00000007b6180000)
  to   space 10752K, 0% used [0x00000007b4c80000,0x00000007b4c80000,0x00000007b5700000)
 ParOldGen       total 43008K, used 23948K [0x0000000780000000, 0x0000000782a00000, 0x00000007aab00000)
  object space 43008K, 55% used [0x0000000780000000,0x0000000781763130,0x0000000782a00000)
 Metaspace       used 21529K, capacity 21819K, committed 22016K, reserved 1069056K
  class space    used 2115K, capacity 2204K, committed 2304K, reserved 1048576K
Event: 197.220 GC heap after
Heap after GC invocations=20 (full 1):
 PSYoungGen      total 136704K, used 96K [0x00000007aab00000, 0x00000007b6180000, 0x00000007c0000000)
  eden space 125952K, 0% used [0x00000007aab00000,0x00000007aab00000,0x00000007b2600000)
  from space 10752K, 0% used [0x00000007b4c80000,0x00000007b4c98000,0x00000007b5700000)
  to   space 10752K, 0% used [0x00000007b5700000,0x00000007b5700000,0x00000007b6180000)
 ParOldGen       total 43008K, used 23948K [0x0000000780000000, 0x0000000782a00000, 0x00000007aab00000)
  object space 43008K, 55% used [0x0000000780000000,0x0000000781763130,0x0000000782a00000)
 Metaspace       used 21529K, capacity 21819K, committed 22016K, reserved 1069056K
  class space    used 2115K, capacity 2204K, committed 2304K, reserved 1048576K
}
Event: 215.993 GC heap before
{Heap before GC invocations=21 (full 1):
 PSYoungGen      total 136704K, used 126048K [0x00000007aab00000, 0x00000007b6180000, 0x00000007c0000000)
  eden space 125952K, 100% used [0x00000007aab00000,0x00000007b2600000,0x00000007b2600000)
  from space 10752K, 0% used [0x00000007b4c80000,0x00000007b4c98000,0x00000007b5700000)
  to   space 10752K, 0% used [0x00000007b5700000,0x00000007b5700000,0x00000007b6180000)
 ParOldGen       total 43008K, used 23948K [0x0000000780000000, 0x0000000782a00000, 0x00000007aab00000)
  object space 43008K, 55% used [0x0000000780000000,0x0000000781763130,0x0000000782a00000)
 Metaspace       used 21529K, capacity 21819K, committed 22016K, reserved 1069056K
  class space    used 2115K, capacity 2204K, committed 2304K, reserved 1048576K
Event: 215.995 GC heap after
Heap after GC invocations=21 (full 1):
 PSYoungGen      total 121344K, used 128K [0x00000007aab00000, 0x00000007b5780000, 0x00000007c0000000)
  eden space 120832K, 0% used [0x00000007aab00000,0x00000007aab00000,0x00000007b2100000)
  from space 512K, 25% used [0x00000007b5700000,0x00000007b5720000,0x00000007b5780000)
  to   space 10240K, 0% used [0x00000007b4380000,0x00000007b4380000,0x00000007b4d80000)
 ParOldGen       total 43008K, used 23948K [0x0000000780000000, 0x0000000782a00000, 0x00000007aab00000)
  object space 43008K, 55% used [0x0000000780000000,0x0000000781763130,0x0000000782a00000)
 Metaspace       used 21529K, capacity 21819K, committed 22016K, reserved 1069056K
  class space    used 2115K, capacity 2204K, committed 2304K, reserved 1048576K
}
Event: 233.944 GC heap before
{Heap before GC invocations=22 (full 1):
 PSYoungGen      total 121344K, used 120960K [0x00000007aab00000, 0x00000007b5780000, 0x00000007c0000000)
  eden space 120832K, 100% used [0x00000007aab00000,0x00000007b2100000,0x00000007b2100000)
  from space 512K, 25% used [0x00000007b5700000,0x00000007b5720000,0x00000007b5780000)
  to   space 10240K, 0% used [0x00000007b4380000,0x00000007b4380000,0x00000007b4d80000)
 ParOldGen       total 43008K, used 23948K [0x0000000780000000, 0x0000000782a00000, 0x00000007aab00000)
  object space 43008K, 55% used [0x0000000780000000,0x0000000781763130,0x0000000782a00000)
 Metaspace       used 21529K, capacity 21819K, committed 22016K, reserved 1069056K
  class space    used 2115K, capacity 2204K, committed 2304K, reserved 1048576K
Event: 233.946 GC heap after
Heap after GC invocations=22 (full 1):
 PSYoungGen      total 125952K, used 128K [0x00000007aab00000, 0x00000007b5780000, 0x00000007c0000000)
  eden space 115712K, 0% used [0x00000007aab00000,0x00000007aab00000,0x00000007b1c00000)
  from space 10240K, 1% used [0x00000007b4380000,0x00000007b43a0000,0x00000007b4d80000)
  to   space 9728K, 0% used [0x00000007b4e00000,0x00000007b4e00000,0x00000007b5780000)
 ParOldGen       total 43008K, used 23948K [0x0000000780000000, 0x0000000782a00000, 0x00000007aab00000)
  object space 43008K, 55% used [0x0000000780000000,0x0000000781763130,0x0000000782a00000)
 Metaspace       used 21529K, capacity 21819K, committed 22016K, reserved 1069056K
  class space    used 2115K, capacity 2204K, committed 2304K, reserved 1048576K
}
Event: 251.211 GC heap before
{Heap before GC invocations=23 (full 1):
 PSYoungGen      total 125952K, used 115840K [0x00000007aab00000, 0x00000007b5780000, 0x00000007c0000000)
  eden space 115712K, 100% used [0x00000007aab00000,0x00000007b1c00000,0x00000007b1c00000)
  from space 10240K, 1% used [0x00000007b4380000,0x00000007b43a0000,0x00000007b4d80000)
  to   space 9728K, 0% used [0x00000007b4e00000,0x00000007b4e00000,0x00000007b5780000)
 ParOldGen       total 43008K, used 23948K [0x0000000780000000, 0x0000000782a00000, 0x00000007aab00000)
  object space 43008K, 55% used [0x0000000780000000,0x0000000781763130,0x0000000782a00000)
 Metaspace       used 21529K, capacity 21819K, committed 22016K, reserved 1069056K
  class space    used 2115K, capacity 2204K, committed 2304K, reserved 1048576K
Event: 251.213 GC heap after
Heap after GC invocations=23 (full 1):
 PSYoungGen      total 111616K, used 128K [0x00000007aab00000, 0x00000007b4e80000, 0x00000007c0000000)
  eden space 111104K, 0% used [0x00000007aab00000,0x00000007aab00000,0x00000007b1780000)
  from space 512K, 25% used [0x00000007b4e00000,0x00000007b4e20000,0x00000007b4e80000)
  to   space 9216K, 0% used [0x00000007b3c80000,0x00000007b3c80000,0x00000007b4580000)
 ParOldGen       total 43008K, used 23948K [0x0000000780000000, 0x0000000782a00000, 0x00000007aab00000)
  object space 43008K, 55% used [0x0000000780000000,0x0000000781763130,0x0000000782a00000)
 Metaspace       used 21529K, capacity 21819K, committed 22016K, reserved 1069056K
  class space    used 2115K, capacity 2204K, committed 2304K, reserved 1048576K
}

Deoptimization events (10 events):
Event: 265.408 Thread 0x00007fb21da52800 Uncommon trap: reason=unstable_if action=reinterpret pc=0x00000001121547d4 method=java.awt.Font.equals(Ljava/lang/Object;)Z @ 2
Event: 265.418 Thread 0x00007fb21da52800 Uncommon trap: reason=unstable_if action=reinterpret pc=0x0000000111f561a0 method=java.util.HashMap.removeNode(ILjava/lang/Object;Ljava/lang/Object;ZZ)Ljava/util/HashMap$Node; @ 46
Event: 265.444 Thread 0x00007fb21d931000 Uncommon trap: reason=unstable_if action=reinterpret pc=0x0000000111f00b28 method=java.util.HashMap.putVal(ILjava/lang/Object;Ljava/lang/Object;ZZ)Ljava/lang/Object; @ 81
Event: 265.444 Thread 0x00007fb21d931000 Uncommon trap: reason=unstable_if action=reinterpret pc=0x0000000111ef0000 method=java.util.HashMap.putVal(ILjava/lang/Object;Ljava/lang/Object;ZZ)Ljava/lang/Object; @ 81
Event: 265.445 Thread 0x00007fb21da52800 Uncommon trap: reason=class_check action=maybe_recompile pc=0x00000001123603dc method=java.awt.Component.getGraphics()Ljava/awt/Graphics; @ 114
Event: 265.450 Thread 0x00007fb21e1c3800 Uncommon trap: reason=class_check action=maybe_recompile pc=0x00000001121383c0 method=com.jogamp.common.util.RunnableTask.run()V @ 24
Event: 265.452 Thread 0x00007fb21e1c3800 Uncommon trap: reason=unstable_if action=reinterpret pc=0x00000001123572fc method=jogamp.nativewindow.macosx.OSXUtil.RunOnMainThread(ZZLjava/lang/Runnable;)V @ 3
Event: 265.460 Thread 0x00007fb21e465800 Uncommon trap: reason=unstable_if action=reinterpret pc=0x000000011236ab58 method=jogamp.opengl.GLContextImpl.release(Z)V @ 161
Event: 265.466 Thread 0x00007fb21e465800 Uncommon trap: reason=unstable_if action=reinterpret pc=0x000000011225c628 method=java.security.AccessControlContext.optimize()Ljava/security/AccessControlContext; @ 233
Event: 265.467 Thread 0x00007fb21e1c3800 Uncommon trap: reason=class_check action=maybe_recompile pc=0x00000001121383c0 method=com.jogamp.common.util.RunnableTask.run()V @ 24

Internal exceptions (10 events):
Event: 0.582 Thread 0x00007fb21e800800 Exception <a 'java/lang/NoSuchFieldError': method resolution failed> (0x00000007aacc89d8) thrown at [/Users/java_re/workspace/8-2-build-macosx-x86_64/jdk8u121/8372/hotspot/src/share/vm/prims/methodHandles.cpp, line 1146]
Event: 0.585 Thread 0x00007fb21e800800 Exception <a 'java/lang/NoSuchFieldError': method resolution failed> (0x00000007aacd61a8) thrown at [/Users/java_re/workspace/8-2-build-macosx-x86_64/jdk8u121/8372/hotspot/src/share/vm/prims/methodHandles.cpp, line 1146]
Event: 0.860 Thread 0x00007fb21e800800 Exception <a 'java/io/FileNotFoundException'> (0x00000007aad52d98) thrown at [/Users/java_re/workspace/8-2-build-macosx-x86_64/jdk8u121/8372/hotspot/src/share/vm/prims/jni.cpp, line 709]
Event: 0.861 Thread 0x00007fb21e800800 Exception <a 'java/io/FileNotFoundException'> (0x00000007aad538e8) thrown at [/Users/java_re/workspace/8-2-build-macosx-x86_64/jdk8u121/8372/hotspot/src/share/vm/prims/jni.cpp, line 709]
Event: 1.232 Thread 0x00007fb21e800800 Exception <a 'java/io/FileNotFoundException'> (0x00000007aae8c2b0) thrown at [/Users/java_re/workspace/8-2-build-macosx-x86_64/jdk8u121/8372/hotspot/src/share/vm/prims/jni.cpp, line 709]
Event: 4.650 Thread 0x00007fb21e807000 Exception <a 'java/lang/NullPointerException'> (0x00000007aab5a940) thrown at [/Users/java_re/workspace/8-2-build-macosx-x86_64/jdk8u121/8372/hotspot/src/share/vm/interpreter/linkResolver.cpp, line 1178]
Event: 4.825 Thread 0x00007fb21e466800 Exception <a 'java/lang/UnsatisfiedLinkError': com.jogamp.common.util.JarUtil.fixNativeLibAttribs(Ljava/lang/String;)Z> (0x00000007aaf9f428) thrown at [/Users/java_re/workspace/8-2-build-macosx-x86_64/jdk8u121/8372/hotspot/src/share/vm/prims/nativeLookup.
Event: 6.290 Thread 0x00007fb21e465800 Exception <a 'java/io/FileNotFoundException'> (0x00000007ab137018) thrown at [/Users/java_re/workspace/8-2-build-macosx-x86_64/jdk8u121/8372/hotspot/src/share/vm/prims/jni.cpp, line 709]
Event: 6.291 Thread 0x00007fb21e465800 Exception <a 'java/io/FileNotFoundException'> (0x00000007ab13d200) thrown at [/Users/java_re/workspace/8-2-build-macosx-x86_64/jdk8u121/8372/hotspot/src/share/vm/prims/jni.cpp, line 709]
Event: 6.291 Thread 0x00007fb21e465800 Implicit null exception at 0x0000000111c343f6 to 0x0000000111c347c5

Events (10 events):
Event: 265.466 Thread 0x00007fb21e465800 DEOPT PACKING pc=0x000000011225c628 sp=0x0000700004187b00
Event: 265.466 Thread 0x00007fb21e465800 DEOPT UNPACKING pc=0x0000000111a74229 sp=0x0000700004187ad0 mode 2
Event: 265.466 loading class java/awt/LightweightDispatcher$2
Event: 265.467 loading class java/awt/LightweightDispatcher$2 done
Event: 265.467 loading class java/awt/event/AWTEventListenerProxy
Event: 265.467 Thread 0x00007fb21e1c3800 Uncommon trap: trap_request=0xffffffde fr.pc=0x00000001121383c0
Event: 265.467 Thread 0x00007fb21e1c3800 DEOPT PACKING pc=0x00000001121383c0 sp=0x00007fff562b74b0
Event: 265.467 Thread 0x00007fb21e1c3800 DEOPT UNPACKING pc=0x0000000111a74229 sp=0x00007fff562b7458 mode 2
Event: 265.468 loading class java/awt/event/AWTEventListenerProxy done
Event: 265.468 loading class java/awt/Toolkit$ToolkitEventMulticaster


Dynamic libraries:
0x000000004c357000 	/System/Library/Frameworks/Cocoa.framework/Versions/A/Cocoa
0x000000004c357000 	/System/Library/Frameworks/Security.framework/Versions/A/Security
0x000000004c357000 	/System/Library/Frameworks/ApplicationServices.framework/Versions/A/ApplicationServices
0x000000004c357000 	/usr/lib/libz.1.dylib
0x000000004c357000 	/usr/lib/libSystem.B.dylib
0x000000004c357000 	/usr/lib/libobjc.A.dylib
0x000000004c357000 	/System/Library/Frameworks/CoreFoundation.framework/Versions/A/CoreFoundation
0x000000004c357000 	/System/Library/Frameworks/Foundation.framework/Versions/C/Foundation
0x000000004c357000 	/System/Library/Frameworks/AppKit.framework/Versions/C/AppKit
0x000000004c357000 	/System/Library/Frameworks/CoreData.framework/Versions/A/CoreData
0x000000004c357000 	/System/Library/PrivateFrameworks/RemoteViewServices.framework/Versions/A/RemoteViewServices
0x000000004c357000 	/System/Library/PrivateFrameworks/UIFoundation.framework/Versions/A/UIFoundation
0x000000004c357000 	/System/Library/PrivateFrameworks/DFRFoundation.framework/Versions/A/DFRFoundation
0x000000004c357000 	/usr/lib/libenergytrace.dylib
0x000000004c357000 	/System/Library/PrivateFrameworks/SkyLight.framework/Versions/A/SkyLight
0x000000004c357000 	/System/Library/Frameworks/CoreGraphics.framework/Versions/A/CoreGraphics
0x000000004c357000 	/usr/lib/libScreenReader.dylib
0x000000004c357000 	/System/Library/Frameworks/Accelerate.framework/Versions/A/Accelerate
0x000000004c357000 	/System/Library/Frameworks/IOSurface.framework/Versions/A/IOSurface
0x000000004c357000 	/System/Library/Frameworks/AudioToolbox.framework/Versions/A/AudioToolbox
0x000000004c357000 	/System/Library/Frameworks/AudioUnit.framework/Versions/A/AudioUnit
0x000000004c357000 	/System/Library/PrivateFrameworks/DataDetectorsCore.framework/Versions/A/DataDetectorsCore
0x000000004c357000 	/System/Library/PrivateFrameworks/DesktopServicesPriv.framework/Versions/A/DesktopServicesPriv
0x000000004c357000 	/System/Library/Frameworks/Carbon.framework/Versions/A/Frameworks/HIToolbox.framework/Versions/A/HIToolbox
0x000000004c357000 	/usr/lib/libicucore.A.dylib
0x000000004c357000 	/System/Library/Frameworks/QuartzCore.framework/Versions/A/QuartzCore
0x000000004c357000 	/System/Library/Frameworks/Carbon.framework/Versions/A/Frameworks/SpeechRecognition.framework/Versions/A/SpeechRecognition
0x000000004c357000 	/usr/lib/libauto.dylib
0x000000004c357000 	/usr/lib/libxml2.2.dylib
0x000000004c357000 	/System/Library/PrivateFrameworks/CoreUI.framework/Versions/A/CoreUI
0x000000004c357000 	/System/Library/Frameworks/CoreAudio.framework/Versions/A/CoreAudio
0x000000004c357000 	/System/Library/Frameworks/DiskArbitration.framework/Versions/A/DiskArbitration
0x000000004c357000 	/usr/lib/liblangid.dylib
0x000000004c357000 	/System/Library/PrivateFrameworks/MultitouchSupport.framework/Versions/A/MultitouchSupport
0x000000004c357000 	/System/Library/Frameworks/IOKit.framework/Versions/A/IOKit
0x000000004c357000 	/usr/lib/libDiagnosticMessagesClient.dylib
0x000000004c357000 	/System/Library/Frameworks/CoreServices.framework/Versions/A/CoreServices
0x000000004c357000 	/System/Library/PrivateFrameworks/PerformanceAnalysis.framework/Versions/A/PerformanceAnalysis
0x000000004c357000 	/System/Library/PrivateFrameworks/GenerationalStorage.framework/Versions/A/GenerationalStorage
0x000000004c357000 	/System/Library/Frameworks/OpenGL.framework/Versions/A/OpenGL
0x000000004c357000 	/System/Library/Frameworks/CoreImage.framework/Versions/A/CoreImage
0x000000004c357000 	/System/Library/Frameworks/CoreText.framework/Versions/A/CoreText
0x000000004c357000 	/System/Library/Frameworks/ImageIO.framework/Versions/A/ImageIO
0x000000004c357000 	/System/Library/PrivateFrameworks/Backup.framework/Versions/A/Backup
0x000000004c357000 	/usr/lib/libarchive.2.dylib
0x000000004c357000 	/System/Library/Frameworks/CFNetwork.framework/Versions/A/CFNetwork
0x000000004c357000 	/System/Library/Frameworks/SystemConfiguration.framework/Versions/A/SystemConfiguration
0x000000004c357000 	/usr/lib/libCRFSuite.dylib
0x000000004c357000 	/usr/lib/libc++.1.dylib
0x000000004c357000 	/usr/lib/libc++abi.dylib
0x000000004c357000 	/usr/lib/system/libcache.dylib
0x000000004c357000 	/usr/lib/system/libcommonCrypto.dylib
0x000000004c357000 	/usr/lib/system/libcompiler_rt.dylib
0x000000004c357000 	/usr/lib/system/libcopyfile.dylib
0x000000004c357000 	/usr/lib/system/libcorecrypto.dylib
0x000000004c357000 	/usr/lib/system/libdispatch.dylib
0x000000004c357000 	/usr/lib/system/libdyld.dylib
0x000000004c357000 	/usr/lib/system/libkeymgr.dylib
0x000000004c357000 	/usr/lib/system/liblaunch.dylib
0x000000004c357000 	/usr/lib/system/libmacho.dylib
0x000000004c357000 	/usr/lib/system/libquarantine.dylib
0x000000004c357000 	/usr/lib/system/libremovefile.dylib
0x000000004c357000 	/usr/lib/system/libsystem_asl.dylib
0x000000004c357000 	/usr/lib/system/libsystem_blocks.dylib
0x000000004c357000 	/usr/lib/system/libsystem_c.dylib
0x000000004c357000 	/usr/lib/system/libsystem_configuration.dylib
0x000000004c357000 	/usr/lib/system/libsystem_coreservices.dylib
0x000000004c357000 	/usr/lib/system/libsystem_coretls.dylib
0x000000004c357000 	/usr/lib/system/libsystem_dnssd.dylib
0x000000004c357000 	/usr/lib/system/libsystem_info.dylib
0x000000004c357000 	/usr/lib/system/libsystem_kernel.dylib
0x000000004c357000 	/usr/lib/system/libsystem_m.dylib
0x000000004c357000 	/usr/lib/system/libsystem_malloc.dylib
0x000000004c357000 	/usr/lib/system/libsystem_network.dylib
0x000000004c357000 	/usr/lib/system/libsystem_networkextension.dylib
0x000000004c357000 	/usr/lib/system/libsystem_notify.dylib
0x000000004c357000 	/usr/lib/system/libsystem_platform.dylib
0x000000004c357000 	/usr/lib/system/libsystem_pthread.dylib
0x000000004c357000 	/usr/lib/system/libsystem_sandbox.dylib
0x000000004c357000 	/usr/lib/system/libsystem_secinit.dylib
0x000000004c357000 	/usr/lib/system/libsystem_symptoms.dylib
0x000000004c357000 	/usr/lib/system/libsystem_trace.dylib
0x000000004c357000 	/usr/lib/system/libunwind.dylib
0x000000004c357000 	/usr/lib/system/libxpc.dylib
0x000000004c357000 	/usr/lib/libbsm.0.dylib
0x000000004c357000 	/usr/lib/system/libkxld.dylib
0x000000004c357000 	/usr/lib/libcoretls.dylib
0x000000004c357000 	/usr/lib/libcoretls_cfhelpers.dylib
0x000000004c357000 	/usr/lib/libOpenScriptingUtil.dylib
0x000000004c357000 	/usr/lib/libpam.2.dylib
0x000000004c357000 	/usr/lib/libsqlite3.dylib
0x000000004c357000 	/usr/lib/libxar.1.dylib
0x000000004c357000 	/usr/lib/libbz2.1.0.dylib
0x000000004c357000 	/usr/lib/liblzma.5.dylib
0x000000004c357000 	/usr/lib/libnetwork.dylib
0x000000004c357000 	/usr/lib/libpcap.A.dylib
0x000000004c357000 	/System/Library/Frameworks/CoreServices.framework/Versions/A/Frameworks/FSEvents.framework/Versions/A/FSEvents
0x000000004c357000 	/System/Library/Frameworks/CoreServices.framework/Versions/A/Frameworks/CarbonCore.framework/Versions/A/CarbonCore
0x000000004c357000 	/System/Library/Frameworks/CoreServices.framework/Versions/A/Frameworks/Metadata.framework/Versions/A/Metadata
0x000000004c357000 	/System/Library/Frameworks/CoreServices.framework/Versions/A/Frameworks/OSServices.framework/Versions/A/OSServices
0x000000004c357000 	/System/Library/Frameworks/CoreServices.framework/Versions/A/Frameworks/SearchKit.framework/Versions/A/SearchKit
0x000000004c357000 	/System/Library/Frameworks/CoreServices.framework/Versions/A/Frameworks/AE.framework/Versions/A/AE
0x000000004c357000 	/System/Library/Frameworks/CoreServices.framework/Versions/A/Frameworks/LaunchServices.framework/Versions/A/LaunchServices
0x000000004c357000 	/System/Library/Frameworks/CoreServices.framework/Versions/A/Frameworks/DictionaryServices.framework/Versions/A/DictionaryServices
0x000000004c357000 	/System/Library/Frameworks/CoreServices.framework/Versions/A/Frameworks/SharedFileList.framework/Versions/A/SharedFileList
0x000000004c357000 	/System/Library/Frameworks/NetFS.framework/Versions/A/NetFS
0x000000004c357000 	/System/Library/PrivateFrameworks/NetAuth.framework/Versions/A/NetAuth
0x000000004c357000 	/System/Library/PrivateFrameworks/login.framework/Versions/A/Frameworks/loginsupport.framework/Versions/A/loginsupport
0x000000004c357000 	/System/Library/PrivateFrameworks/TCC.framework/Versions/A/TCC
0x000000004c357000 	/usr/lib/libmecabra.dylib
0x000000004c357000 	/System/Library/Frameworks/ApplicationServices.framework/Versions/A/Frameworks/ATS.framework/Versions/A/ATS
0x000000004c357000 	/System/Library/Frameworks/ApplicationServices.framework/Versions/A/Frameworks/ColorSync.framework/Versions/A/ColorSync
0x000000004c357000 	/System/Library/Frameworks/ApplicationServices.framework/Versions/A/Frameworks/HIServices.framework/Versions/A/HIServices
0x000000004c357000 	/System/Library/Frameworks/ApplicationServices.framework/Versions/A/Frameworks/LangAnalysis.framework/Versions/A/LangAnalysis
0x000000004c357000 	/System/Library/Frameworks/ApplicationServices.framework/Versions/A/Frameworks/PrintCore.framework/Versions/A/PrintCore
0x000000004c357000 	/System/Library/Frameworks/ApplicationServices.framework/Versions/A/Frameworks/QD.framework/Versions/A/QD
0x000000004c357000 	/System/Library/Frameworks/ApplicationServices.framework/Versions/A/Frameworks/SpeechSynthesis.framework/Versions/A/SpeechSynthesis
0x000000004c357000 	/System/Library/Frameworks/Accelerate.framework/Versions/A/Frameworks/vImage.framework/Versions/A/vImage
0x000000004c357000 	/System/Library/Frameworks/Accelerate.framework/Versions/A/Frameworks/vecLib.framework/Versions/A/vecLib
0x000000004c357000 	/System/Library/Frameworks/Accelerate.framework/Versions/A/Frameworks/vecLib.framework/Versions/A/libvDSP.dylib
0x000000004c357000 	/System/Library/Frameworks/Accelerate.framework/Versions/A/Frameworks/vecLib.framework/Versions/A/libBNNS.dylib
0x000000004c357000 	/System/Library/Frameworks/Accelerate.framework/Versions/A/Frameworks/vecLib.framework/Versions/A/libQuadrature.dylib
0x000000004c357000 	/System/Library/Frameworks/Accelerate.framework/Versions/A/Frameworks/vecLib.framework/Versions/A/libvMisc.dylib
0x000000004c357000 	/System/Library/Frameworks/Accelerate.framework/Versions/A/Frameworks/vecLib.framework/Versions/A/libLAPACK.dylib
0x000000004c357000 	/System/Library/Frameworks/Accelerate.framework/Versions/A/Frameworks/vecLib.framework/Versions/A/libBLAS.dylib
0x000000004c357000 	/System/Library/Frameworks/Accelerate.framework/Versions/A/Frameworks/vecLib.framework/Versions/A/libLinearAlgebra.dylib
0x000000004c357000 	/System/Library/Frameworks/Accelerate.framework/Versions/A/Frameworks/vecLib.framework/Versions/A/libSparseBLAS.dylib
0x000000004c357000 	/System/Library/Frameworks/ApplicationServices.framework/Versions/A/Frameworks/ATS.framework/Versions/A/Resources/libFontParser.dylib
0x000000004c357000 	/System/Library/Frameworks/ApplicationServices.framework/Versions/A/Frameworks/ATS.framework/Versions/A/Resources/libFontRegistry.dylib
0x000000004c357000 	/System/Library/Frameworks/ImageIO.framework/Versions/A/Resources/libJPEG.dylib
0x000000004c357000 	/System/Library/Frameworks/ImageIO.framework/Versions/A/Resources/libTIFF.dylib
0x000000004c357000 	/System/Library/Frameworks/ImageIO.framework/Versions/A/Resources/libPng.dylib
0x000000004c357000 	/System/Library/Frameworks/ImageIO.framework/Versions/A/Resources/libGIF.dylib
0x000000004c357000 	/System/Library/Frameworks/ImageIO.framework/Versions/A/Resources/libJP2.dylib
0x000000004c357000 	/System/Library/Frameworks/ImageIO.framework/Versions/A/Resources/libRadiance.dylib
0x000000004c357000 	/usr/lib/libcompression.dylib
0x000000004c357000 	/System/Library/PrivateFrameworks/AppleJPEG.framework/Versions/A/AppleJPEG
0x000000004c357000 	/usr/lib/libcups.2.dylib
0x000000004c357000 	/System/Library/Frameworks/Kerberos.framework/Versions/A/Kerberos
0x000000004c357000 	/System/Library/Frameworks/GSS.framework/Versions/A/GSS
0x000000004c357000 	/usr/lib/libresolv.9.dylib
0x000000004c357000 	/usr/lib/libiconv.2.dylib
0x000000004c357000 	/System/Library/PrivateFrameworks/Heimdal.framework/Versions/A/Heimdal
0x000000004c357000 	/usr/lib/libheimdal-asn1.dylib
0x000000004c357000 	/System/Library/Frameworks/OpenDirectory.framework/Versions/A/OpenDirectory
0x000000004c357000 	/System/Library/PrivateFrameworks/CommonAuth.framework/Versions/A/CommonAuth
0x000000004c357000 	/System/Library/Frameworks/OpenDirectory.framework/Versions/A/Frameworks/CFOpenDirectory.framework/Versions/A/CFOpenDirectory
0x000000004c357000 	/System/Library/Frameworks/SecurityFoundation.framework/Versions/A/SecurityFoundation
0x000000004c357000 	/System/Library/PrivateFrameworks/LanguageModeling.framework/Versions/A/LanguageModeling
0x000000004c357000 	/usr/lib/libmarisa.dylib
0x000000004c357000 	/usr/lib/libChineseTokenizer.dylib
0x000000004c357000 	/usr/lib/libcmph.dylib
0x000000004c357000 	/System/Library/PrivateFrameworks/CoreEmoji.framework/Versions/A/CoreEmoji
0x000000004c357000 	/System/Library/Frameworks/ServiceManagement.framework/Versions/A/ServiceManagement
0x000000004c357000 	/usr/lib/libxslt.1.dylib
0x000000004c357000 	/System/Library/Frameworks/Carbon.framework/Versions/A/Frameworks/Ink.framework/Versions/A/Ink
0x000000004c357000 	/System/Library/PrivateFrameworks/TextureIO.framework/Versions/A/TextureIO
0x000000004c357000 	/System/Library/Frameworks/Metal.framework/Versions/A/Metal
0x000000004c357000 	/usr/lib/libate.dylib
0x000000004c357000 	/System/Library/PrivateFrameworks/GPUCompiler.framework/libmetal_timestamp.dylib
0x000000004c357000 	/System/Library/Frameworks/OpenGL.framework/Versions/A/Libraries/libCoreFSCache.dylib
0x000000004c357000 	/System/Library/PrivateFrameworks/IOAccelerator.framework/Versions/A/IOAccelerator
0x000000004c357000 	/System/Library/Frameworks/CoreVideo.framework/Versions/A/CoreVideo
0x000000004c357000 	/usr/lib/libFosl_dynamic.dylib
0x000000004c357000 	/System/Library/PrivateFrameworks/MetalPerformanceShaders.framework/Versions/A/MetalPerformanceShaders
0x000000004c357000 	/System/Library/PrivateFrameworks/FaceCore.framework/Versions/A/FaceCore
0x000000004c357000 	/System/Library/Frameworks/OpenCL.framework/Versions/A/OpenCL
0x000000004c357000 	/System/Library/Frameworks/OpenGL.framework/Versions/A/Libraries/libGLU.dylib
0x000000004c357000 	/System/Library/Frameworks/OpenGL.framework/Versions/A/Libraries/libGFXShared.dylib
0x000000004c357000 	/System/Library/Frameworks/OpenGL.framework/Versions/A/Libraries/libGL.dylib
0x000000004c357000 	/System/Library/Frameworks/OpenGL.framework/Versions/A/Libraries/libGLImage.dylib
0x000000004c357000 	/System/Library/Frameworks/OpenGL.framework/Versions/A/Libraries/libCVMSPluginSupport.dylib
0x000000004c357000 	/System/Library/Frameworks/OpenGL.framework/Versions/A/Libraries/libCoreVMClient.dylib
0x000000004c357000 	/System/Library/PrivateFrameworks/CrashReporterSupport.framework/Versions/A/CrashReporterSupport
0x000000004c357000 	/System/Library/PrivateFrameworks/Sharing.framework/Versions/A/Sharing
0x000000004c357000 	/System/Library/PrivateFrameworks/IconServices.framework/Versions/A/IconServices
0x000000004c357000 	/System/Library/PrivateFrameworks/ProtocolBuffer.framework/Versions/A/ProtocolBuffer
0x000000004c357000 	/System/Library/PrivateFrameworks/Apple80211.framework/Versions/A/Apple80211
0x000000004c357000 	/System/Library/Frameworks/CoreWLAN.framework/Versions/A/CoreWLAN
0x000000004c357000 	/System/Library/PrivateFrameworks/CoreUtils.framework/Versions/A/CoreUtils
0x000000004c357000 	/System/Library/Frameworks/IOBluetooth.framework/Versions/A/IOBluetooth
0x000000004c357000 	/System/Library/PrivateFrameworks/CoreWiFi.framework/Versions/A/CoreWiFi
0x000000004c357000 	/System/Library/Frameworks/CoreBluetooth.framework/Versions/A/CoreBluetooth
0x000000004c357000 	/System/Library/Frameworks/CoreDisplay.framework/Versions/A/CoreDisplay
0x000000004c357000 	/System/Library/PrivateFrameworks/IOPresentment.framework/Versions/A/IOPresentment
0x000000004c357000 	/System/Library/PrivateFrameworks/DSExternalDisplay.framework/Versions/A/DSExternalDisplay
0x000000004c357000 	/System/Library/PrivateFrameworks/DebugSymbols.framework/Versions/A/DebugSymbols
0x000000004c357000 	/System/Library/PrivateFrameworks/CoreSymbolication.framework/Versions/A/CoreSymbolication
0x000000004c357000 	/System/Library/PrivateFrameworks/Symbolication.framework/Versions/A/Symbolication
0x000000004c357000 	/System/Library/PrivateFrameworks/AppleFSCompression.framework/Versions/A/AppleFSCompression
0x000000004c357000 	/System/Library/PrivateFrameworks/SpeechRecognitionCore.framework/Versions/A/SpeechRecognitionCore
0x000000004c357000 	/System/Library/PrivateFrameworks/ChunkingLibrary.framework/Versions/A/ChunkingLibrary
0x000000010a200000 	/Library/Java/JavaVirtualMachines/jdk1.8.0_121.jdk/Contents/Home/jre/lib/server/libjvm.dylib
0x000000004c357000 	/usr/lib/libstdc++.6.dylib
0x00000001099c1000 	/Library/Java/JavaVirtualMachines/jdk1.8.0_121.jdk/Contents/Home/jre/lib/libverify.dylib
0x000000010b1a2000 	/Library/Java/JavaVirtualMachines/jdk1.8.0_121.jdk/Contents/Home/jre/lib/libjava.dylib
0x00000001099d9000 	/Library/Java/JavaVirtualMachines/jdk1.8.0_121.jdk/Contents/Home/jre/lib/libzip.dylib
0x000000010f5bd000 	/System/Library/Frameworks/JavaVM.framework/Frameworks/JavaRuntimeSupport.framework/JavaRuntimeSupport
0x000000010f5d7000 	/System/Library/Frameworks/JavaVM.framework/Versions/A/Frameworks/JavaNativeFoundation.framework/Versions/A/JavaNativeFoundation
0x000000010f5ec000 	/System/Library/Frameworks/JavaVM.framework/Versions/A/JavaVM
0x000000004c357000 	/System/Library/Frameworks/Carbon.framework/Versions/A/Carbon
0x000000010f5f9000 	/System/Library/PrivateFrameworks/JavaLaunching.framework/Versions/A/JavaLaunching
0x000000004c357000 	/System/Library/Frameworks/Carbon.framework/Versions/A/Frameworks/CommonPanels.framework/Versions/A/CommonPanels
0x000000004c357000 	/System/Library/Frameworks/Carbon.framework/Versions/A/Frameworks/Help.framework/Versions/A/Help
0x000000004c357000 	/System/Library/Frameworks/Carbon.framework/Versions/A/Frameworks/ImageCapture.framework/Versions/A/ImageCapture
0x000000004c357000 	/System/Library/Frameworks/Carbon.framework/Versions/A/Frameworks/OpenScripting.framework/Versions/A/OpenScripting
0x000000004c357000 	/System/Library/Frameworks/Carbon.framework/Versions/A/Frameworks/Print.framework/Versions/A/Print
0x000000004c357000 	/System/Library/Frameworks/Carbon.framework/Versions/A/Frameworks/SecurityHI.framework/Versions/A/SecurityHI
0x0000000110f05000 	/Library/Java/JavaVirtualMachines/jdk1.8.0_121.jdk/Contents/Home/jre/lib/libawt.dylib
0x0000000110fad000 	/Library/Java/JavaVirtualMachines/jdk1.8.0_121.jdk/Contents/Home/jre/lib/./libmlib_image.dylib
0x0000000111079000 	/Library/Java/JavaVirtualMachines/jdk1.8.0_121.jdk/Contents/Home/jre/lib/libawt_lwawt.dylib
0x0000000111130000 	/Library/Java/JavaVirtualMachines/jdk1.8.0_121.jdk/Contents/Home/jre/lib/./libosxapp.dylib
0x000000004c357000 	/System/Library/Frameworks/ExceptionHandling.framework/Versions/A/ExceptionHandling
0x000000004c357000 	/System/Library/PrivateFrameworks/CoreServicesInternal.framework/Versions/A/CoreServicesInternal
0x000000004c357000 	/System/Library/CoreServices/RawCamera.bundle/Contents/MacOS/RawCamera
0x000000004c357000 	/System/Library/Frameworks/Accelerate.framework/Versions/A/Frameworks/vImage.framework/Versions/A/Libraries/libCGInterfaces.dylib
0x000000004c357000 	/System/Library/Frameworks/ApplicationServices.framework/Versions/A/Frameworks/ATS.framework/Versions/A/Resources/libTrueTypeScaler.dylib
0x0000000121d01000 	/System/Library/Frameworks/OpenGL.framework/Resources/GLEngine.bundle/GLEngine
0x000000004c357000 	/System/Library/Frameworks/OpenGL.framework/Versions/A/Libraries/libGLProgrammability.dylib
0x0000000121ee6000 	/System/Library/Extensions/AppleIntelHD5000GraphicsGLDriver.bundle/Contents/MacOS/AppleIntelHD5000GraphicsGLDriver
0x000000004c357000 	/System/Library/PrivateFrameworks/GPUSupport.framework/Versions/A/Libraries/libGPUSupportMercury.dylib
0x0000000122654000 	/System/Library/Frameworks/OpenGL.framework/Resources//GLRendererFloat.bundle/GLRendererFloat
0x000000004c357000 	/System/Library/Frameworks/OpenCL.framework/Versions/A/Libraries/libcldcpuengine.dylib
0x000000004c357000 	/usr/lib/libcrypto.0.9.8.dylib
0x000000004c357000 	/System/Library/PrivateFrameworks/TrustEvaluationAgent.framework/Versions/A/TrustEvaluationAgent
0x0000000122688000 	/System/Library/Extensions/AppleIntelHD5000GraphicsMTLDriver.bundle/Contents/MacOS/AppleIntelHD5000GraphicsMTLDriver
0x000000004c357000 	/System/Library/PrivateFrameworks/FamilyControls.framework/Versions/A/FamilyControls
0x000000004c357000 	/System/Library/PrivateFrameworks/CommerceKit.framework/Versions/A/Frameworks/CommerceCore.framework/Versions/A/CommerceCore
0x000000004c357000 	/System/Library/PrivateFrameworks/SystemAdministration.framework/Versions/A/SystemAdministration
0x000000004c357000 	/System/Library/PrivateFrameworks/AppContainer.framework/Versions/A/AppContainer
0x000000004c357000 	/System/Library/PrivateFrameworks/SecCodeWrapper.framework/Versions/A/SecCodeWrapper
0x000000004c357000 	/System/Library/Frameworks/DirectoryService.framework/Versions/A/DirectoryService
0x000000004c357000 	/System/Library/PrivateFrameworks/DiskImages.framework/Versions/A/DiskImages
0x000000004c357000 	/System/Library/PrivateFrameworks/LoginUIKit.framework/Versions/A/Frameworks/LoginUICore.framework/Versions/A/LoginUICore
0x000000004c357000 	/usr/lib/libCoreStorage.dylib
0x000000004c357000 	/usr/lib/libcsfde.dylib
0x000000004c357000 	/usr/lib/libodfde.dylib
0x000000004c357000 	/System/Library/Frameworks/DiscRecording.framework/Versions/A/DiscRecording
0x000000004c357000 	/usr/lib/libcurl.4.dylib
0x000000004c357000 	/System/Library/PrivateFrameworks/MediaKit.framework/Versions/A/MediaKit
0x000000004c357000 	/System/Library/PrivateFrameworks/ProtectedCloudStorage.framework/Versions/A/ProtectedCloudStorage
0x000000004c357000 	/System/Library/PrivateFrameworks/EFILogin.framework/Versions/A/EFILogin
0x000000004c357000 	/usr/lib/libutil.dylib
0x000000004c357000 	/System/Library/Frameworks/LDAP.framework/Versions/A/LDAP
0x000000004c357000 	/usr/lib/libsasl2.2.dylib
0x000000004c357000 	/System/Library/PrivateFrameworks/CoreDaemon.framework/Versions/B/CoreDaemon
0x000000004c357000 	/System/Library/PrivateFrameworks/AppleSRP.framework/Versions/A/AppleSRP
0x000000004c357000 	/System/Library/PrivateFrameworks/APFS.framework/Versions/A/APFS
0x0000000124264000 	/Library/Java/JavaVirtualMachines/jdk1.8.0_121.jdk/Contents/Home/jre/lib/libfontmanager.dylib
0x000000004c357000 	/System/Library/PrivateFrameworks/ViewBridge.framework/Versions/A/ViewBridge
0x000000004c357000 	/System/Library/PrivateFrameworks/XPCService.framework/Versions/A/XPCService
0x000000004c357000 	/System/Library/PrivateFrameworks/AppSandbox.framework/Versions/A/AppSandbox
0x000000004c357000 	/usr/lib/libsandbox.1.dylib
0x000000004c357000 	/usr/lib/libMatch.1.dylib
0x000000012565f000 	/Library/Java/JavaVirtualMachines/jdk1.8.0_121.jdk/Contents/Home/jre/lib/libosxui.dylib
0x000000012621c000 	/Library/Java/JavaVirtualMachines/jdk1.8.0_121.jdk/Contents/Home/jre/lib/libnet.dylib
0x0000000126233000 	/Library/Java/JavaVirtualMachines/jdk1.8.0_121.jdk/Contents/Home/jre/lib/libnio.dylib
0x000000012536e000 	/private/var/folders/z5/dkh_k18x6bn8z6w6jj1k7pqm0000gn/T/jogamp_0000/file_cache/jln2374540994995161438/jln5731151927544905303/libgluegen-rt.jnilib
0x00000001261cb000 	/private/var/folders/z5/dkh_k18x6bn8z6w6jj1k7pqm0000gn/T/jogamp_0000/file_cache/jln2374540994995161438/jln5731151927544905303/libnativewindow_awt.jnilib
0x000000018e7dc000 	/Library/Java/JavaVirtualMachines/jdk1.8.0_121.jdk/Contents/Home/jre/lib/libjawt.dylib
0x000000018e7df000 	/private/var/folders/z5/dkh_k18x6bn8z6w6jj1k7pqm0000gn/T/jogamp_0000/file_cache/jln2374540994995161438/jln5731151927544905303/libnativewindow_macosx.jnilib
0x00000001905f3000 	/private/var/folders/z5/dkh_k18x6bn8z6w6jj1k7pqm0000gn/T/jogamp_0000/file_cache/jln2374540994995161438/jln5731151927544905303/libjogl_desktop.jnilib
0x0000000192a0b000 	/Library/Java/JavaVirtualMachines/jdk1.8.0_121.jdk/Contents/Home/jre/lib/libt2k.dylib

VM Arguments:
jvm_args: -Djava.security.policy=java.policy.applet -Dfile.encoding=MacRoman 
java_command: sun.applet.AppletViewer module6.EarthquakeCityMap1523913343009.html
java_class_path (initial): /Users/Mac/Documents/workspace/UCSDUnfoldingMaps/build:/Users/Mac/Documents/workspace/UCSDUnfoldingMaps/lib/core.jar:/Users/Mac/Documents/workspace/UCSDUnfoldingMaps/lib/gluegen-rt.jar:/Users/Mac/Documents/workspace/UCSDUnfoldingMaps/lib/jogl-all.jar:/Users/Mac/Documents/workspace/UCSDUnfoldingMaps/lib/log4j-1.2.15.jar:/Users/Mac/Documents/workspace/UCSDUnfoldingMaps/lib/sqlite-jdbc-3.7.2.jar:/Users/Mac/Documents/workspace/UCSDUnfoldingMaps/lib/json4processing.jar:/Users/Mac/Documents/workspace/UCSDUnfoldingMaps/lib/libTUIO.jar:/Users/Mac/Documents/workspace/UCSDUnfoldingMaps/lib/unfolding.0.9.7-uscd.jar
Launcher Type: SUN_STANDARD

Environment Variables:
PATH=/Library/Frameworks/Python.framework/Versions/3.6/bin:/usr/local/bin:/usr/bin:/bin:/usr/sbin:/sbin:/opt/X11/bin:/Library/Frameworks/Mono.framework/Versions/Current/Commands:/Library/TeX/texbin
SHELL=/bin/bash
DISPLAY=/private/tmp/com.apple.launchd.BfoSnAz3r8/org.macosforge.xquartz:0

Signal Handlers:
SIGSEGV: [libjvm.dylib+0x5b1141], sa_mask[0]=11111111011111110111111111111111, sa_flags=SA_ONSTACK|SA_RESTART|SA_SIGINFO
SIGBUS: [libjvm.dylib+0x5b1141], sa_mask[0]=11111111011111110111111111111111, sa_flags=SA_RESTART|SA_SIGINFO
SIGFPE: [libjvm.dylib+0x487bc4], sa_mask[0]=11111111011111110111111111111111, sa_flags=SA_RESTART|SA_SIGINFO
SIGPIPE: [libjvm.dylib+0x487bc4], sa_mask[0]=11111111011111110111111111111111, sa_flags=SA_RESTART|SA_SIGINFO
SIGXFSZ: [libjvm.dylib+0x487bc4], sa_mask[0]=11111111011111110111111111111111, sa_flags=SA_RESTART|SA_SIGINFO
SIGILL: [libjvm.dylib+0x487bc4], sa_mask[0]=11111111011111110111111111111111, sa_flags=SA_RESTART|SA_SIGINFO
SIGUSR1: SIG_DFL, sa_mask[0]=11011111011111100000000111000110, sa_flags=none
SIGUSR2: [libjvm.dylib+0x4876e2], sa_mask[0]=00100000000000000000000000000000, sa_flags=SA_RESTART|SA_SIGINFO
SIGHUP: [libjvm.dylib+0x485cb9], sa_mask[0]=11111111011111110111111111111111, sa_flags=SA_RESTART|SA_SIGINFO
SIGINT: [libjvm.dylib+0x485cb9], sa_mask[0]=11111111011111110111111111111111, sa_flags=SA_RESTART|SA_SIGINFO
SIGTERM: [libjvm.dylib+0x485cb9], sa_mask[0]=11111111011111110111111111111111, sa_flags=SA_RESTART|SA_SIGINFO
SIGQUIT: [libjvm.dylib+0x485cb9], sa_mask[0]=11111111011111110111111111111111, sa_flags=SA_RESTART|SA_SIGINFO


---------------  S Y S T E M  ---------------

OS:Bsduname:Darwin 16.7.0 Darwin Kernel Version 16.7.0: Thu Jan 11 22:59:40 PST 2018; root:xnu-3789.73.8~1/RELEASE_X86_64 x86_64
rlimit: STACK 8192k, CORE 0k, NPROC 709, NOFILE 10240, AS infinity
load average:3.06 2.98 3.46

CPU:total 4 (2 cores per cpu, 2 threads per core) family 6 model 69 stepping 1, cmov, cx8, fxsr, mmx, sse, sse2, sse3, ssse3, sse4.1, sse4.2, popcnt, avx, avx2, aes, clmul, erms, lzcnt, ht, tsc, tscinvbit, bmi1, bmi2

Memory: 4k page, physical 4194304k(93008k free)

/proc/meminfo:


vm_info: Java HotSpot(TM) 64-Bit Server VM (25.121-b13) for bsd-amd64 JRE (1.8.0_121-b13), built on Dec 12 2016 20:39:32 by "java_re" with gcc 4.2.1 (Based on Apple Inc. build 5658) (LLVM build 2336.11.00)

time: Mon Apr 16 14:20:08 2018
elapsed time: 265 seconds (0d 0h 4m 25s)

