#
# A fatal error has been detected by the Java Runtime Environment:
#
#  SIGSEGV (0xb) at pc=0x00007fffd65ee05d, pid=12821, tid=0x0000000000000307
#
# JRE version: Java(TM) SE Runtime Environment (8.0_121-b13) (build 1.8.0_121-b13)
# Java VM: Java HotSpot(TM) 64-Bit Server VM (25.121-b13 mixed mode bsd-amd64 compressed oops)
# Problematic frame:
# C  [libobjc.A.dylib+0x705d]  objc_msgSend+0x1d
#
# Failed to write core dump. Core dumps have been disabled. To enable core dumping, try "ulimit -c unlimited" before starting Java again
#
# If you would like to submit a bug report, please visit:
#   http://bugreport.java.com/bugreport/crash.jsp
# The crash happened outside the Java Virtual Machine in native code.
# See problematic frame for where to report the bug.
#

---------------  T H R E A D  ---------------

Current thread (0x00007f873387e800):  JavaThread "AWT-AppKit" daemon [_thread_in_native, id=775, stack(0x00007fff5504f000,0x00007fff5584f000)]

siginfo: si_signo: 11 (SIGSEGV), si_code: 1 (SEGV_MAPERR), si_addr: 0x0000000000000018

Registers:
RAX=0x00007f8737407e60, RBX=0x000000018f258450, RCX=0x00007f8735200330, RDX=0x0000000000000000
RSP=0x00007fff5584a148, RBP=0x00007fff5584a200, RSI=0x00007fffbfe75116, RDI=0x00007f8737007bf0
R8 =0x0000000000000018, R9 =0x00007f87352007f0, R10=0x0000000000000000, R11=0x00007fffbfe75116
R12=0x0000000000000000, R13=0x0000000190f58b20, R14=0x000000018f258440, R15=0x00007f873387e800
RIP=0x00007fffd65ee05d, EFLAGS=0x0000000000010246, ERR=0x0000000000000004
  TRAPNO=0x000000000000000e

Top of Stack: (sp=0x00007fff5584a148)
0x00007fff5584a148:   000000018f256157 00007fff5584a1a0
0x00007fff5584a158:   0000000000000003 00007fff5584a180
0x00007fff5584a168:   000000010aff2c62 0000000190f58b20
0x00007fff5584a178:   0000000190f58b20 00007f8737407e60
0x00007fff5584a188:   000000018f2586a0 000000018f258710
0x00007fff5584a198:   00007fffdc6546d0 00007fffdd2841e0
0x00007fff5584a1a8:   000000018f258450 000000018f258690
0x00007fff5584a1b8:   00007f8737407e60 00007f8737007bf0
0x00007fff5584a1c8:   00007f8732e993a0 00007f8737407e60
0x00007fff5584a1d8:   00007f8737007bf0 00007fff5584a288
0x00007fff5584a1e8:   00007f873387e9f8 0000000190f58b20
0x00007fff5584a1f8:   00007fff5584a2b0 00007fff5584a278
0x00007fff5584a208:   0000000111aaf9f4 0000000190f58b20
0x00007fff5584a218:   00007fff5584a2b0 00007fff5584a278
0x00007fff5584a228:   0000000111aaf787 0000000111aaf742
0x00007fff5584a238:   00007fff5584a238 0000000190f58b20
0x00007fff5584a248:   00007fff5584a2b0 0000000190f5b758
0x00007fff5584a258:   0000000000000000 0000000190f58b20
0x00007fff5584a268:   0000000000000000 00007fff5584a298
0x00007fff5584a278:   00007fff5584a2f8 0000000111aa02bd
0x00007fff5584a288:   0000000780c80790 0000000111aa9538
0x00007fff5584a298:   00007f8737407e60 00007fff5584a2f8
0x00007fff5584a2a8:   00007f8737007bf0 0000000111aaae02
0x00007fff5584a2b8:   00007fff5584a2b8 0000000190f58cea
0x00007fff5584a2c8:   00007fff5584a320 0000000190f5b758
0x00007fff5584a2d8:   0000000000000000 0000000190f58cf8
0x00007fff5584a2e8:   00007fff5584a298 00007fff5584a308
0x00007fff5584a2f8:   00007fff5584a368 0000000111aa02bd
0x00007fff5584a308:   00007f8737407e60 0000000780c9ae60
0x00007fff5584a318:   00007f8737007bf0 0000000780c9ae60
0x00007fff5584a328:   00007fff5584a328 0000000197273196
0x00007fff5584a338:   00007fff5584a378 0000000197273250 

Instructions: (pc=0x00007fffd65ee05d)
0x00007fffd65ee03d:   0f 1f 00 48 85 ff 2e 74 62 40 f6 c7 01 2e 75 66
0x00007fffd65ee04d:   49 ba f8 ff ff ff ff 7f 00 00 4c 23 17 49 89 f3
0x00007fffd65ee05d:   45 23 5a 18 49 c1 e3 04 4d 03 5a 10 49 3b 33 75
0x00007fffd65ee06d:   04 41 ff 63 08 49 83 3b 01 76 0d 49 83 c3 10 49 

Register to memory mapping:

RAX=0x00007f8737407e60 is an unknown value
RBX=0x000000018f258450: Java_jogamp_nativewindow_macosx_OSXUtil_GetScreenRefreshRate0+0x1cf0 in /private/var/folders/z5/dkh_k18x6bn8z6w6jj1k7pqm0000gn/T/jogamp_0000/file_cache/jln6177460355890736986/jln2566147831647136437/libnativewindow_macosx.jnilib at 0x000000018f251000
RCX=0x00007f8735200330 is an unknown value
RDX=0x0000000000000000 is an unknown value
RSP=0x00007fff5584a148 is pointing into the stack for thread: 0x00007f873387e800
RBP=0x00007fff5584a200 is pointing into the stack for thread: 0x00007f873387e800
RSI=0x00007fffbfe75116: __NSStyleNameIndexTable+0x7fd5e in /System/Library/Frameworks/AppKit.framework/Versions/C/AppKit at 0x00007fffbf208000
RDI=0x00007f8737007bf0 is an unknown value
R8 =0x0000000000000018 is an unknown value
R9 =0x00007f87352007f0 is an unknown value
R10=0x0000000000000000 is an unknown value
R11=0x00007fffbfe75116: __NSStyleNameIndexTable+0x7fd5e in /System/Library/Frameworks/AppKit.framework/Versions/C/AppKit at 0x00007fffbf208000
R12=0x0000000000000000 is an unknown value
R13={method} {0x0000000190f58b20} 'UnsetJAWTRootSurfaceLayer0' '(JJ)V' in 'jogamp/nativewindow/jawt/macosx/MacOSXJAWTWindow'
R14=0x000000018f258440: Java_jogamp_nativewindow_macosx_OSXUtil_GetScreenRefreshRate0+0x1ce0 in /private/var/folders/z5/dkh_k18x6bn8z6w6jj1k7pqm0000gn/T/jogamp_0000/file_cache/jln6177460355890736986/jln2566147831647136437/libnativewindow_macosx.jnilib at 0x000000018f251000
R15=0x00007f873387e800 is a thread


Stack: [0x00007fff5504f000,0x00007fff5584f000],  sp=0x00007fff5584a148,  free space=8172k
Native frames: (J=compiled Java code, j=interpreted, Vv=VM code, C=native code)
C  [libobjc.A.dylib+0x705d]  objc_msgSend+0x1d
j  jogamp.nativewindow.jawt.macosx.MacOSXJAWTWindow.UnsetJAWTRootSurfaceLayer0(JJ)V+0
j  jogamp.nativewindow.jawt.macosx.MacOSXJAWTWindow.access$200(JJ)V+2
j  jogamp.nativewindow.jawt.macosx.MacOSXJAWTWindow$1.run()V+38
J 3219 C1 com.jogamp.common.util.RunnableTask.run()V (345 bytes) @ 0x0000000112058db4 [0x0000000112058c20+0x194]
v  ~StubRoutines::call_stub
V  [libjvm.dylib+0x2ed9d6]
V  [libjvm.dylib+0x324b65]
V  [libjvm.dylib+0x317333]
C  [libnativewindow_macosx.jnilib+0x5326]  Java_jogamp_nativewindow_jawt_macosx_MacOSXJAWTWindow_UnsetJAWTRootSurfaceLayer0+0x2b6
C  [Foundation+0x7152a]  __NSThreadPerformPerform+0x146
C  [CoreFoundation+0xa7321]  __CFRUNLOOP_IS_CALLING_OUT_TO_A_SOURCE0_PERFORM_FUNCTION__+0x11
C  [CoreFoundation+0x88197]  __CFRunLoopDoSources0+0x1a7
C  [CoreFoundation+0x87716]  __CFRunLoopRun+0x3a6
C  [CoreFoundation+0x87114]  CFRunLoopRunSpecific+0x1a4
C  [HIToolbox+0x30ebc]  RunCurrentEventLoopInMode+0xf0
C  [HIToolbox+0x30bf9]  ReceiveNextEventCommon+0xb8
C  [HIToolbox+0x30b26]  _BlockUntilNextEventMatchingListInModeWithFilter+0x47
C  [AppKit+0x46a54]  _DPSNextEvent+0x460
C  [AppKit+0x7c27ee]  -[NSApplication(NSEvent) _nextEventMatchingEventMask:untilDate:inMode:dequeue:]+0xaec
C  [libosxapp.dylib+0x23aa]  -[NSApplicationAWT nextEventMatchingMask:untilDate:inMode:dequeue:]+0x7c
C  [AppKit+0x3b3db]  -[NSApplication run]+0x39e
C  [libosxapp.dylib+0x214d]  +[NSApplicationAWT runAWTLoopWithApp:]+0x9c
C  [libawt_lwawt.dylib+0x45ff7]  -[AWTStarter starter:]+0x389
C  [Foundation+0x7152a]  __NSThreadPerformPerform+0x146
C  [CoreFoundation+0xa7321]  __CFRUNLOOP_IS_CALLING_OUT_TO_A_SOURCE0_PERFORM_FUNCTION__+0x11
C  [CoreFoundation+0x8821d]  __CFRunLoopDoSources0+0x22d
C  [CoreFoundation+0x87716]  __CFRunLoopRun+0x3a6
C  [CoreFoundation+0x87114]  CFRunLoopRunSpecific+0x1a4
C  [java+0x6465]  CreateExecutionEnvironment+0x367
C  [java+0x218c]  JLI_Launch+0x7a0
C  [java+0x84c2]  main+0x65
C  [java+0x19e4]  start+0x34
C  0x0000000000000007

Java frames: (J=compiled Java code, j=interpreted, Vv=VM code)
j  jogamp.nativewindow.jawt.macosx.MacOSXJAWTWindow.UnsetJAWTRootSurfaceLayer0(JJ)V+0
j  jogamp.nativewindow.jawt.macosx.MacOSXJAWTWindow.access$200(JJ)V+2
j  jogamp.nativewindow.jawt.macosx.MacOSXJAWTWindow$1.run()V+38
J 3219 C1 com.jogamp.common.util.RunnableTask.run()V (345 bytes) @ 0x0000000112058db4 [0x0000000112058c20+0x194]
v  ~StubRoutines::call_stub

---------------  P R O C E S S  ---------------

Java Threads: ( => current thread )
  0x00007f8738a18800 JavaThread "Thread-221" [_thread_blocked, id=4695, stack(0x000070000d8fc000,0x000070000d9fc000)]
  0x00007f8733469000 JavaThread "AWT-EventQueue-1" [_thread_in_native, id=66847, stack(0x000070000d776000,0x000070000d876000)]
  0x00007f87348e7800 JavaThread "DestroyJavaVM" [_thread_blocked, id=7171, stack(0x000070000c12e000,0x000070000c22e000)]
  0x00007f87339d4000 JavaThread "AWT-EventQueue-0" [_thread_blocked, id=60179, stack(0x000070000d570000,0x000070000d670000)]
  0x00007f87331de000 JavaThread "Java2D Disposer" daemon [_thread_blocked, id=56847, stack(0x000070000d2e7000,0x000070000d3e7000)]
  0x00007f8734907800 JavaThread "Java2D Queue Flusher" daemon [_thread_blocked, id=47663, stack(0x000070000d1e4000,0x000070000d2e4000)]
  0x00007f8733136800 JavaThread "AWT-Shutdown" [_thread_blocked, id=29727, stack(0x000070000cfdb000,0x000070000d0db000)]
=>0x00007f873387e800 JavaThread "AWT-AppKit" daemon [_thread_in_native, id=775, stack(0x00007fff5504f000,0x00007fff5584f000)]
  0x00007f873480e000 JavaThread "Service Thread" daemon [_thread_blocked, id=18691, stack(0x000070000cd52000,0x000070000ce52000)]
  0x00007f8733823000 JavaThread "C1 CompilerThread2" daemon [_thread_blocked, id=18179, stack(0x000070000cc4f000,0x000070000cd4f000)]
  0x00007f8733822000 JavaThread "C2 CompilerThread1" daemon [_thread_blocked, id=17667, stack(0x000070000cb4c000,0x000070000cc4c000)]
  0x00007f8733820000 JavaThread "C2 CompilerThread0" daemon [_thread_blocked, id=17155, stack(0x000070000ca49000,0x000070000cb49000)]
  0x00007f8733010800 JavaThread "Signal Dispatcher" daemon [_thread_blocked, id=16643, stack(0x000070000c946000,0x000070000ca46000)]
  0x00007f8733031800 JavaThread "Finalizer" daemon [_thread_blocked, id=12547, stack(0x000070000c843000,0x000070000c943000)]
  0x00007f873302f000 JavaThread "Reference Handler" daemon [_thread_blocked, id=12035, stack(0x000070000c740000,0x000070000c840000)]

Other Threads:
  0x00007f873302a000 VMThread [stack: 0x000070000c63d000,0x000070000c73d000] [id=11523]
  0x00007f8734032800 WatcherThread [stack: 0x000070000ce55000,0x000070000cf55000] [id=19203]

VM state:not at safepoint (normal execution)

VM Mutex/Monitor currently owned by a thread: None

Heap:
 PSYoungGen      total 325632K, used 240039K [0x00000007aab00000, 0x00000007bfd80000, 0x00000007c0000000)
  eden space 306688K, 74% used [0x00000007aab00000,0x00000007b8ab9cf0,0x00000007bd680000)
  from space 18944K, 57% used [0x00000007beb00000,0x00000007bf5b02a0,0x00000007bfd80000)
  to   space 19968K, 0% used [0x00000007bd680000,0x00000007bd680000,0x00000007bea00000)
 ParOldGen       total 83968K, used 57807K [0x0000000780000000, 0x0000000785200000, 0x00000007aab00000)
  object space 83968K, 68% used [0x0000000780000000,0x0000000783873f38,0x0000000785200000)
 Metaspace       used 22110K, capacity 22415K, committed 22528K, reserved 1069056K
  class space    used 2145K, capacity 2236K, committed 2304K, reserved 1048576K

Card table byte_map: [0x000000010c162000,0x000000010c363000] byte_map_base: 0x0000000108562000

Marking Bits: (ParMarkBitMap*) 0x000000010b6f0d30
 Begin Bits: [0x000000010c363000, 0x000000010d363000)
 End Bits:   [0x000000010d363000, 0x000000010e363000)

Polling page: 0x000000010a471000

CodeCache: size=245760Kb used=11442Kb max_used=11641Kb free=234317Kb
 bounds [0x0000000111a98000, 0x0000000112638000, 0x0000000120a98000]
 total_blobs=4060 nmethods=3161 adapters=812
 compilation: enabled

Compilation events (10 events):
Event: 37.705 Thread 0x00007f8733820000 3843   !   4       jogamp.common.util.locks.RecursiveLockImpl01Unfairish::validateLocked (147 bytes)
Event: 37.712 Thread 0x00007f8733820000 nmethod 3843 0x0000000111c509d0 code [0x0000000111c50b20, 0x0000000111c50e18]
Event: 37.756 Thread 0x00007f8733822000 3844       4       com.jogamp.opengl.FBObject::getReadFramebuffer (35 bytes)
Event: 37.759 Thread 0x00007f8733822000 nmethod 3844 0x000000011244a790 code [0x000000011244a8e0, 0x000000011244a9c8]
Event: 38.219 Thread 0x00007f8733823000 3845   !   3       sun.reflect.GeneratedMethodAccessor3::invoke (66 bytes)
Event: 38.219 Thread 0x00007f8733823000 nmethod 3845 0x0000000112118cd0 code [0x0000000112118ec0, 0x0000000112119618]
Event: 38.524 Thread 0x00007f8733823000 3846       1       sun.java2d.SurfaceData::isValid (5 bytes)
Event: 38.525 Thread 0x00007f8733823000 nmethod 3846 0x0000000112383790 code [0x00000001123838e0, 0x00000001123839f0]
Event: 38.527 Thread 0x00007f8733820000 3847  s    4       sun.misc.URLClassPath::getNextLoader (88 bytes)
Event: 38.537 Thread 0x00007f8733820000 nmethod 3847 0x00000001123cb690 code [0x00000001123cb800, 0x00000001123cbf78]

GC Heap History (10 events):
Event: 33.810 GC heap before
{Heap before GC invocations=44 (full 2):
 PSYoungGen      total 324096K, used 312768K [0x00000007aab00000, 0x00000007bff80000, 0x00000007c0000000)
  eden space 300544K, 100% used [0x00000007aab00000,0x00000007bd080000,0x00000007bd080000)
  from space 23552K, 51% used [0x00000007bd080000,0x00000007bdc702f0,0x00000007be780000)
  to   space 23040K, 0% used [0x00000007be900000,0x00000007be900000,0x00000007bff80000)
 ParOldGen       total 83968K, used 56503K [0x0000000780000000, 0x0000000785200000, 0x00000007aab00000)
  object space 83968K, 67% used [0x0000000780000000,0x000000078372dee8,0x0000000785200000)
 Metaspace       used 22075K, capacity 22351K, committed 22528K, reserved 1069056K
  class space    used 2137K, capacity 2236K, committed 2304K, reserved 1048576K
Event: 33.813 GC heap after
Heap after GC invocations=44 (full 2):
 PSYoungGen      total 324608K, used 12224K [0x00000007aab00000, 0x00000007bfe80000, 0x00000007c0000000)
  eden space 302592K, 0% used [0x00000007aab00000,0x00000007aab00000,0x00000007bd280000)
  from space 22016K, 55% used [0x00000007be900000,0x00000007bf4f02f0,0x00000007bfe80000)
  to   space 22528K, 0% used [0x00000007bd280000,0x00000007bd280000,0x00000007be880000)
 ParOldGen       total 83968K, used 56503K [0x0000000780000000, 0x0000000785200000, 0x00000007aab00000)
  object space 83968K, 67% used [0x0000000780000000,0x000000078372dee8,0x0000000785200000)
 Metaspace       used 22075K, capacity 22351K, committed 22528K, reserved 1069056K
  class space    used 2137K, capacity 2236K, committed 2304K, reserved 1048576K
}
Event: 34.792 GC heap before
{Heap before GC invocations=45 (full 2):
 PSYoungGen      total 324608K, used 314816K [0x00000007aab00000, 0x00000007bfe80000, 0x00000007c0000000)
  eden space 302592K, 100% used [0x00000007aab00000,0x00000007bd280000,0x00000007bd280000)
  from space 22016K, 55% used [0x00000007be900000,0x00000007bf4f02f0,0x00000007bfe80000)
  to   space 22528K, 0% used [0x00000007bd280000,0x00000007bd280000,0x00000007be880000)
 ParOldGen       total 83968K, used 56503K [0x0000000780000000, 0x0000000785200000, 0x00000007aab00000)
  object space 83968K, 67% used [0x0000000780000000,0x000000078372dee8,0x0000000785200000)
 Metaspace       used 22075K, capacity 22351K, committed 22528K, reserved 1069056K
  class space    used 2137K, capacity 2236K, committed 2304K, reserved 1048576K
Event: 34.796 GC heap after
Heap after GC invocations=45 (full 2):
 PSYoungGen      total 325120K, used 12224K [0x00000007aab00000, 0x00000007bff80000, 0x00000007c0000000)
  eden space 302592K, 0% used [0x00000007aab00000,0x00000007aab00000,0x00000007bd280000)
  from space 22528K, 54% used [0x00000007bd280000,0x00000007bde702f0,0x00000007be880000)
  to   space 22016K, 0% used [0x00000007bea00000,0x00000007bea00000,0x00000007bff80000)
 ParOldGen       total 83968K, used 56503K [0x0000000780000000, 0x0000000785200000, 0x00000007aab00000)
  object space 83968K, 67% used [0x0000000780000000,0x000000078372dee8,0x0000000785200000)
 Metaspace       used 22075K, capacity 22351K, committed 22528K, reserved 1069056K
  class space    used 2137K, capacity 2236K, committed 2304K, reserved 1048576K
}
Event: 35.791 GC heap before
{Heap before GC invocations=46 (full 2):
 PSYoungGen      total 325120K, used 314816K [0x00000007aab00000, 0x00000007bff80000, 0x00000007c0000000)
  eden space 302592K, 100% used [0x00000007aab00000,0x00000007bd280000,0x00000007bd280000)
  from space 22528K, 54% used [0x00000007bd280000,0x00000007bde702f0,0x00000007be880000)
  to   space 22016K, 0% used [0x00000007bea00000,0x00000007bea00000,0x00000007bff80000)
 ParOldGen       total 83968K, used 56503K [0x0000000780000000, 0x0000000785200000, 0x00000007aab00000)
  object space 83968K, 67% used [0x0000000780000000,0x000000078372dee8,0x0000000785200000)
 Metaspace       used 22075K, capacity 22351K, committed 22528K, reserved 1069056K
  class space    used 2137K, capacity 2236K, committed 2304K, reserved 1048576K
Event: 35.794 GC heap after
Heap after GC invocations=46 (full 2):
 PSYoungGen      total 325632K, used 12224K [0x00000007aab00000, 0x00000007bfe80000, 0x00000007c0000000)
  eden space 304640K, 0% used [0x00000007aab00000,0x00000007aab00000,0x00000007bd480000)
  from space 20992K, 58% used [0x00000007bea00000,0x00000007bf5f02f0,0x00000007bfe80000)
  to   space 21504K, 0% used [0x00000007bd480000,0x00000007bd480000,0x00000007be980000)
 ParOldGen       total 83968K, used 56503K [0x0000000780000000, 0x0000000785200000, 0x00000007aab00000)
  object space 83968K, 67% used [0x0000000780000000,0x000000078372dee8,0x0000000785200000)
 Metaspace       used 22075K, capacity 22351K, committed 22528K, reserved 1069056K
  class space    used 2137K, capacity 2236K, committed 2304K, reserved 1048576K
}
Event: 36.759 GC heap before
{Heap before GC invocations=47 (full 2):
 PSYoungGen      total 325632K, used 316864K [0x00000007aab00000, 0x00000007bfe80000, 0x00000007c0000000)
  eden space 304640K, 100% used [0x00000007aab00000,0x00000007bd480000,0x00000007bd480000)
  from space 20992K, 58% used [0x00000007bea00000,0x00000007bf5f02f0,0x00000007bfe80000)
  to   space 21504K, 0% used [0x00000007bd480000,0x00000007bd480000,0x00000007be980000)
 ParOldGen       total 83968K, used 56503K [0x0000000780000000, 0x0000000785200000, 0x00000007aab00000)
  object space 83968K, 67% used [0x0000000780000000,0x000000078372dee8,0x0000000785200000)
 Metaspace       used 22075K, capacity 22351K, committed 22528K, reserved 1069056K
  class space    used 2137K, capacity 2236K, committed 2304K, reserved 1048576K
Event: 36.762 GC heap after
Heap after GC invocations=47 (full 2):
 PSYoungGen      total 326144K, used 12160K [0x00000007aab00000, 0x00000007bff80000, 0x00000007c0000000)
  eden space 304640K, 0% used [0x00000007aab00000,0x00000007aab00000,0x00000007bd480000)
  from space 21504K, 56% used [0x00000007bd480000,0x00000007be0602f0,0x00000007be980000)
  to   space 20992K, 0% used [0x00000007beb00000,0x00000007beb00000,0x00000007bff80000)
 ParOldGen       total 83968K, used 56503K [0x0000000780000000, 0x0000000785200000, 0x00000007aab00000)
  object space 83968K, 67% used [0x0000000780000000,0x000000078372dee8,0x0000000785200000)
 Metaspace       used 22075K, capacity 22351K, committed 22528K, reserved 1069056K
  class space    used 2137K, capacity 2236K, committed 2304K, reserved 1048576K
}
Event: 37.780 GC heap before
{Heap before GC invocations=48 (full 2):
 PSYoungGen      total 326144K, used 316800K [0x00000007aab00000, 0x00000007bff80000, 0x00000007c0000000)
  eden space 304640K, 100% used [0x00000007aab00000,0x00000007bd480000,0x00000007bd480000)
  from space 21504K, 56% used [0x00000007bd480000,0x00000007be0602f0,0x00000007be980000)
  to   space 20992K, 0% used [0x00000007beb00000,0x00000007beb00000,0x00000007bff80000)
 ParOldGen       total 83968K, used 56503K [0x0000000780000000, 0x0000000785200000, 0x00000007aab00000)
  object space 83968K, 67% used [0x0000000780000000,0x000000078372dee8,0x0000000785200000)
 Metaspace       used 22075K, capacity 22351K, committed 22528K, reserved 1069056K
  class space    used 2137K, capacity 2236K, committed 2304K, reserved 1048576K
Event: 37.788 GC heap after
Heap after GC invocations=48 (full 2):
 PSYoungGen      total 325632K, used 10944K [0x00000007aab00000, 0x00000007bfd80000, 0x00000007c0000000)
  eden space 306688K, 0% used [0x00000007aab00000,0x00000007aab00000,0x00000007bd680000)
  from space 18944K, 57% used [0x00000007beb00000,0x00000007bf5b02a0,0x00000007bfd80000)
  to   space 19968K, 0% used [0x00000007bd680000,0x00000007bd680000,0x00000007bea00000)
 ParOldGen       total 83968K, used 57807K [0x0000000780000000, 0x0000000785200000, 0x00000007aab00000)
  object space 83968K, 68% used [0x0000000780000000,0x0000000783873f38,0x0000000785200000)
 Metaspace       used 22075K, capacity 22351K, committed 22528K, reserved 1069056K
  class space    used 2137K, capacity 2236K, committed 2304K, reserved 1048576K
}

Deoptimization events (10 events):
Event: 13.489 Thread 0x00007f8733469000 Uncommon trap: reason=unstable_if action=reinterpret pc=0x00000001122de9b8 method=java.text.DigitList.getDataChars(I)[C @ 13
Event: 13.489 Thread 0x00007f8733469000 Uncommon trap: reason=unstable_if action=reinterpret pc=0x00000001122e79e4 method=java.text.DecimalFormat.subformat(Ljava/lang/StringBuffer;Ljava/text/Format$FieldDelegate;ZZIIII)Ljava/lang/StringBuffer; @ 753
Event: 13.497 Thread 0x00007f8733469000 Uncommon trap: reason=unstable_if action=reinterpret pc=0x00000001121294e8 method=jogamp.opengl.glu.tessellator.TessMono.__gl_meshTessellateMonoRegion(Ljogamp/opengl/glu/tessellator/GLUface;Z)Z @ 534
Event: 13.506 Thread 0x00007f8733469000 Uncommon trap: reason=unstable_if action=reinterpret pc=0x0000000112164cf0 method=jogamp.opengl.glu.tessellator.Geom.EdgeSign(Ljogamp/opengl/glu/tessellator/GLUvertex;Ljogamp/opengl/glu/tessellator/GLUvertex;Ljogamp/opengl/glu/tessellator/GLUvertex;)D @ 5
Event: 14.372 Thread 0x00007f8733469000 Uncommon trap: reason=unstable_if action=reinterpret pc=0x000000011225ef58 method=java.text.DigitList.set(ZLjava/lang/String;ZZIZ)V @ 305
Event: 19.998 Thread 0x00007f8733469000 Uncommon trap: reason=class_check action=maybe_recompile pc=0x00000001120c6b98 method=module6.CommonMarker.draw(Lprocessing/core/PGraphics;FF)V @ 25
Event: 23.489 Thread 0x00007f8733469000 Uncommon trap: reason=unstable_if action=reinterpret pc=0x00000001125a98a4 method=jogamp.opengl.glu.tessellator.Sweep.EdgeLeq(Ljogamp/opengl/glu/tessellator/GLUtessellatorImpl;Ljogamp/opengl/glu/tessellator/ActiveRegion;Ljogamp/opengl/glu/tessellator/Acti
Event: 38.481 Thread 0x00007f87339d4000 Uncommon trap: reason=unstable_if action=reinterpret pc=0x0000000112379f94 method=java.awt.Font.equals(Ljava/lang/Object;)Z @ 2
Event: 38.523 Thread 0x00007f873396f000 Uncommon trap: reason=unstable_if action=reinterpret pc=0x00000001123dfe3c method=java.util.HashMap.putVal(ILjava/lang/Object;Ljava/lang/Object;ZZ)Ljava/lang/Object; @ 81
Event: 38.552 Thread 0x00007f8733469000 Uncommon trap: reason=unstable_if action=reinterpret pc=0x0000000111f85af0 method=java.security.AccessControlContext.optimize()Ljava/security/AccessControlContext; @ 233

Internal exceptions (10 events):
Event: 0.529 Thread 0x00007f8734000800 Exception <a 'java/io/FileNotFoundException'> (0x00000007aad52d98) thrown at [/Users/java_re/workspace/8-2-build-macosx-x86_64/jdk8u121/8372/hotspot/src/share/vm/prims/jni.cpp, line 709]
Event: 0.529 Thread 0x00007f8734000800 Exception <a 'java/io/FileNotFoundException'> (0x00000007aad538e8) thrown at [/Users/java_re/workspace/8-2-build-macosx-x86_64/jdk8u121/8372/hotspot/src/share/vm/prims/jni.cpp, line 709]
Event: 0.685 Thread 0x00007f8734000800 Exception <a 'java/io/FileNotFoundException'> (0x00000007aae8c378) thrown at [/Users/java_re/workspace/8-2-build-macosx-x86_64/jdk8u121/8372/hotspot/src/share/vm/prims/jni.cpp, line 709]
Event: 3.924 Thread 0x00007f8733031800 Exception <a 'java/lang/NullPointerException'> (0x00000007aab8ad00) thrown at [/Users/java_re/workspace/8-2-build-macosx-x86_64/jdk8u121/8372/hotspot/src/share/vm/interpreter/linkResolver.cpp, line 1178]
Event: 4.022 Thread 0x00007f8733288000 Exception <a 'java/lang/UnsatisfiedLinkError': com.jogamp.common.util.JarUtil.fixNativeLibAttribs(Ljava/lang/String;)Z> (0x00000007aaf9f8c0) thrown at [/Users/java_re/workspace/8-2-build-macosx-x86_64/jdk8u121/8372/hotspot/src/share/vm/prims/nativeLookup.
Event: 5.364 Thread 0x00007f8733469000 Exception <a 'java/io/FileNotFoundException'> (0x00000007ab164f48) thrown at [/Users/java_re/workspace/8-2-build-macosx-x86_64/jdk8u121/8372/hotspot/src/share/vm/prims/jni.cpp, line 709]
Event: 5.364 Thread 0x00007f8733469000 Exception <a 'java/io/FileNotFoundException'> (0x00000007ab16b148) thrown at [/Users/java_re/workspace/8-2-build-macosx-x86_64/jdk8u121/8372/hotspot/src/share/vm/prims/jni.cpp, line 709]
Event: 5.364 Thread 0x00007f8733469000 Implicit null exception at 0x0000000111c58836 to 0x0000000111c58c05
Event: 11.466 Thread 0x00007f8733469000 Implicit null exception at 0x000000011237d0ac to 0x000000011237d11e
Event: 11.466 Thread 0x00007f8733469000 Implicit null exception at 0x000000011237e8ef to 0x000000011237e9c9

Events (10 events):
Event: 38.552 Thread 0x00007f8733469000 DEOPT UNPACKING pc=0x0000000111a9d229 sp=0x000070000d873880 mode 2
Event: 38.552 loading class java/awt/LightweightDispatcher$2
Event: 38.552 loading class java/awt/LightweightDispatcher$2 done
Event: 38.552 loading class java/awt/event/AWTEventListenerProxy
Event: 38.552 loading class java/awt/event/AWTEventListenerProxy done
Event: 38.552 loading class java/awt/Toolkit$ToolkitEventMulticaster
Event: 38.552 loading class java/awt/Toolkit$ToolkitEventMulticaster done
Event: 38.553 Thread 0x00007f873396f000 Thread exited: 0x00007f873396f000
Event: 38.553 loading class java/awt/Window$1DisposeAction
Event: 38.553 loading class java/awt/Window$1DisposeAction done


Dynamic libraries:
0x000000004c357000 	/System/Library/Frameworks/Cocoa.framework/Versions/A/Cocoa
0x000000004c357000 	/System/Library/Frameworks/Security.framework/Versions/A/Security
0x000000004c357000 	/System/Library/Frameworks/ApplicationServices.framework/Versions/A/ApplicationServices
0x000000004c357000 	/usr/lib/libz.1.dylib
0x000000004c357000 	/usr/lib/libSystem.B.dylib
0x000000004c357000 	/usr/lib/libobjc.A.dylib
0x000000004c357000 	/System/Library/Frameworks/CoreFoundation.framework/Versions/A/CoreFoundation
0x000000004c357000 	/System/Library/Frameworks/Foundation.framework/Versions/C/Foundation
0x000000004c357000 	/System/Library/Frameworks/AppKit.framework/Versions/C/AppKit
0x000000004c357000 	/System/Library/Frameworks/CoreData.framework/Versions/A/CoreData
0x000000004c357000 	/System/Library/PrivateFrameworks/RemoteViewServices.framework/Versions/A/RemoteViewServices
0x000000004c357000 	/System/Library/PrivateFrameworks/UIFoundation.framework/Versions/A/UIFoundation
0x000000004c357000 	/System/Library/PrivateFrameworks/DFRFoundation.framework/Versions/A/DFRFoundation
0x000000004c357000 	/usr/lib/libenergytrace.dylib
0x000000004c357000 	/System/Library/PrivateFrameworks/SkyLight.framework/Versions/A/SkyLight
0x000000004c357000 	/System/Library/Frameworks/CoreGraphics.framework/Versions/A/CoreGraphics
0x000000004c357000 	/usr/lib/libScreenReader.dylib
0x000000004c357000 	/System/Library/Frameworks/Accelerate.framework/Versions/A/Accelerate
0x000000004c357000 	/System/Library/Frameworks/IOSurface.framework/Versions/A/IOSurface
0x000000004c357000 	/System/Library/Frameworks/AudioToolbox.framework/Versions/A/AudioToolbox
0x000000004c357000 	/System/Library/Frameworks/AudioUnit.framework/Versions/A/AudioUnit
0x000000004c357000 	/System/Library/PrivateFrameworks/DataDetectorsCore.framework/Versions/A/DataDetectorsCore
0x000000004c357000 	/System/Library/PrivateFrameworks/DesktopServicesPriv.framework/Versions/A/DesktopServicesPriv
0x000000004c357000 	/System/Library/Frameworks/Carbon.framework/Versions/A/Frameworks/HIToolbox.framework/Versions/A/HIToolbox
0x000000004c357000 	/usr/lib/libicucore.A.dylib
0x000000004c357000 	/System/Library/Frameworks/QuartzCore.framework/Versions/A/QuartzCore
0x000000004c357000 	/System/Library/Frameworks/Carbon.framework/Versions/A/Frameworks/SpeechRecognition.framework/Versions/A/SpeechRecognition
0x000000004c357000 	/usr/lib/libauto.dylib
0x000000004c357000 	/usr/lib/libxml2.2.dylib
0x000000004c357000 	/System/Library/PrivateFrameworks/CoreUI.framework/Versions/A/CoreUI
0x000000004c357000 	/System/Library/Frameworks/CoreAudio.framework/Versions/A/CoreAudio
0x000000004c357000 	/System/Library/Frameworks/DiskArbitration.framework/Versions/A/DiskArbitration
0x000000004c357000 	/usr/lib/liblangid.dylib
0x000000004c357000 	/System/Library/PrivateFrameworks/MultitouchSupport.framework/Versions/A/MultitouchSupport
0x000000004c357000 	/System/Library/Frameworks/IOKit.framework/Versions/A/IOKit
0x000000004c357000 	/usr/lib/libDiagnosticMessagesClient.dylib
0x000000004c357000 	/System/Library/Frameworks/CoreServices.framework/Versions/A/CoreServices
0x000000004c357000 	/System/Library/PrivateFrameworks/PerformanceAnalysis.framework/Versions/A/PerformanceAnalysis
0x000000004c357000 	/System/Library/PrivateFrameworks/GenerationalStorage.framework/Versions/A/GenerationalStorage
0x000000004c357000 	/System/Library/Frameworks/OpenGL.framework/Versions/A/OpenGL
0x000000004c357000 	/System/Library/Frameworks/CoreImage.framework/Versions/A/CoreImage
0x000000004c357000 	/System/Library/Frameworks/CoreText.framework/Versions/A/CoreText
0x000000004c357000 	/System/Library/Frameworks/ImageIO.framework/Versions/A/ImageIO
0x000000004c357000 	/System/Library/PrivateFrameworks/Backup.framework/Versions/A/Backup
0x000000004c357000 	/usr/lib/libarchive.2.dylib
0x000000004c357000 	/System/Library/Frameworks/CFNetwork.framework/Versions/A/CFNetwork
0x000000004c357000 	/System/Library/Frameworks/SystemConfiguration.framework/Versions/A/SystemConfiguration
0x000000004c357000 	/usr/lib/libCRFSuite.dylib
0x000000004c357000 	/usr/lib/libc++.1.dylib
0x000000004c357000 	/usr/lib/libc++abi.dylib
0x000000004c357000 	/usr/lib/system/libcache.dylib
0x000000004c357000 	/usr/lib/system/libcommonCrypto.dylib
0x000000004c357000 	/usr/lib/system/libcompiler_rt.dylib
0x000000004c357000 	/usr/lib/system/libcopyfile.dylib
0x000000004c357000 	/usr/lib/system/libcorecrypto.dylib
0x000000004c357000 	/usr/lib/system/libdispatch.dylib
0x000000004c357000 	/usr/lib/system/libdyld.dylib
0x000000004c357000 	/usr/lib/system/libkeymgr.dylib
0x000000004c357000 	/usr/lib/system/liblaunch.dylib
0x000000004c357000 	/usr/lib/system/libmacho.dylib
0x000000004c357000 	/usr/lib/system/libquarantine.dylib
0x000000004c357000 	/usr/lib/system/libremovefile.dylib
0x000000004c357000 	/usr/lib/system/libsystem_asl.dylib
0x000000004c357000 	/usr/lib/system/libsystem_blocks.dylib
0x000000004c357000 	/usr/lib/system/libsystem_c.dylib
0x000000004c357000 	/usr/lib/system/libsystem_configuration.dylib
0x000000004c357000 	/usr/lib/system/libsystem_coreservices.dylib
0x000000004c357000 	/usr/lib/system/libsystem_coretls.dylib
0x000000004c357000 	/usr/lib/system/libsystem_dnssd.dylib
0x000000004c357000 	/usr/lib/system/libsystem_info.dylib
0x000000004c357000 	/usr/lib/system/libsystem_kernel.dylib
0x000000004c357000 	/usr/lib/system/libsystem_m.dylib
0x000000004c357000 	/usr/lib/system/libsystem_malloc.dylib
0x000000004c357000 	/usr/lib/system/libsystem_network.dylib
0x000000004c357000 	/usr/lib/system/libsystem_networkextension.dylib
0x000000004c357000 	/usr/lib/system/libsystem_notify.dylib
0x000000004c357000 	/usr/lib/system/libsystem_platform.dylib
0x000000004c357000 	/usr/lib/system/libsystem_pthread.dylib
0x000000004c357000 	/usr/lib/system/libsystem_sandbox.dylib
0x000000004c357000 	/usr/lib/system/libsystem_secinit.dylib
0x000000004c357000 	/usr/lib/system/libsystem_symptoms.dylib
0x000000004c357000 	/usr/lib/system/libsystem_trace.dylib
0x000000004c357000 	/usr/lib/system/libunwind.dylib
0x000000004c357000 	/usr/lib/system/libxpc.dylib
0x000000004c357000 	/usr/lib/libbsm.0.dylib
0x000000004c357000 	/usr/lib/system/libkxld.dylib
0x000000004c357000 	/usr/lib/libcoretls.dylib
0x000000004c357000 	/usr/lib/libcoretls_cfhelpers.dylib
0x000000004c357000 	/usr/lib/libOpenScriptingUtil.dylib
0x000000004c357000 	/usr/lib/libpam.2.dylib
0x000000004c357000 	/usr/lib/libsqlite3.dylib
0x000000004c357000 	/usr/lib/libxar.1.dylib
0x000000004c357000 	/usr/lib/libbz2.1.0.dylib
0x000000004c357000 	/usr/lib/liblzma.5.dylib
0x000000004c357000 	/usr/lib/libnetwork.dylib
0x000000004c357000 	/usr/lib/libpcap.A.dylib
0x000000004c357000 	/System/Library/Frameworks/CoreServices.framework/Versions/A/Frameworks/FSEvents.framework/Versions/A/FSEvents
0x000000004c357000 	/System/Library/Frameworks/CoreServices.framework/Versions/A/Frameworks/CarbonCore.framework/Versions/A/CarbonCore
0x000000004c357000 	/System/Library/Frameworks/CoreServices.framework/Versions/A/Frameworks/Metadata.framework/Versions/A/Metadata
0x000000004c357000 	/System/Library/Frameworks/CoreServices.framework/Versions/A/Frameworks/OSServices.framework/Versions/A/OSServices
0x000000004c357000 	/System/Library/Frameworks/CoreServices.framework/Versions/A/Frameworks/SearchKit.framework/Versions/A/SearchKit
0x000000004c357000 	/System/Library/Frameworks/CoreServices.framework/Versions/A/Frameworks/AE.framework/Versions/A/AE
0x000000004c357000 	/System/Library/Frameworks/CoreServices.framework/Versions/A/Frameworks/LaunchServices.framework/Versions/A/LaunchServices
0x000000004c357000 	/System/Library/Frameworks/CoreServices.framework/Versions/A/Frameworks/DictionaryServices.framework/Versions/A/DictionaryServices
0x000000004c357000 	/System/Library/Frameworks/CoreServices.framework/Versions/A/Frameworks/SharedFileList.framework/Versions/A/SharedFileList
0x000000004c357000 	/System/Library/Frameworks/NetFS.framework/Versions/A/NetFS
0x000000004c357000 	/System/Library/PrivateFrameworks/NetAuth.framework/Versions/A/NetAuth
0x000000004c357000 	/System/Library/PrivateFrameworks/login.framework/Versions/A/Frameworks/loginsupport.framework/Versions/A/loginsupport
0x000000004c357000 	/System/Library/PrivateFrameworks/TCC.framework/Versions/A/TCC
0x000000004c357000 	/usr/lib/libmecabra.dylib
0x000000004c357000 	/System/Library/Frameworks/ApplicationServices.framework/Versions/A/Frameworks/ATS.framework/Versions/A/ATS
0x000000004c357000 	/System/Library/Frameworks/ApplicationServices.framework/Versions/A/Frameworks/ColorSync.framework/Versions/A/ColorSync
0x000000004c357000 	/System/Library/Frameworks/ApplicationServices.framework/Versions/A/Frameworks/HIServices.framework/Versions/A/HIServices
0x000000004c357000 	/System/Library/Frameworks/ApplicationServices.framework/Versions/A/Frameworks/LangAnalysis.framework/Versions/A/LangAnalysis
0x000000004c357000 	/System/Library/Frameworks/ApplicationServices.framework/Versions/A/Frameworks/PrintCore.framework/Versions/A/PrintCore
0x000000004c357000 	/System/Library/Frameworks/ApplicationServices.framework/Versions/A/Frameworks/QD.framework/Versions/A/QD
0x000000004c357000 	/System/Library/Frameworks/ApplicationServices.framework/Versions/A/Frameworks/SpeechSynthesis.framework/Versions/A/SpeechSynthesis
0x000000004c357000 	/System/Library/Frameworks/Accelerate.framework/Versions/A/Frameworks/vImage.framework/Versions/A/vImage
0x000000004c357000 	/System/Library/Frameworks/Accelerate.framework/Versions/A/Frameworks/vecLib.framework/Versions/A/vecLib
0x000000004c357000 	/System/Library/Frameworks/Accelerate.framework/Versions/A/Frameworks/vecLib.framework/Versions/A/libvDSP.dylib
0x000000004c357000 	/System/Library/Frameworks/Accelerate.framework/Versions/A/Frameworks/vecLib.framework/Versions/A/libBNNS.dylib
0x000000004c357000 	/System/Library/Frameworks/Accelerate.framework/Versions/A/Frameworks/vecLib.framework/Versions/A/libQuadrature.dylib
0x000000004c357000 	/System/Library/Frameworks/Accelerate.framework/Versions/A/Frameworks/vecLib.framework/Versions/A/libvMisc.dylib
0x000000004c357000 	/System/Library/Frameworks/Accelerate.framework/Versions/A/Frameworks/vecLib.framework/Versions/A/libLAPACK.dylib
0x000000004c357000 	/System/Library/Frameworks/Accelerate.framework/Versions/A/Frameworks/vecLib.framework/Versions/A/libBLAS.dylib
0x000000004c357000 	/System/Library/Frameworks/Accelerate.framework/Versions/A/Frameworks/vecLib.framework/Versions/A/libLinearAlgebra.dylib
0x000000004c357000 	/System/Library/Frameworks/Accelerate.framework/Versions/A/Frameworks/vecLib.framework/Versions/A/libSparseBLAS.dylib
0x000000004c357000 	/System/Library/Frameworks/ApplicationServices.framework/Versions/A/Frameworks/ATS.framework/Versions/A/Resources/libFontParser.dylib
0x000000004c357000 	/System/Library/Frameworks/ApplicationServices.framework/Versions/A/Frameworks/ATS.framework/Versions/A/Resources/libFontRegistry.dylib
0x000000004c357000 	/System/Library/Frameworks/ImageIO.framework/Versions/A/Resources/libJPEG.dylib
0x000000004c357000 	/System/Library/Frameworks/ImageIO.framework/Versions/A/Resources/libTIFF.dylib
0x000000004c357000 	/System/Library/Frameworks/ImageIO.framework/Versions/A/Resources/libPng.dylib
0x000000004c357000 	/System/Library/Frameworks/ImageIO.framework/Versions/A/Resources/libGIF.dylib
0x000000004c357000 	/System/Library/Frameworks/ImageIO.framework/Versions/A/Resources/libJP2.dylib
0x000000004c357000 	/System/Library/Frameworks/ImageIO.framework/Versions/A/Resources/libRadiance.dylib
0x000000004c357000 	/usr/lib/libcompression.dylib
0x000000004c357000 	/System/Library/PrivateFrameworks/AppleJPEG.framework/Versions/A/AppleJPEG
0x000000004c357000 	/usr/lib/libcups.2.dylib
0x000000004c357000 	/System/Library/Frameworks/Kerberos.framework/Versions/A/Kerberos
0x000000004c357000 	/System/Library/Frameworks/GSS.framework/Versions/A/GSS
0x000000004c357000 	/usr/lib/libresolv.9.dylib
0x000000004c357000 	/usr/lib/libiconv.2.dylib
0x000000004c357000 	/System/Library/PrivateFrameworks/Heimdal.framework/Versions/A/Heimdal
0x000000004c357000 	/usr/lib/libheimdal-asn1.dylib
0x000000004c357000 	/System/Library/Frameworks/OpenDirectory.framework/Versions/A/OpenDirectory
0x000000004c357000 	/System/Library/PrivateFrameworks/CommonAuth.framework/Versions/A/CommonAuth
0x000000004c357000 	/System/Library/Frameworks/OpenDirectory.framework/Versions/A/Frameworks/CFOpenDirectory.framework/Versions/A/CFOpenDirectory
0x000000004c357000 	/System/Library/Frameworks/SecurityFoundation.framework/Versions/A/SecurityFoundation
0x000000004c357000 	/System/Library/PrivateFrameworks/LanguageModeling.framework/Versions/A/LanguageModeling
0x000000004c357000 	/usr/lib/libmarisa.dylib
0x000000004c357000 	/usr/lib/libChineseTokenizer.dylib
0x000000004c357000 	/usr/lib/libcmph.dylib
0x000000004c357000 	/System/Library/PrivateFrameworks/CoreEmoji.framework/Versions/A/CoreEmoji
0x000000004c357000 	/System/Library/Frameworks/ServiceManagement.framework/Versions/A/ServiceManagement
0x000000004c357000 	/usr/lib/libxslt.1.dylib
0x000000004c357000 	/System/Library/Frameworks/Carbon.framework/Versions/A/Frameworks/Ink.framework/Versions/A/Ink
0x000000004c357000 	/System/Library/PrivateFrameworks/TextureIO.framework/Versions/A/TextureIO
0x000000004c357000 	/System/Library/Frameworks/Metal.framework/Versions/A/Metal
0x000000004c357000 	/usr/lib/libate.dylib
0x000000004c357000 	/System/Library/PrivateFrameworks/GPUCompiler.framework/libmetal_timestamp.dylib
0x000000004c357000 	/System/Library/Frameworks/OpenGL.framework/Versions/A/Libraries/libCoreFSCache.dylib
0x000000004c357000 	/System/Library/PrivateFrameworks/IOAccelerator.framework/Versions/A/IOAccelerator
0x000000004c357000 	/System/Library/Frameworks/CoreVideo.framework/Versions/A/CoreVideo
0x000000004c357000 	/usr/lib/libFosl_dynamic.dylib
0x000000004c357000 	/System/Library/PrivateFrameworks/MetalPerformanceShaders.framework/Versions/A/MetalPerformanceShaders
0x000000004c357000 	/System/Library/PrivateFrameworks/FaceCore.framework/Versions/A/FaceCore
0x000000004c357000 	/System/Library/Frameworks/OpenCL.framework/Versions/A/OpenCL
0x000000004c357000 	/System/Library/Frameworks/OpenGL.framework/Versions/A/Libraries/libGLU.dylib
0x000000004c357000 	/System/Library/Frameworks/OpenGL.framework/Versions/A/Libraries/libGFXShared.dylib
0x000000004c357000 	/System/Library/Frameworks/OpenGL.framework/Versions/A/Libraries/libGL.dylib
0x000000004c357000 	/System/Library/Frameworks/OpenGL.framework/Versions/A/Libraries/libGLImage.dylib
0x000000004c357000 	/System/Library/Frameworks/OpenGL.framework/Versions/A/Libraries/libCVMSPluginSupport.dylib
0x000000004c357000 	/System/Library/Frameworks/OpenGL.framework/Versions/A/Libraries/libCoreVMClient.dylib
0x000000004c357000 	/System/Library/PrivateFrameworks/CrashReporterSupport.framework/Versions/A/CrashReporterSupport
0x000000004c357000 	/System/Library/PrivateFrameworks/Sharing.framework/Versions/A/Sharing
0x000000004c357000 	/System/Library/PrivateFrameworks/IconServices.framework/Versions/A/IconServices
0x000000004c357000 	/System/Library/PrivateFrameworks/ProtocolBuffer.framework/Versions/A/ProtocolBuffer
0x000000004c357000 	/System/Library/PrivateFrameworks/Apple80211.framework/Versions/A/Apple80211
0x000000004c357000 	/System/Library/Frameworks/CoreWLAN.framework/Versions/A/CoreWLAN
0x000000004c357000 	/System/Library/PrivateFrameworks/CoreUtils.framework/Versions/A/CoreUtils
0x000000004c357000 	/System/Library/Frameworks/IOBluetooth.framework/Versions/A/IOBluetooth
0x000000004c357000 	/System/Library/PrivateFrameworks/CoreWiFi.framework/Versions/A/CoreWiFi
0x000000004c357000 	/System/Library/Frameworks/CoreBluetooth.framework/Versions/A/CoreBluetooth
0x000000004c357000 	/System/Library/Frameworks/CoreDisplay.framework/Versions/A/CoreDisplay
0x000000004c357000 	/System/Library/PrivateFrameworks/IOPresentment.framework/Versions/A/IOPresentment
0x000000004c357000 	/System/Library/PrivateFrameworks/DSExternalDisplay.framework/Versions/A/DSExternalDisplay
0x000000004c357000 	/System/Library/PrivateFrameworks/DebugSymbols.framework/Versions/A/DebugSymbols
0x000000004c357000 	/System/Library/PrivateFrameworks/CoreSymbolication.framework/Versions/A/CoreSymbolication
0x000000004c357000 	/System/Library/PrivateFrameworks/Symbolication.framework/Versions/A/Symbolication
0x000000004c357000 	/System/Library/PrivateFrameworks/AppleFSCompression.framework/Versions/A/AppleFSCompression
0x000000004c357000 	/System/Library/PrivateFrameworks/SpeechRecognitionCore.framework/Versions/A/SpeechRecognitionCore
0x000000004c357000 	/System/Library/PrivateFrameworks/ChunkingLibrary.framework/Versions/A/ChunkingLibrary
0x000000010ae00000 	/Library/Java/JavaVirtualMachines/jdk1.8.0_121.jdk/Contents/Home/jre/lib/server/libjvm.dylib
0x000000004c357000 	/usr/lib/libstdc++.6.dylib
0x000000010a42e000 	/Library/Java/JavaVirtualMachines/jdk1.8.0_121.jdk/Contents/Home/jre/lib/libverify.dylib
0x000000010a43c000 	/Library/Java/JavaVirtualMachines/jdk1.8.0_121.jdk/Contents/Home/jre/lib/libjava.dylib
0x000000010a47b000 	/Library/Java/JavaVirtualMachines/jdk1.8.0_121.jdk/Contents/Home/jre/lib/libzip.dylib
0x0000000110032000 	/System/Library/Frameworks/JavaVM.framework/Frameworks/JavaRuntimeSupport.framework/JavaRuntimeSupport
0x000000011004c000 	/System/Library/Frameworks/JavaVM.framework/Versions/A/Frameworks/JavaNativeFoundation.framework/Versions/A/JavaNativeFoundation
0x000000010a5ef000 	/System/Library/Frameworks/JavaVM.framework/Versions/A/JavaVM
0x000000004c357000 	/System/Library/Frameworks/Carbon.framework/Versions/A/Carbon
0x0000000110061000 	/System/Library/PrivateFrameworks/JavaLaunching.framework/Versions/A/JavaLaunching
0x000000004c357000 	/System/Library/Frameworks/Carbon.framework/Versions/A/Frameworks/CommonPanels.framework/Versions/A/CommonPanels
0x000000004c357000 	/System/Library/Frameworks/Carbon.framework/Versions/A/Frameworks/Help.framework/Versions/A/Help
0x000000004c357000 	/System/Library/Frameworks/Carbon.framework/Versions/A/Frameworks/ImageCapture.framework/Versions/A/ImageCapture
0x000000004c357000 	/System/Library/Frameworks/Carbon.framework/Versions/A/Frameworks/OpenScripting.framework/Versions/A/OpenScripting
0x000000004c357000 	/System/Library/Frameworks/Carbon.framework/Versions/A/Frameworks/Print.framework/Versions/A/Print
0x000000004c357000 	/System/Library/Frameworks/Carbon.framework/Versions/A/Frameworks/SecurityHI.framework/Versions/A/SecurityHI
0x0000000120a98000 	/Library/Java/JavaVirtualMachines/jdk1.8.0_121.jdk/Contents/Home/jre/lib/libawt.dylib
0x0000000120b40000 	/Library/Java/JavaVirtualMachines/jdk1.8.0_121.jdk/Contents/Home/jre/lib/./libmlib_image.dylib
0x0000000120c0c000 	/Library/Java/JavaVirtualMachines/jdk1.8.0_121.jdk/Contents/Home/jre/lib/libawt_lwawt.dylib
0x0000000111971000 	/Library/Java/JavaVirtualMachines/jdk1.8.0_121.jdk/Contents/Home/jre/lib/./libosxapp.dylib
0x000000004c357000 	/System/Library/Frameworks/ExceptionHandling.framework/Versions/A/ExceptionHandling
0x000000004c357000 	/System/Library/PrivateFrameworks/CoreServicesInternal.framework/Versions/A/CoreServicesInternal
0x000000004c357000 	/System/Library/CoreServices/RawCamera.bundle/Contents/MacOS/RawCamera
0x000000004c357000 	/System/Library/Frameworks/Accelerate.framework/Versions/A/Frameworks/vImage.framework/Versions/A/Libraries/libCGInterfaces.dylib
0x000000004c357000 	/System/Library/Frameworks/ApplicationServices.framework/Versions/A/Frameworks/ATS.framework/Versions/A/Resources/libTrueTypeScaler.dylib
0x0000000122748000 	/System/Library/Frameworks/OpenGL.framework/Resources/GLEngine.bundle/GLEngine
0x000000004c357000 	/System/Library/Frameworks/OpenGL.framework/Versions/A/Libraries/libGLProgrammability.dylib
0x000000012292d000 	/System/Library/Extensions/AppleIntelHD5000GraphicsGLDriver.bundle/Contents/MacOS/AppleIntelHD5000GraphicsGLDriver
0x000000004c357000 	/System/Library/PrivateFrameworks/GPUSupport.framework/Versions/A/Libraries/libGPUSupportMercury.dylib
0x00000001230a0000 	/System/Library/Frameworks/OpenGL.framework/Resources//GLRendererFloat.bundle/GLRendererFloat
0x000000004c357000 	/System/Library/Frameworks/OpenCL.framework/Versions/A/Libraries/libcldcpuengine.dylib
0x000000004c357000 	/usr/lib/libcrypto.0.9.8.dylib
0x000000004c357000 	/System/Library/PrivateFrameworks/TrustEvaluationAgent.framework/Versions/A/TrustEvaluationAgent
0x00000001230d4000 	/System/Library/Extensions/AppleIntelHD5000GraphicsMTLDriver.bundle/Contents/MacOS/AppleIntelHD5000GraphicsMTLDriver
0x000000004c357000 	/System/Library/PrivateFrameworks/FamilyControls.framework/Versions/A/FamilyControls
0x000000004c357000 	/System/Library/PrivateFrameworks/CommerceKit.framework/Versions/A/Frameworks/CommerceCore.framework/Versions/A/CommerceCore
0x000000004c357000 	/System/Library/PrivateFrameworks/SystemAdministration.framework/Versions/A/SystemAdministration
0x000000004c357000 	/System/Library/PrivateFrameworks/AppContainer.framework/Versions/A/AppContainer
0x000000004c357000 	/System/Library/PrivateFrameworks/SecCodeWrapper.framework/Versions/A/SecCodeWrapper
0x000000004c357000 	/System/Library/Frameworks/DirectoryService.framework/Versions/A/DirectoryService
0x000000004c357000 	/System/Library/PrivateFrameworks/DiskImages.framework/Versions/A/DiskImages
0x000000004c357000 	/System/Library/PrivateFrameworks/LoginUIKit.framework/Versions/A/Frameworks/LoginUICore.framework/Versions/A/LoginUICore
0x000000004c357000 	/usr/lib/libCoreStorage.dylib
0x000000004c357000 	/usr/lib/libcsfde.dylib
0x000000004c357000 	/usr/lib/libodfde.dylib
0x000000004c357000 	/System/Library/Frameworks/DiscRecording.framework/Versions/A/DiscRecording
0x000000004c357000 	/usr/lib/libcurl.4.dylib
0x000000004c357000 	/System/Library/PrivateFrameworks/MediaKit.framework/Versions/A/MediaKit
0x000000004c357000 	/System/Library/PrivateFrameworks/ProtectedCloudStorage.framework/Versions/A/ProtectedCloudStorage
0x000000004c357000 	/System/Library/PrivateFrameworks/EFILogin.framework/Versions/A/EFILogin
0x000000004c357000 	/usr/lib/libutil.dylib
0x000000004c357000 	/System/Library/Frameworks/LDAP.framework/Versions/A/LDAP
0x000000004c357000 	/usr/lib/libsasl2.2.dylib
0x000000004c357000 	/System/Library/PrivateFrameworks/CoreDaemon.framework/Versions/B/CoreDaemon
0x000000004c357000 	/System/Library/PrivateFrameworks/AppleSRP.framework/Versions/A/AppleSRP
0x000000004c357000 	/System/Library/PrivateFrameworks/APFS.framework/Versions/A/APFS
0x0000000124cd0000 	/Library/Java/JavaVirtualMachines/jdk1.8.0_121.jdk/Contents/Home/jre/lib/libfontmanager.dylib
0x000000004c357000 	/System/Library/PrivateFrameworks/ViewBridge.framework/Versions/A/ViewBridge
0x000000004c357000 	/System/Library/PrivateFrameworks/XPCService.framework/Versions/A/XPCService
0x000000004c357000 	/System/Library/PrivateFrameworks/AppSandbox.framework/Versions/A/AppSandbox
0x000000004c357000 	/usr/lib/libsandbox.1.dylib
0x000000004c357000 	/usr/lib/libMatch.1.dylib
0x00000001260cb000 	/Library/Java/JavaVirtualMachines/jdk1.8.0_121.jdk/Contents/Home/jre/lib/libosxui.dylib
0x0000000126c99000 	/Library/Java/JavaVirtualMachines/jdk1.8.0_121.jdk/Contents/Home/jre/lib/libnet.dylib
0x0000000126bf0000 	/Library/Java/JavaVirtualMachines/jdk1.8.0_121.jdk/Contents/Home/jre/lib/libnio.dylib
0x0000000125dd9000 	/private/var/folders/z5/dkh_k18x6bn8z6w6jj1k7pqm0000gn/T/jogamp_0000/file_cache/jln6177460355890736986/jln2566147831647136437/libgluegen-rt.jnilib
0x0000000125ddd000 	/private/var/folders/z5/dkh_k18x6bn8z6w6jj1k7pqm0000gn/T/jogamp_0000/file_cache/jln6177460355890736986/jln2566147831647136437/libnativewindow_awt.jnilib
0x0000000126c3f000 	/Library/Java/JavaVirtualMachines/jdk1.8.0_121.jdk/Contents/Home/jre/lib/libjawt.dylib
0x000000018f251000 	/private/var/folders/z5/dkh_k18x6bn8z6w6jj1k7pqm0000gn/T/jogamp_0000/file_cache/jln6177460355890736986/jln2566147831647136437/libnativewindow_macosx.jnilib
0x0000000191068000 	/private/var/folders/z5/dkh_k18x6bn8z6w6jj1k7pqm0000gn/T/jogamp_0000/file_cache/jln6177460355890736986/jln2566147831647136437/libjogl_desktop.jnilib
0x0000000194bf2000 	/Library/Java/JavaVirtualMachines/jdk1.8.0_121.jdk/Contents/Home/jre/lib/libt2k.dylib

VM Arguments:
jvm_args: -Djava.security.policy=java.policy.applet -Dfile.encoding=MacRoman 
java_command: sun.applet.AppletViewer module6.EarthquakeCityMap1523945113414.html
java_class_path (initial): /Users/Mac/Documents/workspace/UCSDUnfoldingMaps/build:/Users/Mac/Documents/workspace/UCSDUnfoldingMaps/lib/core.jar:/Users/Mac/Documents/workspace/UCSDUnfoldingMaps/lib/gluegen-rt.jar:/Users/Mac/Documents/workspace/UCSDUnfoldingMaps/lib/jogl-all.jar:/Users/Mac/Documents/workspace/UCSDUnfoldingMaps/lib/log4j-1.2.15.jar:/Users/Mac/Documents/workspace/UCSDUnfoldingMaps/lib/sqlite-jdbc-3.7.2.jar:/Users/Mac/Documents/workspace/UCSDUnfoldingMaps/lib/json4processing.jar:/Users/Mac/Documents/workspace/UCSDUnfoldingMaps/lib/libTUIO.jar:/Users/Mac/Documents/workspace/UCSDUnfoldingMaps/lib/unfolding.0.9.7-uscd.jar
Launcher Type: SUN_STANDARD

Environment Variables:
PATH=/Library/Frameworks/Python.framework/Versions/3.6/bin:/usr/local/bin:/usr/bin:/bin:/usr/sbin:/sbin:/opt/X11/bin:/Library/Frameworks/Mono.framework/Versions/Current/Commands:/Library/TeX/texbin
SHELL=/bin/bash
DISPLAY=/private/tmp/com.apple.launchd.BfoSnAz3r8/org.macosforge.xquartz:0

Signal Handlers:
SIGSEGV: [libjvm.dylib+0x5b1141], sa_mask[0]=11111111011111110111111111111111, sa_flags=SA_ONSTACK|SA_RESTART|SA_SIGINFO
SIGBUS: [libjvm.dylib+0x5b1141], sa_mask[0]=11111111011111110111111111111111, sa_flags=SA_RESTART|SA_SIGINFO
SIGFPE: [libjvm.dylib+0x487bc4], sa_mask[0]=11111111011111110111111111111111, sa_flags=SA_RESTART|SA_SIGINFO
SIGPIPE: [libjvm.dylib+0x487bc4], sa_mask[0]=11111111011111110111111111111111, sa_flags=SA_RESTART|SA_SIGINFO
SIGXFSZ: [libjvm.dylib+0x487bc4], sa_mask[0]=11111111011111110111111111111111, sa_flags=SA_RESTART|SA_SIGINFO
SIGILL: [libjvm.dylib+0x487bc4], sa_mask[0]=11111111011111110111111111111111, sa_flags=SA_RESTART|SA_SIGINFO
SIGUSR1: SIG_DFL, sa_mask[0]=11011111011111100000000111000110, sa_flags=none
SIGUSR2: [libjvm.dylib+0x4876e2], sa_mask[0]=00100000000000000000000000000000, sa_flags=SA_RESTART|SA_SIGINFO
SIGHUP: [libjvm.dylib+0x485cb9], sa_mask[0]=11111111011111110111111111111111, sa_flags=SA_RESTART|SA_SIGINFO
SIGINT: [libjvm.dylib+0x485cb9], sa_mask[0]=11111111011111110111111111111111, sa_flags=SA_RESTART|SA_SIGINFO
SIGTERM: [libjvm.dylib+0x485cb9], sa_mask[0]=11111111011111110111111111111111, sa_flags=SA_RESTART|SA_SIGINFO
SIGQUIT: [libjvm.dylib+0x485cb9], sa_mask[0]=11111111011111110111111111111111, sa_flags=SA_RESTART|SA_SIGINFO


---------------  S Y S T E M  ---------------

OS:Bsduname:Darwin 16.7.0 Darwin Kernel Version 16.7.0: Thu Jan 11 22:59:40 PST 2018; root:xnu-3789.73.8~1/RELEASE_X86_64 x86_64
rlimit: STACK 8192k, CORE 0k, NPROC 709, NOFILE 10240, AS infinity
load average:2.62 2.90 2.67

CPU:total 4 (2 cores per cpu, 2 threads per core) family 6 model 69 stepping 1, cmov, cx8, fxsr, mmx, sse, sse2, sse3, ssse3, sse4.1, sse4.2, popcnt, avx, avx2, aes, clmul, erms, lzcnt, ht, tsc, tscinvbit, bmi1, bmi2

Memory: 4k page, physical 4194304k(107004k free)

/proc/meminfo:


vm_info: Java HotSpot(TM) 64-Bit Server VM (25.121-b13) for bsd-amd64 JRE (1.8.0_121-b13), built on Dec 12 2016 20:39:32 by "java_re" with gcc 4.2.1 (Based on Apple Inc. build 5658) (LLVM build 2336.11.00)

time: Mon Apr 16 23:05:52 2018
elapsed time: 38 seconds (0d 0h 0m 38s)

