#
# A fatal error has been detected by the Java Runtime Environment:
#
#  SIGSEGV (0xb) at pc=0x00007fffd65ee05d, pid=11112, tid=0x0000000000000307
#
# JRE version: Java(TM) SE Runtime Environment (8.0_121-b13) (build 1.8.0_121-b13)
# Java VM: Java HotSpot(TM) 64-Bit Server VM (25.121-b13 mixed mode bsd-amd64 compressed oops)
# Problematic frame:
# C  [libobjc.A.dylib+0x705d]  objc_msgSend+0x1d
#
# Failed to write core dump. Core dumps have been disabled. To enable core dumping, try "ulimit -c unlimited" before starting Java again
#
# If you would like to submit a bug report, please visit:
#   http://bugreport.java.com/bugreport/crash.jsp
# The crash happened outside the Java Virtual Machine in native code.
# See problematic frame for where to report the bug.
#

---------------  T H R E A D  ---------------

Current thread (0x00007fd97a042000):  JavaThread "AWT-AppKit" daemon [_thread_in_native, id=775, stack(0x00007fff544cd000,0x00007fff54ccd000)]

siginfo: si_signo: 11 (SIGSEGV), si_code: 1 (SEGV_MAPERR), si_addr: 0x0000000000000018

Registers:
RAX=0x00007fd97e922980, RBX=0x000000018fe16450, RCX=0x00007fd97b5016f0, RDX=0x0000000000000000
RSP=0x00007fff54cc8148, RBP=0x00007fff54cc8200, RSI=0x00007fffbfe75116, RDI=0x00007fd97eafb660
R8 =0x0000000000000018, R9 =0x00007fd97b501840, R10=0x0000000000000000, R11=0x00007fffbfe75116
R12=0x0000000000000000, R13=0x0000000191da8088, R14=0x000000018fe16440, R15=0x00007fd97a042000
RIP=0x00007fffd65ee05d, EFLAGS=0x0000000000010246, ERR=0x0000000000000004
  TRAPNO=0x000000000000000e

Top of Stack: (sp=0x00007fff54cc8148)
0x00007fff54cc8148:   000000018fe14157 00007fff54cc81a0
0x00007fff54cc8158:   0000000000000003 00007fff54cc8180
0x00007fff54cc8168:   000000010b9f2c62 0000000191da8088
0x00007fff54cc8178:   0000000191da8088 00007fd97e922980
0x00007fff54cc8188:   000000018fe166a0 000000018fe16710
0x00007fff54cc8198:   00007fffdc6546d0 00007fffdd2841e0
0x00007fff54cc81a8:   000000018fe16450 000000018fe16690
0x00007fff54cc81b8:   00007fd97e922980 00007fd97eafb660
0x00007fff54cc81c8:   00007fd978f26340 00007fd97e922980
0x00007fff54cc81d8:   00007fd97eafb660 00007fff54cc8288
0x00007fff54cc81e8:   00007fd97a0421f8 0000000191da8088
0x00007fff54cc81f8:   00007fff54cc82b0 00007fff54cc8278
0x00007fff54cc8208:   000000010d4729f4 0000000191da8088
0x00007fff54cc8218:   00007fff54cc82b0 00007fff54cc8278
0x00007fff54cc8228:   000000010d472787 000000010d472742
0x00007fff54cc8238:   00007fff54cc8238 0000000191da8088
0x00007fff54cc8248:   00007fff54cc82b0 0000000191daacc0
0x00007fff54cc8258:   0000000000000000 0000000191da8088
0x00007fff54cc8268:   0000000000000000 00007fff54cc8298
0x00007fff54cc8278:   00007fff54cc82f8 000000010d4632bd
0x00007fff54cc8288:   0000000780d9b740 000000010d46c538
0x00007fff54cc8298:   00007fd97e922980 00007fff54cc82f8
0x00007fff54cc82a8:   00007fd97eafb660 000000010d46de02
0x00007fff54cc82b8:   00007fff54cc82b8 0000000191da8252
0x00007fff54cc82c8:   00007fff54cc8320 0000000191daacc0
0x00007fff54cc82d8:   0000000000000000 0000000191da8260
0x00007fff54cc82e8:   00007fff54cc8298 00007fff54cc8308
0x00007fff54cc82f8:   00007fff54cc8368 000000010d4632bd
0x00007fff54cc8308:   00007fd97e922980 0000000780da7260
0x00007fff54cc8318:   00007fd97eafb660 0000000780da7260
0x00007fff54cc8328:   00007fff54cc8328 0000000197805c3e
0x00007fff54cc8338:   00007fff54cc8378 0000000197805cf8 

Instructions: (pc=0x00007fffd65ee05d)
0x00007fffd65ee03d:   0f 1f 00 48 85 ff 2e 74 62 40 f6 c7 01 2e 75 66
0x00007fffd65ee04d:   49 ba f8 ff ff ff ff 7f 00 00 4c 23 17 49 89 f3
0x00007fffd65ee05d:   45 23 5a 18 49 c1 e3 04 4d 03 5a 10 49 3b 33 75
0x00007fffd65ee06d:   04 41 ff 63 08 49 83 3b 01 76 0d 49 83 c3 10 49 

Register to memory mapping:

RAX=0x00007fd97e922980 is an unknown value
RBX=0x000000018fe16450: Java_jogamp_nativewindow_macosx_OSXUtil_GetScreenRefreshRate0+0x1cf0 in /private/var/folders/z5/dkh_k18x6bn8z6w6jj1k7pqm0000gn/T/jogamp_0000/file_cache/jln354704397283682450/jln4283335468926541438/libnativewindow_macosx.jnilib at 0x000000018fe0f000
RCX=0x00007fd97b5016f0 is an unknown value
RDX=0x0000000000000000 is an unknown value
RSP=0x00007fff54cc8148 is pointing into the stack for thread: 0x00007fd97a042000
RBP=0x00007fff54cc8200 is pointing into the stack for thread: 0x00007fd97a042000
RSI=0x00007fffbfe75116: __NSStyleNameIndexTable+0x7fd5e in /System/Library/Frameworks/AppKit.framework/Versions/C/AppKit at 0x00007fffbf208000
RDI=0x00007fd97eafb660 is an unknown value
R8 =0x0000000000000018 is an unknown value
R9 =0x00007fd97b501840 is an unknown value
R10=0x0000000000000000 is an unknown value
R11=0x00007fffbfe75116: __NSStyleNameIndexTable+0x7fd5e in /System/Library/Frameworks/AppKit.framework/Versions/C/AppKit at 0x00007fffbf208000
R12=0x0000000000000000 is an unknown value
R13={method} {0x0000000191da8088} 'UnsetJAWTRootSurfaceLayer0' '(JJ)V' in 'jogamp/nativewindow/jawt/macosx/MacOSXJAWTWindow'
R14=0x000000018fe16440: Java_jogamp_nativewindow_macosx_OSXUtil_GetScreenRefreshRate0+0x1ce0 in /private/var/folders/z5/dkh_k18x6bn8z6w6jj1k7pqm0000gn/T/jogamp_0000/file_cache/jln354704397283682450/jln4283335468926541438/libnativewindow_macosx.jnilib at 0x000000018fe0f000
R15=0x00007fd97a042000 is a thread


Stack: [0x00007fff544cd000,0x00007fff54ccd000],  sp=0x00007fff54cc8148,  free space=8172k
Native frames: (J=compiled Java code, j=interpreted, Vv=VM code, C=native code)
C  [libobjc.A.dylib+0x705d]  objc_msgSend+0x1d
j  jogamp.nativewindow.jawt.macosx.MacOSXJAWTWindow.UnsetJAWTRootSurfaceLayer0(JJ)V+0
j  jogamp.nativewindow.jawt.macosx.MacOSXJAWTWindow.access$200(JJ)V+2
j  jogamp.nativewindow.jawt.macosx.MacOSXJAWTWindow$1.run()V+38
J 2608 C1 com.jogamp.common.util.RunnableTask.run()V (345 bytes) @ 0x000000010dcc8374 [0x000000010dcc81e0+0x194]
v  ~StubRoutines::call_stub
V  [libjvm.dylib+0x2ed9d6]  JavaCalls::call_helper(JavaValue*, methodHandle*, JavaCallArguments*, Thread*)+0x6ae
V  [libjvm.dylib+0x324b65]  jni_invoke_nonstatic(JNIEnv_*, JavaValue*, _jobject*, JNICallType, _jmethodID*, JNI_ArgumentPusher*, Thread*)+0x2ec
V  [libjvm.dylib+0x317333]  jni_CallVoidMethod+0x16b
C  [libnativewindow_macosx.jnilib+0x5326]  Java_jogamp_nativewindow_jawt_macosx_MacOSXJAWTWindow_UnsetJAWTRootSurfaceLayer0+0x2b6
C  [Foundation+0x7152a]  __NSThreadPerformPerform+0x146
C  [CoreFoundation+0xa7321]  __CFRUNLOOP_IS_CALLING_OUT_TO_A_SOURCE0_PERFORM_FUNCTION__+0x11
C  [CoreFoundation+0x88197]  __CFRunLoopDoSources0+0x1a7
C  [CoreFoundation+0x87716]  __CFRunLoopRun+0x3a6
C  [CoreFoundation+0x87114]  CFRunLoopRunSpecific+0x1a4
C  [HIToolbox+0x30ebc]  RunCurrentEventLoopInMode+0xf0
C  [HIToolbox+0x30bf9]  ReceiveNextEventCommon+0xb8
C  [HIToolbox+0x30b26]  _BlockUntilNextEventMatchingListInModeWithFilter+0x47
C  [AppKit+0x46a54]  _DPSNextEvent+0x460
C  [AppKit+0x7c27ee]  -[NSApplication(NSEvent) _nextEventMatchingEventMask:untilDate:inMode:dequeue:]+0xaec
C  [libosxapp.dylib+0x23aa]  -[NSApplicationAWT nextEventMatchingMask:untilDate:inMode:dequeue:]+0x7c
C  [AppKit+0x3b3db]  -[NSApplication run]+0x39e
C  [libosxapp.dylib+0x214d]  +[NSApplicationAWT runAWTLoopWithApp:]+0x9c
C  [libawt_lwawt.dylib+0x45ff7]  -[AWTStarter starter:]+0x389
C  [Foundation+0x7152a]  __NSThreadPerformPerform+0x146
C  [CoreFoundation+0xa7321]  __CFRUNLOOP_IS_CALLING_OUT_TO_A_SOURCE0_PERFORM_FUNCTION__+0x11
C  [CoreFoundation+0x8821d]  __CFRunLoopDoSources0+0x22d
C  [CoreFoundation+0x87716]  __CFRunLoopRun+0x3a6
C  [CoreFoundation+0x87114]  CFRunLoopRunSpecific+0x1a4
C  [java+0x6465]  CreateExecutionEnvironment+0x367
C  [java+0x218c]  JLI_Launch+0x7a0
C  [java+0x84c2]  main+0x65
C  [java+0x19e4]  start+0x34
C  0x0000000000000007

Java frames: (J=compiled Java code, j=interpreted, Vv=VM code)
j  jogamp.nativewindow.jawt.macosx.MacOSXJAWTWindow.UnsetJAWTRootSurfaceLayer0(JJ)V+0
j  jogamp.nativewindow.jawt.macosx.MacOSXJAWTWindow.access$200(JJ)V+2
j  jogamp.nativewindow.jawt.macosx.MacOSXJAWTWindow$1.run()V+38
J 2608 C1 com.jogamp.common.util.RunnableTask.run()V (345 bytes) @ 0x000000010dcc8374 [0x000000010dcc81e0+0x194]
v  ~StubRoutines::call_stub

---------------  P R O C E S S  ---------------

Java Threads: ( => current thread )
  0x00007fd97f088800 JavaThread "Thread-55" [_thread_blocked, id=77247, stack(0x00007000072bc000,0x00007000073bc000)]
  0x00007fd979295000 JavaThread "AWT-EventQueue-1" [_thread_in_native, id=68647, stack(0x0000700007136000,0x0000700007236000)]
  0x00007fd979a25800 JavaThread "DestroyJavaVM" [_thread_blocked, id=7171, stack(0x0000700005aee000,0x0000700005bee000)]
  0x00007fd97a9bb000 JavaThread "AWT-EventQueue-0" [_thread_blocked, id=60171, stack(0x0000700006f30000,0x0000700007030000)]
  0x00007fd97a151000 JavaThread "Java2D Disposer" daemon [_thread_blocked, id=56591, stack(0x0000700006ca7000,0x0000700006da7000)]
  0x00007fd9799b5000 JavaThread "Java2D Queue Flusher" daemon [_thread_blocked, id=54535, stack(0x0000700006ba4000,0x0000700006ca4000)]
  0x00007fd9791ab000 JavaThread "AWT-Shutdown" [_thread_blocked, id=29727, stack(0x000070000699b000,0x0000700006a9b000)]
=>0x00007fd97a042000 JavaThread "AWT-AppKit" daemon [_thread_in_native, id=775, stack(0x00007fff544cd000,0x00007fff54ccd000)]
  0x00007fd979038000 JavaThread "Service Thread" daemon [_thread_blocked, id=18691, stack(0x0000700006712000,0x0000700006812000)]
  0x00007fd979044800 JavaThread "C1 CompilerThread2" daemon [_thread_blocked, id=18179, stack(0x000070000660f000,0x000070000670f000)]
  0x00007fd979044000 JavaThread "C2 CompilerThread1" daemon [_thread_in_native, id=17667, stack(0x000070000650c000,0x000070000660c000)]
  0x00007fd979042800 JavaThread "C2 CompilerThread0" daemon [_thread_blocked, id=17155, stack(0x0000700006409000,0x0000700006509000)]
  0x00007fd97905d000 JavaThread "Signal Dispatcher" daemon [_thread_blocked, id=16643, stack(0x0000700006306000,0x0000700006406000)]
  0x00007fd979031800 JavaThread "Finalizer" daemon [_thread_blocked, id=12547, stack(0x0000700006203000,0x0000700006303000)]
  0x00007fd979030800 JavaThread "Reference Handler" daemon [_thread_blocked, id=12035, stack(0x0000700006100000,0x0000700006200000)]

Other Threads:
  0x00007fd979812000 VMThread [stack: 0x0000700005ffd000,0x00007000060fd000] [id=11523]
  0x00007fd97a805800 WatcherThread [stack: 0x0000700006815000,0x0000700006915000] [id=19203]

VM state:not at safepoint (normal execution)

VM Mutex/Monitor currently owned by a thread: None

Heap:
 PSYoungGen      total 60416K, used 40460K [0x00000007aab00000, 0x00000007b0180000, 0x00000007c0000000)
  eden space 48128K, 65% used [0x00000007aab00000,0x00000007ac9a7068,0x00000007ada00000)
  from space 12288K, 73% used [0x00000007ada00000,0x00000007ae2dc250,0x00000007ae600000)
  to   space 12800K, 0% used [0x00000007af500000,0x00000007af500000,0x00000007b0180000)
 ParOldGen       total 45568K, used 17360K [0x0000000780000000, 0x0000000782c80000, 0x00000007aab00000)
  object space 45568K, 38% used [0x0000000780000000,0x00000007810f40a8,0x0000000782c80000)
 Metaspace       used 21891K, capacity 22171K, committed 22528K, reserved 1069056K
  class space    used 2143K, capacity 2236K, committed 2304K, reserved 1048576K

Card table byte_map: [0x000000010cb6b000,0x000000010cd6c000] byte_map_base: 0x0000000108f6b000

Marking Bits: (ParMarkBitMap*) 0x000000010c0f0d30
 Begin Bits: [0x000000011c45b000, 0x000000011d45b000)
 End Bits:   [0x000000011d45b000, 0x000000011e45b000)

Polling page: 0x000000010aff3000

CodeCache: size=245760Kb used=9380Kb max_used=10111Kb free=236379Kb
 bounds [0x000000010d45b000, 0x000000010de5b000, 0x000000011c45b000]
 total_blobs=3610 nmethods=2712 adapters=811
 compilation: enabled

Compilation events (10 events):
Event: 32.648 Thread 0x00007fd979042800 3136   !   4       de.fhpotsdam.unfolding.mapdisplay.Java2DMapDisplay::getScreenPosition (37 bytes)
Event: 32.648 Thread 0x00007fd979044800 nmethod 3135 0x000000010d9f7fd0 code [0x000000010d9f81c0, 0x000000010d9f8918]
Event: 32.674 Thread 0x00007fd979042800 nmethod 3136 0x000000010d87a390 code [0x000000010d87a5c0, 0x000000010d87b1d8]
Event: 32.912 Thread 0x00007fd979044000 3137       4       de.fhpotsdam.unfolding.mapdisplay.Java2DMapDisplay::draw (331 bytes)
Event: 33.183 Thread 0x00007fd979044800 3138   !   3       java.awt.KeyboardFocusManager::retargetFocusEvent (244 bytes)
Event: 33.188 Thread 0x00007fd979044800 nmethod 3138 0x000000010d831910 code [0x000000010d831da0, 0x000000010d834d38]
Event: 33.194 Thread 0x00007fd979044800 3139       3       java.awt.Toolkit::notifyAWTEventListeners (36 bytes)
Event: 33.195 Thread 0x00007fd979044800 nmethod 3139 0x000000010da6a490 code [0x000000010da6a640, 0x000000010da6abe8]
Event: 33.212 Thread 0x00007fd979044800 3140       1       sun.java2d.SurfaceData::isValid (5 bytes)
Event: 33.212 Thread 0x00007fd979044800 nmethod 3140 0x000000010d9f7d10 code [0x000000010d9f7e60, 0x000000010d9f7f70]

GC Heap History (10 events):
Event: 12.278 GC heap before
{Heap before GC invocations=8 (full 1):
 PSYoungGen      total 32768K, used 27584K [0x00000007aab00000, 0x00000007adb00000, 0x00000007c0000000)
  eden space 26624K, 100% used [0x00000007aab00000,0x00000007ac500000,0x00000007ac500000)
  from space 6144K, 15% used [0x00000007ad500000,0x00000007ad5f0030,0x00000007adb00000)
  to   space 11264K, 0% used [0x00000007ac500000,0x00000007ac500000,0x00000007ad000000)
 ParOldGen       total 45568K, used 15658K [0x0000000780000000, 0x0000000782c80000, 0x00000007aab00000)
  object space 45568K, 34% used [0x0000000780000000,0x0000000780f4ab48,0x0000000782c80000)
 Metaspace       used 21525K, capacity 21787K, committed 22016K, reserved 1069056K
  class space    used 2134K, capacity 2236K, committed 2304K, reserved 1048576K
Event: 12.280 GC heap after
Heap after GC invocations=8 (full 1):
 PSYoungGen      total 37888K, used 1338K [0x00000007aab00000, 0x00000007ae980000, 0x00000007c0000000)
  eden space 26624K, 0% used [0x00000007aab00000,0x00000007aab00000,0x00000007ac500000)
  from space 11264K, 11% used [0x00000007ac500000,0x00000007ac64e968,0x00000007ad000000)
  to   space 11264K, 0% used [0x00000007ade80000,0x00000007ade80000,0x00000007ae980000)
 ParOldGen       total 45568K, used 15666K [0x0000000780000000, 0x0000000782c80000, 0x00000007aab00000)
  object space 45568K, 34% used [0x0000000780000000,0x0000000780f4cb48,0x0000000782c80000)
 Metaspace       used 21525K, capacity 21787K, committed 22016K, reserved 1069056K
  class space    used 2134K, capacity 2236K, committed 2304K, reserved 1048576K
}
Event: 16.743 GC heap before
{Heap before GC invocations=9 (full 1):
 PSYoungGen      total 37888K, used 27962K [0x00000007aab00000, 0x00000007ae980000, 0x00000007c0000000)
  eden space 26624K, 100% used [0x00000007aab00000,0x00000007ac500000,0x00000007ac500000)
  from space 11264K, 11% used [0x00000007ac500000,0x00000007ac64e968,0x00000007ad000000)
  to   space 11264K, 0% used [0x00000007ade80000,0x00000007ade80000,0x00000007ae980000)
 ParOldGen       total 45568K, used 15666K [0x0000000780000000, 0x0000000782c80000, 0x00000007aab00000)
  object space 45568K, 34% used [0x0000000780000000,0x0000000780f4cb48,0x0000000782c80000)
 Metaspace       used 21748K, capacity 21979K, committed 22272K, reserved 1069056K
  class space    used 2135K, capacity 2236K, committed 2304K, reserved 1048576K
Event: 16.746 GC heap after
Heap after GC invocations=9 (full 1):
 PSYoungGen      total 49664K, used 1256K [0x00000007aab00000, 0x00000007ae800000, 0x00000007c0000000)
  eden space 39936K, 0% used [0x00000007aab00000,0x00000007aab00000,0x00000007ad200000)
  from space 9728K, 12% used [0x00000007ade80000,0x00000007adfba060,0x00000007ae800000)
  to   space 11264K, 0% used [0x00000007ad200000,0x00000007ad200000,0x00000007add00000)
 ParOldGen       total 45568K, used 15674K [0x0000000780000000, 0x0000000782c80000, 0x00000007aab00000)
  object space 45568K, 34% used [0x0000000780000000,0x0000000780f4eb48,0x0000000782c80000)
 Metaspace       used 21748K, capacity 21979K, committed 22272K, reserved 1069056K
  class space    used 2135K, capacity 2236K, committed 2304K, reserved 1048576K
}
Event: 21.966 GC heap before
{Heap before GC invocations=10 (full 1):
 PSYoungGen      total 49664K, used 41192K [0x00000007aab00000, 0x00000007ae800000, 0x00000007c0000000)
  eden space 39936K, 100% used [0x00000007aab00000,0x00000007ad200000,0x00000007ad200000)
  from space 9728K, 12% used [0x00000007ade80000,0x00000007adfba060,0x00000007ae800000)
  to   space 11264K, 0% used [0x00000007ad200000,0x00000007ad200000,0x00000007add00000)
 ParOldGen       total 45568K, used 15674K [0x0000000780000000, 0x0000000782c80000, 0x00000007aab00000)
  object space 45568K, 34% used [0x0000000780000000,0x0000000780f4eb48,0x0000000782c80000)
 Metaspace       used 21788K, capacity 22043K, committed 22272K, reserved 1069056K
  class space    used 2135K, capacity 2236K, committed 2304K, reserved 1048576K
Event: 21.972 GC heap after
Heap after GC invocations=10 (full 1):
 PSYoungGen      total 51200K, used 4072K [0x00000007aab00000, 0x00000007af000000, 0x00000007c0000000)
  eden space 39936K, 0% used [0x00000007aab00000,0x00000007aab00000,0x00000007ad200000)
  from space 11264K, 36% used [0x00000007ad200000,0x00000007ad5fa140,0x00000007add00000)
  to   space 10240K, 0% used [0x00000007ae600000,0x00000007ae600000,0x00000007af000000)
 ParOldGen       total 45568K, used 15682K [0x0000000780000000, 0x0000000782c80000, 0x00000007aab00000)
  object space 45568K, 34% used [0x0000000780000000,0x0000000780f50b48,0x0000000782c80000)
 Metaspace       used 21788K, capacity 22043K, committed 22272K, reserved 1069056K
  class space    used 2135K, capacity 2236K, committed 2304K, reserved 1048576K
}
Event: 23.012 GC heap before
{Heap before GC invocations=11 (full 1):
 PSYoungGen      total 51200K, used 44008K [0x00000007aab00000, 0x00000007af000000, 0x00000007c0000000)
  eden space 39936K, 100% used [0x00000007aab00000,0x00000007ad200000,0x00000007ad200000)
  from space 11264K, 36% used [0x00000007ad200000,0x00000007ad5fa140,0x00000007add00000)
  to   space 10240K, 0% used [0x00000007ae600000,0x00000007ae600000,0x00000007af000000)
 ParOldGen       total 45568K, used 15682K [0x0000000780000000, 0x0000000782c80000, 0x00000007aab00000)
  object space 45568K, 34% used [0x0000000780000000,0x0000000780f50b48,0x0000000782c80000)
 Metaspace       used 21821K, capacity 22043K, committed 22272K, reserved 1069056K
  class space    used 2135K, capacity 2236K, committed 2304K, reserved 1048576K
Event: 23.033 GC heap after
Heap after GC invocations=11 (full 1):
 PSYoungGen      total 58368K, used 10232K [0x00000007aab00000, 0x00000007af780000, 0x00000007c0000000)
  eden space 48128K, 0% used [0x00000007aab00000,0x00000007aab00000,0x00000007ada00000)
  from space 10240K, 99% used [0x00000007ae600000,0x00000007aeffe2b0,0x00000007af000000)
  to   space 12288K, 0% used [0x00000007ada00000,0x00000007ada00000,0x00000007ae600000)
 ParOldGen       total 45568K, used 16210K [0x0000000780000000, 0x0000000782c80000, 0x00000007aab00000)
  object space 45568K, 35% used [0x0000000780000000,0x0000000780fd4b68,0x0000000782c80000)
 Metaspace       used 21821K, capacity 22043K, committed 22272K, reserved 1069056K
  class space    used 2135K, capacity 2236K, committed 2304K, reserved 1048576K
}
Event: 29.247 GC heap before
{Heap before GC invocations=12 (full 1):
 PSYoungGen      total 58368K, used 58360K [0x00000007aab00000, 0x00000007af780000, 0x00000007c0000000)
  eden space 48128K, 100% used [0x00000007aab00000,0x00000007ada00000,0x00000007ada00000)
  from space 10240K, 99% used [0x00000007ae600000,0x00000007aeffe2b0,0x00000007af000000)
  to   space 12288K, 0% used [0x00000007ada00000,0x00000007ada00000,0x00000007ae600000)
 ParOldGen       total 45568K, used 16210K [0x0000000780000000, 0x0000000782c80000, 0x00000007aab00000)
  object space 45568K, 35% used [0x0000000780000000,0x0000000780fd4b68,0x0000000782c80000)
 Metaspace       used 21843K, capacity 22107K, committed 22272K, reserved 1069056K
  class space    used 2135K, capacity 2236K, committed 2304K, reserved 1048576K
Event: 29.256 GC heap after
Heap after GC invocations=12 (full 1):
 PSYoungGen      total 60416K, used 9072K [0x00000007aab00000, 0x00000007b0180000, 0x00000007c0000000)
  eden space 48128K, 0% used [0x00000007aab00000,0x00000007aab00000,0x00000007ada00000)
  from space 12288K, 73% used [0x00000007ada00000,0x00000007ae2dc250,0x00000007ae600000)
  to   space 12800K, 0% used [0x00000007af500000,0x00000007af500000,0x00000007b0180000)
 ParOldGen       total 45568K, used 17360K [0x0000000780000000, 0x0000000782c80000, 0x00000007aab00000)
  object space 45568K, 38% used [0x0000000780000000,0x00000007810f40a8,0x0000000782c80000)
 Metaspace       used 21843K, capacity 22107K, committed 22272K, reserved 1069056K
  class space    used 2135K, capacity 2236K, committed 2304K, reserved 1048576K
}

Deoptimization events (10 events):
Event: 22.085 Thread 0x00007fd97a0d6000 Uncommon trap: reason=class_check action=maybe_recompile pc=0x000000010da26264 method=java.io.BufferedInputStream.read1([BII)I @ 39
Event: 22.113 Thread 0x00007fd979a3a000 Uncommon trap: reason=unstable_if action=reinterpret pc=0x000000010da2d5c0 method=java.awt.image.IndexColorModel.getDataElements(ILjava/lang/Object;)Ljava/lang/Object; @ 70
Event: 22.679 Thread 0x00007fd979295000 Uncommon trap: reason=unstable_if action=reinterpret pc=0x000000010d96e0d4 method=java.lang.Math.round(F)I @ 36
Event: 22.679 Thread 0x00007fd979295000 Uncommon trap: reason=unstable_if action=reinterpret pc=0x000000010dae7864 method=java.lang.Math.round(F)I @ 36
Event: 33.179 Thread 0x00007fd979295000 Uncommon trap: reason=unstable_if action=reinterpret pc=0x000000010d9fba28 method=com.jogamp.common.util.VersionNumber.compareTo(Lcom/jogamp/common/util/VersionNumber;)I @ 21
Event: 33.179 Thread 0x00007fd97a9bb000 Uncommon trap: reason=unstable_if action=reinterpret pc=0x000000010d93bfc8 method=java.awt.EventQueue.getPriority(Ljava/awt/AWTEvent;)I @ 71
Event: 33.184 Thread 0x00007fd97a9bb000 Uncommon trap: reason=unstable_if action=reinterpret pc=0x000000010db202d4 method=java.awt.Font.equals(Ljava/lang/Object;)Z @ 2
Event: 33.210 Thread 0x00007fd97a914800 Uncommon trap: reason=unstable_if action=reinterpret pc=0x000000010d9811cc method=java.util.HashMap.putVal(ILjava/lang/Object;Ljava/lang/Object;ZZ)Ljava/lang/Object; @ 81
Event: 33.210 Thread 0x00007fd97a914800 Uncommon trap: reason=unstable_if action=reinterpret pc=0x000000010d983300 method=java.util.HashMap.putVal(ILjava/lang/Object;Ljava/lang/Object;ZZ)Ljava/lang/Object; @ 81
Event: 33.229 Thread 0x00007fd979295000 Uncommon trap: reason=unstable_if action=reinterpret pc=0x000000010dcba7c0 method=java.security.AccessControlContext.optimize()Ljava/security/AccessControlContext; @ 233

Internal exceptions (10 events):
Event: 0.262 Thread 0x00007fd97a000800 Exception <a 'java/lang/NoSuchFieldError': method resolution failed> (0x00000007aacc89d8) thrown at [/Users/java_re/workspace/8-2-build-macosx-x86_64/jdk8u121/8372/hotspot/src/share/vm/prims/methodHandles.cpp, line 1146]
Event: 0.264 Thread 0x00007fd97a000800 Exception <a 'java/lang/NoSuchFieldError': method resolution failed> (0x00000007aacd61a8) thrown at [/Users/java_re/workspace/8-2-build-macosx-x86_64/jdk8u121/8372/hotspot/src/share/vm/prims/methodHandles.cpp, line 1146]
Event: 0.510 Thread 0x00007fd97a000800 Exception <a 'java/io/FileNotFoundException'> (0x00000007aad52d98) thrown at [/Users/java_re/workspace/8-2-build-macosx-x86_64/jdk8u121/8372/hotspot/src/share/vm/prims/jni.cpp, line 709]
Event: 0.510 Thread 0x00007fd97a000800 Exception <a 'java/io/FileNotFoundException'> (0x00000007aad538e8) thrown at [/Users/java_re/workspace/8-2-build-macosx-x86_64/jdk8u121/8372/hotspot/src/share/vm/prims/jni.cpp, line 709]
Event: 0.716 Thread 0x00007fd97a000800 Exception <a 'java/io/FileNotFoundException'> (0x00000007aae8c378) thrown at [/Users/java_re/workspace/8-2-build-macosx-x86_64/jdk8u121/8372/hotspot/src/share/vm/prims/jni.cpp, line 709]
Event: 3.842 Thread 0x00007fd979031800 Exception <a 'java/lang/NullPointerException'> (0x00000007aab8b070) thrown at [/Users/java_re/workspace/8-2-build-macosx-x86_64/jdk8u121/8372/hotspot/src/share/vm/interpreter/linkResolver.cpp, line 1178]
Event: 3.942 Thread 0x00007fd9799c1800 Exception <a 'java/lang/UnsatisfiedLinkError': com.jogamp.common.util.JarUtil.fixNativeLibAttribs(Ljava/lang/String;)Z> (0x00000007aaf7e3d8) thrown at [/Users/java_re/workspace/8-2-build-macosx-x86_64/jdk8u121/8372/hotspot/src/share/vm/prims/nativeLookup.
Event: 5.263 Thread 0x00007fd979295000 Exception <a 'java/io/FileNotFoundException'> (0x00000007ab129978) thrown at [/Users/java_re/workspace/8-2-build-macosx-x86_64/jdk8u121/8372/hotspot/src/share/vm/prims/jni.cpp, line 709]
Event: 5.264 Thread 0x00007fd979295000 Exception <a 'java/io/FileNotFoundException'> (0x00000007ab12fb60) thrown at [/Users/java_re/workspace/8-2-build-macosx-x86_64/jdk8u121/8372/hotspot/src/share/vm/prims/jni.cpp, line 709]
Event: 5.264 Thread 0x00007fd979295000 Implicit null exception at 0x000000010d6153f6 to 0x000000010d6157c5

Events (10 events):
Event: 33.229 loading class java/awt/LightweightDispatcher$2 done
Event: 33.229 loading class java/awt/event/AWTEventListenerProxy
Event: 33.230 loading class java/awt/event/AWTEventListenerProxy done
Event: 33.230 Executing VM operation: Deoptimize
Event: 33.230 Executing VM operation: Deoptimize done
Event: 33.230 loading class java/awt/Toolkit$ToolkitEventMulticaster
Event: 33.230 loading class java/awt/Toolkit$ToolkitEventMulticaster done
Event: 33.231 Thread 0x00007fd97a914800 Thread exited: 0x00007fd97a914800
Event: 33.232 loading class java/awt/Window$1DisposeAction
Event: 33.232 loading class java/awt/Window$1DisposeAction done


Dynamic libraries:
0x000000004c357000 	/System/Library/Frameworks/Cocoa.framework/Versions/A/Cocoa
0x000000004c357000 	/System/Library/Frameworks/Security.framework/Versions/A/Security
0x000000004c357000 	/System/Library/Frameworks/ApplicationServices.framework/Versions/A/ApplicationServices
0x000000004c357000 	/usr/lib/libz.1.dylib
0x000000004c357000 	/usr/lib/libSystem.B.dylib
0x000000004c357000 	/usr/lib/libobjc.A.dylib
0x000000004c357000 	/System/Library/Frameworks/CoreFoundation.framework/Versions/A/CoreFoundation
0x000000004c357000 	/System/Library/Frameworks/Foundation.framework/Versions/C/Foundation
0x000000004c357000 	/System/Library/Frameworks/AppKit.framework/Versions/C/AppKit
0x000000004c357000 	/System/Library/Frameworks/CoreData.framework/Versions/A/CoreData
0x000000004c357000 	/System/Library/PrivateFrameworks/RemoteViewServices.framework/Versions/A/RemoteViewServices
0x000000004c357000 	/System/Library/PrivateFrameworks/UIFoundation.framework/Versions/A/UIFoundation
0x000000004c357000 	/System/Library/PrivateFrameworks/DFRFoundation.framework/Versions/A/DFRFoundation
0x000000004c357000 	/usr/lib/libenergytrace.dylib
0x000000004c357000 	/System/Library/PrivateFrameworks/SkyLight.framework/Versions/A/SkyLight
0x000000004c357000 	/System/Library/Frameworks/CoreGraphics.framework/Versions/A/CoreGraphics
0x000000004c357000 	/usr/lib/libScreenReader.dylib
0x000000004c357000 	/System/Library/Frameworks/Accelerate.framework/Versions/A/Accelerate
0x000000004c357000 	/System/Library/Frameworks/IOSurface.framework/Versions/A/IOSurface
0x000000004c357000 	/System/Library/Frameworks/AudioToolbox.framework/Versions/A/AudioToolbox
0x000000004c357000 	/System/Library/Frameworks/AudioUnit.framework/Versions/A/AudioUnit
0x000000004c357000 	/System/Library/PrivateFrameworks/DataDetectorsCore.framework/Versions/A/DataDetectorsCore
0x000000004c357000 	/System/Library/PrivateFrameworks/DesktopServicesPriv.framework/Versions/A/DesktopServicesPriv
0x000000004c357000 	/System/Library/Frameworks/Carbon.framework/Versions/A/Frameworks/HIToolbox.framework/Versions/A/HIToolbox
0x000000004c357000 	/usr/lib/libicucore.A.dylib
0x000000004c357000 	/System/Library/Frameworks/QuartzCore.framework/Versions/A/QuartzCore
0x000000004c357000 	/System/Library/Frameworks/Carbon.framework/Versions/A/Frameworks/SpeechRecognition.framework/Versions/A/SpeechRecognition
0x000000004c357000 	/usr/lib/libauto.dylib
0x000000004c357000 	/usr/lib/libxml2.2.dylib
0x000000004c357000 	/System/Library/PrivateFrameworks/CoreUI.framework/Versions/A/CoreUI
0x000000004c357000 	/System/Library/Frameworks/CoreAudio.framework/Versions/A/CoreAudio
0x000000004c357000 	/System/Library/Frameworks/DiskArbitration.framework/Versions/A/DiskArbitration
0x000000004c357000 	/usr/lib/liblangid.dylib
0x000000004c357000 	/System/Library/PrivateFrameworks/MultitouchSupport.framework/Versions/A/MultitouchSupport
0x000000004c357000 	/System/Library/Frameworks/IOKit.framework/Versions/A/IOKit
0x000000004c357000 	/usr/lib/libDiagnosticMessagesClient.dylib
0x000000004c357000 	/System/Library/Frameworks/CoreServices.framework/Versions/A/CoreServices
0x000000004c357000 	/System/Library/PrivateFrameworks/PerformanceAnalysis.framework/Versions/A/PerformanceAnalysis
0x000000004c357000 	/System/Library/PrivateFrameworks/GenerationalStorage.framework/Versions/A/GenerationalStorage
0x000000004c357000 	/System/Library/Frameworks/OpenGL.framework/Versions/A/OpenGL
0x000000004c357000 	/System/Library/Frameworks/CoreImage.framework/Versions/A/CoreImage
0x000000004c357000 	/System/Library/Frameworks/CoreText.framework/Versions/A/CoreText
0x000000004c357000 	/System/Library/Frameworks/ImageIO.framework/Versions/A/ImageIO
0x000000004c357000 	/System/Library/PrivateFrameworks/Backup.framework/Versions/A/Backup
0x000000004c357000 	/usr/lib/libarchive.2.dylib
0x000000004c357000 	/System/Library/Frameworks/CFNetwork.framework/Versions/A/CFNetwork
0x000000004c357000 	/System/Library/Frameworks/SystemConfiguration.framework/Versions/A/SystemConfiguration
0x000000004c357000 	/usr/lib/libCRFSuite.dylib
0x000000004c357000 	/usr/lib/libc++.1.dylib
0x000000004c357000 	/usr/lib/libc++abi.dylib
0x000000004c357000 	/usr/lib/system/libcache.dylib
0x000000004c357000 	/usr/lib/system/libcommonCrypto.dylib
0x000000004c357000 	/usr/lib/system/libcompiler_rt.dylib
0x000000004c357000 	/usr/lib/system/libcopyfile.dylib
0x000000004c357000 	/usr/lib/system/libcorecrypto.dylib
0x000000004c357000 	/usr/lib/system/libdispatch.dylib
0x000000004c357000 	/usr/lib/system/libdyld.dylib
0x000000004c357000 	/usr/lib/system/libkeymgr.dylib
0x000000004c357000 	/usr/lib/system/liblaunch.dylib
0x000000004c357000 	/usr/lib/system/libmacho.dylib
0x000000004c357000 	/usr/lib/system/libquarantine.dylib
0x000000004c357000 	/usr/lib/system/libremovefile.dylib
0x000000004c357000 	/usr/lib/system/libsystem_asl.dylib
0x000000004c357000 	/usr/lib/system/libsystem_blocks.dylib
0x000000004c357000 	/usr/lib/system/libsystem_c.dylib
0x000000004c357000 	/usr/lib/system/libsystem_configuration.dylib
0x000000004c357000 	/usr/lib/system/libsystem_coreservices.dylib
0x000000004c357000 	/usr/lib/system/libsystem_coretls.dylib
0x000000004c357000 	/usr/lib/system/libsystem_dnssd.dylib
0x000000004c357000 	/usr/lib/system/libsystem_info.dylib
0x000000004c357000 	/usr/lib/system/libsystem_kernel.dylib
0x000000004c357000 	/usr/lib/system/libsystem_m.dylib
0x000000004c357000 	/usr/lib/system/libsystem_malloc.dylib
0x000000004c357000 	/usr/lib/system/libsystem_network.dylib
0x000000004c357000 	/usr/lib/system/libsystem_networkextension.dylib
0x000000004c357000 	/usr/lib/system/libsystem_notify.dylib
0x000000004c357000 	/usr/lib/system/libsystem_platform.dylib
0x000000004c357000 	/usr/lib/system/libsystem_pthread.dylib
0x000000004c357000 	/usr/lib/system/libsystem_sandbox.dylib
0x000000004c357000 	/usr/lib/system/libsystem_secinit.dylib
0x000000004c357000 	/usr/lib/system/libsystem_symptoms.dylib
0x000000004c357000 	/usr/lib/system/libsystem_trace.dylib
0x000000004c357000 	/usr/lib/system/libunwind.dylib
0x000000004c357000 	/usr/lib/system/libxpc.dylib
0x000000004c357000 	/usr/lib/libbsm.0.dylib
0x000000004c357000 	/usr/lib/system/libkxld.dylib
0x000000004c357000 	/usr/lib/libcoretls.dylib
0x000000004c357000 	/usr/lib/libcoretls_cfhelpers.dylib
0x000000004c357000 	/usr/lib/libOpenScriptingUtil.dylib
0x000000004c357000 	/usr/lib/libpam.2.dylib
0x000000004c357000 	/usr/lib/libsqlite3.dylib
0x000000004c357000 	/usr/lib/libxar.1.dylib
0x000000004c357000 	/usr/lib/libbz2.1.0.dylib
0x000000004c357000 	/usr/lib/liblzma.5.dylib
0x000000004c357000 	/usr/lib/libnetwork.dylib
0x000000004c357000 	/usr/lib/libpcap.A.dylib
0x000000004c357000 	/System/Library/Frameworks/CoreServices.framework/Versions/A/Frameworks/FSEvents.framework/Versions/A/FSEvents
0x000000004c357000 	/System/Library/Frameworks/CoreServices.framework/Versions/A/Frameworks/CarbonCore.framework/Versions/A/CarbonCore
0x000000004c357000 	/System/Library/Frameworks/CoreServices.framework/Versions/A/Frameworks/Metadata.framework/Versions/A/Metadata
0x000000004c357000 	/System/Library/Frameworks/CoreServices.framework/Versions/A/Frameworks/OSServices.framework/Versions/A/OSServices
0x000000004c357000 	/System/Library/Frameworks/CoreServices.framework/Versions/A/Frameworks/SearchKit.framework/Versions/A/SearchKit
0x000000004c357000 	/System/Library/Frameworks/CoreServices.framework/Versions/A/Frameworks/AE.framework/Versions/A/AE
0x000000004c357000 	/System/Library/Frameworks/CoreServices.framework/Versions/A/Frameworks/LaunchServices.framework/Versions/A/LaunchServices
0x000000004c357000 	/System/Library/Frameworks/CoreServices.framework/Versions/A/Frameworks/DictionaryServices.framework/Versions/A/DictionaryServices
0x000000004c357000 	/System/Library/Frameworks/CoreServices.framework/Versions/A/Frameworks/SharedFileList.framework/Versions/A/SharedFileList
0x000000004c357000 	/System/Library/Frameworks/NetFS.framework/Versions/A/NetFS
0x000000004c357000 	/System/Library/PrivateFrameworks/NetAuth.framework/Versions/A/NetAuth
0x000000004c357000 	/System/Library/PrivateFrameworks/login.framework/Versions/A/Frameworks/loginsupport.framework/Versions/A/loginsupport
0x000000004c357000 	/System/Library/PrivateFrameworks/TCC.framework/Versions/A/TCC
0x000000004c357000 	/usr/lib/libmecabra.dylib
0x000000004c357000 	/System/Library/Frameworks/ApplicationServices.framework/Versions/A/Frameworks/ATS.framework/Versions/A/ATS
0x000000004c357000 	/System/Library/Frameworks/ApplicationServices.framework/Versions/A/Frameworks/ColorSync.framework/Versions/A/ColorSync
0x000000004c357000 	/System/Library/Frameworks/ApplicationServices.framework/Versions/A/Frameworks/HIServices.framework/Versions/A/HIServices
0x000000004c357000 	/System/Library/Frameworks/ApplicationServices.framework/Versions/A/Frameworks/LangAnalysis.framework/Versions/A/LangAnalysis
0x000000004c357000 	/System/Library/Frameworks/ApplicationServices.framework/Versions/A/Frameworks/PrintCore.framework/Versions/A/PrintCore
0x000000004c357000 	/System/Library/Frameworks/ApplicationServices.framework/Versions/A/Frameworks/QD.framework/Versions/A/QD
0x000000004c357000 	/System/Library/Frameworks/ApplicationServices.framework/Versions/A/Frameworks/SpeechSynthesis.framework/Versions/A/SpeechSynthesis
0x000000004c357000 	/System/Library/Frameworks/Accelerate.framework/Versions/A/Frameworks/vImage.framework/Versions/A/vImage
0x000000004c357000 	/System/Library/Frameworks/Accelerate.framework/Versions/A/Frameworks/vecLib.framework/Versions/A/vecLib
0x000000004c357000 	/System/Library/Frameworks/Accelerate.framework/Versions/A/Frameworks/vecLib.framework/Versions/A/libvDSP.dylib
0x000000004c357000 	/System/Library/Frameworks/Accelerate.framework/Versions/A/Frameworks/vecLib.framework/Versions/A/libBNNS.dylib
0x000000004c357000 	/System/Library/Frameworks/Accelerate.framework/Versions/A/Frameworks/vecLib.framework/Versions/A/libQuadrature.dylib
0x000000004c357000 	/System/Library/Frameworks/Accelerate.framework/Versions/A/Frameworks/vecLib.framework/Versions/A/libvMisc.dylib
0x000000004c357000 	/System/Library/Frameworks/Accelerate.framework/Versions/A/Frameworks/vecLib.framework/Versions/A/libLAPACK.dylib
0x000000004c357000 	/System/Library/Frameworks/Accelerate.framework/Versions/A/Frameworks/vecLib.framework/Versions/A/libBLAS.dylib
0x000000004c357000 	/System/Library/Frameworks/Accelerate.framework/Versions/A/Frameworks/vecLib.framework/Versions/A/libLinearAlgebra.dylib
0x000000004c357000 	/System/Library/Frameworks/Accelerate.framework/Versions/A/Frameworks/vecLib.framework/Versions/A/libSparseBLAS.dylib
0x000000004c357000 	/System/Library/Frameworks/ApplicationServices.framework/Versions/A/Frameworks/ATS.framework/Versions/A/Resources/libFontParser.dylib
0x000000004c357000 	/System/Library/Frameworks/ApplicationServices.framework/Versions/A/Frameworks/ATS.framework/Versions/A/Resources/libFontRegistry.dylib
0x000000004c357000 	/System/Library/Frameworks/ImageIO.framework/Versions/A/Resources/libJPEG.dylib
0x000000004c357000 	/System/Library/Frameworks/ImageIO.framework/Versions/A/Resources/libTIFF.dylib
0x000000004c357000 	/System/Library/Frameworks/ImageIO.framework/Versions/A/Resources/libPng.dylib
0x000000004c357000 	/System/Library/Frameworks/ImageIO.framework/Versions/A/Resources/libGIF.dylib
0x000000004c357000 	/System/Library/Frameworks/ImageIO.framework/Versions/A/Resources/libJP2.dylib
0x000000004c357000 	/System/Library/Frameworks/ImageIO.framework/Versions/A/Resources/libRadiance.dylib
0x000000004c357000 	/usr/lib/libcompression.dylib
0x000000004c357000 	/System/Library/PrivateFrameworks/AppleJPEG.framework/Versions/A/AppleJPEG
0x000000004c357000 	/usr/lib/libcups.2.dylib
0x000000004c357000 	/System/Library/Frameworks/Kerberos.framework/Versions/A/Kerberos
0x000000004c357000 	/System/Library/Frameworks/GSS.framework/Versions/A/GSS
0x000000004c357000 	/usr/lib/libresolv.9.dylib
0x000000004c357000 	/usr/lib/libiconv.2.dylib
0x000000004c357000 	/System/Library/PrivateFrameworks/Heimdal.framework/Versions/A/Heimdal
0x000000004c357000 	/usr/lib/libheimdal-asn1.dylib
0x000000004c357000 	/System/Library/Frameworks/OpenDirectory.framework/Versions/A/OpenDirectory
0x000000004c357000 	/System/Library/PrivateFrameworks/CommonAuth.framework/Versions/A/CommonAuth
0x000000004c357000 	/System/Library/Frameworks/OpenDirectory.framework/Versions/A/Frameworks/CFOpenDirectory.framework/Versions/A/CFOpenDirectory
0x000000004c357000 	/System/Library/Frameworks/SecurityFoundation.framework/Versions/A/SecurityFoundation
0x000000004c357000 	/System/Library/PrivateFrameworks/LanguageModeling.framework/Versions/A/LanguageModeling
0x000000004c357000 	/usr/lib/libmarisa.dylib
0x000000004c357000 	/usr/lib/libChineseTokenizer.dylib
0x000000004c357000 	/usr/lib/libcmph.dylib
0x000000004c357000 	/System/Library/PrivateFrameworks/CoreEmoji.framework/Versions/A/CoreEmoji
0x000000004c357000 	/System/Library/Frameworks/ServiceManagement.framework/Versions/A/ServiceManagement
0x000000004c357000 	/usr/lib/libxslt.1.dylib
0x000000004c357000 	/System/Library/Frameworks/Carbon.framework/Versions/A/Frameworks/Ink.framework/Versions/A/Ink
0x000000004c357000 	/System/Library/PrivateFrameworks/TextureIO.framework/Versions/A/TextureIO
0x000000004c357000 	/System/Library/Frameworks/Metal.framework/Versions/A/Metal
0x000000004c357000 	/usr/lib/libate.dylib
0x000000004c357000 	/System/Library/PrivateFrameworks/GPUCompiler.framework/libmetal_timestamp.dylib
0x000000004c357000 	/System/Library/Frameworks/OpenGL.framework/Versions/A/Libraries/libCoreFSCache.dylib
0x000000004c357000 	/System/Library/PrivateFrameworks/IOAccelerator.framework/Versions/A/IOAccelerator
0x000000004c357000 	/System/Library/Frameworks/CoreVideo.framework/Versions/A/CoreVideo
0x000000004c357000 	/usr/lib/libFosl_dynamic.dylib
0x000000004c357000 	/System/Library/PrivateFrameworks/MetalPerformanceShaders.framework/Versions/A/MetalPerformanceShaders
0x000000004c357000 	/System/Library/PrivateFrameworks/FaceCore.framework/Versions/A/FaceCore
0x000000004c357000 	/System/Library/Frameworks/OpenCL.framework/Versions/A/OpenCL
0x000000004c357000 	/System/Library/Frameworks/OpenGL.framework/Versions/A/Libraries/libGLU.dylib
0x000000004c357000 	/System/Library/Frameworks/OpenGL.framework/Versions/A/Libraries/libGFXShared.dylib
0x000000004c357000 	/System/Library/Frameworks/OpenGL.framework/Versions/A/Libraries/libGL.dylib
0x000000004c357000 	/System/Library/Frameworks/OpenGL.framework/Versions/A/Libraries/libGLImage.dylib
0x000000004c357000 	/System/Library/Frameworks/OpenGL.framework/Versions/A/Libraries/libCVMSPluginSupport.dylib
0x000000004c357000 	/System/Library/Frameworks/OpenGL.framework/Versions/A/Libraries/libCoreVMClient.dylib
0x000000004c357000 	/System/Library/PrivateFrameworks/CrashReporterSupport.framework/Versions/A/CrashReporterSupport
0x000000004c357000 	/System/Library/PrivateFrameworks/Sharing.framework/Versions/A/Sharing
0x000000004c357000 	/System/Library/PrivateFrameworks/IconServices.framework/Versions/A/IconServices
0x000000004c357000 	/System/Library/PrivateFrameworks/ProtocolBuffer.framework/Versions/A/ProtocolBuffer
0x000000004c357000 	/System/Library/PrivateFrameworks/Apple80211.framework/Versions/A/Apple80211
0x000000004c357000 	/System/Library/Frameworks/CoreWLAN.framework/Versions/A/CoreWLAN
0x000000004c357000 	/System/Library/PrivateFrameworks/CoreUtils.framework/Versions/A/CoreUtils
0x000000004c357000 	/System/Library/Frameworks/IOBluetooth.framework/Versions/A/IOBluetooth
0x000000004c357000 	/System/Library/PrivateFrameworks/CoreWiFi.framework/Versions/A/CoreWiFi
0x000000004c357000 	/System/Library/Frameworks/CoreBluetooth.framework/Versions/A/CoreBluetooth
0x000000004c357000 	/System/Library/Frameworks/CoreDisplay.framework/Versions/A/CoreDisplay
0x000000004c357000 	/System/Library/PrivateFrameworks/IOPresentment.framework/Versions/A/IOPresentment
0x000000004c357000 	/System/Library/PrivateFrameworks/DSExternalDisplay.framework/Versions/A/DSExternalDisplay
0x000000004c357000 	/System/Library/PrivateFrameworks/DebugSymbols.framework/Versions/A/DebugSymbols
0x000000004c357000 	/System/Library/PrivateFrameworks/CoreSymbolication.framework/Versions/A/CoreSymbolication
0x000000004c357000 	/System/Library/PrivateFrameworks/Symbolication.framework/Versions/A/Symbolication
0x000000004c357000 	/System/Library/PrivateFrameworks/AppleFSCompression.framework/Versions/A/AppleFSCompression
0x000000004c357000 	/System/Library/PrivateFrameworks/SpeechRecognitionCore.framework/Versions/A/SpeechRecognitionCore
0x000000004c357000 	/System/Library/PrivateFrameworks/ChunkingLibrary.framework/Versions/A/ChunkingLibrary
0x000000010b800000 	/Library/Java/JavaVirtualMachines/jdk1.8.0_121.jdk/Contents/Home/jre/lib/server/libjvm.dylib
0x000000004c357000 	/usr/lib/libstdc++.6.dylib
0x000000010afb0000 	/Library/Java/JavaVirtualMachines/jdk1.8.0_121.jdk/Contents/Home/jre/lib/libverify.dylib
0x000000010afbe000 	/Library/Java/JavaVirtualMachines/jdk1.8.0_121.jdk/Contents/Home/jre/lib/libjava.dylib
0x000000010c7a2000 	/Library/Java/JavaVirtualMachines/jdk1.8.0_121.jdk/Contents/Home/jre/lib/libzip.dylib
0x000000010d3b4000 	/System/Library/Frameworks/JavaVM.framework/Frameworks/JavaRuntimeSupport.framework/JavaRuntimeSupport
0x000000011fc4c000 	/System/Library/Frameworks/JavaVM.framework/Versions/A/Frameworks/JavaNativeFoundation.framework/Versions/A/JavaNativeFoundation
0x000000011fc61000 	/System/Library/Frameworks/JavaVM.framework/Versions/A/JavaVM
0x000000004c357000 	/System/Library/Frameworks/Carbon.framework/Versions/A/Carbon
0x000000011fc6e000 	/System/Library/PrivateFrameworks/JavaLaunching.framework/Versions/A/JavaLaunching
0x000000004c357000 	/System/Library/Frameworks/Carbon.framework/Versions/A/Frameworks/CommonPanels.framework/Versions/A/CommonPanels
0x000000004c357000 	/System/Library/Frameworks/Carbon.framework/Versions/A/Frameworks/Help.framework/Versions/A/Help
0x000000004c357000 	/System/Library/Frameworks/Carbon.framework/Versions/A/Frameworks/ImageCapture.framework/Versions/A/ImageCapture
0x000000004c357000 	/System/Library/Frameworks/Carbon.framework/Versions/A/Frameworks/OpenScripting.framework/Versions/A/OpenScripting
0x000000004c357000 	/System/Library/Frameworks/Carbon.framework/Versions/A/Frameworks/Print.framework/Versions/A/Print
0x000000004c357000 	/System/Library/Frameworks/Carbon.framework/Versions/A/Frameworks/SecurityHI.framework/Versions/A/SecurityHI
0x0000000121580000 	/Library/Java/JavaVirtualMachines/jdk1.8.0_121.jdk/Contents/Home/jre/lib/libawt.dylib
0x0000000121628000 	/Library/Java/JavaVirtualMachines/jdk1.8.0_121.jdk/Contents/Home/jre/lib/./libmlib_image.dylib
0x00000001216f4000 	/Library/Java/JavaVirtualMachines/jdk1.8.0_121.jdk/Contents/Home/jre/lib/libawt_lwawt.dylib
0x00000001217ab000 	/Library/Java/JavaVirtualMachines/jdk1.8.0_121.jdk/Contents/Home/jre/lib/./libosxapp.dylib
0x000000004c357000 	/System/Library/Frameworks/ExceptionHandling.framework/Versions/A/ExceptionHandling
0x000000004c357000 	/System/Library/PrivateFrameworks/CoreServicesInternal.framework/Versions/A/CoreServicesInternal
0x000000004c357000 	/System/Library/CoreServices/RawCamera.bundle/Contents/MacOS/RawCamera
0x000000004c357000 	/System/Library/Frameworks/Accelerate.framework/Versions/A/Frameworks/vImage.framework/Versions/A/Libraries/libCGInterfaces.dylib
0x000000004c357000 	/System/Library/Frameworks/ApplicationServices.framework/Versions/A/Frameworks/ATS.framework/Versions/A/Resources/libTrueTypeScaler.dylib
0x00000001233c8000 	/System/Library/Frameworks/OpenGL.framework/Resources/GLEngine.bundle/GLEngine
0x000000004c357000 	/System/Library/Frameworks/OpenGL.framework/Versions/A/Libraries/libGLProgrammability.dylib
0x00000001235ad000 	/System/Library/Extensions/AppleIntelHD5000GraphicsGLDriver.bundle/Contents/MacOS/AppleIntelHD5000GraphicsGLDriver
0x000000004c357000 	/System/Library/PrivateFrameworks/GPUSupport.framework/Versions/A/Libraries/libGPUSupportMercury.dylib
0x00000001224f0000 	/System/Library/Frameworks/OpenGL.framework/Resources//GLRendererFloat.bundle/GLRendererFloat
0x000000004c357000 	/System/Library/Frameworks/OpenCL.framework/Versions/A/Libraries/libcldcpuengine.dylib
0x000000004c357000 	/usr/lib/libcrypto.0.9.8.dylib
0x000000004c357000 	/System/Library/PrivateFrameworks/TrustEvaluationAgent.framework/Versions/A/TrustEvaluationAgent
0x0000000123d1b000 	/System/Library/Extensions/AppleIntelHD5000GraphicsMTLDriver.bundle/Contents/MacOS/AppleIntelHD5000GraphicsMTLDriver
0x000000004c357000 	/System/Library/PrivateFrameworks/FamilyControls.framework/Versions/A/FamilyControls
0x000000004c357000 	/System/Library/PrivateFrameworks/CommerceKit.framework/Versions/A/Frameworks/CommerceCore.framework/Versions/A/CommerceCore
0x000000004c357000 	/System/Library/PrivateFrameworks/SystemAdministration.framework/Versions/A/SystemAdministration
0x000000004c357000 	/System/Library/PrivateFrameworks/AppContainer.framework/Versions/A/AppContainer
0x000000004c357000 	/System/Library/PrivateFrameworks/SecCodeWrapper.framework/Versions/A/SecCodeWrapper
0x000000004c357000 	/System/Library/Frameworks/DirectoryService.framework/Versions/A/DirectoryService
0x000000004c357000 	/System/Library/PrivateFrameworks/DiskImages.framework/Versions/A/DiskImages
0x000000004c357000 	/System/Library/PrivateFrameworks/LoginUIKit.framework/Versions/A/Frameworks/LoginUICore.framework/Versions/A/LoginUICore
0x000000004c357000 	/usr/lib/libCoreStorage.dylib
0x000000004c357000 	/usr/lib/libcsfde.dylib
0x000000004c357000 	/usr/lib/libodfde.dylib
0x000000004c357000 	/System/Library/Frameworks/DiscRecording.framework/Versions/A/DiscRecording
0x000000004c357000 	/usr/lib/libcurl.4.dylib
0x000000004c357000 	/System/Library/PrivateFrameworks/MediaKit.framework/Versions/A/MediaKit
0x000000004c357000 	/System/Library/PrivateFrameworks/ProtectedCloudStorage.framework/Versions/A/ProtectedCloudStorage
0x000000004c357000 	/System/Library/PrivateFrameworks/EFILogin.framework/Versions/A/EFILogin
0x000000004c357000 	/usr/lib/libutil.dylib
0x000000004c357000 	/System/Library/Frameworks/LDAP.framework/Versions/A/LDAP
0x000000004c357000 	/usr/lib/libsasl2.2.dylib
0x000000004c357000 	/System/Library/PrivateFrameworks/CoreDaemon.framework/Versions/B/CoreDaemon
0x000000004c357000 	/System/Library/PrivateFrameworks/AppleSRP.framework/Versions/A/AppleSRP
0x000000004c357000 	/System/Library/PrivateFrameworks/APFS.framework/Versions/A/APFS
0x0000000125872000 	/Library/Java/JavaVirtualMachines/jdk1.8.0_121.jdk/Contents/Home/jre/lib/libfontmanager.dylib
0x000000004c357000 	/System/Library/PrivateFrameworks/ViewBridge.framework/Versions/A/ViewBridge
0x000000004c357000 	/System/Library/PrivateFrameworks/XPCService.framework/Versions/A/XPCService
0x000000004c357000 	/System/Library/PrivateFrameworks/AppSandbox.framework/Versions/A/AppSandbox
0x000000004c357000 	/usr/lib/libsandbox.1.dylib
0x000000004c357000 	/usr/lib/libMatch.1.dylib
0x0000000126c8d000 	/Library/Java/JavaVirtualMachines/jdk1.8.0_121.jdk/Contents/Home/jre/lib/libosxui.dylib
0x000000012784c000 	/Library/Java/JavaVirtualMachines/jdk1.8.0_121.jdk/Contents/Home/jre/lib/libnet.dylib
0x0000000127863000 	/Library/Java/JavaVirtualMachines/jdk1.8.0_121.jdk/Contents/Home/jre/lib/libnio.dylib
0x000000018fe0b000 	/private/var/folders/z5/dkh_k18x6bn8z6w6jj1k7pqm0000gn/T/jogamp_0000/file_cache/jln354704397283682450/jln4283335468926541438/libgluegen-rt.jnilib
0x000000012697f000 	/private/var/folders/z5/dkh_k18x6bn8z6w6jj1k7pqm0000gn/T/jogamp_0000/file_cache/jln354704397283682450/jln4283335468926541438/libnativewindow_awt.jnilib
0x00000001277fa000 	/Library/Java/JavaVirtualMachines/jdk1.8.0_121.jdk/Contents/Home/jre/lib/libjawt.dylib
0x000000018fe0f000 	/private/var/folders/z5/dkh_k18x6bn8z6w6jj1k7pqm0000gn/T/jogamp_0000/file_cache/jln354704397283682450/jln4283335468926541438/libnativewindow_macosx.jnilib
0x0000000191ecc000 	/private/var/folders/z5/dkh_k18x6bn8z6w6jj1k7pqm0000gn/T/jogamp_0000/file_cache/jln354704397283682450/jln4283335468926541438/libjogl_desktop.jnilib
0x00000001942a7000 	/Library/Java/JavaVirtualMachines/jdk1.8.0_121.jdk/Contents/Home/jre/lib/libt2k.dylib

VM Arguments:
jvm_args: -Djava.security.policy=java.policy.applet -Dfile.encoding=MacRoman 
java_command: sun.applet.AppletViewer module6.EarthquakeCityMap1523915771787.html
java_class_path (initial): /Users/Mac/Documents/workspace/UCSDUnfoldingMaps/build:/Users/Mac/Documents/workspace/UCSDUnfoldingMaps/lib/core.jar:/Users/Mac/Documents/workspace/UCSDUnfoldingMaps/lib/gluegen-rt.jar:/Users/Mac/Documents/workspace/UCSDUnfoldingMaps/lib/jogl-all.jar:/Users/Mac/Documents/workspace/UCSDUnfoldingMaps/lib/log4j-1.2.15.jar:/Users/Mac/Documents/workspace/UCSDUnfoldingMaps/lib/sqlite-jdbc-3.7.2.jar:/Users/Mac/Documents/workspace/UCSDUnfoldingMaps/lib/json4processing.jar:/Users/Mac/Documents/workspace/UCSDUnfoldingMaps/lib/libTUIO.jar:/Users/Mac/Documents/workspace/UCSDUnfoldingMaps/lib/unfolding.0.9.7-uscd.jar
Launcher Type: SUN_STANDARD

Environment Variables:
PATH=/Library/Frameworks/Python.framework/Versions/3.6/bin:/usr/local/bin:/usr/bin:/bin:/usr/sbin:/sbin:/opt/X11/bin:/Library/Frameworks/Mono.framework/Versions/Current/Commands:/Library/TeX/texbin
SHELL=/bin/bash
DISPLAY=/private/tmp/com.apple.launchd.BfoSnAz3r8/org.macosforge.xquartz:0

Signal Handlers:
SIGSEGV: [libjvm.dylib+0x5b1141], sa_mask[0]=11111111011111110111111111111111, sa_flags=SA_ONSTACK|SA_RESTART|SA_SIGINFO
SIGBUS: [libjvm.dylib+0x5b1141], sa_mask[0]=11111111011111110111111111111111, sa_flags=SA_RESTART|SA_SIGINFO
SIGFPE: [libjvm.dylib+0x487bc4], sa_mask[0]=11111111011111110111111111111111, sa_flags=SA_RESTART|SA_SIGINFO
SIGPIPE: [libjvm.dylib+0x487bc4], sa_mask[0]=11111111011111110111111111111111, sa_flags=SA_RESTART|SA_SIGINFO
SIGXFSZ: [libjvm.dylib+0x487bc4], sa_mask[0]=11111111011111110111111111111111, sa_flags=SA_RESTART|SA_SIGINFO
SIGILL: [libjvm.dylib+0x487bc4], sa_mask[0]=11111111011111110111111111111111, sa_flags=SA_RESTART|SA_SIGINFO
SIGUSR1: SIG_DFL, sa_mask[0]=11011111011111100000000111000110, sa_flags=none
SIGUSR2: [libjvm.dylib+0x4876e2], sa_mask[0]=00100000000000000000000000000000, sa_flags=SA_RESTART|SA_SIGINFO
SIGHUP: [libjvm.dylib+0x485cb9], sa_mask[0]=11111111011111110111111111111111, sa_flags=SA_RESTART|SA_SIGINFO
SIGINT: [libjvm.dylib+0x485cb9], sa_mask[0]=11111111011111110111111111111111, sa_flags=SA_RESTART|SA_SIGINFO
SIGTERM: [libjvm.dylib+0x485cb9], sa_mask[0]=11111111011111110111111111111111, sa_flags=SA_RESTART|SA_SIGINFO
SIGQUIT: [libjvm.dylib+0x485cb9], sa_mask[0]=11111111011111110111111111111111, sa_flags=SA_RESTART|SA_SIGINFO


---------------  S Y S T E M  ---------------

OS:Bsduname:Darwin 16.7.0 Darwin Kernel Version 16.7.0: Thu Jan 11 22:59:40 PST 2018; root:xnu-3789.73.8~1/RELEASE_X86_64 x86_64
rlimit: STACK 8192k, CORE 0k, NPROC 709, NOFILE 10240, AS infinity
load average:4.30 2.90 2.72

CPU:total 4 (2 cores per cpu, 2 threads per core) family 6 model 69 stepping 1, cmov, cx8, fxsr, mmx, sse, sse2, sse3, ssse3, sse4.1, sse4.2, popcnt, avx, avx2, aes, clmul, erms, lzcnt, ht, tsc, tscinvbit, bmi1, bmi2

Memory: 4k page, physical 4194304k(186312k free)

/proc/meminfo:


vm_info: Java HotSpot(TM) 64-Bit Server VM (25.121-b13) for bsd-amd64 JRE (1.8.0_121-b13), built on Dec 12 2016 20:39:32 by "java_re" with gcc 4.2.1 (Based on Apple Inc. build 5658) (LLVM build 2336.11.00)

time: Mon Apr 16 14:56:45 2018
elapsed time: 33 seconds (0d 0h 0m 33s)

