#
# A fatal error has been detected by the Java Runtime Environment:
#
#  SIGSEGV (0xb) at pc=0x00007fffd65f048f, pid=12447, tid=0x0000000000000307
#
# JRE version: Java(TM) SE Runtime Environment (8.0_121-b13) (build 1.8.0_121-b13)
# Java VM: Java HotSpot(TM) 64-Bit Server VM (25.121-b13 mixed mode bsd-amd64 compressed oops)
# Problematic frame:
# C  [libobjc.A.dylib+0x948f]  objc_release+0xf
#
# Failed to write core dump. Core dumps have been disabled. To enable core dumping, try "ulimit -c unlimited" before starting Java again
#
# If you would like to submit a bug report, please visit:
#   http://bugreport.java.com/bugreport/crash.jsp
# The crash happened outside the Java Virtual Machine in native code.
# See problematic frame for where to report the bug.
#

---------------  T H R E A D  ---------------

Current thread (0x00007fa60e86a800):  JavaThread "AWT-AppKit" daemon [_thread_in_native, id=775, stack(0x00007fff5c734000,0x00007fff5cf34000)]

siginfo: si_signo: 11 (SIGSEGV), si_code: 0 (unknown), si_addr: 0x0000000000000000

Registers:
RAX=0x0000000000000008, RBX=0x0000000000000000, RCX=0x0000000000000003, RDX=0x00007fa60cf80b38
RSP=0x00007fff5cf2f200, RBP=0x00007fff5cf2f200, RSI=0x0000000119508fb0, RDI=0x300007fa60cf3422
R8 =0x0000000000000001, R9 =0x000000000000000e, R10=0x0000000187bdf840, R11=0x00007fa60e328bc0
R12=0x0000000000000000, R13=0x0000000189aef210, R14=0x00007fa60cf8b7f0, R15=0x00007fa60e86a800
RIP=0x00007fffd65f048f, EFLAGS=0x0000000000010246, ERR=0x0000000000000000
  TRAPNO=0x000000000000000d

Top of Stack: (sp=0x00007fff5cf2f200)
0x00007fff5cf2f200:   00007fff5cf2f230 000000011949101b
0x00007fff5cf2f210:   0000000043e10000 0000000187bdf450
0x00007fff5cf2f220:   0000000187bdf440 00007fa60e86a800
0x00007fff5cf2f230:   00007fff5cf2f2f0 0000000187bdd215
0x00007fff5cf2f240:   0000000187bdf700 0000000187bdf6e0
0x00007fff5cf2f250:   0000000187bdf4b0 0000000000000000
0x00007fff5cf2f260:   0000000189aef210 0000000189aef210
0x00007fff5cf2f270:   00007fa60cf80b30 0000000187bdf6a0
0x00007fff5cf2f280:   0000000187bdf710 00007fffdc6546d0
0x00007fff5cf2f290:   00007fffdd2841e0 0000000187bdf450
0x00007fff5cf2f2a0:   0000000187bdf690 00007fa60cf80b30
0x00007fff5cf2f2b0:   00007fa60cf8b7f0 00007fa60ce2f490
0x00007fff5cf2f2c0:   00007fa60cf80b30 00007fa60cf8b7f0
0x00007fff5cf2f2d0:   00007fff5cf2f378 00007fa60e86a9f8
0x00007fff5cf2f2e0:   0000000189aef210 00007fff5cf2f3a0
0x00007fff5cf2f2f0:   00007fff5cf2f368 00000001083129f4
0x00007fff5cf2f300:   0000000189aef210 00007fff5cf2f3a0
0x00007fff5cf2f310:   00007fff5cf2f368 0000000108312787
0x00007fff5cf2f320:   0000000108312742 00007fff5cf2f328
0x00007fff5cf2f330:   0000000189aef210 00007fff5cf2f3a0
0x00007fff5cf2f340:   0000000189af0a38 0000000000000000
0x00007fff5cf2f350:   0000000189aef210 0000000000000000
0x00007fff5cf2f360:   00007fff5cf2f388 00007fff5cf2f3e8
0x00007fff5cf2f370:   00000001083032bd 0000000780e66e50
0x00007fff5cf2f380:   000000010830c538 00007fa60cf80b30
0x00007fff5cf2f390:   00007fff5cf2f3e8 00007fa60cf8b7f0
0x00007fff5cf2f3a0:   000000010830de02 00007fff5cf2f3a8
0x00007fff5cf2f3b0:   0000000189aef3da 00007fff5cf2f410
0x00007fff5cf2f3c0:   0000000189af0a38 0000000000000000
0x00007fff5cf2f3d0:   0000000189aef3e8 00007fff5cf2f388
0x00007fff5cf2f3e0:   00007fff5cf2f3f8 00007fff5cf2f458
0x00007fff5cf2f3f0:   00000001083032bd 00007fa60cf80b30 

Instructions: (pc=0x00007fffd65f048f)
0x00007fffd65f046f:   e9 38 54 00 00 90 90 90 90 90 90 90 90 90 90 90
0x00007fffd65f047f:   90 55 48 89 e5 48 85 ff 74 67 40 f6 c7 01 75 61
0x00007fffd65f048f:   48 8b 07 48 b9 f8 ff ff ff ff 7f 00 00 48 21 c1
0x00007fffd65f049f:   f6 41 20 02 74 58 a8 01 74 49 48 b9 00 00 00 00 

Register to memory mapping:

RAX=0x0000000000000008 is an unknown value
RBX=0x0000000000000000 is an unknown value
RCX=0x0000000000000003 is an unknown value
RDX=0x00007fa60cf80b38 is an unknown value
RSP=0x00007fff5cf2f200 is pointing into the stack for thread: 0x00007fa60e86a800
RBP=0x00007fff5cf2f200 is pointing into the stack for thread: 0x00007fa60e86a800
RSI=0x0000000119508fb0: OBJC_IVAR_$_PrinterView.fCurPeekGraphics+0x1ad0 in /Library/Java/JavaVirtualMachines/jdk1.8.0_121.jdk/Contents/Home/jre/lib/libawt_lwawt.dylib at 0x000000011948c000
RDI=0x300007fa60cf3422 is an unknown value
R8 =0x0000000000000001 is an unknown value
R9 =0x000000000000000e is an unknown value
R10=0x0000000187bdf840: OBJC_CLASS_$_MyCALayer+0 in /private/var/folders/z5/dkh_k18x6bn8z6w6jj1k7pqm0000gn/T/jogamp_0000/file_cache/jln4325375817037910309/jln1331284181656735731/libnativewindow_macosx.jnilib at 0x0000000187bd8000
R11=0x00007fa60e328bc0 is an unknown value
R12=0x0000000000000000 is an unknown value
R13={method} {0x0000000189aef210} 'UnsetJAWTRootSurfaceLayer0' '(JJ)V' in 'jogamp/nativewindow/jawt/macosx/MacOSXJAWTWindow'
R14=0x00007fa60cf8b7f0 is an unknown value
R15=0x00007fa60e86a800 is a thread


Stack: [0x00007fff5c734000,0x00007fff5cf34000],  sp=0x00007fff5cf2f200,  free space=8172k
Native frames: (J=compiled Java code, j=interpreted, Vv=VM code, C=native code)
C  [libobjc.A.dylib+0x948f]  objc_release+0xf
C  [libawt_lwawt.dylib+0x501b]  -[AWTSurfaceLayers setLayer:]+0x54
C  [libnativewindow_macosx.jnilib+0x5215]  Java_jogamp_nativewindow_jawt_macosx_MacOSXJAWTWindow_UnsetJAWTRootSurfaceLayer0+0x1a5
j  jogamp.nativewindow.jawt.macosx.MacOSXJAWTWindow.UnsetJAWTRootSurfaceLayer0(JJ)V+0
j  jogamp.nativewindow.jawt.macosx.MacOSXJAWTWindow.access$200(JJ)V+2
j  jogamp.nativewindow.jawt.macosx.MacOSXJAWTWindow$1.run()V+38
j  com.jogamp.common.util.RunnableTask.run()V+24
v  ~StubRoutines::call_stub
V  [libjvm.dylib+0x2ed9d6]
V  [libjvm.dylib+0x324b65]
V  [libjvm.dylib+0x317333]
C  [libnativewindow_macosx.jnilib+0x5326]  Java_jogamp_nativewindow_jawt_macosx_MacOSXJAWTWindow_UnsetJAWTRootSurfaceLayer0+0x2b6
C  [Foundation+0x7152a]  __NSThreadPerformPerform+0x146
C  [CoreFoundation+0xa7321]  __CFRUNLOOP_IS_CALLING_OUT_TO_A_SOURCE0_PERFORM_FUNCTION__+0x11
C  [CoreFoundation+0x88197]  __CFRunLoopDoSources0+0x1a7
C  [CoreFoundation+0x87716]  __CFRunLoopRun+0x3a6
C  [CoreFoundation+0x87114]  CFRunLoopRunSpecific+0x1a4
C  [HIToolbox+0x30ebc]  RunCurrentEventLoopInMode+0xf0
C  [HIToolbox+0x30bf9]  ReceiveNextEventCommon+0xb8
C  [HIToolbox+0x30b26]  _BlockUntilNextEventMatchingListInModeWithFilter+0x47
C  [AppKit+0x46a54]  _DPSNextEvent+0x460
C  [AppKit+0x7c27ee]  -[NSApplication(NSEvent) _nextEventMatchingEventMask:untilDate:inMode:dequeue:]+0xaec
C  [libosxapp.dylib+0x23aa]  -[NSApplicationAWT nextEventMatchingMask:untilDate:inMode:dequeue:]+0x7c
C  [AppKit+0x3b3db]  -[NSApplication run]+0x39e
C  [libosxapp.dylib+0x214d]  +[NSApplicationAWT runAWTLoopWithApp:]+0x9c
C  [libawt_lwawt.dylib+0x45ff7]  -[AWTStarter starter:]+0x389
C  [Foundation+0x7152a]  __NSThreadPerformPerform+0x146
C  [CoreFoundation+0xa7321]  __CFRUNLOOP_IS_CALLING_OUT_TO_A_SOURCE0_PERFORM_FUNCTION__+0x11
C  [CoreFoundation+0x8821d]  __CFRunLoopDoSources0+0x22d
C  [CoreFoundation+0x87716]  __CFRunLoopRun+0x3a6
C  [CoreFoundation+0x87114]  CFRunLoopRunSpecific+0x1a4
C  [java+0x6465]  CreateExecutionEnvironment+0x367
C  [java+0x218c]  JLI_Launch+0x7a0
C  [java+0x84c2]  main+0x65
C  [java+0x19e4]  start+0x34
C  0x0000000000000007

Java frames: (J=compiled Java code, j=interpreted, Vv=VM code)
j  jogamp.nativewindow.jawt.macosx.MacOSXJAWTWindow.UnsetJAWTRootSurfaceLayer0(JJ)V+0
j  jogamp.nativewindow.jawt.macosx.MacOSXJAWTWindow.access$200(JJ)V+2
j  jogamp.nativewindow.jawt.macosx.MacOSXJAWTWindow$1.run()V+38
j  com.jogamp.common.util.RunnableTask.run()V+24
v  ~StubRoutines::call_stub

---------------  P R O C E S S  ---------------

Java Threads: ( => current thread )
  0x00007fa60d8cb800 JavaThread "Thread-19" [_thread_blocked, id=34367, stack(0x000070000f6dc000,0x000070000f7dc000)]
  0x00007fa60da2c800 JavaThread "AWT-EventQueue-1" [_thread_in_native, id=66839, stack(0x000070000f556000,0x000070000f656000)]
  0x00007fa60d2de000 JavaThread "DestroyJavaVM" [_thread_blocked, id=7171, stack(0x000070000df0e000,0x000070000e00e000)]
  0x00007fa60d9bc000 JavaThread "AWT-EventQueue-0" [_thread_blocked, id=60163, stack(0x000070000f350000,0x000070000f450000)]
  0x00007fa60e989000 JavaThread "Java2D Disposer" daemon [_thread_blocked, id=56847, stack(0x000070000f0c7000,0x000070000f1c7000)]
  0x00007fa60d14f000 JavaThread "Java2D Queue Flusher" daemon [_thread_blocked, id=47663, stack(0x000070000efc4000,0x000070000f0c4000)]
  0x00007fa60d887000 JavaThread "AWT-Shutdown" [_thread_blocked, id=29727, stack(0x000070000edbb000,0x000070000eebb000)]
=>0x00007fa60e86a800 JavaThread "AWT-AppKit" daemon [_thread_in_native, id=775, stack(0x00007fff5c734000,0x00007fff5cf34000)]
  0x00007fa60d068800 JavaThread "Service Thread" daemon [_thread_blocked, id=18691, stack(0x000070000eb32000,0x000070000ec32000)]
  0x00007fa60d04c000 JavaThread "C1 CompilerThread2" daemon [_thread_blocked, id=18179, stack(0x000070000ea2f000,0x000070000eb2f000)]
  0x00007fa60e800000 JavaThread "C2 CompilerThread1" daemon [_thread_blocked, id=17667, stack(0x000070000e92c000,0x000070000ea2c000)]
  0x00007fa60d81d800 JavaThread "C2 CompilerThread0" daemon [_thread_blocked, id=17155, stack(0x000070000e829000,0x000070000e929000)]
  0x00007fa60d814000 JavaThread "Signal Dispatcher" daemon [_thread_blocked, id=16643, stack(0x000070000e726000,0x000070000e826000)]
  0x00007fa60e003000 JavaThread "Finalizer" daemon [_thread_blocked, id=12547, stack(0x000070000e623000,0x000070000e723000)]
  0x00007fa60e823800 JavaThread "Reference Handler" daemon [_thread_blocked, id=12035, stack(0x000070000e520000,0x000070000e620000)]

Other Threads:
  0x00007fa60d003800 VMThread [stack: 0x000070000e41d000,0x000070000e51d000] [id=11523]
  0x00007fa60e020800 WatcherThread [stack: 0x000070000ec35000,0x000070000ed35000] [id=19203]

VM state:not at safepoint (normal execution)

VM Mutex/Monitor currently owned by a thread: None

Heap:
 PSYoungGen      total 63488K, used 46097K [0x00000007aab00000, 0x00000007af800000, 0x00000007c0000000)
  eden space 62464K, 72% used [0x00000007aab00000,0x00000007ad76e758,0x00000007ae800000)
  from space 1024K, 58% used [0x00000007aea00000,0x00000007aea96020,0x00000007aeb00000)
  to   space 8192K, 0% used [0x00000007af000000,0x00000007af000000,0x00000007af800000)
 ParOldGen       total 46080K, used 15641K [0x0000000780000000, 0x0000000782d00000, 0x00000007aab00000)
  object space 46080K, 33% used [0x0000000780000000,0x0000000780f46638,0x0000000782d00000)
 Metaspace       used 21750K, capacity 21967K, committed 22192K, reserved 1069056K
  class space    used 2131K, capacity 2236K, committed 2304K, reserved 1048576K

Card table byte_map: [0x0000000104962000,0x0000000104b63000] byte_map_base: 0x0000000100d62000

Marking Bits: (ParMarkBitMap*) 0x0000000103ef0d30
 Begin Bits: [0x0000000104cb9000, 0x0000000105cb9000)
 End Bits:   [0x0000000105cb9000, 0x0000000106cb9000)

Polling page: 0x0000000102d8c000

CodeCache: size=245760Kb used=10097Kb max_used=10110Kb free=235662Kb
 bounds [0x00000001082fb000, 0x0000000108d0b000, 0x00000001172fb000]
 total_blobs=3655 nmethods=2757 adapters=811
 compilation: enabled

Compilation events (10 events):
Event: 142.328 Thread 0x00007fa60d04c000 3295       3       sun.java2d.SunGraphics2D::setColor (108 bytes)
Event: 142.329 Thread 0x00007fa60e800000 3296       4       sun.java2d.SurfaceData::pixelFor (13 bytes)
Event: 142.329 Thread 0x00007fa60d04c000 nmethod 3295 0x000000010883a150 code [0x000000010883a2e0, 0x000000010883a818]
Event: 142.330 Thread 0x00007fa60e800000 nmethod 3296 0x0000000108770810 code [0x0000000108770960, 0x0000000108770a58]
Event: 142.344 Thread 0x00007fa60d04c000 3297       3       sun.java2d.SurfaceData::markDirty (8 bytes)
Event: 142.344 Thread 0x00007fa60d04c000 nmethod 3297 0x0000000108770390 code [0x0000000108770500, 0x0000000108770750]
Event: 142.359 Thread 0x00007fa60d04c000 3298       3       java.util.HashSet::<init> (16 bytes)
Event: 142.360 Thread 0x00007fa60d04c000 nmethod 3298 0x0000000108862a10 code [0x0000000108862ba0, 0x0000000108862fb0]
Event: 142.360 Thread 0x00007fa60d04c000 3299       1       sun.java2d.SurfaceData::isValid (5 bytes)
Event: 142.360 Thread 0x00007fa60d04c000 nmethod 3299 0x0000000108839e90 code [0x0000000108839fe0, 0x000000010883a0f0]

GC Heap History (10 events):
Event: 90.257 GC heap before
{Heap before GC invocations=16 (full 1):
 PSYoungGen      total 81920K, used 74776K [0x00000007aab00000, 0x00000007b0680000, 0x00000007c0000000)
  eden space 74240K, 100% used [0x00000007aab00000,0x00000007af380000,0x00000007af380000)
  from space 7680K, 6% used [0x00000007aff00000,0x00000007aff86040,0x00000007b0680000)
  to   space 9728K, 0% used [0x00000007af380000,0x00000007af380000,0x00000007afd00000)
 ParOldGen       total 46080K, used 15633K [0x0000000780000000, 0x0000000782d00000, 0x00000007aab00000)
  object space 46080K, 33% used [0x0000000780000000,0x0000000780f44638,0x0000000782d00000)
 Metaspace       used 21719K, capacity 21935K, committed 22192K, reserved 1069056K
  class space    used 2123K, capacity 2204K, committed 2304K, reserved 1048576K
Event: 90.260 GC heap after
Heap after GC invocations=16 (full 1):
 PSYoungGen      total 72704K, used 600K [0x00000007aab00000, 0x00000007b0400000, 0x00000007c0000000)
  eden space 71680K, 0% used [0x00000007aab00000,0x00000007aab00000,0x00000007af100000)
  from space 1024K, 58% used [0x00000007af380000,0x00000007af416020,0x00000007af480000)
  to   space 9728K, 0% used [0x00000007afa80000,0x00000007afa80000,0x00000007b0400000)
 ParOldGen       total 46080K, used 15633K [0x0000000780000000, 0x0000000782d00000, 0x00000007aab00000)
  object space 46080K, 33% used [0x0000000780000000,0x0000000780f44638,0x0000000782d00000)
 Metaspace       used 21719K, capacity 21935K, committed 22192K, reserved 1069056K
  class space    used 2123K, capacity 2204K, committed 2304K, reserved 1048576K
}
Event: 102.026 GC heap before
{Heap before GC invocations=17 (full 1):
 PSYoungGen      total 72704K, used 72280K [0x00000007aab00000, 0x00000007b0400000, 0x00000007c0000000)
  eden space 71680K, 100% used [0x00000007aab00000,0x00000007af100000,0x00000007af100000)
  from space 1024K, 58% used [0x00000007af380000,0x00000007af416020,0x00000007af480000)
  to   space 9728K, 0% used [0x00000007afa80000,0x00000007afa80000,0x00000007b0400000)
 ParOldGen       total 46080K, used 15633K [0x0000000780000000, 0x0000000782d00000, 0x00000007aab00000)
  object space 46080K, 33% used [0x0000000780000000,0x0000000780f44638,0x0000000782d00000)
 Metaspace       used 21719K, capacity 21935K, committed 22192K, reserved 1069056K
  class space    used 2124K, capacity 2204K, committed 2304K, reserved 1048576K
Event: 102.030 GC heap after
Heap after GC invocations=17 (full 1):
 PSYoungGen      total 75264K, used 616K [0x00000007aab00000, 0x00000007b0080000, 0x00000007c0000000)
  eden space 69120K, 0% used [0x00000007aab00000,0x00000007aab00000,0x00000007aee80000)
  from space 6144K, 10% used [0x00000007afa80000,0x00000007afb1a030,0x00000007b0080000)
  to   space 9216K, 0% used [0x00000007aee80000,0x00000007aee80000,0x00000007af780000)
 ParOldGen       total 46080K, used 15633K [0x0000000780000000, 0x0000000782d00000, 0x00000007aab00000)
  object space 46080K, 33% used [0x0000000780000000,0x0000000780f44638,0x0000000782d00000)
 Metaspace       used 21719K, capacity 21935K, committed 22192K, reserved 1069056K
  class space    used 2124K, capacity 2204K, committed 2304K, reserved 1048576K
}
Event: 113.475 GC heap before
{Heap before GC invocations=18 (full 1):
 PSYoungGen      total 75264K, used 69736K [0x00000007aab00000, 0x00000007b0080000, 0x00000007c0000000)
  eden space 69120K, 100% used [0x00000007aab00000,0x00000007aee80000,0x00000007aee80000)
  from space 6144K, 10% used [0x00000007afa80000,0x00000007afb1a030,0x00000007b0080000)
  to   space 9216K, 0% used [0x00000007aee80000,0x00000007aee80000,0x00000007af780000)
 ParOldGen       total 46080K, used 15633K [0x0000000780000000, 0x0000000782d00000, 0x00000007aab00000)
  object space 46080K, 33% used [0x0000000780000000,0x0000000780f44638,0x0000000782d00000)
 Metaspace       used 21721K, capacity 21935K, committed 22192K, reserved 1069056K
  class space    used 2124K, capacity 2204K, committed 2304K, reserved 1048576K
Event: 113.478 GC heap after
Heap after GC invocations=18 (full 1):
 PSYoungGen      total 67584K, used 568K [0x00000007aab00000, 0x00000007afd00000, 0x00000007c0000000)
  eden space 66560K, 0% used [0x00000007aab00000,0x00000007aab00000,0x00000007aec00000)
  from space 1024K, 55% used [0x00000007aee80000,0x00000007aef0e040,0x00000007aef80000)
  to   space 8704K, 0% used [0x00000007af480000,0x00000007af480000,0x00000007afd00000)
 ParOldGen       total 46080K, used 15641K [0x0000000780000000, 0x0000000782d00000, 0x00000007aab00000)
  object space 46080K, 33% used [0x0000000780000000,0x0000000780f46638,0x0000000782d00000)
 Metaspace       used 21721K, capacity 21935K, committed 22192K, reserved 1069056K
  class space    used 2124K, capacity 2204K, committed 2304K, reserved 1048576K
}
Event: 124.429 GC heap before
{Heap before GC invocations=19 (full 1):
 PSYoungGen      total 67584K, used 67128K [0x00000007aab00000, 0x00000007afd00000, 0x00000007c0000000)
  eden space 66560K, 100% used [0x00000007aab00000,0x00000007aec00000,0x00000007aec00000)
  from space 1024K, 55% used [0x00000007aee80000,0x00000007aef0e040,0x00000007aef80000)
  to   space 8704K, 0% used [0x00000007af480000,0x00000007af480000,0x00000007afd00000)
 ParOldGen       total 46080K, used 15641K [0x0000000780000000, 0x0000000782d00000, 0x00000007aab00000)
  object space 46080K, 33% used [0x0000000780000000,0x0000000780f46638,0x0000000782d00000)
 Metaspace       used 21721K, capacity 21935K, committed 22192K, reserved 1069056K
  class space    used 2124K, capacity 2204K, committed 2304K, reserved 1048576K
Event: 124.431 GC heap after
Heap after GC invocations=19 (full 1):
 PSYoungGen      total 70144K, used 584K [0x00000007aab00000, 0x00000007afa00000, 0x00000007c0000000)
  eden space 64512K, 0% used [0x00000007aab00000,0x00000007aab00000,0x00000007aea00000)
  from space 5632K, 10% used [0x00000007af480000,0x00000007af512030,0x00000007afa00000)
  to   space 8192K, 0% used [0x00000007aea00000,0x00000007aea00000,0x00000007af200000)
 ParOldGen       total 46080K, used 15641K [0x0000000780000000, 0x0000000782d00000, 0x00000007aab00000)
  object space 46080K, 33% used [0x0000000780000000,0x0000000780f46638,0x0000000782d00000)
 Metaspace       used 21721K, capacity 21935K, committed 22192K, reserved 1069056K
  class space    used 2124K, capacity 2204K, committed 2304K, reserved 1048576K
}
Event: 135.094 GC heap before
{Heap before GC invocations=20 (full 1):
 PSYoungGen      total 70144K, used 65096K [0x00000007aab00000, 0x00000007afa00000, 0x00000007c0000000)
  eden space 64512K, 100% used [0x00000007aab00000,0x00000007aea00000,0x00000007aea00000)
  from space 5632K, 10% used [0x00000007af480000,0x00000007af512030,0x00000007afa00000)
  to   space 8192K, 0% used [0x00000007aea00000,0x00000007aea00000,0x00000007af200000)
 ParOldGen       total 46080K, used 15641K [0x0000000780000000, 0x0000000782d00000, 0x00000007aab00000)
  object space 46080K, 33% used [0x0000000780000000,0x0000000780f46638,0x0000000782d00000)
 Metaspace       used 21721K, capacity 21935K, committed 22192K, reserved 1069056K
  class space    used 2124K, capacity 2204K, committed 2304K, reserved 1048576K
Event: 135.097 GC heap after
Heap after GC invocations=20 (full 1):
 PSYoungGen      total 63488K, used 600K [0x00000007aab00000, 0x00000007af800000, 0x00000007c0000000)
  eden space 62464K, 0% used [0x00000007aab00000,0x00000007aab00000,0x00000007ae800000)
  from space 1024K, 58% used [0x00000007aea00000,0x00000007aea96020,0x00000007aeb00000)
  to   space 8192K, 0% used [0x00000007af000000,0x00000007af000000,0x00000007af800000)
 ParOldGen       total 46080K, used 15641K [0x0000000780000000, 0x0000000782d00000, 0x00000007aab00000)
  object space 46080K, 33% used [0x0000000780000000,0x0000000780f46638,0x0000000782d00000)
 Metaspace       used 21721K, capacity 21935K, committed 22192K, reserved 1069056K
  class space    used 2124K, capacity 2204K, committed 2304K, reserved 1048576K
}

Deoptimization events (10 events):
Event: 142.344 Thread 0x00007fa60d9bc000 Uncommon trap: reason=unstable_if action=reinterpret pc=0x00000001084ca214 method=java.awt.Font.equals(Ljava/lang/Object;)Z @ 2
Event: 142.358 Thread 0x00007fa60d149000 Uncommon trap: reason=unstable_if action=reinterpret pc=0x0000000108a3f6d4 method=java.util.HashMap.putVal(ILjava/lang/Object;Ljava/lang/Object;ZZ)Ljava/lang/Object; @ 81
Event: 142.360 Thread 0x00007fa60d9bc000 Uncommon trap: reason=class_check action=maybe_recompile pc=0x0000000108a6de88 method=java.awt.Component.getGraphics()Ljava/awt/Graphics; @ 114
Event: 142.370 Thread 0x00007fa60e86a800 Uncommon trap: reason=class_check action=maybe_recompile pc=0x00000001089213c0 method=com.jogamp.common.util.RunnableTask.run()V @ 24
Event: 142.373 Thread 0x00007fa60e86a800 Uncommon trap: reason=unstable_if action=reinterpret pc=0x00000001089309fc method=jogamp.nativewindow.macosx.OSXUtil.RunOnMainThread(ZZLjava/lang/Runnable;)V @ 3
Event: 142.384 Thread 0x00007fa60da2c800 Uncommon trap: reason=unstable_if action=reinterpret pc=0x0000000108963030 method=jogamp.opengl.GLContextImpl.release(Z)V @ 161
Event: 142.390 Thread 0x00007fa60da2c800 Uncommon trap: reason=unstable_if action=reinterpret pc=0x0000000108c80490 method=java.security.AccessControlContext.optimize()Ljava/security/AccessControlContext; @ 233
Event: 142.392 Thread 0x00007fa60d9bc000 Uncommon trap: reason=class_check action=maybe_recompile pc=0x0000000108a6de88 method=java.awt.Component.getGraphics()Ljava/awt/Graphics; @ 114
Event: 142.393 Thread 0x00007fa60d8cb800 Uncommon trap: reason=predicate action=maybe_recompile pc=0x0000000108adc678 method=java.util.Vector.indexOf(Ljava/lang/Object;I)I @ 44
Event: 142.395 Thread 0x00007fa60e86a800 Uncommon trap: reason=class_check action=maybe_recompile pc=0x00000001089213c0 method=com.jogamp.common.util.RunnableTask.run()V @ 24

Internal exceptions (10 events):
Event: 0.565 Thread 0x00007fa60e801800 Exception <a 'java/io/FileNotFoundException'> (0x00000007aad538e8) thrown at [/Users/java_re/workspace/8-2-build-macosx-x86_64/jdk8u121/8372/hotspot/src/share/vm/prims/jni.cpp, line 709]
Event: 0.752 Thread 0x00007fa60e801800 Exception <a 'java/io/FileNotFoundException'> (0x00000007aae8c378) thrown at [/Users/java_re/workspace/8-2-build-macosx-x86_64/jdk8u121/8372/hotspot/src/share/vm/prims/jni.cpp, line 709]
Event: 3.688 Thread 0x00007fa60e003000 Exception <a 'java/lang/NullPointerException'> (0x00000007aab59b58) thrown at [/Users/java_re/workspace/8-2-build-macosx-x86_64/jdk8u121/8372/hotspot/src/share/vm/interpreter/linkResolver.cpp, line 1178]
Event: 3.796 Thread 0x00007fa60d362000 Exception <a 'java/lang/UnsatisfiedLinkError': com.jogamp.common.util.JarUtil.fixNativeLibAttribs(Ljava/lang/String;)Z> (0x00000007aaf3d318) thrown at [/Users/java_re/workspace/8-2-build-macosx-x86_64/jdk8u121/8372/hotspot/src/share/vm/prims/nativeLookup.
Event: 5.273 Thread 0x00007fa60da2c800 Exception <a 'java/io/FileNotFoundException'> (0x00000007ab15bc50) thrown at [/Users/java_re/workspace/8-2-build-macosx-x86_64/jdk8u121/8372/hotspot/src/share/vm/prims/jni.cpp, line 709]
Event: 5.273 Thread 0x00007fa60da2c800 Exception <a 'java/io/FileNotFoundException'> (0x00000007ab161e38) thrown at [/Users/java_re/workspace/8-2-build-macosx-x86_64/jdk8u121/8372/hotspot/src/share/vm/prims/jni.cpp, line 709]
Event: 5.274 Thread 0x00007fa60da2c800 Implicit null exception at 0x00000001084b76b6 to 0x00000001084b7a81
Event: 5.929 Thread 0x00007fa60da2c800 Implicit null exception at 0x00000001086b7886 to 0x00000001086b7acd
Event: 16.178 Thread 0x00007fa60da2c800 Implicit null exception at 0x0000000108acba6c to 0x0000000108acbade
Event: 16.178 Thread 0x00007fa60da2c800 Implicit null exception at 0x0000000108ad4a2f to 0x0000000108ad4b09

Events (10 events):
Event: 142.392 Thread 0x00007fa60d9bc000 DEOPT PACKING pc=0x0000000108a6de88 sp=0x000070000f44dcf0
Event: 142.392 Thread 0x00007fa60d9bc000 DEOPT UNPACKING pc=0x0000000108300229 sp=0x000070000f44dd00 mode 2
Event: 142.393 Thread 0x00007fa60d8cb800 Uncommon trap: trap_request=0xffffff86 fr.pc=0x0000000108adc678
Event: 142.393 Thread 0x00007fa60d8cb800 DEOPT PACKING pc=0x0000000108adc678 sp=0x000070000f7db780
Event: 142.393 Thread 0x00007fa60d8cb800 DEOPT UNPACKING pc=0x0000000108300229 sp=0x000070000f7db748 mode 2
Event: 142.393 loading class java/awt/Window$1DisposeAction
Event: 142.393 loading class java/awt/Window$1DisposeAction done
Event: 142.395 Thread 0x00007fa60e86a800 Uncommon trap: trap_request=0xffffffde fr.pc=0x00000001089213c0
Event: 142.395 Thread 0x00007fa60e86a800 DEOPT PACKING pc=0x00000001089213c0 sp=0x00007fff5cf2f4b0
Event: 142.395 Thread 0x00007fa60e86a800 DEOPT UNPACKING pc=0x0000000108300229 sp=0x00007fff5cf2f458 mode 2


Dynamic libraries:
0x000000004c357000 	/System/Library/Frameworks/Cocoa.framework/Versions/A/Cocoa
0x000000004c357000 	/System/Library/Frameworks/Security.framework/Versions/A/Security
0x000000004c357000 	/System/Library/Frameworks/ApplicationServices.framework/Versions/A/ApplicationServices
0x000000004c357000 	/usr/lib/libz.1.dylib
0x000000004c357000 	/usr/lib/libSystem.B.dylib
0x000000004c357000 	/usr/lib/libobjc.A.dylib
0x000000004c357000 	/System/Library/Frameworks/CoreFoundation.framework/Versions/A/CoreFoundation
0x000000004c357000 	/System/Library/Frameworks/Foundation.framework/Versions/C/Foundation
0x000000004c357000 	/System/Library/Frameworks/AppKit.framework/Versions/C/AppKit
0x000000004c357000 	/System/Library/Frameworks/CoreData.framework/Versions/A/CoreData
0x000000004c357000 	/System/Library/PrivateFrameworks/RemoteViewServices.framework/Versions/A/RemoteViewServices
0x000000004c357000 	/System/Library/PrivateFrameworks/UIFoundation.framework/Versions/A/UIFoundation
0x000000004c357000 	/System/Library/PrivateFrameworks/DFRFoundation.framework/Versions/A/DFRFoundation
0x000000004c357000 	/usr/lib/libenergytrace.dylib
0x000000004c357000 	/System/Library/PrivateFrameworks/SkyLight.framework/Versions/A/SkyLight
0x000000004c357000 	/System/Library/Frameworks/CoreGraphics.framework/Versions/A/CoreGraphics
0x000000004c357000 	/usr/lib/libScreenReader.dylib
0x000000004c357000 	/System/Library/Frameworks/Accelerate.framework/Versions/A/Accelerate
0x000000004c357000 	/System/Library/Frameworks/IOSurface.framework/Versions/A/IOSurface
0x000000004c357000 	/System/Library/Frameworks/AudioToolbox.framework/Versions/A/AudioToolbox
0x000000004c357000 	/System/Library/Frameworks/AudioUnit.framework/Versions/A/AudioUnit
0x000000004c357000 	/System/Library/PrivateFrameworks/DataDetectorsCore.framework/Versions/A/DataDetectorsCore
0x000000004c357000 	/System/Library/PrivateFrameworks/DesktopServicesPriv.framework/Versions/A/DesktopServicesPriv
0x000000004c357000 	/System/Library/Frameworks/Carbon.framework/Versions/A/Frameworks/HIToolbox.framework/Versions/A/HIToolbox
0x000000004c357000 	/usr/lib/libicucore.A.dylib
0x000000004c357000 	/System/Library/Frameworks/QuartzCore.framework/Versions/A/QuartzCore
0x000000004c357000 	/System/Library/Frameworks/Carbon.framework/Versions/A/Frameworks/SpeechRecognition.framework/Versions/A/SpeechRecognition
0x000000004c357000 	/usr/lib/libauto.dylib
0x000000004c357000 	/usr/lib/libxml2.2.dylib
0x000000004c357000 	/System/Library/PrivateFrameworks/CoreUI.framework/Versions/A/CoreUI
0x000000004c357000 	/System/Library/Frameworks/CoreAudio.framework/Versions/A/CoreAudio
0x000000004c357000 	/System/Library/Frameworks/DiskArbitration.framework/Versions/A/DiskArbitration
0x000000004c357000 	/usr/lib/liblangid.dylib
0x000000004c357000 	/System/Library/PrivateFrameworks/MultitouchSupport.framework/Versions/A/MultitouchSupport
0x000000004c357000 	/System/Library/Frameworks/IOKit.framework/Versions/A/IOKit
0x000000004c357000 	/usr/lib/libDiagnosticMessagesClient.dylib
0x000000004c357000 	/System/Library/Frameworks/CoreServices.framework/Versions/A/CoreServices
0x000000004c357000 	/System/Library/PrivateFrameworks/PerformanceAnalysis.framework/Versions/A/PerformanceAnalysis
0x000000004c357000 	/System/Library/PrivateFrameworks/GenerationalStorage.framework/Versions/A/GenerationalStorage
0x000000004c357000 	/System/Library/Frameworks/OpenGL.framework/Versions/A/OpenGL
0x000000004c357000 	/System/Library/Frameworks/CoreImage.framework/Versions/A/CoreImage
0x000000004c357000 	/System/Library/Frameworks/CoreText.framework/Versions/A/CoreText
0x000000004c357000 	/System/Library/Frameworks/ImageIO.framework/Versions/A/ImageIO
0x000000004c357000 	/System/Library/PrivateFrameworks/Backup.framework/Versions/A/Backup
0x000000004c357000 	/usr/lib/libarchive.2.dylib
0x000000004c357000 	/System/Library/Frameworks/CFNetwork.framework/Versions/A/CFNetwork
0x000000004c357000 	/System/Library/Frameworks/SystemConfiguration.framework/Versions/A/SystemConfiguration
0x000000004c357000 	/usr/lib/libCRFSuite.dylib
0x000000004c357000 	/usr/lib/libc++.1.dylib
0x000000004c357000 	/usr/lib/libc++abi.dylib
0x000000004c357000 	/usr/lib/system/libcache.dylib
0x000000004c357000 	/usr/lib/system/libcommonCrypto.dylib
0x000000004c357000 	/usr/lib/system/libcompiler_rt.dylib
0x000000004c357000 	/usr/lib/system/libcopyfile.dylib
0x000000004c357000 	/usr/lib/system/libcorecrypto.dylib
0x000000004c357000 	/usr/lib/system/libdispatch.dylib
0x000000004c357000 	/usr/lib/system/libdyld.dylib
0x000000004c357000 	/usr/lib/system/libkeymgr.dylib
0x000000004c357000 	/usr/lib/system/liblaunch.dylib
0x000000004c357000 	/usr/lib/system/libmacho.dylib
0x000000004c357000 	/usr/lib/system/libquarantine.dylib
0x000000004c357000 	/usr/lib/system/libremovefile.dylib
0x000000004c357000 	/usr/lib/system/libsystem_asl.dylib
0x000000004c357000 	/usr/lib/system/libsystem_blocks.dylib
0x000000004c357000 	/usr/lib/system/libsystem_c.dylib
0x000000004c357000 	/usr/lib/system/libsystem_configuration.dylib
0x000000004c357000 	/usr/lib/system/libsystem_coreservices.dylib
0x000000004c357000 	/usr/lib/system/libsystem_coretls.dylib
0x000000004c357000 	/usr/lib/system/libsystem_dnssd.dylib
0x000000004c357000 	/usr/lib/system/libsystem_info.dylib
0x000000004c357000 	/usr/lib/system/libsystem_kernel.dylib
0x000000004c357000 	/usr/lib/system/libsystem_m.dylib
0x000000004c357000 	/usr/lib/system/libsystem_malloc.dylib
0x000000004c357000 	/usr/lib/system/libsystem_network.dylib
0x000000004c357000 	/usr/lib/system/libsystem_networkextension.dylib
0x000000004c357000 	/usr/lib/system/libsystem_notify.dylib
0x000000004c357000 	/usr/lib/system/libsystem_platform.dylib
0x000000004c357000 	/usr/lib/system/libsystem_pthread.dylib
0x000000004c357000 	/usr/lib/system/libsystem_sandbox.dylib
0x000000004c357000 	/usr/lib/system/libsystem_secinit.dylib
0x000000004c357000 	/usr/lib/system/libsystem_symptoms.dylib
0x000000004c357000 	/usr/lib/system/libsystem_trace.dylib
0x000000004c357000 	/usr/lib/system/libunwind.dylib
0x000000004c357000 	/usr/lib/system/libxpc.dylib
0x000000004c357000 	/usr/lib/libbsm.0.dylib
0x000000004c357000 	/usr/lib/system/libkxld.dylib
0x000000004c357000 	/usr/lib/libcoretls.dylib
0x000000004c357000 	/usr/lib/libcoretls_cfhelpers.dylib
0x000000004c357000 	/usr/lib/libOpenScriptingUtil.dylib
0x000000004c357000 	/usr/lib/libpam.2.dylib
0x000000004c357000 	/usr/lib/libsqlite3.dylib
0x000000004c357000 	/usr/lib/libxar.1.dylib
0x000000004c357000 	/usr/lib/libbz2.1.0.dylib
0x000000004c357000 	/usr/lib/liblzma.5.dylib
0x000000004c357000 	/usr/lib/libnetwork.dylib
0x000000004c357000 	/usr/lib/libpcap.A.dylib
0x000000004c357000 	/System/Library/Frameworks/CoreServices.framework/Versions/A/Frameworks/FSEvents.framework/Versions/A/FSEvents
0x000000004c357000 	/System/Library/Frameworks/CoreServices.framework/Versions/A/Frameworks/CarbonCore.framework/Versions/A/CarbonCore
0x000000004c357000 	/System/Library/Frameworks/CoreServices.framework/Versions/A/Frameworks/Metadata.framework/Versions/A/Metadata
0x000000004c357000 	/System/Library/Frameworks/CoreServices.framework/Versions/A/Frameworks/OSServices.framework/Versions/A/OSServices
0x000000004c357000 	/System/Library/Frameworks/CoreServices.framework/Versions/A/Frameworks/SearchKit.framework/Versions/A/SearchKit
0x000000004c357000 	/System/Library/Frameworks/CoreServices.framework/Versions/A/Frameworks/AE.framework/Versions/A/AE
0x000000004c357000 	/System/Library/Frameworks/CoreServices.framework/Versions/A/Frameworks/LaunchServices.framework/Versions/A/LaunchServices
0x000000004c357000 	/System/Library/Frameworks/CoreServices.framework/Versions/A/Frameworks/DictionaryServices.framework/Versions/A/DictionaryServices
0x000000004c357000 	/System/Library/Frameworks/CoreServices.framework/Versions/A/Frameworks/SharedFileList.framework/Versions/A/SharedFileList
0x000000004c357000 	/System/Library/Frameworks/NetFS.framework/Versions/A/NetFS
0x000000004c357000 	/System/Library/PrivateFrameworks/NetAuth.framework/Versions/A/NetAuth
0x000000004c357000 	/System/Library/PrivateFrameworks/login.framework/Versions/A/Frameworks/loginsupport.framework/Versions/A/loginsupport
0x000000004c357000 	/System/Library/PrivateFrameworks/TCC.framework/Versions/A/TCC
0x000000004c357000 	/usr/lib/libmecabra.dylib
0x000000004c357000 	/System/Library/Frameworks/ApplicationServices.framework/Versions/A/Frameworks/ATS.framework/Versions/A/ATS
0x000000004c357000 	/System/Library/Frameworks/ApplicationServices.framework/Versions/A/Frameworks/ColorSync.framework/Versions/A/ColorSync
0x000000004c357000 	/System/Library/Frameworks/ApplicationServices.framework/Versions/A/Frameworks/HIServices.framework/Versions/A/HIServices
0x000000004c357000 	/System/Library/Frameworks/ApplicationServices.framework/Versions/A/Frameworks/LangAnalysis.framework/Versions/A/LangAnalysis
0x000000004c357000 	/System/Library/Frameworks/ApplicationServices.framework/Versions/A/Frameworks/PrintCore.framework/Versions/A/PrintCore
0x000000004c357000 	/System/Library/Frameworks/ApplicationServices.framework/Versions/A/Frameworks/QD.framework/Versions/A/QD
0x000000004c357000 	/System/Library/Frameworks/ApplicationServices.framework/Versions/A/Frameworks/SpeechSynthesis.framework/Versions/A/SpeechSynthesis
0x000000004c357000 	/System/Library/Frameworks/Accelerate.framework/Versions/A/Frameworks/vImage.framework/Versions/A/vImage
0x000000004c357000 	/System/Library/Frameworks/Accelerate.framework/Versions/A/Frameworks/vecLib.framework/Versions/A/vecLib
0x000000004c357000 	/System/Library/Frameworks/Accelerate.framework/Versions/A/Frameworks/vecLib.framework/Versions/A/libvDSP.dylib
0x000000004c357000 	/System/Library/Frameworks/Accelerate.framework/Versions/A/Frameworks/vecLib.framework/Versions/A/libBNNS.dylib
0x000000004c357000 	/System/Library/Frameworks/Accelerate.framework/Versions/A/Frameworks/vecLib.framework/Versions/A/libQuadrature.dylib
0x000000004c357000 	/System/Library/Frameworks/Accelerate.framework/Versions/A/Frameworks/vecLib.framework/Versions/A/libvMisc.dylib
0x000000004c357000 	/System/Library/Frameworks/Accelerate.framework/Versions/A/Frameworks/vecLib.framework/Versions/A/libLAPACK.dylib
0x000000004c357000 	/System/Library/Frameworks/Accelerate.framework/Versions/A/Frameworks/vecLib.framework/Versions/A/libBLAS.dylib
0x000000004c357000 	/System/Library/Frameworks/Accelerate.framework/Versions/A/Frameworks/vecLib.framework/Versions/A/libLinearAlgebra.dylib
0x000000004c357000 	/System/Library/Frameworks/Accelerate.framework/Versions/A/Frameworks/vecLib.framework/Versions/A/libSparseBLAS.dylib
0x000000004c357000 	/System/Library/Frameworks/ApplicationServices.framework/Versions/A/Frameworks/ATS.framework/Versions/A/Resources/libFontParser.dylib
0x000000004c357000 	/System/Library/Frameworks/ApplicationServices.framework/Versions/A/Frameworks/ATS.framework/Versions/A/Resources/libFontRegistry.dylib
0x000000004c357000 	/System/Library/Frameworks/ImageIO.framework/Versions/A/Resources/libJPEG.dylib
0x000000004c357000 	/System/Library/Frameworks/ImageIO.framework/Versions/A/Resources/libTIFF.dylib
0x000000004c357000 	/System/Library/Frameworks/ImageIO.framework/Versions/A/Resources/libPng.dylib
0x000000004c357000 	/System/Library/Frameworks/ImageIO.framework/Versions/A/Resources/libGIF.dylib
0x000000004c357000 	/System/Library/Frameworks/ImageIO.framework/Versions/A/Resources/libJP2.dylib
0x000000004c357000 	/System/Library/Frameworks/ImageIO.framework/Versions/A/Resources/libRadiance.dylib
0x000000004c357000 	/usr/lib/libcompression.dylib
0x000000004c357000 	/System/Library/PrivateFrameworks/AppleJPEG.framework/Versions/A/AppleJPEG
0x000000004c357000 	/usr/lib/libcups.2.dylib
0x000000004c357000 	/System/Library/Frameworks/Kerberos.framework/Versions/A/Kerberos
0x000000004c357000 	/System/Library/Frameworks/GSS.framework/Versions/A/GSS
0x000000004c357000 	/usr/lib/libresolv.9.dylib
0x000000004c357000 	/usr/lib/libiconv.2.dylib
0x000000004c357000 	/System/Library/PrivateFrameworks/Heimdal.framework/Versions/A/Heimdal
0x000000004c357000 	/usr/lib/libheimdal-asn1.dylib
0x000000004c357000 	/System/Library/Frameworks/OpenDirectory.framework/Versions/A/OpenDirectory
0x000000004c357000 	/System/Library/PrivateFrameworks/CommonAuth.framework/Versions/A/CommonAuth
0x000000004c357000 	/System/Library/Frameworks/OpenDirectory.framework/Versions/A/Frameworks/CFOpenDirectory.framework/Versions/A/CFOpenDirectory
0x000000004c357000 	/System/Library/Frameworks/SecurityFoundation.framework/Versions/A/SecurityFoundation
0x000000004c357000 	/System/Library/PrivateFrameworks/LanguageModeling.framework/Versions/A/LanguageModeling
0x000000004c357000 	/usr/lib/libmarisa.dylib
0x000000004c357000 	/usr/lib/libChineseTokenizer.dylib
0x000000004c357000 	/usr/lib/libcmph.dylib
0x000000004c357000 	/System/Library/PrivateFrameworks/CoreEmoji.framework/Versions/A/CoreEmoji
0x000000004c357000 	/System/Library/Frameworks/ServiceManagement.framework/Versions/A/ServiceManagement
0x000000004c357000 	/usr/lib/libxslt.1.dylib
0x000000004c357000 	/System/Library/Frameworks/Carbon.framework/Versions/A/Frameworks/Ink.framework/Versions/A/Ink
0x000000004c357000 	/System/Library/PrivateFrameworks/TextureIO.framework/Versions/A/TextureIO
0x000000004c357000 	/System/Library/Frameworks/Metal.framework/Versions/A/Metal
0x000000004c357000 	/usr/lib/libate.dylib
0x000000004c357000 	/System/Library/PrivateFrameworks/GPUCompiler.framework/libmetal_timestamp.dylib
0x000000004c357000 	/System/Library/Frameworks/OpenGL.framework/Versions/A/Libraries/libCoreFSCache.dylib
0x000000004c357000 	/System/Library/PrivateFrameworks/IOAccelerator.framework/Versions/A/IOAccelerator
0x000000004c357000 	/System/Library/Frameworks/CoreVideo.framework/Versions/A/CoreVideo
0x000000004c357000 	/usr/lib/libFosl_dynamic.dylib
0x000000004c357000 	/System/Library/PrivateFrameworks/MetalPerformanceShaders.framework/Versions/A/MetalPerformanceShaders
0x000000004c357000 	/System/Library/PrivateFrameworks/FaceCore.framework/Versions/A/FaceCore
0x000000004c357000 	/System/Library/Frameworks/OpenCL.framework/Versions/A/OpenCL
0x000000004c357000 	/System/Library/Frameworks/OpenGL.framework/Versions/A/Libraries/libGLU.dylib
0x000000004c357000 	/System/Library/Frameworks/OpenGL.framework/Versions/A/Libraries/libGFXShared.dylib
0x000000004c357000 	/System/Library/Frameworks/OpenGL.framework/Versions/A/Libraries/libGL.dylib
0x000000004c357000 	/System/Library/Frameworks/OpenGL.framework/Versions/A/Libraries/libGLImage.dylib
0x000000004c357000 	/System/Library/Frameworks/OpenGL.framework/Versions/A/Libraries/libCVMSPluginSupport.dylib
0x000000004c357000 	/System/Library/Frameworks/OpenGL.framework/Versions/A/Libraries/libCoreVMClient.dylib
0x000000004c357000 	/System/Library/PrivateFrameworks/CrashReporterSupport.framework/Versions/A/CrashReporterSupport
0x000000004c357000 	/System/Library/PrivateFrameworks/Sharing.framework/Versions/A/Sharing
0x000000004c357000 	/System/Library/PrivateFrameworks/IconServices.framework/Versions/A/IconServices
0x000000004c357000 	/System/Library/PrivateFrameworks/ProtocolBuffer.framework/Versions/A/ProtocolBuffer
0x000000004c357000 	/System/Library/PrivateFrameworks/Apple80211.framework/Versions/A/Apple80211
0x000000004c357000 	/System/Library/Frameworks/CoreWLAN.framework/Versions/A/CoreWLAN
0x000000004c357000 	/System/Library/PrivateFrameworks/CoreUtils.framework/Versions/A/CoreUtils
0x000000004c357000 	/System/Library/Frameworks/IOBluetooth.framework/Versions/A/IOBluetooth
0x000000004c357000 	/System/Library/PrivateFrameworks/CoreWiFi.framework/Versions/A/CoreWiFi
0x000000004c357000 	/System/Library/Frameworks/CoreBluetooth.framework/Versions/A/CoreBluetooth
0x000000004c357000 	/System/Library/Frameworks/CoreDisplay.framework/Versions/A/CoreDisplay
0x000000004c357000 	/System/Library/PrivateFrameworks/IOPresentment.framework/Versions/A/IOPresentment
0x000000004c357000 	/System/Library/PrivateFrameworks/DSExternalDisplay.framework/Versions/A/DSExternalDisplay
0x000000004c357000 	/System/Library/PrivateFrameworks/DebugSymbols.framework/Versions/A/DebugSymbols
0x000000004c357000 	/System/Library/PrivateFrameworks/CoreSymbolication.framework/Versions/A/CoreSymbolication
0x000000004c357000 	/System/Library/PrivateFrameworks/Symbolication.framework/Versions/A/Symbolication
0x000000004c357000 	/System/Library/PrivateFrameworks/AppleFSCompression.framework/Versions/A/AppleFSCompression
0x000000004c357000 	/System/Library/PrivateFrameworks/SpeechRecognitionCore.framework/Versions/A/SpeechRecognitionCore
0x000000004c357000 	/System/Library/PrivateFrameworks/ChunkingLibrary.framework/Versions/A/ChunkingLibrary
0x0000000103600000 	/Library/Java/JavaVirtualMachines/jdk1.8.0_121.jdk/Contents/Home/jre/lib/server/libjvm.dylib
0x000000004c357000 	/usr/lib/libstdc++.6.dylib
0x0000000102d49000 	/Library/Java/JavaVirtualMachines/jdk1.8.0_121.jdk/Contents/Home/jre/lib/libverify.dylib
0x0000000102d57000 	/Library/Java/JavaVirtualMachines/jdk1.8.0_121.jdk/Contents/Home/jre/lib/libjava.dylib
0x0000000102d96000 	/Library/Java/JavaVirtualMachines/jdk1.8.0_121.jdk/Contents/Home/jre/lib/libzip.dylib
0x0000000108240000 	/System/Library/Frameworks/JavaVM.framework/Frameworks/JavaRuntimeSupport.framework/JavaRuntimeSupport
0x000000010825a000 	/System/Library/Frameworks/JavaVM.framework/Versions/A/Frameworks/JavaNativeFoundation.framework/Versions/A/JavaNativeFoundation
0x00000001179fb000 	/System/Library/Frameworks/JavaVM.framework/Versions/A/JavaVM
0x000000004c357000 	/System/Library/Frameworks/Carbon.framework/Versions/A/Carbon
0x0000000117a08000 	/System/Library/PrivateFrameworks/JavaLaunching.framework/Versions/A/JavaLaunching
0x000000004c357000 	/System/Library/Frameworks/Carbon.framework/Versions/A/Frameworks/CommonPanels.framework/Versions/A/CommonPanels
0x000000004c357000 	/System/Library/Frameworks/Carbon.framework/Versions/A/Frameworks/Help.framework/Versions/A/Help
0x000000004c357000 	/System/Library/Frameworks/Carbon.framework/Versions/A/Frameworks/ImageCapture.framework/Versions/A/ImageCapture
0x000000004c357000 	/System/Library/Frameworks/Carbon.framework/Versions/A/Frameworks/OpenScripting.framework/Versions/A/OpenScripting
0x000000004c357000 	/System/Library/Frameworks/Carbon.framework/Versions/A/Frameworks/Print.framework/Versions/A/Print
0x000000004c357000 	/System/Library/Frameworks/Carbon.framework/Versions/A/Frameworks/SecurityHI.framework/Versions/A/SecurityHI
0x0000000119318000 	/Library/Java/JavaVirtualMachines/jdk1.8.0_121.jdk/Contents/Home/jre/lib/libawt.dylib
0x00000001193c0000 	/Library/Java/JavaVirtualMachines/jdk1.8.0_121.jdk/Contents/Home/jre/lib/./libmlib_image.dylib
0x000000011948c000 	/Library/Java/JavaVirtualMachines/jdk1.8.0_121.jdk/Contents/Home/jre/lib/libawt_lwawt.dylib
0x0000000119543000 	/Library/Java/JavaVirtualMachines/jdk1.8.0_121.jdk/Contents/Home/jre/lib/./libosxapp.dylib
0x000000004c357000 	/System/Library/Frameworks/ExceptionHandling.framework/Versions/A/ExceptionHandling
0x000000004c357000 	/System/Library/PrivateFrameworks/CoreServicesInternal.framework/Versions/A/CoreServicesInternal
0x000000004c357000 	/System/Library/CoreServices/RawCamera.bundle/Contents/MacOS/RawCamera
0x000000004c357000 	/System/Library/Frameworks/Accelerate.framework/Versions/A/Frameworks/vImage.framework/Versions/A/Libraries/libCGInterfaces.dylib
0x000000004c357000 	/System/Library/Frameworks/ApplicationServices.framework/Versions/A/Frameworks/ATS.framework/Versions/A/Resources/libTrueTypeScaler.dylib
0x000000011b163000 	/System/Library/Frameworks/OpenGL.framework/Resources/GLEngine.bundle/GLEngine
0x000000004c357000 	/System/Library/Frameworks/OpenGL.framework/Versions/A/Libraries/libGLProgrammability.dylib
0x000000011b348000 	/System/Library/Extensions/AppleIntelHD5000GraphicsGLDriver.bundle/Contents/MacOS/AppleIntelHD5000GraphicsGLDriver
0x000000004c357000 	/System/Library/PrivateFrameworks/GPUSupport.framework/Versions/A/Libraries/libGPUSupportMercury.dylib
0x000000011a295000 	/System/Library/Frameworks/OpenGL.framework/Resources//GLRendererFloat.bundle/GLRendererFloat
0x000000004c357000 	/System/Library/Frameworks/OpenCL.framework/Versions/A/Libraries/libcldcpuengine.dylib
0x000000004c357000 	/usr/lib/libcrypto.0.9.8.dylib
0x000000004c357000 	/System/Library/PrivateFrameworks/TrustEvaluationAgent.framework/Versions/A/TrustEvaluationAgent
0x000000011bab6000 	/System/Library/Extensions/AppleIntelHD5000GraphicsMTLDriver.bundle/Contents/MacOS/AppleIntelHD5000GraphicsMTLDriver
0x000000004c357000 	/System/Library/PrivateFrameworks/FamilyControls.framework/Versions/A/FamilyControls
0x000000004c357000 	/System/Library/PrivateFrameworks/CommerceKit.framework/Versions/A/Frameworks/CommerceCore.framework/Versions/A/CommerceCore
0x000000004c357000 	/System/Library/PrivateFrameworks/SystemAdministration.framework/Versions/A/SystemAdministration
0x000000004c357000 	/System/Library/PrivateFrameworks/AppContainer.framework/Versions/A/AppContainer
0x000000004c357000 	/System/Library/PrivateFrameworks/SecCodeWrapper.framework/Versions/A/SecCodeWrapper
0x000000004c357000 	/System/Library/Frameworks/DirectoryService.framework/Versions/A/DirectoryService
0x000000004c357000 	/System/Library/PrivateFrameworks/DiskImages.framework/Versions/A/DiskImages
0x000000004c357000 	/System/Library/PrivateFrameworks/LoginUIKit.framework/Versions/A/Frameworks/LoginUICore.framework/Versions/A/LoginUICore
0x000000004c357000 	/usr/lib/libCoreStorage.dylib
0x000000004c357000 	/usr/lib/libcsfde.dylib
0x000000004c357000 	/usr/lib/libodfde.dylib
0x000000004c357000 	/System/Library/Frameworks/DiscRecording.framework/Versions/A/DiscRecording
0x000000004c357000 	/usr/lib/libcurl.4.dylib
0x000000004c357000 	/System/Library/PrivateFrameworks/MediaKit.framework/Versions/A/MediaKit
0x000000004c357000 	/System/Library/PrivateFrameworks/ProtectedCloudStorage.framework/Versions/A/ProtectedCloudStorage
0x000000004c357000 	/System/Library/PrivateFrameworks/EFILogin.framework/Versions/A/EFILogin
0x000000004c357000 	/usr/lib/libutil.dylib
0x000000004c357000 	/System/Library/Frameworks/LDAP.framework/Versions/A/LDAP
0x000000004c357000 	/usr/lib/libsasl2.2.dylib
0x000000004c357000 	/System/Library/PrivateFrameworks/CoreDaemon.framework/Versions/B/CoreDaemon
0x000000004c357000 	/System/Library/PrivateFrameworks/AppleSRP.framework/Versions/A/AppleSRP
0x000000004c357000 	/System/Library/PrivateFrameworks/APFS.framework/Versions/A/APFS
0x000000011d5ed000 	/Library/Java/JavaVirtualMachines/jdk1.8.0_121.jdk/Contents/Home/jre/lib/libfontmanager.dylib
0x000000004c357000 	/System/Library/PrivateFrameworks/ViewBridge.framework/Versions/A/ViewBridge
0x000000004c357000 	/System/Library/PrivateFrameworks/XPCService.framework/Versions/A/XPCService
0x000000004c357000 	/System/Library/PrivateFrameworks/AppSandbox.framework/Versions/A/AppSandbox
0x000000004c357000 	/usr/lib/libsandbox.1.dylib
0x000000004c357000 	/usr/lib/libMatch.1.dylib
0x000000011ea07000 	/Library/Java/JavaVirtualMachines/jdk1.8.0_121.jdk/Contents/Home/jre/lib/libosxui.dylib
0x000000011f5d0000 	/Library/Java/JavaVirtualMachines/jdk1.8.0_121.jdk/Contents/Home/jre/lib/libnet.dylib
0x000000011f52c000 	/Library/Java/JavaVirtualMachines/jdk1.8.0_121.jdk/Contents/Home/jre/lib/libnio.dylib
0x000000011e6f5000 	/private/var/folders/z5/dkh_k18x6bn8z6w6jj1k7pqm0000gn/T/jogamp_0000/file_cache/jln4325375817037910309/jln1331284181656735731/libgluegen-rt.jnilib
0x000000011e6f9000 	/private/var/folders/z5/dkh_k18x6bn8z6w6jj1k7pqm0000gn/T/jogamp_0000/file_cache/jln4325375817037910309/jln1331284181656735731/libnativewindow_awt.jnilib
0x000000011f579000 	/Library/Java/JavaVirtualMachines/jdk1.8.0_121.jdk/Contents/Home/jre/lib/libjawt.dylib
0x0000000187bd8000 	/private/var/folders/z5/dkh_k18x6bn8z6w6jj1k7pqm0000gn/T/jogamp_0000/file_cache/jln4325375817037910309/jln1331284181656735731/libnativewindow_macosx.jnilib
0x0000000189c1d000 	/private/var/folders/z5/dkh_k18x6bn8z6w6jj1k7pqm0000gn/T/jogamp_0000/file_cache/jln4325375817037910309/jln1331284181656735731/libjogl_desktop.jnilib
0x000000018d414000 	/Library/Java/JavaVirtualMachines/jdk1.8.0_121.jdk/Contents/Home/jre/lib/libt2k.dylib

VM Arguments:
jvm_args: -Djava.security.policy=java.policy.applet -Dfile.encoding=MacRoman 
java_command: sun.applet.AppletViewer module6.EarthquakeCityMap1523942924397.html
java_class_path (initial): /Users/Mac/Documents/workspace/UCSDUnfoldingMaps/build:/Users/Mac/Documents/workspace/UCSDUnfoldingMaps/lib/core.jar:/Users/Mac/Documents/workspace/UCSDUnfoldingMaps/lib/gluegen-rt.jar:/Users/Mac/Documents/workspace/UCSDUnfoldingMaps/lib/jogl-all.jar:/Users/Mac/Documents/workspace/UCSDUnfoldingMaps/lib/log4j-1.2.15.jar:/Users/Mac/Documents/workspace/UCSDUnfoldingMaps/lib/sqlite-jdbc-3.7.2.jar:/Users/Mac/Documents/workspace/UCSDUnfoldingMaps/lib/json4processing.jar:/Users/Mac/Documents/workspace/UCSDUnfoldingMaps/lib/libTUIO.jar:/Users/Mac/Documents/workspace/UCSDUnfoldingMaps/lib/unfolding.0.9.7-uscd.jar
Launcher Type: SUN_STANDARD

Environment Variables:
PATH=/Library/Frameworks/Python.framework/Versions/3.6/bin:/usr/local/bin:/usr/bin:/bin:/usr/sbin:/sbin:/opt/X11/bin:/Library/Frameworks/Mono.framework/Versions/Current/Commands:/Library/TeX/texbin
SHELL=/bin/bash
DISPLAY=/private/tmp/com.apple.launchd.BfoSnAz3r8/org.macosforge.xquartz:0

Signal Handlers:
SIGSEGV: [libjvm.dylib+0x5b1141], sa_mask[0]=11111111011111110111111111111111, sa_flags=SA_ONSTACK|SA_RESTART|SA_SIGINFO
SIGBUS: [libjvm.dylib+0x5b1141], sa_mask[0]=11111111011111110111111111111111, sa_flags=SA_RESTART|SA_SIGINFO
SIGFPE: [libjvm.dylib+0x487bc4], sa_mask[0]=11111111011111110111111111111111, sa_flags=SA_RESTART|SA_SIGINFO
SIGPIPE: [libjvm.dylib+0x487bc4], sa_mask[0]=11111111011111110111111111111111, sa_flags=SA_RESTART|SA_SIGINFO
SIGXFSZ: [libjvm.dylib+0x487bc4], sa_mask[0]=11111111011111110111111111111111, sa_flags=SA_RESTART|SA_SIGINFO
SIGILL: [libjvm.dylib+0x487bc4], sa_mask[0]=11111111011111110111111111111111, sa_flags=SA_RESTART|SA_SIGINFO
SIGUSR1: SIG_DFL, sa_mask[0]=11011111011111100000000111000110, sa_flags=none
SIGUSR2: [libjvm.dylib+0x4876e2], sa_mask[0]=00100000000000000000000000000000, sa_flags=SA_RESTART|SA_SIGINFO
SIGHUP: [libjvm.dylib+0x485cb9], sa_mask[0]=11111111011111110111111111111111, sa_flags=SA_RESTART|SA_SIGINFO
SIGINT: [libjvm.dylib+0x485cb9], sa_mask[0]=11111111011111110111111111111111, sa_flags=SA_RESTART|SA_SIGINFO
SIGTERM: [libjvm.dylib+0x485cb9], sa_mask[0]=11111111011111110111111111111111, sa_flags=SA_RESTART|SA_SIGINFO
SIGQUIT: [libjvm.dylib+0x485cb9], sa_mask[0]=11111111011111110111111111111111, sa_flags=SA_RESTART|SA_SIGINFO


---------------  S Y S T E M  ---------------

OS:Bsduname:Darwin 16.7.0 Darwin Kernel Version 16.7.0: Thu Jan 11 22:59:40 PST 2018; root:xnu-3789.73.8~1/RELEASE_X86_64 x86_64
rlimit: STACK 8192k, CORE 0k, NPROC 709, NOFILE 10240, AS infinity
load average:3.11 2.53 2.28

CPU:total 4 (2 cores per cpu, 2 threads per core) family 6 model 69 stepping 1, cmov, cx8, fxsr, mmx, sse, sse2, sse3, ssse3, sse4.1, sse4.2, popcnt, avx, avx2, aes, clmul, erms, lzcnt, ht, tsc, tscinvbit, bmi1, bmi2

Memory: 4k page, physical 4194304k(88484k free)

/proc/meminfo:


vm_info: Java HotSpot(TM) 64-Bit Server VM (25.121-b13) for bsd-amd64 JRE (1.8.0_121-b13), built on Dec 12 2016 20:39:32 by "java_re" with gcc 4.2.1 (Based on Apple Inc. build 5658) (LLVM build 2336.11.00)

time: Mon Apr 16 22:31:06 2018
elapsed time: 142 seconds (0d 0h 2m 22s)

