#
# A fatal error has been detected by the Java Runtime Environment:
#
#  SIGSEGV (0xb) at pc=0x00007fffd65ee05d, pid=14745, tid=0x0000000000000307
#
# JRE version: Java(TM) SE Runtime Environment (8.0_121-b13) (build 1.8.0_121-b13)
# Java VM: Java HotSpot(TM) 64-Bit Server VM (25.121-b13 mixed mode bsd-amd64 compressed oops)
# Problematic frame:
# C  [libobjc.A.dylib+0x705d]  objc_msgSend+0x1d
#
# Failed to write core dump. Core dumps have been disabled. To enable core dumping, try "ulimit -c unlimited" before starting Java again
#
# If you would like to submit a bug report, please visit:
#   http://bugreport.java.com/bugreport/crash.jsp
# The crash happened outside the Java Virtual Machine in native code.
# See problematic frame for where to report the bug.
#

---------------  T H R E A D  ---------------

Current thread (0x00007ff36e021800):  JavaThread "AWT-AppKit" daemon [_thread_in_native, id=775, stack(0x00007fff5e53d000,0x00007fff5ed3d000)]

siginfo: si_signo: 11 (SIGSEGV), si_code: 1 (SEGV_MAPERR), si_addr: 0x0000000000000018

Registers:
RAX=0x00007ff37207d3c0, RBX=0x0000000185db0450, RCX=0x00007ff36ed00ae0, RDX=0x0000000000000000
RSP=0x00007fff5ed38248, RBP=0x00007fff5ed38300, RSI=0x00007fffbfe75116, RDI=0x00007ff37207e1a0
R8 =0x0000000000000018, R9 =0x00007ff36ed00b00, R10=0x0000000000000000, R11=0x00007fffbfe75116
R12=0x0000000000000000, R13=0x0000000187a795b8, R14=0x0000000185db0440, R15=0x00007ff36e021800
RIP=0x00007fffd65ee05d, EFLAGS=0x0000000000010246, ERR=0x0000000000000004
  TRAPNO=0x000000000000000e

Top of Stack: (sp=0x00007fff5ed38248)
0x00007fff5ed38248:   0000000185dae157 00007fff5ed382a0
0x00007fff5ed38258:   0000000000000003 00007fff5ed38280
0x00007fff5ed38268:   00000001019f2c62 0000000187a795b8
0x00007fff5ed38278:   0000000187a795b8 00007ff37207d3c0
0x00007fff5ed38288:   0000000185db06a0 0000000185db0710
0x00007fff5ed38298:   00007fffdc6546d0 00007fffdd2841e0
0x00007fff5ed382a8:   0000000185db0450 0000000185db0690
0x00007fff5ed382b8:   00007ff37207d3c0 00007ff37207e1a0
0x00007fff5ed382c8:   00007ff37238a980 00007ff37207d3c0
0x00007fff5ed382d8:   00007ff37207e1a0 00007fff5ed38380
0x00007fff5ed382e8:   00007ff36e0219f8 0000000187a795b8
0x00007fff5ed382f8:   00007fff5ed383a8 00007fff5ed38370
0x00007fff5ed38308:   000000010f6009f4 00007fff5ed38370
0x00007fff5ed38318:   000000010f600779 000000010f60c9a3
0x00007fff5ed38328:   000000010f600742 00007fff5ed38330
0x00007fff5ed38338:   0000000187a795b8 00007fff5ed383a8
0x00007fff5ed38348:   0000000187a9c248 0000000000000000
0x00007fff5ed38358:   0000000187a795b8 0000000000000000
0x00007fff5ed38368:   00007fff5ed38390 00007fff5ed383f0
0x00007fff5ed38378:   000000010f5f12bd 0000000782a2d6f8
0x00007fff5ed38388:   000000010f5fa538 00007ff37207d3c0
0x00007fff5ed38398:   000000010f5fbe39 00007ff37207e1a0
0x00007fff5ed383a8:   000000010f5fbe02 00007fff5ed383b0
0x00007fff5ed383b8:   0000000187a79782 00007fff5ed38418
0x00007fff5ed383c8:   0000000187a9c248 0000000000000000
0x00007fff5ed383d8:   0000000187a79790 00007fff5ed38390
0x00007fff5ed383e8:   00007fff5ed38400 00007fff5ed38460
0x00007fff5ed383f8:   000000010f5f12bd 00007ff37207d3c0
0x00007fff5ed38408:   00000007829ddfb8 00007ff37207e1a0
0x00007fff5ed38418:   00000007829ddfb8 00007fff5ed38420
0x00007fff5ed38428:   000000018ccbe326 00007fff5ed38470
0x00007fff5ed38438:   000000018ccbe3e0 0000000000000000 

Instructions: (pc=0x00007fffd65ee05d)
0x00007fffd65ee03d:   0f 1f 00 48 85 ff 2e 74 62 40 f6 c7 01 2e 75 66
0x00007fffd65ee04d:   49 ba f8 ff ff ff ff 7f 00 00 4c 23 17 49 89 f3
0x00007fffd65ee05d:   45 23 5a 18 49 c1 e3 04 4d 03 5a 10 49 3b 33 75
0x00007fffd65ee06d:   04 41 ff 63 08 49 83 3b 01 76 0d 49 83 c3 10 49 

Register to memory mapping:

RAX=0x00007ff37207d3c0 is an unknown value
RBX=0x0000000185db0450: Java_jogamp_nativewindow_macosx_OSXUtil_GetScreenRefreshRate0+0x1cf0 in /private/var/folders/z5/dkh_k18x6bn8z6w6jj1k7pqm0000gn/T/jogamp_0000/file_cache/jln3253073020314156907/jln1667540017606256026/libnativewindow_macosx.jnilib at 0x0000000185da9000
RCX=0x00007ff36ed00ae0 is an unknown value
RDX=0x0000000000000000 is an unknown value
RSP=0x00007fff5ed38248 is pointing into the stack for thread: 0x00007ff36e021800
RBP=0x00007fff5ed38300 is pointing into the stack for thread: 0x00007ff36e021800
RSI=0x00007fffbfe75116: __NSStyleNameIndexTable+0x7fd5e in /System/Library/Frameworks/AppKit.framework/Versions/C/AppKit at 0x00007fffbf208000
RDI=0x00007ff37207e1a0 is an unknown value
R8 =0x0000000000000018 is an unknown value
R9 =0x00007ff36ed00b00 is an unknown value
R10=0x0000000000000000 is an unknown value
R11=0x00007fffbfe75116: __NSStyleNameIndexTable+0x7fd5e in /System/Library/Frameworks/AppKit.framework/Versions/C/AppKit at 0x00007fffbf208000
R12=0x0000000000000000 is an unknown value
R13={method} {0x0000000187a795b8} 'UnsetJAWTRootSurfaceLayer0' '(JJ)V' in 'jogamp/nativewindow/jawt/macosx/MacOSXJAWTWindow'
R14=0x0000000185db0440: Java_jogamp_nativewindow_macosx_OSXUtil_GetScreenRefreshRate0+0x1ce0 in /private/var/folders/z5/dkh_k18x6bn8z6w6jj1k7pqm0000gn/T/jogamp_0000/file_cache/jln3253073020314156907/jln1667540017606256026/libnativewindow_macosx.jnilib at 0x0000000185da9000
R15=0x00007ff36e021800 is a thread


Stack: [0x00007fff5e53d000,0x00007fff5ed3d000],  sp=0x00007fff5ed38248,  free space=8172k
Native frames: (J=compiled Java code, j=interpreted, Vv=VM code, C=native code)
C  [libobjc.A.dylib+0x705d]  objc_msgSend+0x1d
j  jogamp.nativewindow.jawt.macosx.MacOSXJAWTWindow.UnsetJAWTRootSurfaceLayer0(JJ)V+0
j  jogamp.nativewindow.jawt.macosx.MacOSXJAWTWindow.access$200(JJ)V+2
j  jogamp.nativewindow.jawt.macosx.MacOSXJAWTWindow$1.run()V+38
j  com.jogamp.common.util.RunnableTask.run()V+24
v  ~StubRoutines::call_stub
V  [libjvm.dylib+0x2ed9d6]
V  [libjvm.dylib+0x324b65]
V  [libjvm.dylib+0x317333]
C  [libnativewindow_macosx.jnilib+0x5326]  Java_jogamp_nativewindow_jawt_macosx_MacOSXJAWTWindow_UnsetJAWTRootSurfaceLayer0+0x2b6
C  [Foundation+0x7152a]  __NSThreadPerformPerform+0x146
C  [CoreFoundation+0xa7321]  __CFRUNLOOP_IS_CALLING_OUT_TO_A_SOURCE0_PERFORM_FUNCTION__+0x11
C  [CoreFoundation+0x88197]  __CFRunLoopDoSources0+0x1a7
C  [CoreFoundation+0x87716]  __CFRunLoopRun+0x3a6
C  [CoreFoundation+0x87114]  CFRunLoopRunSpecific+0x1a4
C  [HIToolbox+0x30ebc]  RunCurrentEventLoopInMode+0xf0
C  [HIToolbox+0x30bf9]  ReceiveNextEventCommon+0xb8
C  [HIToolbox+0x30b26]  _BlockUntilNextEventMatchingListInModeWithFilter+0x47
C  [AppKit+0x46a54]  _DPSNextEvent+0x460
C  [AppKit+0x7c27ee]  -[NSApplication(NSEvent) _nextEventMatchingEventMask:untilDate:inMode:dequeue:]+0xaec
C  [libosxapp.dylib+0x23aa]  -[NSApplicationAWT nextEventMatchingMask:untilDate:inMode:dequeue:]+0x7c
C  [AppKit+0x3b3db]  -[NSApplication run]+0x39e
C  [libosxapp.dylib+0x214d]  +[NSApplicationAWT runAWTLoopWithApp:]+0x9c
C  [libawt_lwawt.dylib+0x45ff7]  -[AWTStarter starter:]+0x389
C  [Foundation+0x7152a]  __NSThreadPerformPerform+0x146
C  [CoreFoundation+0xa7321]  __CFRUNLOOP_IS_CALLING_OUT_TO_A_SOURCE0_PERFORM_FUNCTION__+0x11
C  [CoreFoundation+0x8821d]  __CFRunLoopDoSources0+0x22d
C  [CoreFoundation+0x87716]  __CFRunLoopRun+0x3a6
C  [CoreFoundation+0x87114]  CFRunLoopRunSpecific+0x1a4
C  [java+0x6465]  CreateExecutionEnvironment+0x367
C  [java+0x218c]  JLI_Launch+0x7a0
C  [java+0x84c2]  main+0x65
C  [java+0x19e4]  start+0x34
C  0x0000000000000007

Java frames: (J=compiled Java code, j=interpreted, Vv=VM code)
j  jogamp.nativewindow.jawt.macosx.MacOSXJAWTWindow.UnsetJAWTRootSurfaceLayer0(JJ)V+0
j  jogamp.nativewindow.jawt.macosx.MacOSXJAWTWindow.access$200(JJ)V+2
j  jogamp.nativewindow.jawt.macosx.MacOSXJAWTWindow$1.run()V+38
j  com.jogamp.common.util.RunnableTask.run()V+24
v  ~StubRoutines::call_stub

---------------  P R O C E S S  ---------------

Java Threads: ( => current thread )
  0x00007ff36df57800 JavaThread "Thread-11" [_thread_blocked, id=38943, stack(0x000070000d22c000,0x000070000d32c000)]
  0x00007ff36d15b000 JavaThread "AWT-EventQueue-1" [_thread_in_native, id=67359, stack(0x000070000d129000,0x000070000d229000)]
  0x00007ff36d85d000 JavaThread "DestroyJavaVM" [_thread_blocked, id=7171, stack(0x000070000bb64000,0x000070000bc64000)]
  0x00007ff36d218800 JavaThread "AWT-EventQueue-0" [_thread_blocked, id=64275, stack(0x000070000cf23000,0x000070000d023000)]
  0x00007ff36e0c1000 JavaThread "Java2D Disposer" daemon [_thread_blocked, id=61195, stack(0x000070000cc9a000,0x000070000cd9a000)]
  0x00007ff36d199000 JavaThread "Java2D Queue Flusher" daemon [_thread_blocked, id=47151, stack(0x000070000cb97000,0x000070000cc97000)]
  0x00007ff36c9d1000 JavaThread "AWT-Shutdown" [_thread_blocked, id=29727, stack(0x000070000ca11000,0x000070000cb11000)]
=>0x00007ff36e021800 JavaThread "AWT-AppKit" daemon [_thread_in_native, id=775, stack(0x00007fff5e53d000,0x00007fff5ed3d000)]
  0x00007ff36d04f800 JavaThread "Service Thread" daemon [_thread_blocked, id=18691, stack(0x000070000c788000,0x000070000c888000)]
  0x00007ff36d04f000 JavaThread "C1 CompilerThread2" daemon [_thread_blocked, id=18179, stack(0x000070000c685000,0x000070000c785000)]
  0x00007ff36e010000 JavaThread "C2 CompilerThread1" daemon [_thread_blocked, id=17667, stack(0x000070000c582000,0x000070000c682000)]
  0x00007ff36c831000 JavaThread "C2 CompilerThread0" daemon [_thread_blocked, id=17155, stack(0x000070000c47f000,0x000070000c57f000)]
  0x00007ff36d823800 JavaThread "Signal Dispatcher" daemon [_thread_blocked, id=16643, stack(0x000070000c37c000,0x000070000c47c000)]
  0x00007ff36d823000 JavaThread "Finalizer" daemon [_thread_blocked, id=12547, stack(0x000070000c279000,0x000070000c379000)]
  0x00007ff36c825800 JavaThread "Reference Handler" daemon [_thread_blocked, id=12035, stack(0x000070000c176000,0x000070000c276000)]

Other Threads:
  0x00007ff36d01b800 VMThread [stack: 0x000070000c073000,0x000070000c173000] [id=11523]
  0x00007ff36e010800 WatcherThread [stack: 0x000070000c88b000,0x000070000c98b000] [id=19203]

VM state:not at safepoint (normal execution)

VM Mutex/Monitor currently owned by a thread: None

Heap:
 PSYoungGen      total 200704K, used 30383K [0x00000007aab00000, 0x00000007bc400000, 0x00000007c0000000)
  eden space 173568K, 17% used [0x00000007aab00000,0x00000007ac88bf80,0x00000007b5480000)
  from space 27136K, 0% used [0x00000007b5480000,0x00000007b54a0000,0x00000007b6f00000)
  to   space 26624K, 0% used [0x00000007baa00000,0x00000007baa00000,0x00000007bc400000)
 ParOldGen       total 94208K, used 61309K [0x0000000780000000, 0x0000000785c00000, 0x00000007aab00000)
  object space 94208K, 65% used [0x0000000780000000,0x0000000783bdf7c0,0x0000000785c00000)
 Metaspace       used 20955K, capacity 21215K, committed 21504K, reserved 1069056K
  class space    used 2120K, capacity 2202K, committed 2304K, reserved 1048576K

Card table byte_map: [0x0000000102b62000,0x0000000102d63000] byte_map_base: 0x00000000fef62000

Marking Bits: (ParMarkBitMap*) 0x00000001020f0d30
 Begin Bits: [0x0000000102eb9000, 0x0000000103eb9000)
 End Bits:   [0x0000000103eb9000, 0x0000000104eb9000)

Polling page: 0x0000000100f83000

CodeCache: size=245760Kb used=7680Kb max_used=8280Kb free=238079Kb
 bounds [0x000000010f5e9000, 0x000000010fe19000, 0x000000011e5e9000]
 total_blobs=2895 nmethods=2006 adapters=802
 compilation: enabled

Compilation events (10 events):
Event: 83.414 Thread 0x00007ff36d04f000 2239       3       java.awt.Component::isValid (20 bytes)
Event: 83.414 Thread 0x00007ff36d04f000 nmethod 2239 0x000000010fa8dc10 code [0x000000010fa8dd80, 0x000000010fa8df70]
Event: 83.433 Thread 0x00007ff36d04f000 2241       3       java.awt.EventQueue::getNextEventPrivate (76 bytes)
Event: 83.433 Thread 0x00007ff36d04f000 nmethod 2241 0x000000010fb16850 code [0x000000010fb169e0, 0x000000010fb16d28]
Event: 83.466 Thread 0x00007ff36c831000 2242  s!   4       sun.misc.URLClassPath::getLoader (243 bytes)
Event: 83.467 Thread 0x00007ff36e010000 2243  s    4       sun.misc.URLClassPath::getNextLoader (88 bytes)
Event: 83.477 Thread 0x00007ff36c831000 nmethod 2242 0x000000010fb34490 code [0x000000010fb34600, 0x000000010fb34dd8]
Event: 83.478 Thread 0x00007ff36d04f000 2244       1       sun.java2d.SurfaceData::isValid (5 bytes)
Event: 83.479 Thread 0x00007ff36e010000 nmethod 2243 0x000000010fb5b310 code [0x000000010fb5b480, 0x000000010fb5bbf8]
Event: 83.479 Thread 0x00007ff36d04f000 nmethod 2244 0x000000010f78ab90 code [0x000000010f78ace0, 0x000000010f78adf0]

GC Heap History (10 events):
Event: 12.827 GC heap before
{Heap before GC invocations=10 (full 1):
 PSYoungGen      total 114688K, used 101395K [0x00000007aab00000, 0x00000007b3d00000, 0x00000007c0000000)
  eden space 86016K, 100% used [0x00000007aab00000,0x00000007aff00000,0x00000007aff00000)
  from space 28672K, 53% used [0x00000007b1a80000,0x00000007b2984f48,0x00000007b3680000)
  to   space 28160K, 0% used [0x00000007aff00000,0x00000007aff00000,0x00000007b1a80000)
 ParOldGen       total 94208K, used 44929K [0x0000000780000000, 0x0000000785c00000, 0x00000007aab00000)
  object space 94208K, 47% used [0x0000000780000000,0x0000000782be0648,0x0000000785c00000)
 Metaspace       used 20880K, capacity 21087K, committed 21248K, reserved 1069056K
  class space    used 2109K, capacity 2202K, committed 2304K, reserved 1048576K
Event: 12.860 GC heap after
Heap after GC invocations=10 (full 1):
 PSYoungGen      total 114176K, used 10415K [0x00000007aab00000, 0x00000007b5a00000, 0x00000007c0000000)
  eden space 86016K, 0% used [0x00000007aab00000,0x00000007aab00000,0x00000007aff00000)
  from space 28160K, 36% used [0x00000007aff00000,0x00000007b092bcd0,0x00000007b1a80000)
  to   space 26624K, 0% used [0x00000007b4000000,0x00000007b4000000,0x00000007b5a00000)
 ParOldGen       total 94208K, used 49966K [0x0000000780000000, 0x0000000785c00000, 0x00000007aab00000)
  object space 94208K, 53% used [0x0000000780000000,0x00000007830cb8c0,0x0000000785c00000)
 Metaspace       used 20880K, capacity 21087K, committed 21248K, reserved 1069056K
  class space    used 2109K, capacity 2202K, committed 2304K, reserved 1048576K
}
Event: 13.052 GC heap before
{Heap before GC invocations=11 (full 1):
 PSYoungGen      total 114176K, used 96431K [0x00000007aab00000, 0x00000007b5a00000, 0x00000007c0000000)
  eden space 86016K, 100% used [0x00000007aab00000,0x00000007aff00000,0x00000007aff00000)
  from space 28160K, 36% used [0x00000007aff00000,0x00000007b092bcd0,0x00000007b1a80000)
  to   space 26624K, 0% used [0x00000007b4000000,0x00000007b4000000,0x00000007b5a00000)
 ParOldGen       total 94208K, used 49966K [0x0000000780000000, 0x0000000785c00000, 0x00000007aab00000)
  object space 94208K, 53% used [0x0000000780000000,0x00000007830cb8c0,0x0000000785c00000)
 Metaspace       used 20881K, capacity 21087K, committed 21248K, reserved 1069056K
  class space    used 2109K, capacity 2202K, committed 2304K, reserved 1048576K
Event: 13.063 GC heap after
Heap after GC invocations=11 (full 1):
 PSYoungGen      total 151552K, used 64K [0x00000007aab00000, 0x00000007b5a00000, 0x00000007c0000000)
  eden space 124928K, 0% used [0x00000007aab00000,0x00000007aab00000,0x00000007b2500000)
  from space 26624K, 0% used [0x00000007b4000000,0x00000007b4010000,0x00000007b5a00000)
  to   space 27136K, 0% used [0x00000007b2500000,0x00000007b2500000,0x00000007b3f80000)
 ParOldGen       total 94208K, used 60245K [0x0000000780000000, 0x0000000785c00000, 0x00000007aab00000)
  object space 94208K, 63% used [0x0000000780000000,0x0000000783ad5780,0x0000000785c00000)
 Metaspace       used 20881K, capacity 21087K, committed 21248K, reserved 1069056K
  class space    used 2109K, capacity 2202K, committed 2304K, reserved 1048576K
}
Event: 13.575 GC heap before
{Heap before GC invocations=12 (full 1):
 PSYoungGen      total 151552K, used 124992K [0x00000007aab00000, 0x00000007b5a00000, 0x00000007c0000000)
  eden space 124928K, 100% used [0x00000007aab00000,0x00000007b2500000,0x00000007b2500000)
  from space 26624K, 0% used [0x00000007b4000000,0x00000007b4010000,0x00000007b5a00000)
  to   space 27136K, 0% used [0x00000007b2500000,0x00000007b2500000,0x00000007b3f80000)
 ParOldGen       total 94208K, used 60245K [0x0000000780000000, 0x0000000785c00000, 0x00000007aab00000)
  object space 94208K, 63% used [0x0000000780000000,0x0000000783ad5780,0x0000000785c00000)
 Metaspace       used 20911K, capacity 21215K, committed 21504K, reserved 1069056K
  class space    used 2112K, capacity 2202K, committed 2304K, reserved 1048576K
Event: 13.577 GC heap after
Heap after GC invocations=12 (full 1):
 PSYoungGen      total 152064K, used 1248K [0x00000007aab00000, 0x00000007b8d00000, 0x00000007c0000000)
  eden space 124928K, 0% used [0x00000007aab00000,0x00000007aab00000,0x00000007b2500000)
  from space 27136K, 4% used [0x00000007b2500000,0x00000007b2638040,0x00000007b3f80000)
  to   space 27136K, 0% used [0x00000007b7280000,0x00000007b7280000,0x00000007b8d00000)
 ParOldGen       total 94208K, used 60253K [0x0000000780000000, 0x0000000785c00000, 0x00000007aab00000)
  object space 94208K, 63% used [0x0000000780000000,0x0000000783ad7780,0x0000000785c00000)
 Metaspace       used 20911K, capacity 21215K, committed 21504K, reserved 1069056K
  class space    used 2112K, capacity 2202K, committed 2304K, reserved 1048576K
}
Event: 13.889 GC heap before
{Heap before GC invocations=13 (full 1):
 PSYoungGen      total 152064K, used 126176K [0x00000007aab00000, 0x00000007b8d00000, 0x00000007c0000000)
  eden space 124928K, 100% used [0x00000007aab00000,0x00000007b2500000,0x00000007b2500000)
  from space 27136K, 4% used [0x00000007b2500000,0x00000007b2638040,0x00000007b3f80000)
  to   space 27136K, 0% used [0x00000007b7280000,0x00000007b7280000,0x00000007b8d00000)
 ParOldGen       total 94208K, used 60253K [0x0000000780000000, 0x0000000785c00000, 0x00000007aab00000)
  object space 94208K, 63% used [0x0000000780000000,0x0000000783ad7780,0x0000000785c00000)
 Metaspace       used 20911K, capacity 21215K, committed 21504K, reserved 1069056K
  class space    used 2112K, capacity 2202K, committed 2304K, reserved 1048576K
Event: 13.894 GC heap after
Heap after GC invocations=13 (full 1):
 PSYoungGen      total 197120K, used 128K [0x00000007aab00000, 0x00000007b8980000, 0x00000007c0000000)
  eden space 173568K, 0% used [0x00000007aab00000,0x00000007aab00000,0x00000007b5480000)
  from space 23552K, 0% used [0x00000007b7280000,0x00000007b72a0000,0x00000007b8980000)
  to   space 27136K, 0% used [0x00000007b5480000,0x00000007b5480000,0x00000007b6f00000)
 ParOldGen       total 94208K, used 61309K [0x0000000780000000, 0x0000000785c00000, 0x00000007aab00000)
  object space 94208K, 65% used [0x0000000780000000,0x0000000783bdf7c0,0x0000000785c00000)
 Metaspace       used 20911K, capacity 21215K, committed 21504K, reserved 1069056K
  class space    used 2112K, capacity 2202K, committed 2304K, reserved 1048576K
}
Event: 14.340 GC heap before
{Heap before GC invocations=14 (full 1):
 PSYoungGen      total 197120K, used 173696K [0x00000007aab00000, 0x00000007b8980000, 0x00000007c0000000)
  eden space 173568K, 100% used [0x00000007aab00000,0x00000007b5480000,0x00000007b5480000)
  from space 23552K, 0% used [0x00000007b7280000,0x00000007b72a0000,0x00000007b8980000)
  to   space 27136K, 0% used [0x00000007b5480000,0x00000007b5480000,0x00000007b6f00000)
 ParOldGen       total 94208K, used 61309K [0x0000000780000000, 0x0000000785c00000, 0x00000007aab00000)
  object space 94208K, 65% used [0x0000000780000000,0x0000000783bdf7c0,0x0000000785c00000)
 Metaspace       used 20912K, capacity 21215K, committed 21504K, reserved 1069056K
  class space    used 2112K, capacity 2202K, committed 2304K, reserved 1048576K
Event: 14.343 GC heap after
Heap after GC invocations=14 (full 1):
 PSYoungGen      total 200704K, used 128K [0x00000007aab00000, 0x00000007bc400000, 0x00000007c0000000)
  eden space 173568K, 0% used [0x00000007aab00000,0x00000007aab00000,0x00000007b5480000)
  from space 27136K, 0% used [0x00000007b5480000,0x00000007b54a0000,0x00000007b6f00000)
  to   space 26624K, 0% used [0x00000007baa00000,0x00000007baa00000,0x00000007bc400000)
 ParOldGen       total 94208K, used 61309K [0x0000000780000000, 0x0000000785c00000, 0x00000007aab00000)
  object space 94208K, 65% used [0x0000000780000000,0x0000000783bdf7c0,0x0000000785c00000)
 Metaspace       used 20912K, capacity 21215K, committed 21504K, reserved 1069056K
  class space    used 2112K, capacity 2202K, committed 2304K, reserved 1048576K
}

Deoptimization events (10 events):
Event: 11.874 Thread 0x00007ff36d15b000 Uncommon trap: reason=unstable_if action=reinterpret pc=0x000000010fbbd188 method=sun.misc.FloatingDecimal$BinaryToASCIIBuffer.getChars([C)I @ 94
Event: 12.078 Thread 0x00007ff37381a800 Uncommon trap: reason=unstable_if action=reinterpret pc=0x000000010fa3c2d4 method=java.lang.String.regionMatches(ZILjava/lang/String;II)Z @ 123
Event: 12.155 Thread 0x00007ff36d15b000 Uncommon trap: reason=unstable_if action=reinterpret pc=0x000000010fc6e670 method=jogamp.opengl.glu.tessellator.Geom.EdgeSign(Ljogamp/opengl/glu/tessellator/GLUvertex;Ljogamp/opengl/glu/tessellator/GLUvertex;Ljogamp/opengl/glu/tessellator/GLUvertex;)D @ 5
Event: 12.200 Thread 0x00007ff36d15b000 Uncommon trap: reason=unstable_if action=reinterpret pc=0x000000010f9e2350 method=java.lang.String.trim()Ljava/lang/String; @ 23
Event: 12.913 Thread 0x00007ff36d15b000 Uncommon trap: reason=unstable_if action=reinterpret pc=0x000000010fd20b90 method=jogamp.opengl.glu.tessellator.Sweep.TopLeftRegion(Ljogamp/opengl/glu/tessellator/ActiveRegion;)Ljogamp/opengl/glu/tessellator/ActiveRegion; @ 28
Event: 12.930 Thread 0x00007ff36d15b000 Uncommon trap: reason=unstable_if action=reinterpret pc=0x000000010fd16be8 method=jogamp.opengl.glu.tessellator.Sweep.TopLeftRegion(Ljogamp/opengl/glu/tessellator/ActiveRegion;)Ljogamp/opengl/glu/tessellator/ActiveRegion; @ 28
Event: 13.384 Thread 0x00007ff36d15b000 Uncommon trap: reason=unstable_if action=reinterpret pc=0x000000010fcb1ad4 method=processing.opengl.PGraphicsOpenGL$InGeometry.addVertex(FFFIFFFFFIFIIIFIZ)I @ 218
Event: 13.384 Thread 0x00007ff36d15b000 Uncommon trap: reason=unstable_if action=reinterpret pc=0x000000010fd90cd8 method=processing.core.PApplet.max(III)I @ 20
Event: 13.407 Thread 0x00007ff36df57800 Uncommon trap: reason=unstable_if action=reinterpret pc=0x000000010fd84180 method=sun.awt.image.PNGImageDecoder.produceImage()V @ 867
Event: 13.441 Thread 0x00007ff36d15b000 Uncommon trap: reason=unstable_if action=reinterpret pc=0x000000010fdbabcc method=processing.opengl.PGraphicsOpenGL$Tessellator.setLastTexIndex(II)V @ 15

Internal exceptions (10 events):
Event: 1.053 Thread 0x00007ff36c80b000 Exception <a 'java/lang/NoSuchFieldError': method resolution failed> (0x00000007aacc89d8) thrown at [/Users/java_re/workspace/8-2-build-macosx-x86_64/jdk8u121/8372/hotspot/src/share/vm/prims/methodHandles.cpp, line 1146]
Event: 1.069 Thread 0x00007ff36c80b000 Exception <a 'java/lang/NoSuchFieldError': method resolution failed> (0x00000007aacd61a8) thrown at [/Users/java_re/workspace/8-2-build-macosx-x86_64/jdk8u121/8372/hotspot/src/share/vm/prims/methodHandles.cpp, line 1146]
Event: 1.510 Thread 0x00007ff36c80b000 Exception <a 'java/io/FileNotFoundException'> (0x00000007aad52d78) thrown at [/Users/java_re/workspace/8-2-build-macosx-x86_64/jdk8u121/8372/hotspot/src/share/vm/prims/jni.cpp, line 709]
Event: 1.511 Thread 0x00007ff36c80b000 Exception <a 'java/io/FileNotFoundException'> (0x00000007aad538c8) thrown at [/Users/java_re/workspace/8-2-build-macosx-x86_64/jdk8u121/8372/hotspot/src/share/vm/prims/jni.cpp, line 709]
Event: 1.905 Thread 0x00007ff36c80b000 Exception <a 'java/io/FileNotFoundException'> (0x00000007aae8c1e8) thrown at [/Users/java_re/workspace/8-2-build-macosx-x86_64/jdk8u121/8372/hotspot/src/share/vm/prims/jni.cpp, line 709]
Event: 6.552 Thread 0x00007ff36d823000 Exception <a 'java/lang/NullPointerException'> (0x00000007aab82fe0) thrown at [/Users/java_re/workspace/8-2-build-macosx-x86_64/jdk8u121/8372/hotspot/src/share/vm/interpreter/linkResolver.cpp, line 1178]
Event: 6.759 Thread 0x00007ff36d88c000 Exception <a 'java/lang/UnsatisfiedLinkError': com.jogamp.common.util.JarUtil.fixNativeLibAttribs(Ljava/lang/String;)Z> (0x00000007aaf6ba88) thrown at [/Users/java_re/workspace/8-2-build-macosx-x86_64/jdk8u121/8372/hotspot/src/share/vm/prims/nativeLookup.
Event: 8.800 Thread 0x00007ff36d15b000 Exception <a 'java/io/FileNotFoundException'> (0x00000007ab1511f0) thrown at [/Users/java_re/workspace/8-2-build-macosx-x86_64/jdk8u121/8372/hotspot/src/share/vm/prims/jni.cpp, line 709]
Event: 8.800 Thread 0x00007ff36d15b000 Exception <a 'java/io/FileNotFoundException'> (0x00000007ab1573c8) thrown at [/Users/java_re/workspace/8-2-build-macosx-x86_64/jdk8u121/8372/hotspot/src/share/vm/prims/jni.cpp, line 709]
Event: 8.801 Thread 0x00007ff36d15b000 Implicit null exception at 0x000000010f7b3d76 to 0x000000010f7b4145

Events (10 events):
Event: 83.474 loading class java/awt/LightweightDispatcher$2 done
Event: 83.474 loading class java/awt/event/AWTEventListenerProxy
Event: 83.475 loading class java/awt/event/AWTEventListenerProxy done
Event: 83.475 loading class java/awt/Toolkit$ToolkitEventMulticaster
Event: 83.476 loading class java/awt/Toolkit$ToolkitEventMulticaster done
Event: 83.476 Executing VM operation: RevokeBias
Event: 83.476 Executing VM operation: RevokeBias done
Event: 83.478 Thread 0x00007ff36d982000 Thread exited: 0x00007ff36d982000
Event: 83.478 loading class java/awt/Window$1DisposeAction
Event: 83.479 loading class java/awt/Window$1DisposeAction done


Dynamic libraries:
0x000000004c357000 	/System/Library/Frameworks/Cocoa.framework/Versions/A/Cocoa
0x000000004c357000 	/System/Library/Frameworks/Security.framework/Versions/A/Security
0x000000004c357000 	/System/Library/Frameworks/ApplicationServices.framework/Versions/A/ApplicationServices
0x000000004c357000 	/usr/lib/libz.1.dylib
0x000000004c357000 	/usr/lib/libSystem.B.dylib
0x000000004c357000 	/usr/lib/libobjc.A.dylib
0x000000004c357000 	/System/Library/Frameworks/CoreFoundation.framework/Versions/A/CoreFoundation
0x000000004c357000 	/System/Library/Frameworks/Foundation.framework/Versions/C/Foundation
0x000000004c357000 	/System/Library/Frameworks/AppKit.framework/Versions/C/AppKit
0x000000004c357000 	/System/Library/Frameworks/CoreData.framework/Versions/A/CoreData
0x000000004c357000 	/System/Library/PrivateFrameworks/RemoteViewServices.framework/Versions/A/RemoteViewServices
0x000000004c357000 	/System/Library/PrivateFrameworks/UIFoundation.framework/Versions/A/UIFoundation
0x000000004c357000 	/System/Library/PrivateFrameworks/DFRFoundation.framework/Versions/A/DFRFoundation
0x000000004c357000 	/usr/lib/libenergytrace.dylib
0x000000004c357000 	/System/Library/PrivateFrameworks/SkyLight.framework/Versions/A/SkyLight
0x000000004c357000 	/System/Library/Frameworks/CoreGraphics.framework/Versions/A/CoreGraphics
0x000000004c357000 	/usr/lib/libScreenReader.dylib
0x000000004c357000 	/System/Library/Frameworks/Accelerate.framework/Versions/A/Accelerate
0x000000004c357000 	/System/Library/Frameworks/IOSurface.framework/Versions/A/IOSurface
0x000000004c357000 	/System/Library/Frameworks/AudioToolbox.framework/Versions/A/AudioToolbox
0x000000004c357000 	/System/Library/Frameworks/AudioUnit.framework/Versions/A/AudioUnit
0x000000004c357000 	/System/Library/PrivateFrameworks/DataDetectorsCore.framework/Versions/A/DataDetectorsCore
0x000000004c357000 	/System/Library/PrivateFrameworks/DesktopServicesPriv.framework/Versions/A/DesktopServicesPriv
0x000000004c357000 	/System/Library/Frameworks/Carbon.framework/Versions/A/Frameworks/HIToolbox.framework/Versions/A/HIToolbox
0x000000004c357000 	/usr/lib/libicucore.A.dylib
0x000000004c357000 	/System/Library/Frameworks/QuartzCore.framework/Versions/A/QuartzCore
0x000000004c357000 	/System/Library/Frameworks/Carbon.framework/Versions/A/Frameworks/SpeechRecognition.framework/Versions/A/SpeechRecognition
0x000000004c357000 	/usr/lib/libauto.dylib
0x000000004c357000 	/usr/lib/libxml2.2.dylib
0x000000004c357000 	/System/Library/PrivateFrameworks/CoreUI.framework/Versions/A/CoreUI
0x000000004c357000 	/System/Library/Frameworks/CoreAudio.framework/Versions/A/CoreAudio
0x000000004c357000 	/System/Library/Frameworks/DiskArbitration.framework/Versions/A/DiskArbitration
0x000000004c357000 	/usr/lib/liblangid.dylib
0x000000004c357000 	/System/Library/PrivateFrameworks/MultitouchSupport.framework/Versions/A/MultitouchSupport
0x000000004c357000 	/System/Library/Frameworks/IOKit.framework/Versions/A/IOKit
0x000000004c357000 	/usr/lib/libDiagnosticMessagesClient.dylib
0x000000004c357000 	/System/Library/Frameworks/CoreServices.framework/Versions/A/CoreServices
0x000000004c357000 	/System/Library/PrivateFrameworks/PerformanceAnalysis.framework/Versions/A/PerformanceAnalysis
0x000000004c357000 	/System/Library/PrivateFrameworks/GenerationalStorage.framework/Versions/A/GenerationalStorage
0x000000004c357000 	/System/Library/Frameworks/OpenGL.framework/Versions/A/OpenGL
0x000000004c357000 	/System/Library/Frameworks/CoreImage.framework/Versions/A/CoreImage
0x000000004c357000 	/System/Library/Frameworks/CoreText.framework/Versions/A/CoreText
0x000000004c357000 	/System/Library/Frameworks/ImageIO.framework/Versions/A/ImageIO
0x000000004c357000 	/System/Library/PrivateFrameworks/Backup.framework/Versions/A/Backup
0x000000004c357000 	/usr/lib/libarchive.2.dylib
0x000000004c357000 	/System/Library/Frameworks/CFNetwork.framework/Versions/A/CFNetwork
0x000000004c357000 	/System/Library/Frameworks/SystemConfiguration.framework/Versions/A/SystemConfiguration
0x000000004c357000 	/usr/lib/libCRFSuite.dylib
0x000000004c357000 	/usr/lib/libc++.1.dylib
0x000000004c357000 	/usr/lib/libc++abi.dylib
0x000000004c357000 	/usr/lib/system/libcache.dylib
0x000000004c357000 	/usr/lib/system/libcommonCrypto.dylib
0x000000004c357000 	/usr/lib/system/libcompiler_rt.dylib
0x000000004c357000 	/usr/lib/system/libcopyfile.dylib
0x000000004c357000 	/usr/lib/system/libcorecrypto.dylib
0x000000004c357000 	/usr/lib/system/libdispatch.dylib
0x000000004c357000 	/usr/lib/system/libdyld.dylib
0x000000004c357000 	/usr/lib/system/libkeymgr.dylib
0x000000004c357000 	/usr/lib/system/liblaunch.dylib
0x000000004c357000 	/usr/lib/system/libmacho.dylib
0x000000004c357000 	/usr/lib/system/libquarantine.dylib
0x000000004c357000 	/usr/lib/system/libremovefile.dylib
0x000000004c357000 	/usr/lib/system/libsystem_asl.dylib
0x000000004c357000 	/usr/lib/system/libsystem_blocks.dylib
0x000000004c357000 	/usr/lib/system/libsystem_c.dylib
0x000000004c357000 	/usr/lib/system/libsystem_configuration.dylib
0x000000004c357000 	/usr/lib/system/libsystem_coreservices.dylib
0x000000004c357000 	/usr/lib/system/libsystem_coretls.dylib
0x000000004c357000 	/usr/lib/system/libsystem_dnssd.dylib
0x000000004c357000 	/usr/lib/system/libsystem_info.dylib
0x000000004c357000 	/usr/lib/system/libsystem_kernel.dylib
0x000000004c357000 	/usr/lib/system/libsystem_m.dylib
0x000000004c357000 	/usr/lib/system/libsystem_malloc.dylib
0x000000004c357000 	/usr/lib/system/libsystem_network.dylib
0x000000004c357000 	/usr/lib/system/libsystem_networkextension.dylib
0x000000004c357000 	/usr/lib/system/libsystem_notify.dylib
0x000000004c357000 	/usr/lib/system/libsystem_platform.dylib
0x000000004c357000 	/usr/lib/system/libsystem_pthread.dylib
0x000000004c357000 	/usr/lib/system/libsystem_sandbox.dylib
0x000000004c357000 	/usr/lib/system/libsystem_secinit.dylib
0x000000004c357000 	/usr/lib/system/libsystem_symptoms.dylib
0x000000004c357000 	/usr/lib/system/libsystem_trace.dylib
0x000000004c357000 	/usr/lib/system/libunwind.dylib
0x000000004c357000 	/usr/lib/system/libxpc.dylib
0x000000004c357000 	/usr/lib/libbsm.0.dylib
0x000000004c357000 	/usr/lib/system/libkxld.dylib
0x000000004c357000 	/usr/lib/libcoretls.dylib
0x000000004c357000 	/usr/lib/libcoretls_cfhelpers.dylib
0x000000004c357000 	/usr/lib/libOpenScriptingUtil.dylib
0x000000004c357000 	/usr/lib/libpam.2.dylib
0x000000004c357000 	/usr/lib/libsqlite3.dylib
0x000000004c357000 	/usr/lib/libxar.1.dylib
0x000000004c357000 	/usr/lib/libbz2.1.0.dylib
0x000000004c357000 	/usr/lib/liblzma.5.dylib
0x000000004c357000 	/usr/lib/libnetwork.dylib
0x000000004c357000 	/usr/lib/libpcap.A.dylib
0x000000004c357000 	/System/Library/Frameworks/CoreServices.framework/Versions/A/Frameworks/FSEvents.framework/Versions/A/FSEvents
0x000000004c357000 	/System/Library/Frameworks/CoreServices.framework/Versions/A/Frameworks/CarbonCore.framework/Versions/A/CarbonCore
0x000000004c357000 	/System/Library/Frameworks/CoreServices.framework/Versions/A/Frameworks/Metadata.framework/Versions/A/Metadata
0x000000004c357000 	/System/Library/Frameworks/CoreServices.framework/Versions/A/Frameworks/OSServices.framework/Versions/A/OSServices
0x000000004c357000 	/System/Library/Frameworks/CoreServices.framework/Versions/A/Frameworks/SearchKit.framework/Versions/A/SearchKit
0x000000004c357000 	/System/Library/Frameworks/CoreServices.framework/Versions/A/Frameworks/AE.framework/Versions/A/AE
0x000000004c357000 	/System/Library/Frameworks/CoreServices.framework/Versions/A/Frameworks/LaunchServices.framework/Versions/A/LaunchServices
0x000000004c357000 	/System/Library/Frameworks/CoreServices.framework/Versions/A/Frameworks/DictionaryServices.framework/Versions/A/DictionaryServices
0x000000004c357000 	/System/Library/Frameworks/CoreServices.framework/Versions/A/Frameworks/SharedFileList.framework/Versions/A/SharedFileList
0x000000004c357000 	/System/Library/Frameworks/NetFS.framework/Versions/A/NetFS
0x000000004c357000 	/System/Library/PrivateFrameworks/NetAuth.framework/Versions/A/NetAuth
0x000000004c357000 	/System/Library/PrivateFrameworks/login.framework/Versions/A/Frameworks/loginsupport.framework/Versions/A/loginsupport
0x000000004c357000 	/System/Library/PrivateFrameworks/TCC.framework/Versions/A/TCC
0x000000004c357000 	/usr/lib/libmecabra.dylib
0x000000004c357000 	/System/Library/Frameworks/ApplicationServices.framework/Versions/A/Frameworks/ATS.framework/Versions/A/ATS
0x000000004c357000 	/System/Library/Frameworks/ApplicationServices.framework/Versions/A/Frameworks/ColorSync.framework/Versions/A/ColorSync
0x000000004c357000 	/System/Library/Frameworks/ApplicationServices.framework/Versions/A/Frameworks/HIServices.framework/Versions/A/HIServices
0x000000004c357000 	/System/Library/Frameworks/ApplicationServices.framework/Versions/A/Frameworks/LangAnalysis.framework/Versions/A/LangAnalysis
0x000000004c357000 	/System/Library/Frameworks/ApplicationServices.framework/Versions/A/Frameworks/PrintCore.framework/Versions/A/PrintCore
0x000000004c357000 	/System/Library/Frameworks/ApplicationServices.framework/Versions/A/Frameworks/QD.framework/Versions/A/QD
0x000000004c357000 	/System/Library/Frameworks/ApplicationServices.framework/Versions/A/Frameworks/SpeechSynthesis.framework/Versions/A/SpeechSynthesis
0x000000004c357000 	/System/Library/Frameworks/Accelerate.framework/Versions/A/Frameworks/vImage.framework/Versions/A/vImage
0x000000004c357000 	/System/Library/Frameworks/Accelerate.framework/Versions/A/Frameworks/vecLib.framework/Versions/A/vecLib
0x000000004c357000 	/System/Library/Frameworks/Accelerate.framework/Versions/A/Frameworks/vecLib.framework/Versions/A/libvDSP.dylib
0x000000004c357000 	/System/Library/Frameworks/Accelerate.framework/Versions/A/Frameworks/vecLib.framework/Versions/A/libBNNS.dylib
0x000000004c357000 	/System/Library/Frameworks/Accelerate.framework/Versions/A/Frameworks/vecLib.framework/Versions/A/libQuadrature.dylib
0x000000004c357000 	/System/Library/Frameworks/Accelerate.framework/Versions/A/Frameworks/vecLib.framework/Versions/A/libvMisc.dylib
0x000000004c357000 	/System/Library/Frameworks/Accelerate.framework/Versions/A/Frameworks/vecLib.framework/Versions/A/libLAPACK.dylib
0x000000004c357000 	/System/Library/Frameworks/Accelerate.framework/Versions/A/Frameworks/vecLib.framework/Versions/A/libBLAS.dylib
0x000000004c357000 	/System/Library/Frameworks/Accelerate.framework/Versions/A/Frameworks/vecLib.framework/Versions/A/libLinearAlgebra.dylib
0x000000004c357000 	/System/Library/Frameworks/Accelerate.framework/Versions/A/Frameworks/vecLib.framework/Versions/A/libSparseBLAS.dylib
0x000000004c357000 	/System/Library/Frameworks/ApplicationServices.framework/Versions/A/Frameworks/ATS.framework/Versions/A/Resources/libFontParser.dylib
0x000000004c357000 	/System/Library/Frameworks/ApplicationServices.framework/Versions/A/Frameworks/ATS.framework/Versions/A/Resources/libFontRegistry.dylib
0x000000004c357000 	/System/Library/Frameworks/ImageIO.framework/Versions/A/Resources/libJPEG.dylib
0x000000004c357000 	/System/Library/Frameworks/ImageIO.framework/Versions/A/Resources/libTIFF.dylib
0x000000004c357000 	/System/Library/Frameworks/ImageIO.framework/Versions/A/Resources/libPng.dylib
0x000000004c357000 	/System/Library/Frameworks/ImageIO.framework/Versions/A/Resources/libGIF.dylib
0x000000004c357000 	/System/Library/Frameworks/ImageIO.framework/Versions/A/Resources/libJP2.dylib
0x000000004c357000 	/System/Library/Frameworks/ImageIO.framework/Versions/A/Resources/libRadiance.dylib
0x000000004c357000 	/usr/lib/libcompression.dylib
0x000000004c357000 	/System/Library/PrivateFrameworks/AppleJPEG.framework/Versions/A/AppleJPEG
0x000000004c357000 	/usr/lib/libcups.2.dylib
0x000000004c357000 	/System/Library/Frameworks/Kerberos.framework/Versions/A/Kerberos
0x000000004c357000 	/System/Library/Frameworks/GSS.framework/Versions/A/GSS
0x000000004c357000 	/usr/lib/libresolv.9.dylib
0x000000004c357000 	/usr/lib/libiconv.2.dylib
0x000000004c357000 	/System/Library/PrivateFrameworks/Heimdal.framework/Versions/A/Heimdal
0x000000004c357000 	/usr/lib/libheimdal-asn1.dylib
0x000000004c357000 	/System/Library/Frameworks/OpenDirectory.framework/Versions/A/OpenDirectory
0x000000004c357000 	/System/Library/PrivateFrameworks/CommonAuth.framework/Versions/A/CommonAuth
0x000000004c357000 	/System/Library/Frameworks/OpenDirectory.framework/Versions/A/Frameworks/CFOpenDirectory.framework/Versions/A/CFOpenDirectory
0x000000004c357000 	/System/Library/Frameworks/SecurityFoundation.framework/Versions/A/SecurityFoundation
0x000000004c357000 	/System/Library/PrivateFrameworks/LanguageModeling.framework/Versions/A/LanguageModeling
0x000000004c357000 	/usr/lib/libmarisa.dylib
0x000000004c357000 	/usr/lib/libChineseTokenizer.dylib
0x000000004c357000 	/usr/lib/libcmph.dylib
0x000000004c357000 	/System/Library/PrivateFrameworks/CoreEmoji.framework/Versions/A/CoreEmoji
0x000000004c357000 	/System/Library/Frameworks/ServiceManagement.framework/Versions/A/ServiceManagement
0x000000004c357000 	/usr/lib/libxslt.1.dylib
0x000000004c357000 	/System/Library/Frameworks/Carbon.framework/Versions/A/Frameworks/Ink.framework/Versions/A/Ink
0x000000004c357000 	/System/Library/PrivateFrameworks/TextureIO.framework/Versions/A/TextureIO
0x000000004c357000 	/System/Library/Frameworks/Metal.framework/Versions/A/Metal
0x000000004c357000 	/usr/lib/libate.dylib
0x000000004c357000 	/System/Library/PrivateFrameworks/GPUCompiler.framework/libmetal_timestamp.dylib
0x000000004c357000 	/System/Library/Frameworks/OpenGL.framework/Versions/A/Libraries/libCoreFSCache.dylib
0x000000004c357000 	/System/Library/PrivateFrameworks/IOAccelerator.framework/Versions/A/IOAccelerator
0x000000004c357000 	/System/Library/Frameworks/CoreVideo.framework/Versions/A/CoreVideo
0x000000004c357000 	/usr/lib/libFosl_dynamic.dylib
0x000000004c357000 	/System/Library/PrivateFrameworks/MetalPerformanceShaders.framework/Versions/A/MetalPerformanceShaders
0x000000004c357000 	/System/Library/PrivateFrameworks/FaceCore.framework/Versions/A/FaceCore
0x000000004c357000 	/System/Library/Frameworks/OpenCL.framework/Versions/A/OpenCL
0x000000004c357000 	/System/Library/Frameworks/OpenGL.framework/Versions/A/Libraries/libGLU.dylib
0x000000004c357000 	/System/Library/Frameworks/OpenGL.framework/Versions/A/Libraries/libGFXShared.dylib
0x000000004c357000 	/System/Library/Frameworks/OpenGL.framework/Versions/A/Libraries/libGL.dylib
0x000000004c357000 	/System/Library/Frameworks/OpenGL.framework/Versions/A/Libraries/libGLImage.dylib
0x000000004c357000 	/System/Library/Frameworks/OpenGL.framework/Versions/A/Libraries/libCVMSPluginSupport.dylib
0x000000004c357000 	/System/Library/Frameworks/OpenGL.framework/Versions/A/Libraries/libCoreVMClient.dylib
0x000000004c357000 	/System/Library/PrivateFrameworks/CrashReporterSupport.framework/Versions/A/CrashReporterSupport
0x000000004c357000 	/System/Library/PrivateFrameworks/Sharing.framework/Versions/A/Sharing
0x000000004c357000 	/System/Library/PrivateFrameworks/IconServices.framework/Versions/A/IconServices
0x000000004c357000 	/System/Library/PrivateFrameworks/ProtocolBuffer.framework/Versions/A/ProtocolBuffer
0x000000004c357000 	/System/Library/PrivateFrameworks/Apple80211.framework/Versions/A/Apple80211
0x000000004c357000 	/System/Library/Frameworks/CoreWLAN.framework/Versions/A/CoreWLAN
0x000000004c357000 	/System/Library/PrivateFrameworks/CoreUtils.framework/Versions/A/CoreUtils
0x000000004c357000 	/System/Library/Frameworks/IOBluetooth.framework/Versions/A/IOBluetooth
0x000000004c357000 	/System/Library/PrivateFrameworks/CoreWiFi.framework/Versions/A/CoreWiFi
0x000000004c357000 	/System/Library/Frameworks/CoreBluetooth.framework/Versions/A/CoreBluetooth
0x000000004c357000 	/System/Library/Frameworks/CoreDisplay.framework/Versions/A/CoreDisplay
0x000000004c357000 	/System/Library/PrivateFrameworks/IOPresentment.framework/Versions/A/IOPresentment
0x000000004c357000 	/System/Library/PrivateFrameworks/DSExternalDisplay.framework/Versions/A/DSExternalDisplay
0x000000004c357000 	/System/Library/PrivateFrameworks/DebugSymbols.framework/Versions/A/DebugSymbols
0x000000004c357000 	/System/Library/PrivateFrameworks/CoreSymbolication.framework/Versions/A/CoreSymbolication
0x000000004c357000 	/System/Library/PrivateFrameworks/Symbolication.framework/Versions/A/Symbolication
0x000000004c357000 	/System/Library/PrivateFrameworks/AppleFSCompression.framework/Versions/A/AppleFSCompression
0x000000004c357000 	/System/Library/PrivateFrameworks/SpeechRecognitionCore.framework/Versions/A/SpeechRecognitionCore
0x000000004c357000 	/System/Library/PrivateFrameworks/ChunkingLibrary.framework/Versions/A/ChunkingLibrary
0x0000000101800000 	/Library/Java/JavaVirtualMachines/jdk1.8.0_121.jdk/Contents/Home/jre/lib/server/libjvm.dylib
0x000000004c357000 	/usr/lib/libstdc++.6.dylib
0x0000000100f40000 	/Library/Java/JavaVirtualMachines/jdk1.8.0_121.jdk/Contents/Home/jre/lib/libverify.dylib
0x0000000100f4e000 	/Library/Java/JavaVirtualMachines/jdk1.8.0_121.jdk/Contents/Home/jre/lib/libjava.dylib
0x0000000100f8d000 	/Library/Java/JavaVirtualMachines/jdk1.8.0_121.jdk/Contents/Home/jre/lib/libzip.dylib
0x0000000106b40000 	/System/Library/Frameworks/JavaVM.framework/Frameworks/JavaRuntimeSupport.framework/JavaRuntimeSupport
0x0000000106b5a000 	/System/Library/Frameworks/JavaVM.framework/Versions/A/Frameworks/JavaNativeFoundation.framework/Versions/A/JavaNativeFoundation
0x0000000100ff3000 	/System/Library/Frameworks/JavaVM.framework/Versions/A/JavaVM
0x000000004c357000 	/System/Library/Frameworks/Carbon.framework/Versions/A/Carbon
0x0000000106b6f000 	/System/Library/PrivateFrameworks/JavaLaunching.framework/Versions/A/JavaLaunching
0x000000004c357000 	/System/Library/Frameworks/Carbon.framework/Versions/A/Frameworks/CommonPanels.framework/Versions/A/CommonPanels
0x000000004c357000 	/System/Library/Frameworks/Carbon.framework/Versions/A/Frameworks/Help.framework/Versions/A/Help
0x000000004c357000 	/System/Library/Frameworks/Carbon.framework/Versions/A/Frameworks/ImageCapture.framework/Versions/A/ImageCapture
0x000000004c357000 	/System/Library/Frameworks/Carbon.framework/Versions/A/Frameworks/OpenScripting.framework/Versions/A/OpenScripting
0x000000004c357000 	/System/Library/Frameworks/Carbon.framework/Versions/A/Frameworks/Print.framework/Versions/A/Print
0x000000004c357000 	/System/Library/Frameworks/Carbon.framework/Versions/A/Frameworks/SecurityHI.framework/Versions/A/SecurityHI
0x0000000108483000 	/Library/Java/JavaVirtualMachines/jdk1.8.0_121.jdk/Contents/Home/jre/lib/libawt.dylib
0x000000010852b000 	/Library/Java/JavaVirtualMachines/jdk1.8.0_121.jdk/Contents/Home/jre/lib/./libmlib_image.dylib
0x00000001085f7000 	/Library/Java/JavaVirtualMachines/jdk1.8.0_121.jdk/Contents/Home/jre/lib/libawt_lwawt.dylib
0x00000001086ae000 	/Library/Java/JavaVirtualMachines/jdk1.8.0_121.jdk/Contents/Home/jre/lib/./libosxapp.dylib
0x000000004c357000 	/System/Library/Frameworks/ExceptionHandling.framework/Versions/A/ExceptionHandling
0x000000004c357000 	/System/Library/PrivateFrameworks/CoreServicesInternal.framework/Versions/A/CoreServicesInternal
0x000000004c357000 	/System/Library/CoreServices/RawCamera.bundle/Contents/MacOS/RawCamera
0x000000004c357000 	/System/Library/Frameworks/Accelerate.framework/Versions/A/Frameworks/vImage.framework/Versions/A/Libraries/libCGInterfaces.dylib
0x000000004c357000 	/System/Library/Frameworks/ApplicationServices.framework/Versions/A/Frameworks/ATS.framework/Versions/A/Resources/libTrueTypeScaler.dylib
0x000000010a1d6000 	/System/Library/Frameworks/OpenGL.framework/Resources/GLEngine.bundle/GLEngine
0x000000004c357000 	/System/Library/Frameworks/OpenGL.framework/Versions/A/Libraries/libGLProgrammability.dylib
0x000000010a3bb000 	/System/Library/Extensions/AppleIntelHD5000GraphicsGLDriver.bundle/Contents/MacOS/AppleIntelHD5000GraphicsGLDriver
0x000000004c357000 	/System/Library/PrivateFrameworks/GPUSupport.framework/Versions/A/Libraries/libGPUSupportMercury.dylib
0x000000010ab29000 	/System/Library/Frameworks/OpenGL.framework/Resources//GLRendererFloat.bundle/GLRendererFloat
0x000000004c357000 	/System/Library/Frameworks/OpenCL.framework/Versions/A/Libraries/libcldcpuengine.dylib
0x000000004c357000 	/usr/lib/libcrypto.0.9.8.dylib
0x000000004c357000 	/System/Library/PrivateFrameworks/TrustEvaluationAgent.framework/Versions/A/TrustEvaluationAgent
0x000000010ab5d000 	/System/Library/Extensions/AppleIntelHD5000GraphicsMTLDriver.bundle/Contents/MacOS/AppleIntelHD5000GraphicsMTLDriver
0x000000004c357000 	/System/Library/PrivateFrameworks/FamilyControls.framework/Versions/A/FamilyControls
0x000000004c357000 	/System/Library/PrivateFrameworks/CommerceKit.framework/Versions/A/Frameworks/CommerceCore.framework/Versions/A/CommerceCore
0x000000004c357000 	/System/Library/PrivateFrameworks/SystemAdministration.framework/Versions/A/SystemAdministration
0x000000004c357000 	/System/Library/PrivateFrameworks/AppContainer.framework/Versions/A/AppContainer
0x000000004c357000 	/System/Library/PrivateFrameworks/SecCodeWrapper.framework/Versions/A/SecCodeWrapper
0x000000004c357000 	/System/Library/Frameworks/DirectoryService.framework/Versions/A/DirectoryService
0x000000004c357000 	/System/Library/PrivateFrameworks/DiskImages.framework/Versions/A/DiskImages
0x000000004c357000 	/System/Library/PrivateFrameworks/LoginUIKit.framework/Versions/A/Frameworks/LoginUICore.framework/Versions/A/LoginUICore
0x000000004c357000 	/usr/lib/libCoreStorage.dylib
0x000000004c357000 	/usr/lib/libcsfde.dylib
0x000000004c357000 	/usr/lib/libodfde.dylib
0x000000004c357000 	/System/Library/Frameworks/DiscRecording.framework/Versions/A/DiscRecording
0x000000004c357000 	/usr/lib/libcurl.4.dylib
0x000000004c357000 	/System/Library/PrivateFrameworks/MediaKit.framework/Versions/A/MediaKit
0x000000004c357000 	/System/Library/PrivateFrameworks/ProtectedCloudStorage.framework/Versions/A/ProtectedCloudStorage
0x000000004c357000 	/System/Library/PrivateFrameworks/EFILogin.framework/Versions/A/EFILogin
0x000000004c357000 	/usr/lib/libutil.dylib
0x000000004c357000 	/System/Library/Frameworks/LDAP.framework/Versions/A/LDAP
0x000000004c357000 	/usr/lib/libsasl2.2.dylib
0x000000004c357000 	/System/Library/PrivateFrameworks/CoreDaemon.framework/Versions/B/CoreDaemon
0x000000004c357000 	/System/Library/PrivateFrameworks/AppleSRP.framework/Versions/A/AppleSRP
0x000000004c357000 	/System/Library/PrivateFrameworks/APFS.framework/Versions/A/APFS
0x000000004c357000 	/System/Library/PrivateFrameworks/ViewBridge.framework/Versions/A/ViewBridge
0x000000004c357000 	/System/Library/PrivateFrameworks/XPCService.framework/Versions/A/XPCService
0x000000004c357000 	/System/Library/PrivateFrameworks/AppSandbox.framework/Versions/A/AppSandbox
0x000000004c357000 	/usr/lib/libsandbox.1.dylib
0x000000004c357000 	/usr/lib/libMatch.1.dylib
0x000000010c75a000 	/Library/Java/JavaVirtualMachines/jdk1.8.0_121.jdk/Contents/Home/jre/lib/libfontmanager.dylib
0x000000010db55000 	/Library/Java/JavaVirtualMachines/jdk1.8.0_121.jdk/Contents/Home/jre/lib/libosxui.dylib
0x000000010e724000 	/Library/Java/JavaVirtualMachines/jdk1.8.0_121.jdk/Contents/Home/jre/lib/libnet.dylib
0x000000010e67a000 	/Library/Java/JavaVirtualMachines/jdk1.8.0_121.jdk/Contents/Home/jre/lib/libnio.dylib
0x000000010d863000 	/private/var/folders/z5/dkh_k18x6bn8z6w6jj1k7pqm0000gn/T/jogamp_0000/file_cache/jln3253073020314156907/jln1667540017606256026/libgluegen-rt.jnilib
0x000000010d867000 	/private/var/folders/z5/dkh_k18x6bn8z6w6jj1k7pqm0000gn/T/jogamp_0000/file_cache/jln3253073020314156907/jln1667540017606256026/libnativewindow_awt.jnilib
0x000000010e68a000 	/Library/Java/JavaVirtualMachines/jdk1.8.0_121.jdk/Contents/Home/jre/lib/libjawt.dylib
0x0000000185da9000 	/private/var/folders/z5/dkh_k18x6bn8z6w6jj1k7pqm0000gn/T/jogamp_0000/file_cache/jln3253073020314156907/jln1667540017606256026/libnativewindow_macosx.jnilib
0x0000000187b9a000 	/private/var/folders/z5/dkh_k18x6bn8z6w6jj1k7pqm0000gn/T/jogamp_0000/file_cache/jln3253073020314156907/jln1667540017606256026/libjogl_desktop.jnilib

VM Arguments:
jvm_args: -Djava.security.policy=java.policy.applet -Dfile.encoding=MacRoman 
java_command: sun.applet.AppletViewer module6.EarthquakeCityMap1524025740628.html
java_class_path (initial): /Users/Mac/Documents/workspace/UCSDUnfoldingMaps/build:/Users/Mac/Documents/workspace/UCSDUnfoldingMaps/lib/core.jar:/Users/Mac/Documents/workspace/UCSDUnfoldingMaps/lib/gluegen-rt.jar:/Users/Mac/Documents/workspace/UCSDUnfoldingMaps/lib/jogl-all.jar:/Users/Mac/Documents/workspace/UCSDUnfoldingMaps/lib/log4j-1.2.15.jar:/Users/Mac/Documents/workspace/UCSDUnfoldingMaps/lib/sqlite-jdbc-3.7.2.jar:/Users/Mac/Documents/workspace/UCSDUnfoldingMaps/lib/json4processing.jar:/Users/Mac/Documents/workspace/UCSDUnfoldingMaps/lib/libTUIO.jar:/Users/Mac/Documents/workspace/UCSDUnfoldingMaps/lib/unfolding.0.9.7-uscd.jar
Launcher Type: SUN_STANDARD

Environment Variables:
PATH=/Library/Frameworks/Python.framework/Versions/3.6/bin:/usr/local/bin:/usr/bin:/bin:/usr/sbin:/sbin:/opt/X11/bin:/Library/Frameworks/Mono.framework/Versions/Current/Commands:/Library/TeX/texbin
SHELL=/bin/bash
DISPLAY=/private/tmp/com.apple.launchd.BfoSnAz3r8/org.macosforge.xquartz:0

Signal Handlers:
SIGSEGV: [libjvm.dylib+0x5b1141], sa_mask[0]=11111111011111110111111111111111, sa_flags=SA_ONSTACK|SA_RESTART|SA_SIGINFO
SIGBUS: [libjvm.dylib+0x5b1141], sa_mask[0]=11111111011111110111111111111111, sa_flags=SA_RESTART|SA_SIGINFO
SIGFPE: [libjvm.dylib+0x487bc4], sa_mask[0]=11111111011111110111111111111111, sa_flags=SA_RESTART|SA_SIGINFO
SIGPIPE: [libjvm.dylib+0x487bc4], sa_mask[0]=11111111011111110111111111111111, sa_flags=SA_RESTART|SA_SIGINFO
SIGXFSZ: [libjvm.dylib+0x487bc4], sa_mask[0]=11111111011111110111111111111111, sa_flags=SA_RESTART|SA_SIGINFO
SIGILL: [libjvm.dylib+0x487bc4], sa_mask[0]=11111111011111110111111111111111, sa_flags=SA_RESTART|SA_SIGINFO
SIGUSR1: SIG_DFL, sa_mask[0]=11011111011111100000000111000110, sa_flags=none
SIGUSR2: [libjvm.dylib+0x4876e2], sa_mask[0]=00100000000000000000000000000000, sa_flags=SA_RESTART|SA_SIGINFO
SIGHUP: [libjvm.dylib+0x485cb9], sa_mask[0]=11111111011111110111111111111111, sa_flags=SA_RESTART|SA_SIGINFO
SIGINT: [libjvm.dylib+0x485cb9], sa_mask[0]=11111111011111110111111111111111, sa_flags=SA_RESTART|SA_SIGINFO
SIGTERM: [libjvm.dylib+0x485cb9], sa_mask[0]=11111111011111110111111111111111, sa_flags=SA_RESTART|SA_SIGINFO
SIGQUIT: [libjvm.dylib+0x485cb9], sa_mask[0]=11111111011111110111111111111111, sa_flags=SA_RESTART|SA_SIGINFO


---------------  S Y S T E M  ---------------

OS:Bsduname:Darwin 16.7.0 Darwin Kernel Version 16.7.0: Thu Jan 11 22:59:40 PST 2018; root:xnu-3789.73.8~1/RELEASE_X86_64 x86_64
rlimit: STACK 8192k, CORE 0k, NPROC 709, NOFILE 10240, AS infinity
load average:2.77 2.49 2.30

CPU:total 4 (2 cores per cpu, 2 threads per core) family 6 model 69 stepping 1, cmov, cx8, fxsr, mmx, sse, sse2, sse3, ssse3, sse4.1, sse4.2, popcnt, avx, avx2, aes, clmul, erms, lzcnt, ht, tsc, tscinvbit, bmi1, bmi2

Memory: 4k page, physical 4194304k(25524k free)

/proc/meminfo:


vm_info: Java HotSpot(TM) 64-Bit Server VM (25.121-b13) for bsd-amd64 JRE (1.8.0_121-b13), built on Dec 12 2016 20:39:32 by "java_re" with gcc 4.2.1 (Based on Apple Inc. build 5658) (LLVM build 2336.11.00)

time: Tue Apr 17 21:30:24 2018
elapsed time: 83 seconds (0d 0h 1m 23s)

