#
# A fatal error has been detected by the Java Runtime Environment:
#
#  SIGSEGV (0xb) at pc=0x00007fffd65ee05d, pid=6373, tid=0x0000000000000307
#
# JRE version: Java(TM) SE Runtime Environment (8.0_121-b13) (build 1.8.0_121-b13)
# Java VM: Java HotSpot(TM) 64-Bit Server VM (25.121-b13 mixed mode bsd-amd64 compressed oops)
# Problematic frame:
# C  [libobjc.A.dylib+0x705d]  objc_msgSend+0x1d
#
# Failed to write core dump. Core dumps have been disabled. To enable core dumping, try "ulimit -c unlimited" before starting Java again
#
# If you would like to submit a bug report, please visit:
#   http://bugreport.java.com/bugreport/crash.jsp
# The crash happened outside the Java Virtual Machine in native code.
# See problematic frame for where to report the bug.
#

---------------  T H R E A D  ---------------

Current thread (0x00007fb4130bb000):  JavaThread "AWT-AppKit" daemon [_thread_in_native, id=775, stack(0x00007fff575ed000,0x00007fff57ded000)]

siginfo: si_signo: 11 (SIGSEGV), si_code: 1 (SEGV_MAPERR), si_addr: 0x0000000000000018

Registers:
RAX=0x00007fb417957e90, RBX=0x000000018cced450, RCX=0x00007fb414c00120, RDX=0x0000000000000000
RSP=0x00007fff57de8148, RBP=0x00007fff57de8200, RSI=0x00007fffbfe75116, RDI=0x00007fb417906480
R8 =0x0000000000000018, R9 =0x00007fb414c002d0, R10=0x0000000000000000, R11=0x00007fffbfe75116
R12=0x0000000000000000, R13=0x000000018e9e49b0, R14=0x000000018cced440, R15=0x00007fb4130bb000
RIP=0x00007fffd65ee05d, EFLAGS=0x0000000000010246, ERR=0x0000000000000004
  TRAPNO=0x000000000000000e

Top of Stack: (sp=0x00007fff57de8148)
0x00007fff57de8148:   000000018cceb157 00007fff57de81a0
0x00007fff57de8158:   0000000000000003 00007fff57de8180
0x00007fff57de8168:   0000000108e63c62 000000018e9e49b0
0x00007fff57de8178:   000000018e9e49b0 00007fb417957e90
0x00007fff57de8188:   000000018cced6a0 000000018cced710
0x00007fff57de8198:   00007fffdc6546d0 00007fffdd2841e0
0x00007fff57de81a8:   000000018cced450 000000018cced690
0x00007fff57de81b8:   00007fb417957e90 00007fb417906480
0x00007fff57de81c8:   00007fb4127296e0 00007fb417957e90
0x00007fff57de81d8:   00007fb417906480 00007fff57de8288
0x00007fff57de81e8:   00007fb4130bb1f8 000000018e9e49b0
0x00007fff57de81f8:   00007fff57de82b0 00007fff57de8278
0x00007fff57de8208:   0000000109c2a9f4 000000018e9e49b0
0x00007fff57de8218:   00007fff57de82b0 00007fff57de8278
0x00007fff57de8228:   0000000109c2a787 0000000109c2a742
0x00007fff57de8238:   00007fff57de8238 000000018e9e49b0
0x00007fff57de8248:   00007fff57de82b0 000000018e9e75e8
0x00007fff57de8258:   0000000000000000 000000018e9e49b0
0x00007fff57de8268:   0000000000000000 00007fff57de8298
0x00007fff57de8278:   00007fff57de82f8 0000000109c1b2bd
0x00007fff57de8288:   000000078077f1a0 0000000109c24538
0x00007fff57de8298:   00007fb417957e90 00007fff57de82f8
0x00007fff57de82a8:   00007fb417906480 0000000109c25e02
0x00007fff57de82b8:   00007fff57de82b8 000000018e9e4b7a
0x00007fff57de82c8:   00007fff57de8320 000000018e9e75e8
0x00007fff57de82d8:   0000000000000000 000000018e9e4b88
0x00007fff57de82e8:   00007fff57de8298 00007fff57de8308
0x00007fff57de82f8:   00007fff57de8368 0000000109c1b2bd
0x00007fff57de8308:   00007fb417957e90 00000007805d2550
0x00007fff57de8318:   00007fb417906480 00000007805d2550
0x00007fff57de8328:   00007fff57de8328 000000019188e5ee
0x00007fff57de8338:   00007fff57de8378 000000019188e6a8 

Instructions: (pc=0x00007fffd65ee05d)
0x00007fffd65ee03d:   0f 1f 00 48 85 ff 2e 74 62 40 f6 c7 01 2e 75 66
0x00007fffd65ee04d:   49 ba f8 ff ff ff ff 7f 00 00 4c 23 17 49 89 f3
0x00007fffd65ee05d:   45 23 5a 18 49 c1 e3 04 4d 03 5a 10 49 3b 33 75
0x00007fffd65ee06d:   04 41 ff 63 08 49 83 3b 01 76 0d 49 83 c3 10 49 

Register to memory mapping:

RAX=0x00007fb417957e90 is an unknown value
RBX=0x000000018cced450: Java_jogamp_nativewindow_macosx_OSXUtil_GetScreenRefreshRate0+0x1cf0 in /private/var/folders/z5/dkh_k18x6bn8z6w6jj1k7pqm0000gn/T/jogamp_0000/file_cache/jln6134345808778956358/jln2752723062560223317/libnativewindow_macosx.jnilib at 0x000000018cce6000
RCX=0x00007fb414c00120 is an unknown value
RDX=0x0000000000000000 is an unknown value
RSP=0x00007fff57de8148 is pointing into the stack for thread: 0x00007fb4130bb000
RBP=0x00007fff57de8200 is pointing into the stack for thread: 0x00007fb4130bb000
RSI=0x00007fffbfe75116: __NSStyleNameIndexTable+0x7fd5e in /System/Library/Frameworks/AppKit.framework/Versions/C/AppKit at 0x00007fffbf208000
RDI=0x00007fb417906480 is an unknown value
R8 =0x0000000000000018 is an unknown value
R9 =0x00007fb414c002d0 is an unknown value
R10=0x0000000000000000 is an unknown value
R11=0x00007fffbfe75116: __NSStyleNameIndexTable+0x7fd5e in /System/Library/Frameworks/AppKit.framework/Versions/C/AppKit at 0x00007fffbf208000
R12=0x0000000000000000 is an unknown value
R13={method} {0x000000018e9e49b0} 'UnsetJAWTRootSurfaceLayer0' '(JJ)V' in 'jogamp/nativewindow/jawt/macosx/MacOSXJAWTWindow'
R14=0x000000018cced440: Java_jogamp_nativewindow_macosx_OSXUtil_GetScreenRefreshRate0+0x1ce0 in /private/var/folders/z5/dkh_k18x6bn8z6w6jj1k7pqm0000gn/T/jogamp_0000/file_cache/jln6134345808778956358/jln2752723062560223317/libnativewindow_macosx.jnilib at 0x000000018cce6000
R15=0x00007fb4130bb000 is a thread


Stack: [0x00007fff575ed000,0x00007fff57ded000],  sp=0x00007fff57de8148,  free space=8172k
Native frames: (J=compiled Java code, j=interpreted, Vv=VM code, C=native code)
C  [libobjc.A.dylib+0x705d]  objc_msgSend+0x1d
j  jogamp.nativewindow.jawt.macosx.MacOSXJAWTWindow.UnsetJAWTRootSurfaceLayer0(JJ)V+0
j  jogamp.nativewindow.jawt.macosx.MacOSXJAWTWindow.access$200(JJ)V+2
j  jogamp.nativewindow.jawt.macosx.MacOSXJAWTWindow$1.run()V+38
J 2671 C1 com.jogamp.common.util.RunnableTask.run()V (345 bytes) @ 0x000000010a46e574 [0x000000010a46e3e0+0x194]
v  ~StubRoutines::call_stub
V  [libjvm.dylib+0x2ed9d6]
V  [libjvm.dylib+0x324b65]
V  [libjvm.dylib+0x317333]
C  [libnativewindow_macosx.jnilib+0x5326]  Java_jogamp_nativewindow_jawt_macosx_MacOSXJAWTWindow_UnsetJAWTRootSurfaceLayer0+0x2b6
C  [Foundation+0x7152a]  __NSThreadPerformPerform+0x146
C  [CoreFoundation+0xa7321]  __CFRUNLOOP_IS_CALLING_OUT_TO_A_SOURCE0_PERFORM_FUNCTION__+0x11
C  [CoreFoundation+0x88197]  __CFRunLoopDoSources0+0x1a7
C  [CoreFoundation+0x87716]  __CFRunLoopRun+0x3a6
C  [CoreFoundation+0x87114]  CFRunLoopRunSpecific+0x1a4
C  [HIToolbox+0x30ebc]  RunCurrentEventLoopInMode+0xf0
C  [HIToolbox+0x30bf9]  ReceiveNextEventCommon+0xb8
C  [HIToolbox+0x30b26]  _BlockUntilNextEventMatchingListInModeWithFilter+0x47
C  [AppKit+0x46a54]  _DPSNextEvent+0x460
C  [AppKit+0x7c27ee]  -[NSApplication(NSEvent) _nextEventMatchingEventMask:untilDate:inMode:dequeue:]+0xaec
C  [libosxapp.dylib+0x23aa]  -[NSApplicationAWT nextEventMatchingMask:untilDate:inMode:dequeue:]+0x7c
C  [AppKit+0x3b3db]  -[NSApplication run]+0x39e
C  [libosxapp.dylib+0x214d]  +[NSApplicationAWT runAWTLoopWithApp:]+0x9c
C  [libawt_lwawt.dylib+0x45ff7]  -[AWTStarter starter:]+0x389
C  [Foundation+0x7152a]  __NSThreadPerformPerform+0x146
C  [CoreFoundation+0xa7321]  __CFRUNLOOP_IS_CALLING_OUT_TO_A_SOURCE0_PERFORM_FUNCTION__+0x11
C  [CoreFoundation+0x8821d]  __CFRunLoopDoSources0+0x22d
C  [CoreFoundation+0x87716]  __CFRunLoopRun+0x3a6
C  [CoreFoundation+0x87114]  CFRunLoopRunSpecific+0x1a4
C  [java+0x6465]  CreateExecutionEnvironment+0x367
C  [java+0x218c]  JLI_Launch+0x7a0
C  [java+0x84c2]  main+0x65
C  [java+0x19e4]  start+0x34
C  0x0000000000000007

Java frames: (J=compiled Java code, j=interpreted, Vv=VM code)
j  jogamp.nativewindow.jawt.macosx.MacOSXJAWTWindow.UnsetJAWTRootSurfaceLayer0(JJ)V+0
j  jogamp.nativewindow.jawt.macosx.MacOSXJAWTWindow.access$200(JJ)V+2
j  jogamp.nativewindow.jawt.macosx.MacOSXJAWTWindow$1.run()V+38
J 2671 C1 com.jogamp.common.util.RunnableTask.run()V (345 bytes) @ 0x000000010a46e574 [0x000000010a46e3e0+0x194]
v  ~StubRoutines::call_stub

---------------  P R O C E S S  ---------------

Java Threads: ( => current thread )
  0x00007fb41890d000 JavaThread "Thread-19" [_thread_blocked, id=37955, stack(0x000070000e2ae000,0x000070000e3ae000)]
  0x00007fb4129f9800 JavaThread "AWT-EventQueue-1" [_thread_in_native, id=69163, stack(0x000070000e1ab000,0x000070000e2ab000)]
  0x00007fb4129f6000 JavaThread "DestroyJavaVM" [_thread_blocked, id=7171, stack(0x000070000cae0000,0x000070000cbe0000)]
  0x00007fb413261000 JavaThread "AWT-EventQueue-0" [_thread_blocked, id=60435, stack(0x000070000dfa5000,0x000070000e0a5000)]
  0x00007fb4141b6800 JavaThread "Java2D Disposer" daemon [_thread_blocked, id=57103, stack(0x000070000dd1c000,0x000070000de1c000)]
  0x00007fb414167000 JavaThread "Java2D Queue Flusher" daemon [_thread_blocked, id=55047, stack(0x000070000dc19000,0x000070000dd19000)]
  0x00007fb413158800 JavaThread "AWT-Shutdown" [_thread_blocked, id=29471, stack(0x000070000d98d000,0x000070000da8d000)]
=>0x00007fb4130bb000 JavaThread "AWT-AppKit" daemon [_thread_in_native, id=775, stack(0x00007fff575ed000,0x00007fff57ded000)]
  0x00007fb413057800 JavaThread "Service Thread" daemon [_thread_blocked, id=18691, stack(0x000070000d704000,0x000070000d804000)]
  0x00007fb413048800 JavaThread "C1 CompilerThread2" daemon [_thread_blocked, id=18179, stack(0x000070000d601000,0x000070000d701000)]
  0x00007fb413047800 JavaThread "C2 CompilerThread1" daemon [_thread_blocked, id=17667, stack(0x000070000d4fe000,0x000070000d5fe000)]
  0x00007fb413057000 JavaThread "C2 CompilerThread0" daemon [_thread_blocked, id=17155, stack(0x000070000d3fb000,0x000070000d4fb000)]
  0x00007fb412855000 JavaThread "Signal Dispatcher" daemon [_thread_blocked, id=16643, stack(0x000070000d2f8000,0x000070000d3f8000)]
  0x00007fb413804000 JavaThread "Finalizer" daemon [_thread_blocked, id=12547, stack(0x000070000d1f5000,0x000070000d2f5000)]
  0x00007fb412802800 JavaThread "Reference Handler" daemon [_thread_blocked, id=12035, stack(0x000070000d0f2000,0x000070000d1f2000)]

Other Threads:
  0x00007fb41301c000 VMThread [stack: 0x000070000cfef000,0x000070000d0ef000] [id=11523]
  0x00007fb413051000 WatcherThread [stack: 0x000070000d807000,0x000070000d907000] [id=19203]

VM state:not at safepoint (normal execution)

VM Mutex/Monitor currently owned by a thread: None

Heap:
 PSYoungGen      total 56832K, used 23838K [0x00000007aab00000, 0x00000007af700000, 0x00000007c0000000)
  eden space 46592K, 34% used [0x00000007aab00000,0x00000007abad0af0,0x00000007ad880000)
  from space 10240K, 74% used [0x00000007ad880000,0x00000007adff6d80,0x00000007ae280000)
  to   space 10240K, 0% used [0x00000007aed00000,0x00000007aed00000,0x00000007af700000)
 ParOldGen       total 37888K, used 14260K [0x0000000780000000, 0x0000000782500000, 0x00000007aab00000)
  object space 37888K, 37% used [0x0000000780000000,0x0000000780ded128,0x0000000782500000)
 Metaspace       used 24658K, capacity 24905K, committed 25088K, reserved 1071104K
  class space    used 2460K, capacity 2543K, committed 2560K, reserved 1048576K

Card table byte_map: [0x0000000118c13000,0x0000000118e14000] byte_map_base: 0x0000000115013000

Marking Bits: (ParMarkBitMap*) 0x0000000109561d30
 Begin Bits: [0x0000000118f6a000, 0x0000000119f6a000)
 End Bits:   [0x0000000119f6a000, 0x000000011af6a000)

Polling page: 0x0000000107ed3000

CodeCache: size=245760Kb used=10237Kb max_used=10250Kb free=235523Kb
 bounds [0x0000000109c13000, 0x000000010a633000, 0x0000000118c13000]
 total_blobs=3876 nmethods=2945 adapters=844
 compilation: enabled

Compilation events (10 events):
Event: 27.229 Thread 0x00007fb413048800 3241       3       java.util.concurrent.locks.ReentrantLock::tryLock (9 bytes)
Event: 27.229 Thread 0x00007fb413048800 nmethod 3241 0x000000010a61f050 code [0x000000010a61f1c0, 0x000000010a61f3e8]
Event: 28.015 Thread 0x00007fb413057000 3242       4       java.nio.DirectIntBufferU::put (157 bytes)
Event: 28.019 Thread 0x00007fb413057000 nmethod 3242 0x000000010a61ea10 code [0x000000010a61eb80, 0x000000010a61edf8]
Event: 28.164 Thread 0x00007fb413048800 3243       3       java.awt.KeyboardFocusManager::checkKFMSecurity (11 bytes)
Event: 28.165 Thread 0x00007fb413048800 nmethod 3243 0x000000010a620d50 code [0x000000010a620f40, 0x000000010a621678]
Event: 28.211 Thread 0x00007fb413048800 3244       1       sun.java2d.SurfaceData::isValid (5 bytes)
Event: 28.211 Thread 0x00007fb413048800 nmethod 3244 0x000000010a617e10 code [0x000000010a617f60, 0x000000010a618070]
Event: 28.216 Thread 0x00007fb413047800 3245  s!   4       sun.misc.URLClassPath::getLoader (243 bytes)
Event: 28.223 Thread 0x00007fb413047800 nmethod 3245 0x000000010a619090 code [0x000000010a619200, 0x000000010a6199d8]

GC Heap History (10 events):
Event: 9.228 GC heap before
{Heap before GC invocations=8 (full 1):
 PSYoungGen      total 33792K, used 31403K [0x00000007aab00000, 0x00000007ad580000, 0x00000007c0000000)
  eden space 24576K, 100% used [0x00000007aab00000,0x00000007ac300000,0x00000007ac300000)
  from space 9216K, 74% used [0x00000007acc00000,0x00000007ad2aad50,0x00000007ad500000)
  to   space 9216K, 0% used [0x00000007ac300000,0x00000007ac300000,0x00000007acc00000)
 ParOldGen       total 37888K, used 14236K [0x0000000780000000, 0x0000000782500000, 0x00000007aab00000)
  object space 37888K, 37% used [0x0000000780000000,0x0000000780de7128,0x0000000782500000)
 Metaspace       used 24244K, capacity 24521K, committed 24832K, reserved 1071104K
  class space    used 2452K, capacity 2543K, committed 2560K, reserved 1048576K
Event: 9.246 GC heap after
Heap after GC invocations=8 (full 1):
 PSYoungGen      total 33792K, used 7803K [0x00000007aab00000, 0x00000007ae280000, 0x00000007c0000000)
  eden space 24576K, 0% used [0x00000007aab00000,0x00000007aab00000,0x00000007ac300000)
  from space 9216K, 84% used [0x00000007ac300000,0x00000007aca9ed80,0x00000007acc00000)
  to   space 9728K, 0% used [0x00000007ad900000,0x00000007ad900000,0x00000007ae280000)
 ParOldGen       total 37888K, used 14244K [0x0000000780000000, 0x0000000782500000, 0x00000007aab00000)
  object space 37888K, 37% used [0x0000000780000000,0x0000000780de9128,0x0000000782500000)
 Metaspace       used 24244K, capacity 24521K, committed 24832K, reserved 1071104K
  class space    used 2452K, capacity 2543K, committed 2560K, reserved 1048576K
}
Event: 12.220 GC heap before
{Heap before GC invocations=9 (full 1):
 PSYoungGen      total 33792K, used 32379K [0x00000007aab00000, 0x00000007ae280000, 0x00000007c0000000)
  eden space 24576K, 100% used [0x00000007aab00000,0x00000007ac300000,0x00000007ac300000)
  from space 9216K, 84% used [0x00000007ac300000,0x00000007aca9ed80,0x00000007acc00000)
  to   space 9728K, 0% used [0x00000007ad900000,0x00000007ad900000,0x00000007ae280000)
 ParOldGen       total 37888K, used 14244K [0x0000000780000000, 0x0000000782500000, 0x00000007aab00000)
  object space 37888K, 37% used [0x0000000780000000,0x0000000780de9128,0x0000000782500000)
 Metaspace       used 24473K, capacity 24713K, committed 24832K, reserved 1071104K
  class space    used 2452K, capacity 2543K, committed 2560K, reserved 1048576K
Event: 12.243 GC heap after
Heap after GC invocations=9 (full 1):
 PSYoungGen      total 46592K, used 7771K [0x00000007aab00000, 0x00000007ae300000, 0x00000007c0000000)
  eden space 36864K, 0% used [0x00000007aab00000,0x00000007aab00000,0x00000007acf00000)
  from space 9728K, 79% used [0x00000007ad900000,0x00000007ae096fc0,0x00000007ae280000)
  to   space 10240K, 0% used [0x00000007acf00000,0x00000007acf00000,0x00000007ad900000)
 ParOldGen       total 37888K, used 14252K [0x0000000780000000, 0x0000000782500000, 0x00000007aab00000)
  object space 37888K, 37% used [0x0000000780000000,0x0000000780deb128,0x0000000782500000)
 Metaspace       used 24473K, capacity 24713K, committed 24832K, reserved 1071104K
  class space    used 2452K, capacity 2543K, committed 2560K, reserved 1048576K
}
Event: 16.662 GC heap before
{Heap before GC invocations=10 (full 1):
 PSYoungGen      total 46592K, used 44635K [0x00000007aab00000, 0x00000007ae300000, 0x00000007c0000000)
  eden space 36864K, 100% used [0x00000007aab00000,0x00000007acf00000,0x00000007acf00000)
  from space 9728K, 79% used [0x00000007ad900000,0x00000007ae096fc0,0x00000007ae280000)
  to   space 10240K, 0% used [0x00000007acf00000,0x00000007acf00000,0x00000007ad900000)
 ParOldGen       total 37888K, used 14252K [0x0000000780000000, 0x0000000782500000, 0x00000007aab00000)
  object space 37888K, 37% used [0x0000000780000000,0x0000000780deb128,0x0000000782500000)
 Metaspace       used 24594K, capacity 24905K, committed 25088K, reserved 1071104K
  class space    used 2452K, capacity 2543K, committed 2560K, reserved 1048576K
Event: 16.677 GC heap after
Heap after GC invocations=10 (full 1):
 PSYoungGen      total 47104K, used 7755K [0x00000007aab00000, 0x00000007aed00000, 0x00000007c0000000)
  eden space 36864K, 0% used [0x00000007aab00000,0x00000007aab00000,0x00000007acf00000)
  from space 10240K, 75% used [0x00000007acf00000,0x00000007ad692fd0,0x00000007ad900000)
  to   space 10240K, 0% used [0x00000007ae300000,0x00000007ae300000,0x00000007aed00000)
 ParOldGen       total 37888K, used 14260K [0x0000000780000000, 0x0000000782500000, 0x00000007aab00000)
  object space 37888K, 37% used [0x0000000780000000,0x0000000780ded128,0x0000000782500000)
 Metaspace       used 24594K, capacity 24905K, committed 25088K, reserved 1071104K
  class space    used 2452K, capacity 2543K, committed 2560K, reserved 1048576K
}
Event: 20.965 GC heap before
{Heap before GC invocations=11 (full 1):
 PSYoungGen      total 47104K, used 44619K [0x00000007aab00000, 0x00000007aed00000, 0x00000007c0000000)
  eden space 36864K, 100% used [0x00000007aab00000,0x00000007acf00000,0x00000007acf00000)
  from space 10240K, 75% used [0x00000007acf00000,0x00000007ad692fd0,0x00000007ad900000)
  to   space 10240K, 0% used [0x00000007ae300000,0x00000007ae300000,0x00000007aed00000)
 ParOldGen       total 37888K, used 14260K [0x0000000780000000, 0x0000000782500000, 0x00000007aab00000)
  object space 37888K, 37% used [0x0000000780000000,0x0000000780ded128,0x0000000782500000)
 Metaspace       used 24600K, capacity 24905K, committed 25088K, reserved 1071104K
  class space    used 2452K, capacity 2543K, committed 2560K, reserved 1048576K
Event: 20.990 GC heap after
Heap after GC invocations=11 (full 1):
 PSYoungGen      total 56320K, used 7627K [0x00000007aab00000, 0x00000007aec80000, 0x00000007c0000000)
  eden space 46592K, 0% used [0x00000007aab00000,0x00000007aab00000,0x00000007ad880000)
  from space 9728K, 78% used [0x00000007ae300000,0x00000007aea72fb0,0x00000007aec80000)
  to   space 10240K, 0% used [0x00000007ad880000,0x00000007ad880000,0x00000007ae280000)
 ParOldGen       total 37888K, used 14260K [0x0000000780000000, 0x0000000782500000, 0x00000007aab00000)
  object space 37888K, 37% used [0x0000000780000000,0x0000000780ded128,0x0000000782500000)
 Metaspace       used 24600K, capacity 24905K, committed 25088K, reserved 1071104K
  class space    used 2452K, capacity 2543K, committed 2560K, reserved 1048576K
}
Event: 26.496 GC heap before
{Heap before GC invocations=12 (full 1):
 PSYoungGen      total 56320K, used 54219K [0x00000007aab00000, 0x00000007aec80000, 0x00000007c0000000)
  eden space 46592K, 100% used [0x00000007aab00000,0x00000007ad880000,0x00000007ad880000)
  from space 9728K, 78% used [0x00000007ae300000,0x00000007aea72fb0,0x00000007aec80000)
  to   space 10240K, 0% used [0x00000007ad880000,0x00000007ad880000,0x00000007ae280000)
 ParOldGen       total 37888K, used 14260K [0x0000000780000000, 0x0000000782500000, 0x00000007aab00000)
  object space 37888K, 37% used [0x0000000780000000,0x0000000780ded128,0x0000000782500000)
 Metaspace       used 24622K, capacity 24905K, committed 25088K, reserved 1071104K
  class space    used 2452K, capacity 2543K, committed 2560K, reserved 1048576K
Event: 26.502 GC heap after
Heap after GC invocations=12 (full 1):
 PSYoungGen      total 56832K, used 7643K [0x00000007aab00000, 0x00000007af700000, 0x00000007c0000000)
  eden space 46592K, 0% used [0x00000007aab00000,0x00000007aab00000,0x00000007ad880000)
  from space 10240K, 74% used [0x00000007ad880000,0x00000007adff6d80,0x00000007ae280000)
  to   space 10240K, 0% used [0x00000007aed00000,0x00000007aed00000,0x00000007af700000)
 ParOldGen       total 37888K, used 14260K [0x0000000780000000, 0x0000000782500000, 0x00000007aab00000)
  object space 37888K, 37% used [0x0000000780000000,0x0000000780ded128,0x0000000782500000)
 Metaspace       used 24622K, capacity 24905K, committed 25088K, reserved 1071104K
  class space    used 2452K, capacity 2543K, committed 2560K, reserved 1048576K
}

Deoptimization events (10 events):
Event: 6.997 Thread 0x00007fb4129f9800 Uncommon trap: reason=unstable_if action=reinterpret pc=0x000000010a2b31bc method=com.jogamp.common.util.IntIntHashMap.get(I)I @ 28
Event: 7.585 Thread 0x00007fb41824a000 Uncommon trap: reason=unstable_if action=reinterpret pc=0x0000000109ffae64 method=sun.awt.image.PNGImageDecoder.produceImage()V @ 867
Event: 7.586 Thread 0x00007fb41824b000 Uncommon trap: reason=unstable_if action=reinterpret pc=0x0000000109ffae64 method=sun.awt.image.PNGImageDecoder.produceImage()V @ 867
Event: 7.587 Thread 0x00007fb418249800 Uncommon trap: reason=unstable_if action=reinterpret pc=0x0000000109ffae64 method=sun.awt.image.PNGImageDecoder.produceImage()V @ 867
Event: 11.234 Thread 0x00007fb4129f9800 Uncommon trap: reason=unstable_if action=reinterpret pc=0x000000010a499028 method=java.util.WeakHashMap.get(Ljava/lang/Object;)Ljava/lang/Object; @ 35
Event: 28.167 Thread 0x00007fb413261000 Uncommon trap: reason=unstable_if action=reinterpret pc=0x000000010a43b684 method=java.awt.font.FontRenderContext.equals(Ljava/awt/font/FontRenderContext;)Z @ 2
Event: 28.210 Thread 0x00007fb41417e800 Uncommon trap: reason=class_check action=maybe_recompile pc=0x000000010a0e41bc method=java.util.HashMap.putVal(ILjava/lang/Object;Ljava/lang/Object;ZZ)Ljava/lang/Object; @ 91
Event: 28.210 Thread 0x00007fb41417e800 Uncommon trap: reason=class_check action=maybe_recompile pc=0x000000010a0e41bc method=java.util.HashMap.putVal(ILjava/lang/Object;Ljava/lang/Object;ZZ)Ljava/lang/Object; @ 91
Event: 28.210 Thread 0x00007fb41417e800 Uncommon trap: reason=class_check action=maybe_recompile pc=0x000000010a0a600c method=java.util.HashMap.putVal(ILjava/lang/Object;Ljava/lang/Object;ZZ)Ljava/lang/Object; @ 91
Event: 28.231 Thread 0x00007fb4129f9800 Uncommon trap: reason=unstable_if action=reinterpret pc=0x000000010a5917e0 method=java.security.AccessControlContext.optimize()Ljava/security/AccessControlContext; @ 233

Internal exceptions (10 events):
Event: 0.250 Thread 0x00007fb413802800 Exception <a 'java/lang/NoSuchFieldError': method resolution failed> (0x00000007aacc89d8) thrown at [/Users/java_re/workspace/8-2-build-macosx-x86_64/jdk8u121/8372/hotspot/src/share/vm/prims/methodHandles.cpp, line 1146]
Event: 0.254 Thread 0x00007fb413802800 Exception <a 'java/lang/NoSuchFieldError': method resolution failed> (0x00000007aacd61a8) thrown at [/Users/java_re/workspace/8-2-build-macosx-x86_64/jdk8u121/8372/hotspot/src/share/vm/prims/methodHandles.cpp, line 1146]
Event: 0.537 Thread 0x00007fb413802800 Exception <a 'java/io/FileNotFoundException'> (0x00000007aad52d90) thrown at [/Users/java_re/workspace/8-2-build-macosx-x86_64/jdk8u121/8372/hotspot/src/share/vm/prims/jni.cpp, line 709]
Event: 0.537 Thread 0x00007fb413802800 Exception <a 'java/io/FileNotFoundException'> (0x00000007aad538e0) thrown at [/Users/java_re/workspace/8-2-build-macosx-x86_64/jdk8u121/8372/hotspot/src/share/vm/prims/jni.cpp, line 709]
Event: 0.724 Thread 0x00007fb413802800 Exception <a 'java/io/FileNotFoundException'> (0x00000007aae8c378) thrown at [/Users/java_re/workspace/8-2-build-macosx-x86_64/jdk8u121/8372/hotspot/src/share/vm/prims/jni.cpp, line 709]
Event: 3.941 Thread 0x00007fb413804000 Exception <a 'java/lang/NullPointerException'> (0x00000007aab846f0) thrown at [/Users/java_re/workspace/8-2-build-macosx-x86_64/jdk8u121/8372/hotspot/src/share/vm/interpreter/linkResolver.cpp, line 1178]
Event: 4.053 Thread 0x00007fb4129cd000 Exception <a 'java/lang/UnsatisfiedLinkError': com.jogamp.common.util.JarUtil.fixNativeLibAttribs(Ljava/lang/String;)Z> (0x00000007aaf06d08) thrown at [/Users/java_re/workspace/8-2-build-macosx-x86_64/jdk8u121/8372/hotspot/src/share/vm/prims/nativeLookup.
Event: 5.439 Thread 0x00007fb4129f9800 Exception <a 'java/io/FileNotFoundException'> (0x00000007ab14b160) thrown at [/Users/java_re/workspace/8-2-build-macosx-x86_64/jdk8u121/8372/hotspot/src/share/vm/prims/jni.cpp, line 709]
Event: 5.439 Thread 0x00007fb4129f9800 Exception <a 'java/io/FileNotFoundException'> (0x00000007ab151348) thrown at [/Users/java_re/workspace/8-2-build-macosx-x86_64/jdk8u121/8372/hotspot/src/share/vm/prims/jni.cpp, line 709]
Event: 5.439 Thread 0x00007fb4129f9800 Implicit null exception at 0x0000000109dd3736 to 0x0000000109dd3b05

Events (10 events):
Event: 28.231 Thread 0x00007fb4129f9800 DEOPT UNPACKING pc=0x0000000109c18229 sp=0x000070000e2a8880 mode 2
Event: 28.231 loading class java/awt/LightweightDispatcher$2
Event: 28.231 loading class java/awt/LightweightDispatcher$2 done
Event: 28.231 loading class java/awt/event/AWTEventListenerProxy
Event: 28.231 loading class java/awt/event/AWTEventListenerProxy done
Event: 28.231 loading class java/awt/Toolkit$ToolkitEventMulticaster
Event: 28.231 loading class java/awt/Toolkit$ToolkitEventMulticaster done
Event: 28.232 Thread 0x00007fb41417e800 Thread exited: 0x00007fb41417e800
Event: 28.232 loading class java/awt/Window$1DisposeAction
Event: 28.232 loading class java/awt/Window$1DisposeAction done


Dynamic libraries:
0x000000004c357000 	/System/Library/Frameworks/Cocoa.framework/Versions/A/Cocoa
0x000000004c357000 	/System/Library/Frameworks/Security.framework/Versions/A/Security
0x000000004c357000 	/System/Library/Frameworks/ApplicationServices.framework/Versions/A/ApplicationServices
0x000000004c357000 	/usr/lib/libz.1.dylib
0x000000004c357000 	/usr/lib/libSystem.B.dylib
0x000000004c357000 	/usr/lib/libobjc.A.dylib
0x000000004c357000 	/System/Library/Frameworks/CoreFoundation.framework/Versions/A/CoreFoundation
0x000000004c357000 	/System/Library/Frameworks/Foundation.framework/Versions/C/Foundation
0x000000004c357000 	/System/Library/Frameworks/AppKit.framework/Versions/C/AppKit
0x000000004c357000 	/System/Library/Frameworks/CoreData.framework/Versions/A/CoreData
0x000000004c357000 	/System/Library/PrivateFrameworks/RemoteViewServices.framework/Versions/A/RemoteViewServices
0x000000004c357000 	/System/Library/PrivateFrameworks/UIFoundation.framework/Versions/A/UIFoundation
0x000000004c357000 	/System/Library/PrivateFrameworks/DFRFoundation.framework/Versions/A/DFRFoundation
0x000000004c357000 	/usr/lib/libenergytrace.dylib
0x000000004c357000 	/System/Library/PrivateFrameworks/SkyLight.framework/Versions/A/SkyLight
0x000000004c357000 	/System/Library/Frameworks/CoreGraphics.framework/Versions/A/CoreGraphics
0x000000004c357000 	/usr/lib/libScreenReader.dylib
0x000000004c357000 	/System/Library/Frameworks/Accelerate.framework/Versions/A/Accelerate
0x000000004c357000 	/System/Library/Frameworks/IOSurface.framework/Versions/A/IOSurface
0x000000004c357000 	/System/Library/Frameworks/AudioToolbox.framework/Versions/A/AudioToolbox
0x000000004c357000 	/System/Library/Frameworks/AudioUnit.framework/Versions/A/AudioUnit
0x000000004c357000 	/System/Library/PrivateFrameworks/DataDetectorsCore.framework/Versions/A/DataDetectorsCore
0x000000004c357000 	/System/Library/PrivateFrameworks/DesktopServicesPriv.framework/Versions/A/DesktopServicesPriv
0x000000004c357000 	/System/Library/Frameworks/Carbon.framework/Versions/A/Frameworks/HIToolbox.framework/Versions/A/HIToolbox
0x000000004c357000 	/usr/lib/libicucore.A.dylib
0x000000004c357000 	/System/Library/Frameworks/QuartzCore.framework/Versions/A/QuartzCore
0x000000004c357000 	/System/Library/Frameworks/Carbon.framework/Versions/A/Frameworks/SpeechRecognition.framework/Versions/A/SpeechRecognition
0x000000004c357000 	/usr/lib/libauto.dylib
0x000000004c357000 	/usr/lib/libxml2.2.dylib
0x000000004c357000 	/System/Library/PrivateFrameworks/CoreUI.framework/Versions/A/CoreUI
0x000000004c357000 	/System/Library/Frameworks/CoreAudio.framework/Versions/A/CoreAudio
0x000000004c357000 	/System/Library/Frameworks/DiskArbitration.framework/Versions/A/DiskArbitration
0x000000004c357000 	/usr/lib/liblangid.dylib
0x000000004c357000 	/System/Library/PrivateFrameworks/MultitouchSupport.framework/Versions/A/MultitouchSupport
0x000000004c357000 	/System/Library/Frameworks/IOKit.framework/Versions/A/IOKit
0x000000004c357000 	/usr/lib/libDiagnosticMessagesClient.dylib
0x000000004c357000 	/System/Library/Frameworks/CoreServices.framework/Versions/A/CoreServices
0x000000004c357000 	/System/Library/PrivateFrameworks/PerformanceAnalysis.framework/Versions/A/PerformanceAnalysis
0x000000004c357000 	/System/Library/PrivateFrameworks/GenerationalStorage.framework/Versions/A/GenerationalStorage
0x000000004c357000 	/System/Library/Frameworks/OpenGL.framework/Versions/A/OpenGL
0x000000004c357000 	/System/Library/Frameworks/CoreImage.framework/Versions/A/CoreImage
0x000000004c357000 	/System/Library/Frameworks/CoreText.framework/Versions/A/CoreText
0x000000004c357000 	/System/Library/Frameworks/ImageIO.framework/Versions/A/ImageIO
0x000000004c357000 	/System/Library/PrivateFrameworks/Backup.framework/Versions/A/Backup
0x000000004c357000 	/usr/lib/libarchive.2.dylib
0x000000004c357000 	/System/Library/Frameworks/CFNetwork.framework/Versions/A/CFNetwork
0x000000004c357000 	/System/Library/Frameworks/SystemConfiguration.framework/Versions/A/SystemConfiguration
0x000000004c357000 	/usr/lib/libCRFSuite.dylib
0x000000004c357000 	/usr/lib/libc++.1.dylib
0x000000004c357000 	/usr/lib/libc++abi.dylib
0x000000004c357000 	/usr/lib/system/libcache.dylib
0x000000004c357000 	/usr/lib/system/libcommonCrypto.dylib
0x000000004c357000 	/usr/lib/system/libcompiler_rt.dylib
0x000000004c357000 	/usr/lib/system/libcopyfile.dylib
0x000000004c357000 	/usr/lib/system/libcorecrypto.dylib
0x000000004c357000 	/usr/lib/system/libdispatch.dylib
0x000000004c357000 	/usr/lib/system/libdyld.dylib
0x000000004c357000 	/usr/lib/system/libkeymgr.dylib
0x000000004c357000 	/usr/lib/system/liblaunch.dylib
0x000000004c357000 	/usr/lib/system/libmacho.dylib
0x000000004c357000 	/usr/lib/system/libquarantine.dylib
0x000000004c357000 	/usr/lib/system/libremovefile.dylib
0x000000004c357000 	/usr/lib/system/libsystem_asl.dylib
0x000000004c357000 	/usr/lib/system/libsystem_blocks.dylib
0x000000004c357000 	/usr/lib/system/libsystem_c.dylib
0x000000004c357000 	/usr/lib/system/libsystem_configuration.dylib
0x000000004c357000 	/usr/lib/system/libsystem_coreservices.dylib
0x000000004c357000 	/usr/lib/system/libsystem_coretls.dylib
0x000000004c357000 	/usr/lib/system/libsystem_dnssd.dylib
0x000000004c357000 	/usr/lib/system/libsystem_info.dylib
0x000000004c357000 	/usr/lib/system/libsystem_kernel.dylib
0x000000004c357000 	/usr/lib/system/libsystem_m.dylib
0x000000004c357000 	/usr/lib/system/libsystem_malloc.dylib
0x000000004c357000 	/usr/lib/system/libsystem_network.dylib
0x000000004c357000 	/usr/lib/system/libsystem_networkextension.dylib
0x000000004c357000 	/usr/lib/system/libsystem_notify.dylib
0x000000004c357000 	/usr/lib/system/libsystem_platform.dylib
0x000000004c357000 	/usr/lib/system/libsystem_pthread.dylib
0x000000004c357000 	/usr/lib/system/libsystem_sandbox.dylib
0x000000004c357000 	/usr/lib/system/libsystem_secinit.dylib
0x000000004c357000 	/usr/lib/system/libsystem_symptoms.dylib
0x000000004c357000 	/usr/lib/system/libsystem_trace.dylib
0x000000004c357000 	/usr/lib/system/libunwind.dylib
0x000000004c357000 	/usr/lib/system/libxpc.dylib
0x000000004c357000 	/usr/lib/libbsm.0.dylib
0x000000004c357000 	/usr/lib/system/libkxld.dylib
0x000000004c357000 	/usr/lib/libcoretls.dylib
0x000000004c357000 	/usr/lib/libcoretls_cfhelpers.dylib
0x000000004c357000 	/usr/lib/libOpenScriptingUtil.dylib
0x000000004c357000 	/usr/lib/libpam.2.dylib
0x000000004c357000 	/usr/lib/libsqlite3.dylib
0x000000004c357000 	/usr/lib/libxar.1.dylib
0x000000004c357000 	/usr/lib/libbz2.1.0.dylib
0x000000004c357000 	/usr/lib/liblzma.5.dylib
0x000000004c357000 	/usr/lib/libnetwork.dylib
0x000000004c357000 	/usr/lib/libpcap.A.dylib
0x000000004c357000 	/System/Library/Frameworks/CoreServices.framework/Versions/A/Frameworks/FSEvents.framework/Versions/A/FSEvents
0x000000004c357000 	/System/Library/Frameworks/CoreServices.framework/Versions/A/Frameworks/CarbonCore.framework/Versions/A/CarbonCore
0x000000004c357000 	/System/Library/Frameworks/CoreServices.framework/Versions/A/Frameworks/Metadata.framework/Versions/A/Metadata
0x000000004c357000 	/System/Library/Frameworks/CoreServices.framework/Versions/A/Frameworks/OSServices.framework/Versions/A/OSServices
0x000000004c357000 	/System/Library/Frameworks/CoreServices.framework/Versions/A/Frameworks/SearchKit.framework/Versions/A/SearchKit
0x000000004c357000 	/System/Library/Frameworks/CoreServices.framework/Versions/A/Frameworks/AE.framework/Versions/A/AE
0x000000004c357000 	/System/Library/Frameworks/CoreServices.framework/Versions/A/Frameworks/LaunchServices.framework/Versions/A/LaunchServices
0x000000004c357000 	/System/Library/Frameworks/CoreServices.framework/Versions/A/Frameworks/DictionaryServices.framework/Versions/A/DictionaryServices
0x000000004c357000 	/System/Library/Frameworks/CoreServices.framework/Versions/A/Frameworks/SharedFileList.framework/Versions/A/SharedFileList
0x000000004c357000 	/System/Library/Frameworks/NetFS.framework/Versions/A/NetFS
0x000000004c357000 	/System/Library/PrivateFrameworks/NetAuth.framework/Versions/A/NetAuth
0x000000004c357000 	/System/Library/PrivateFrameworks/login.framework/Versions/A/Frameworks/loginsupport.framework/Versions/A/loginsupport
0x000000004c357000 	/System/Library/PrivateFrameworks/TCC.framework/Versions/A/TCC
0x000000004c357000 	/usr/lib/libmecabra.dylib
0x000000004c357000 	/System/Library/Frameworks/ApplicationServices.framework/Versions/A/Frameworks/ATS.framework/Versions/A/ATS
0x000000004c357000 	/System/Library/Frameworks/ApplicationServices.framework/Versions/A/Frameworks/ColorSync.framework/Versions/A/ColorSync
0x000000004c357000 	/System/Library/Frameworks/ApplicationServices.framework/Versions/A/Frameworks/HIServices.framework/Versions/A/HIServices
0x000000004c357000 	/System/Library/Frameworks/ApplicationServices.framework/Versions/A/Frameworks/LangAnalysis.framework/Versions/A/LangAnalysis
0x000000004c357000 	/System/Library/Frameworks/ApplicationServices.framework/Versions/A/Frameworks/PrintCore.framework/Versions/A/PrintCore
0x000000004c357000 	/System/Library/Frameworks/ApplicationServices.framework/Versions/A/Frameworks/QD.framework/Versions/A/QD
0x000000004c357000 	/System/Library/Frameworks/ApplicationServices.framework/Versions/A/Frameworks/SpeechSynthesis.framework/Versions/A/SpeechSynthesis
0x000000004c357000 	/System/Library/Frameworks/Accelerate.framework/Versions/A/Frameworks/vImage.framework/Versions/A/vImage
0x000000004c357000 	/System/Library/Frameworks/Accelerate.framework/Versions/A/Frameworks/vecLib.framework/Versions/A/vecLib
0x000000004c357000 	/System/Library/Frameworks/Accelerate.framework/Versions/A/Frameworks/vecLib.framework/Versions/A/libvDSP.dylib
0x000000004c357000 	/System/Library/Frameworks/Accelerate.framework/Versions/A/Frameworks/vecLib.framework/Versions/A/libBNNS.dylib
0x000000004c357000 	/System/Library/Frameworks/Accelerate.framework/Versions/A/Frameworks/vecLib.framework/Versions/A/libQuadrature.dylib
0x000000004c357000 	/System/Library/Frameworks/Accelerate.framework/Versions/A/Frameworks/vecLib.framework/Versions/A/libvMisc.dylib
0x000000004c357000 	/System/Library/Frameworks/Accelerate.framework/Versions/A/Frameworks/vecLib.framework/Versions/A/libLAPACK.dylib
0x000000004c357000 	/System/Library/Frameworks/Accelerate.framework/Versions/A/Frameworks/vecLib.framework/Versions/A/libBLAS.dylib
0x000000004c357000 	/System/Library/Frameworks/Accelerate.framework/Versions/A/Frameworks/vecLib.framework/Versions/A/libLinearAlgebra.dylib
0x000000004c357000 	/System/Library/Frameworks/Accelerate.framework/Versions/A/Frameworks/vecLib.framework/Versions/A/libSparseBLAS.dylib
0x000000004c357000 	/System/Library/Frameworks/ApplicationServices.framework/Versions/A/Frameworks/ATS.framework/Versions/A/Resources/libFontParser.dylib
0x000000004c357000 	/System/Library/Frameworks/ApplicationServices.framework/Versions/A/Frameworks/ATS.framework/Versions/A/Resources/libFontRegistry.dylib
0x000000004c357000 	/System/Library/Frameworks/ImageIO.framework/Versions/A/Resources/libJPEG.dylib
0x000000004c357000 	/System/Library/Frameworks/ImageIO.framework/Versions/A/Resources/libTIFF.dylib
0x000000004c357000 	/System/Library/Frameworks/ImageIO.framework/Versions/A/Resources/libPng.dylib
0x000000004c357000 	/System/Library/Frameworks/ImageIO.framework/Versions/A/Resources/libGIF.dylib
0x000000004c357000 	/System/Library/Frameworks/ImageIO.framework/Versions/A/Resources/libJP2.dylib
0x000000004c357000 	/System/Library/Frameworks/ImageIO.framework/Versions/A/Resources/libRadiance.dylib
0x000000004c357000 	/usr/lib/libcompression.dylib
0x000000004c357000 	/System/Library/PrivateFrameworks/AppleJPEG.framework/Versions/A/AppleJPEG
0x000000004c357000 	/usr/lib/libcups.2.dylib
0x000000004c357000 	/System/Library/Frameworks/Kerberos.framework/Versions/A/Kerberos
0x000000004c357000 	/System/Library/Frameworks/GSS.framework/Versions/A/GSS
0x000000004c357000 	/usr/lib/libresolv.9.dylib
0x000000004c357000 	/usr/lib/libiconv.2.dylib
0x000000004c357000 	/System/Library/PrivateFrameworks/Heimdal.framework/Versions/A/Heimdal
0x000000004c357000 	/usr/lib/libheimdal-asn1.dylib
0x000000004c357000 	/System/Library/Frameworks/OpenDirectory.framework/Versions/A/OpenDirectory
0x000000004c357000 	/System/Library/PrivateFrameworks/CommonAuth.framework/Versions/A/CommonAuth
0x000000004c357000 	/System/Library/Frameworks/OpenDirectory.framework/Versions/A/Frameworks/CFOpenDirectory.framework/Versions/A/CFOpenDirectory
0x000000004c357000 	/System/Library/Frameworks/SecurityFoundation.framework/Versions/A/SecurityFoundation
0x000000004c357000 	/System/Library/PrivateFrameworks/LanguageModeling.framework/Versions/A/LanguageModeling
0x000000004c357000 	/usr/lib/libmarisa.dylib
0x000000004c357000 	/usr/lib/libChineseTokenizer.dylib
0x000000004c357000 	/usr/lib/libcmph.dylib
0x000000004c357000 	/System/Library/PrivateFrameworks/CoreEmoji.framework/Versions/A/CoreEmoji
0x000000004c357000 	/System/Library/Frameworks/ServiceManagement.framework/Versions/A/ServiceManagement
0x000000004c357000 	/usr/lib/libxslt.1.dylib
0x000000004c357000 	/System/Library/Frameworks/Carbon.framework/Versions/A/Frameworks/Ink.framework/Versions/A/Ink
0x000000004c357000 	/System/Library/PrivateFrameworks/TextureIO.framework/Versions/A/TextureIO
0x000000004c357000 	/System/Library/Frameworks/Metal.framework/Versions/A/Metal
0x000000004c357000 	/usr/lib/libate.dylib
0x000000004c357000 	/System/Library/PrivateFrameworks/GPUCompiler.framework/libmetal_timestamp.dylib
0x000000004c357000 	/System/Library/Frameworks/OpenGL.framework/Versions/A/Libraries/libCoreFSCache.dylib
0x000000004c357000 	/System/Library/PrivateFrameworks/IOAccelerator.framework/Versions/A/IOAccelerator
0x000000004c357000 	/System/Library/Frameworks/CoreVideo.framework/Versions/A/CoreVideo
0x000000004c357000 	/usr/lib/libFosl_dynamic.dylib
0x000000004c357000 	/System/Library/PrivateFrameworks/MetalPerformanceShaders.framework/Versions/A/MetalPerformanceShaders
0x000000004c357000 	/System/Library/PrivateFrameworks/FaceCore.framework/Versions/A/FaceCore
0x000000004c357000 	/System/Library/Frameworks/OpenCL.framework/Versions/A/OpenCL
0x000000004c357000 	/System/Library/Frameworks/OpenGL.framework/Versions/A/Libraries/libGLU.dylib
0x000000004c357000 	/System/Library/Frameworks/OpenGL.framework/Versions/A/Libraries/libGFXShared.dylib
0x000000004c357000 	/System/Library/Frameworks/OpenGL.framework/Versions/A/Libraries/libGL.dylib
0x000000004c357000 	/System/Library/Frameworks/OpenGL.framework/Versions/A/Libraries/libGLImage.dylib
0x000000004c357000 	/System/Library/Frameworks/OpenGL.framework/Versions/A/Libraries/libCVMSPluginSupport.dylib
0x000000004c357000 	/System/Library/Frameworks/OpenGL.framework/Versions/A/Libraries/libCoreVMClient.dylib
0x000000004c357000 	/System/Library/PrivateFrameworks/CrashReporterSupport.framework/Versions/A/CrashReporterSupport
0x000000004c357000 	/System/Library/PrivateFrameworks/Sharing.framework/Versions/A/Sharing
0x000000004c357000 	/System/Library/PrivateFrameworks/IconServices.framework/Versions/A/IconServices
0x000000004c357000 	/System/Library/PrivateFrameworks/ProtocolBuffer.framework/Versions/A/ProtocolBuffer
0x000000004c357000 	/System/Library/PrivateFrameworks/Apple80211.framework/Versions/A/Apple80211
0x000000004c357000 	/System/Library/Frameworks/CoreWLAN.framework/Versions/A/CoreWLAN
0x000000004c357000 	/System/Library/PrivateFrameworks/CoreUtils.framework/Versions/A/CoreUtils
0x000000004c357000 	/System/Library/Frameworks/IOBluetooth.framework/Versions/A/IOBluetooth
0x000000004c357000 	/System/Library/PrivateFrameworks/CoreWiFi.framework/Versions/A/CoreWiFi
0x000000004c357000 	/System/Library/Frameworks/CoreBluetooth.framework/Versions/A/CoreBluetooth
0x000000004c357000 	/System/Library/Frameworks/CoreDisplay.framework/Versions/A/CoreDisplay
0x000000004c357000 	/System/Library/PrivateFrameworks/IOPresentment.framework/Versions/A/IOPresentment
0x000000004c357000 	/System/Library/PrivateFrameworks/DSExternalDisplay.framework/Versions/A/DSExternalDisplay
0x000000004c357000 	/System/Library/PrivateFrameworks/DebugSymbols.framework/Versions/A/DebugSymbols
0x000000004c357000 	/System/Library/PrivateFrameworks/CoreSymbolication.framework/Versions/A/CoreSymbolication
0x000000004c357000 	/System/Library/PrivateFrameworks/Symbolication.framework/Versions/A/Symbolication
0x000000004c357000 	/System/Library/PrivateFrameworks/AppleFSCompression.framework/Versions/A/AppleFSCompression
0x000000004c357000 	/System/Library/PrivateFrameworks/SpeechRecognitionCore.framework/Versions/A/SpeechRecognitionCore
0x000000004c357000 	/System/Library/PrivateFrameworks/ChunkingLibrary.framework/Versions/A/ChunkingLibrary
0x0000000108c71000 	/Library/Java/JavaVirtualMachines/jdk1.8.0_121.jdk/Contents/Home/jre/lib/server/libjvm.dylib
0x000000004c357000 	/usr/lib/libstdc++.6.dylib
0x0000000107e90000 	/Library/Java/JavaVirtualMachines/jdk1.8.0_121.jdk/Contents/Home/jre/lib/libverify.dylib
0x0000000107e9e000 	/Library/Java/JavaVirtualMachines/jdk1.8.0_121.jdk/Contents/Home/jre/lib/libjava.dylib
0x0000000107edd000 	/Library/Java/JavaVirtualMachines/jdk1.8.0_121.jdk/Contents/Home/jre/lib/libzip.dylib
0x000000011cb20000 	/System/Library/Frameworks/JavaVM.framework/Frameworks/JavaRuntimeSupport.framework/JavaRuntimeSupport
0x000000011cb3a000 	/System/Library/Frameworks/JavaVM.framework/Versions/A/Frameworks/JavaNativeFoundation.framework/Versions/A/JavaNativeFoundation
0x000000011cb4f000 	/System/Library/Frameworks/JavaVM.framework/Versions/A/JavaVM
0x000000004c357000 	/System/Library/Frameworks/Carbon.framework/Versions/A/Carbon
0x0000000107ff4000 	/System/Library/PrivateFrameworks/JavaLaunching.framework/Versions/A/JavaLaunching
0x000000004c357000 	/System/Library/Frameworks/Carbon.framework/Versions/A/Frameworks/CommonPanels.framework/Versions/A/CommonPanels
0x000000004c357000 	/System/Library/Frameworks/Carbon.framework/Versions/A/Frameworks/Help.framework/Versions/A/Help
0x000000004c357000 	/System/Library/Frameworks/Carbon.framework/Versions/A/Frameworks/ImageCapture.framework/Versions/A/ImageCapture
0x000000004c357000 	/System/Library/Frameworks/Carbon.framework/Versions/A/Frameworks/OpenScripting.framework/Versions/A/OpenScripting
0x000000004c357000 	/System/Library/Frameworks/Carbon.framework/Versions/A/Frameworks/Print.framework/Versions/A/Print
0x000000004c357000 	/System/Library/Frameworks/Carbon.framework/Versions/A/Frameworks/SecurityHI.framework/Versions/A/SecurityHI
0x000000011e45e000 	/Library/Java/JavaVirtualMachines/jdk1.8.0_121.jdk/Contents/Home/jre/lib/libawt.dylib
0x000000011e506000 	/Library/Java/JavaVirtualMachines/jdk1.8.0_121.jdk/Contents/Home/jre/lib/./libmlib_image.dylib
0x000000011e5d2000 	/Library/Java/JavaVirtualMachines/jdk1.8.0_121.jdk/Contents/Home/jre/lib/libawt_lwawt.dylib
0x000000011e689000 	/Library/Java/JavaVirtualMachines/jdk1.8.0_121.jdk/Contents/Home/jre/lib/./libosxapp.dylib
0x000000004c357000 	/System/Library/Frameworks/ExceptionHandling.framework/Versions/A/ExceptionHandling
0x000000004c357000 	/System/Library/PrivateFrameworks/CoreServicesInternal.framework/Versions/A/CoreServicesInternal
0x000000004c357000 	/System/Library/CoreServices/RawCamera.bundle/Contents/MacOS/RawCamera
0x000000004c357000 	/System/Library/Frameworks/Accelerate.framework/Versions/A/Frameworks/vImage.framework/Versions/A/Libraries/libCGInterfaces.dylib
0x000000004c357000 	/System/Library/Frameworks/ApplicationServices.framework/Versions/A/Frameworks/ATS.framework/Versions/A/Resources/libTrueTypeScaler.dylib
0x00000001202a9000 	/System/Library/Frameworks/OpenGL.framework/Resources/GLEngine.bundle/GLEngine
0x000000004c357000 	/System/Library/Frameworks/OpenGL.framework/Versions/A/Libraries/libGLProgrammability.dylib
0x000000012048e000 	/System/Library/Extensions/AppleIntelHD5000GraphicsGLDriver.bundle/Contents/MacOS/AppleIntelHD5000GraphicsGLDriver
0x000000004c357000 	/System/Library/PrivateFrameworks/GPUSupport.framework/Versions/A/Libraries/libGPUSupportMercury.dylib
0x000000011f3da000 	/System/Library/Frameworks/OpenGL.framework/Resources//GLRendererFloat.bundle/GLRendererFloat
0x000000004c357000 	/System/Library/Frameworks/OpenCL.framework/Versions/A/Libraries/libcldcpuengine.dylib
0x000000004c357000 	/usr/lib/libcrypto.0.9.8.dylib
0x000000004c357000 	/System/Library/PrivateFrameworks/TrustEvaluationAgent.framework/Versions/A/TrustEvaluationAgent
0x0000000120bfc000 	/System/Library/Extensions/AppleIntelHD5000GraphicsMTLDriver.bundle/Contents/MacOS/AppleIntelHD5000GraphicsMTLDriver
0x000000004c357000 	/System/Library/PrivateFrameworks/FamilyControls.framework/Versions/A/FamilyControls
0x000000004c357000 	/System/Library/PrivateFrameworks/CommerceKit.framework/Versions/A/Frameworks/CommerceCore.framework/Versions/A/CommerceCore
0x000000004c357000 	/System/Library/PrivateFrameworks/SystemAdministration.framework/Versions/A/SystemAdministration
0x000000004c357000 	/System/Library/PrivateFrameworks/AppContainer.framework/Versions/A/AppContainer
0x000000004c357000 	/System/Library/PrivateFrameworks/SecCodeWrapper.framework/Versions/A/SecCodeWrapper
0x000000004c357000 	/System/Library/Frameworks/DirectoryService.framework/Versions/A/DirectoryService
0x000000004c357000 	/System/Library/PrivateFrameworks/DiskImages.framework/Versions/A/DiskImages
0x000000004c357000 	/System/Library/PrivateFrameworks/LoginUIKit.framework/Versions/A/Frameworks/LoginUICore.framework/Versions/A/LoginUICore
0x000000004c357000 	/usr/lib/libCoreStorage.dylib
0x000000004c357000 	/usr/lib/libcsfde.dylib
0x000000004c357000 	/usr/lib/libodfde.dylib
0x000000004c357000 	/System/Library/Frameworks/DiscRecording.framework/Versions/A/DiscRecording
0x000000004c357000 	/usr/lib/libcurl.4.dylib
0x000000004c357000 	/System/Library/PrivateFrameworks/MediaKit.framework/Versions/A/MediaKit
0x000000004c357000 	/System/Library/PrivateFrameworks/ProtectedCloudStorage.framework/Versions/A/ProtectedCloudStorage
0x000000004c357000 	/System/Library/PrivateFrameworks/EFILogin.framework/Versions/A/EFILogin
0x000000004c357000 	/usr/lib/libutil.dylib
0x000000004c357000 	/System/Library/Frameworks/LDAP.framework/Versions/A/LDAP
0x000000004c357000 	/usr/lib/libsasl2.2.dylib
0x000000004c357000 	/System/Library/PrivateFrameworks/CoreDaemon.framework/Versions/B/CoreDaemon
0x000000004c357000 	/System/Library/PrivateFrameworks/AppleSRP.framework/Versions/A/AppleSRP
0x000000004c357000 	/System/Library/PrivateFrameworks/APFS.framework/Versions/A/APFS
0x0000000122733000 	/Library/Java/JavaVirtualMachines/jdk1.8.0_121.jdk/Contents/Home/jre/lib/libfontmanager.dylib
0x000000004c357000 	/System/Library/PrivateFrameworks/ViewBridge.framework/Versions/A/ViewBridge
0x000000004c357000 	/System/Library/PrivateFrameworks/XPCService.framework/Versions/A/XPCService
0x000000004c357000 	/System/Library/PrivateFrameworks/AppSandbox.framework/Versions/A/AppSandbox
0x000000004c357000 	/usr/lib/libsandbox.1.dylib
0x000000004c357000 	/usr/lib/libMatch.1.dylib
0x0000000123b6c000 	/Library/Java/JavaVirtualMachines/jdk1.8.0_121.jdk/Contents/Home/jre/lib/libosxui.dylib
0x000000012471a000 	/Library/Java/JavaVirtualMachines/jdk1.8.0_121.jdk/Contents/Home/jre/lib/libnet.dylib
0x0000000124731000 	/Library/Java/JavaVirtualMachines/jdk1.8.0_121.jdk/Contents/Home/jre/lib/libnio.dylib
0x000000012383a000 	/private/var/folders/z5/dkh_k18x6bn8z6w6jj1k7pqm0000gn/T/jogamp_0000/file_cache/jln6134345808778956358/jln2752723062560223317/libgluegen-rt.jnilib
0x0000000124691000 	/private/var/folders/z5/dkh_k18x6bn8z6w6jj1k7pqm0000gn/T/jogamp_0000/file_cache/jln6134345808778956358/jln2752723062560223317/libnativewindow_awt.jnilib
0x000000018cce3000 	/Library/Java/JavaVirtualMachines/jdk1.8.0_121.jdk/Contents/Home/jre/lib/libjawt.dylib
0x000000018cce6000 	/private/var/folders/z5/dkh_k18x6bn8z6w6jj1k7pqm0000gn/T/jogamp_0000/file_cache/jln6134345808778956358/jln2752723062560223317/libnativewindow_macosx.jnilib
0x000000018eb0a000 	/private/var/folders/z5/dkh_k18x6bn8z6w6jj1k7pqm0000gn/T/jogamp_0000/file_cache/jln6134345808778956358/jln2752723062560223317/libjogl_desktop.jnilib
0x000000019131f000 	/Library/Java/JavaVirtualMachines/jdk1.8.0_121.jdk/Contents/Home/jre/lib/libsunec.dylib
0x00000001912c5000 	/Library/Java/JavaVirtualMachines/jdk1.8.0_121.jdk/Contents/Home/jre/lib/libt2k.dylib

VM Arguments:
jvm_args: -Djava.security.policy=java.policy.applet -Dfile.encoding=MacRoman 
java_command: sun.applet.AppletViewer module4.EarthquakeCityMap1523693491199.html
java_class_path (initial): /Users/Mac/Documents/workspace/UCSDUnfoldingMaps/build:/Users/Mac/Documents/workspace/UCSDUnfoldingMaps/lib/core.jar:/Users/Mac/Documents/workspace/UCSDUnfoldingMaps/lib/gluegen-rt.jar:/Users/Mac/Documents/workspace/UCSDUnfoldingMaps/lib/jogl-all.jar:/Users/Mac/Documents/workspace/UCSDUnfoldingMaps/lib/log4j-1.2.15.jar:/Users/Mac/Documents/workspace/UCSDUnfoldingMaps/lib/sqlite-jdbc-3.7.2.jar:/Users/Mac/Documents/workspace/UCSDUnfoldingMaps/lib/json4processing.jar:/Users/Mac/Documents/workspace/UCSDUnfoldingMaps/lib/libTUIO.jar:/Users/Mac/Documents/workspace/UCSDUnfoldingMaps/lib/unfolding.0.9.7-uscd.jar
Launcher Type: SUN_STANDARD

Environment Variables:
PATH=/Library/Frameworks/Python.framework/Versions/3.6/bin:/usr/local/bin:/usr/bin:/bin:/usr/sbin:/sbin:/opt/X11/bin:/Library/Frameworks/Mono.framework/Versions/Current/Commands:/Library/TeX/texbin
SHELL=/bin/bash
DISPLAY=/private/tmp/com.apple.launchd.BfoSnAz3r8/org.macosforge.xquartz:0

Signal Handlers:
SIGSEGV: [libjvm.dylib+0x5b1141], sa_mask[0]=11111111011111110111111111111111, sa_flags=SA_ONSTACK|SA_RESTART|SA_SIGINFO
SIGBUS: [libjvm.dylib+0x5b1141], sa_mask[0]=11111111011111110111111111111111, sa_flags=SA_RESTART|SA_SIGINFO
SIGFPE: [libjvm.dylib+0x487bc4], sa_mask[0]=11111111011111110111111111111111, sa_flags=SA_RESTART|SA_SIGINFO
SIGPIPE: [libjvm.dylib+0x487bc4], sa_mask[0]=11111111011111110111111111111111, sa_flags=SA_RESTART|SA_SIGINFO
SIGXFSZ: [libjvm.dylib+0x487bc4], sa_mask[0]=11111111011111110111111111111111, sa_flags=SA_RESTART|SA_SIGINFO
SIGILL: [libjvm.dylib+0x487bc4], sa_mask[0]=11111111011111110111111111111111, sa_flags=SA_RESTART|SA_SIGINFO
SIGUSR1: SIG_DFL, sa_mask[0]=11011111011111100000000111000110, sa_flags=none
SIGUSR2: [libjvm.dylib+0x4876e2], sa_mask[0]=00100000000000000000000000000000, sa_flags=SA_RESTART|SA_SIGINFO
SIGHUP: [libjvm.dylib+0x485cb9], sa_mask[0]=11111111011111110111111111111111, sa_flags=SA_RESTART|SA_SIGINFO
SIGINT: [libjvm.dylib+0x485cb9], sa_mask[0]=11111111011111110111111111111111, sa_flags=SA_RESTART|SA_SIGINFO
SIGTERM: [libjvm.dylib+0x485cb9], sa_mask[0]=11111111011111110111111111111111, sa_flags=SA_RESTART|SA_SIGINFO
SIGQUIT: [libjvm.dylib+0x485cb9], sa_mask[0]=11111111011111110111111111111111, sa_flags=SA_RESTART|SA_SIGINFO


---------------  S Y S T E M  ---------------

OS:Bsduname:Darwin 16.7.0 Darwin Kernel Version 16.7.0: Thu Jan 11 22:59:40 PST 2018; root:xnu-3789.73.8~1/RELEASE_X86_64 x86_64
rlimit: STACK 8192k, CORE 0k, NPROC 709, NOFILE 10240, AS infinity
load average:2.19 3.00 2.96

CPU:total 4 (2 cores per cpu, 2 threads per core) family 6 model 69 stepping 1, cmov, cx8, fxsr, mmx, sse, sse2, sse3, ssse3, sse4.1, sse4.2, popcnt, avx, avx2, aes, clmul, erms, lzcnt, ht, tsc, tscinvbit, bmi1, bmi2

Memory: 4k page, physical 4194304k(71840k free)

/proc/meminfo:


vm_info: Java HotSpot(TM) 64-Bit Server VM (25.121-b13) for bsd-amd64 JRE (1.8.0_121-b13), built on Dec 12 2016 20:39:32 by "java_re" with gcc 4.2.1 (Based on Apple Inc. build 5658) (LLVM build 2336.11.00)

time: Sat Apr 14 01:11:59 2018
elapsed time: 28 seconds (0d 0h 0m 28s)

