#
# A fatal error has been detected by the Java Runtime Environment:
#
#  SIGSEGV (0xb) at pc=0x00007fffd65f048f, pid=14794, tid=0x0000000000000307
#
# JRE version: Java(TM) SE Runtime Environment (8.0_121-b13) (build 1.8.0_121-b13)
# Java VM: Java HotSpot(TM) 64-Bit Server VM (25.121-b13 mixed mode bsd-amd64 compressed oops)
# Problematic frame:
# C  [libobjc.A.dylib+0x948f]  objc_release+0xf
#
# Failed to write core dump. Core dumps have been disabled. To enable core dumping, try "ulimit -c unlimited" before starting Java again
#
# If you would like to submit a bug report, please visit:
#   http://bugreport.java.com/bugreport/crash.jsp
# The crash happened outside the Java Virtual Machine in native code.
# See problematic frame for where to report the bug.
#

---------------  T H R E A D  ---------------

Current thread (0x00007f885786a800):  JavaThread "AWT-AppKit" daemon [_thread_in_native, id=775, stack(0x00007fff58446000,0x00007fff58c46000)]

siginfo: si_signo: 11 (SIGSEGV), si_code: 0 (unknown), si_addr: 0x0000000000000000

Registers:
RAX=0x0000000000000008, RBX=0x0000000000000000, RCX=0x0000000000000003, RDX=0x00007f8855fb9178
RSP=0x00007fff58c41110, RBP=0x00007fff58c41110, RSI=0x000000010e76afb0, RDI=0x100007f8855fbc70
R8 =0x0000000000000001, R9 =0x0000000000000018, R10=0x000000018bea1840, R11=0x00007f8857673dc0
R12=0x0000000000000000, R13=0x000000018db5bf18, R14=0x00007f885b838a40, R15=0x00007f885786a800
RIP=0x00007fffd65f048f, EFLAGS=0x0000000000010246, ERR=0x0000000000000000
  TRAPNO=0x000000000000000d

Top of Stack: (sp=0x00007fff58c41110)
0x00007fff58c41110:   00007fff58c41140 000000010e6f301b
0x00007fff58c41120:   0000000043e10000 000000018bea1450
0x00007fff58c41130:   000000018bea1440 00007f885786a800
0x00007fff58c41140:   00007fff58c41200 000000018be9f215
0x00007fff58c41150:   000000018bea1700 000000018bea16e0
0x00007fff58c41160:   000000018bea14b0 0000000000000000
0x00007fff58c41170:   000000018db5bf18 000000018db5bf18
0x00007fff58c41180:   00007f8855fb9170 000000018bea16a0
0x00007fff58c41190:   000000018bea1710 00007fffdc6546d0
0x00007fff58c411a0:   00007fffdd2841e0 000000018bea1450
0x00007fff58c411b0:   000000018bea1690 00007f8855fb9170
0x00007fff58c411c0:   00007f885b838a40 00007f8855fe6aa0
0x00007fff58c411d0:   00007f8855fb9170 00007f885b838a40
0x00007fff58c411e0:   00007fff58c41288 00007f885786a9f8
0x00007fff58c411f0:   000000018db5bf18 00007fff58c412b0
0x00007fff58c41200:   00007fff58c41278 000000011332f9f4
0x00007fff58c41210:   000000018db5bf18 00007fff58c412b0
0x00007fff58c41220:   00007fff58c41278 000000011332f787
0x00007fff58c41230:   000000011332f742 00007fff58c41238
0x00007fff58c41240:   000000018db5bf18 00007fff58c412b0
0x00007fff58c41250:   000000018db5eb50 0000000000000000
0x00007fff58c41260:   000000018db5bf18 0000000000000000
0x00007fff58c41270:   00007fff58c41298 00007fff58c412f8
0x00007fff58c41280:   00000001133202bd 0000000780686af8
0x00007fff58c41290:   0000000113329538 00007f8855fb9170
0x00007fff58c412a0:   00007fff58c412f8 00007f885b838a40
0x00007fff58c412b0:   000000011332ae02 00007fff58c412b8
0x00007fff58c412c0:   000000018db5c0e2 00007fff58c41320
0x00007fff58c412d0:   000000018db5eb50 0000000000000000
0x00007fff58c412e0:   000000018db5c0f0 00007fff58c41298
0x00007fff58c412f0:   00007fff58c41308 00007fff58c41368
0x00007fff58c41300:   00000001133202bd 00007f8855fb9170 

Instructions: (pc=0x00007fffd65f048f)
0x00007fffd65f046f:   e9 38 54 00 00 90 90 90 90 90 90 90 90 90 90 90
0x00007fffd65f047f:   90 55 48 89 e5 48 85 ff 74 67 40 f6 c7 01 75 61
0x00007fffd65f048f:   48 8b 07 48 b9 f8 ff ff ff ff 7f 00 00 48 21 c1
0x00007fffd65f049f:   f6 41 20 02 74 58 a8 01 74 49 48 b9 00 00 00 00 

Register to memory mapping:

RAX=0x0000000000000008 is an unknown value
RBX=0x0000000000000000 is an unknown value
RCX=0x0000000000000003 is an unknown value
RDX=0x00007f8855fb9178 is an unknown value
RSP=0x00007fff58c41110 is pointing into the stack for thread: 0x00007f885786a800
RBP=0x00007fff58c41110 is pointing into the stack for thread: 0x00007f885786a800
RSI=0x000000010e76afb0: OBJC_IVAR_$_PrinterView.fCurPeekGraphics+0x1ad0 in /Library/Java/JavaVirtualMachines/jdk1.8.0_121.jdk/Contents/Home/jre/lib/libawt_lwawt.dylib at 0x000000010e6ee000
RDI=0x100007f8855fbc70 is an unknown value
R8 =0x0000000000000001 is an unknown value
R9 =0x0000000000000018 is an unknown value
R10=0x000000018bea1840: OBJC_CLASS_$_MyCALayer+0 in /private/var/folders/z5/dkh_k18x6bn8z6w6jj1k7pqm0000gn/T/jogamp_0000/file_cache/jln3424751297047426456/jln2809037543908533185/libnativewindow_macosx.jnilib at 0x000000018be9a000
R11=0x00007f8857673dc0 is an unknown value
R12=0x0000000000000000 is an unknown value
R13={method} {0x000000018db5bf18} 'UnsetJAWTRootSurfaceLayer0' '(JJ)V' in 'jogamp/nativewindow/jawt/macosx/MacOSXJAWTWindow'
R14=0x00007f885b838a40 is an unknown value
R15=0x00007f885786a800 is a thread


Stack: [0x00007fff58446000,0x00007fff58c46000],  sp=0x00007fff58c41110,  free space=8172k
Native frames: (J=compiled Java code, j=interpreted, Vv=VM code, C=native code)
C  [libobjc.A.dylib+0x948f]  objc_release+0xf
C  [libawt_lwawt.dylib+0x501b]  -[AWTSurfaceLayers setLayer:]+0x54
C  [libnativewindow_macosx.jnilib+0x5215]  Java_jogamp_nativewindow_jawt_macosx_MacOSXJAWTWindow_UnsetJAWTRootSurfaceLayer0+0x1a5
j  jogamp.nativewindow.jawt.macosx.MacOSXJAWTWindow.UnsetJAWTRootSurfaceLayer0(JJ)V+0
j  jogamp.nativewindow.jawt.macosx.MacOSXJAWTWindow.access$200(JJ)V+2
j  jogamp.nativewindow.jawt.macosx.MacOSXJAWTWindow$1.run()V+38
J 1509 C1 com.jogamp.common.util.RunnableTask.run()V (345 bytes) @ 0x00000001138e6e74 [0x00000001138e6ce0+0x194]
v  ~StubRoutines::call_stub
V  [libjvm.dylib+0x2ed9d6]  JavaCalls::call_helper(JavaValue*, methodHandle*, JavaCallArguments*, Thread*)+0x6ae
V  [libjvm.dylib+0x324b65]  jni_invoke_nonstatic(JNIEnv_*, JavaValue*, _jobject*, JNICallType, _jmethodID*, JNI_ArgumentPusher*, Thread*)+0x2ec
V  [libjvm.dylib+0x317333]  jni_CallVoidMethod+0x16b
C  [libnativewindow_macosx.jnilib+0x5326]  Java_jogamp_nativewindow_jawt_macosx_MacOSXJAWTWindow_UnsetJAWTRootSurfaceLayer0+0x2b6
C  [Foundation+0x7152a]  __NSThreadPerformPerform+0x146
C  [CoreFoundation+0xa7321]  __CFRUNLOOP_IS_CALLING_OUT_TO_A_SOURCE0_PERFORM_FUNCTION__+0x11
C  [CoreFoundation+0x88197]  __CFRunLoopDoSources0+0x1a7
C  [CoreFoundation+0x87716]  __CFRunLoopRun+0x3a6
C  [CoreFoundation+0x87114]  CFRunLoopRunSpecific+0x1a4
C  [HIToolbox+0x30ebc]  RunCurrentEventLoopInMode+0xf0
C  [HIToolbox+0x30bf9]  ReceiveNextEventCommon+0xb8
C  [HIToolbox+0x30b26]  _BlockUntilNextEventMatchingListInModeWithFilter+0x47
C  [AppKit+0x46a54]  _DPSNextEvent+0x460
C  [AppKit+0x7c27ee]  -[NSApplication(NSEvent) _nextEventMatchingEventMask:untilDate:inMode:dequeue:]+0xaec
C  [libosxapp.dylib+0x23aa]  -[NSApplicationAWT nextEventMatchingMask:untilDate:inMode:dequeue:]+0x7c
C  [AppKit+0x3b3db]  -[NSApplication run]+0x39e
C  [libosxapp.dylib+0x214d]  +[NSApplicationAWT runAWTLoopWithApp:]+0x9c
C  [libawt_lwawt.dylib+0x45ff7]  -[AWTStarter starter:]+0x389
C  [Foundation+0x7152a]  __NSThreadPerformPerform+0x146
C  [CoreFoundation+0xa7321]  __CFRUNLOOP_IS_CALLING_OUT_TO_A_SOURCE0_PERFORM_FUNCTION__+0x11
C  [CoreFoundation+0x8821d]  __CFRunLoopDoSources0+0x22d
C  [CoreFoundation+0x87716]  __CFRunLoopRun+0x3a6
C  [CoreFoundation+0x87114]  CFRunLoopRunSpecific+0x1a4
C  [java+0x6465]  CreateExecutionEnvironment+0x367
C  [java+0x218c]  JLI_Launch+0x7a0
C  [java+0x84c2]  main+0x65
C  [java+0x19e4]  start+0x34
C  0x0000000000000007

Java frames: (J=compiled Java code, j=interpreted, Vv=VM code)
j  jogamp.nativewindow.jawt.macosx.MacOSXJAWTWindow.UnsetJAWTRootSurfaceLayer0(JJ)V+0
j  jogamp.nativewindow.jawt.macosx.MacOSXJAWTWindow.access$200(JJ)V+2
j  jogamp.nativewindow.jawt.macosx.MacOSXJAWTWindow$1.run()V+38
J 1509 C1 com.jogamp.common.util.RunnableTask.run()V (345 bytes) @ 0x00000001138e6e74 [0x00000001138e6ce0+0x194]
v  ~StubRoutines::call_stub

---------------  P R O C E S S  ---------------

Java Threads: ( => current thread )
  0x00007f885f244800 JavaThread "Thread-49" [_thread_blocked, id=67355, stack(0x000070000d993000,0x000070000da93000)]
  0x00007f88575d6800 JavaThread "Image Fetcher 3" daemon [_thread_blocked, id=76043, stack(0x000070000e025000,0x000070000e125000)]
  0x00007f885d14e000 JavaThread "Image Fetcher 2" daemon [_thread_blocked, id=75523, stack(0x000070000df22000,0x000070000e022000)]
  0x00007f8856c52800 JavaThread "Image Fetcher 1" daemon [_thread_blocked, id=75011, stack(0x000070000de1f000,0x000070000df1f000)]
  0x00007f8857249000 JavaThread "AWT-EventQueue-1" [_thread_in_native, id=69379, stack(0x000070000d78a000,0x000070000d88a000)]
  0x00007f885722d000 JavaThread "Image Fetcher 0" daemon [_thread_blocked, id=68887, stack(0x000070000d687000,0x000070000d787000)]
  0x00007f8857803800 JavaThread "DestroyJavaVM" [_thread_blocked, id=7171, stack(0x000070000c0c2000,0x000070000c1c2000)]
  0x00007f8857a2b000 JavaThread "AWT-EventQueue-0" [_thread_blocked, id=64523, stack(0x000070000d481000,0x000070000d581000)]
  0x00007f88571a7000 JavaThread "Java2D Disposer" daemon [_thread_blocked, id=56335, stack(0x000070000d1f8000,0x000070000d2f8000)]
  0x00007f8857154000 JavaThread "Java2D Queue Flusher" daemon [_thread_blocked, id=47151, stack(0x000070000d0f5000,0x000070000d1f5000)]
  0x00007f88568a9000 JavaThread "AWT-Shutdown" [_thread_blocked, id=29727, stack(0x000070000cf6f000,0x000070000d06f000)]
=>0x00007f885786a800 JavaThread "AWT-AppKit" daemon [_thread_in_native, id=775, stack(0x00007fff58446000,0x00007fff58c46000)]
  0x00007f885705b000 JavaThread "Service Thread" daemon [_thread_blocked, id=18691, stack(0x000070000cce6000,0x000070000cde6000)]
  0x00007f885700d800 JavaThread "C1 CompilerThread2" daemon [_thread_blocked, id=18179, stack(0x000070000cbe3000,0x000070000cce3000)]
  0x00007f8856066000 JavaThread "C2 CompilerThread1" daemon [_thread_blocked, id=17667, stack(0x000070000cae0000,0x000070000cbe0000)]
  0x00007f8856074000 JavaThread "C2 CompilerThread0" daemon [_thread_blocked, id=17155, stack(0x000070000c9dd000,0x000070000cadd000)]
  0x00007f8856010800 JavaThread "Signal Dispatcher" daemon [_thread_blocked, id=16643, stack(0x000070000c8da000,0x000070000c9da000)]
  0x00007f8857804800 JavaThread "Finalizer" daemon [_thread_blocked, id=12547, stack(0x000070000c7d7000,0x000070000c8d7000)]
  0x00007f885682f800 JavaThread "Reference Handler" daemon [_thread_blocked, id=12035, stack(0x000070000c6d4000,0x000070000c7d4000)]

Other Threads:
  0x00007f8856037000 VMThread [stack: 0x000070000c5d1000,0x000070000c6d1000] [id=11523]
  0x00007f8856832800 WatcherThread [stack: 0x000070000cde9000,0x000070000cee9000] [id=19203]

VM state:not at safepoint (normal execution)

VM Mutex/Monitor currently owned by a thread: None

Heap:
 PSYoungGen      total 23552K, used 3740K [0x00000007aab00000, 0x00000007aea80000, 0x00000007c0000000)
  eden space 22528K, 14% used [0x00000007aab00000,0x00000007aae1f2e8,0x00000007ac100000)
  from space 1024K, 53% used [0x00000007ae900000,0x00000007ae988000,0x00000007aea00000)
  to   space 512K, 0% used [0x00000007aea00000,0x00000007aea00000,0x00000007aea80000)
 ParOldGen       total 71168K, used 39512K [0x0000000780000000, 0x0000000784580000, 0x00000007aab00000)
  object space 71168K, 55% used [0x0000000780000000,0x0000000782696228,0x0000000784580000)
 Metaspace       used 22132K, capacity 22415K, committed 22528K, reserved 1069056K
  class space    used 2135K, capacity 2236K, committed 2304K, reserved 1048576K

Card table byte_map: [0x0000000108d62000,0x0000000108f63000] byte_map_base: 0x0000000105162000

Marking Bits: (ParMarkBitMap*) 0x00000001082f0d30
 Begin Bits: [0x0000000108f63000, 0x0000000109f63000)
 End Bits:   [0x0000000109f63000, 0x000000010af63000)

Polling page: 0x000000010707a000

CodeCache: size=245760Kb used=10635Kb max_used=11061Kb free=235124Kb
 bounds [0x0000000113318000, 0x0000000113e38000, 0x0000000122318000]
 total_blobs=4017 nmethods=3119 adapters=811
 compilation: enabled

Compilation events (10 events):
Event: 437.141 Thread 0x00007f8856074000 nmethod 4095 0x000000011391f810 code [0x000000011391f960, 0x000000011391fb18]
Event: 437.147 Thread 0x00007f885700d800 4096  s    3       sun.font.FontAccess::getFontAccess (4 bytes)
Event: 437.147 Thread 0x00007f885700d800 nmethod 4096 0x00000001138d6e50 code [0x00000001138d6fc0, 0x00000001138d7270]
Event: 437.155 Thread 0x00007f885700d800 4097       3       java.awt.Component::contains (7 bytes)
Event: 437.155 Thread 0x00007f885700d800 nmethod 4097 0x0000000113b0c490 code [0x0000000113b0c600, 0x0000000113b0c930]
Event: 437.158 Thread 0x00007f8856066000 nmethod 4093 0x00000001137a1550 code [0x00000001137a17c0, 0x00000001137a2990]
Event: 437.306 Thread 0x00007f885700d800 4098       3       java.lang.invoke.DirectMethodHandle::internalMemberName (8 bytes)
Event: 437.307 Thread 0x00007f885700d800 nmethod 4098 0x0000000113c7d010 code [0x0000000113c7d180, 0x0000000113c7d3b0]
Event: 437.336 Thread 0x00007f8856074000 4099       4       sun.font.FontDesignMetrics::getLatinCharWidth (29 bytes)
Event: 437.338 Thread 0x00007f8856074000 nmethod 4099 0x00000001138d6a50 code [0x00000001138d6be0, 0x00000001138d6d08]

GC Heap History (10 events):
Event: 435.410 GC heap before
{Heap before GC invocations=487 (full 2):
 PSYoungGen      total 23040K, used 22880K [0x00000007aab00000, 0x00000007aeb80000, 0x00000007c0000000)
  eden space 22528K, 100% used [0x00000007aab00000,0x00000007ac100000,0x00000007ac100000)
  from space 512K, 68% used [0x00000007aeb00000,0x00000007aeb58000,0x00000007aeb80000)
  to   space 1024K, 0% used [0x00000007ae980000,0x00000007ae980000,0x00000007aea80000)
 ParOldGen       total 71168K, used 39472K [0x0000000780000000, 0x0000000784580000, 0x00000007aab00000)
  object space 71168K, 55% used [0x0000000780000000,0x000000078268c228,0x0000000784580000)
 Metaspace       used 22096K, capacity 22383K, committed 22528K, reserved 1069056K
  class space    used 2128K, capacity 2204K, committed 2304K, reserved 1048576K
Event: 435.412 GC heap after
Heap after GC invocations=487 (full 2):
 PSYoungGen      total 23552K, used 384K [0x00000007aab00000, 0x00000007aeb80000, 0x00000007c0000000)
  eden space 22528K, 0% used [0x00000007aab00000,0x00000007aab00000,0x00000007ac100000)
  from space 1024K, 37% used [0x00000007ae980000,0x00000007ae9e0000,0x00000007aea80000)
  to   space 1024K, 0% used [0x00000007aea80000,0x00000007aea80000,0x00000007aeb80000)
 ParOldGen       total 71168K, used 39480K [0x0000000780000000, 0x0000000784580000, 0x00000007aab00000)
  object space 71168K, 55% used [0x0000000780000000,0x000000078268e228,0x0000000784580000)
 Metaspace       used 22096K, capacity 22383K, committed 22528K, reserved 1069056K
  class space    used 2128K, capacity 2204K, committed 2304K, reserved 1048576K
}
Event: 435.783 GC heap before
{Heap before GC invocations=488 (full 2):
 PSYoungGen      total 23552K, used 22912K [0x00000007aab00000, 0x00000007aeb80000, 0x00000007c0000000)
  eden space 22528K, 100% used [0x00000007aab00000,0x00000007ac100000,0x00000007ac100000)
  from space 1024K, 37% used [0x00000007ae980000,0x00000007ae9e0000,0x00000007aea80000)
  to   space 1024K, 0% used [0x00000007aea80000,0x00000007aea80000,0x00000007aeb80000)
 ParOldGen       total 71168K, used 39480K [0x0000000780000000, 0x0000000784580000, 0x00000007aab00000)
  object space 71168K, 55% used [0x0000000780000000,0x000000078268e228,0x0000000784580000)
 Metaspace       used 22096K, capacity 22383K, committed 22528K, reserved 1069056K
  class space    used 2128K, capacity 2204K, committed 2304K, reserved 1048576K
Event: 435.785 GC heap after
Heap after GC invocations=488 (full 2):
 PSYoungGen      total 23040K, used 416K [0x00000007aab00000, 0x00000007aeb00000, 0x00000007c0000000)
  eden space 22528K, 0% used [0x00000007aab00000,0x00000007aab00000,0x00000007ac100000)
  from space 512K, 81% used [0x00000007aea80000,0x00000007aeae8000,0x00000007aeb00000)
  to   space 1024K, 0% used [0x00000007ae900000,0x00000007ae900000,0x00000007aea00000)
 ParOldGen       total 71168K, used 39488K [0x0000000780000000, 0x0000000784580000, 0x00000007aab00000)
  object space 71168K, 55% used [0x0000000780000000,0x0000000782690228,0x0000000784580000)
 Metaspace       used 22096K, capacity 22383K, committed 22528K, reserved 1069056K
  class space    used 2128K, capacity 2204K, committed 2304K, reserved 1048576K
}
Event: 436.218 GC heap before
{Heap before GC invocations=489 (full 2):
 PSYoungGen      total 23040K, used 22944K [0x00000007aab00000, 0x00000007aeb00000, 0x00000007c0000000)
  eden space 22528K, 100% used [0x00000007aab00000,0x00000007ac100000,0x00000007ac100000)
  from space 512K, 81% used [0x00000007aea80000,0x00000007aeae8000,0x00000007aeb00000)
  to   space 1024K, 0% used [0x00000007ae900000,0x00000007ae900000,0x00000007aea00000)
 ParOldGen       total 71168K, used 39488K [0x0000000780000000, 0x0000000784580000, 0x00000007aab00000)
  object space 71168K, 55% used [0x0000000780000000,0x0000000782690228,0x0000000784580000)
 Metaspace       used 22096K, capacity 22383K, committed 22528K, reserved 1069056K
  class space    used 2128K, capacity 2204K, committed 2304K, reserved 1048576K
Event: 436.219 GC heap after
Heap after GC invocations=489 (full 2):
 PSYoungGen      total 23552K, used 512K [0x00000007aab00000, 0x00000007aeb00000, 0x00000007c0000000)
  eden space 22528K, 0% used [0x00000007aab00000,0x00000007aab00000,0x00000007ac100000)
  from space 1024K, 50% used [0x00000007ae900000,0x00000007ae980000,0x00000007aea00000)
  to   space 1024K, 0% used [0x00000007aea00000,0x00000007aea00000,0x00000007aeb00000)
 ParOldGen       total 71168K, used 39496K [0x0000000780000000, 0x0000000784580000, 0x00000007aab00000)
  object space 71168K, 55% used [0x0000000780000000,0x0000000782692228,0x0000000784580000)
 Metaspace       used 22096K, capacity 22383K, committed 22528K, reserved 1069056K
  class space    used 2128K, capacity 2204K, committed 2304K, reserved 1048576K
}
Event: 436.756 GC heap before
{Heap before GC invocations=490 (full 2):
 PSYoungGen      total 23552K, used 23040K [0x00000007aab00000, 0x00000007aeb00000, 0x00000007c0000000)
  eden space 22528K, 100% used [0x00000007aab00000,0x00000007ac100000,0x00000007ac100000)
  from space 1024K, 50% used [0x00000007ae900000,0x00000007ae980000,0x00000007aea00000)
  to   space 1024K, 0% used [0x00000007aea00000,0x00000007aea00000,0x00000007aeb00000)
 ParOldGen       total 71168K, used 39496K [0x0000000780000000, 0x0000000784580000, 0x00000007aab00000)
  object space 71168K, 55% used [0x0000000780000000,0x0000000782692228,0x0000000784580000)
 Metaspace       used 22096K, capacity 22383K, committed 22528K, reserved 1069056K
  class space    used 2128K, capacity 2204K, committed 2304K, reserved 1048576K
Event: 436.759 GC heap after
Heap after GC invocations=490 (full 2):
 PSYoungGen      total 23552K, used 576K [0x00000007aab00000, 0x00000007aeb00000, 0x00000007c0000000)
  eden space 22528K, 0% used [0x00000007aab00000,0x00000007aab00000,0x00000007ac100000)
  from space 1024K, 56% used [0x00000007aea00000,0x00000007aea90000,0x00000007aeb00000)
  to   space 1024K, 0% used [0x00000007ae900000,0x00000007ae900000,0x00000007aea00000)
 ParOldGen       total 71168K, used 39504K [0x0000000780000000, 0x0000000784580000, 0x00000007aab00000)
  object space 71168K, 55% used [0x0000000780000000,0x0000000782694228,0x0000000784580000)
 Metaspace       used 22096K, capacity 22383K, committed 22528K, reserved 1069056K
  class space    used 2128K, capacity 2204K, committed 2304K, reserved 1048576K
}
Event: 437.237 GC heap before
{Heap before GC invocations=491 (full 2):
 PSYoungGen      total 23552K, used 23104K [0x00000007aab00000, 0x00000007aeb00000, 0x00000007c0000000)
  eden space 22528K, 100% used [0x00000007aab00000,0x00000007ac100000,0x00000007ac100000)
  from space 1024K, 56% used [0x00000007aea00000,0x00000007aea90000,0x00000007aeb00000)
  to   space 1024K, 0% used [0x00000007ae900000,0x00000007ae900000,0x00000007aea00000)
 ParOldGen       total 71168K, used 39504K [0x0000000780000000, 0x0000000784580000, 0x00000007aab00000)
  object space 71168K, 55% used [0x0000000780000000,0x0000000782694228,0x0000000784580000)
 Metaspace       used 22107K, capacity 22415K, committed 22528K, reserved 1069056K
  class space    used 2130K, capacity 2236K, committed 2304K, reserved 1048576K
Event: 437.239 GC heap after
Heap after GC invocations=491 (full 2):
 PSYoungGen      total 23552K, used 544K [0x00000007aab00000, 0x00000007aea80000, 0x00000007c0000000)
  eden space 22528K, 0% used [0x00000007aab00000,0x00000007aab00000,0x00000007ac100000)
  from space 1024K, 53% used [0x00000007ae900000,0x00000007ae988000,0x00000007aea00000)
  to   space 512K, 0% used [0x00000007aea00000,0x00000007aea00000,0x00000007aea80000)
 ParOldGen       total 71168K, used 39512K [0x0000000780000000, 0x0000000784580000, 0x00000007aab00000)
  object space 71168K, 55% used [0x0000000780000000,0x0000000782696228,0x0000000784580000)
 Metaspace       used 22107K, capacity 22415K, committed 22528K, reserved 1069056K
  class space    used 2130K, capacity 2236K, committed 2304K, reserved 1048576K
}

Deoptimization events (10 events):
Event: 437.082 Thread 0x00007f8857a2b000 Uncommon trap: reason=unstable_if action=reinterpret pc=0x0000000113b06500 method=sun.lwawt.LWContainerPeer.cutChildren(Lsun/java2d/pipe/Region;Lsun/lwawt/LWComponentPeer;)Lsun/java2d/pipe/Region; @ 67
Event: 437.082 Thread 0x00007f8857249000 Uncommon trap: reason=unstable_if action=reinterpret pc=0x000000011399de68 method=com.jogamp.common.util.VersionNumber.compareTo(Lcom/jogamp/common/util/VersionNumber;)I @ 21
Event: 437.082 Thread 0x00007f885786a800 Uncommon trap: reason=unstable_if action=reinterpret pc=0x0000000113487544 method=sun.lwawt.LWComponentPeer.findPeerAt(II)Lsun/lwawt/LWComponentPeer; @ 15
Event: 437.082 Thread 0x00007f8857a2b000 Uncommon trap: reason=unstable_if action=reinterpret pc=0x000000011374486c method=sun.java2d.SunGraphics2D.validateCompClip()V @ 9
Event: 437.090 Thread 0x00007f8857249000 Uncommon trap: reason=unstable_if action=reinterpret pc=0x0000000113b9f910 method=java.awt.EventQueue.getPriority(Ljava/awt/AWTEvent;)I @ 22
Event: 437.090 Thread 0x00007f8857249000 Uncommon trap: reason=unstable_if action=reinterpret pc=0x0000000113b4a7c4 method=java.awt.EventQueue.uncacheEQItem(Lsun/awt/EventQueueItem;)V @ 23
Event: 437.145 Thread 0x00007f8857a2b000 Uncommon trap: reason=unstable_if action=reinterpret pc=0x0000000113e0d918 method=sun.java2d.pipe.Region.intersectsQuickCheck(Lsun/java2d/pipe/Region;)Z @ 41
Event: 437.145 Thread 0x00007f8857a2b000 Uncommon trap: reason=unstable_if action=reinterpret pc=0x0000000113c1c214 method=java.awt.Font.equals(Ljava/lang/Object;)Z @ 2
Event: 437.334 Thread 0x00007f8857249000 Uncommon trap: reason=unstable_if action=reinterpret pc=0x0000000113ad6328 method=java.security.AccessControlContext.optimize()Ljava/security/AccessControlContext; @ 233
Event: 437.334 Thread 0x00007f8857249000 Uncommon trap: reason=unstable_if action=reinterpret pc=0x0000000113531064 method=java.awt.Component.getToolkitImpl()Ljava/awt/Toolkit; @ 6

Internal exceptions (10 events):
Event: 0.251 Thread 0x00007f8857803800 Exception <a 'java/lang/NoSuchFieldError': method resolution failed> (0x00000007aacd61a8) thrown at [/Users/java_re/workspace/8-2-build-macosx-x86_64/jdk8u121/8372/hotspot/src/share/vm/prims/methodHandles.cpp, line 1146]
Event: 0.507 Thread 0x00007f8857803800 Exception <a 'java/io/FileNotFoundException'> (0x00000007aad52d98) thrown at [/Users/java_re/workspace/8-2-build-macosx-x86_64/jdk8u121/8372/hotspot/src/share/vm/prims/jni.cpp, line 709]
Event: 0.507 Thread 0x00007f8857803800 Exception <a 'java/io/FileNotFoundException'> (0x00000007aad538e8) thrown at [/Users/java_re/workspace/8-2-build-macosx-x86_64/jdk8u121/8372/hotspot/src/share/vm/prims/jni.cpp, line 709]
Event: 0.687 Thread 0x00007f8857803800 Exception <a 'java/io/FileNotFoundException'> (0x00000007aae8c378) thrown at [/Users/java_re/workspace/8-2-build-macosx-x86_64/jdk8u121/8372/hotspot/src/share/vm/prims/jni.cpp, line 709]
Event: 4.349 Thread 0x00007f8857804800 Exception <a 'java/lang/NullPointerException'> (0x00000007aab83428) thrown at [/Users/java_re/workspace/8-2-build-macosx-x86_64/jdk8u121/8372/hotspot/src/share/vm/interpreter/linkResolver.cpp, line 1178]
Event: 4.474 Thread 0x00007f8857232000 Exception <a 'java/lang/UnsatisfiedLinkError': com.jogamp.common.util.JarUtil.fixNativeLibAttribs(Ljava/lang/String;)Z> (0x00000007aaf7f470) thrown at [/Users/java_re/workspace/8-2-build-macosx-x86_64/jdk8u121/8372/hotspot/src/share/vm/prims/nativeLookup.
Event: 6.076 Thread 0x00007f8857249000 Exception <a 'java/io/FileNotFoundException'> (0x00000007ab18b9b0) thrown at [/Users/java_re/workspace/8-2-build-macosx-x86_64/jdk8u121/8372/hotspot/src/share/vm/prims/jni.cpp, line 709]
Event: 6.077 Thread 0x00007f8857249000 Exception <a 'java/io/FileNotFoundException'> (0x00000007ab191b88) thrown at [/Users/java_re/workspace/8-2-build-macosx-x86_64/jdk8u121/8372/hotspot/src/share/vm/prims/jni.cpp, line 709]
Event: 6.077 Thread 0x00007f8857249000 Implicit null exception at 0x00000001134d93f6 to 0x00000001134d97c5
Event: 9.124 Thread 0x00007f8857249000 Implicit null exception at 0x00000001136cd586 to 0x00000001136cd7cd

Events (10 events):
Event: 437.335 Executing VM operation: Deoptimize done
Event: 437.335 loading class java/awt/Toolkit$ToolkitEventMulticaster
Event: 437.335 loading class java/awt/Toolkit$ToolkitEventMulticaster done
Event: 437.336 Executing VM operation: RevokeBias
Event: 437.336 Executing VM operation: RevokeBias done
Event: 437.338 Thread 0x00007f8856074000 flushing nmethod 0x0000000113908650
Event: 437.338 Thread 0x00007f8856074000 flushing nmethod 0x0000000113922710
Event: 437.339 Thread 0x00007f88579eb800 Thread exited: 0x00007f88579eb800
Event: 437.341 loading class java/awt/Window$1DisposeAction
Event: 437.341 loading class java/awt/Window$1DisposeAction done


Dynamic libraries:
0x000000004c357000 	/System/Library/Frameworks/Cocoa.framework/Versions/A/Cocoa
0x000000004c357000 	/System/Library/Frameworks/Security.framework/Versions/A/Security
0x000000004c357000 	/System/Library/Frameworks/ApplicationServices.framework/Versions/A/ApplicationServices
0x000000004c357000 	/usr/lib/libz.1.dylib
0x000000004c357000 	/usr/lib/libSystem.B.dylib
0x000000004c357000 	/usr/lib/libobjc.A.dylib
0x000000004c357000 	/System/Library/Frameworks/CoreFoundation.framework/Versions/A/CoreFoundation
0x000000004c357000 	/System/Library/Frameworks/Foundation.framework/Versions/C/Foundation
0x000000004c357000 	/System/Library/Frameworks/AppKit.framework/Versions/C/AppKit
0x000000004c357000 	/System/Library/Frameworks/CoreData.framework/Versions/A/CoreData
0x000000004c357000 	/System/Library/PrivateFrameworks/RemoteViewServices.framework/Versions/A/RemoteViewServices
0x000000004c357000 	/System/Library/PrivateFrameworks/UIFoundation.framework/Versions/A/UIFoundation
0x000000004c357000 	/System/Library/PrivateFrameworks/DFRFoundation.framework/Versions/A/DFRFoundation
0x000000004c357000 	/usr/lib/libenergytrace.dylib
0x000000004c357000 	/System/Library/PrivateFrameworks/SkyLight.framework/Versions/A/SkyLight
0x000000004c357000 	/System/Library/Frameworks/CoreGraphics.framework/Versions/A/CoreGraphics
0x000000004c357000 	/usr/lib/libScreenReader.dylib
0x000000004c357000 	/System/Library/Frameworks/Accelerate.framework/Versions/A/Accelerate
0x000000004c357000 	/System/Library/Frameworks/IOSurface.framework/Versions/A/IOSurface
0x000000004c357000 	/System/Library/Frameworks/AudioToolbox.framework/Versions/A/AudioToolbox
0x000000004c357000 	/System/Library/Frameworks/AudioUnit.framework/Versions/A/AudioUnit
0x000000004c357000 	/System/Library/PrivateFrameworks/DataDetectorsCore.framework/Versions/A/DataDetectorsCore
0x000000004c357000 	/System/Library/PrivateFrameworks/DesktopServicesPriv.framework/Versions/A/DesktopServicesPriv
0x000000004c357000 	/System/Library/Frameworks/Carbon.framework/Versions/A/Frameworks/HIToolbox.framework/Versions/A/HIToolbox
0x000000004c357000 	/usr/lib/libicucore.A.dylib
0x000000004c357000 	/System/Library/Frameworks/QuartzCore.framework/Versions/A/QuartzCore
0x000000004c357000 	/System/Library/Frameworks/Carbon.framework/Versions/A/Frameworks/SpeechRecognition.framework/Versions/A/SpeechRecognition
0x000000004c357000 	/usr/lib/libauto.dylib
0x000000004c357000 	/usr/lib/libxml2.2.dylib
0x000000004c357000 	/System/Library/PrivateFrameworks/CoreUI.framework/Versions/A/CoreUI
0x000000004c357000 	/System/Library/Frameworks/CoreAudio.framework/Versions/A/CoreAudio
0x000000004c357000 	/System/Library/Frameworks/DiskArbitration.framework/Versions/A/DiskArbitration
0x000000004c357000 	/usr/lib/liblangid.dylib
0x000000004c357000 	/System/Library/PrivateFrameworks/MultitouchSupport.framework/Versions/A/MultitouchSupport
0x000000004c357000 	/System/Library/Frameworks/IOKit.framework/Versions/A/IOKit
0x000000004c357000 	/usr/lib/libDiagnosticMessagesClient.dylib
0x000000004c357000 	/System/Library/Frameworks/CoreServices.framework/Versions/A/CoreServices
0x000000004c357000 	/System/Library/PrivateFrameworks/PerformanceAnalysis.framework/Versions/A/PerformanceAnalysis
0x000000004c357000 	/System/Library/PrivateFrameworks/GenerationalStorage.framework/Versions/A/GenerationalStorage
0x000000004c357000 	/System/Library/Frameworks/OpenGL.framework/Versions/A/OpenGL
0x000000004c357000 	/System/Library/Frameworks/CoreImage.framework/Versions/A/CoreImage
0x000000004c357000 	/System/Library/Frameworks/CoreText.framework/Versions/A/CoreText
0x000000004c357000 	/System/Library/Frameworks/ImageIO.framework/Versions/A/ImageIO
0x000000004c357000 	/System/Library/PrivateFrameworks/Backup.framework/Versions/A/Backup
0x000000004c357000 	/usr/lib/libarchive.2.dylib
0x000000004c357000 	/System/Library/Frameworks/CFNetwork.framework/Versions/A/CFNetwork
0x000000004c357000 	/System/Library/Frameworks/SystemConfiguration.framework/Versions/A/SystemConfiguration
0x000000004c357000 	/usr/lib/libCRFSuite.dylib
0x000000004c357000 	/usr/lib/libc++.1.dylib
0x000000004c357000 	/usr/lib/libc++abi.dylib
0x000000004c357000 	/usr/lib/system/libcache.dylib
0x000000004c357000 	/usr/lib/system/libcommonCrypto.dylib
0x000000004c357000 	/usr/lib/system/libcompiler_rt.dylib
0x000000004c357000 	/usr/lib/system/libcopyfile.dylib
0x000000004c357000 	/usr/lib/system/libcorecrypto.dylib
0x000000004c357000 	/usr/lib/system/libdispatch.dylib
0x000000004c357000 	/usr/lib/system/libdyld.dylib
0x000000004c357000 	/usr/lib/system/libkeymgr.dylib
0x000000004c357000 	/usr/lib/system/liblaunch.dylib
0x000000004c357000 	/usr/lib/system/libmacho.dylib
0x000000004c357000 	/usr/lib/system/libquarantine.dylib
0x000000004c357000 	/usr/lib/system/libremovefile.dylib
0x000000004c357000 	/usr/lib/system/libsystem_asl.dylib
0x000000004c357000 	/usr/lib/system/libsystem_blocks.dylib
0x000000004c357000 	/usr/lib/system/libsystem_c.dylib
0x000000004c357000 	/usr/lib/system/libsystem_configuration.dylib
0x000000004c357000 	/usr/lib/system/libsystem_coreservices.dylib
0x000000004c357000 	/usr/lib/system/libsystem_coretls.dylib
0x000000004c357000 	/usr/lib/system/libsystem_dnssd.dylib
0x000000004c357000 	/usr/lib/system/libsystem_info.dylib
0x000000004c357000 	/usr/lib/system/libsystem_kernel.dylib
0x000000004c357000 	/usr/lib/system/libsystem_m.dylib
0x000000004c357000 	/usr/lib/system/libsystem_malloc.dylib
0x000000004c357000 	/usr/lib/system/libsystem_network.dylib
0x000000004c357000 	/usr/lib/system/libsystem_networkextension.dylib
0x000000004c357000 	/usr/lib/system/libsystem_notify.dylib
0x000000004c357000 	/usr/lib/system/libsystem_platform.dylib
0x000000004c357000 	/usr/lib/system/libsystem_pthread.dylib
0x000000004c357000 	/usr/lib/system/libsystem_sandbox.dylib
0x000000004c357000 	/usr/lib/system/libsystem_secinit.dylib
0x000000004c357000 	/usr/lib/system/libsystem_symptoms.dylib
0x000000004c357000 	/usr/lib/system/libsystem_trace.dylib
0x000000004c357000 	/usr/lib/system/libunwind.dylib
0x000000004c357000 	/usr/lib/system/libxpc.dylib
0x000000004c357000 	/usr/lib/libbsm.0.dylib
0x000000004c357000 	/usr/lib/system/libkxld.dylib
0x000000004c357000 	/usr/lib/libcoretls.dylib
0x000000004c357000 	/usr/lib/libcoretls_cfhelpers.dylib
0x000000004c357000 	/usr/lib/libOpenScriptingUtil.dylib
0x000000004c357000 	/usr/lib/libpam.2.dylib
0x000000004c357000 	/usr/lib/libsqlite3.dylib
0x000000004c357000 	/usr/lib/libxar.1.dylib
0x000000004c357000 	/usr/lib/libbz2.1.0.dylib
0x000000004c357000 	/usr/lib/liblzma.5.dylib
0x000000004c357000 	/usr/lib/libnetwork.dylib
0x000000004c357000 	/usr/lib/libpcap.A.dylib
0x000000004c357000 	/System/Library/Frameworks/CoreServices.framework/Versions/A/Frameworks/FSEvents.framework/Versions/A/FSEvents
0x000000004c357000 	/System/Library/Frameworks/CoreServices.framework/Versions/A/Frameworks/CarbonCore.framework/Versions/A/CarbonCore
0x000000004c357000 	/System/Library/Frameworks/CoreServices.framework/Versions/A/Frameworks/Metadata.framework/Versions/A/Metadata
0x000000004c357000 	/System/Library/Frameworks/CoreServices.framework/Versions/A/Frameworks/OSServices.framework/Versions/A/OSServices
0x000000004c357000 	/System/Library/Frameworks/CoreServices.framework/Versions/A/Frameworks/SearchKit.framework/Versions/A/SearchKit
0x000000004c357000 	/System/Library/Frameworks/CoreServices.framework/Versions/A/Frameworks/AE.framework/Versions/A/AE
0x000000004c357000 	/System/Library/Frameworks/CoreServices.framework/Versions/A/Frameworks/LaunchServices.framework/Versions/A/LaunchServices
0x000000004c357000 	/System/Library/Frameworks/CoreServices.framework/Versions/A/Frameworks/DictionaryServices.framework/Versions/A/DictionaryServices
0x000000004c357000 	/System/Library/Frameworks/CoreServices.framework/Versions/A/Frameworks/SharedFileList.framework/Versions/A/SharedFileList
0x000000004c357000 	/System/Library/Frameworks/NetFS.framework/Versions/A/NetFS
0x000000004c357000 	/System/Library/PrivateFrameworks/NetAuth.framework/Versions/A/NetAuth
0x000000004c357000 	/System/Library/PrivateFrameworks/login.framework/Versions/A/Frameworks/loginsupport.framework/Versions/A/loginsupport
0x000000004c357000 	/System/Library/PrivateFrameworks/TCC.framework/Versions/A/TCC
0x000000004c357000 	/usr/lib/libmecabra.dylib
0x000000004c357000 	/System/Library/Frameworks/ApplicationServices.framework/Versions/A/Frameworks/ATS.framework/Versions/A/ATS
0x000000004c357000 	/System/Library/Frameworks/ApplicationServices.framework/Versions/A/Frameworks/ColorSync.framework/Versions/A/ColorSync
0x000000004c357000 	/System/Library/Frameworks/ApplicationServices.framework/Versions/A/Frameworks/HIServices.framework/Versions/A/HIServices
0x000000004c357000 	/System/Library/Frameworks/ApplicationServices.framework/Versions/A/Frameworks/LangAnalysis.framework/Versions/A/LangAnalysis
0x000000004c357000 	/System/Library/Frameworks/ApplicationServices.framework/Versions/A/Frameworks/PrintCore.framework/Versions/A/PrintCore
0x000000004c357000 	/System/Library/Frameworks/ApplicationServices.framework/Versions/A/Frameworks/QD.framework/Versions/A/QD
0x000000004c357000 	/System/Library/Frameworks/ApplicationServices.framework/Versions/A/Frameworks/SpeechSynthesis.framework/Versions/A/SpeechSynthesis
0x000000004c357000 	/System/Library/Frameworks/Accelerate.framework/Versions/A/Frameworks/vImage.framework/Versions/A/vImage
0x000000004c357000 	/System/Library/Frameworks/Accelerate.framework/Versions/A/Frameworks/vecLib.framework/Versions/A/vecLib
0x000000004c357000 	/System/Library/Frameworks/Accelerate.framework/Versions/A/Frameworks/vecLib.framework/Versions/A/libvDSP.dylib
0x000000004c357000 	/System/Library/Frameworks/Accelerate.framework/Versions/A/Frameworks/vecLib.framework/Versions/A/libBNNS.dylib
0x000000004c357000 	/System/Library/Frameworks/Accelerate.framework/Versions/A/Frameworks/vecLib.framework/Versions/A/libQuadrature.dylib
0x000000004c357000 	/System/Library/Frameworks/Accelerate.framework/Versions/A/Frameworks/vecLib.framework/Versions/A/libvMisc.dylib
0x000000004c357000 	/System/Library/Frameworks/Accelerate.framework/Versions/A/Frameworks/vecLib.framework/Versions/A/libLAPACK.dylib
0x000000004c357000 	/System/Library/Frameworks/Accelerate.framework/Versions/A/Frameworks/vecLib.framework/Versions/A/libBLAS.dylib
0x000000004c357000 	/System/Library/Frameworks/Accelerate.framework/Versions/A/Frameworks/vecLib.framework/Versions/A/libLinearAlgebra.dylib
0x000000004c357000 	/System/Library/Frameworks/Accelerate.framework/Versions/A/Frameworks/vecLib.framework/Versions/A/libSparseBLAS.dylib
0x000000004c357000 	/System/Library/Frameworks/ApplicationServices.framework/Versions/A/Frameworks/ATS.framework/Versions/A/Resources/libFontParser.dylib
0x000000004c357000 	/System/Library/Frameworks/ApplicationServices.framework/Versions/A/Frameworks/ATS.framework/Versions/A/Resources/libFontRegistry.dylib
0x000000004c357000 	/System/Library/Frameworks/ImageIO.framework/Versions/A/Resources/libJPEG.dylib
0x000000004c357000 	/System/Library/Frameworks/ImageIO.framework/Versions/A/Resources/libTIFF.dylib
0x000000004c357000 	/System/Library/Frameworks/ImageIO.framework/Versions/A/Resources/libPng.dylib
0x000000004c357000 	/System/Library/Frameworks/ImageIO.framework/Versions/A/Resources/libGIF.dylib
0x000000004c357000 	/System/Library/Frameworks/ImageIO.framework/Versions/A/Resources/libJP2.dylib
0x000000004c357000 	/System/Library/Frameworks/ImageIO.framework/Versions/A/Resources/libRadiance.dylib
0x000000004c357000 	/usr/lib/libcompression.dylib
0x000000004c357000 	/System/Library/PrivateFrameworks/AppleJPEG.framework/Versions/A/AppleJPEG
0x000000004c357000 	/usr/lib/libcups.2.dylib
0x000000004c357000 	/System/Library/Frameworks/Kerberos.framework/Versions/A/Kerberos
0x000000004c357000 	/System/Library/Frameworks/GSS.framework/Versions/A/GSS
0x000000004c357000 	/usr/lib/libresolv.9.dylib
0x000000004c357000 	/usr/lib/libiconv.2.dylib
0x000000004c357000 	/System/Library/PrivateFrameworks/Heimdal.framework/Versions/A/Heimdal
0x000000004c357000 	/usr/lib/libheimdal-asn1.dylib
0x000000004c357000 	/System/Library/Frameworks/OpenDirectory.framework/Versions/A/OpenDirectory
0x000000004c357000 	/System/Library/PrivateFrameworks/CommonAuth.framework/Versions/A/CommonAuth
0x000000004c357000 	/System/Library/Frameworks/OpenDirectory.framework/Versions/A/Frameworks/CFOpenDirectory.framework/Versions/A/CFOpenDirectory
0x000000004c357000 	/System/Library/Frameworks/SecurityFoundation.framework/Versions/A/SecurityFoundation
0x000000004c357000 	/System/Library/PrivateFrameworks/LanguageModeling.framework/Versions/A/LanguageModeling
0x000000004c357000 	/usr/lib/libmarisa.dylib
0x000000004c357000 	/usr/lib/libChineseTokenizer.dylib
0x000000004c357000 	/usr/lib/libcmph.dylib
0x000000004c357000 	/System/Library/PrivateFrameworks/CoreEmoji.framework/Versions/A/CoreEmoji
0x000000004c357000 	/System/Library/Frameworks/ServiceManagement.framework/Versions/A/ServiceManagement
0x000000004c357000 	/usr/lib/libxslt.1.dylib
0x000000004c357000 	/System/Library/Frameworks/Carbon.framework/Versions/A/Frameworks/Ink.framework/Versions/A/Ink
0x000000004c357000 	/System/Library/PrivateFrameworks/TextureIO.framework/Versions/A/TextureIO
0x000000004c357000 	/System/Library/Frameworks/Metal.framework/Versions/A/Metal
0x000000004c357000 	/usr/lib/libate.dylib
0x000000004c357000 	/System/Library/PrivateFrameworks/GPUCompiler.framework/libmetal_timestamp.dylib
0x000000004c357000 	/System/Library/Frameworks/OpenGL.framework/Versions/A/Libraries/libCoreFSCache.dylib
0x000000004c357000 	/System/Library/PrivateFrameworks/IOAccelerator.framework/Versions/A/IOAccelerator
0x000000004c357000 	/System/Library/Frameworks/CoreVideo.framework/Versions/A/CoreVideo
0x000000004c357000 	/usr/lib/libFosl_dynamic.dylib
0x000000004c357000 	/System/Library/PrivateFrameworks/MetalPerformanceShaders.framework/Versions/A/MetalPerformanceShaders
0x000000004c357000 	/System/Library/PrivateFrameworks/FaceCore.framework/Versions/A/FaceCore
0x000000004c357000 	/System/Library/Frameworks/OpenCL.framework/Versions/A/OpenCL
0x000000004c357000 	/System/Library/Frameworks/OpenGL.framework/Versions/A/Libraries/libGLU.dylib
0x000000004c357000 	/System/Library/Frameworks/OpenGL.framework/Versions/A/Libraries/libGFXShared.dylib
0x000000004c357000 	/System/Library/Frameworks/OpenGL.framework/Versions/A/Libraries/libGL.dylib
0x000000004c357000 	/System/Library/Frameworks/OpenGL.framework/Versions/A/Libraries/libGLImage.dylib
0x000000004c357000 	/System/Library/Frameworks/OpenGL.framework/Versions/A/Libraries/libCVMSPluginSupport.dylib
0x000000004c357000 	/System/Library/Frameworks/OpenGL.framework/Versions/A/Libraries/libCoreVMClient.dylib
0x000000004c357000 	/System/Library/PrivateFrameworks/CrashReporterSupport.framework/Versions/A/CrashReporterSupport
0x000000004c357000 	/System/Library/PrivateFrameworks/Sharing.framework/Versions/A/Sharing
0x000000004c357000 	/System/Library/PrivateFrameworks/IconServices.framework/Versions/A/IconServices
0x000000004c357000 	/System/Library/PrivateFrameworks/ProtocolBuffer.framework/Versions/A/ProtocolBuffer
0x000000004c357000 	/System/Library/PrivateFrameworks/Apple80211.framework/Versions/A/Apple80211
0x000000004c357000 	/System/Library/Frameworks/CoreWLAN.framework/Versions/A/CoreWLAN
0x000000004c357000 	/System/Library/PrivateFrameworks/CoreUtils.framework/Versions/A/CoreUtils
0x000000004c357000 	/System/Library/Frameworks/IOBluetooth.framework/Versions/A/IOBluetooth
0x000000004c357000 	/System/Library/PrivateFrameworks/CoreWiFi.framework/Versions/A/CoreWiFi
0x000000004c357000 	/System/Library/Frameworks/CoreBluetooth.framework/Versions/A/CoreBluetooth
0x000000004c357000 	/System/Library/Frameworks/CoreDisplay.framework/Versions/A/CoreDisplay
0x000000004c357000 	/System/Library/PrivateFrameworks/IOPresentment.framework/Versions/A/IOPresentment
0x000000004c357000 	/System/Library/PrivateFrameworks/DSExternalDisplay.framework/Versions/A/DSExternalDisplay
0x000000004c357000 	/System/Library/PrivateFrameworks/DebugSymbols.framework/Versions/A/DebugSymbols
0x000000004c357000 	/System/Library/PrivateFrameworks/CoreSymbolication.framework/Versions/A/CoreSymbolication
0x000000004c357000 	/System/Library/PrivateFrameworks/Symbolication.framework/Versions/A/Symbolication
0x000000004c357000 	/System/Library/PrivateFrameworks/AppleFSCompression.framework/Versions/A/AppleFSCompression
0x000000004c357000 	/System/Library/PrivateFrameworks/SpeechRecognitionCore.framework/Versions/A/SpeechRecognitionCore
0x000000004c357000 	/System/Library/PrivateFrameworks/ChunkingLibrary.framework/Versions/A/ChunkingLibrary
0x0000000107a00000 	/Library/Java/JavaVirtualMachines/jdk1.8.0_121.jdk/Contents/Home/jre/lib/server/libjvm.dylib
0x000000004c357000 	/usr/lib/libstdc++.6.dylib
0x0000000107037000 	/Library/Java/JavaVirtualMachines/jdk1.8.0_121.jdk/Contents/Home/jre/lib/libverify.dylib
0x0000000107045000 	/Library/Java/JavaVirtualMachines/jdk1.8.0_121.jdk/Contents/Home/jre/lib/libjava.dylib
0x0000000107084000 	/Library/Java/JavaVirtualMachines/jdk1.8.0_121.jdk/Contents/Home/jre/lib/libzip.dylib
0x000000010cc32000 	/System/Library/Frameworks/JavaVM.framework/Frameworks/JavaRuntimeSupport.framework/JavaRuntimeSupport
0x000000010cc4c000 	/System/Library/Frameworks/JavaVM.framework/Versions/A/Frameworks/JavaNativeFoundation.framework/Versions/A/JavaNativeFoundation
0x000000010cc61000 	/System/Library/Frameworks/JavaVM.framework/Versions/A/JavaVM
0x000000004c357000 	/System/Library/Frameworks/Carbon.framework/Versions/A/Carbon
0x000000010cc6e000 	/System/Library/PrivateFrameworks/JavaLaunching.framework/Versions/A/JavaLaunching
0x000000004c357000 	/System/Library/Frameworks/Carbon.framework/Versions/A/Frameworks/CommonPanels.framework/Versions/A/CommonPanels
0x000000004c357000 	/System/Library/Frameworks/Carbon.framework/Versions/A/Frameworks/Help.framework/Versions/A/Help
0x000000004c357000 	/System/Library/Frameworks/Carbon.framework/Versions/A/Frameworks/ImageCapture.framework/Versions/A/ImageCapture
0x000000004c357000 	/System/Library/Frameworks/Carbon.framework/Versions/A/Frameworks/OpenScripting.framework/Versions/A/OpenScripting
0x000000004c357000 	/System/Library/Frameworks/Carbon.framework/Versions/A/Frameworks/Print.framework/Versions/A/Print
0x000000004c357000 	/System/Library/Frameworks/Carbon.framework/Versions/A/Frameworks/SecurityHI.framework/Versions/A/SecurityHI
0x000000010e57a000 	/Library/Java/JavaVirtualMachines/jdk1.8.0_121.jdk/Contents/Home/jre/lib/libawt.dylib
0x000000010e622000 	/Library/Java/JavaVirtualMachines/jdk1.8.0_121.jdk/Contents/Home/jre/lib/./libmlib_image.dylib
0x000000010e6ee000 	/Library/Java/JavaVirtualMachines/jdk1.8.0_121.jdk/Contents/Home/jre/lib/libawt_lwawt.dylib
0x000000010e7a5000 	/Library/Java/JavaVirtualMachines/jdk1.8.0_121.jdk/Contents/Home/jre/lib/./libosxapp.dylib
0x000000004c357000 	/System/Library/Frameworks/ExceptionHandling.framework/Versions/A/ExceptionHandling
0x000000004c357000 	/System/Library/PrivateFrameworks/CoreServicesInternal.framework/Versions/A/CoreServicesInternal
0x000000004c357000 	/System/Library/CoreServices/RawCamera.bundle/Contents/MacOS/RawCamera
0x000000004c357000 	/System/Library/Frameworks/Accelerate.framework/Versions/A/Frameworks/vImage.framework/Versions/A/Libraries/libCGInterfaces.dylib
0x000000004c357000 	/System/Library/Frameworks/ApplicationServices.framework/Versions/A/Frameworks/ATS.framework/Versions/A/Resources/libTrueTypeScaler.dylib
0x00000001103c6000 	/System/Library/Frameworks/OpenGL.framework/Resources/GLEngine.bundle/GLEngine
0x000000004c357000 	/System/Library/Frameworks/OpenGL.framework/Versions/A/Libraries/libGLProgrammability.dylib
0x00000001105ab000 	/System/Library/Extensions/AppleIntelHD5000GraphicsGLDriver.bundle/Contents/MacOS/AppleIntelHD5000GraphicsGLDriver
0x000000004c357000 	/System/Library/PrivateFrameworks/GPUSupport.framework/Versions/A/Libraries/libGPUSupportMercury.dylib
0x000000010f4f8000 	/System/Library/Frameworks/OpenGL.framework/Resources//GLRendererFloat.bundle/GLRendererFloat
0x000000004c357000 	/System/Library/Frameworks/OpenCL.framework/Versions/A/Libraries/libcldcpuengine.dylib
0x000000004c357000 	/usr/lib/libcrypto.0.9.8.dylib
0x000000004c357000 	/System/Library/PrivateFrameworks/TrustEvaluationAgent.framework/Versions/A/TrustEvaluationAgent
0x0000000110d19000 	/System/Library/Extensions/AppleIntelHD5000GraphicsMTLDriver.bundle/Contents/MacOS/AppleIntelHD5000GraphicsMTLDriver
0x000000004c357000 	/System/Library/PrivateFrameworks/FamilyControls.framework/Versions/A/FamilyControls
0x000000004c357000 	/System/Library/PrivateFrameworks/CommerceKit.framework/Versions/A/Frameworks/CommerceCore.framework/Versions/A/CommerceCore
0x000000004c357000 	/System/Library/PrivateFrameworks/SystemAdministration.framework/Versions/A/SystemAdministration
0x000000004c357000 	/System/Library/PrivateFrameworks/AppContainer.framework/Versions/A/AppContainer
0x000000004c357000 	/System/Library/PrivateFrameworks/SecCodeWrapper.framework/Versions/A/SecCodeWrapper
0x000000004c357000 	/System/Library/Frameworks/DirectoryService.framework/Versions/A/DirectoryService
0x000000004c357000 	/System/Library/PrivateFrameworks/DiskImages.framework/Versions/A/DiskImages
0x000000004c357000 	/System/Library/PrivateFrameworks/LoginUIKit.framework/Versions/A/Frameworks/LoginUICore.framework/Versions/A/LoginUICore
0x000000004c357000 	/usr/lib/libCoreStorage.dylib
0x000000004c357000 	/usr/lib/libcsfde.dylib
0x000000004c357000 	/usr/lib/libodfde.dylib
0x000000004c357000 	/System/Library/Frameworks/DiscRecording.framework/Versions/A/DiscRecording
0x000000004c357000 	/usr/lib/libcurl.4.dylib
0x000000004c357000 	/System/Library/PrivateFrameworks/MediaKit.framework/Versions/A/MediaKit
0x000000004c357000 	/System/Library/PrivateFrameworks/ProtectedCloudStorage.framework/Versions/A/ProtectedCloudStorage
0x000000004c357000 	/System/Library/PrivateFrameworks/EFILogin.framework/Versions/A/EFILogin
0x000000004c357000 	/usr/lib/libutil.dylib
0x000000004c357000 	/System/Library/Frameworks/LDAP.framework/Versions/A/LDAP
0x000000004c357000 	/usr/lib/libsasl2.2.dylib
0x000000004c357000 	/System/Library/PrivateFrameworks/CoreDaemon.framework/Versions/B/CoreDaemon
0x000000004c357000 	/System/Library/PrivateFrameworks/AppleSRP.framework/Versions/A/AppleSRP
0x000000004c357000 	/System/Library/PrivateFrameworks/APFS.framework/Versions/A/APFS
0x0000000112850000 	/Library/Java/JavaVirtualMachines/jdk1.8.0_121.jdk/Contents/Home/jre/lib/libfontmanager.dylib
0x000000004c357000 	/System/Library/PrivateFrameworks/ViewBridge.framework/Versions/A/ViewBridge
0x000000004c357000 	/System/Library/PrivateFrameworks/XPCService.framework/Versions/A/XPCService
0x000000004c357000 	/System/Library/PrivateFrameworks/AppSandbox.framework/Versions/A/AppSandbox
0x000000004c357000 	/usr/lib/libsandbox.1.dylib
0x000000004c357000 	/usr/lib/libMatch.1.dylib
0x0000000113217000 	/Library/Java/JavaVirtualMachines/jdk1.8.0_121.jdk/Contents/Home/jre/lib/libosxui.dylib
0x00000001238ad000 	/Library/Java/JavaVirtualMachines/jdk1.8.0_121.jdk/Contents/Home/jre/lib/libnet.dylib
0x000000012381b000 	/Library/Java/JavaVirtualMachines/jdk1.8.0_121.jdk/Contents/Home/jre/lib/libnio.dylib
0x0000000113197000 	/private/var/folders/z5/dkh_k18x6bn8z6w6jj1k7pqm0000gn/T/jogamp_0000/file_cache/jln3424751297047426456/jln2809037543908533185/libgluegen-rt.jnilib
0x000000011319b000 	/private/var/folders/z5/dkh_k18x6bn8z6w6jj1k7pqm0000gn/T/jogamp_0000/file_cache/jln3424751297047426456/jln2809037543908533185/libnativewindow_awt.jnilib
0x000000012382b000 	/Library/Java/JavaVirtualMachines/jdk1.8.0_121.jdk/Contents/Home/jre/lib/libjawt.dylib
0x000000018be9a000 	/private/var/folders/z5/dkh_k18x6bn8z6w6jj1k7pqm0000gn/T/jogamp_0000/file_cache/jln3424751297047426456/jln2809037543908533185/libnativewindow_macosx.jnilib
0x000000018dc8b000 	/private/var/folders/z5/dkh_k18x6bn8z6w6jj1k7pqm0000gn/T/jogamp_0000/file_cache/jln3424751297047426456/jln2809037543908533185/libjogl_desktop.jnilib
0x000000019402e000 	/Library/Java/JavaVirtualMachines/jdk1.8.0_121.jdk/Contents/Home/jre/lib/libt2k.dylib

VM Arguments:
jvm_args: -Djava.security.policy=java.policy.applet -Dfile.encoding=MacRoman 
java_command: sun.applet.AppletViewer module6.EarthquakeCityMap1524026260797.html
java_class_path (initial): /Users/Mac/Documents/workspace/UCSDUnfoldingMaps/build:/Users/Mac/Documents/workspace/UCSDUnfoldingMaps/lib/core.jar:/Users/Mac/Documents/workspace/UCSDUnfoldingMaps/lib/gluegen-rt.jar:/Users/Mac/Documents/workspace/UCSDUnfoldingMaps/lib/jogl-all.jar:/Users/Mac/Documents/workspace/UCSDUnfoldingMaps/lib/log4j-1.2.15.jar:/Users/Mac/Documents/workspace/UCSDUnfoldingMaps/lib/sqlite-jdbc-3.7.2.jar:/Users/Mac/Documents/workspace/UCSDUnfoldingMaps/lib/json4processing.jar:/Users/Mac/Documents/workspace/UCSDUnfoldingMaps/lib/libTUIO.jar:/Users/Mac/Documents/workspace/UCSDUnfoldingMaps/lib/unfolding.0.9.7-uscd.jar
Launcher Type: SUN_STANDARD

Environment Variables:
PATH=/Library/Frameworks/Python.framework/Versions/3.6/bin:/usr/local/bin:/usr/bin:/bin:/usr/sbin:/sbin:/opt/X11/bin:/Library/Frameworks/Mono.framework/Versions/Current/Commands:/Library/TeX/texbin
SHELL=/bin/bash
DISPLAY=/private/tmp/com.apple.launchd.BfoSnAz3r8/org.macosforge.xquartz:0

Signal Handlers:
SIGSEGV: [libjvm.dylib+0x5b1141], sa_mask[0]=11111111011111110111111111111111, sa_flags=SA_ONSTACK|SA_RESTART|SA_SIGINFO
SIGBUS: [libjvm.dylib+0x5b1141], sa_mask[0]=11111111011111110111111111111111, sa_flags=SA_RESTART|SA_SIGINFO
SIGFPE: [libjvm.dylib+0x487bc4], sa_mask[0]=11111111011111110111111111111111, sa_flags=SA_RESTART|SA_SIGINFO
SIGPIPE: [libjvm.dylib+0x487bc4], sa_mask[0]=11111111011111110111111111111111, sa_flags=SA_RESTART|SA_SIGINFO
SIGXFSZ: [libjvm.dylib+0x487bc4], sa_mask[0]=11111111011111110111111111111111, sa_flags=SA_RESTART|SA_SIGINFO
SIGILL: [libjvm.dylib+0x487bc4], sa_mask[0]=11111111011111110111111111111111, sa_flags=SA_RESTART|SA_SIGINFO
SIGUSR1: SIG_DFL, sa_mask[0]=11011111011111100000000111000110, sa_flags=none
SIGUSR2: [libjvm.dylib+0x4876e2], sa_mask[0]=00100000000000000000000000000000, sa_flags=SA_RESTART|SA_SIGINFO
SIGHUP: [libjvm.dylib+0x485cb9], sa_mask[0]=11111111011111110111111111111111, sa_flags=SA_RESTART|SA_SIGINFO
SIGINT: [libjvm.dylib+0x485cb9], sa_mask[0]=11111111011111110111111111111111, sa_flags=SA_RESTART|SA_SIGINFO
SIGTERM: [libjvm.dylib+0x485cb9], sa_mask[0]=11111111011111110111111111111111, sa_flags=SA_RESTART|SA_SIGINFO
SIGQUIT: [libjvm.dylib+0x485cb9], sa_mask[0]=11111111011111110111111111111111, sa_flags=SA_RESTART|SA_SIGINFO


---------------  S Y S T E M  ---------------

OS:Bsduname:Darwin 16.7.0 Darwin Kernel Version 16.7.0: Thu Jan 11 22:59:40 PST 2018; root:xnu-3789.73.8~1/RELEASE_X86_64 x86_64
rlimit: STACK 8192k, CORE 0k, NPROC 709, NOFILE 10240, AS infinity
load average:2.37 2.62 2.55

CPU:total 4 (2 cores per cpu, 2 threads per core) family 6 model 69 stepping 1, cmov, cx8, fxsr, mmx, sse, sse2, sse3, ssse3, sse4.1, sse4.2, popcnt, avx, avx2, aes, clmul, erms, lzcnt, ht, tsc, tscinvbit, bmi1, bmi2

Memory: 4k page, physical 4194304k(37056k free)

/proc/meminfo:


vm_info: Java HotSpot(TM) 64-Bit Server VM (25.121-b13) for bsd-amd64 JRE (1.8.0_121-b13), built on Dec 12 2016 20:39:32 by "java_re" with gcc 4.2.1 (Based on Apple Inc. build 5658) (LLVM build 2336.11.00)

time: Tue Apr 17 21:44:58 2018
elapsed time: 437 seconds (0d 0h 7m 17s)

