#
# A fatal error has been detected by the Java Runtime Environment:
#
#  SIGSEGV (0xb) at pc=0x00007fffd65ee05d, pid=13020, tid=0x0000000000000307
#
# JRE version: Java(TM) SE Runtime Environment (8.0_121-b13) (build 1.8.0_121-b13)
# Java VM: Java HotSpot(TM) 64-Bit Server VM (25.121-b13 mixed mode bsd-amd64 compressed oops)
# Problematic frame:
# C  [libobjc.A.dylib+0x705d]  objc_msgSend+0x1d
#
# Failed to write core dump. Core dumps have been disabled. To enable core dumping, try "ulimit -c unlimited" before starting Java again
#
# If you would like to submit a bug report, please visit:
#   http://bugreport.java.com/bugreport/crash.jsp
# The crash happened outside the Java Virtual Machine in native code.
# See problematic frame for where to report the bug.
#

---------------  T H R E A D  ---------------

Current thread (0x00007fde7f93d000):  JavaThread "AWT-AppKit" daemon [_thread_in_native, id=775, stack(0x00007fff5488b000,0x00007fff5508b000)]

siginfo: si_signo: 11 (SIGSEGV), si_code: 1 (SEGV_MAPERR), si_addr: 0x0000000000000018

Registers:
RAX=0x00007fde7ddef940, RBX=0x000000018fa84450, RCX=0x00007fde80500530, RDX=0x0000000000000000
RSP=0x00007fff55086148, RBP=0x00007fff55086200, RSI=0x00007fffbfe75116, RDI=0x00007fde8383fec0
R8 =0x0000000000000018, R9 =0x00007fde80500360, R10=0x0000000000000000, R11=0x00007fffbfe75116
R12=0x0000000000000000, R13=0x00000001919eed90, R14=0x000000018fa84440, R15=0x00007fde7f93d000
RIP=0x00007fffd65ee05d, EFLAGS=0x0000000000010246, ERR=0x0000000000000004
  TRAPNO=0x000000000000000e

Top of Stack: (sp=0x00007fff55086148)
0x00007fff55086148:   000000018fa82157 00007fff550861a0
0x00007fff55086158:   0000000000000003 00007fff55086180
0x00007fff55086168:   000000010b5f2c62 00000001919eed90
0x00007fff55086178:   00000001919eed90 00007fde7ddef940
0x00007fff55086188:   000000018fa846a0 000000018fa84710
0x00007fff55086198:   00007fffdc6546d0 00007fffdd2841e0
0x00007fff550861a8:   000000018fa84450 000000018fa84690
0x00007fff550861b8:   00007fde7ddef940 00007fde8383fec0
0x00007fff550861c8:   00007fde7ddef880 00007fde7ddef940
0x00007fff550861d8:   00007fde8383fec0 00007fff55086288
0x00007fff550861e8:   00007fde7f93d1f8 00000001919eed90
0x00007fff550861f8:   00007fff550862b0 00007fff55086278
0x00007fff55086208:   00000001123919f4 00000001919eed90
0x00007fff55086218:   00007fff550862b0 00007fff55086278
0x00007fff55086228:   0000000112391787 0000000112391742
0x00007fff55086238:   00007fff55086238 00000001919eed90
0x00007fff55086248:   00007fff550862b0 00000001919f19c8
0x00007fff55086258:   0000000000000000 00000001919eed90
0x00007fff55086268:   0000000000000000 00007fff55086298
0x00007fff55086278:   00007fff550862f8 00000001123822bd
0x00007fff55086288:   0000000780e3dcf0 000000011238b538
0x00007fff55086298:   00007fde7ddef940 00007fff550862f8
0x00007fff550862a8:   00007fde8383fec0 000000011238ce02
0x00007fff550862b8:   00007fff550862b8 00000001919eef5a
0x00007fff550862c8:   00007fff55086320 00000001919f19c8
0x00007fff550862d8:   0000000000000000 00000001919eef68
0x00007fff550862e8:   00007fff55086298 00007fff55086308
0x00007fff550862f8:   00007fff55086368 00000001123822bd
0x00007fff55086308:   00007fde7ddef940 00000007802fc800
0x00007fff55086318:   00007fde8383fec0 00000007802fc800
0x00007fff55086328:   00007fff55086328 00000001975e9f16
0x00007fff55086338:   00007fff55086378 00000001975e9fd0 

Instructions: (pc=0x00007fffd65ee05d)
0x00007fffd65ee03d:   0f 1f 00 48 85 ff 2e 74 62 40 f6 c7 01 2e 75 66
0x00007fffd65ee04d:   49 ba f8 ff ff ff ff 7f 00 00 4c 23 17 49 89 f3
0x00007fffd65ee05d:   45 23 5a 18 49 c1 e3 04 4d 03 5a 10 49 3b 33 75
0x00007fffd65ee06d:   04 41 ff 63 08 49 83 3b 01 76 0d 49 83 c3 10 49 

Register to memory mapping:

RAX=0x00007fde7ddef940 is an unknown value
RBX=0x000000018fa84450: Java_jogamp_nativewindow_macosx_OSXUtil_GetScreenRefreshRate0+0x1cf0 in /private/var/folders/z5/dkh_k18x6bn8z6w6jj1k7pqm0000gn/T/jogamp_0000/file_cache/jln4945288045692733053/jln5502444639415166173/libnativewindow_macosx.jnilib at 0x000000018fa7d000
RCX=0x00007fde80500530 is an unknown value
RDX=0x0000000000000000 is an unknown value
RSP=0x00007fff55086148 is pointing into the stack for thread: 0x00007fde7f93d000
RBP=0x00007fff55086200 is pointing into the stack for thread: 0x00007fde7f93d000
RSI=0x00007fffbfe75116: __NSStyleNameIndexTable+0x7fd5e in /System/Library/Frameworks/AppKit.framework/Versions/C/AppKit at 0x00007fffbf208000
RDI=0x00007fde8383fec0 is an unknown value
R8 =0x0000000000000018 is an unknown value
R9 =0x00007fde80500360 is an unknown value
R10=0x0000000000000000 is an unknown value
R11=0x00007fffbfe75116: __NSStyleNameIndexTable+0x7fd5e in /System/Library/Frameworks/AppKit.framework/Versions/C/AppKit at 0x00007fffbf208000
R12=0x0000000000000000 is an unknown value
R13={method} {0x00000001919eed90} 'UnsetJAWTRootSurfaceLayer0' '(JJ)V' in 'jogamp/nativewindow/jawt/macosx/MacOSXJAWTWindow'
R14=0x000000018fa84440: Java_jogamp_nativewindow_macosx_OSXUtil_GetScreenRefreshRate0+0x1ce0 in /private/var/folders/z5/dkh_k18x6bn8z6w6jj1k7pqm0000gn/T/jogamp_0000/file_cache/jln4945288045692733053/jln5502444639415166173/libnativewindow_macosx.jnilib at 0x000000018fa7d000
R15=0x00007fde7f93d000 is a thread


Stack: [0x00007fff5488b000,0x00007fff5508b000],  sp=0x00007fff55086148,  free space=8172k
Native frames: (J=compiled Java code, j=interpreted, Vv=VM code, C=native code)
C  [libobjc.A.dylib+0x705d]  objc_msgSend+0x1d
j  jogamp.nativewindow.jawt.macosx.MacOSXJAWTWindow.UnsetJAWTRootSurfaceLayer0(JJ)V+0
j  jogamp.nativewindow.jawt.macosx.MacOSXJAWTWindow.access$200(JJ)V+2
j  jogamp.nativewindow.jawt.macosx.MacOSXJAWTWindow$1.run()V+38
J 2733 C1 com.jogamp.common.util.RunnableTask.run()V (345 bytes) @ 0x0000000112c27074 [0x0000000112c26ee0+0x194]
v  ~StubRoutines::call_stub
V  [libjvm.dylib+0x2ed9d6]  JavaCalls::call_helper(JavaValue*, methodHandle*, JavaCallArguments*, Thread*)+0x6ae
V  [libjvm.dylib+0x324b65]  jni_invoke_nonstatic(JNIEnv_*, JavaValue*, _jobject*, JNICallType, _jmethodID*, JNI_ArgumentPusher*, Thread*)+0x2ec
V  [libjvm.dylib+0x317333]  jni_CallVoidMethod+0x16b
C  [libnativewindow_macosx.jnilib+0x5326]  Java_jogamp_nativewindow_jawt_macosx_MacOSXJAWTWindow_UnsetJAWTRootSurfaceLayer0+0x2b6
C  [Foundation+0x7152a]  __NSThreadPerformPerform+0x146
C  [CoreFoundation+0xa7321]  __CFRUNLOOP_IS_CALLING_OUT_TO_A_SOURCE0_PERFORM_FUNCTION__+0x11
C  [CoreFoundation+0x88197]  __CFRunLoopDoSources0+0x1a7
C  [CoreFoundation+0x87716]  __CFRunLoopRun+0x3a6
C  [CoreFoundation+0x87114]  CFRunLoopRunSpecific+0x1a4
C  [HIToolbox+0x30ebc]  RunCurrentEventLoopInMode+0xf0
C  [HIToolbox+0x30bf9]  ReceiveNextEventCommon+0xb8
C  [HIToolbox+0x30b26]  _BlockUntilNextEventMatchingListInModeWithFilter+0x47
C  [AppKit+0x46a54]  _DPSNextEvent+0x460
C  [AppKit+0x7c27ee]  -[NSApplication(NSEvent) _nextEventMatchingEventMask:untilDate:inMode:dequeue:]+0xaec
C  [libosxapp.dylib+0x23aa]  -[NSApplicationAWT nextEventMatchingMask:untilDate:inMode:dequeue:]+0x7c
C  [AppKit+0x3b3db]  -[NSApplication run]+0x39e
C  [libosxapp.dylib+0x214d]  +[NSApplicationAWT runAWTLoopWithApp:]+0x9c
C  [libawt_lwawt.dylib+0x45ff7]  -[AWTStarter starter:]+0x389
C  [Foundation+0x7152a]  __NSThreadPerformPerform+0x146
C  [CoreFoundation+0xa7321]  __CFRUNLOOP_IS_CALLING_OUT_TO_A_SOURCE0_PERFORM_FUNCTION__+0x11
C  [CoreFoundation+0x8821d]  __CFRunLoopDoSources0+0x22d
C  [CoreFoundation+0x87716]  __CFRunLoopRun+0x3a6
C  [CoreFoundation+0x87114]  CFRunLoopRunSpecific+0x1a4
C  [java+0x6465]  CreateExecutionEnvironment+0x367
C  [java+0x218c]  JLI_Launch+0x7a0
C  [java+0x84c2]  main+0x65
C  [java+0x19e4]  start+0x34
C  0x0000000000000007

Java frames: (J=compiled Java code, j=interpreted, Vv=VM code)
j  jogamp.nativewindow.jawt.macosx.MacOSXJAWTWindow.UnsetJAWTRootSurfaceLayer0(JJ)V+0
j  jogamp.nativewindow.jawt.macosx.MacOSXJAWTWindow.access$200(JJ)V+2
j  jogamp.nativewindow.jawt.macosx.MacOSXJAWTWindow$1.run()V+38
J 2733 C1 com.jogamp.common.util.RunnableTask.run()V (345 bytes) @ 0x0000000112c27074 [0x0000000112c26ee0+0x194]
v  ~StubRoutines::call_stub

---------------  P R O C E S S  ---------------

Java Threads: ( => current thread )
  0x00007fde7e3dc000 JavaThread "Thread-19" [_thread_blocked, id=25867, stack(0x0000700005e81000,0x0000700005f81000)]
  0x00007fde7ea3c000 JavaThread "AWT-EventQueue-1" [_thread_in_native, id=66831, stack(0x0000700005c78000,0x0000700005d78000)]
  0x00007fde7e30a800 JavaThread "DestroyJavaVM" [_thread_blocked, id=7171, stack(0x00007000046b3000,0x00007000047b3000)]
  0x00007fde7e9d3000 JavaThread "AWT-EventQueue-0" [_thread_blocked, id=64275, stack(0x0000700005a72000,0x0000700005b72000)]
  0x00007fde7e219000 JavaThread "Java2D Disposer" daemon [_thread_blocked, id=61195, stack(0x00007000057e9000,0x00007000058e9000)]
  0x00007fde7f139000 JavaThread "Java2D Queue Flusher" daemon [_thread_blocked, id=54279, stack(0x00007000056e6000,0x00007000057e6000)]
  0x00007fde7f0b3000 JavaThread "AWT-Shutdown" [_thread_blocked, id=29727, stack(0x0000700005560000,0x0000700005660000)]
=>0x00007fde7f93d000 JavaThread "AWT-AppKit" daemon [_thread_in_native, id=775, stack(0x00007fff5488b000,0x00007fff5508b000)]
  0x00007fde7e03c800 JavaThread "Service Thread" daemon [_thread_blocked, id=18691, stack(0x00007000052d7000,0x00007000053d7000)]
  0x00007fde7f03a800 JavaThread "C1 CompilerThread2" daemon [_thread_blocked, id=18179, stack(0x00007000051d4000,0x00007000052d4000)]
  0x00007fde7f049800 JavaThread "C2 CompilerThread1" daemon [_thread_blocked, id=17667, stack(0x00007000050d1000,0x00007000051d1000)]
  0x00007fde7e03b800 JavaThread "C2 CompilerThread0" daemon [_thread_blocked, id=17155, stack(0x0000700004fce000,0x00007000050ce000)]
  0x00007fde7e04e800 JavaThread "Signal Dispatcher" daemon [_thread_blocked, id=16643, stack(0x0000700004ecb000,0x0000700004fcb000)]
  0x00007fde7e02e000 JavaThread "Finalizer" daemon [_thread_blocked, id=12547, stack(0x0000700004dc8000,0x0000700004ec8000)]
  0x00007fde7e003000 JavaThread "Reference Handler" daemon [_thread_blocked, id=12035, stack(0x0000700004cc5000,0x0000700004dc5000)]

Other Threads:
  0x00007fde7f819800 VMThread [stack: 0x0000700004bc2000,0x0000700004cc2000] [id=11523]
  0x00007fde7f81f000 WatcherThread [stack: 0x00007000053da000,0x00007000054da000] [id=19203]

VM state:not at safepoint (normal execution)

VM Mutex/Monitor currently owned by a thread: None

Heap:
 PSYoungGen      total 221184K, used 174753K [0x00000007aab00000, 0x00000007bd580000, 0x00000007c0000000)
  eden space 220672K, 79% used [0x00000007aab00000,0x00000007b55684e0,0x00000007b8280000)
  from space 512K, 50% used [0x00000007bd500000,0x00000007bd540000,0x00000007bd580000)
  to   space 2560K, 0% used [0x00000007bd080000,0x00000007bd080000,0x00000007bd300000)
 ParOldGen       total 47104K, used 17414K [0x0000000780000000, 0x0000000782e00000, 0x00000007aab00000)
  object space 47104K, 36% used [0x0000000780000000,0x0000000781101858,0x0000000782e00000)
 Metaspace       used 21745K, capacity 21967K, committed 22192K, reserved 1069056K
  class space    used 2133K, capacity 2236K, committed 2304K, reserved 1048576K

Card table byte_map: [0x000000010c7aa000,0x000000010c9ab000] byte_map_base: 0x0000000108baa000

Marking Bits: (ParMarkBitMap*) 0x000000010bcf0d30
 Begin Bits: [0x000000010cb01000, 0x000000010db01000)
 End Bits:   [0x000000010db01000, 0x000000010eb01000)

Polling page: 0x000000010c3d7000

CodeCache: size=245760Kb used=9728Kb max_used=10029Kb free=236031Kb
 bounds [0x000000011237a000, 0x0000000112d7a000, 0x000000012137a000]
 total_blobs=3724 nmethods=2828 adapters=809
 compilation: enabled

Compilation events (10 events):
Event: 39.338 Thread 0x00007fde7f049800 3312       4       java.util.Vector::contains (15 bytes)
Event: 39.345 Thread 0x00007fde7f049800 nmethod 3312 0x000000011274c910 code [0x000000011274ca60, 0x000000011274cfd8]
Event: 39.349 Thread 0x00007fde7e03b800 3313       4       processing.opengl.PGraphicsOpenGL::flushPolys (509 bytes)
Event: 39.435 Thread 0x00007fde7e03b800 nmethod 3313 0x0000000112a59b90 code [0x0000000112a5a080, 0x0000000112a5bb70]
Event: 39.438 Thread 0x00007fde7f03a800 3314       1       sun.java2d.SurfaceData::isValid (5 bytes)
Event: 39.439 Thread 0x00007fde7f03a800 nmethod 3314 0x0000000112808910 code [0x0000000112808a60, 0x0000000112808b70]
Event: 39.439 Thread 0x00007fde7f049800 3315  s    4       sun.misc.URLClassPath::getNextLoader (88 bytes)
Event: 39.446 Thread 0x00007fde7f049800 nmethod 3315 0x00000001127ee150 code [0x00000001127ee2c0, 0x00000001127eea38]
Event: 39.458 Thread 0x00007fde7f03a800 3316       3       java.security.AccessControlContext::optimize (318 bytes)
Event: 39.461 Thread 0x00007fde7f03a800 nmethod 3316 0x0000000112ab37d0 code [0x0000000112ab3b40, 0x0000000112ab5948]

GC Heap History (10 events):
Event: 36.565 GC heap before
{Heap before GC invocations=37 (full 1):
 PSYoungGen      total 178176K, used 174816K [0x00000007aab00000, 0x00000007bdc80000, 0x00000007c0000000)
  eden space 174592K, 100% used [0x00000007aab00000,0x00000007b5580000,0x00000007b5580000)
  from space 3584K, 6% used [0x00000007bd580000,0x00000007bd5b8000,0x00000007bd900000)
  to   space 3072K, 0% used [0x00000007bd980000,0x00000007bd980000,0x00000007bdc80000)
 ParOldGen       total 47104K, used 17358K [0x0000000780000000, 0x0000000782e00000, 0x00000007aab00000)
  object space 47104K, 36% used [0x0000000780000000,0x00000007810f3858,0x0000000782e00000)
 Metaspace       used 21710K, capacity 21935K, committed 22192K, reserved 1069056K
  class space    used 2124K, capacity 2204K, committed 2304K, reserved 1048576K
Event: 36.567 GC heap after
Heap after GC invocations=37 (full 1):
 PSYoungGen      total 167424K, used 224K [0x00000007aab00000, 0x00000007bda00000, 0x00000007c0000000)
  eden space 166912K, 0% used [0x00000007aab00000,0x00000007aab00000,0x00000007b4e00000)
  from space 512K, 43% used [0x00000007bd980000,0x00000007bd9b8000,0x00000007bda00000)
  to   space 3072K, 0% used [0x00000007bd400000,0x00000007bd400000,0x00000007bd700000)
 ParOldGen       total 47104K, used 17382K [0x0000000780000000, 0x0000000782e00000, 0x00000007aab00000)
  object space 47104K, 36% used [0x0000000780000000,0x00000007810f9858,0x0000000782e00000)
 Metaspace       used 21710K, capacity 21935K, committed 22192K, reserved 1069056K
  class space    used 2124K, capacity 2204K, committed 2304K, reserved 1048576K
}
Event: 37.127 GC heap before
{Heap before GC invocations=38 (full 1):
 PSYoungGen      total 167424K, used 167136K [0x00000007aab00000, 0x00000007bda00000, 0x00000007c0000000)
  eden space 166912K, 100% used [0x00000007aab00000,0x00000007b4e00000,0x00000007b4e00000)
  from space 512K, 43% used [0x00000007bd980000,0x00000007bd9b8000,0x00000007bda00000)
  to   space 3072K, 0% used [0x00000007bd400000,0x00000007bd400000,0x00000007bd700000)
 ParOldGen       total 47104K, used 17382K [0x0000000780000000, 0x0000000782e00000, 0x00000007aab00000)
  object space 47104K, 36% used [0x0000000780000000,0x00000007810f9858,0x0000000782e00000)
 Metaspace       used 21710K, capacity 21935K, committed 22192K, reserved 1069056K
  class space    used 2124K, capacity 2204K, committed 2304K, reserved 1048576K
Event: 37.130 GC heap after
Heap after GC invocations=38 (full 1):
 PSYoungGen      total 182272K, used 224K [0x00000007aab00000, 0x00000007bda00000, 0x00000007c0000000)
  eden space 179200K, 0% used [0x00000007aab00000,0x00000007aab00000,0x00000007b5a00000)
  from space 3072K, 7% used [0x00000007bd400000,0x00000007bd438000,0x00000007bd700000)
  to   space 3072K, 0% used [0x00000007bd700000,0x00000007bd700000,0x00000007bda00000)
 ParOldGen       total 47104K, used 17390K [0x0000000780000000, 0x0000000782e00000, 0x00000007aab00000)
  object space 47104K, 36% used [0x0000000780000000,0x00000007810fb858,0x0000000782e00000)
 Metaspace       used 21710K, capacity 21935K, committed 22192K, reserved 1069056K
  class space    used 2124K, capacity 2204K, committed 2304K, reserved 1048576K
}
Event: 37.723 GC heap before
{Heap before GC invocations=39 (full 1):
 PSYoungGen      total 182272K, used 179424K [0x00000007aab00000, 0x00000007bda00000, 0x00000007c0000000)
  eden space 179200K, 100% used [0x00000007aab00000,0x00000007b5a00000,0x00000007b5a00000)
  from space 3072K, 7% used [0x00000007bd400000,0x00000007bd438000,0x00000007bd700000)
  to   space 3072K, 0% used [0x00000007bd700000,0x00000007bd700000,0x00000007bda00000)
 ParOldGen       total 47104K, used 17390K [0x0000000780000000, 0x0000000782e00000, 0x00000007aab00000)
  object space 47104K, 36% used [0x0000000780000000,0x00000007810fb858,0x0000000782e00000)
 Metaspace       used 21710K, capacity 21935K, committed 22192K, reserved 1069056K
  class space    used 2124K, capacity 2204K, committed 2304K, reserved 1048576K
Event: 37.726 GC heap after
Heap after GC invocations=39 (full 1):
 PSYoungGen      total 193024K, used 256K [0x00000007aab00000, 0x00000007bd780000, 0x00000007c0000000)
  eden space 192512K, 0% used [0x00000007aab00000,0x00000007aab00000,0x00000007b6700000)
  from space 512K, 50% used [0x00000007bd700000,0x00000007bd740000,0x00000007bd780000)
  to   space 2560K, 0% used [0x00000007bd280000,0x00000007bd280000,0x00000007bd500000)
 ParOldGen       total 47104K, used 17398K [0x0000000780000000, 0x0000000782e00000, 0x00000007aab00000)
  object space 47104K, 36% used [0x0000000780000000,0x00000007810fd858,0x0000000782e00000)
 Metaspace       used 21710K, capacity 21935K, committed 22192K, reserved 1069056K
  class space    used 2124K, capacity 2204K, committed 2304K, reserved 1048576K
}
Event: 38.339 GC heap before
{Heap before GC invocations=40 (full 1):
 PSYoungGen      total 193024K, used 192768K [0x00000007aab00000, 0x00000007bd780000, 0x00000007c0000000)
  eden space 192512K, 100% used [0x00000007aab00000,0x00000007b6700000,0x00000007b6700000)
  from space 512K, 50% used [0x00000007bd700000,0x00000007bd740000,0x00000007bd780000)
  to   space 2560K, 0% used [0x00000007bd280000,0x00000007bd280000,0x00000007bd500000)
 ParOldGen       total 47104K, used 17398K [0x0000000780000000, 0x0000000782e00000, 0x00000007aab00000)
  object space 47104K, 36% used [0x0000000780000000,0x00000007810fd858,0x0000000782e00000)
 Metaspace       used 21710K, capacity 21935K, committed 22192K, reserved 1069056K
  class space    used 2124K, capacity 2204K, committed 2304K, reserved 1048576K
Event: 38.341 GC heap after
Heap after GC invocations=40 (full 1):
 PSYoungGen      total 208896K, used 224K [0x00000007aab00000, 0x00000007bd780000, 0x00000007c0000000)
  eden space 206336K, 0% used [0x00000007aab00000,0x00000007aab00000,0x00000007b7480000)
  from space 2560K, 8% used [0x00000007bd280000,0x00000007bd2b8000,0x00000007bd500000)
  to   space 2560K, 0% used [0x00000007bd500000,0x00000007bd500000,0x00000007bd780000)
 ParOldGen       total 47104K, used 17406K [0x0000000780000000, 0x0000000782e00000, 0x00000007aab00000)
  object space 47104K, 36% used [0x0000000780000000,0x00000007810ff858,0x0000000782e00000)
 Metaspace       used 21710K, capacity 21935K, committed 22192K, reserved 1069056K
  class space    used 2124K, capacity 2204K, committed 2304K, reserved 1048576K
}
Event: 38.847 GC heap before
{Heap before GC invocations=41 (full 1):
 PSYoungGen      total 208896K, used 206560K [0x00000007aab00000, 0x00000007bd780000, 0x00000007c0000000)
  eden space 206336K, 100% used [0x00000007aab00000,0x00000007b7480000,0x00000007b7480000)
  from space 2560K, 8% used [0x00000007bd280000,0x00000007bd2b8000,0x00000007bd500000)
  to   space 2560K, 0% used [0x00000007bd500000,0x00000007bd500000,0x00000007bd780000)
 ParOldGen       total 47104K, used 17406K [0x0000000780000000, 0x0000000782e00000, 0x00000007aab00000)
  object space 47104K, 36% used [0x0000000780000000,0x00000007810ff858,0x0000000782e00000)
 Metaspace       used 21710K, capacity 21935K, committed 22192K, reserved 1069056K
  class space    used 2124K, capacity 2204K, committed 2304K, reserved 1048576K
Event: 38.849 GC heap after
Heap after GC invocations=41 (full 1):
 PSYoungGen      total 221184K, used 256K [0x00000007aab00000, 0x00000007bd580000, 0x00000007c0000000)
  eden space 220672K, 0% used [0x00000007aab00000,0x00000007aab00000,0x00000007b8280000)
  from space 512K, 50% used [0x00000007bd500000,0x00000007bd540000,0x00000007bd580000)
  to   space 2560K, 0% used [0x00000007bd080000,0x00000007bd080000,0x00000007bd300000)
 ParOldGen       total 47104K, used 17414K [0x0000000780000000, 0x0000000782e00000, 0x00000007aab00000)
  object space 47104K, 36% used [0x0000000780000000,0x0000000781101858,0x0000000782e00000)
 Metaspace       used 21710K, capacity 21935K, committed 22192K, reserved 1069056K
  class space    used 2124K, capacity 2204K, committed 2304K, reserved 1048576K
}

Deoptimization events (10 events):
Event: 31.898 Thread 0x00007fde7ea3c000 Uncommon trap: reason=unstable_if action=reinterpret pc=0x0000000112d0855c method=processing.core.PFont.indexActual(C)I @ 4
Event: 31.898 Thread 0x00007fde7ea3c000 Uncommon trap: reason=unstable_if action=reinterpret pc=0x0000000112c16c5c method=processing.core.PFont.index(C)I @ 15
Event: 31.899 Thread 0x00007fde7ea3c000 Uncommon trap: reason=unstable_if action=reinterpret pc=0x0000000112bd2fcc method=processing.core.PFont.index(C)I @ 15
Event: 31.910 Thread 0x00007fde7ea3c000 Uncommon trap: reason=unstable_if action=reinterpret pc=0x00000001128a8094 method=processing.opengl.PGraphicsOpenGL.checkTexture(Lprocessing/opengl/Texture;)V @ 18
Event: 39.371 Thread 0x00007fde7ea3c000 Uncommon trap: reason=unstable_if action=reinterpret pc=0x0000000112555228 method=com.jogamp.common.util.VersionNumber.compareTo(Lcom/jogamp/common/util/VersionNumber;)I @ 21
Event: 39.385 Thread 0x00007fde7e9d3000 Uncommon trap: reason=unstable_if action=reinterpret pc=0x000000011274ad94 method=java.awt.Font.equals(Ljava/lang/Object;)Z @ 2
Event: 39.436 Thread 0x00007fde7f1a9800 Uncommon trap: reason=unstable_if action=reinterpret pc=0x0000000112919250 method=java.util.HashMap.putVal(ILjava/lang/Object;Ljava/lang/Object;ZZ)Ljava/lang/Object; @ 81
Event: 39.436 Thread 0x00007fde7f1a9800 Uncommon trap: reason=unstable_if action=reinterpret pc=0x0000000112bd5694 method=java.util.HashMap.putVal(ILjava/lang/Object;Ljava/lang/Object;ZZ)Ljava/lang/Object; @ 81
Event: 39.456 Thread 0x00007fde7ea3c000 Uncommon trap: reason=unstable_if action=reinterpret pc=0x0000000112a9a308 method=java.security.AccessControlContext.optimize()Ljava/security/AccessControlContext; @ 233
Event: 39.459 Thread 0x00007fde7e3dc000 Uncommon trap: reason=predicate action=maybe_recompile pc=0x0000000112782b88 method=java.util.Vector.indexOf(Ljava/lang/Object;I)I @ 44

Internal exceptions (10 events):
Event: 0.512 Thread 0x00007fde7f000800 Exception <a 'java/lang/NoSuchFieldError': method resolution failed> (0x00000007aacd61a8) thrown at [/Users/java_re/workspace/8-2-build-macosx-x86_64/jdk8u121/8372/hotspot/src/share/vm/prims/methodHandles.cpp, line 1146]
Event: 0.843 Thread 0x00007fde7f000800 Exception <a 'java/io/FileNotFoundException'> (0x00000007aad52d98) thrown at [/Users/java_re/workspace/8-2-build-macosx-x86_64/jdk8u121/8372/hotspot/src/share/vm/prims/jni.cpp, line 709]
Event: 0.843 Thread 0x00007fde7f000800 Exception <a 'java/io/FileNotFoundException'> (0x00000007aad538e8) thrown at [/Users/java_re/workspace/8-2-build-macosx-x86_64/jdk8u121/8372/hotspot/src/share/vm/prims/jni.cpp, line 709]
Event: 1.262 Thread 0x00007fde7f000800 Exception <a 'java/io/FileNotFoundException'> (0x00000007aae8c2b0) thrown at [/Users/java_re/workspace/8-2-build-macosx-x86_64/jdk8u121/8372/hotspot/src/share/vm/prims/jni.cpp, line 709]
Event: 5.339 Thread 0x00007fde7e02e000 Exception <a 'java/lang/NullPointerException'> (0x00000007aababa78) thrown at [/Users/java_re/workspace/8-2-build-macosx-x86_64/jdk8u121/8372/hotspot/src/share/vm/interpreter/linkResolver.cpp, line 1178]
Event: 5.520 Thread 0x00007fde7f2b9800 Exception <a 'java/lang/UnsatisfiedLinkError': com.jogamp.common.util.JarUtil.fixNativeLibAttribs(Ljava/lang/String;)Z> (0x00000007aaf6ea38) thrown at [/Users/java_re/workspace/8-2-build-macosx-x86_64/jdk8u121/8372/hotspot/src/share/vm/prims/nativeLookup.
Event: 7.550 Thread 0x00007fde7ea3c000 Exception <a 'java/io/FileNotFoundException'> (0x00000007ab18a6f8) thrown at [/Users/java_re/workspace/8-2-build-macosx-x86_64/jdk8u121/8372/hotspot/src/share/vm/prims/jni.cpp, line 709]
Event: 7.550 Thread 0x00007fde7ea3c000 Exception <a 'java/io/FileNotFoundException'> (0x00000007ab1908e0) thrown at [/Users/java_re/workspace/8-2-build-macosx-x86_64/jdk8u121/8372/hotspot/src/share/vm/prims/jni.cpp, line 709]
Event: 7.550 Thread 0x00007fde7ea3c000 Implicit null exception at 0x0000000112546ef6 to 0x00000001125472c5
Event: 8.459 Thread 0x00007fde7ea3c000 Implicit null exception at 0x000000011249fe06 to 0x00000001124a004d

Events (10 events):
Event: 39.457 loading class java/awt/Toolkit$ToolkitEventMulticaster
Event: 39.457 loading class java/awt/Toolkit$ToolkitEventMulticaster done
Event: 39.457 Executing VM operation: RevokeBias
Event: 39.457 Executing VM operation: RevokeBias done
Event: 39.458 Thread 0x00007fde7f1a9800 Thread exited: 0x00007fde7f1a9800
Event: 39.459 Thread 0x00007fde7e3dc000 Uncommon trap: trap_request=0xffffff86 fr.pc=0x0000000112782b88
Event: 39.459 Thread 0x00007fde7e3dc000 DEOPT PACKING pc=0x0000000112782b88 sp=0x0000700005f807f0
Event: 39.459 Thread 0x00007fde7e3dc000 DEOPT UNPACKING pc=0x000000011237f229 sp=0x0000700005f807a0 mode 2
Event: 39.459 loading class java/awt/Window$1DisposeAction
Event: 39.459 loading class java/awt/Window$1DisposeAction done


Dynamic libraries:
0x000000004c357000 	/System/Library/Frameworks/Cocoa.framework/Versions/A/Cocoa
0x000000004c357000 	/System/Library/Frameworks/Security.framework/Versions/A/Security
0x000000004c357000 	/System/Library/Frameworks/ApplicationServices.framework/Versions/A/ApplicationServices
0x000000004c357000 	/usr/lib/libz.1.dylib
0x000000004c357000 	/usr/lib/libSystem.B.dylib
0x000000004c357000 	/usr/lib/libobjc.A.dylib
0x000000004c357000 	/System/Library/Frameworks/CoreFoundation.framework/Versions/A/CoreFoundation
0x000000004c357000 	/System/Library/Frameworks/Foundation.framework/Versions/C/Foundation
0x000000004c357000 	/System/Library/Frameworks/AppKit.framework/Versions/C/AppKit
0x000000004c357000 	/System/Library/Frameworks/CoreData.framework/Versions/A/CoreData
0x000000004c357000 	/System/Library/PrivateFrameworks/RemoteViewServices.framework/Versions/A/RemoteViewServices
0x000000004c357000 	/System/Library/PrivateFrameworks/UIFoundation.framework/Versions/A/UIFoundation
0x000000004c357000 	/System/Library/PrivateFrameworks/DFRFoundation.framework/Versions/A/DFRFoundation
0x000000004c357000 	/usr/lib/libenergytrace.dylib
0x000000004c357000 	/System/Library/PrivateFrameworks/SkyLight.framework/Versions/A/SkyLight
0x000000004c357000 	/System/Library/Frameworks/CoreGraphics.framework/Versions/A/CoreGraphics
0x000000004c357000 	/usr/lib/libScreenReader.dylib
0x000000004c357000 	/System/Library/Frameworks/Accelerate.framework/Versions/A/Accelerate
0x000000004c357000 	/System/Library/Frameworks/IOSurface.framework/Versions/A/IOSurface
0x000000004c357000 	/System/Library/Frameworks/AudioToolbox.framework/Versions/A/AudioToolbox
0x000000004c357000 	/System/Library/Frameworks/AudioUnit.framework/Versions/A/AudioUnit
0x000000004c357000 	/System/Library/PrivateFrameworks/DataDetectorsCore.framework/Versions/A/DataDetectorsCore
0x000000004c357000 	/System/Library/PrivateFrameworks/DesktopServicesPriv.framework/Versions/A/DesktopServicesPriv
0x000000004c357000 	/System/Library/Frameworks/Carbon.framework/Versions/A/Frameworks/HIToolbox.framework/Versions/A/HIToolbox
0x000000004c357000 	/usr/lib/libicucore.A.dylib
0x000000004c357000 	/System/Library/Frameworks/QuartzCore.framework/Versions/A/QuartzCore
0x000000004c357000 	/System/Library/Frameworks/Carbon.framework/Versions/A/Frameworks/SpeechRecognition.framework/Versions/A/SpeechRecognition
0x000000004c357000 	/usr/lib/libauto.dylib
0x000000004c357000 	/usr/lib/libxml2.2.dylib
0x000000004c357000 	/System/Library/PrivateFrameworks/CoreUI.framework/Versions/A/CoreUI
0x000000004c357000 	/System/Library/Frameworks/CoreAudio.framework/Versions/A/CoreAudio
0x000000004c357000 	/System/Library/Frameworks/DiskArbitration.framework/Versions/A/DiskArbitration
0x000000004c357000 	/usr/lib/liblangid.dylib
0x000000004c357000 	/System/Library/PrivateFrameworks/MultitouchSupport.framework/Versions/A/MultitouchSupport
0x000000004c357000 	/System/Library/Frameworks/IOKit.framework/Versions/A/IOKit
0x000000004c357000 	/usr/lib/libDiagnosticMessagesClient.dylib
0x000000004c357000 	/System/Library/Frameworks/CoreServices.framework/Versions/A/CoreServices
0x000000004c357000 	/System/Library/PrivateFrameworks/PerformanceAnalysis.framework/Versions/A/PerformanceAnalysis
0x000000004c357000 	/System/Library/PrivateFrameworks/GenerationalStorage.framework/Versions/A/GenerationalStorage
0x000000004c357000 	/System/Library/Frameworks/OpenGL.framework/Versions/A/OpenGL
0x000000004c357000 	/System/Library/Frameworks/CoreImage.framework/Versions/A/CoreImage
0x000000004c357000 	/System/Library/Frameworks/CoreText.framework/Versions/A/CoreText
0x000000004c357000 	/System/Library/Frameworks/ImageIO.framework/Versions/A/ImageIO
0x000000004c357000 	/System/Library/PrivateFrameworks/Backup.framework/Versions/A/Backup
0x000000004c357000 	/usr/lib/libarchive.2.dylib
0x000000004c357000 	/System/Library/Frameworks/CFNetwork.framework/Versions/A/CFNetwork
0x000000004c357000 	/System/Library/Frameworks/SystemConfiguration.framework/Versions/A/SystemConfiguration
0x000000004c357000 	/usr/lib/libCRFSuite.dylib
0x000000004c357000 	/usr/lib/libc++.1.dylib
0x000000004c357000 	/usr/lib/libc++abi.dylib
0x000000004c357000 	/usr/lib/system/libcache.dylib
0x000000004c357000 	/usr/lib/system/libcommonCrypto.dylib
0x000000004c357000 	/usr/lib/system/libcompiler_rt.dylib
0x000000004c357000 	/usr/lib/system/libcopyfile.dylib
0x000000004c357000 	/usr/lib/system/libcorecrypto.dylib
0x000000004c357000 	/usr/lib/system/libdispatch.dylib
0x000000004c357000 	/usr/lib/system/libdyld.dylib
0x000000004c357000 	/usr/lib/system/libkeymgr.dylib
0x000000004c357000 	/usr/lib/system/liblaunch.dylib
0x000000004c357000 	/usr/lib/system/libmacho.dylib
0x000000004c357000 	/usr/lib/system/libquarantine.dylib
0x000000004c357000 	/usr/lib/system/libremovefile.dylib
0x000000004c357000 	/usr/lib/system/libsystem_asl.dylib
0x000000004c357000 	/usr/lib/system/libsystem_blocks.dylib
0x000000004c357000 	/usr/lib/system/libsystem_c.dylib
0x000000004c357000 	/usr/lib/system/libsystem_configuration.dylib
0x000000004c357000 	/usr/lib/system/libsystem_coreservices.dylib
0x000000004c357000 	/usr/lib/system/libsystem_coretls.dylib
0x000000004c357000 	/usr/lib/system/libsystem_dnssd.dylib
0x000000004c357000 	/usr/lib/system/libsystem_info.dylib
0x000000004c357000 	/usr/lib/system/libsystem_kernel.dylib
0x000000004c357000 	/usr/lib/system/libsystem_m.dylib
0x000000004c357000 	/usr/lib/system/libsystem_malloc.dylib
0x000000004c357000 	/usr/lib/system/libsystem_network.dylib
0x000000004c357000 	/usr/lib/system/libsystem_networkextension.dylib
0x000000004c357000 	/usr/lib/system/libsystem_notify.dylib
0x000000004c357000 	/usr/lib/system/libsystem_platform.dylib
0x000000004c357000 	/usr/lib/system/libsystem_pthread.dylib
0x000000004c357000 	/usr/lib/system/libsystem_sandbox.dylib
0x000000004c357000 	/usr/lib/system/libsystem_secinit.dylib
0x000000004c357000 	/usr/lib/system/libsystem_symptoms.dylib
0x000000004c357000 	/usr/lib/system/libsystem_trace.dylib
0x000000004c357000 	/usr/lib/system/libunwind.dylib
0x000000004c357000 	/usr/lib/system/libxpc.dylib
0x000000004c357000 	/usr/lib/libbsm.0.dylib
0x000000004c357000 	/usr/lib/system/libkxld.dylib
0x000000004c357000 	/usr/lib/libcoretls.dylib
0x000000004c357000 	/usr/lib/libcoretls_cfhelpers.dylib
0x000000004c357000 	/usr/lib/libOpenScriptingUtil.dylib
0x000000004c357000 	/usr/lib/libpam.2.dylib
0x000000004c357000 	/usr/lib/libsqlite3.dylib
0x000000004c357000 	/usr/lib/libxar.1.dylib
0x000000004c357000 	/usr/lib/libbz2.1.0.dylib
0x000000004c357000 	/usr/lib/liblzma.5.dylib
0x000000004c357000 	/usr/lib/libnetwork.dylib
0x000000004c357000 	/usr/lib/libpcap.A.dylib
0x000000004c357000 	/System/Library/Frameworks/CoreServices.framework/Versions/A/Frameworks/FSEvents.framework/Versions/A/FSEvents
0x000000004c357000 	/System/Library/Frameworks/CoreServices.framework/Versions/A/Frameworks/CarbonCore.framework/Versions/A/CarbonCore
0x000000004c357000 	/System/Library/Frameworks/CoreServices.framework/Versions/A/Frameworks/Metadata.framework/Versions/A/Metadata
0x000000004c357000 	/System/Library/Frameworks/CoreServices.framework/Versions/A/Frameworks/OSServices.framework/Versions/A/OSServices
0x000000004c357000 	/System/Library/Frameworks/CoreServices.framework/Versions/A/Frameworks/SearchKit.framework/Versions/A/SearchKit
0x000000004c357000 	/System/Library/Frameworks/CoreServices.framework/Versions/A/Frameworks/AE.framework/Versions/A/AE
0x000000004c357000 	/System/Library/Frameworks/CoreServices.framework/Versions/A/Frameworks/LaunchServices.framework/Versions/A/LaunchServices
0x000000004c357000 	/System/Library/Frameworks/CoreServices.framework/Versions/A/Frameworks/DictionaryServices.framework/Versions/A/DictionaryServices
0x000000004c357000 	/System/Library/Frameworks/CoreServices.framework/Versions/A/Frameworks/SharedFileList.framework/Versions/A/SharedFileList
0x000000004c357000 	/System/Library/Frameworks/NetFS.framework/Versions/A/NetFS
0x000000004c357000 	/System/Library/PrivateFrameworks/NetAuth.framework/Versions/A/NetAuth
0x000000004c357000 	/System/Library/PrivateFrameworks/login.framework/Versions/A/Frameworks/loginsupport.framework/Versions/A/loginsupport
0x000000004c357000 	/System/Library/PrivateFrameworks/TCC.framework/Versions/A/TCC
0x000000004c357000 	/usr/lib/libmecabra.dylib
0x000000004c357000 	/System/Library/Frameworks/ApplicationServices.framework/Versions/A/Frameworks/ATS.framework/Versions/A/ATS
0x000000004c357000 	/System/Library/Frameworks/ApplicationServices.framework/Versions/A/Frameworks/ColorSync.framework/Versions/A/ColorSync
0x000000004c357000 	/System/Library/Frameworks/ApplicationServices.framework/Versions/A/Frameworks/HIServices.framework/Versions/A/HIServices
0x000000004c357000 	/System/Library/Frameworks/ApplicationServices.framework/Versions/A/Frameworks/LangAnalysis.framework/Versions/A/LangAnalysis
0x000000004c357000 	/System/Library/Frameworks/ApplicationServices.framework/Versions/A/Frameworks/PrintCore.framework/Versions/A/PrintCore
0x000000004c357000 	/System/Library/Frameworks/ApplicationServices.framework/Versions/A/Frameworks/QD.framework/Versions/A/QD
0x000000004c357000 	/System/Library/Frameworks/ApplicationServices.framework/Versions/A/Frameworks/SpeechSynthesis.framework/Versions/A/SpeechSynthesis
0x000000004c357000 	/System/Library/Frameworks/Accelerate.framework/Versions/A/Frameworks/vImage.framework/Versions/A/vImage
0x000000004c357000 	/System/Library/Frameworks/Accelerate.framework/Versions/A/Frameworks/vecLib.framework/Versions/A/vecLib
0x000000004c357000 	/System/Library/Frameworks/Accelerate.framework/Versions/A/Frameworks/vecLib.framework/Versions/A/libvDSP.dylib
0x000000004c357000 	/System/Library/Frameworks/Accelerate.framework/Versions/A/Frameworks/vecLib.framework/Versions/A/libBNNS.dylib
0x000000004c357000 	/System/Library/Frameworks/Accelerate.framework/Versions/A/Frameworks/vecLib.framework/Versions/A/libQuadrature.dylib
0x000000004c357000 	/System/Library/Frameworks/Accelerate.framework/Versions/A/Frameworks/vecLib.framework/Versions/A/libvMisc.dylib
0x000000004c357000 	/System/Library/Frameworks/Accelerate.framework/Versions/A/Frameworks/vecLib.framework/Versions/A/libLAPACK.dylib
0x000000004c357000 	/System/Library/Frameworks/Accelerate.framework/Versions/A/Frameworks/vecLib.framework/Versions/A/libBLAS.dylib
0x000000004c357000 	/System/Library/Frameworks/Accelerate.framework/Versions/A/Frameworks/vecLib.framework/Versions/A/libLinearAlgebra.dylib
0x000000004c357000 	/System/Library/Frameworks/Accelerate.framework/Versions/A/Frameworks/vecLib.framework/Versions/A/libSparseBLAS.dylib
0x000000004c357000 	/System/Library/Frameworks/ApplicationServices.framework/Versions/A/Frameworks/ATS.framework/Versions/A/Resources/libFontParser.dylib
0x000000004c357000 	/System/Library/Frameworks/ApplicationServices.framework/Versions/A/Frameworks/ATS.framework/Versions/A/Resources/libFontRegistry.dylib
0x000000004c357000 	/System/Library/Frameworks/ImageIO.framework/Versions/A/Resources/libJPEG.dylib
0x000000004c357000 	/System/Library/Frameworks/ImageIO.framework/Versions/A/Resources/libTIFF.dylib
0x000000004c357000 	/System/Library/Frameworks/ImageIO.framework/Versions/A/Resources/libPng.dylib
0x000000004c357000 	/System/Library/Frameworks/ImageIO.framework/Versions/A/Resources/libGIF.dylib
0x000000004c357000 	/System/Library/Frameworks/ImageIO.framework/Versions/A/Resources/libJP2.dylib
0x000000004c357000 	/System/Library/Frameworks/ImageIO.framework/Versions/A/Resources/libRadiance.dylib
0x000000004c357000 	/usr/lib/libcompression.dylib
0x000000004c357000 	/System/Library/PrivateFrameworks/AppleJPEG.framework/Versions/A/AppleJPEG
0x000000004c357000 	/usr/lib/libcups.2.dylib
0x000000004c357000 	/System/Library/Frameworks/Kerberos.framework/Versions/A/Kerberos
0x000000004c357000 	/System/Library/Frameworks/GSS.framework/Versions/A/GSS
0x000000004c357000 	/usr/lib/libresolv.9.dylib
0x000000004c357000 	/usr/lib/libiconv.2.dylib
0x000000004c357000 	/System/Library/PrivateFrameworks/Heimdal.framework/Versions/A/Heimdal
0x000000004c357000 	/usr/lib/libheimdal-asn1.dylib
0x000000004c357000 	/System/Library/Frameworks/OpenDirectory.framework/Versions/A/OpenDirectory
0x000000004c357000 	/System/Library/PrivateFrameworks/CommonAuth.framework/Versions/A/CommonAuth
0x000000004c357000 	/System/Library/Frameworks/OpenDirectory.framework/Versions/A/Frameworks/CFOpenDirectory.framework/Versions/A/CFOpenDirectory
0x000000004c357000 	/System/Library/Frameworks/SecurityFoundation.framework/Versions/A/SecurityFoundation
0x000000004c357000 	/System/Library/PrivateFrameworks/LanguageModeling.framework/Versions/A/LanguageModeling
0x000000004c357000 	/usr/lib/libmarisa.dylib
0x000000004c357000 	/usr/lib/libChineseTokenizer.dylib
0x000000004c357000 	/usr/lib/libcmph.dylib
0x000000004c357000 	/System/Library/PrivateFrameworks/CoreEmoji.framework/Versions/A/CoreEmoji
0x000000004c357000 	/System/Library/Frameworks/ServiceManagement.framework/Versions/A/ServiceManagement
0x000000004c357000 	/usr/lib/libxslt.1.dylib
0x000000004c357000 	/System/Library/Frameworks/Carbon.framework/Versions/A/Frameworks/Ink.framework/Versions/A/Ink
0x000000004c357000 	/System/Library/PrivateFrameworks/TextureIO.framework/Versions/A/TextureIO
0x000000004c357000 	/System/Library/Frameworks/Metal.framework/Versions/A/Metal
0x000000004c357000 	/usr/lib/libate.dylib
0x000000004c357000 	/System/Library/PrivateFrameworks/GPUCompiler.framework/libmetal_timestamp.dylib
0x000000004c357000 	/System/Library/Frameworks/OpenGL.framework/Versions/A/Libraries/libCoreFSCache.dylib
0x000000004c357000 	/System/Library/PrivateFrameworks/IOAccelerator.framework/Versions/A/IOAccelerator
0x000000004c357000 	/System/Library/Frameworks/CoreVideo.framework/Versions/A/CoreVideo
0x000000004c357000 	/usr/lib/libFosl_dynamic.dylib
0x000000004c357000 	/System/Library/PrivateFrameworks/MetalPerformanceShaders.framework/Versions/A/MetalPerformanceShaders
0x000000004c357000 	/System/Library/PrivateFrameworks/FaceCore.framework/Versions/A/FaceCore
0x000000004c357000 	/System/Library/Frameworks/OpenCL.framework/Versions/A/OpenCL
0x000000004c357000 	/System/Library/Frameworks/OpenGL.framework/Versions/A/Libraries/libGLU.dylib
0x000000004c357000 	/System/Library/Frameworks/OpenGL.framework/Versions/A/Libraries/libGFXShared.dylib
0x000000004c357000 	/System/Library/Frameworks/OpenGL.framework/Versions/A/Libraries/libGL.dylib
0x000000004c357000 	/System/Library/Frameworks/OpenGL.framework/Versions/A/Libraries/libGLImage.dylib
0x000000004c357000 	/System/Library/Frameworks/OpenGL.framework/Versions/A/Libraries/libCVMSPluginSupport.dylib
0x000000004c357000 	/System/Library/Frameworks/OpenGL.framework/Versions/A/Libraries/libCoreVMClient.dylib
0x000000004c357000 	/System/Library/PrivateFrameworks/CrashReporterSupport.framework/Versions/A/CrashReporterSupport
0x000000004c357000 	/System/Library/PrivateFrameworks/Sharing.framework/Versions/A/Sharing
0x000000004c357000 	/System/Library/PrivateFrameworks/IconServices.framework/Versions/A/IconServices
0x000000004c357000 	/System/Library/PrivateFrameworks/ProtocolBuffer.framework/Versions/A/ProtocolBuffer
0x000000004c357000 	/System/Library/PrivateFrameworks/Apple80211.framework/Versions/A/Apple80211
0x000000004c357000 	/System/Library/Frameworks/CoreWLAN.framework/Versions/A/CoreWLAN
0x000000004c357000 	/System/Library/PrivateFrameworks/CoreUtils.framework/Versions/A/CoreUtils
0x000000004c357000 	/System/Library/Frameworks/IOBluetooth.framework/Versions/A/IOBluetooth
0x000000004c357000 	/System/Library/PrivateFrameworks/CoreWiFi.framework/Versions/A/CoreWiFi
0x000000004c357000 	/System/Library/Frameworks/CoreBluetooth.framework/Versions/A/CoreBluetooth
0x000000004c357000 	/System/Library/Frameworks/CoreDisplay.framework/Versions/A/CoreDisplay
0x000000004c357000 	/System/Library/PrivateFrameworks/IOPresentment.framework/Versions/A/IOPresentment
0x000000004c357000 	/System/Library/PrivateFrameworks/DSExternalDisplay.framework/Versions/A/DSExternalDisplay
0x000000004c357000 	/System/Library/PrivateFrameworks/DebugSymbols.framework/Versions/A/DebugSymbols
0x000000004c357000 	/System/Library/PrivateFrameworks/CoreSymbolication.framework/Versions/A/CoreSymbolication
0x000000004c357000 	/System/Library/PrivateFrameworks/Symbolication.framework/Versions/A/Symbolication
0x000000004c357000 	/System/Library/PrivateFrameworks/AppleFSCompression.framework/Versions/A/AppleFSCompression
0x000000004c357000 	/System/Library/PrivateFrameworks/SpeechRecognitionCore.framework/Versions/A/SpeechRecognitionCore
0x000000004c357000 	/System/Library/PrivateFrameworks/ChunkingLibrary.framework/Versions/A/ChunkingLibrary
0x000000010b400000 	/Library/Java/JavaVirtualMachines/jdk1.8.0_121.jdk/Contents/Home/jre/lib/server/libjvm.dylib
0x000000004c357000 	/usr/lib/libstdc++.6.dylib
0x000000010abf2000 	/Library/Java/JavaVirtualMachines/jdk1.8.0_121.jdk/Contents/Home/jre/lib/libverify.dylib
0x000000010c3a2000 	/Library/Java/JavaVirtualMachines/jdk1.8.0_121.jdk/Contents/Home/jre/lib/libjava.dylib
0x000000010c3e1000 	/Library/Java/JavaVirtualMachines/jdk1.8.0_121.jdk/Contents/Home/jre/lib/libzip.dylib
0x00000001107e5000 	/System/Library/Frameworks/JavaVM.framework/Frameworks/JavaRuntimeSupport.framework/JavaRuntimeSupport
0x00000001107ff000 	/System/Library/Frameworks/JavaVM.framework/Versions/A/Frameworks/JavaNativeFoundation.framework/Versions/A/JavaNativeFoundation
0x0000000110814000 	/System/Library/Frameworks/JavaVM.framework/Versions/A/JavaVM
0x000000004c357000 	/System/Library/Frameworks/Carbon.framework/Versions/A/Carbon
0x0000000110821000 	/System/Library/PrivateFrameworks/JavaLaunching.framework/Versions/A/JavaLaunching
0x000000004c357000 	/System/Library/Frameworks/Carbon.framework/Versions/A/Frameworks/CommonPanels.framework/Versions/A/CommonPanels
0x000000004c357000 	/System/Library/Frameworks/Carbon.framework/Versions/A/Frameworks/Help.framework/Versions/A/Help
0x000000004c357000 	/System/Library/Frameworks/Carbon.framework/Versions/A/Frameworks/ImageCapture.framework/Versions/A/ImageCapture
0x000000004c357000 	/System/Library/Frameworks/Carbon.framework/Versions/A/Frameworks/OpenScripting.framework/Versions/A/OpenScripting
0x000000004c357000 	/System/Library/Frameworks/Carbon.framework/Versions/A/Frameworks/Print.framework/Versions/A/Print
0x000000004c357000 	/System/Library/Frameworks/Carbon.framework/Versions/A/Frameworks/SecurityHI.framework/Versions/A/SecurityHI
0x0000000112135000 	/Library/Java/JavaVirtualMachines/jdk1.8.0_121.jdk/Contents/Home/jre/lib/libawt.dylib
0x00000001121dd000 	/Library/Java/JavaVirtualMachines/jdk1.8.0_121.jdk/Contents/Home/jre/lib/./libmlib_image.dylib
0x000000012137a000 	/Library/Java/JavaVirtualMachines/jdk1.8.0_121.jdk/Contents/Home/jre/lib/libawt_lwawt.dylib
0x00000001122a9000 	/Library/Java/JavaVirtualMachines/jdk1.8.0_121.jdk/Contents/Home/jre/lib/./libosxapp.dylib
0x000000004c357000 	/System/Library/Frameworks/ExceptionHandling.framework/Versions/A/ExceptionHandling
0x000000004c357000 	/System/Library/PrivateFrameworks/CoreServicesInternal.framework/Versions/A/CoreServicesInternal
0x000000004c357000 	/System/Library/CoreServices/RawCamera.bundle/Contents/MacOS/RawCamera
0x000000004c357000 	/System/Library/Frameworks/Accelerate.framework/Versions/A/Frameworks/vImage.framework/Versions/A/Libraries/libCGInterfaces.dylib
0x000000004c357000 	/System/Library/Frameworks/ApplicationServices.framework/Versions/A/Frameworks/ATS.framework/Versions/A/Resources/libTrueTypeScaler.dylib
0x0000000122f1a000 	/System/Library/Frameworks/OpenGL.framework/Resources/GLEngine.bundle/GLEngine
0x000000004c357000 	/System/Library/Frameworks/OpenGL.framework/Versions/A/Libraries/libGLProgrammability.dylib
0x00000001230ff000 	/System/Library/Extensions/AppleIntelHD5000GraphicsGLDriver.bundle/Contents/MacOS/AppleIntelHD5000GraphicsGLDriver
0x000000004c357000 	/System/Library/PrivateFrameworks/GPUSupport.framework/Versions/A/Libraries/libGPUSupportMercury.dylib
0x000000012386d000 	/System/Library/Frameworks/OpenGL.framework/Resources//GLRendererFloat.bundle/GLRendererFloat
0x000000004c357000 	/System/Library/Frameworks/OpenCL.framework/Versions/A/Libraries/libcldcpuengine.dylib
0x000000004c357000 	/usr/lib/libcrypto.0.9.8.dylib
0x000000004c357000 	/System/Library/PrivateFrameworks/TrustEvaluationAgent.framework/Versions/A/TrustEvaluationAgent
0x00000001238a1000 	/System/Library/Extensions/AppleIntelHD5000GraphicsMTLDriver.bundle/Contents/MacOS/AppleIntelHD5000GraphicsMTLDriver
0x000000004c357000 	/System/Library/PrivateFrameworks/FamilyControls.framework/Versions/A/FamilyControls
0x000000004c357000 	/System/Library/PrivateFrameworks/CommerceKit.framework/Versions/A/Frameworks/CommerceCore.framework/Versions/A/CommerceCore
0x000000004c357000 	/System/Library/PrivateFrameworks/SystemAdministration.framework/Versions/A/SystemAdministration
0x000000004c357000 	/System/Library/PrivateFrameworks/AppContainer.framework/Versions/A/AppContainer
0x000000004c357000 	/System/Library/PrivateFrameworks/SecCodeWrapper.framework/Versions/A/SecCodeWrapper
0x000000004c357000 	/System/Library/Frameworks/DirectoryService.framework/Versions/A/DirectoryService
0x000000004c357000 	/System/Library/PrivateFrameworks/DiskImages.framework/Versions/A/DiskImages
0x000000004c357000 	/System/Library/PrivateFrameworks/LoginUIKit.framework/Versions/A/Frameworks/LoginUICore.framework/Versions/A/LoginUICore
0x000000004c357000 	/usr/lib/libCoreStorage.dylib
0x000000004c357000 	/usr/lib/libcsfde.dylib
0x000000004c357000 	/usr/lib/libodfde.dylib
0x000000004c357000 	/System/Library/Frameworks/DiscRecording.framework/Versions/A/DiscRecording
0x000000004c357000 	/usr/lib/libcurl.4.dylib
0x000000004c357000 	/System/Library/PrivateFrameworks/MediaKit.framework/Versions/A/MediaKit
0x000000004c357000 	/System/Library/PrivateFrameworks/ProtectedCloudStorage.framework/Versions/A/ProtectedCloudStorage
0x000000004c357000 	/System/Library/PrivateFrameworks/EFILogin.framework/Versions/A/EFILogin
0x000000004c357000 	/usr/lib/libutil.dylib
0x000000004c357000 	/System/Library/Frameworks/LDAP.framework/Versions/A/LDAP
0x000000004c357000 	/usr/lib/libsasl2.2.dylib
0x000000004c357000 	/System/Library/PrivateFrameworks/CoreDaemon.framework/Versions/B/CoreDaemon
0x000000004c357000 	/System/Library/PrivateFrameworks/AppleSRP.framework/Versions/A/AppleSRP
0x000000004c357000 	/System/Library/PrivateFrameworks/APFS.framework/Versions/A/APFS
0x000000004c357000 	/System/Library/PrivateFrameworks/ViewBridge.framework/Versions/A/ViewBridge
0x000000004c357000 	/System/Library/PrivateFrameworks/XPCService.framework/Versions/A/XPCService
0x000000004c357000 	/System/Library/PrivateFrameworks/AppSandbox.framework/Versions/A/AppSandbox
0x000000004c357000 	/usr/lib/libsandbox.1.dylib
0x000000004c357000 	/usr/lib/libMatch.1.dylib
0x0000000125495000 	/Library/Java/JavaVirtualMachines/jdk1.8.0_121.jdk/Contents/Home/jre/lib/libfontmanager.dylib
0x0000000126890000 	/Library/Java/JavaVirtualMachines/jdk1.8.0_121.jdk/Contents/Home/jre/lib/libosxui.dylib
0x000000012745f000 	/Library/Java/JavaVirtualMachines/jdk1.8.0_121.jdk/Contents/Home/jre/lib/libnet.dylib
0x00000001273b5000 	/Library/Java/JavaVirtualMachines/jdk1.8.0_121.jdk/Contents/Home/jre/lib/libnio.dylib
0x000000012659e000 	/private/var/folders/z5/dkh_k18x6bn8z6w6jj1k7pqm0000gn/T/jogamp_0000/file_cache/jln4945288045692733053/jln5502444639415166173/libgluegen-rt.jnilib
0x00000001265a2000 	/private/var/folders/z5/dkh_k18x6bn8z6w6jj1k7pqm0000gn/T/jogamp_0000/file_cache/jln4945288045692733053/jln5502444639415166173/libnativewindow_awt.jnilib
0x00000001273c5000 	/Library/Java/JavaVirtualMachines/jdk1.8.0_121.jdk/Contents/Home/jre/lib/libjawt.dylib
0x000000018fa7d000 	/private/var/folders/z5/dkh_k18x6bn8z6w6jj1k7pqm0000gn/T/jogamp_0000/file_cache/jln4945288045692733053/jln5502444639415166173/libnativewindow_macosx.jnilib
0x0000000191b1e000 	/private/var/folders/z5/dkh_k18x6bn8z6w6jj1k7pqm0000gn/T/jogamp_0000/file_cache/jln4945288045692733053/jln5502444639415166173/libjogl_desktop.jnilib
0x0000000194555000 	/Library/Java/JavaVirtualMachines/jdk1.8.0_121.jdk/Contents/Home/jre/lib/libt2k.dylib

VM Arguments:
jvm_args: -Djava.security.policy=java.policy.applet -Dfile.encoding=MacRoman 
java_command: sun.applet.AppletViewer module6.EarthquakeCityMap1523947159038.html
java_class_path (initial): /Users/Mac/Documents/workspace/UCSDUnfoldingMaps/build:/Users/Mac/Documents/workspace/UCSDUnfoldingMaps/lib/core.jar:/Users/Mac/Documents/workspace/UCSDUnfoldingMaps/lib/gluegen-rt.jar:/Users/Mac/Documents/workspace/UCSDUnfoldingMaps/lib/jogl-all.jar:/Users/Mac/Documents/workspace/UCSDUnfoldingMaps/lib/log4j-1.2.15.jar:/Users/Mac/Documents/workspace/UCSDUnfoldingMaps/lib/sqlite-jdbc-3.7.2.jar:/Users/Mac/Documents/workspace/UCSDUnfoldingMaps/lib/json4processing.jar:/Users/Mac/Documents/workspace/UCSDUnfoldingMaps/lib/libTUIO.jar:/Users/Mac/Documents/workspace/UCSDUnfoldingMaps/lib/unfolding.0.9.7-uscd.jar
Launcher Type: SUN_STANDARD

Environment Variables:
PATH=/Library/Frameworks/Python.framework/Versions/3.6/bin:/usr/local/bin:/usr/bin:/bin:/usr/sbin:/sbin:/opt/X11/bin:/Library/Frameworks/Mono.framework/Versions/Current/Commands:/Library/TeX/texbin
SHELL=/bin/bash
DISPLAY=/private/tmp/com.apple.launchd.BfoSnAz3r8/org.macosforge.xquartz:0

Signal Handlers:
SIGSEGV: [libjvm.dylib+0x5b1141], sa_mask[0]=11111111011111110111111111111111, sa_flags=SA_ONSTACK|SA_RESTART|SA_SIGINFO
SIGBUS: [libjvm.dylib+0x5b1141], sa_mask[0]=11111111011111110111111111111111, sa_flags=SA_RESTART|SA_SIGINFO
SIGFPE: [libjvm.dylib+0x487bc4], sa_mask[0]=11111111011111110111111111111111, sa_flags=SA_RESTART|SA_SIGINFO
SIGPIPE: [libjvm.dylib+0x487bc4], sa_mask[0]=11111111011111110111111111111111, sa_flags=SA_RESTART|SA_SIGINFO
SIGXFSZ: [libjvm.dylib+0x487bc4], sa_mask[0]=11111111011111110111111111111111, sa_flags=SA_RESTART|SA_SIGINFO
SIGILL: [libjvm.dylib+0x487bc4], sa_mask[0]=11111111011111110111111111111111, sa_flags=SA_RESTART|SA_SIGINFO
SIGUSR1: SIG_DFL, sa_mask[0]=11011111011111100000000111000110, sa_flags=none
SIGUSR2: [libjvm.dylib+0x4876e2], sa_mask[0]=00100000000000000000000000000000, sa_flags=SA_RESTART|SA_SIGINFO
SIGHUP: [libjvm.dylib+0x485cb9], sa_mask[0]=11111111011111110111111111111111, sa_flags=SA_RESTART|SA_SIGINFO
SIGINT: [libjvm.dylib+0x485cb9], sa_mask[0]=11111111011111110111111111111111, sa_flags=SA_RESTART|SA_SIGINFO
SIGTERM: [libjvm.dylib+0x485cb9], sa_mask[0]=11111111011111110111111111111111, sa_flags=SA_RESTART|SA_SIGINFO
SIGQUIT: [libjvm.dylib+0x485cb9], sa_mask[0]=11111111011111110111111111111111, sa_flags=SA_RESTART|SA_SIGINFO


---------------  S Y S T E M  ---------------

OS:Bsduname:Darwin 16.7.0 Darwin Kernel Version 16.7.0: Thu Jan 11 22:59:40 PST 2018; root:xnu-3789.73.8~1/RELEASE_X86_64 x86_64
rlimit: STACK 8192k, CORE 0k, NPROC 709, NOFILE 10240, AS infinity
load average:4.75 2.62 2.36

CPU:total 4 (2 cores per cpu, 2 threads per core) family 6 model 69 stepping 1, cmov, cx8, fxsr, mmx, sse, sse2, sse3, ssse3, sse4.1, sse4.2, popcnt, avx, avx2, aes, clmul, erms, lzcnt, ht, tsc, tscinvbit, bmi1, bmi2

Memory: 4k page, physical 4194304k(67328k free)

/proc/meminfo:


vm_info: Java HotSpot(TM) 64-Bit Server VM (25.121-b13) for bsd-amd64 JRE (1.8.0_121-b13), built on Dec 12 2016 20:39:32 by "java_re" with gcc 4.2.1 (Based on Apple Inc. build 5658) (LLVM build 2336.11.00)

time: Mon Apr 16 23:39:58 2018
elapsed time: 39 seconds (0d 0h 0m 39s)

