#
# A fatal error has been detected by the Java Runtime Environment:
#
#  SIGSEGV (0xb) at pc=0x00007fffd65ee05d, pid=10374, tid=0x0000000000000307
#
# JRE version: Java(TM) SE Runtime Environment (8.0_121-b13) (build 1.8.0_121-b13)
# Java VM: Java HotSpot(TM) 64-Bit Server VM (25.121-b13 mixed mode bsd-amd64 compressed oops)
# Problematic frame:
# C  [libobjc.A.dylib+0x705d]  objc_msgSend+0x1d
#
# Failed to write core dump. Core dumps have been disabled. To enable core dumping, try "ulimit -c unlimited" before starting Java again
#
# If you would like to submit a bug report, please visit:
#   http://bugreport.java.com/bugreport/crash.jsp
# The crash happened outside the Java Virtual Machine in native code.
# See problematic frame for where to report the bug.
#

---------------  T H R E A D  ---------------

Current thread (0x00007ff6ac071800):  JavaThread "AWT-AppKit" daemon [_thread_in_native, id=775, stack(0x00007fff5c771000,0x00007fff5cf71000)]

siginfo: si_signo: 11 (SIGSEGV), si_code: 1 (SEGV_MAPERR), si_addr: 0x0000000000000018

Registers:
RAX=0x00007ff6aa4e7270, RBX=0x0000000187b6d450, RCX=0x00007ff6aca01220, RDX=0x0000000000000000
RSP=0x00007fff5cf6c148, RBP=0x00007fff5cf6c200, RSI=0x00007fffbfe75116, RDI=0x00007ff6aa4ebc50
R8 =0x0000000000000018, R9 =0x00007ff6aca01260, R10=0x0000000000000000, R11=0x00007fffbfe75116
R12=0x0000000000000000, R13=0x0000000189abea90, R14=0x0000000187b6d440, R15=0x00007ff6ac071800
RIP=0x00007fffd65ee05d, EFLAGS=0x0000000000010246, ERR=0x0000000000000004
  TRAPNO=0x000000000000000e

Top of Stack: (sp=0x00007fff5cf6c148)
0x00007fff5cf6c148:   0000000187b6b157 00007fff5cf6c1a0
0x00007fff5cf6c158:   0000000000000003 00007fff5cf6c180
0x00007fff5cf6c168:   00000001037f2c62 0000000189abea90
0x00007fff5cf6c178:   0000000189abea90 00007ff6aa4e7270
0x00007fff5cf6c188:   0000000187b6d6a0 0000000187b6d710
0x00007fff5cf6c198:   00007fffdc6546d0 00007fffdd2841e0
0x00007fff5cf6c1a8:   0000000187b6d450 0000000187b6d690
0x00007fff5cf6c1b8:   00007ff6aa4e7270 00007ff6aa4ebc50
0x00007fff5cf6c1c8:   00007ff6aa799fd0 00007ff6aa4e7270
0x00007fff5cf6c1d8:   00007ff6aa4ebc50 00007fff5cf6c288
0x00007fff5cf6c1e8:   00007ff6ac0719f8 0000000189abea90
0x00007fff5cf6c1f8:   00007fff5cf6c2b0 00007fff5cf6c278
0x00007fff5cf6c208:   0000000111a4f9f4 0000000189abea90
0x00007fff5cf6c218:   00007fff5cf6c2b0 00007fff5cf6c278
0x00007fff5cf6c228:   0000000111a4f787 0000000111a4f742
0x00007fff5cf6c238:   00007fff5cf6c238 0000000189abea90
0x00007fff5cf6c248:   00007fff5cf6c2b0 0000000189ac0240
0x00007fff5cf6c258:   0000000000000000 0000000189abea90
0x00007fff5cf6c268:   0000000000000000 00007fff5cf6c298
0x00007fff5cf6c278:   00007fff5cf6c2f8 0000000111a402bd
0x00007fff5cf6c288:   00000007804ef6c0 0000000111a49538
0x00007fff5cf6c298:   00007ff6aa4e7270 00007fff5cf6c2f8
0x00007fff5cf6c2a8:   00007ff6aa4ebc50 0000000111a4ae02
0x00007fff5cf6c2b8:   00007fff5cf6c2b8 0000000189abec5a
0x00007fff5cf6c2c8:   00007fff5cf6c320 0000000189ac0240
0x00007fff5cf6c2d8:   0000000000000000 0000000189abec68
0x00007fff5cf6c2e8:   00007fff5cf6c298 00007fff5cf6c308
0x00007fff5cf6c2f8:   00007fff5cf6c368 0000000111a402bd
0x00007fff5cf6c308:   00007ff6aa4e7270 0000000780e1ac18
0x00007fff5cf6c318:   00007ff6aa4ebc50 0000000780e1ac18
0x00007fff5cf6c328:   00007fff5cf6c328 000000018f4c61c6
0x00007fff5cf6c338:   00007fff5cf6c378 000000018f4c6280 

Instructions: (pc=0x00007fffd65ee05d)
0x00007fffd65ee03d:   0f 1f 00 48 85 ff 2e 74 62 40 f6 c7 01 2e 75 66
0x00007fffd65ee04d:   49 ba f8 ff ff ff ff 7f 00 00 4c 23 17 49 89 f3
0x00007fffd65ee05d:   45 23 5a 18 49 c1 e3 04 4d 03 5a 10 49 3b 33 75
0x00007fffd65ee06d:   04 41 ff 63 08 49 83 3b 01 76 0d 49 83 c3 10 49 

Register to memory mapping:

RAX=0x00007ff6aa4e7270 is an unknown value
RBX=0x0000000187b6d450: Java_jogamp_nativewindow_macosx_OSXUtil_GetScreenRefreshRate0+0x1cf0 in /private/var/folders/z5/dkh_k18x6bn8z6w6jj1k7pqm0000gn/T/jogamp_0000/file_cache/jln1964377602004496731/jln3692214931446268427/libnativewindow_macosx.jnilib at 0x0000000187b66000
RCX=0x00007ff6aca01220 is an unknown value
RDX=0x0000000000000000 is an unknown value
RSP=0x00007fff5cf6c148 is pointing into the stack for thread: 0x00007ff6ac071800
RBP=0x00007fff5cf6c200 is pointing into the stack for thread: 0x00007ff6ac071800
RSI=0x00007fffbfe75116: __NSStyleNameIndexTable+0x7fd5e in /System/Library/Frameworks/AppKit.framework/Versions/C/AppKit at 0x00007fffbf208000
RDI=0x00007ff6aa4ebc50 is an unknown value
R8 =0x0000000000000018 is an unknown value
R9 =0x00007ff6aca01260 is an unknown value
R10=0x0000000000000000 is an unknown value
R11=0x00007fffbfe75116: __NSStyleNameIndexTable+0x7fd5e in /System/Library/Frameworks/AppKit.framework/Versions/C/AppKit at 0x00007fffbf208000
R12=0x0000000000000000 is an unknown value
R13={method} {0x0000000189abea90} 'UnsetJAWTRootSurfaceLayer0' '(JJ)V' in 'jogamp/nativewindow/jawt/macosx/MacOSXJAWTWindow'
R14=0x0000000187b6d440: Java_jogamp_nativewindow_macosx_OSXUtil_GetScreenRefreshRate0+0x1ce0 in /private/var/folders/z5/dkh_k18x6bn8z6w6jj1k7pqm0000gn/T/jogamp_0000/file_cache/jln1964377602004496731/jln3692214931446268427/libnativewindow_macosx.jnilib at 0x0000000187b66000
R15=0x00007ff6ac071800 is a thread


Stack: [0x00007fff5c771000,0x00007fff5cf71000],  sp=0x00007fff5cf6c148,  free space=8172k
Native frames: (J=compiled Java code, j=interpreted, Vv=VM code, C=native code)
C  [libobjc.A.dylib+0x705d]  objc_msgSend+0x1d
j  jogamp.nativewindow.jawt.macosx.MacOSXJAWTWindow.UnsetJAWTRootSurfaceLayer0(JJ)V+0
j  jogamp.nativewindow.jawt.macosx.MacOSXJAWTWindow.access$200(JJ)V+2
j  jogamp.nativewindow.jawt.macosx.MacOSXJAWTWindow$1.run()V+38
J 2326 C1 com.jogamp.common.util.RunnableTask.run()V (345 bytes) @ 0x000000011218f974 [0x000000011218f7e0+0x194]
v  ~StubRoutines::call_stub
V  [libjvm.dylib+0x2ed9d6]
V  [libjvm.dylib+0x324b65]
V  [libjvm.dylib+0x317333]
C  [libnativewindow_macosx.jnilib+0x5326]  Java_jogamp_nativewindow_jawt_macosx_MacOSXJAWTWindow_UnsetJAWTRootSurfaceLayer0+0x2b6
C  [Foundation+0x7152a]  __NSThreadPerformPerform+0x146
C  [CoreFoundation+0xa7321]  __CFRUNLOOP_IS_CALLING_OUT_TO_A_SOURCE0_PERFORM_FUNCTION__+0x11
C  [CoreFoundation+0x8821d]  __CFRunLoopDoSources0+0x22d
C  [CoreFoundation+0x87716]  __CFRunLoopRun+0x3a6
C  [CoreFoundation+0x87114]  CFRunLoopRunSpecific+0x1a4
C  [HIToolbox+0x30ebc]  RunCurrentEventLoopInMode+0xf0
C  [HIToolbox+0x30bf9]  ReceiveNextEventCommon+0xb8
C  [HIToolbox+0x30b26]  _BlockUntilNextEventMatchingListInModeWithFilter+0x47
C  [AppKit+0x46a54]  _DPSNextEvent+0x460
C  [AppKit+0x7c27ee]  -[NSApplication(NSEvent) _nextEventMatchingEventMask:untilDate:inMode:dequeue:]+0xaec
C  [libosxapp.dylib+0x23aa]  -[NSApplicationAWT nextEventMatchingMask:untilDate:inMode:dequeue:]+0x7c
C  [AppKit+0x3b3db]  -[NSApplication run]+0x39e
C  [libosxapp.dylib+0x214d]  +[NSApplicationAWT runAWTLoopWithApp:]+0x9c
C  [libawt_lwawt.dylib+0x45ff7]  -[AWTStarter starter:]+0x389
C  [Foundation+0x7152a]  __NSThreadPerformPerform+0x146
C  [CoreFoundation+0xa7321]  __CFRUNLOOP_IS_CALLING_OUT_TO_A_SOURCE0_PERFORM_FUNCTION__+0x11
C  [CoreFoundation+0x8821d]  __CFRunLoopDoSources0+0x22d
C  [CoreFoundation+0x87716]  __CFRunLoopRun+0x3a6
C  [CoreFoundation+0x87114]  CFRunLoopRunSpecific+0x1a4
C  [java+0x6465]  CreateExecutionEnvironment+0x367
C  [java+0x218c]  JLI_Launch+0x7a0
C  [java+0x84c2]  main+0x65
C  [java+0x19e4]  start+0x34
C  0x0000000000000007

Java frames: (J=compiled Java code, j=interpreted, Vv=VM code)
j  jogamp.nativewindow.jawt.macosx.MacOSXJAWTWindow.UnsetJAWTRootSurfaceLayer0(JJ)V+0
j  jogamp.nativewindow.jawt.macosx.MacOSXJAWTWindow.access$200(JJ)V+2
j  jogamp.nativewindow.jawt.macosx.MacOSXJAWTWindow$1.run()V+38
J 2326 C1 com.jogamp.common.util.RunnableTask.run()V (345 bytes) @ 0x000000011218f974 [0x000000011218f7e0+0x194]
v  ~StubRoutines::call_stub

---------------  P R O C E S S  ---------------

Java Threads: ( => current thread )
  0x00007ff6ab8a0000 JavaThread "Thread-19" [_thread_blocked, id=75499, stack(0x0000700007150000,0x0000700007250000)]
  0x00007ff6ac1ad800 JavaThread "AWT-EventQueue-1" [_thread_in_native, id=70155, stack(0x00007000076e5000,0x00007000077e5000)]
  0x00007ff6ab989800 JavaThread "DestroyJavaVM" [_thread_blocked, id=7171, stack(0x000070000601a000,0x000070000611a000)]
  0x00007ff6ac153000 JavaThread "AWT-EventQueue-0" [_thread_blocked, id=66323, stack(0x00007000074df000,0x00007000075df000)]
  0x00007ff6aaa73000 JavaThread "Java2D Disposer" daemon [_thread_blocked, id=63751, stack(0x0000700007256000,0x0000700007356000)]
  0x00007ff6ab963800 JavaThread "Java2D Queue Flusher" daemon [_thread_blocked, id=54279, stack(0x000070000704d000,0x000070000714d000)]
  0x00007ff6ab936000 JavaThread "AWT-Shutdown" [_thread_blocked, id=29471, stack(0x0000700006ec7000,0x0000700006fc7000)]
=>0x00007ff6ac071800 JavaThread "AWT-AppKit" daemon [_thread_in_native, id=775, stack(0x00007fff5c771000,0x00007fff5cf71000)]
  0x00007ff6ab024000 JavaThread "Service Thread" daemon [_thread_blocked, id=18691, stack(0x0000700006c3e000,0x0000700006d3e000)]
  0x00007ff6ac03e800 JavaThread "C1 CompilerThread2" daemon [_thread_blocked, id=18179, stack(0x0000700006b3b000,0x0000700006c3b000)]
  0x00007ff6ac03c800 JavaThread "C2 CompilerThread1" daemon [_thread_blocked, id=17667, stack(0x0000700006a38000,0x0000700006b38000)]
  0x00007ff6ac03c000 JavaThread "C2 CompilerThread0" daemon [_thread_blocked, id=17155, stack(0x0000700006935000,0x0000700006a35000)]
  0x00007ff6ab80c800 JavaThread "Signal Dispatcher" daemon [_thread_blocked, id=16643, stack(0x0000700006832000,0x0000700006932000)]
  0x00007ff6ab00f800 JavaThread "Finalizer" daemon [_thread_blocked, id=12547, stack(0x000070000672f000,0x000070000682f000)]
  0x00007ff6ac011000 JavaThread "Reference Handler" daemon [_thread_blocked, id=12035, stack(0x000070000662c000,0x000070000672c000)]

Other Threads:
  0x00007ff6aa84d000 VMThread [stack: 0x0000700006529000,0x0000700006629000] [id=11523]
  0x00007ff6ab025000 WatcherThread [stack: 0x0000700006d41000,0x0000700006e41000] [id=19203]

VM state:not at safepoint (normal execution)

VM Mutex/Monitor currently owned by a thread: None

Heap:
 PSYoungGen      total 79360K, used 3358K [0x00000007aab00000, 0x00000007b0600000, 0x00000007c0000000)
  eden space 70656K, 4% used [0x00000007aab00000,0x00000007aae2f9d8,0x00000007af000000)
  from space 8704K, 1% used [0x00000007afd80000,0x00000007afd98000,0x00000007b0600000)
  to   space 11264K, 0% used [0x00000007af000000,0x00000007af000000,0x00000007afb00000)
 ParOldGen       total 44544K, used 15549K [0x0000000780000000, 0x0000000782b80000, 0x00000007aab00000)
  object space 44544K, 34% used [0x0000000780000000,0x0000000780f2f4c0,0x0000000782b80000)
 Metaspace       used 21220K, capacity 21459K, committed 21552K, reserved 1069056K
  class space    used 2081K, capacity 2170K, committed 2176K, reserved 1048576K

Card table byte_map: [0x0000000104962000,0x0000000104b63000] byte_map_base: 0x0000000100d62000

Marking Bits: (ParMarkBitMap*) 0x0000000103ef0d30
 Begin Bits: [0x0000000104cb9000, 0x0000000105cb9000)
 End Bits:   [0x0000000105cb9000, 0x0000000106cb9000)

Polling page: 0x0000000102d4f000

CodeCache: size=245760Kb used=9325Kb max_used=9341Kb free=236434Kb
 bounds [0x0000000111a38000, 0x0000000112368000, 0x0000000120a38000]
 total_blobs=3531 nmethods=2635 adapters=809
 compilation: enabled

Compilation events (10 events):
Event: 41.102 Thread 0x00007ff6ac03e800 2810  s    3       sun.font.FontAccess::getFontAccess (4 bytes)
Event: 41.103 Thread 0x00007ff6ac03e800 nmethod 2810 0x0000000112332010 code [0x0000000112332180, 0x0000000112332430]
Event: 41.130 Thread 0x00007ff6ac03e800 2811       3       java.util.HashSet::<init> (16 bytes)
Event: 41.130 Thread 0x00007ff6ac03e800 nmethod 2811 0x000000011233aa90 code [0x000000011233ac20, 0x000000011233b030]
Event: 41.131 Thread 0x00007ff6ac03e800 2812       1       sun.java2d.SurfaceData::isValid (5 bytes)
Event: 41.131 Thread 0x00007ff6ac03e800 nmethod 2812 0x0000000112331d50 code [0x0000000112331ea0, 0x0000000112331fb0]
Event: 41.149 Thread 0x00007ff6ac03c000 2813  s!   4       sun.misc.URLClassPath::getLoader (243 bytes)
Event: 41.149 Thread 0x00007ff6ac03e800 2814  s    2       sun.misc.URLClassPath::getNextLoader (88 bytes)
Event: 41.150 Thread 0x00007ff6ac03e800 nmethod 2814 0x0000000112339f10 code [0x000000011233a0c0, 0x000000011233a688]
Event: 41.150 Thread 0x00007ff6ac03e800 2815       3       sun.net.www.ParseUtil::canonizeString (195 bytes)

GC Heap History (10 events):
Event: 13.012 GC heap before
{Heap before GC invocations=7 (full 0):
 PSYoungGen      total 42496K, used 8849K [0x00000007aab00000, 0x00000007ae000000, 0x00000007c0000000)
  eden space 32256K, 19% used [0x00000007aab00000,0x00000007ab11bdf0,0x00000007aca80000)
  from space 10240K, 25% used [0x00000007ad500000,0x00000007ad7887d0,0x00000007adf00000)
  to   space 10752K, 0% used [0x00000007aca80000,0x00000007aca80000,0x00000007ad500000)
 ParOldGen       total 44032K, used 17958K [0x0000000780000000, 0x0000000782b00000, 0x00000007aab00000)
  object space 44032K, 40% used [0x0000000780000000,0x0000000781189bd8,0x0000000782b00000)
 Metaspace       used 20973K, capacity 21165K, committed 21296K, reserved 1069056K
  class space    used 2063K, capacity 2137K, committed 2176K, reserved 1048576K
Event: 13.025 GC heap after
Heap after GC invocations=7 (full 0):
 PSYoungGen      total 43008K, used 1377K [0x00000007aab00000, 0x00000007aff00000, 0x00000007c0000000)
  eden space 32256K, 0% used [0x00000007aab00000,0x00000007aab00000,0x00000007aca80000)
  from space 10752K, 12% used [0x00000007aca80000,0x00000007acbd87b0,0x00000007ad500000)
  to   space 10752K, 0% used [0x00000007af480000,0x00000007af480000,0x00000007aff00000)
 ParOldGen       total 44032K, used 19190K [0x0000000780000000, 0x0000000782b00000, 0x00000007aab00000)
  object space 44032K, 43% used [0x0000000780000000,0x00000007812bd9c8,0x0000000782b00000)
 Metaspace       used 20973K, capacity 21165K, committed 21296K, reserved 1069056K
  class space    used 2063K, capacity 2137K, committed 2176K, reserved 1048576K
}
Event: 13.025 GC heap before
{Heap before GC invocations=8 (full 1):
 PSYoungGen      total 43008K, used 1377K [0x00000007aab00000, 0x00000007aff00000, 0x00000007c0000000)
  eden space 32256K, 0% used [0x00000007aab00000,0x00000007aab00000,0x00000007aca80000)
  from space 10752K, 12% used [0x00000007aca80000,0x00000007acbd87b0,0x00000007ad500000)
  to   space 10752K, 0% used [0x00000007af480000,0x00000007af480000,0x00000007aff00000)
 ParOldGen       total 44032K, used 19190K [0x0000000780000000, 0x0000000782b00000, 0x00000007aab00000)
  object space 44032K, 43% used [0x0000000780000000,0x00000007812bd9c8,0x0000000782b00000)
 Metaspace       used 20973K, capacity 21165K, committed 21296K, reserved 1069056K
  class space    used 2063K, capacity 2137K, committed 2176K, reserved 1048576K
Event: 13.090 GC heap after
Heap after GC invocations=8 (full 1):
 PSYoungGen      total 43008K, used 0K [0x00000007aab00000, 0x00000007aff00000, 0x00000007c0000000)
  eden space 32256K, 0% used [0x00000007aab00000,0x00000007aab00000,0x00000007aca80000)
  from space 10752K, 0% used [0x00000007aca80000,0x00000007aca80000,0x00000007ad500000)
  to   space 10752K, 0% used [0x00000007af480000,0x00000007af480000,0x00000007aff00000)
 ParOldGen       total 44544K, used 15501K [0x0000000780000000, 0x0000000782b80000, 0x00000007aab00000)
  object space 44544K, 34% used [0x0000000780000000,0x0000000780f234c0,0x0000000782b80000)
 Metaspace       used 20973K, capacity 21165K, committed 21296K, reserved 1069056K
  class space    used 2063K, capacity 2137K, committed 2176K, reserved 1048576K
}
Event: 19.416 GC heap before
{Heap before GC invocations=9 (full 1):
 PSYoungGen      total 43008K, used 32256K [0x00000007aab00000, 0x00000007aff00000, 0x00000007c0000000)
  eden space 32256K, 100% used [0x00000007aab00000,0x00000007aca80000,0x00000007aca80000)
  from space 10752K, 0% used [0x00000007aca80000,0x00000007aca80000,0x00000007ad500000)
  to   space 10752K, 0% used [0x00000007af480000,0x00000007af480000,0x00000007aff00000)
 ParOldGen       total 44544K, used 15501K [0x0000000780000000, 0x0000000782b80000, 0x00000007aab00000)
  object space 44544K, 34% used [0x0000000780000000,0x0000000780f234c0,0x0000000782b80000)
 Metaspace       used 21117K, capacity 21357K, committed 21552K, reserved 1069056K
  class space    used 2063K, capacity 2137K, committed 2176K, reserved 1048576K
Event: 19.418 GC heap after
Heap after GC invocations=9 (full 1):
 PSYoungGen      total 54784K, used 96K [0x00000007aab00000, 0x00000007af580000, 0x00000007c0000000)
  eden space 53760K, 0% used [0x00000007aab00000,0x00000007aab00000,0x00000007adf80000)
  from space 1024K, 9% used [0x00000007af480000,0x00000007af498000,0x00000007af580000)
  to   space 11264K, 0% used [0x00000007adf80000,0x00000007adf80000,0x00000007aea80000)
 ParOldGen       total 44544K, used 15509K [0x0000000780000000, 0x0000000782b80000, 0x00000007aab00000)
  object space 44544K, 34% used [0x0000000780000000,0x0000000780f254c0,0x0000000782b80000)
 Metaspace       used 21117K, capacity 21357K, committed 21552K, reserved 1069056K
  class space    used 2063K, capacity 2137K, committed 2176K, reserved 1048576K
}
Event: 30.083 GC heap before
{Heap before GC invocations=10 (full 1):
 PSYoungGen      total 54784K, used 53856K [0x00000007aab00000, 0x00000007af580000, 0x00000007c0000000)
  eden space 53760K, 100% used [0x00000007aab00000,0x00000007adf80000,0x00000007adf80000)
  from space 1024K, 9% used [0x00000007af480000,0x00000007af498000,0x00000007af580000)
  to   space 11264K, 0% used [0x00000007adf80000,0x00000007adf80000,0x00000007aea80000)
 ParOldGen       total 44544K, used 15509K [0x0000000780000000, 0x0000000782b80000, 0x00000007aab00000)
  object space 44544K, 34% used [0x0000000780000000,0x0000000780f254c0,0x0000000782b80000)
 Metaspace       used 21123K, capacity 21357K, committed 21552K, reserved 1069056K
  class space    used 2063K, capacity 2137K, committed 2176K, reserved 1048576K
Event: 30.085 GC heap after
Heap after GC invocations=10 (full 1):
 PSYoungGen      total 65024K, used 128K [0x00000007aab00000, 0x00000007b0880000, 0x00000007c0000000)
  eden space 53760K, 0% used [0x00000007aab00000,0x00000007aab00000,0x00000007adf80000)
  from space 11264K, 1% used [0x00000007adf80000,0x00000007adfa0000,0x00000007aea80000)
  to   space 11264K, 0% used [0x00000007afd80000,0x00000007afd80000,0x00000007b0880000)
 ParOldGen       total 44544K, used 15517K [0x0000000780000000, 0x0000000782b80000, 0x00000007aab00000)
  object space 44544K, 34% used [0x0000000780000000,0x0000000780f274c0,0x0000000782b80000)
 Metaspace       used 21123K, capacity 21357K, committed 21552K, reserved 1069056K
  class space    used 2063K, capacity 2137K, committed 2176K, reserved 1048576K
}
Event: 40.980 GC heap before
{Heap before GC invocations=11 (full 1):
 PSYoungGen      total 65024K, used 53888K [0x00000007aab00000, 0x00000007b0880000, 0x00000007c0000000)
  eden space 53760K, 100% used [0x00000007aab00000,0x00000007adf80000,0x00000007adf80000)
  from space 11264K, 1% used [0x00000007adf80000,0x00000007adfa0000,0x00000007aea80000)
  to   space 11264K, 0% used [0x00000007afd80000,0x00000007afd80000,0x00000007b0880000)
 ParOldGen       total 44544K, used 15517K [0x0000000780000000, 0x0000000782b80000, 0x00000007aab00000)
  object space 44544K, 34% used [0x0000000780000000,0x0000000780f274c0,0x0000000782b80000)
 Metaspace       used 21185K, capacity 21427K, committed 21552K, reserved 1069056K
  class space    used 2072K, capacity 2138K, committed 2176K, reserved 1048576K
Event: 40.981 GC heap after
Heap after GC invocations=11 (full 1):
 PSYoungGen      total 79360K, used 96K [0x00000007aab00000, 0x00000007b0600000, 0x00000007c0000000)
  eden space 70656K, 0% used [0x00000007aab00000,0x00000007aab00000,0x00000007af000000)
  from space 8704K, 1% used [0x00000007afd80000,0x00000007afd98000,0x00000007b0600000)
  to   space 11264K, 0% used [0x00000007af000000,0x00000007af000000,0x00000007afb00000)
 ParOldGen       total 44544K, used 15549K [0x0000000780000000, 0x0000000782b80000, 0x00000007aab00000)
  object space 44544K, 34% used [0x0000000780000000,0x0000000780f2f4c0,0x0000000782b80000)
 Metaspace       used 21185K, capacity 21427K, committed 21552K, reserved 1069056K
  class space    used 2072K, capacity 2138K, committed 2176K, reserved 1048576K
}

Deoptimization events (10 events):
Event: 7.868 Thread 0x00007ff6ac1ad800 Uncommon trap: reason=unstable_if action=reinterpret pc=0x0000000111e0ea50 method=java.lang.String.trim()Ljava/lang/String; @ 23
Event: 8.074 Thread 0x00007ff6aba2e800 Uncommon trap: reason=unstable_if action=reinterpret pc=0x0000000111e195d0 method=java.lang.String.regionMatches(ZILjava/lang/String;II)Z @ 123
Event: 40.146 Thread 0x00007ff6ac1ad800 Uncommon trap: reason=unstable_if action=reinterpret pc=0x00000001121b43a8 method=java.util.WeakHashMap.get(Ljava/lang/Object;)Ljava/lang/Object; @ 35
Event: 40.146 Thread 0x00007ff6ac1ad800 Uncommon trap: reason=unstable_if action=reinterpret pc=0x00000001123210fc method=java.awt.EventQueue.isDispatchThreadImpl()Z @ 65
Event: 40.146 Thread 0x00007ff6ac1ad800 Uncommon trap: reason=unstable_if action=reinterpret pc=0x0000000112321904 method=java.util.LinkedList$ListItr.<init>(Ljava/util/LinkedList;I)V @ 26
Event: 41.101 Thread 0x00007ff6ac153000 Uncommon trap: reason=unstable_if action=reinterpret pc=0x0000000112342554 method=sun.java2d.pipe.Region.intersectsQuickCheck(Lsun/java2d/pipe/Region;)Z @ 41
Event: 41.102 Thread 0x00007ff6ac153000 Uncommon trap: reason=unstable_if action=reinterpret pc=0x00000001120e0e38 method=java.awt.font.FontRenderContext.equals(Ljava/awt/font/FontRenderContext;)Z @ 2
Event: 41.102 Thread 0x00007ff6ac153000 Uncommon trap: reason=unstable_if action=reinterpret pc=0x0000000112106ed4 method=java.awt.Font.equals(Ljava/lang/Object;)Z @ 2
Event: 41.129 Thread 0x00007ff6ab192800 Uncommon trap: reason=unstable_if action=reinterpret pc=0x0000000111e97d28 method=java.util.HashMap.putVal(ILjava/lang/Object;Ljava/lang/Object;ZZ)Ljava/lang/Object; @ 81
Event: 41.129 Thread 0x00007ff6ab192800 Uncommon trap: reason=unstable_if action=reinterpret pc=0x0000000111e90c40 method=java.util.HashMap.putVal(ILjava/lang/Object;Ljava/lang/Object;ZZ)Ljava/lang/Object; @ 81

Internal exceptions (10 events):
Event: 0.414 Thread 0x00007ff6ab002800 Exception <a 'java/lang/NoSuchFieldError': method resolution failed> (0x00000007aacd61a8) thrown at [/Users/java_re/workspace/8-2-build-macosx-x86_64/jdk8u121/8372/hotspot/src/share/vm/prims/methodHandles.cpp, line 1146]
Event: 0.851 Thread 0x00007ff6ab002800 Exception <a 'java/io/FileNotFoundException'> (0x00000007aad52d98) thrown at [/Users/java_re/workspace/8-2-build-macosx-x86_64/jdk8u121/8372/hotspot/src/share/vm/prims/jni.cpp, line 709]
Event: 0.851 Thread 0x00007ff6ab002800 Exception <a 'java/io/FileNotFoundException'> (0x00000007aad538e8) thrown at [/Users/java_re/workspace/8-2-build-macosx-x86_64/jdk8u121/8372/hotspot/src/share/vm/prims/jni.cpp, line 709]
Event: 1.296 Thread 0x00007ff6ab002800 Exception <a 'java/io/FileNotFoundException'> (0x00000007aae8c2b0) thrown at [/Users/java_re/workspace/8-2-build-macosx-x86_64/jdk8u121/8372/hotspot/src/share/vm/prims/jni.cpp, line 709]
Event: 5.431 Thread 0x00007ff6ab00f800 Exception <a 'java/lang/NullPointerException'> (0x00000007aab857a8) thrown at [/Users/java_re/workspace/8-2-build-macosx-x86_64/jdk8u121/8372/hotspot/src/share/vm/interpreter/linkResolver.cpp, line 1178]
Event: 5.545 Thread 0x00007ff6aaad7800 Exception <a 'java/lang/UnsatisfiedLinkError': com.jogamp.common.util.JarUtil.fixNativeLibAttribs(Ljava/lang/String;)Z> (0x00000007aaf561d8) thrown at [/Users/java_re/workspace/8-2-build-macosx-x86_64/jdk8u121/8372/hotspot/src/share/vm/prims/nativeLookup.
Event: 6.989 Thread 0x00007ff6ac1ad800 Exception <a 'java/io/FileNotFoundException'> (0x00000007ab1727f8) thrown at [/Users/java_re/workspace/8-2-build-macosx-x86_64/jdk8u121/8372/hotspot/src/share/vm/prims/jni.cpp, line 709]
Event: 6.990 Thread 0x00007ff6ac1ad800 Exception <a 'java/io/FileNotFoundException'> (0x00000007ab1789e0) thrown at [/Users/java_re/workspace/8-2-build-macosx-x86_64/jdk8u121/8372/hotspot/src/share/vm/prims/jni.cpp, line 709]
Event: 6.991 Thread 0x00007ff6ac1ad800 Implicit null exception at 0x0000000111c019f6 to 0x0000000111c01dc5
Event: 7.725 Thread 0x00007ff6ac1ad800 Implicit null exception at 0x0000000111deb4c6 to 0x0000000111deb70d

Events (10 events):
Event: 41.149 loading class jogamp/nativewindow/jawt/macosx/MacOSXJAWTWindow$1 done
Event: 41.150 Thread 0x00007ff6ac03e800 flushing nmethod 0x0000000111b4a550
Event: 41.150 Thread 0x00007ff6ac03e800 flushing nmethod 0x0000000111b52e50
Event: 41.150 Thread 0x00007ff6ac03e800 flushing nmethod 0x0000000111b5b3d0
Event: 41.150 Thread 0x00007ff6ac03e800 flushing nmethod 0x0000000111b6df10
Event: 41.150 Executing VM operation: RevokeBias
Event: 41.151 Executing VM operation: RevokeBias done
Event: 41.152 loading class java/awt/LightweightDispatcher$2
Event: 41.152 loading class java/awt/LightweightDispatcher$2 done
Event: 41.152 loading class java/awt/event/AWTEventListenerProxy


Dynamic libraries:
0x000000004c357000 	/System/Library/Frameworks/Cocoa.framework/Versions/A/Cocoa
0x000000004c357000 	/System/Library/Frameworks/Security.framework/Versions/A/Security
0x000000004c357000 	/System/Library/Frameworks/ApplicationServices.framework/Versions/A/ApplicationServices
0x000000004c357000 	/usr/lib/libz.1.dylib
0x000000004c357000 	/usr/lib/libSystem.B.dylib
0x000000004c357000 	/usr/lib/libobjc.A.dylib
0x000000004c357000 	/System/Library/Frameworks/CoreFoundation.framework/Versions/A/CoreFoundation
0x000000004c357000 	/System/Library/Frameworks/Foundation.framework/Versions/C/Foundation
0x000000004c357000 	/System/Library/Frameworks/AppKit.framework/Versions/C/AppKit
0x000000004c357000 	/System/Library/Frameworks/CoreData.framework/Versions/A/CoreData
0x000000004c357000 	/System/Library/PrivateFrameworks/RemoteViewServices.framework/Versions/A/RemoteViewServices
0x000000004c357000 	/System/Library/PrivateFrameworks/UIFoundation.framework/Versions/A/UIFoundation
0x000000004c357000 	/System/Library/PrivateFrameworks/DFRFoundation.framework/Versions/A/DFRFoundation
0x000000004c357000 	/usr/lib/libenergytrace.dylib
0x000000004c357000 	/System/Library/PrivateFrameworks/SkyLight.framework/Versions/A/SkyLight
0x000000004c357000 	/System/Library/Frameworks/CoreGraphics.framework/Versions/A/CoreGraphics
0x000000004c357000 	/usr/lib/libScreenReader.dylib
0x000000004c357000 	/System/Library/Frameworks/Accelerate.framework/Versions/A/Accelerate
0x000000004c357000 	/System/Library/Frameworks/IOSurface.framework/Versions/A/IOSurface
0x000000004c357000 	/System/Library/Frameworks/AudioToolbox.framework/Versions/A/AudioToolbox
0x000000004c357000 	/System/Library/Frameworks/AudioUnit.framework/Versions/A/AudioUnit
0x000000004c357000 	/System/Library/PrivateFrameworks/DataDetectorsCore.framework/Versions/A/DataDetectorsCore
0x000000004c357000 	/System/Library/PrivateFrameworks/DesktopServicesPriv.framework/Versions/A/DesktopServicesPriv
0x000000004c357000 	/System/Library/Frameworks/Carbon.framework/Versions/A/Frameworks/HIToolbox.framework/Versions/A/HIToolbox
0x000000004c357000 	/usr/lib/libicucore.A.dylib
0x000000004c357000 	/System/Library/Frameworks/QuartzCore.framework/Versions/A/QuartzCore
0x000000004c357000 	/System/Library/Frameworks/Carbon.framework/Versions/A/Frameworks/SpeechRecognition.framework/Versions/A/SpeechRecognition
0x000000004c357000 	/usr/lib/libauto.dylib
0x000000004c357000 	/usr/lib/libxml2.2.dylib
0x000000004c357000 	/System/Library/PrivateFrameworks/CoreUI.framework/Versions/A/CoreUI
0x000000004c357000 	/System/Library/Frameworks/CoreAudio.framework/Versions/A/CoreAudio
0x000000004c357000 	/System/Library/Frameworks/DiskArbitration.framework/Versions/A/DiskArbitration
0x000000004c357000 	/usr/lib/liblangid.dylib
0x000000004c357000 	/System/Library/PrivateFrameworks/MultitouchSupport.framework/Versions/A/MultitouchSupport
0x000000004c357000 	/System/Library/Frameworks/IOKit.framework/Versions/A/IOKit
0x000000004c357000 	/usr/lib/libDiagnosticMessagesClient.dylib
0x000000004c357000 	/System/Library/Frameworks/CoreServices.framework/Versions/A/CoreServices
0x000000004c357000 	/System/Library/PrivateFrameworks/PerformanceAnalysis.framework/Versions/A/PerformanceAnalysis
0x000000004c357000 	/System/Library/PrivateFrameworks/GenerationalStorage.framework/Versions/A/GenerationalStorage
0x000000004c357000 	/System/Library/Frameworks/OpenGL.framework/Versions/A/OpenGL
0x000000004c357000 	/System/Library/Frameworks/CoreImage.framework/Versions/A/CoreImage
0x000000004c357000 	/System/Library/Frameworks/CoreText.framework/Versions/A/CoreText
0x000000004c357000 	/System/Library/Frameworks/ImageIO.framework/Versions/A/ImageIO
0x000000004c357000 	/System/Library/PrivateFrameworks/Backup.framework/Versions/A/Backup
0x000000004c357000 	/usr/lib/libarchive.2.dylib
0x000000004c357000 	/System/Library/Frameworks/CFNetwork.framework/Versions/A/CFNetwork
0x000000004c357000 	/System/Library/Frameworks/SystemConfiguration.framework/Versions/A/SystemConfiguration
0x000000004c357000 	/usr/lib/libCRFSuite.dylib
0x000000004c357000 	/usr/lib/libc++.1.dylib
0x000000004c357000 	/usr/lib/libc++abi.dylib
0x000000004c357000 	/usr/lib/system/libcache.dylib
0x000000004c357000 	/usr/lib/system/libcommonCrypto.dylib
0x000000004c357000 	/usr/lib/system/libcompiler_rt.dylib
0x000000004c357000 	/usr/lib/system/libcopyfile.dylib
0x000000004c357000 	/usr/lib/system/libcorecrypto.dylib
0x000000004c357000 	/usr/lib/system/libdispatch.dylib
0x000000004c357000 	/usr/lib/system/libdyld.dylib
0x000000004c357000 	/usr/lib/system/libkeymgr.dylib
0x000000004c357000 	/usr/lib/system/liblaunch.dylib
0x000000004c357000 	/usr/lib/system/libmacho.dylib
0x000000004c357000 	/usr/lib/system/libquarantine.dylib
0x000000004c357000 	/usr/lib/system/libremovefile.dylib
0x000000004c357000 	/usr/lib/system/libsystem_asl.dylib
0x000000004c357000 	/usr/lib/system/libsystem_blocks.dylib
0x000000004c357000 	/usr/lib/system/libsystem_c.dylib
0x000000004c357000 	/usr/lib/system/libsystem_configuration.dylib
0x000000004c357000 	/usr/lib/system/libsystem_coreservices.dylib
0x000000004c357000 	/usr/lib/system/libsystem_coretls.dylib
0x000000004c357000 	/usr/lib/system/libsystem_dnssd.dylib
0x000000004c357000 	/usr/lib/system/libsystem_info.dylib
0x000000004c357000 	/usr/lib/system/libsystem_kernel.dylib
0x000000004c357000 	/usr/lib/system/libsystem_m.dylib
0x000000004c357000 	/usr/lib/system/libsystem_malloc.dylib
0x000000004c357000 	/usr/lib/system/libsystem_network.dylib
0x000000004c357000 	/usr/lib/system/libsystem_networkextension.dylib
0x000000004c357000 	/usr/lib/system/libsystem_notify.dylib
0x000000004c357000 	/usr/lib/system/libsystem_platform.dylib
0x000000004c357000 	/usr/lib/system/libsystem_pthread.dylib
0x000000004c357000 	/usr/lib/system/libsystem_sandbox.dylib
0x000000004c357000 	/usr/lib/system/libsystem_secinit.dylib
0x000000004c357000 	/usr/lib/system/libsystem_symptoms.dylib
0x000000004c357000 	/usr/lib/system/libsystem_trace.dylib
0x000000004c357000 	/usr/lib/system/libunwind.dylib
0x000000004c357000 	/usr/lib/system/libxpc.dylib
0x000000004c357000 	/usr/lib/libbsm.0.dylib
0x000000004c357000 	/usr/lib/system/libkxld.dylib
0x000000004c357000 	/usr/lib/libcoretls.dylib
0x000000004c357000 	/usr/lib/libcoretls_cfhelpers.dylib
0x000000004c357000 	/usr/lib/libOpenScriptingUtil.dylib
0x000000004c357000 	/usr/lib/libpam.2.dylib
0x000000004c357000 	/usr/lib/libsqlite3.dylib
0x000000004c357000 	/usr/lib/libxar.1.dylib
0x000000004c357000 	/usr/lib/libbz2.1.0.dylib
0x000000004c357000 	/usr/lib/liblzma.5.dylib
0x000000004c357000 	/usr/lib/libnetwork.dylib
0x000000004c357000 	/usr/lib/libpcap.A.dylib
0x000000004c357000 	/System/Library/Frameworks/CoreServices.framework/Versions/A/Frameworks/FSEvents.framework/Versions/A/FSEvents
0x000000004c357000 	/System/Library/Frameworks/CoreServices.framework/Versions/A/Frameworks/CarbonCore.framework/Versions/A/CarbonCore
0x000000004c357000 	/System/Library/Frameworks/CoreServices.framework/Versions/A/Frameworks/Metadata.framework/Versions/A/Metadata
0x000000004c357000 	/System/Library/Frameworks/CoreServices.framework/Versions/A/Frameworks/OSServices.framework/Versions/A/OSServices
0x000000004c357000 	/System/Library/Frameworks/CoreServices.framework/Versions/A/Frameworks/SearchKit.framework/Versions/A/SearchKit
0x000000004c357000 	/System/Library/Frameworks/CoreServices.framework/Versions/A/Frameworks/AE.framework/Versions/A/AE
0x000000004c357000 	/System/Library/Frameworks/CoreServices.framework/Versions/A/Frameworks/LaunchServices.framework/Versions/A/LaunchServices
0x000000004c357000 	/System/Library/Frameworks/CoreServices.framework/Versions/A/Frameworks/DictionaryServices.framework/Versions/A/DictionaryServices
0x000000004c357000 	/System/Library/Frameworks/CoreServices.framework/Versions/A/Frameworks/SharedFileList.framework/Versions/A/SharedFileList
0x000000004c357000 	/System/Library/Frameworks/NetFS.framework/Versions/A/NetFS
0x000000004c357000 	/System/Library/PrivateFrameworks/NetAuth.framework/Versions/A/NetAuth
0x000000004c357000 	/System/Library/PrivateFrameworks/login.framework/Versions/A/Frameworks/loginsupport.framework/Versions/A/loginsupport
0x000000004c357000 	/System/Library/PrivateFrameworks/TCC.framework/Versions/A/TCC
0x000000004c357000 	/usr/lib/libmecabra.dylib
0x000000004c357000 	/System/Library/Frameworks/ApplicationServices.framework/Versions/A/Frameworks/ATS.framework/Versions/A/ATS
0x000000004c357000 	/System/Library/Frameworks/ApplicationServices.framework/Versions/A/Frameworks/ColorSync.framework/Versions/A/ColorSync
0x000000004c357000 	/System/Library/Frameworks/ApplicationServices.framework/Versions/A/Frameworks/HIServices.framework/Versions/A/HIServices
0x000000004c357000 	/System/Library/Frameworks/ApplicationServices.framework/Versions/A/Frameworks/LangAnalysis.framework/Versions/A/LangAnalysis
0x000000004c357000 	/System/Library/Frameworks/ApplicationServices.framework/Versions/A/Frameworks/PrintCore.framework/Versions/A/PrintCore
0x000000004c357000 	/System/Library/Frameworks/ApplicationServices.framework/Versions/A/Frameworks/QD.framework/Versions/A/QD
0x000000004c357000 	/System/Library/Frameworks/ApplicationServices.framework/Versions/A/Frameworks/SpeechSynthesis.framework/Versions/A/SpeechSynthesis
0x000000004c357000 	/System/Library/Frameworks/Accelerate.framework/Versions/A/Frameworks/vImage.framework/Versions/A/vImage
0x000000004c357000 	/System/Library/Frameworks/Accelerate.framework/Versions/A/Frameworks/vecLib.framework/Versions/A/vecLib
0x000000004c357000 	/System/Library/Frameworks/Accelerate.framework/Versions/A/Frameworks/vecLib.framework/Versions/A/libvDSP.dylib
0x000000004c357000 	/System/Library/Frameworks/Accelerate.framework/Versions/A/Frameworks/vecLib.framework/Versions/A/libBNNS.dylib
0x000000004c357000 	/System/Library/Frameworks/Accelerate.framework/Versions/A/Frameworks/vecLib.framework/Versions/A/libQuadrature.dylib
0x000000004c357000 	/System/Library/Frameworks/Accelerate.framework/Versions/A/Frameworks/vecLib.framework/Versions/A/libvMisc.dylib
0x000000004c357000 	/System/Library/Frameworks/Accelerate.framework/Versions/A/Frameworks/vecLib.framework/Versions/A/libLAPACK.dylib
0x000000004c357000 	/System/Library/Frameworks/Accelerate.framework/Versions/A/Frameworks/vecLib.framework/Versions/A/libBLAS.dylib
0x000000004c357000 	/System/Library/Frameworks/Accelerate.framework/Versions/A/Frameworks/vecLib.framework/Versions/A/libLinearAlgebra.dylib
0x000000004c357000 	/System/Library/Frameworks/Accelerate.framework/Versions/A/Frameworks/vecLib.framework/Versions/A/libSparseBLAS.dylib
0x000000004c357000 	/System/Library/Frameworks/ApplicationServices.framework/Versions/A/Frameworks/ATS.framework/Versions/A/Resources/libFontParser.dylib
0x000000004c357000 	/System/Library/Frameworks/ApplicationServices.framework/Versions/A/Frameworks/ATS.framework/Versions/A/Resources/libFontRegistry.dylib
0x000000004c357000 	/System/Library/Frameworks/ImageIO.framework/Versions/A/Resources/libJPEG.dylib
0x000000004c357000 	/System/Library/Frameworks/ImageIO.framework/Versions/A/Resources/libTIFF.dylib
0x000000004c357000 	/System/Library/Frameworks/ImageIO.framework/Versions/A/Resources/libPng.dylib
0x000000004c357000 	/System/Library/Frameworks/ImageIO.framework/Versions/A/Resources/libGIF.dylib
0x000000004c357000 	/System/Library/Frameworks/ImageIO.framework/Versions/A/Resources/libJP2.dylib
0x000000004c357000 	/System/Library/Frameworks/ImageIO.framework/Versions/A/Resources/libRadiance.dylib
0x000000004c357000 	/usr/lib/libcompression.dylib
0x000000004c357000 	/System/Library/PrivateFrameworks/AppleJPEG.framework/Versions/A/AppleJPEG
0x000000004c357000 	/usr/lib/libcups.2.dylib
0x000000004c357000 	/System/Library/Frameworks/Kerberos.framework/Versions/A/Kerberos
0x000000004c357000 	/System/Library/Frameworks/GSS.framework/Versions/A/GSS
0x000000004c357000 	/usr/lib/libresolv.9.dylib
0x000000004c357000 	/usr/lib/libiconv.2.dylib
0x000000004c357000 	/System/Library/PrivateFrameworks/Heimdal.framework/Versions/A/Heimdal
0x000000004c357000 	/usr/lib/libheimdal-asn1.dylib
0x000000004c357000 	/System/Library/Frameworks/OpenDirectory.framework/Versions/A/OpenDirectory
0x000000004c357000 	/System/Library/PrivateFrameworks/CommonAuth.framework/Versions/A/CommonAuth
0x000000004c357000 	/System/Library/Frameworks/OpenDirectory.framework/Versions/A/Frameworks/CFOpenDirectory.framework/Versions/A/CFOpenDirectory
0x000000004c357000 	/System/Library/Frameworks/SecurityFoundation.framework/Versions/A/SecurityFoundation
0x000000004c357000 	/System/Library/PrivateFrameworks/LanguageModeling.framework/Versions/A/LanguageModeling
0x000000004c357000 	/usr/lib/libmarisa.dylib
0x000000004c357000 	/usr/lib/libChineseTokenizer.dylib
0x000000004c357000 	/usr/lib/libcmph.dylib
0x000000004c357000 	/System/Library/PrivateFrameworks/CoreEmoji.framework/Versions/A/CoreEmoji
0x000000004c357000 	/System/Library/Frameworks/ServiceManagement.framework/Versions/A/ServiceManagement
0x000000004c357000 	/usr/lib/libxslt.1.dylib
0x000000004c357000 	/System/Library/Frameworks/Carbon.framework/Versions/A/Frameworks/Ink.framework/Versions/A/Ink
0x000000004c357000 	/System/Library/PrivateFrameworks/TextureIO.framework/Versions/A/TextureIO
0x000000004c357000 	/System/Library/Frameworks/Metal.framework/Versions/A/Metal
0x000000004c357000 	/usr/lib/libate.dylib
0x000000004c357000 	/System/Library/PrivateFrameworks/GPUCompiler.framework/libmetal_timestamp.dylib
0x000000004c357000 	/System/Library/Frameworks/OpenGL.framework/Versions/A/Libraries/libCoreFSCache.dylib
0x000000004c357000 	/System/Library/PrivateFrameworks/IOAccelerator.framework/Versions/A/IOAccelerator
0x000000004c357000 	/System/Library/Frameworks/CoreVideo.framework/Versions/A/CoreVideo
0x000000004c357000 	/usr/lib/libFosl_dynamic.dylib
0x000000004c357000 	/System/Library/PrivateFrameworks/MetalPerformanceShaders.framework/Versions/A/MetalPerformanceShaders
0x000000004c357000 	/System/Library/PrivateFrameworks/FaceCore.framework/Versions/A/FaceCore
0x000000004c357000 	/System/Library/Frameworks/OpenCL.framework/Versions/A/OpenCL
0x000000004c357000 	/System/Library/Frameworks/OpenGL.framework/Versions/A/Libraries/libGLU.dylib
0x000000004c357000 	/System/Library/Frameworks/OpenGL.framework/Versions/A/Libraries/libGFXShared.dylib
0x000000004c357000 	/System/Library/Frameworks/OpenGL.framework/Versions/A/Libraries/libGL.dylib
0x000000004c357000 	/System/Library/Frameworks/OpenGL.framework/Versions/A/Libraries/libGLImage.dylib
0x000000004c357000 	/System/Library/Frameworks/OpenGL.framework/Versions/A/Libraries/libCVMSPluginSupport.dylib
0x000000004c357000 	/System/Library/Frameworks/OpenGL.framework/Versions/A/Libraries/libCoreVMClient.dylib
0x000000004c357000 	/System/Library/PrivateFrameworks/CrashReporterSupport.framework/Versions/A/CrashReporterSupport
0x000000004c357000 	/System/Library/PrivateFrameworks/Sharing.framework/Versions/A/Sharing
0x000000004c357000 	/System/Library/PrivateFrameworks/IconServices.framework/Versions/A/IconServices
0x000000004c357000 	/System/Library/PrivateFrameworks/ProtocolBuffer.framework/Versions/A/ProtocolBuffer
0x000000004c357000 	/System/Library/PrivateFrameworks/Apple80211.framework/Versions/A/Apple80211
0x000000004c357000 	/System/Library/Frameworks/CoreWLAN.framework/Versions/A/CoreWLAN
0x000000004c357000 	/System/Library/PrivateFrameworks/CoreUtils.framework/Versions/A/CoreUtils
0x000000004c357000 	/System/Library/Frameworks/IOBluetooth.framework/Versions/A/IOBluetooth
0x000000004c357000 	/System/Library/PrivateFrameworks/CoreWiFi.framework/Versions/A/CoreWiFi
0x000000004c357000 	/System/Library/Frameworks/CoreBluetooth.framework/Versions/A/CoreBluetooth
0x000000004c357000 	/System/Library/Frameworks/CoreDisplay.framework/Versions/A/CoreDisplay
0x000000004c357000 	/System/Library/PrivateFrameworks/IOPresentment.framework/Versions/A/IOPresentment
0x000000004c357000 	/System/Library/PrivateFrameworks/DSExternalDisplay.framework/Versions/A/DSExternalDisplay
0x000000004c357000 	/System/Library/PrivateFrameworks/DebugSymbols.framework/Versions/A/DebugSymbols
0x000000004c357000 	/System/Library/PrivateFrameworks/CoreSymbolication.framework/Versions/A/CoreSymbolication
0x000000004c357000 	/System/Library/PrivateFrameworks/Symbolication.framework/Versions/A/Symbolication
0x000000004c357000 	/System/Library/PrivateFrameworks/AppleFSCompression.framework/Versions/A/AppleFSCompression
0x000000004c357000 	/System/Library/PrivateFrameworks/SpeechRecognitionCore.framework/Versions/A/SpeechRecognitionCore
0x000000004c357000 	/System/Library/PrivateFrameworks/ChunkingLibrary.framework/Versions/A/ChunkingLibrary
0x0000000103600000 	/Library/Java/JavaVirtualMachines/jdk1.8.0_121.jdk/Contents/Home/jre/lib/server/libjvm.dylib
0x000000004c357000 	/usr/lib/libstdc++.6.dylib
0x0000000102d0c000 	/Library/Java/JavaVirtualMachines/jdk1.8.0_121.jdk/Contents/Home/jre/lib/libverify.dylib
0x0000000102d1a000 	/Library/Java/JavaVirtualMachines/jdk1.8.0_121.jdk/Contents/Home/jre/lib/libjava.dylib
0x0000000102d59000 	/Library/Java/JavaVirtualMachines/jdk1.8.0_121.jdk/Contents/Home/jre/lib/libzip.dylib
0x0000000108905000 	/System/Library/Frameworks/JavaVM.framework/Frameworks/JavaRuntimeSupport.framework/JavaRuntimeSupport
0x000000010891f000 	/System/Library/Frameworks/JavaVM.framework/Versions/A/Frameworks/JavaNativeFoundation.framework/Versions/A/JavaNativeFoundation
0x0000000108934000 	/System/Library/Frameworks/JavaVM.framework/Versions/A/JavaVM
0x000000004c357000 	/System/Library/Frameworks/Carbon.framework/Versions/A/Carbon
0x0000000108941000 	/System/Library/PrivateFrameworks/JavaLaunching.framework/Versions/A/JavaLaunching
0x000000004c357000 	/System/Library/Frameworks/Carbon.framework/Versions/A/Frameworks/CommonPanels.framework/Versions/A/CommonPanels
0x000000004c357000 	/System/Library/Frameworks/Carbon.framework/Versions/A/Frameworks/Help.framework/Versions/A/Help
0x000000004c357000 	/System/Library/Frameworks/Carbon.framework/Versions/A/Frameworks/ImageCapture.framework/Versions/A/ImageCapture
0x000000004c357000 	/System/Library/Frameworks/Carbon.framework/Versions/A/Frameworks/OpenScripting.framework/Versions/A/OpenScripting
0x000000004c357000 	/System/Library/Frameworks/Carbon.framework/Versions/A/Frameworks/Print.framework/Versions/A/Print
0x000000004c357000 	/System/Library/Frameworks/Carbon.framework/Versions/A/Frameworks/SecurityHI.framework/Versions/A/SecurityHI
0x000000010a24f000 	/Library/Java/JavaVirtualMachines/jdk1.8.0_121.jdk/Contents/Home/jre/lib/libawt.dylib
0x000000010a2f7000 	/Library/Java/JavaVirtualMachines/jdk1.8.0_121.jdk/Contents/Home/jre/lib/./libmlib_image.dylib
0x000000010a3c3000 	/Library/Java/JavaVirtualMachines/jdk1.8.0_121.jdk/Contents/Home/jre/lib/libawt_lwawt.dylib
0x000000010a47a000 	/Library/Java/JavaVirtualMachines/jdk1.8.0_121.jdk/Contents/Home/jre/lib/./libosxapp.dylib
0x000000004c357000 	/System/Library/Frameworks/ExceptionHandling.framework/Versions/A/ExceptionHandling
0x000000004c357000 	/System/Library/PrivateFrameworks/CoreServicesInternal.framework/Versions/A/CoreServicesInternal
0x000000004c357000 	/System/Library/CoreServices/RawCamera.bundle/Contents/MacOS/RawCamera
0x000000004c357000 	/System/Library/Frameworks/Accelerate.framework/Versions/A/Frameworks/vImage.framework/Versions/A/Libraries/libCGInterfaces.dylib
0x000000004c357000 	/System/Library/Frameworks/ApplicationServices.framework/Versions/A/Frameworks/ATS.framework/Versions/A/Resources/libTrueTypeScaler.dylib
0x000000010bfad000 	/System/Library/Frameworks/OpenGL.framework/Resources/GLEngine.bundle/GLEngine
0x000000004c357000 	/System/Library/Frameworks/OpenGL.framework/Versions/A/Libraries/libGLProgrammability.dylib
0x000000010c192000 	/System/Library/Extensions/AppleIntelHD5000GraphicsGLDriver.bundle/Contents/MacOS/AppleIntelHD5000GraphicsGLDriver
0x000000004c357000 	/System/Library/PrivateFrameworks/GPUSupport.framework/Versions/A/Libraries/libGPUSupportMercury.dylib
0x000000010c900000 	/System/Library/Frameworks/OpenGL.framework/Resources//GLRendererFloat.bundle/GLRendererFloat
0x000000004c357000 	/System/Library/Frameworks/OpenCL.framework/Versions/A/Libraries/libcldcpuengine.dylib
0x000000004c357000 	/usr/lib/libcrypto.0.9.8.dylib
0x000000004c357000 	/System/Library/PrivateFrameworks/TrustEvaluationAgent.framework/Versions/A/TrustEvaluationAgent
0x000000010c934000 	/System/Library/Extensions/AppleIntelHD5000GraphicsMTLDriver.bundle/Contents/MacOS/AppleIntelHD5000GraphicsMTLDriver
0x000000004c357000 	/System/Library/PrivateFrameworks/FamilyControls.framework/Versions/A/FamilyControls
0x000000004c357000 	/System/Library/PrivateFrameworks/CommerceKit.framework/Versions/A/Frameworks/CommerceCore.framework/Versions/A/CommerceCore
0x000000004c357000 	/System/Library/PrivateFrameworks/SystemAdministration.framework/Versions/A/SystemAdministration
0x000000004c357000 	/System/Library/PrivateFrameworks/AppContainer.framework/Versions/A/AppContainer
0x000000004c357000 	/System/Library/PrivateFrameworks/SecCodeWrapper.framework/Versions/A/SecCodeWrapper
0x000000004c357000 	/System/Library/Frameworks/DirectoryService.framework/Versions/A/DirectoryService
0x000000004c357000 	/System/Library/PrivateFrameworks/DiskImages.framework/Versions/A/DiskImages
0x000000004c357000 	/System/Library/PrivateFrameworks/LoginUIKit.framework/Versions/A/Frameworks/LoginUICore.framework/Versions/A/LoginUICore
0x000000004c357000 	/usr/lib/libCoreStorage.dylib
0x000000004c357000 	/usr/lib/libcsfde.dylib
0x000000004c357000 	/usr/lib/libodfde.dylib
0x000000004c357000 	/System/Library/Frameworks/DiscRecording.framework/Versions/A/DiscRecording
0x000000004c357000 	/usr/lib/libcurl.4.dylib
0x000000004c357000 	/System/Library/PrivateFrameworks/MediaKit.framework/Versions/A/MediaKit
0x000000004c357000 	/System/Library/PrivateFrameworks/ProtectedCloudStorage.framework/Versions/A/ProtectedCloudStorage
0x000000004c357000 	/System/Library/PrivateFrameworks/EFILogin.framework/Versions/A/EFILogin
0x000000004c357000 	/usr/lib/libutil.dylib
0x000000004c357000 	/System/Library/Frameworks/LDAP.framework/Versions/A/LDAP
0x000000004c357000 	/usr/lib/libsasl2.2.dylib
0x000000004c357000 	/System/Library/PrivateFrameworks/CoreDaemon.framework/Versions/B/CoreDaemon
0x000000004c357000 	/System/Library/PrivateFrameworks/AppleSRP.framework/Versions/A/AppleSRP
0x000000004c357000 	/System/Library/PrivateFrameworks/APFS.framework/Versions/A/APFS
0x000000004c357000 	/System/Library/PrivateFrameworks/ViewBridge.framework/Versions/A/ViewBridge
0x000000004c357000 	/System/Library/PrivateFrameworks/XPCService.framework/Versions/A/XPCService
0x000000004c357000 	/System/Library/PrivateFrameworks/AppSandbox.framework/Versions/A/AppSandbox
0x000000004c357000 	/usr/lib/libsandbox.1.dylib
0x000000004c357000 	/usr/lib/libMatch.1.dylib
0x000000010e526000 	/Library/Java/JavaVirtualMachines/jdk1.8.0_121.jdk/Contents/Home/jre/lib/libfontmanager.dylib
0x000000010f921000 	/Library/Java/JavaVirtualMachines/jdk1.8.0_121.jdk/Contents/Home/jre/lib/libosxui.dylib
0x00000001104d8000 	/Library/Java/JavaVirtualMachines/jdk1.8.0_121.jdk/Contents/Home/jre/lib/libnet.dylib
0x00000001104ef000 	/Library/Java/JavaVirtualMachines/jdk1.8.0_121.jdk/Contents/Home/jre/lib/libnio.dylib
0x000000010f62f000 	/private/var/folders/z5/dkh_k18x6bn8z6w6jj1k7pqm0000gn/T/jogamp_0000/file_cache/jln1964377602004496731/jln3692214931446268427/libgluegen-rt.jnilib
0x000000010f633000 	/private/var/folders/z5/dkh_k18x6bn8z6w6jj1k7pqm0000gn/T/jogamp_0000/file_cache/jln1964377602004496731/jln3692214931446268427/libnativewindow_awt.jnilib
0x000000011044b000 	/Library/Java/JavaVirtualMachines/jdk1.8.0_121.jdk/Contents/Home/jre/lib/libjawt.dylib
0x0000000187b66000 	/private/var/folders/z5/dkh_k18x6bn8z6w6jj1k7pqm0000gn/T/jogamp_0000/file_cache/jln1964377602004496731/jln3692214931446268427/libnativewindow_macosx.jnilib
0x0000000189c01000 	/private/var/folders/z5/dkh_k18x6bn8z6w6jj1k7pqm0000gn/T/jogamp_0000/file_cache/jln1964377602004496731/jln3692214931446268427/libjogl_desktop.jnilib
0x000000018c1d2000 	/Library/Java/JavaVirtualMachines/jdk1.8.0_121.jdk/Contents/Home/jre/lib/libt2k.dylib

VM Arguments:
jvm_args: -Djava.security.policy=java.policy.applet -Dfile.encoding=MacRoman 
java_command: sun.applet.AppletViewer module6.EarthquakeCityMap1523911297976.html
java_class_path (initial): /Users/Mac/Documents/workspace/UCSDUnfoldingMaps/build:/Users/Mac/Documents/workspace/UCSDUnfoldingMaps/lib/core.jar:/Users/Mac/Documents/workspace/UCSDUnfoldingMaps/lib/gluegen-rt.jar:/Users/Mac/Documents/workspace/UCSDUnfoldingMaps/lib/jogl-all.jar:/Users/Mac/Documents/workspace/UCSDUnfoldingMaps/lib/log4j-1.2.15.jar:/Users/Mac/Documents/workspace/UCSDUnfoldingMaps/lib/sqlite-jdbc-3.7.2.jar:/Users/Mac/Documents/workspace/UCSDUnfoldingMaps/lib/json4processing.jar:/Users/Mac/Documents/workspace/UCSDUnfoldingMaps/lib/libTUIO.jar:/Users/Mac/Documents/workspace/UCSDUnfoldingMaps/lib/unfolding.0.9.7-uscd.jar
Launcher Type: SUN_STANDARD

Environment Variables:
PATH=/Library/Frameworks/Python.framework/Versions/3.6/bin:/usr/local/bin:/usr/bin:/bin:/usr/sbin:/sbin:/opt/X11/bin:/Library/Frameworks/Mono.framework/Versions/Current/Commands:/Library/TeX/texbin
SHELL=/bin/bash
DISPLAY=/private/tmp/com.apple.launchd.BfoSnAz3r8/org.macosforge.xquartz:0

Signal Handlers:
SIGSEGV: [libjvm.dylib+0x5b1141], sa_mask[0]=11111111011111110111111111111111, sa_flags=SA_ONSTACK|SA_RESTART|SA_SIGINFO
SIGBUS: [libjvm.dylib+0x5b1141], sa_mask[0]=11111111011111110111111111111111, sa_flags=SA_RESTART|SA_SIGINFO
SIGFPE: [libjvm.dylib+0x487bc4], sa_mask[0]=11111111011111110111111111111111, sa_flags=SA_RESTART|SA_SIGINFO
SIGPIPE: [libjvm.dylib+0x487bc4], sa_mask[0]=11111111011111110111111111111111, sa_flags=SA_RESTART|SA_SIGINFO
SIGXFSZ: [libjvm.dylib+0x487bc4], sa_mask[0]=11111111011111110111111111111111, sa_flags=SA_RESTART|SA_SIGINFO
SIGILL: [libjvm.dylib+0x487bc4], sa_mask[0]=11111111011111110111111111111111, sa_flags=SA_RESTART|SA_SIGINFO
SIGUSR1: SIG_DFL, sa_mask[0]=11011111011111100000000111000110, sa_flags=none
SIGUSR2: [libjvm.dylib+0x4876e2], sa_mask[0]=00100000000000000000000000000000, sa_flags=SA_RESTART|SA_SIGINFO
SIGHUP: [libjvm.dylib+0x485cb9], sa_mask[0]=11111111011111110111111111111111, sa_flags=SA_RESTART|SA_SIGINFO
SIGINT: [libjvm.dylib+0x485cb9], sa_mask[0]=11111111011111110111111111111111, sa_flags=SA_RESTART|SA_SIGINFO
SIGTERM: [libjvm.dylib+0x485cb9], sa_mask[0]=11111111011111110111111111111111, sa_flags=SA_RESTART|SA_SIGINFO
SIGQUIT: [libjvm.dylib+0x485cb9], sa_mask[0]=11111111011111110111111111111111, sa_flags=SA_RESTART|SA_SIGINFO


---------------  S Y S T E M  ---------------

OS:Bsduname:Darwin 16.7.0 Darwin Kernel Version 16.7.0: Thu Jan 11 22:59:40 PST 2018; root:xnu-3789.73.8~1/RELEASE_X86_64 x86_64
rlimit: STACK 8192k, CORE 0k, NPROC 709, NOFILE 10240, AS infinity
load average:3.87 2.99 2.59

CPU:total 4 (2 cores per cpu, 2 threads per core) family 6 model 69 stepping 1, cmov, cx8, fxsr, mmx, sse, sse2, sse3, ssse3, sse4.1, sse4.2, popcnt, avx, avx2, aes, clmul, erms, lzcnt, ht, tsc, tscinvbit, bmi1, bmi2

Memory: 4k page, physical 4194304k(65508k free)

/proc/meminfo:


vm_info: Java HotSpot(TM) 64-Bit Server VM (25.121-b13) for bsd-amd64 JRE (1.8.0_121-b13), built on Dec 12 2016 20:39:32 by "java_re" with gcc 4.2.1 (Based on Apple Inc. build 5658) (LLVM build 2336.11.00)

time: Mon Apr 16 13:42:19 2018
elapsed time: 41 seconds (0d 0h 0m 41s)

