#
# A fatal error has been detected by the Java Runtime Environment:
#
#  SIGSEGV (0xb) at pc=0x00007fffd65ee05d, pid=11208, tid=0x0000000000000307
#
# JRE version: Java(TM) SE Runtime Environment (8.0_121-b13) (build 1.8.0_121-b13)
# Java VM: Java HotSpot(TM) 64-Bit Server VM (25.121-b13 mixed mode bsd-amd64 compressed oops)
# Problematic frame:
# C  [libobjc.A.dylib+0x705d]  objc_msgSend+0x1d
#
# Failed to write core dump. Core dumps have been disabled. To enable core dumping, try "ulimit -c unlimited" before starting Java again
#
# If you would like to submit a bug report, please visit:
#   http://bugreport.java.com/bugreport/crash.jsp
# The crash happened outside the Java Virtual Machine in native code.
# See problematic frame for where to report the bug.
#

---------------  T H R E A D  ---------------

Current thread (0x00007fd38d8b4000):  JavaThread "AWT-AppKit" daemon [_thread_in_native, id=775, stack(0x00007fff51031000,0x00007fff51831000)]

siginfo: si_signo: 11 (SIGSEGV), si_code: 1 (SEGV_MAPERR), si_addr: 0x0000000000000018

Registers:
RAX=0x00007fd38bef5d70, RBX=0x0000000193615450, RCX=0x00007fd38e301700, RDX=0x0000000000000000
RSP=0x00007fff5182c238, RBP=0x00007fff5182c2f0, RSI=0x00007fffbfe75116, RDI=0x00007fd38bef4830
R8 =0x0000000000000018, R9 =0x00007fd38e3010e0, R10=0x0000000000000000, R11=0x00007fffbfe75116
R12=0x0000000000000000, R13=0x0000000194f90708, R14=0x0000000193615440, R15=0x00007fd38d8b4000
RIP=0x00007fffd65ee05d, EFLAGS=0x0000000000010246, ERR=0x0000000000000004
  TRAPNO=0x000000000000000e

Top of Stack: (sp=0x00007fff5182c238)
0x00007fff5182c238:   0000000193613157 00007fff5182c290
0x00007fff5182c248:   0000000000000003 00007fff5182c270
0x00007fff5182c258:   000000010e63ec62 0000000194f90708
0x00007fff5182c268:   0000000194f90708 00007fd38bef5d70
0x00007fff5182c278:   00000001936156a0 0000000193615710
0x00007fff5182c288:   00007fffdc6546d0 00007fffdd2841e0
0x00007fff5182c298:   0000000193615450 0000000193615690
0x00007fff5182c2a8:   00007fd38bef5d70 00007fd38bef4830
0x00007fff5182c2b8:   00007fd38bf43d60 00007fd38bef5d70
0x00007fff5182c2c8:   00007fd38bef4830 00007fff5182c378
0x00007fff5182c2d8:   00007fd38d8b41f8 0000000194f90708
0x00007fff5182c2e8:   00007fff5182c3a0 00007fff5182c368
0x00007fff5182c2f8:   00000001184639f4 0000000194f90708
0x00007fff5182c308:   00007fff5182c3a0 00007fff5182c368
0x00007fff5182c318:   0000000118463787 0000000118463742
0x00007fff5182c328:   00007fff5182c328 0000000194f90708
0x00007fff5182c338:   00007fff5182c3a0 0000000194f91eb8
0x00007fff5182c348:   0000000000000000 0000000194f90708
0x00007fff5182c358:   0000000000000000 00007fff5182c388
0x00007fff5182c368:   00007fff5182c3e8 00000001184542bd
0x00007fff5182c378:   0000000780df8a00 000000011845d538
0x00007fff5182c388:   00007fd38bef5d70 00007fff5182c3e8
0x00007fff5182c398:   00007fd38bef4830 000000011845ee02
0x00007fff5182c3a8:   00007fff5182c3a8 0000000194f908d2
0x00007fff5182c3b8:   00007fff5182c410 0000000194f91eb8
0x00007fff5182c3c8:   0000000000000000 0000000194f908e0
0x00007fff5182c3d8:   00007fff5182c388 00007fff5182c3f8
0x00007fff5182c3e8:   00007fff5182c458 00000001184542bd
0x00007fff5182c3f8:   00007fd38bef5d70 000000078059b2e0
0x00007fff5182c408:   00007fd38bef4830 000000078059b2e0
0x00007fff5182c418:   00007fff5182c418 000000019b1a76f6
0x00007fff5182c428:   00007fff5182c468 000000019b1a77b0 

Instructions: (pc=0x00007fffd65ee05d)
0x00007fffd65ee03d:   0f 1f 00 48 85 ff 2e 74 62 40 f6 c7 01 2e 75 66
0x00007fffd65ee04d:   49 ba f8 ff ff ff ff 7f 00 00 4c 23 17 49 89 f3
0x00007fffd65ee05d:   45 23 5a 18 49 c1 e3 04 4d 03 5a 10 49 3b 33 75
0x00007fffd65ee06d:   04 41 ff 63 08 49 83 3b 01 76 0d 49 83 c3 10 49 

Register to memory mapping:

RAX=0x00007fd38bef5d70 is an unknown value
RBX=0x0000000193615450: Java_jogamp_nativewindow_macosx_OSXUtil_GetScreenRefreshRate0+0x1cf0 in /private/var/folders/z5/dkh_k18x6bn8z6w6jj1k7pqm0000gn/T/jogamp_0000/file_cache/jln2387364102290732098/jln3602421060903764689/libnativewindow_macosx.jnilib at 0x000000019360e000
RCX=0x00007fd38e301700 is an unknown value
RDX=0x0000000000000000 is an unknown value
RSP=0x00007fff5182c238 is pointing into the stack for thread: 0x00007fd38d8b4000
RBP=0x00007fff5182c2f0 is pointing into the stack for thread: 0x00007fd38d8b4000
RSI=0x00007fffbfe75116: __NSStyleNameIndexTable+0x7fd5e in /System/Library/Frameworks/AppKit.framework/Versions/C/AppKit at 0x00007fffbf208000
RDI=0x00007fd38bef4830 is an unknown value
R8 =0x0000000000000018 is an unknown value
R9 =0x00007fd38e3010e0 is an unknown value
R10=0x0000000000000000 is an unknown value
R11=0x00007fffbfe75116: __NSStyleNameIndexTable+0x7fd5e in /System/Library/Frameworks/AppKit.framework/Versions/C/AppKit at 0x00007fffbf208000
R12=0x0000000000000000 is an unknown value
R13={method} {0x0000000194f90708} 'UnsetJAWTRootSurfaceLayer0' '(JJ)V' in 'jogamp/nativewindow/jawt/macosx/MacOSXJAWTWindow'
R14=0x0000000193615440: Java_jogamp_nativewindow_macosx_OSXUtil_GetScreenRefreshRate0+0x1ce0 in /private/var/folders/z5/dkh_k18x6bn8z6w6jj1k7pqm0000gn/T/jogamp_0000/file_cache/jln2387364102290732098/jln3602421060903764689/libnativewindow_macosx.jnilib at 0x000000019360e000
R15=0x00007fd38d8b4000 is a thread


Stack: [0x00007fff51031000,0x00007fff51831000],  sp=0x00007fff5182c238,  free space=8172k
Native frames: (J=compiled Java code, j=interpreted, Vv=VM code, C=native code)
C  [libobjc.A.dylib+0x705d]  objc_msgSend+0x1d
j  jogamp.nativewindow.jawt.macosx.MacOSXJAWTWindow.UnsetJAWTRootSurfaceLayer0(JJ)V+0
j  jogamp.nativewindow.jawt.macosx.MacOSXJAWTWindow.access$200(JJ)V+2
j  jogamp.nativewindow.jawt.macosx.MacOSXJAWTWindow$1.run()V+38
j  com.jogamp.common.util.RunnableTask.run()V+24
v  ~StubRoutines::call_stub
V  [libjvm.dylib+0x2ed9d6]
V  [libjvm.dylib+0x324b65]
V  [libjvm.dylib+0x317333]
C  [libnativewindow_macosx.jnilib+0x5326]  Java_jogamp_nativewindow_jawt_macosx_MacOSXJAWTWindow_UnsetJAWTRootSurfaceLayer0+0x2b6
C  [Foundation+0x7152a]  __NSThreadPerformPerform+0x146
C  [CoreFoundation+0xa7321]  __CFRUNLOOP_IS_CALLING_OUT_TO_A_SOURCE0_PERFORM_FUNCTION__+0x11
C  [CoreFoundation+0x88197]  __CFRunLoopDoSources0+0x1a7
C  [CoreFoundation+0x87716]  __CFRunLoopRun+0x3a6
C  [CoreFoundation+0x87114]  CFRunLoopRunSpecific+0x1a4
C  [HIToolbox+0x30ebc]  RunCurrentEventLoopInMode+0xf0
C  [HIToolbox+0x30bf9]  ReceiveNextEventCommon+0xb8
C  [HIToolbox+0x30b26]  _BlockUntilNextEventMatchingListInModeWithFilter+0x47
C  [AppKit+0x46a54]  _DPSNextEvent+0x460
C  [AppKit+0x7c27ee]  -[NSApplication(NSEvent) _nextEventMatchingEventMask:untilDate:inMode:dequeue:]+0xaec
C  [libosxapp.dylib+0x23aa]  -[NSApplicationAWT nextEventMatchingMask:untilDate:inMode:dequeue:]+0x7c
C  [AppKit+0x3b3db]  -[NSApplication run]+0x39e
C  [libosxapp.dylib+0x214d]  +[NSApplicationAWT runAWTLoopWithApp:]+0x9c
C  [libawt_lwawt.dylib+0x45ff7]  -[AWTStarter starter:]+0x389
C  [Foundation+0x7152a]  __NSThreadPerformPerform+0x146
C  [CoreFoundation+0xa7321]  __CFRUNLOOP_IS_CALLING_OUT_TO_A_SOURCE0_PERFORM_FUNCTION__+0x11
C  [CoreFoundation+0x8821d]  __CFRunLoopDoSources0+0x22d
C  [CoreFoundation+0x87716]  __CFRunLoopRun+0x3a6
C  [CoreFoundation+0x87114]  CFRunLoopRunSpecific+0x1a4
C  [java+0x6465]  CreateExecutionEnvironment+0x367
C  [java+0x218c]  JLI_Launch+0x7a0
C  [java+0x84c2]  main+0x65
C  [java+0x19e4]  start+0x34
C  0x0000000000000007

Java frames: (J=compiled Java code, j=interpreted, Vv=VM code)
j  jogamp.nativewindow.jawt.macosx.MacOSXJAWTWindow.UnsetJAWTRootSurfaceLayer0(JJ)V+0
j  jogamp.nativewindow.jawt.macosx.MacOSXJAWTWindow.access$200(JJ)V+2
j  jogamp.nativewindow.jawt.macosx.MacOSXJAWTWindow$1.run()V+38
j  com.jogamp.common.util.RunnableTask.run()V+24
v  ~StubRoutines::call_stub

---------------  P R O C E S S  ---------------

Java Threads: ( => current thread )
  0x00007fd3935c9800 JavaThread "Thread-19" [_thread_blocked, id=77227, stack(0x000070000b49a000,0x000070000b59a000)]
  0x00007fd38d9b2800 JavaThread "AWT-EventQueue-1" [_thread_in_native, id=69659, stack(0x000070000b314000,0x000070000b414000)]
  0x00007fd38c2f4800 JavaThread "DestroyJavaVM" [_thread_blocked, id=7171, stack(0x0000700009ccc000,0x0000700009dcc000)]
  0x00007fd38c263000 JavaThread "AWT-EventQueue-0" [_thread_blocked, id=64299, stack(0x000070000b10e000,0x000070000b20e000)]
  0x00007fd38d92d000 JavaThread "Java2D Disposer" daemon [_thread_blocked, id=56847, stack(0x000070000ae85000,0x000070000af85000)]
  0x00007fd38c1db000 JavaThread "Java2D Queue Flusher" daemon [_thread_blocked, id=54795, stack(0x000070000ad82000,0x000070000ae82000)]
  0x00007fd38c19b000 JavaThread "AWT-Shutdown" [_thread_blocked, id=27991, stack(0x000070000ab79000,0x000070000ac79000)]
=>0x00007fd38d8b4000 JavaThread "AWT-AppKit" daemon [_thread_in_native, id=775, stack(0x00007fff51031000,0x00007fff51831000)]
  0x00007fd38d016800 JavaThread "Service Thread" daemon [_thread_blocked, id=18691, stack(0x000070000a8f0000,0x000070000a9f0000)]
  0x00007fd38d015800 JavaThread "C1 CompilerThread2" daemon [_thread_blocked, id=18179, stack(0x000070000a7ed000,0x000070000a8ed000)]
  0x00007fd38d015000 JavaThread "C2 CompilerThread1" daemon [_thread_blocked, id=17667, stack(0x000070000a6ea000,0x000070000a7ea000)]
  0x00007fd38d004000 JavaThread "C2 CompilerThread0" daemon [_thread_blocked, id=17155, stack(0x000070000a5e7000,0x000070000a6e7000)]
  0x00007fd38c820000 JavaThread "Signal Dispatcher" daemon [_thread_blocked, id=16391, stack(0x000070000a4e4000,0x000070000a5e4000)]
  0x00007fd38d001800 JavaThread "Finalizer" daemon [_thread_blocked, id=12547, stack(0x000070000a3e1000,0x000070000a4e1000)]
  0x00007fd38d000800 JavaThread "Reference Handler" daemon [_thread_blocked, id=12035, stack(0x000070000a2de000,0x000070000a3de000)]

Other Threads:
  0x00007fd38c80a800 VMThread [stack: 0x000070000a1db000,0x000070000a2db000] [id=11523]
  0x00007fd38d019000 WatcherThread [stack: 0x000070000a9f3000,0x000070000aaf3000] [id=19203]

VM state:not at safepoint (normal execution)

VM Mutex/Monitor currently owned by a thread: None

Heap:
 PSYoungGen      total 101376K, used 59920K [0x00000007aab00000, 0x00000007b3c80000, 0x00000007c0000000)
  eden space 92672K, 64% used [0x00000007aab00000,0x00000007ae5640c8,0x00000007b0580000)
  from space 8704K, 1% used [0x00000007b2b80000,0x00000007b2ba0000,0x00000007b3400000)
  to   space 8192K, 0% used [0x00000007b3480000,0x00000007b3480000,0x00000007b3c80000)
 ParOldGen       total 42496K, used 15984K [0x0000000780000000, 0x0000000782980000, 0x00000007aab00000)
  object space 42496K, 37% used [0x0000000780000000,0x0000000780f9c3a8,0x0000000782980000)
 Metaspace       used 21526K, capacity 21819K, committed 22192K, reserved 1069056K
  class space    used 2113K, capacity 2204K, committed 2304K, reserved 1048576K

Card table byte_map: [0x0000000110006000,0x0000000110207000] byte_map_base: 0x000000010c406000

Marking Bits: (ParMarkBitMap*) 0x000000010ed3cd30
 Begin Bits: [0x000000011035d000, 0x000000011135d000)
 End Bits:   [0x000000011135d000, 0x000000011235d000)

Polling page: 0x000000010f3fc000

CodeCache: size=245760Kb used=9657Kb max_used=10486Kb free=236102Kb
 bounds [0x000000011844c000, 0x0000000118ecc000, 0x000000012744c000]
 total_blobs=3544 nmethods=2648 adapters=809
 compilation: enabled

Compilation events (10 events):
Event: 176.347 Thread 0x00007fd38d015800 3200       1       java.awt.AWTEvent::isConsumed (5 bytes)
Event: 176.347 Thread 0x00007fd38d015800 nmethod 3200 0x0000000118caf3d0 code [0x0000000118caf520, 0x0000000118caf630]
Event: 199.148 Thread 0x00007fd38d015800 3201       1       sun.java2d.SurfaceData::isValid (5 bytes)
Event: 199.149 Thread 0x00007fd38d015800 nmethod 3201 0x0000000118cb3910 code [0x0000000118cb3a60, 0x0000000118cb3b70]
Event: 199.151 Thread 0x00007fd38d015800 3202       3       java.util.HashMap::clear (50 bytes)
Event: 199.152 Thread 0x00007fd38d015800 nmethod 3202 0x0000000118c7efd0 code [0x0000000118c7f160, 0x0000000118c7f530]
Event: 199.198 Thread 0x00007fd38d015800 3203       3       java.util.HashSet::<init> (16 bytes)
Event: 199.198 Thread 0x00007fd38d015000 3204       4       sun.java2d.SunGraphics2D::translate (68 bytes)
Event: 199.198 Thread 0x00007fd38d015800 nmethod 3203 0x00000001185be990 code [0x00000001185beb20, 0x00000001185bef30]
Event: 199.200 Thread 0x00007fd38d015000 nmethod 3204 0x0000000118c7ec50 code [0x0000000118c7eda0, 0x0000000118c7eec8]

GC Heap History (10 events):
Event: 121.760 GC heap before
{Heap before GC invocations=16 (full 1):
 PSYoungGen      total 114176K, used 113728K [0x00000007aab00000, 0x00000007b4e00000, 0x00000007c0000000)
  eden space 113664K, 100% used [0x00000007aab00000,0x00000007b1a00000,0x00000007b1a00000)
  from space 512K, 12% used [0x00000007b4d80000,0x00000007b4d90000,0x00000007b4e00000)
  to   space 10240K, 0% used [0x00000007b3a00000,0x00000007b3a00000,0x00000007b4400000)
 ParOldGen       total 42496K, used 15976K [0x0000000780000000, 0x0000000782980000, 0x00000007aab00000)
  object space 42496K, 37% used [0x0000000780000000,0x0000000780f9a3a8,0x0000000782980000)
 Metaspace       used 21484K, capacity 21723K, committed 21808K, reserved 1069056K
  class space    used 2105K, capacity 2172K, committed 2176K, reserved 1048576K
Event: 121.762 GC heap after
Heap after GC invocations=16 (full 1):
 PSYoungGen      total 119296K, used 128K [0x00000007aab00000, 0x00000007b4e00000, 0x00000007c0000000)
  eden space 109056K, 0% used [0x00000007aab00000,0x00000007aab00000,0x00000007b1580000)
  from space 10240K, 1% used [0x00000007b3a00000,0x00000007b3a20000,0x00000007b4400000)
  to   space 9728K, 0% used [0x00000007b4480000,0x00000007b4480000,0x00000007b4e00000)
 ParOldGen       total 42496K, used 15976K [0x0000000780000000, 0x0000000782980000, 0x00000007aab00000)
  object space 42496K, 37% used [0x0000000780000000,0x0000000780f9a3a8,0x0000000782980000)
 Metaspace       used 21484K, capacity 21723K, committed 21808K, reserved 1069056K
  class space    used 2105K, capacity 2172K, committed 2176K, reserved 1048576K
}
Event: 139.730 GC heap before
{Heap before GC invocations=17 (full 1):
 PSYoungGen      total 119296K, used 109184K [0x00000007aab00000, 0x00000007b4e00000, 0x00000007c0000000)
  eden space 109056K, 100% used [0x00000007aab00000,0x00000007b1580000,0x00000007b1580000)
  from space 10240K, 1% used [0x00000007b3a00000,0x00000007b3a20000,0x00000007b4400000)
  to   space 9728K, 0% used [0x00000007b4480000,0x00000007b4480000,0x00000007b4e00000)
 ParOldGen       total 42496K, used 15976K [0x0000000780000000, 0x0000000782980000, 0x00000007aab00000)
  object space 42496K, 37% used [0x0000000780000000,0x0000000780f9a3a8,0x0000000782980000)
 Metaspace       used 21484K, capacity 21723K, committed 21808K, reserved 1069056K
  class space    used 2105K, capacity 2172K, committed 2176K, reserved 1048576K
Event: 139.732 GC heap after
Heap after GC invocations=17 (full 1):
 PSYoungGen      total 104960K, used 96K [0x00000007aab00000, 0x00000007b4500000, 0x00000007c0000000)
  eden space 104448K, 0% used [0x00000007aab00000,0x00000007aab00000,0x00000007b1100000)
  from space 512K, 18% used [0x00000007b4480000,0x00000007b4498000,0x00000007b4500000)
  to   space 9216K, 0% used [0x00000007b3300000,0x00000007b3300000,0x00000007b3c00000)
 ParOldGen       total 42496K, used 15976K [0x0000000780000000, 0x0000000782980000, 0x00000007aab00000)
  object space 42496K, 37% used [0x0000000780000000,0x0000000780f9a3a8,0x0000000782980000)
 Metaspace       used 21484K, capacity 21723K, committed 21808K, reserved 1069056K
  class space    used 2105K, capacity 2172K, committed 2176K, reserved 1048576K
}
Event: 157.129 GC heap before
{Heap before GC invocations=18 (full 1):
 PSYoungGen      total 104960K, used 104544K [0x00000007aab00000, 0x00000007b4500000, 0x00000007c0000000)
  eden space 104448K, 100% used [0x00000007aab00000,0x00000007b1100000,0x00000007b1100000)
  from space 512K, 18% used [0x00000007b4480000,0x00000007b4498000,0x00000007b4500000)
  to   space 9216K, 0% used [0x00000007b3300000,0x00000007b3300000,0x00000007b3c00000)
 ParOldGen       total 42496K, used 15976K [0x0000000780000000, 0x0000000782980000, 0x00000007aab00000)
  object space 42496K, 37% used [0x0000000780000000,0x0000000780f9a3a8,0x0000000782980000)
 Metaspace       used 21486K, capacity 21723K, committed 21808K, reserved 1069056K
  class space    used 2106K, capacity 2172K, committed 2176K, reserved 1048576K
Event: 157.131 GC heap after
Heap after GC invocations=18 (full 1):
 PSYoungGen      total 109568K, used 128K [0x00000007aab00000, 0x00000007b4500000, 0x00000007c0000000)
  eden space 100352K, 0% used [0x00000007aab00000,0x00000007aab00000,0x00000007b0d00000)
  from space 9216K, 1% used [0x00000007b3300000,0x00000007b3320000,0x00000007b3c00000)
  to   space 9216K, 0% used [0x00000007b3c00000,0x00000007b3c00000,0x00000007b4500000)
 ParOldGen       total 42496K, used 15976K [0x0000000780000000, 0x0000000782980000, 0x00000007aab00000)
  object space 42496K, 37% used [0x0000000780000000,0x0000000780f9a3a8,0x0000000782980000)
 Metaspace       used 21486K, capacity 21723K, committed 21808K, reserved 1069056K
  class space    used 2106K, capacity 2172K, committed 2176K, reserved 1048576K
}
Event: 173.531 GC heap before
{Heap before GC invocations=19 (full 1):
 PSYoungGen      total 109568K, used 100480K [0x00000007aab00000, 0x00000007b4500000, 0x00000007c0000000)
  eden space 100352K, 100% used [0x00000007aab00000,0x00000007b0d00000,0x00000007b0d00000)
  from space 9216K, 1% used [0x00000007b3300000,0x00000007b3320000,0x00000007b3c00000)
  to   space 9216K, 0% used [0x00000007b3c00000,0x00000007b3c00000,0x00000007b4500000)
 ParOldGen       total 42496K, used 15976K [0x0000000780000000, 0x0000000782980000, 0x00000007aab00000)
  object space 42496K, 37% used [0x0000000780000000,0x0000000780f9a3a8,0x0000000782980000)
 Metaspace       used 21497K, capacity 21723K, committed 21808K, reserved 1069056K
  class space    used 2106K, capacity 2172K, committed 2176K, reserved 1048576K
Event: 173.534 GC heap after
Heap after GC invocations=19 (full 1):
 PSYoungGen      total 96768K, used 96K [0x00000007aab00000, 0x00000007b3c80000, 0x00000007c0000000)
  eden space 96256K, 0% used [0x00000007aab00000,0x00000007aab00000,0x00000007b0900000)
  from space 512K, 18% used [0x00000007b3c00000,0x00000007b3c18000,0x00000007b3c80000)
  to   space 8704K, 0% used [0x00000007b2b80000,0x00000007b2b80000,0x00000007b3400000)
 ParOldGen       total 42496K, used 15976K [0x0000000780000000, 0x0000000782980000, 0x00000007aab00000)
  object space 42496K, 37% used [0x0000000780000000,0x0000000780f9a3a8,0x0000000782980000)
 Metaspace       used 21497K, capacity 21723K, committed 21808K, reserved 1069056K
  class space    used 2106K, capacity 2172K, committed 2176K, reserved 1048576K
}
Event: 189.598 GC heap before
{Heap before GC invocations=20 (full 1):
 PSYoungGen      total 96768K, used 96352K [0x00000007aab00000, 0x00000007b3c80000, 0x00000007c0000000)
  eden space 96256K, 100% used [0x00000007aab00000,0x00000007b0900000,0x00000007b0900000)
  from space 512K, 18% used [0x00000007b3c00000,0x00000007b3c18000,0x00000007b3c80000)
  to   space 8704K, 0% used [0x00000007b2b80000,0x00000007b2b80000,0x00000007b3400000)
 ParOldGen       total 42496K, used 15976K [0x0000000780000000, 0x0000000782980000, 0x00000007aab00000)
  object space 42496K, 37% used [0x0000000780000000,0x0000000780f9a3a8,0x0000000782980000)
 Metaspace       used 21497K, capacity 21723K, committed 21808K, reserved 1069056K
  class space    used 2106K, capacity 2172K, committed 2176K, reserved 1048576K
Event: 189.600 GC heap after
Heap after GC invocations=20 (full 1):
 PSYoungGen      total 101376K, used 128K [0x00000007aab00000, 0x00000007b3c80000, 0x00000007c0000000)
  eden space 92672K, 0% used [0x00000007aab00000,0x00000007aab00000,0x00000007b0580000)
  from space 8704K, 1% used [0x00000007b2b80000,0x00000007b2ba0000,0x00000007b3400000)
  to   space 8192K, 0% used [0x00000007b3480000,0x00000007b3480000,0x00000007b3c80000)
 ParOldGen       total 42496K, used 15984K [0x0000000780000000, 0x0000000782980000, 0x00000007aab00000)
  object space 42496K, 37% used [0x0000000780000000,0x0000000780f9c3a8,0x0000000782980000)
 Metaspace       used 21497K, capacity 21723K, committed 21808K, reserved 1069056K
  class space    used 2106K, capacity 2172K, committed 2176K, reserved 1048576K
}

Deoptimization events (10 events):
Event: 199.149 Thread 0x00007fd38c263000 Uncommon trap: reason=unstable_if action=reinterpret pc=0x0000000118bef314 method=java.awt.Font.equals(Ljava/lang/Object;)Z @ 2
Event: 199.197 Thread 0x00007fd38d1bd800 Uncommon trap: reason=unstable_if action=reinterpret pc=0x0000000118bc45cc method=java.util.HashMap.putVal(ILjava/lang/Object;Ljava/lang/Object;ZZ)Ljava/lang/Object; @ 81
Event: 199.198 Thread 0x00007fd38c263000 Uncommon trap: reason=class_check action=maybe_recompile pc=0x0000000118bbf45c method=java.awt.Component.getGraphics()Ljava/awt/Graphics; @ 114
Event: 199.204 Thread 0x00007fd38d8b4000 Uncommon trap: reason=class_check action=maybe_recompile pc=0x0000000118b50180 method=com.jogamp.common.util.RunnableTask.run()V @ 24
Event: 199.206 Thread 0x00007fd38d8b4000 Uncommon trap: reason=unstable_if action=reinterpret pc=0x00000001189d907c method=jogamp.nativewindow.macosx.OSXUtil.RunOnMainThread(ZZLjava/lang/Runnable;)V @ 3
Event: 199.218 Thread 0x00007fd38d9b2800 Uncommon trap: reason=unstable_if action=reinterpret pc=0x0000000118abea70 method=jogamp.opengl.GLContextImpl.release(Z)V @ 161
Event: 199.225 Thread 0x00007fd38d9b2800 Uncommon trap: reason=unstable_if action=reinterpret pc=0x0000000118cf5d5c method=java.security.AccessControlContext.optimize()Ljava/security/AccessControlContext; @ 233
Event: 199.227 Thread 0x00007fd38c263000 Uncommon trap: reason=class_check action=maybe_recompile pc=0x0000000118bbf45c method=java.awt.Component.getGraphics()Ljava/awt/Graphics; @ 114
Event: 199.228 Thread 0x00007fd3935c9800 Uncommon trap: reason=predicate action=maybe_recompile pc=0x0000000118cd9048 method=java.util.Vector.indexOf(Ljava/lang/Object;I)I @ 44
Event: 199.231 Thread 0x00007fd38d8b4000 Uncommon trap: reason=class_check action=maybe_recompile pc=0x0000000118b50180 method=com.jogamp.common.util.RunnableTask.run()V @ 24

Internal exceptions (10 events):
Event: 0.505 Thread 0x00007fd38c802000 Exception <a 'java/lang/NoSuchFieldError': method resolution failed> (0x00000007aacd61a8) thrown at [/Users/java_re/workspace/8-2-build-macosx-x86_64/jdk8u121/8372/hotspot/src/share/vm/prims/methodHandles.cpp, line 1146]
Event: 1.014 Thread 0x00007fd38c802000 Exception <a 'java/io/FileNotFoundException'> (0x00000007aad52d78) thrown at [/Users/java_re/workspace/8-2-build-macosx-x86_64/jdk8u121/8372/hotspot/src/share/vm/prims/jni.cpp, line 709]
Event: 1.014 Thread 0x00007fd38c802000 Exception <a 'java/io/FileNotFoundException'> (0x00000007aad538c8) thrown at [/Users/java_re/workspace/8-2-build-macosx-x86_64/jdk8u121/8372/hotspot/src/share/vm/prims/jni.cpp, line 709]
Event: 1.399 Thread 0x00007fd38c802000 Exception <a 'java/io/FileNotFoundException'> (0x00000007aae8c1e8) thrown at [/Users/java_re/workspace/8-2-build-macosx-x86_64/jdk8u121/8372/hotspot/src/share/vm/prims/jni.cpp, line 709]
Event: 5.304 Thread 0x00007fd38d001800 Exception <a 'java/lang/NullPointerException'> (0x00000007aab84cc0) thrown at [/Users/java_re/workspace/8-2-build-macosx-x86_64/jdk8u121/8372/hotspot/src/share/vm/interpreter/linkResolver.cpp, line 1178]
Event: 5.411 Thread 0x00007fd38c40e000 Exception <a 'java/lang/UnsatisfiedLinkError': com.jogamp.common.util.JarUtil.fixNativeLibAttribs(Ljava/lang/String;)Z> (0x00000007aaee80b0) thrown at [/Users/java_re/workspace/8-2-build-macosx-x86_64/jdk8u121/8372/hotspot/src/share/vm/prims/nativeLookup.
Event: 7.135 Thread 0x00007fd38d9b2800 Exception <a 'java/io/FileNotFoundException'> (0x00000007ab115b28) thrown at [/Users/java_re/workspace/8-2-build-macosx-x86_64/jdk8u121/8372/hotspot/src/share/vm/prims/jni.cpp, line 709]
Event: 7.136 Thread 0x00007fd38d9b2800 Exception <a 'java/io/FileNotFoundException'> (0x00000007ab11bdb8) thrown at [/Users/java_re/workspace/8-2-build-macosx-x86_64/jdk8u121/8372/hotspot/src/share/vm/prims/jni.cpp, line 709]
Event: 7.136 Thread 0x00007fd38d9b2800 Implicit null exception at 0x0000000118614ab6 to 0x0000000118614e85
Event: 7.784 Thread 0x00007fd38d9b2800 Implicit null exception at 0x0000000118819006 to 0x000000011881924d

Events (10 events):
Event: 199.227 Thread 0x00007fd38c263000 DEOPT PACKING pc=0x0000000118bbf45c sp=0x000070000b20bd00
Event: 199.227 Thread 0x00007fd38c263000 DEOPT UNPACKING pc=0x0000000118451229 sp=0x000070000b20bd10 mode 2
Event: 199.228 Thread 0x00007fd3935c9800 Uncommon trap: trap_request=0xffffff86 fr.pc=0x0000000118cd9048
Event: 199.228 Thread 0x00007fd3935c9800 DEOPT PACKING pc=0x0000000118cd9048 sp=0x000070000b5997f0
Event: 199.228 Thread 0x00007fd3935c9800 DEOPT UNPACKING pc=0x0000000118451229 sp=0x000070000b5997a0 mode 2
Event: 199.228 loading class java/awt/Window$1DisposeAction
Event: 199.228 loading class java/awt/Window$1DisposeAction done
Event: 199.231 Thread 0x00007fd38d8b4000 Uncommon trap: trap_request=0xffffffde fr.pc=0x0000000118b50180
Event: 199.231 Thread 0x00007fd38d8b4000 DEOPT PACKING pc=0x0000000118b50180 sp=0x00007fff5182c4b0
Event: 199.231 Thread 0x00007fd38d8b4000 DEOPT UNPACKING pc=0x0000000118451229 sp=0x00007fff5182c458 mode 2


Dynamic libraries:
0x000000004c357000 	/System/Library/Frameworks/Cocoa.framework/Versions/A/Cocoa
0x000000004c357000 	/System/Library/Frameworks/Security.framework/Versions/A/Security
0x000000004c357000 	/System/Library/Frameworks/ApplicationServices.framework/Versions/A/ApplicationServices
0x000000004c357000 	/usr/lib/libz.1.dylib
0x000000004c357000 	/usr/lib/libSystem.B.dylib
0x000000004c357000 	/usr/lib/libobjc.A.dylib
0x000000004c357000 	/System/Library/Frameworks/CoreFoundation.framework/Versions/A/CoreFoundation
0x000000004c357000 	/System/Library/Frameworks/Foundation.framework/Versions/C/Foundation
0x000000004c357000 	/System/Library/Frameworks/AppKit.framework/Versions/C/AppKit
0x000000004c357000 	/System/Library/Frameworks/CoreData.framework/Versions/A/CoreData
0x000000004c357000 	/System/Library/PrivateFrameworks/RemoteViewServices.framework/Versions/A/RemoteViewServices
0x000000004c357000 	/System/Library/PrivateFrameworks/UIFoundation.framework/Versions/A/UIFoundation
0x000000004c357000 	/System/Library/PrivateFrameworks/DFRFoundation.framework/Versions/A/DFRFoundation
0x000000004c357000 	/usr/lib/libenergytrace.dylib
0x000000004c357000 	/System/Library/PrivateFrameworks/SkyLight.framework/Versions/A/SkyLight
0x000000004c357000 	/System/Library/Frameworks/CoreGraphics.framework/Versions/A/CoreGraphics
0x000000004c357000 	/usr/lib/libScreenReader.dylib
0x000000004c357000 	/System/Library/Frameworks/Accelerate.framework/Versions/A/Accelerate
0x000000004c357000 	/System/Library/Frameworks/IOSurface.framework/Versions/A/IOSurface
0x000000004c357000 	/System/Library/Frameworks/AudioToolbox.framework/Versions/A/AudioToolbox
0x000000004c357000 	/System/Library/Frameworks/AudioUnit.framework/Versions/A/AudioUnit
0x000000004c357000 	/System/Library/PrivateFrameworks/DataDetectorsCore.framework/Versions/A/DataDetectorsCore
0x000000004c357000 	/System/Library/PrivateFrameworks/DesktopServicesPriv.framework/Versions/A/DesktopServicesPriv
0x000000004c357000 	/System/Library/Frameworks/Carbon.framework/Versions/A/Frameworks/HIToolbox.framework/Versions/A/HIToolbox
0x000000004c357000 	/usr/lib/libicucore.A.dylib
0x000000004c357000 	/System/Library/Frameworks/QuartzCore.framework/Versions/A/QuartzCore
0x000000004c357000 	/System/Library/Frameworks/Carbon.framework/Versions/A/Frameworks/SpeechRecognition.framework/Versions/A/SpeechRecognition
0x000000004c357000 	/usr/lib/libauto.dylib
0x000000004c357000 	/usr/lib/libxml2.2.dylib
0x000000004c357000 	/System/Library/PrivateFrameworks/CoreUI.framework/Versions/A/CoreUI
0x000000004c357000 	/System/Library/Frameworks/CoreAudio.framework/Versions/A/CoreAudio
0x000000004c357000 	/System/Library/Frameworks/DiskArbitration.framework/Versions/A/DiskArbitration
0x000000004c357000 	/usr/lib/liblangid.dylib
0x000000004c357000 	/System/Library/PrivateFrameworks/MultitouchSupport.framework/Versions/A/MultitouchSupport
0x000000004c357000 	/System/Library/Frameworks/IOKit.framework/Versions/A/IOKit
0x000000004c357000 	/usr/lib/libDiagnosticMessagesClient.dylib
0x000000004c357000 	/System/Library/Frameworks/CoreServices.framework/Versions/A/CoreServices
0x000000004c357000 	/System/Library/PrivateFrameworks/PerformanceAnalysis.framework/Versions/A/PerformanceAnalysis
0x000000004c357000 	/System/Library/PrivateFrameworks/GenerationalStorage.framework/Versions/A/GenerationalStorage
0x000000004c357000 	/System/Library/Frameworks/OpenGL.framework/Versions/A/OpenGL
0x000000004c357000 	/System/Library/Frameworks/CoreImage.framework/Versions/A/CoreImage
0x000000004c357000 	/System/Library/Frameworks/CoreText.framework/Versions/A/CoreText
0x000000004c357000 	/System/Library/Frameworks/ImageIO.framework/Versions/A/ImageIO
0x000000004c357000 	/System/Library/PrivateFrameworks/Backup.framework/Versions/A/Backup
0x000000004c357000 	/usr/lib/libarchive.2.dylib
0x000000004c357000 	/System/Library/Frameworks/CFNetwork.framework/Versions/A/CFNetwork
0x000000004c357000 	/System/Library/Frameworks/SystemConfiguration.framework/Versions/A/SystemConfiguration
0x000000004c357000 	/usr/lib/libCRFSuite.dylib
0x000000004c357000 	/usr/lib/libc++.1.dylib
0x000000004c357000 	/usr/lib/libc++abi.dylib
0x000000004c357000 	/usr/lib/system/libcache.dylib
0x000000004c357000 	/usr/lib/system/libcommonCrypto.dylib
0x000000004c357000 	/usr/lib/system/libcompiler_rt.dylib
0x000000004c357000 	/usr/lib/system/libcopyfile.dylib
0x000000004c357000 	/usr/lib/system/libcorecrypto.dylib
0x000000004c357000 	/usr/lib/system/libdispatch.dylib
0x000000004c357000 	/usr/lib/system/libdyld.dylib
0x000000004c357000 	/usr/lib/system/libkeymgr.dylib
0x000000004c357000 	/usr/lib/system/liblaunch.dylib
0x000000004c357000 	/usr/lib/system/libmacho.dylib
0x000000004c357000 	/usr/lib/system/libquarantine.dylib
0x000000004c357000 	/usr/lib/system/libremovefile.dylib
0x000000004c357000 	/usr/lib/system/libsystem_asl.dylib
0x000000004c357000 	/usr/lib/system/libsystem_blocks.dylib
0x000000004c357000 	/usr/lib/system/libsystem_c.dylib
0x000000004c357000 	/usr/lib/system/libsystem_configuration.dylib
0x000000004c357000 	/usr/lib/system/libsystem_coreservices.dylib
0x000000004c357000 	/usr/lib/system/libsystem_coretls.dylib
0x000000004c357000 	/usr/lib/system/libsystem_dnssd.dylib
0x000000004c357000 	/usr/lib/system/libsystem_info.dylib
0x000000004c357000 	/usr/lib/system/libsystem_kernel.dylib
0x000000004c357000 	/usr/lib/system/libsystem_m.dylib
0x000000004c357000 	/usr/lib/system/libsystem_malloc.dylib
0x000000004c357000 	/usr/lib/system/libsystem_network.dylib
0x000000004c357000 	/usr/lib/system/libsystem_networkextension.dylib
0x000000004c357000 	/usr/lib/system/libsystem_notify.dylib
0x000000004c357000 	/usr/lib/system/libsystem_platform.dylib
0x000000004c357000 	/usr/lib/system/libsystem_pthread.dylib
0x000000004c357000 	/usr/lib/system/libsystem_sandbox.dylib
0x000000004c357000 	/usr/lib/system/libsystem_secinit.dylib
0x000000004c357000 	/usr/lib/system/libsystem_symptoms.dylib
0x000000004c357000 	/usr/lib/system/libsystem_trace.dylib
0x000000004c357000 	/usr/lib/system/libunwind.dylib
0x000000004c357000 	/usr/lib/system/libxpc.dylib
0x000000004c357000 	/usr/lib/libbsm.0.dylib
0x000000004c357000 	/usr/lib/system/libkxld.dylib
0x000000004c357000 	/usr/lib/libcoretls.dylib
0x000000004c357000 	/usr/lib/libcoretls_cfhelpers.dylib
0x000000004c357000 	/usr/lib/libOpenScriptingUtil.dylib
0x000000004c357000 	/usr/lib/libpam.2.dylib
0x000000004c357000 	/usr/lib/libsqlite3.dylib
0x000000004c357000 	/usr/lib/libxar.1.dylib
0x000000004c357000 	/usr/lib/libbz2.1.0.dylib
0x000000004c357000 	/usr/lib/liblzma.5.dylib
0x000000004c357000 	/usr/lib/libnetwork.dylib
0x000000004c357000 	/usr/lib/libpcap.A.dylib
0x000000004c357000 	/System/Library/Frameworks/CoreServices.framework/Versions/A/Frameworks/FSEvents.framework/Versions/A/FSEvents
0x000000004c357000 	/System/Library/Frameworks/CoreServices.framework/Versions/A/Frameworks/CarbonCore.framework/Versions/A/CarbonCore
0x000000004c357000 	/System/Library/Frameworks/CoreServices.framework/Versions/A/Frameworks/Metadata.framework/Versions/A/Metadata
0x000000004c357000 	/System/Library/Frameworks/CoreServices.framework/Versions/A/Frameworks/OSServices.framework/Versions/A/OSServices
0x000000004c357000 	/System/Library/Frameworks/CoreServices.framework/Versions/A/Frameworks/SearchKit.framework/Versions/A/SearchKit
0x000000004c357000 	/System/Library/Frameworks/CoreServices.framework/Versions/A/Frameworks/AE.framework/Versions/A/AE
0x000000004c357000 	/System/Library/Frameworks/CoreServices.framework/Versions/A/Frameworks/LaunchServices.framework/Versions/A/LaunchServices
0x000000004c357000 	/System/Library/Frameworks/CoreServices.framework/Versions/A/Frameworks/DictionaryServices.framework/Versions/A/DictionaryServices
0x000000004c357000 	/System/Library/Frameworks/CoreServices.framework/Versions/A/Frameworks/SharedFileList.framework/Versions/A/SharedFileList
0x000000004c357000 	/System/Library/Frameworks/NetFS.framework/Versions/A/NetFS
0x000000004c357000 	/System/Library/PrivateFrameworks/NetAuth.framework/Versions/A/NetAuth
0x000000004c357000 	/System/Library/PrivateFrameworks/login.framework/Versions/A/Frameworks/loginsupport.framework/Versions/A/loginsupport
0x000000004c357000 	/System/Library/PrivateFrameworks/TCC.framework/Versions/A/TCC
0x000000004c357000 	/usr/lib/libmecabra.dylib
0x000000004c357000 	/System/Library/Frameworks/ApplicationServices.framework/Versions/A/Frameworks/ATS.framework/Versions/A/ATS
0x000000004c357000 	/System/Library/Frameworks/ApplicationServices.framework/Versions/A/Frameworks/ColorSync.framework/Versions/A/ColorSync
0x000000004c357000 	/System/Library/Frameworks/ApplicationServices.framework/Versions/A/Frameworks/HIServices.framework/Versions/A/HIServices
0x000000004c357000 	/System/Library/Frameworks/ApplicationServices.framework/Versions/A/Frameworks/LangAnalysis.framework/Versions/A/LangAnalysis
0x000000004c357000 	/System/Library/Frameworks/ApplicationServices.framework/Versions/A/Frameworks/PrintCore.framework/Versions/A/PrintCore
0x000000004c357000 	/System/Library/Frameworks/ApplicationServices.framework/Versions/A/Frameworks/QD.framework/Versions/A/QD
0x000000004c357000 	/System/Library/Frameworks/ApplicationServices.framework/Versions/A/Frameworks/SpeechSynthesis.framework/Versions/A/SpeechSynthesis
0x000000004c357000 	/System/Library/Frameworks/Accelerate.framework/Versions/A/Frameworks/vImage.framework/Versions/A/vImage
0x000000004c357000 	/System/Library/Frameworks/Accelerate.framework/Versions/A/Frameworks/vecLib.framework/Versions/A/vecLib
0x000000004c357000 	/System/Library/Frameworks/Accelerate.framework/Versions/A/Frameworks/vecLib.framework/Versions/A/libvDSP.dylib
0x000000004c357000 	/System/Library/Frameworks/Accelerate.framework/Versions/A/Frameworks/vecLib.framework/Versions/A/libBNNS.dylib
0x000000004c357000 	/System/Library/Frameworks/Accelerate.framework/Versions/A/Frameworks/vecLib.framework/Versions/A/libQuadrature.dylib
0x000000004c357000 	/System/Library/Frameworks/Accelerate.framework/Versions/A/Frameworks/vecLib.framework/Versions/A/libvMisc.dylib
0x000000004c357000 	/System/Library/Frameworks/Accelerate.framework/Versions/A/Frameworks/vecLib.framework/Versions/A/libLAPACK.dylib
0x000000004c357000 	/System/Library/Frameworks/Accelerate.framework/Versions/A/Frameworks/vecLib.framework/Versions/A/libBLAS.dylib
0x000000004c357000 	/System/Library/Frameworks/Accelerate.framework/Versions/A/Frameworks/vecLib.framework/Versions/A/libLinearAlgebra.dylib
0x000000004c357000 	/System/Library/Frameworks/Accelerate.framework/Versions/A/Frameworks/vecLib.framework/Versions/A/libSparseBLAS.dylib
0x000000004c357000 	/System/Library/Frameworks/ApplicationServices.framework/Versions/A/Frameworks/ATS.framework/Versions/A/Resources/libFontParser.dylib
0x000000004c357000 	/System/Library/Frameworks/ApplicationServices.framework/Versions/A/Frameworks/ATS.framework/Versions/A/Resources/libFontRegistry.dylib
0x000000004c357000 	/System/Library/Frameworks/ImageIO.framework/Versions/A/Resources/libJPEG.dylib
0x000000004c357000 	/System/Library/Frameworks/ImageIO.framework/Versions/A/Resources/libTIFF.dylib
0x000000004c357000 	/System/Library/Frameworks/ImageIO.framework/Versions/A/Resources/libPng.dylib
0x000000004c357000 	/System/Library/Frameworks/ImageIO.framework/Versions/A/Resources/libGIF.dylib
0x000000004c357000 	/System/Library/Frameworks/ImageIO.framework/Versions/A/Resources/libJP2.dylib
0x000000004c357000 	/System/Library/Frameworks/ImageIO.framework/Versions/A/Resources/libRadiance.dylib
0x000000004c357000 	/usr/lib/libcompression.dylib
0x000000004c357000 	/System/Library/PrivateFrameworks/AppleJPEG.framework/Versions/A/AppleJPEG
0x000000004c357000 	/usr/lib/libcups.2.dylib
0x000000004c357000 	/System/Library/Frameworks/Kerberos.framework/Versions/A/Kerberos
0x000000004c357000 	/System/Library/Frameworks/GSS.framework/Versions/A/GSS
0x000000004c357000 	/usr/lib/libresolv.9.dylib
0x000000004c357000 	/usr/lib/libiconv.2.dylib
0x000000004c357000 	/System/Library/PrivateFrameworks/Heimdal.framework/Versions/A/Heimdal
0x000000004c357000 	/usr/lib/libheimdal-asn1.dylib
0x000000004c357000 	/System/Library/Frameworks/OpenDirectory.framework/Versions/A/OpenDirectory
0x000000004c357000 	/System/Library/PrivateFrameworks/CommonAuth.framework/Versions/A/CommonAuth
0x000000004c357000 	/System/Library/Frameworks/OpenDirectory.framework/Versions/A/Frameworks/CFOpenDirectory.framework/Versions/A/CFOpenDirectory
0x000000004c357000 	/System/Library/Frameworks/SecurityFoundation.framework/Versions/A/SecurityFoundation
0x000000004c357000 	/System/Library/PrivateFrameworks/LanguageModeling.framework/Versions/A/LanguageModeling
0x000000004c357000 	/usr/lib/libmarisa.dylib
0x000000004c357000 	/usr/lib/libChineseTokenizer.dylib
0x000000004c357000 	/usr/lib/libcmph.dylib
0x000000004c357000 	/System/Library/PrivateFrameworks/CoreEmoji.framework/Versions/A/CoreEmoji
0x000000004c357000 	/System/Library/Frameworks/ServiceManagement.framework/Versions/A/ServiceManagement
0x000000004c357000 	/usr/lib/libxslt.1.dylib
0x000000004c357000 	/System/Library/Frameworks/Carbon.framework/Versions/A/Frameworks/Ink.framework/Versions/A/Ink
0x000000004c357000 	/System/Library/PrivateFrameworks/TextureIO.framework/Versions/A/TextureIO
0x000000004c357000 	/System/Library/Frameworks/Metal.framework/Versions/A/Metal
0x000000004c357000 	/usr/lib/libate.dylib
0x000000004c357000 	/System/Library/PrivateFrameworks/GPUCompiler.framework/libmetal_timestamp.dylib
0x000000004c357000 	/System/Library/Frameworks/OpenGL.framework/Versions/A/Libraries/libCoreFSCache.dylib
0x000000004c357000 	/System/Library/PrivateFrameworks/IOAccelerator.framework/Versions/A/IOAccelerator
0x000000004c357000 	/System/Library/Frameworks/CoreVideo.framework/Versions/A/CoreVideo
0x000000004c357000 	/usr/lib/libFosl_dynamic.dylib
0x000000004c357000 	/System/Library/PrivateFrameworks/MetalPerformanceShaders.framework/Versions/A/MetalPerformanceShaders
0x000000004c357000 	/System/Library/PrivateFrameworks/FaceCore.framework/Versions/A/FaceCore
0x000000004c357000 	/System/Library/Frameworks/OpenCL.framework/Versions/A/OpenCL
0x000000004c357000 	/System/Library/Frameworks/OpenGL.framework/Versions/A/Libraries/libGLU.dylib
0x000000004c357000 	/System/Library/Frameworks/OpenGL.framework/Versions/A/Libraries/libGFXShared.dylib
0x000000004c357000 	/System/Library/Frameworks/OpenGL.framework/Versions/A/Libraries/libGL.dylib
0x000000004c357000 	/System/Library/Frameworks/OpenGL.framework/Versions/A/Libraries/libGLImage.dylib
0x000000004c357000 	/System/Library/Frameworks/OpenGL.framework/Versions/A/Libraries/libCVMSPluginSupport.dylib
0x000000004c357000 	/System/Library/Frameworks/OpenGL.framework/Versions/A/Libraries/libCoreVMClient.dylib
0x000000004c357000 	/System/Library/PrivateFrameworks/CrashReporterSupport.framework/Versions/A/CrashReporterSupport
0x000000004c357000 	/System/Library/PrivateFrameworks/Sharing.framework/Versions/A/Sharing
0x000000004c357000 	/System/Library/PrivateFrameworks/IconServices.framework/Versions/A/IconServices
0x000000004c357000 	/System/Library/PrivateFrameworks/ProtocolBuffer.framework/Versions/A/ProtocolBuffer
0x000000004c357000 	/System/Library/PrivateFrameworks/Apple80211.framework/Versions/A/Apple80211
0x000000004c357000 	/System/Library/Frameworks/CoreWLAN.framework/Versions/A/CoreWLAN
0x000000004c357000 	/System/Library/PrivateFrameworks/CoreUtils.framework/Versions/A/CoreUtils
0x000000004c357000 	/System/Library/Frameworks/IOBluetooth.framework/Versions/A/IOBluetooth
0x000000004c357000 	/System/Library/PrivateFrameworks/CoreWiFi.framework/Versions/A/CoreWiFi
0x000000004c357000 	/System/Library/Frameworks/CoreBluetooth.framework/Versions/A/CoreBluetooth
0x000000004c357000 	/System/Library/Frameworks/CoreDisplay.framework/Versions/A/CoreDisplay
0x000000004c357000 	/System/Library/PrivateFrameworks/IOPresentment.framework/Versions/A/IOPresentment
0x000000004c357000 	/System/Library/PrivateFrameworks/DSExternalDisplay.framework/Versions/A/DSExternalDisplay
0x000000004c357000 	/System/Library/PrivateFrameworks/DebugSymbols.framework/Versions/A/DebugSymbols
0x000000004c357000 	/System/Library/PrivateFrameworks/CoreSymbolication.framework/Versions/A/CoreSymbolication
0x000000004c357000 	/System/Library/PrivateFrameworks/Symbolication.framework/Versions/A/Symbolication
0x000000004c357000 	/System/Library/PrivateFrameworks/AppleFSCompression.framework/Versions/A/AppleFSCompression
0x000000004c357000 	/System/Library/PrivateFrameworks/SpeechRecognitionCore.framework/Versions/A/SpeechRecognitionCore
0x000000004c357000 	/System/Library/PrivateFrameworks/ChunkingLibrary.framework/Versions/A/ChunkingLibrary
0x000000010e44c000 	/Library/Java/JavaVirtualMachines/jdk1.8.0_121.jdk/Contents/Home/jre/lib/server/libjvm.dylib
0x000000004c357000 	/usr/lib/libstdc++.6.dylib
0x000000010f3ee000 	/Library/Java/JavaVirtualMachines/jdk1.8.0_121.jdk/Contents/Home/jre/lib/libverify.dylib
0x000000010fc00000 	/Library/Java/JavaVirtualMachines/jdk1.8.0_121.jdk/Contents/Home/jre/lib/libjava.dylib
0x000000010fc3d000 	/Library/Java/JavaVirtualMachines/jdk1.8.0_121.jdk/Contents/Home/jre/lib/libzip.dylib
0x0000000114040000 	/System/Library/Frameworks/JavaVM.framework/Frameworks/JavaRuntimeSupport.framework/JavaRuntimeSupport
0x000000011405a000 	/System/Library/Frameworks/JavaVM.framework/Versions/A/Frameworks/JavaNativeFoundation.framework/Versions/A/JavaNativeFoundation
0x000000011406f000 	/System/Library/Frameworks/JavaVM.framework/Versions/A/JavaVM
0x000000004c357000 	/System/Library/Frameworks/Carbon.framework/Versions/A/Carbon
0x000000011407c000 	/System/Library/PrivateFrameworks/JavaLaunching.framework/Versions/A/JavaLaunching
0x000000004c357000 	/System/Library/Frameworks/Carbon.framework/Versions/A/Frameworks/CommonPanels.framework/Versions/A/CommonPanels
0x000000004c357000 	/System/Library/Frameworks/Carbon.framework/Versions/A/Frameworks/Help.framework/Versions/A/Help
0x000000004c357000 	/System/Library/Frameworks/Carbon.framework/Versions/A/Frameworks/ImageCapture.framework/Versions/A/ImageCapture
0x000000004c357000 	/System/Library/Frameworks/Carbon.framework/Versions/A/Frameworks/OpenScripting.framework/Versions/A/OpenScripting
0x000000004c357000 	/System/Library/Frameworks/Carbon.framework/Versions/A/Frameworks/Print.framework/Versions/A/Print
0x000000004c357000 	/System/Library/Frameworks/Carbon.framework/Versions/A/Frameworks/SecurityHI.framework/Versions/A/SecurityHI
0x0000000115990000 	/Library/Java/JavaVirtualMachines/jdk1.8.0_121.jdk/Contents/Home/jre/lib/libawt.dylib
0x0000000115a38000 	/Library/Java/JavaVirtualMachines/jdk1.8.0_121.jdk/Contents/Home/jre/lib/./libmlib_image.dylib
0x0000000115b04000 	/Library/Java/JavaVirtualMachines/jdk1.8.0_121.jdk/Contents/Home/jre/lib/libawt_lwawt.dylib
0x0000000115bbb000 	/Library/Java/JavaVirtualMachines/jdk1.8.0_121.jdk/Contents/Home/jre/lib/./libosxapp.dylib
0x000000004c357000 	/System/Library/Frameworks/ExceptionHandling.framework/Versions/A/ExceptionHandling
0x000000004c357000 	/System/Library/PrivateFrameworks/CoreServicesInternal.framework/Versions/A/CoreServicesInternal
0x000000004c357000 	/System/Library/CoreServices/RawCamera.bundle/Contents/MacOS/RawCamera
0x000000004c357000 	/System/Library/Frameworks/Accelerate.framework/Versions/A/Frameworks/vImage.framework/Versions/A/Libraries/libCGInterfaces.dylib
0x000000004c357000 	/System/Library/Frameworks/ApplicationServices.framework/Versions/A/Frameworks/ATS.framework/Versions/A/Resources/libTrueTypeScaler.dylib
0x00000001176f5000 	/System/Library/Frameworks/OpenGL.framework/Resources/GLEngine.bundle/GLEngine
0x000000004c357000 	/System/Library/Frameworks/OpenGL.framework/Versions/A/Libraries/libGLProgrammability.dylib
0x00000001178da000 	/System/Library/Extensions/AppleIntelHD5000GraphicsGLDriver.bundle/Contents/MacOS/AppleIntelHD5000GraphicsGLDriver
0x000000004c357000 	/System/Library/PrivateFrameworks/GPUSupport.framework/Versions/A/Libraries/libGPUSupportMercury.dylib
0x0000000118048000 	/System/Library/Frameworks/OpenGL.framework/Resources//GLRendererFloat.bundle/GLRendererFloat
0x000000004c357000 	/System/Library/Frameworks/OpenCL.framework/Versions/A/Libraries/libcldcpuengine.dylib
0x000000004c357000 	/usr/lib/libcrypto.0.9.8.dylib
0x000000004c357000 	/System/Library/PrivateFrameworks/TrustEvaluationAgent.framework/Versions/A/TrustEvaluationAgent
0x000000011807c000 	/System/Library/Extensions/AppleIntelHD5000GraphicsMTLDriver.bundle/Contents/MacOS/AppleIntelHD5000GraphicsMTLDriver
0x000000004c357000 	/System/Library/PrivateFrameworks/FamilyControls.framework/Versions/A/FamilyControls
0x000000004c357000 	/System/Library/PrivateFrameworks/CommerceKit.framework/Versions/A/Frameworks/CommerceCore.framework/Versions/A/CommerceCore
0x000000004c357000 	/System/Library/PrivateFrameworks/SystemAdministration.framework/Versions/A/SystemAdministration
0x000000004c357000 	/System/Library/PrivateFrameworks/AppContainer.framework/Versions/A/AppContainer
0x000000004c357000 	/System/Library/PrivateFrameworks/SecCodeWrapper.framework/Versions/A/SecCodeWrapper
0x000000004c357000 	/System/Library/Frameworks/DirectoryService.framework/Versions/A/DirectoryService
0x000000004c357000 	/System/Library/PrivateFrameworks/DiskImages.framework/Versions/A/DiskImages
0x000000004c357000 	/System/Library/PrivateFrameworks/LoginUIKit.framework/Versions/A/Frameworks/LoginUICore.framework/Versions/A/LoginUICore
0x000000004c357000 	/usr/lib/libCoreStorage.dylib
0x000000004c357000 	/usr/lib/libcsfde.dylib
0x000000004c357000 	/usr/lib/libodfde.dylib
0x000000004c357000 	/System/Library/Frameworks/DiscRecording.framework/Versions/A/DiscRecording
0x000000004c357000 	/usr/lib/libcurl.4.dylib
0x000000004c357000 	/System/Library/PrivateFrameworks/MediaKit.framework/Versions/A/MediaKit
0x000000004c357000 	/System/Library/PrivateFrameworks/ProtectedCloudStorage.framework/Versions/A/ProtectedCloudStorage
0x000000004c357000 	/System/Library/PrivateFrameworks/EFILogin.framework/Versions/A/EFILogin
0x000000004c357000 	/usr/lib/libutil.dylib
0x000000004c357000 	/System/Library/Frameworks/LDAP.framework/Versions/A/LDAP
0x000000004c357000 	/usr/lib/libsasl2.2.dylib
0x000000004c357000 	/System/Library/PrivateFrameworks/CoreDaemon.framework/Versions/B/CoreDaemon
0x000000004c357000 	/System/Library/PrivateFrameworks/AppleSRP.framework/Versions/A/AppleSRP
0x000000004c357000 	/System/Library/PrivateFrameworks/APFS.framework/Versions/A/APFS
0x0000000128cf3000 	/Library/Java/JavaVirtualMachines/jdk1.8.0_121.jdk/Contents/Home/jre/lib/libfontmanager.dylib
0x000000004c357000 	/System/Library/PrivateFrameworks/ViewBridge.framework/Versions/A/ViewBridge
0x000000004c357000 	/System/Library/PrivateFrameworks/XPCService.framework/Versions/A/XPCService
0x000000004c357000 	/System/Library/PrivateFrameworks/AppSandbox.framework/Versions/A/AppSandbox
0x000000004c357000 	/usr/lib/libsandbox.1.dylib
0x000000004c357000 	/usr/lib/libMatch.1.dylib
0x000000012a0ee000 	/Library/Java/JavaVirtualMachines/jdk1.8.0_121.jdk/Contents/Home/jre/lib/libosxui.dylib
0x000000012acaf000 	/Library/Java/JavaVirtualMachines/jdk1.8.0_121.jdk/Contents/Home/jre/lib/libnet.dylib
0x000000012acc6000 	/Library/Java/JavaVirtualMachines/jdk1.8.0_121.jdk/Contents/Home/jre/lib/libnio.dylib
0x0000000129df9000 	/private/var/folders/z5/dkh_k18x6bn8z6w6jj1k7pqm0000gn/T/jogamp_0000/file_cache/jln2387364102290732098/jln3602421060903764689/libgluegen-rt.jnilib
0x0000000129dfe000 	/private/var/folders/z5/dkh_k18x6bn8z6w6jj1k7pqm0000gn/T/jogamp_0000/file_cache/jln2387364102290732098/jln3602421060903764689/libnativewindow_awt.jnilib
0x000000012ac5c000 	/Library/Java/JavaVirtualMachines/jdk1.8.0_121.jdk/Contents/Home/jre/lib/libjawt.dylib
0x000000019360e000 	/private/var/folders/z5/dkh_k18x6bn8z6w6jj1k7pqm0000gn/T/jogamp_0000/file_cache/jln2387364102290732098/jln3602421060903764689/libnativewindow_macosx.jnilib
0x00000001950c3000 	/private/var/folders/z5/dkh_k18x6bn8z6w6jj1k7pqm0000gn/T/jogamp_0000/file_cache/jln2387364102290732098/jln3602421060903764689/libjogl_desktop.jnilib
0x00000001975be000 	/Library/Java/JavaVirtualMachines/jdk1.8.0_121.jdk/Contents/Home/jre/lib/libt2k.dylib

VM Arguments:
jvm_args: -Djava.security.policy=java.policy.applet -Dfile.encoding=MacRoman 
java_command: sun.applet.AppletViewer module6.EarthquakeCityMap1523915870956.html
java_class_path (initial): /Users/Mac/Documents/workspace/UCSDUnfoldingMaps/build:/Users/Mac/Documents/workspace/UCSDUnfoldingMaps/lib/core.jar:/Users/Mac/Documents/workspace/UCSDUnfoldingMaps/lib/gluegen-rt.jar:/Users/Mac/Documents/workspace/UCSDUnfoldingMaps/lib/jogl-all.jar:/Users/Mac/Documents/workspace/UCSDUnfoldingMaps/lib/log4j-1.2.15.jar:/Users/Mac/Documents/workspace/UCSDUnfoldingMaps/lib/sqlite-jdbc-3.7.2.jar:/Users/Mac/Documents/workspace/UCSDUnfoldingMaps/lib/json4processing.jar:/Users/Mac/Documents/workspace/UCSDUnfoldingMaps/lib/libTUIO.jar:/Users/Mac/Documents/workspace/UCSDUnfoldingMaps/lib/unfolding.0.9.7-uscd.jar
Launcher Type: SUN_STANDARD

Environment Variables:
PATH=/Library/Frameworks/Python.framework/Versions/3.6/bin:/usr/local/bin:/usr/bin:/bin:/usr/sbin:/sbin:/opt/X11/bin:/Library/Frameworks/Mono.framework/Versions/Current/Commands:/Library/TeX/texbin
SHELL=/bin/bash
DISPLAY=/private/tmp/com.apple.launchd.BfoSnAz3r8/org.macosforge.xquartz:0

Signal Handlers:
SIGSEGV: [libjvm.dylib+0x5b1141], sa_mask[0]=11111111011111110111111111111111, sa_flags=SA_ONSTACK|SA_RESTART|SA_SIGINFO
SIGBUS: [libjvm.dylib+0x5b1141], sa_mask[0]=11111111011111110111111111111111, sa_flags=SA_RESTART|SA_SIGINFO
SIGFPE: [libjvm.dylib+0x487bc4], sa_mask[0]=11111111011111110111111111111111, sa_flags=SA_RESTART|SA_SIGINFO
SIGPIPE: [libjvm.dylib+0x487bc4], sa_mask[0]=11111111011111110111111111111111, sa_flags=SA_RESTART|SA_SIGINFO
SIGXFSZ: [libjvm.dylib+0x487bc4], sa_mask[0]=11111111011111110111111111111111, sa_flags=SA_RESTART|SA_SIGINFO
SIGILL: [libjvm.dylib+0x487bc4], sa_mask[0]=11111111011111110111111111111111, sa_flags=SA_RESTART|SA_SIGINFO
SIGUSR1: SIG_DFL, sa_mask[0]=11011111011111100000000111000110, sa_flags=none
SIGUSR2: [libjvm.dylib+0x4876e2], sa_mask[0]=00100000000000000000000000000000, sa_flags=SA_RESTART|SA_SIGINFO
SIGHUP: [libjvm.dylib+0x485cb9], sa_mask[0]=11111111011111110111111111111111, sa_flags=SA_RESTART|SA_SIGINFO
SIGINT: [libjvm.dylib+0x485cb9], sa_mask[0]=11111111011111110111111111111111, sa_flags=SA_RESTART|SA_SIGINFO
SIGTERM: [libjvm.dylib+0x485cb9], sa_mask[0]=11111111011111110111111111111111, sa_flags=SA_RESTART|SA_SIGINFO
SIGQUIT: [libjvm.dylib+0x485cb9], sa_mask[0]=11111111011111110111111111111111, sa_flags=SA_RESTART|SA_SIGINFO


---------------  S Y S T E M  ---------------

OS:Bsduname:Darwin 16.7.0 Darwin Kernel Version 16.7.0: Thu Jan 11 22:59:40 PST 2018; root:xnu-3789.73.8~1/RELEASE_X86_64 x86_64
rlimit: STACK 8192k, CORE 0k, NPROC 709, NOFILE 10240, AS infinity
load average:2.81 3.19 2.95

CPU:total 4 (2 cores per cpu, 2 threads per core) family 6 model 69 stepping 1, cmov, cx8, fxsr, mmx, sse, sse2, sse3, ssse3, sse4.1, sse4.2, popcnt, avx, avx2, aes, clmul, erms, lzcnt, ht, tsc, tscinvbit, bmi1, bmi2

Memory: 4k page, physical 4194304k(72680k free)

/proc/meminfo:


vm_info: Java HotSpot(TM) 64-Bit Server VM (25.121-b13) for bsd-amd64 JRE (1.8.0_121-b13), built on Dec 12 2016 20:39:32 by "java_re" with gcc 4.2.1 (Based on Apple Inc. build 5658) (LLVM build 2336.11.00)

time: Mon Apr 16 15:01:10 2018
elapsed time: 199 seconds (0d 0h 3m 19s)

