#
# A fatal error has been detected by the Java Runtime Environment:
#
#  SIGSEGV (0xb) at pc=0x00007fffc30df05d, pid=57174, tid=0x0000000000000307
#
# JRE version: Java(TM) SE Runtime Environment (8.0_121-b13) (build 1.8.0_121-b13)
# Java VM: Java HotSpot(TM) 64-Bit Server VM (25.121-b13 mixed mode bsd-amd64 compressed oops)
# Problematic frame:
# C  [libobjc.A.dylib+0x705d]  objc_msgSend+0x1d
#
# Failed to write core dump. Core dumps have been disabled. To enable core dumping, try "ulimit -c unlimited" before starting Java again
#
# If you would like to submit a bug report, please visit:
#   http://bugreport.java.com/bugreport/crash.jsp
# The crash happened outside the Java Virtual Machine in native code.
# See problematic frame for where to report the bug.
#

---------------  T H R E A D  ---------------

Current thread (0x00007ff913060000):  JavaThread "AWT-AppKit" daemon [_thread_in_native, id=775, stack(0x00007fff54d87000,0x00007fff55587000)]

siginfo: si_signo: 11 (SIGSEGV), si_code: 1 (SEGV_MAPERR), si_addr: 0x0000000000000018

Registers:
RAX=0x00007ff9126a0ed0, RBX=0x000000018f57b450, RCX=0x00007ff914900620, RDX=0x0000000000000000
RSP=0x00007fff55582168, RBP=0x00007fff55582220, RSI=0x00007fffac96a116, RDI=0x00007ff918039b80
R8 =0x0000000000000018, R9 =0x00007ff914900c60, R10=0x0000000000000000, R11=0x00007fffac96a116
R12=0x0000000000000000, R13=0x0000000190d98c60, R14=0x000000018f57b440, R15=0x00007ff913060000
RIP=0x00007fffc30df05d, EFLAGS=0x0000000000010246, ERR=0x0000000000000004
  TRAPNO=0x000000000000000e

Top of Stack: (sp=0x00007fff55582168)
0x00007fff55582168:   000000018f579157 00007fff555821c0
0x00007fff55582178:   0000000000000003 00007fff555821a0
0x00007fff55582188:   000000010b1f2c62 0000000190d98c60
0x00007fff55582198:   0000000190d98c60 00007ff9126a0ed0
0x00007fff555821a8:   000000018f57b6a0 000000018f57b710
0x00007fff555821b8:   00007fffc91456d0 00007fffc9d751e0
0x00007fff555821c8:   000000018f57b450 000000018f57b690
0x00007fff555821d8:   00007ff9126a0ed0 00007ff918039b80
0x00007fff555821e8:   00007ff912535f60 00007ff9126a0ed0
0x00007fff555821f8:   00007ff918039b80 00007fff555822a8
0x00007fff55582208:   00007ff9130601f8 0000000190d98c60
0x00007fff55582218:   00007fff555822d0 00007fff55582298
0x00007fff55582228:   000000010cd599f4 0000000190d98c60
0x00007fff55582238:   00007fff555822d0 00007fff55582298
0x00007fff55582248:   000000010cd59787 000000010cd59742
0x00007fff55582258:   00007fff55582258 0000000190d98c60
0x00007fff55582268:   00007fff555822d0 0000000190d9b898
0x00007fff55582278:   0000000000000000 0000000190d98c60
0x00007fff55582288:   0000000000000000 00007fff555822b8
0x00007fff55582298:   00007fff55582318 000000010cd4a2bd
0x00007fff555822a8:   000000078129b018 000000010cd53538
0x00007fff555822b8:   00007ff9126a0ed0 00007fff55582318
0x00007fff555822c8:   00007ff918039b80 000000010cd54e02
0x00007fff555822d8:   00007fff555822d8 0000000190d98e2a
0x00007fff555822e8:   00007fff55582340 0000000190d9b898
0x00007fff555822f8:   0000000000000000 0000000190d98e38
0x00007fff55582308:   00007fff555822b8 00007fff55582328
0x00007fff55582318:   00007fff55582388 000000010cd4a2bd
0x00007fff55582328:   00007ff9126a0ed0 0000000781299b48
0x00007fff55582338:   00007ff918039b80 0000000781299b48
0x00007fff55582348:   00007fff55582348 0000000193a3903e
0x00007fff55582358:   00007fff55582398 0000000193a390f8 

Instructions: (pc=0x00007fffc30df05d)
0x00007fffc30df03d:   0f 1f 00 48 85 ff 2e 74 62 40 f6 c7 01 2e 75 66
0x00007fffc30df04d:   49 ba f8 ff ff ff ff 7f 00 00 4c 23 17 49 89 f3
0x00007fffc30df05d:   45 23 5a 18 49 c1 e3 04 4d 03 5a 10 49 3b 33 75
0x00007fffc30df06d:   04 41 ff 63 08 49 83 3b 01 76 0d 49 83 c3 10 49 

Register to memory mapping:

RAX=0x00007ff9126a0ed0 is an unknown value
RBX=0x000000018f57b450: Java_jogamp_nativewindow_macosx_OSXUtil_GetScreenRefreshRate0+0x1cf0 in /private/var/folders/z5/dkh_k18x6bn8z6w6jj1k7pqm0000gn/T/jogamp_0000/file_cache/jln5962364249065479290/jln5059083853870851716/libnativewindow_macosx.jnilib at 0x000000018f574000
RCX=0x00007ff914900620 is an unknown value
RDX=0x0000000000000000 is an unknown value
RSP=0x00007fff55582168 is pointing into the stack for thread: 0x00007ff913060000
RBP=0x00007fff55582220 is pointing into the stack for thread: 0x00007ff913060000
RSI=0x00007fffac96a116: __NSStyleNameIndexTable+0x7fd5e in /System/Library/Frameworks/AppKit.framework/Versions/C/AppKit at 0x00007fffabcfd000
RDI=0x00007ff918039b80 is an unknown value
R8 =0x0000000000000018 is an unknown value
R9 =0x00007ff914900c60 is an unknown value
R10=0x0000000000000000 is an unknown value
R11=0x00007fffac96a116: __NSStyleNameIndexTable+0x7fd5e in /System/Library/Frameworks/AppKit.framework/Versions/C/AppKit at 0x00007fffabcfd000
R12=0x0000000000000000 is an unknown value
R13={method} {0x0000000190d98c60} 'UnsetJAWTRootSurfaceLayer0' '(JJ)V' in 'jogamp/nativewindow/jawt/macosx/MacOSXJAWTWindow'
R14=0x000000018f57b440: Java_jogamp_nativewindow_macosx_OSXUtil_GetScreenRefreshRate0+0x1ce0 in /private/var/folders/z5/dkh_k18x6bn8z6w6jj1k7pqm0000gn/T/jogamp_0000/file_cache/jln5962364249065479290/jln5059083853870851716/libnativewindow_macosx.jnilib at 0x000000018f574000
R15=0x00007ff913060000 is a thread


Stack: [0x00007fff54d87000,0x00007fff55587000],  sp=0x00007fff55582168,  free space=8172k
Native frames: (J=compiled Java code, j=interpreted, Vv=VM code, C=native code)
C  [libobjc.A.dylib+0x705d]  objc_msgSend+0x1d
j  jogamp.nativewindow.jawt.macosx.MacOSXJAWTWindow.UnsetJAWTRootSurfaceLayer0(JJ)V+0
j  jogamp.nativewindow.jawt.macosx.MacOSXJAWTWindow.access$200(JJ)V+2
j  jogamp.nativewindow.jawt.macosx.MacOSXJAWTWindow$1.run()V+38
J 1982 C1 com.jogamp.common.util.RunnableTask.run()V (345 bytes) @ 0x000000010d3c3b34 [0x000000010d3c39a0+0x194]
v  ~StubRoutines::call_stub
V  [libjvm.dylib+0x2ed9d6]  JavaCalls::call_helper(JavaValue*, methodHandle*, JavaCallArguments*, Thread*)+0x6ae
V  [libjvm.dylib+0x324b65]  jni_invoke_nonstatic(JNIEnv_*, JavaValue*, _jobject*, JNICallType, _jmethodID*, JNI_ArgumentPusher*, Thread*)+0x2ec
V  [libjvm.dylib+0x317333]  jni_CallVoidMethod+0x16b
C  [libnativewindow_macosx.jnilib+0x5326]  Java_jogamp_nativewindow_jawt_macosx_MacOSXJAWTWindow_UnsetJAWTRootSurfaceLayer0+0x2b6
C  [Foundation+0x7152a]  __NSThreadPerformPerform+0x146
C  [CoreFoundation+0xa7321]  __CFRUNLOOP_IS_CALLING_OUT_TO_A_SOURCE0_PERFORM_FUNCTION__+0x11
C  [CoreFoundation+0x8821d]  __CFRunLoopDoSources0+0x22d
C  [CoreFoundation+0x87716]  __CFRunLoopRun+0x3a6
C  [CoreFoundation+0x87114]  CFRunLoopRunSpecific+0x1a4
C  [HIToolbox+0x30ebc]  RunCurrentEventLoopInMode+0xf0
C  [HIToolbox+0x30bf9]  ReceiveNextEventCommon+0xb8
C  [HIToolbox+0x30b26]  _BlockUntilNextEventMatchingListInModeWithFilter+0x47
C  [AppKit+0x46a54]  _DPSNextEvent+0x460
C  [AppKit+0x7c27ee]  -[NSApplication(NSEvent) _nextEventMatchingEventMask:untilDate:inMode:dequeue:]+0xaec
C  [libosxapp.dylib+0x23aa]  -[NSApplicationAWT nextEventMatchingMask:untilDate:inMode:dequeue:]+0x7c
C  [AppKit+0x3b3db]  -[NSApplication run]+0x39e
C  [libosxapp.dylib+0x214d]  +[NSApplicationAWT runAWTLoopWithApp:]+0x9c
C  [libawt_lwawt.dylib+0x45ff7]  -[AWTStarter starter:]+0x389
C  [Foundation+0x7152a]  __NSThreadPerformPerform+0x146
C  [CoreFoundation+0xa7321]  __CFRUNLOOP_IS_CALLING_OUT_TO_A_SOURCE0_PERFORM_FUNCTION__+0x11
C  [CoreFoundation+0x8821d]  __CFRunLoopDoSources0+0x22d
C  [CoreFoundation+0x87716]  __CFRunLoopRun+0x3a6
C  [CoreFoundation+0x87114]  CFRunLoopRunSpecific+0x1a4
C  [java+0x6465]  CreateExecutionEnvironment+0x367
C  [java+0x218c]  JLI_Launch+0x7a0
C  [java+0x84c2]  main+0x65
C  [java+0x19e4]  start+0x34
C  0x0000000000000007

Java frames: (J=compiled Java code, j=interpreted, Vv=VM code)
j  jogamp.nativewindow.jawt.macosx.MacOSXJAWTWindow.UnsetJAWTRootSurfaceLayer0(JJ)V+0
j  jogamp.nativewindow.jawt.macosx.MacOSXJAWTWindow.access$200(JJ)V+2
j  jogamp.nativewindow.jawt.macosx.MacOSXJAWTWindow$1.run()V+38
J 1982 C1 com.jogamp.common.util.RunnableTask.run()V (345 bytes) @ 0x000000010d3c3b34 [0x000000010d3c39a0+0x194]
v  ~StubRoutines::call_stub

---------------  P R O C E S S  ---------------

Java Threads: ( => current thread )
  0x00007ff912915000 JavaThread "Thread-110" [_thread_blocked, id=76507, stack(0x0000700002f8d000,0x000070000308d000)]
  0x00007ff91470d800 JavaThread "Image Fetcher 3" daemon [_thread_blocked, id=5203, stack(0x00007000037a5000,0x00007000038a5000)]
  0x00007ff91308a000 JavaThread "Image Fetcher 2" daemon [_thread_blocked, id=70511, stack(0x000070000359f000,0x000070000369f000)]
  0x00007ff913ab6000 JavaThread "Image Fetcher 1" daemon [_thread_blocked, id=70399, stack(0x000070000349c000,0x000070000359c000)]
  0x00007ff912cd0000 JavaThread "Image Fetcher 0" daemon [_thread_blocked, id=27307, stack(0x0000700003399000,0x0000700003499000)]
  0x00007ff912a9a000 JavaThread "Keep-Alive-Timer" daemon [_thread_blocked, id=26107, stack(0x0000700003296000,0x0000700003396000)]
  0x00007ff913960000 JavaThread "AWT-EventQueue-1" [_thread_blocked, id=66331, stack(0x0000700002e07000,0x0000700002f07000)]
  0x00007ff9138bd800 JavaThread "DestroyJavaVM" [_thread_blocked, id=7171, stack(0x0000700001842000,0x0000700001942000)]
  0x00007ff912ac1000 JavaThread "AWT-EventQueue-0" [_thread_blocked, id=64259, stack(0x0000700002c01000,0x0000700002d01000)]
  0x00007ff9138b8000 JavaThread "Java2D Disposer" daemon [_thread_blocked, id=56335, stack(0x0000700002978000,0x0000700002a78000)]
  0x00007ff9138b9800 JavaThread "Java2D Queue Flusher" daemon [_thread_blocked, id=47151, stack(0x0000700002875000,0x0000700002975000)]
  0x00007ff9129d6000 JavaThread "AWT-Shutdown" [_thread_blocked, id=29727, stack(0x00007000026ef000,0x00007000027ef000)]
=>0x00007ff913060000 JavaThread "AWT-AppKit" daemon [_thread_in_native, id=775, stack(0x00007fff54d87000,0x00007fff55587000)]
  0x00007ff913008800 JavaThread "Service Thread" daemon [_thread_blocked, id=18691, stack(0x0000700002466000,0x0000700002566000)]
  0x00007ff912862000 JavaThread "C1 CompilerThread2" daemon [_thread_blocked, id=18179, stack(0x0000700002363000,0x0000700002463000)]
  0x00007ff912861800 JavaThread "C2 CompilerThread1" daemon [_thread_in_native, id=17667, stack(0x0000700002260000,0x0000700002360000)]
  0x00007ff91286d800 JavaThread "C2 CompilerThread0" daemon [_thread_blocked, id=17155, stack(0x000070000215d000,0x000070000225d000)]
  0x00007ff914059800 JavaThread "Signal Dispatcher" daemon [_thread_blocked, id=16643, stack(0x000070000205a000,0x000070000215a000)]
  0x00007ff914030800 JavaThread "Finalizer" daemon [_thread_blocked, id=12547, stack(0x0000700001f57000,0x0000700002057000)]
  0x00007ff912838800 JavaThread "Reference Handler" daemon [_thread_blocked, id=12035, stack(0x0000700001e54000,0x0000700001f54000)]

Other Threads:
  0x00007ff912836000 VMThread [stack: 0x0000700001d51000,0x0000700001e51000] [id=11523]
  0x00007ff913016000 WatcherThread [stack: 0x0000700002569000,0x0000700002669000] [id=19203]

VM state:at safepoint (normal execution)

VM Mutex/Monitor currently owned by a thread:  ([mutex/lock_event])
[0x00007ff91240be50] Threads_lock - owner thread: 0x00007ff912836000
[0x00007ff91240c350] Heap_lock - owner thread: 0x00007ff912915000

Heap:
 PSYoungGen      total 70656K, used 70464K [0x00000007aab00000, 0x00000007aff00000, 0x00000007c0000000)
  eden space 60416K, 100% used [0x00000007aab00000,0x00000007ae600000,0x00000007ae600000)
  from space 10240K, 98% used [0x00000007af400000,0x00000007afdd0280,0x00000007afe00000)
  to   space 12800K, 98% used [0x00000007ae600000,0x00000007af258320,0x00000007af280000)
 ParOldGen       total 44032K, used 29395K [0x0000000780000000, 0x0000000782b00000, 0x00000007aab00000)
  object space 44032K, 66% used [0x0000000780000000,0x0000000781cb4cc8,0x0000000782b00000)
 Metaspace       used 19817K, capacity 20035K, committed 20224K, reserved 1067008K
  class space    used 1959K, capacity 2042K, committed 2048K, reserved 1048576K

Card table byte_map: [0x000000010c362000,0x000000010c563000] byte_map_base: 0x0000000108762000

Marking Bits: (ParMarkBitMap*) 0x000000010b8f0d30
 Begin Bits: [0x000000011bd42000, 0x000000011cd42000)
 End Bits:   [0x000000011cd42000, 0x000000011dd42000)

Polling page: 0x000000010a739000

CodeCache: size=245760Kb used=7891Kb max_used=8177Kb free=237868Kb
 bounds [0x000000010cd42000, 0x000000010d552000, 0x000000011bd42000]
 total_blobs=3126 nmethods=2241 adapters=798
 compilation: enabled

Compilation events (10 events):
Event: 36.238 Thread 0x00007ff912862000 nmethod 2513 0x000000010d0f1e50 code [0x000000010d0f1fe0, 0x000000010d0f2188]
Event: 36.281 Thread 0x00007ff912862000 2514       3       processing.opengl.PGL::allocateDirectIntBuffer (26 bytes)
Event: 36.282 Thread 0x00007ff912862000 nmethod 2514 0x000000010d0eb110 code [0x000000010d0eb2c0, 0x000000010d0eb808]
Event: 36.913 Thread 0x00007ff912861800 2515       4       de.fhpotsdam.unfolding.mapdisplay.Java2DMapDisplay::draw (331 bytes)
Event: 37.079 Thread 0x00007ff912862000 2516       1       sun.java2d.SurfaceData::isValid (5 bytes)
Event: 37.080 Thread 0x00007ff912862000 nmethod 2516 0x000000010d0f1b90 code [0x000000010d0f1ce0, 0x000000010d0f1df0]
Event: 37.086 Thread 0x00007ff91286d800 2517  s    4       sun.misc.URLClassPath::getNextLoader (88 bytes)
Event: 37.086 Thread 0x00007ff912862000 2518  s!   2       sun.misc.URLClassPath::getLoader (243 bytes)
Event: 37.090 Thread 0x00007ff912862000 nmethod 2518 0x000000010d1e30d0 code [0x000000010d1e33c0, 0x000000010d1e4b88]
Event: 37.098 Thread 0x00007ff91286d800 nmethod 2517 0x000000010d088b50 code [0x000000010d088cc0, 0x000000010d089438]

GC Heap History (10 events):
Event: 7.797 GC heap before
{Heap before GC invocations=4 (full 0):
 PSYoungGen      total 18944K, used 18809K [0x00000007aab00000, 0x00000007ad000000, 0x00000007c0000000)
  eden space 16384K, 99% used [0x00000007aab00000,0x00000007abae2448,0x00000007abb00000)
  from space 2560K, 99% used [0x00000007abb00000,0x00000007abd7c070,0x00000007abd80000)
  to   space 2560K, 0% used [0x00000007acd80000,0x00000007acd80000,0x00000007ad000000)
 ParOldGen       total 44032K, used 11483K [0x0000000780000000, 0x0000000782b00000, 0x00000007aab00000)
  object space 44032K, 26% used [0x0000000780000000,0x0000000780b36dc0,0x0000000782b00000)
 Metaspace       used 18826K, capacity 19065K, committed 19200K, reserved 1067008K
  class space    used 1949K, capacity 2041K, committed 2048K, reserved 1048576K
Event: 7.810 GC heap after
Heap after GC invocations=4 (full 0):
 PSYoungGen      total 35328K, used 2528K [0x00000007aab00000, 0x00000007ad000000, 0x00000007c0000000)
  eden space 32768K, 0% used [0x00000007aab00000,0x00000007aab00000,0x00000007acb00000)
  from space 2560K, 98% used [0x00000007acd80000,0x00000007acff80b0,0x00000007ad000000)
  to   space 2560K, 0% used [0x00000007acb00000,0x00000007acb00000,0x00000007acd80000)
 ParOldGen       total 44032K, used 14288K [0x0000000780000000, 0x0000000782b00000, 0x00000007aab00000)
  object space 44032K, 32% used [0x0000000780000000,0x0000000780df4158,0x0000000782b00000)
 Metaspace       used 18826K, capacity 19065K, committed 19200K, reserved 1067008K
  class space    used 1949K, capacity 2041K, committed 2048K, reserved 1048576K
}
Event: 10.246 GC heap before
{Heap before GC invocations=5 (full 0):
 PSYoungGen      total 35328K, used 35296K [0x00000007aab00000, 0x00000007ad000000, 0x00000007c0000000)
  eden space 32768K, 100% used [0x00000007aab00000,0x00000007acb00000,0x00000007acb00000)
  from space 2560K, 98% used [0x00000007acd80000,0x00000007acff80b0,0x00000007ad000000)
  to   space 2560K, 0% used [0x00000007acb00000,0x00000007acb00000,0x00000007acd80000)
 ParOldGen       total 44032K, used 14288K [0x0000000780000000, 0x0000000782b00000, 0x00000007aab00000)
  object space 44032K, 32% used [0x0000000780000000,0x0000000780df4158,0x0000000782b00000)
 Metaspace       used 19219K, capacity 19449K, committed 19456K, reserved 1067008K
  class space    used 1949K, capacity 2041K, committed 2048K, reserved 1048576K
Event: 10.258 GC heap after
Heap after GC invocations=5 (full 0):
 PSYoungGen      total 35328K, used 2544K [0x00000007aab00000, 0x00000007afe00000, 0x00000007c0000000)
  eden space 32768K, 0% used [0x00000007aab00000,0x00000007aab00000,0x00000007acb00000)
  from space 2560K, 99% used [0x00000007acb00000,0x00000007acd7c0a0,0x00000007acd80000)
  to   space 9728K, 0% used [0x00000007af480000,0x00000007af480000,0x00000007afe00000)
 ParOldGen       total 44032K, used 17888K [0x0000000780000000, 0x0000000782b00000, 0x00000007aab00000)
  object space 44032K, 40% used [0x0000000780000000,0x0000000781178238,0x0000000782b00000)
 Metaspace       used 19219K, capacity 19449K, committed 19456K, reserved 1067008K
  class space    used 1949K, capacity 2041K, committed 2048K, reserved 1048576K
}
Event: 17.426 GC heap before
{Heap before GC invocations=6 (full 0):
 PSYoungGen      total 35328K, used 35312K [0x00000007aab00000, 0x00000007afe00000, 0x00000007c0000000)
  eden space 32768K, 100% used [0x00000007aab00000,0x00000007acb00000,0x00000007acb00000)
  from space 2560K, 99% used [0x00000007acb00000,0x00000007acd7c0a0,0x00000007acd80000)
  to   space 9728K, 0% used [0x00000007af480000,0x00000007af480000,0x00000007afe00000)
 ParOldGen       total 44032K, used 17888K [0x0000000780000000, 0x0000000782b00000, 0x00000007aab00000)
  object space 44032K, 40% used [0x0000000780000000,0x0000000781178238,0x0000000782b00000)
 Metaspace       used 19504K, capacity 19779K, committed 19968K, reserved 1067008K
  class space    used 1950K, capacity 2042K, committed 2048K, reserved 1048576K
Event: 17.434 GC heap after
Heap after GC invocations=6 (full 0):
 PSYoungGen      total 74752K, used 2560K [0x00000007aab00000, 0x00000007aff00000, 0x00000007c0000000)
  eden space 65024K, 0% used [0x00000007aab00000,0x00000007aab00000,0x00000007aea80000)
  from space 9728K, 26% used [0x00000007af480000,0x00000007af700090,0x00000007afe00000)
  to   space 10240K, 0% used [0x00000007aea80000,0x00000007aea80000,0x00000007af480000)
 ParOldGen       total 44032K, used 17896K [0x0000000780000000, 0x0000000782b00000, 0x00000007aab00000)
  object space 44032K, 40% used [0x0000000780000000,0x000000078117a238,0x0000000782b00000)
 Metaspace       used 19504K, capacity 19779K, committed 19968K, reserved 1067008K
  class space    used 1950K, capacity 2042K, committed 2048K, reserved 1048576K
}
Event: 21.844 GC heap before
{Heap before GC invocations=7 (full 0):
 PSYoungGen      total 74752K, used 67584K [0x00000007aab00000, 0x00000007aff00000, 0x00000007c0000000)
  eden space 65024K, 100% used [0x00000007aab00000,0x00000007aea80000,0x00000007aea80000)
  from space 9728K, 26% used [0x00000007af480000,0x00000007af700090,0x00000007afe00000)
  to   space 10240K, 0% used [0x00000007aea80000,0x00000007aea80000,0x00000007af480000)
 ParOldGen       total 44032K, used 17896K [0x0000000780000000, 0x0000000782b00000, 0x00000007aab00000)
  object space 44032K, 40% used [0x0000000780000000,0x000000078117a238,0x0000000782b00000)
 Metaspace       used 19567K, capacity 19843K, committed 19968K, reserved 1067008K
  class space    used 1951K, capacity 2042K, committed 2048K, reserved 1048576K
Event: 21.862 GC heap after
Heap after GC invocations=7 (full 0):
 PSYoungGen      total 72192K, used 9232K [0x00000007aab00000, 0x00000007afe00000, 0x00000007c0000000)
  eden space 62464K, 0% used [0x00000007aab00000,0x00000007aab00000,0x00000007ae800000)
  from space 9728K, 94% used [0x00000007aea80000,0x00000007af384290,0x00000007af400000)
  to   space 10240K, 0% used [0x00000007af400000,0x00000007af400000,0x00000007afe00000)
 ParOldGen       total 44032K, used 18924K [0x0000000780000000, 0x0000000782b00000, 0x00000007aab00000)
  object space 44032K, 42% used [0x0000000780000000,0x000000078127b1e0,0x0000000782b00000)
 Metaspace       used 19567K, capacity 19843K, committed 19968K, reserved 1067008K
  class space    used 1951K, capacity 2042K, committed 2048K, reserved 1048576K
}
Event: 35.413 GC heap before
{Heap before GC invocations=8 (full 0):
 PSYoungGen      total 72192K, used 71696K [0x00000007aab00000, 0x00000007afe00000, 0x00000007c0000000)
  eden space 62464K, 100% used [0x00000007aab00000,0x00000007ae800000,0x00000007ae800000)
  from space 9728K, 94% used [0x00000007aea80000,0x00000007af384290,0x00000007af400000)
  to   space 10240K, 0% used [0x00000007af400000,0x00000007af400000,0x00000007afe00000)
 ParOldGen       total 44032K, used 18924K [0x0000000780000000, 0x0000000782b00000, 0x00000007aab00000)
  object space 44032K, 42% used [0x0000000780000000,0x000000078127b1e0,0x0000000782b00000)
 Metaspace       used 19699K, capacity 19971K, committed 20224K, reserved 1067008K
  class space    used 1952K, capacity 2042K, committed 2048K, reserved 1048576K
Event: 35.434 GC heap after
Heap after GC invocations=8 (full 0):
 PSYoungGen      total 70656K, used 10048K [0x00000007aab00000, 0x00000007aff00000, 0x00000007c0000000)
  eden space 60416K, 0% used [0x00000007aab00000,0x00000007aab00000,0x00000007ae600000)
  from space 10240K, 98% used [0x00000007af400000,0x00000007afdd0280,0x00000007afe00000)
  to   space 12800K, 0% used [0x00000007ae600000,0x00000007ae600000,0x00000007af280000)
 ParOldGen       total 44032K, used 22914K [0x0000000780000000, 0x0000000782b00000, 0x00000007aab00000)
  object space 44032K, 52% used [0x0000000780000000,0x0000000781660b38,0x0000000782b00000)
 Metaspace       used 19699K, capacity 19971K, committed 20224K, reserved 1067008K
  class space    used 1952K, capacity 2042K, committed 2048K, reserved 1048576K
}

Deoptimization events (10 events):
Event: 20.644 Thread 0x00007ff913960000 Uncommon trap: reason=unstable_if action=reinterpret pc=0x000000010d3a9ea8 method=de.fhpotsdam.unfolding.mapdisplay.AbstractMapDisplay$ZoomComparator.compare(Lde/fhpotsdam/unfolding/core/Coordinate;Lde/fhpotsdam/unfolding/core/Coordinate;)I @ 9
Event: 20.647 Thread 0x00007ff913960000 Uncommon trap: reason=unstable_if action=reinterpret pc=0x000000010d34e864 method=processing.opengl.PGraphicsOpenGL$Tessellator.setLastTexIndex(II)V @ 15
Event: 20.647 Thread 0x00007ff913960000 Uncommon trap: reason=unstable_if action=reinterpret pc=0x000000010d44ad58 method=de.fhpotsdam.unfolding.mapdisplay.Java2DMapDisplay.draw()V @ 186
Event: 20.661 Thread 0x00007ff913960000 Uncommon trap: reason=unstable_if action=reinterpret pc=0x000000010d16acb8 method=java.text.DigitList.getDataChars(I)[C @ 13
Event: 20.695 Thread 0x00007ff913960000 Uncommon trap: reason=unstable_if action=reinterpret pc=0x000000010d3238f4 method=processing.opengl.PGraphicsOpenGL$TessGeometry.polyIndexCheck(I)V @ 13
Event: 23.478 Thread 0x00007ff913960000 Uncommon trap: reason=unstable_if action=reinterpret pc=0x000000010d258d44 method=de.fhpotsdam.unfolding.core.Coordinate.equals(Ljava/lang/Object;)Z @ 38
Event: 37.046 Thread 0x00007ff913960000 Uncommon trap: reason=unstable_if action=reinterpret pc=0x000000010cf11128 method=com.jogamp.common.util.VersionNumber.compareTo(Lcom/jogamp/common/util/VersionNumber;)I @ 21
Event: 37.047 Thread 0x00007ff913960000 Uncommon trap: reason=unstable_if action=reinterpret pc=0x000000010d53b8cc method=java.awt.EventQueue.getPriority(Ljava/awt/AWTEvent;)I @ 22
Event: 37.077 Thread 0x00007ff914182800 Uncommon trap: reason=unstable_if action=reinterpret pc=0x000000010d40c374 method=java.util.HashMap.putVal(ILjava/lang/Object;Ljava/lang/Object;ZZ)Ljava/lang/Object; @ 81
Event: 37.102 Thread 0x00007ff913960000 Uncommon trap: reason=unstable_if action=reinterpret pc=0x000000010d413324 method=java.security.AccessControlContext.optimize()Ljava/security/AccessControlContext; @ 233

Internal exceptions (10 events):
Event: 0.576 Thread 0x00007ff913004800 Exception <a 'java/lang/NoSuchFieldError': method resolution failed> (0x00000007aacc89d8) thrown at [/Users/java_re/workspace/8-2-build-macosx-x86_64/jdk8u121/8372/hotspot/src/share/vm/prims/methodHandles.cpp, line 1146]
Event: 0.580 Thread 0x00007ff913004800 Exception <a 'java/lang/NoSuchFieldError': method resolution failed> (0x00000007aacd61a8) thrown at [/Users/java_re/workspace/8-2-build-macosx-x86_64/jdk8u121/8372/hotspot/src/share/vm/prims/methodHandles.cpp, line 1146]
Event: 0.862 Thread 0x00007ff913004800 Exception <a 'java/io/FileNotFoundException'> (0x00000007aad52d48) thrown at [/Users/java_re/workspace/8-2-build-macosx-x86_64/jdk8u121/8372/hotspot/src/share/vm/prims/jni.cpp, line 709]
Event: 0.862 Thread 0x00007ff913004800 Exception <a 'java/io/FileNotFoundException'> (0x00000007aad53898) thrown at [/Users/java_re/workspace/8-2-build-macosx-x86_64/jdk8u121/8372/hotspot/src/share/vm/prims/jni.cpp, line 709]
Event: 1.203 Thread 0x00007ff913004800 Exception <a 'java/io/FileNotFoundException'> (0x00000007aae8c358) thrown at [/Users/java_re/workspace/8-2-build-macosx-x86_64/jdk8u121/8372/hotspot/src/share/vm/prims/jni.cpp, line 709]
Event: 5.354 Thread 0x00007ff914030800 Exception <a 'java/lang/NullPointerException'> (0x00000007aab86160) thrown at [/Users/java_re/workspace/8-2-build-macosx-x86_64/jdk8u121/8372/hotspot/src/share/vm/interpreter/linkResolver.cpp, line 1178]
Event: 5.513 Thread 0x00007ff912c3e000 Exception <a 'java/lang/UnsatisfiedLinkError': com.jogamp.common.util.JarUtil.fixNativeLibAttribs(Ljava/lang/String;)Z> (0x00000007aaf396a0) thrown at [/Users/java_re/workspace/8-2-build-macosx-x86_64/jdk8u121/8372/hotspot/src/share/vm/prims/nativeLookup.
Event: 7.046 Thread 0x00007ff913960000 Exception <a 'java/io/FileNotFoundException'> (0x00000007ab1120c8) thrown at [/Users/java_re/workspace/8-2-build-macosx-x86_64/jdk8u121/8372/hotspot/src/share/vm/prims/jni.cpp, line 709]
Event: 7.047 Thread 0x00007ff913960000 Exception <a 'java/io/FileNotFoundException'> (0x00000007ab1182b0) thrown at [/Users/java_re/workspace/8-2-build-macosx-x86_64/jdk8u121/8372/hotspot/src/share/vm/prims/jni.cpp, line 709]
Event: 7.047 Thread 0x00007ff913960000 Implicit null exception at 0x000000010cf006f6 to 0x000000010cf00ac5

Events (10 events):
Event: 37.102 Thread 0x00007ff913960000 DEOPT PACKING pc=0x000000010d413324 sp=0x0000700002f048b0
Event: 37.102 Thread 0x00007ff913960000 DEOPT UNPACKING pc=0x000000010cd47229 sp=0x0000700002f04880 mode 2
Event: 37.103 loading class java/awt/LightweightDispatcher$2
Event: 37.103 loading class java/awt/LightweightDispatcher$2 done
Event: 37.103 loading class java/awt/event/AWTEventListenerProxy
Event: 37.103 loading class java/awt/event/AWTEventListenerProxy done
Event: 37.103 loading class java/awt/Toolkit$ToolkitEventMulticaster
Event: 37.103 loading class java/awt/Toolkit$ToolkitEventMulticaster done
Event: 37.103 Executing VM operation: RevokeBias
Event: 37.104 Executing VM operation: RevokeBias done


Dynamic libraries:
0x0000000038e4c000 	/System/Library/Frameworks/Cocoa.framework/Versions/A/Cocoa
0x0000000038e4c000 	/System/Library/Frameworks/Security.framework/Versions/A/Security
0x0000000038e4c000 	/System/Library/Frameworks/ApplicationServices.framework/Versions/A/ApplicationServices
0x0000000038e4c000 	/usr/lib/libz.1.dylib
0x0000000038e4c000 	/usr/lib/libSystem.B.dylib
0x0000000038e4c000 	/usr/lib/libobjc.A.dylib
0x0000000038e4c000 	/System/Library/Frameworks/CoreFoundation.framework/Versions/A/CoreFoundation
0x0000000038e4c000 	/System/Library/Frameworks/Foundation.framework/Versions/C/Foundation
0x0000000038e4c000 	/System/Library/Frameworks/AppKit.framework/Versions/C/AppKit
0x0000000038e4c000 	/System/Library/Frameworks/CoreData.framework/Versions/A/CoreData
0x0000000038e4c000 	/System/Library/PrivateFrameworks/RemoteViewServices.framework/Versions/A/RemoteViewServices
0x0000000038e4c000 	/System/Library/PrivateFrameworks/UIFoundation.framework/Versions/A/UIFoundation
0x0000000038e4c000 	/System/Library/PrivateFrameworks/DFRFoundation.framework/Versions/A/DFRFoundation
0x0000000038e4c000 	/usr/lib/libenergytrace.dylib
0x0000000038e4c000 	/System/Library/PrivateFrameworks/SkyLight.framework/Versions/A/SkyLight
0x0000000038e4c000 	/System/Library/Frameworks/CoreGraphics.framework/Versions/A/CoreGraphics
0x0000000038e4c000 	/usr/lib/libScreenReader.dylib
0x0000000038e4c000 	/System/Library/Frameworks/Accelerate.framework/Versions/A/Accelerate
0x0000000038e4c000 	/System/Library/Frameworks/IOSurface.framework/Versions/A/IOSurface
0x0000000038e4c000 	/System/Library/Frameworks/AudioToolbox.framework/Versions/A/AudioToolbox
0x0000000038e4c000 	/System/Library/Frameworks/AudioUnit.framework/Versions/A/AudioUnit
0x0000000038e4c000 	/System/Library/PrivateFrameworks/DataDetectorsCore.framework/Versions/A/DataDetectorsCore
0x0000000038e4c000 	/System/Library/PrivateFrameworks/DesktopServicesPriv.framework/Versions/A/DesktopServicesPriv
0x0000000038e4c000 	/System/Library/Frameworks/Carbon.framework/Versions/A/Frameworks/HIToolbox.framework/Versions/A/HIToolbox
0x0000000038e4c000 	/usr/lib/libicucore.A.dylib
0x0000000038e4c000 	/System/Library/Frameworks/QuartzCore.framework/Versions/A/QuartzCore
0x0000000038e4c000 	/System/Library/Frameworks/Carbon.framework/Versions/A/Frameworks/SpeechRecognition.framework/Versions/A/SpeechRecognition
0x0000000038e4c000 	/usr/lib/libauto.dylib
0x0000000038e4c000 	/usr/lib/libxml2.2.dylib
0x0000000038e4c000 	/System/Library/PrivateFrameworks/CoreUI.framework/Versions/A/CoreUI
0x0000000038e4c000 	/System/Library/Frameworks/CoreAudio.framework/Versions/A/CoreAudio
0x0000000038e4c000 	/System/Library/Frameworks/DiskArbitration.framework/Versions/A/DiskArbitration
0x0000000038e4c000 	/usr/lib/liblangid.dylib
0x0000000038e4c000 	/System/Library/PrivateFrameworks/MultitouchSupport.framework/Versions/A/MultitouchSupport
0x0000000038e4c000 	/System/Library/Frameworks/IOKit.framework/Versions/A/IOKit
0x0000000038e4c000 	/usr/lib/libDiagnosticMessagesClient.dylib
0x0000000038e4c000 	/System/Library/Frameworks/CoreServices.framework/Versions/A/CoreServices
0x0000000038e4c000 	/System/Library/PrivateFrameworks/PerformanceAnalysis.framework/Versions/A/PerformanceAnalysis
0x0000000038e4c000 	/System/Library/PrivateFrameworks/GenerationalStorage.framework/Versions/A/GenerationalStorage
0x0000000038e4c000 	/System/Library/Frameworks/OpenGL.framework/Versions/A/OpenGL
0x0000000038e4c000 	/System/Library/Frameworks/CoreImage.framework/Versions/A/CoreImage
0x0000000038e4c000 	/System/Library/Frameworks/CoreText.framework/Versions/A/CoreText
0x0000000038e4c000 	/System/Library/Frameworks/ImageIO.framework/Versions/A/ImageIO
0x0000000038e4c000 	/System/Library/PrivateFrameworks/Backup.framework/Versions/A/Backup
0x0000000038e4c000 	/usr/lib/libarchive.2.dylib
0x0000000038e4c000 	/System/Library/Frameworks/CFNetwork.framework/Versions/A/CFNetwork
0x0000000038e4c000 	/System/Library/Frameworks/SystemConfiguration.framework/Versions/A/SystemConfiguration
0x0000000038e4c000 	/usr/lib/libCRFSuite.dylib
0x0000000038e4c000 	/usr/lib/libc++.1.dylib
0x0000000038e4c000 	/usr/lib/libc++abi.dylib
0x0000000038e4c000 	/usr/lib/system/libcache.dylib
0x0000000038e4c000 	/usr/lib/system/libcommonCrypto.dylib
0x0000000038e4c000 	/usr/lib/system/libcompiler_rt.dylib
0x0000000038e4c000 	/usr/lib/system/libcopyfile.dylib
0x0000000038e4c000 	/usr/lib/system/libcorecrypto.dylib
0x0000000038e4c000 	/usr/lib/system/libdispatch.dylib
0x0000000038e4c000 	/usr/lib/system/libdyld.dylib
0x0000000038e4c000 	/usr/lib/system/libkeymgr.dylib
0x0000000038e4c000 	/usr/lib/system/liblaunch.dylib
0x0000000038e4c000 	/usr/lib/system/libmacho.dylib
0x0000000038e4c000 	/usr/lib/system/libquarantine.dylib
0x0000000038e4c000 	/usr/lib/system/libremovefile.dylib
0x0000000038e4c000 	/usr/lib/system/libsystem_asl.dylib
0x0000000038e4c000 	/usr/lib/system/libsystem_blocks.dylib
0x0000000038e4c000 	/usr/lib/system/libsystem_c.dylib
0x0000000038e4c000 	/usr/lib/system/libsystem_configuration.dylib
0x0000000038e4c000 	/usr/lib/system/libsystem_coreservices.dylib
0x0000000038e4c000 	/usr/lib/system/libsystem_coretls.dylib
0x0000000038e4c000 	/usr/lib/system/libsystem_dnssd.dylib
0x0000000038e4c000 	/usr/lib/system/libsystem_info.dylib
0x0000000038e4c000 	/usr/lib/system/libsystem_kernel.dylib
0x0000000038e4c000 	/usr/lib/system/libsystem_m.dylib
0x0000000038e4c000 	/usr/lib/system/libsystem_malloc.dylib
0x0000000038e4c000 	/usr/lib/system/libsystem_network.dylib
0x0000000038e4c000 	/usr/lib/system/libsystem_networkextension.dylib
0x0000000038e4c000 	/usr/lib/system/libsystem_notify.dylib
0x0000000038e4c000 	/usr/lib/system/libsystem_platform.dylib
0x0000000038e4c000 	/usr/lib/system/libsystem_pthread.dylib
0x0000000038e4c000 	/usr/lib/system/libsystem_sandbox.dylib
0x0000000038e4c000 	/usr/lib/system/libsystem_secinit.dylib
0x0000000038e4c000 	/usr/lib/system/libsystem_symptoms.dylib
0x0000000038e4c000 	/usr/lib/system/libsystem_trace.dylib
0x0000000038e4c000 	/usr/lib/system/libunwind.dylib
0x0000000038e4c000 	/usr/lib/system/libxpc.dylib
0x0000000038e4c000 	/usr/lib/libbsm.0.dylib
0x0000000038e4c000 	/usr/lib/system/libkxld.dylib
0x0000000038e4c000 	/usr/lib/libcoretls.dylib
0x0000000038e4c000 	/usr/lib/libcoretls_cfhelpers.dylib
0x0000000038e4c000 	/usr/lib/libOpenScriptingUtil.dylib
0x0000000038e4c000 	/usr/lib/libpam.2.dylib
0x0000000038e4c000 	/usr/lib/libsqlite3.dylib
0x0000000038e4c000 	/usr/lib/libxar.1.dylib
0x0000000038e4c000 	/usr/lib/libbz2.1.0.dylib
0x0000000038e4c000 	/usr/lib/liblzma.5.dylib
0x0000000038e4c000 	/usr/lib/libnetwork.dylib
0x0000000038e4c000 	/usr/lib/libpcap.A.dylib
0x0000000038e4c000 	/System/Library/Frameworks/CoreServices.framework/Versions/A/Frameworks/FSEvents.framework/Versions/A/FSEvents
0x0000000038e4c000 	/System/Library/Frameworks/CoreServices.framework/Versions/A/Frameworks/CarbonCore.framework/Versions/A/CarbonCore
0x0000000038e4c000 	/System/Library/Frameworks/CoreServices.framework/Versions/A/Frameworks/Metadata.framework/Versions/A/Metadata
0x0000000038e4c000 	/System/Library/Frameworks/CoreServices.framework/Versions/A/Frameworks/OSServices.framework/Versions/A/OSServices
0x0000000038e4c000 	/System/Library/Frameworks/CoreServices.framework/Versions/A/Frameworks/SearchKit.framework/Versions/A/SearchKit
0x0000000038e4c000 	/System/Library/Frameworks/CoreServices.framework/Versions/A/Frameworks/AE.framework/Versions/A/AE
0x0000000038e4c000 	/System/Library/Frameworks/CoreServices.framework/Versions/A/Frameworks/LaunchServices.framework/Versions/A/LaunchServices
0x0000000038e4c000 	/System/Library/Frameworks/CoreServices.framework/Versions/A/Frameworks/DictionaryServices.framework/Versions/A/DictionaryServices
0x0000000038e4c000 	/System/Library/Frameworks/CoreServices.framework/Versions/A/Frameworks/SharedFileList.framework/Versions/A/SharedFileList
0x0000000038e4c000 	/System/Library/Frameworks/NetFS.framework/Versions/A/NetFS
0x0000000038e4c000 	/System/Library/PrivateFrameworks/NetAuth.framework/Versions/A/NetAuth
0x0000000038e4c000 	/System/Library/PrivateFrameworks/login.framework/Versions/A/Frameworks/loginsupport.framework/Versions/A/loginsupport
0x0000000038e4c000 	/System/Library/PrivateFrameworks/TCC.framework/Versions/A/TCC
0x0000000038e4c000 	/usr/lib/libmecabra.dylib
0x0000000038e4c000 	/System/Library/Frameworks/ApplicationServices.framework/Versions/A/Frameworks/ATS.framework/Versions/A/ATS
0x0000000038e4c000 	/System/Library/Frameworks/ApplicationServices.framework/Versions/A/Frameworks/ColorSync.framework/Versions/A/ColorSync
0x0000000038e4c000 	/System/Library/Frameworks/ApplicationServices.framework/Versions/A/Frameworks/HIServices.framework/Versions/A/HIServices
0x0000000038e4c000 	/System/Library/Frameworks/ApplicationServices.framework/Versions/A/Frameworks/LangAnalysis.framework/Versions/A/LangAnalysis
0x0000000038e4c000 	/System/Library/Frameworks/ApplicationServices.framework/Versions/A/Frameworks/PrintCore.framework/Versions/A/PrintCore
0x0000000038e4c000 	/System/Library/Frameworks/ApplicationServices.framework/Versions/A/Frameworks/QD.framework/Versions/A/QD
0x0000000038e4c000 	/System/Library/Frameworks/ApplicationServices.framework/Versions/A/Frameworks/SpeechSynthesis.framework/Versions/A/SpeechSynthesis
0x0000000038e4c000 	/System/Library/Frameworks/Accelerate.framework/Versions/A/Frameworks/vImage.framework/Versions/A/vImage
0x0000000038e4c000 	/System/Library/Frameworks/Accelerate.framework/Versions/A/Frameworks/vecLib.framework/Versions/A/vecLib
0x0000000038e4c000 	/System/Library/Frameworks/Accelerate.framework/Versions/A/Frameworks/vecLib.framework/Versions/A/libvDSP.dylib
0x0000000038e4c000 	/System/Library/Frameworks/Accelerate.framework/Versions/A/Frameworks/vecLib.framework/Versions/A/libBNNS.dylib
0x0000000038e4c000 	/System/Library/Frameworks/Accelerate.framework/Versions/A/Frameworks/vecLib.framework/Versions/A/libQuadrature.dylib
0x0000000038e4c000 	/System/Library/Frameworks/Accelerate.framework/Versions/A/Frameworks/vecLib.framework/Versions/A/libvMisc.dylib
0x0000000038e4c000 	/System/Library/Frameworks/Accelerate.framework/Versions/A/Frameworks/vecLib.framework/Versions/A/libLAPACK.dylib
0x0000000038e4c000 	/System/Library/Frameworks/Accelerate.framework/Versions/A/Frameworks/vecLib.framework/Versions/A/libBLAS.dylib
0x0000000038e4c000 	/System/Library/Frameworks/Accelerate.framework/Versions/A/Frameworks/vecLib.framework/Versions/A/libLinearAlgebra.dylib
0x0000000038e4c000 	/System/Library/Frameworks/Accelerate.framework/Versions/A/Frameworks/vecLib.framework/Versions/A/libSparseBLAS.dylib
0x0000000038e4c000 	/System/Library/Frameworks/ApplicationServices.framework/Versions/A/Frameworks/ATS.framework/Versions/A/Resources/libFontParser.dylib
0x0000000038e4c000 	/System/Library/Frameworks/ApplicationServices.framework/Versions/A/Frameworks/ATS.framework/Versions/A/Resources/libFontRegistry.dylib
0x0000000038e4c000 	/System/Library/Frameworks/ImageIO.framework/Versions/A/Resources/libJPEG.dylib
0x0000000038e4c000 	/System/Library/Frameworks/ImageIO.framework/Versions/A/Resources/libTIFF.dylib
0x0000000038e4c000 	/System/Library/Frameworks/ImageIO.framework/Versions/A/Resources/libPng.dylib
0x0000000038e4c000 	/System/Library/Frameworks/ImageIO.framework/Versions/A/Resources/libGIF.dylib
0x0000000038e4c000 	/System/Library/Frameworks/ImageIO.framework/Versions/A/Resources/libJP2.dylib
0x0000000038e4c000 	/System/Library/Frameworks/ImageIO.framework/Versions/A/Resources/libRadiance.dylib
0x0000000038e4c000 	/usr/lib/libcompression.dylib
0x0000000038e4c000 	/System/Library/PrivateFrameworks/AppleJPEG.framework/Versions/A/AppleJPEG
0x0000000038e4c000 	/usr/lib/libcups.2.dylib
0x0000000038e4c000 	/System/Library/Frameworks/Kerberos.framework/Versions/A/Kerberos
0x0000000038e4c000 	/System/Library/Frameworks/GSS.framework/Versions/A/GSS
0x0000000038e4c000 	/usr/lib/libresolv.9.dylib
0x0000000038e4c000 	/usr/lib/libiconv.2.dylib
0x0000000038e4c000 	/System/Library/PrivateFrameworks/Heimdal.framework/Versions/A/Heimdal
0x0000000038e4c000 	/usr/lib/libheimdal-asn1.dylib
0x0000000038e4c000 	/System/Library/Frameworks/OpenDirectory.framework/Versions/A/OpenDirectory
0x0000000038e4c000 	/System/Library/PrivateFrameworks/CommonAuth.framework/Versions/A/CommonAuth
0x0000000038e4c000 	/System/Library/Frameworks/OpenDirectory.framework/Versions/A/Frameworks/CFOpenDirectory.framework/Versions/A/CFOpenDirectory
0x0000000038e4c000 	/System/Library/Frameworks/SecurityFoundation.framework/Versions/A/SecurityFoundation
0x0000000038e4c000 	/System/Library/PrivateFrameworks/LanguageModeling.framework/Versions/A/LanguageModeling
0x0000000038e4c000 	/usr/lib/libmarisa.dylib
0x0000000038e4c000 	/usr/lib/libChineseTokenizer.dylib
0x0000000038e4c000 	/usr/lib/libcmph.dylib
0x0000000038e4c000 	/System/Library/PrivateFrameworks/CoreEmoji.framework/Versions/A/CoreEmoji
0x0000000038e4c000 	/System/Library/Frameworks/ServiceManagement.framework/Versions/A/ServiceManagement
0x0000000038e4c000 	/usr/lib/libxslt.1.dylib
0x0000000038e4c000 	/System/Library/Frameworks/Carbon.framework/Versions/A/Frameworks/Ink.framework/Versions/A/Ink
0x0000000038e4c000 	/System/Library/PrivateFrameworks/TextureIO.framework/Versions/A/TextureIO
0x0000000038e4c000 	/System/Library/Frameworks/Metal.framework/Versions/A/Metal
0x0000000038e4c000 	/usr/lib/libate.dylib
0x0000000038e4c000 	/System/Library/PrivateFrameworks/GPUCompiler.framework/libmetal_timestamp.dylib
0x0000000038e4c000 	/System/Library/Frameworks/OpenGL.framework/Versions/A/Libraries/libCoreFSCache.dylib
0x0000000038e4c000 	/System/Library/PrivateFrameworks/IOAccelerator.framework/Versions/A/IOAccelerator
0x0000000038e4c000 	/System/Library/Frameworks/CoreVideo.framework/Versions/A/CoreVideo
0x0000000038e4c000 	/usr/lib/libFosl_dynamic.dylib
0x0000000038e4c000 	/System/Library/PrivateFrameworks/MetalPerformanceShaders.framework/Versions/A/MetalPerformanceShaders
0x0000000038e4c000 	/System/Library/PrivateFrameworks/FaceCore.framework/Versions/A/FaceCore
0x0000000038e4c000 	/System/Library/Frameworks/OpenCL.framework/Versions/A/OpenCL
0x0000000038e4c000 	/System/Library/Frameworks/OpenGL.framework/Versions/A/Libraries/libGLU.dylib
0x0000000038e4c000 	/System/Library/Frameworks/OpenGL.framework/Versions/A/Libraries/libGFXShared.dylib
0x0000000038e4c000 	/System/Library/Frameworks/OpenGL.framework/Versions/A/Libraries/libGL.dylib
0x0000000038e4c000 	/System/Library/Frameworks/OpenGL.framework/Versions/A/Libraries/libGLImage.dylib
0x0000000038e4c000 	/System/Library/Frameworks/OpenGL.framework/Versions/A/Libraries/libCVMSPluginSupport.dylib
0x0000000038e4c000 	/System/Library/Frameworks/OpenGL.framework/Versions/A/Libraries/libCoreVMClient.dylib
0x0000000038e4c000 	/System/Library/PrivateFrameworks/CrashReporterSupport.framework/Versions/A/CrashReporterSupport
0x0000000038e4c000 	/System/Library/PrivateFrameworks/Sharing.framework/Versions/A/Sharing
0x0000000038e4c000 	/System/Library/PrivateFrameworks/IconServices.framework/Versions/A/IconServices
0x0000000038e4c000 	/System/Library/PrivateFrameworks/ProtocolBuffer.framework/Versions/A/ProtocolBuffer
0x0000000038e4c000 	/System/Library/PrivateFrameworks/Apple80211.framework/Versions/A/Apple80211
0x0000000038e4c000 	/System/Library/Frameworks/CoreWLAN.framework/Versions/A/CoreWLAN
0x0000000038e4c000 	/System/Library/PrivateFrameworks/CoreUtils.framework/Versions/A/CoreUtils
0x0000000038e4c000 	/System/Library/Frameworks/IOBluetooth.framework/Versions/A/IOBluetooth
0x0000000038e4c000 	/System/Library/PrivateFrameworks/CoreWiFi.framework/Versions/A/CoreWiFi
0x0000000038e4c000 	/System/Library/Frameworks/CoreBluetooth.framework/Versions/A/CoreBluetooth
0x0000000038e4c000 	/System/Library/Frameworks/CoreDisplay.framework/Versions/A/CoreDisplay
0x0000000038e4c000 	/System/Library/PrivateFrameworks/IOPresentment.framework/Versions/A/IOPresentment
0x0000000038e4c000 	/System/Library/PrivateFrameworks/DSExternalDisplay.framework/Versions/A/DSExternalDisplay
0x0000000038e4c000 	/System/Library/PrivateFrameworks/DebugSymbols.framework/Versions/A/DebugSymbols
0x0000000038e4c000 	/System/Library/PrivateFrameworks/CoreSymbolication.framework/Versions/A/CoreSymbolication
0x0000000038e4c000 	/System/Library/PrivateFrameworks/Symbolication.framework/Versions/A/Symbolication
0x0000000038e4c000 	/System/Library/PrivateFrameworks/AppleFSCompression.framework/Versions/A/AppleFSCompression
0x0000000038e4c000 	/System/Library/PrivateFrameworks/SpeechRecognitionCore.framework/Versions/A/SpeechRecognitionCore
0x0000000038e4c000 	/System/Library/PrivateFrameworks/ChunkingLibrary.framework/Versions/A/ChunkingLibrary
0x000000010b000000 	/Library/Java/JavaVirtualMachines/jdk1.8.0_121.jdk/Contents/Home/jre/lib/server/libjvm.dylib
0x0000000038e4c000 	/usr/lib/libstdc++.6.dylib
0x000000010a6f6000 	/Library/Java/JavaVirtualMachines/jdk1.8.0_121.jdk/Contents/Home/jre/lib/libverify.dylib
0x000000010a704000 	/Library/Java/JavaVirtualMachines/jdk1.8.0_121.jdk/Contents/Home/jre/lib/libjava.dylib
0x000000010a743000 	/Library/Java/JavaVirtualMachines/jdk1.8.0_121.jdk/Contents/Home/jre/lib/libzip.dylib
0x000000010a7e4000 	/System/Library/Frameworks/JavaVM.framework/Frameworks/JavaRuntimeSupport.framework/JavaRuntimeSupport
0x000000011f3a2000 	/System/Library/Frameworks/JavaVM.framework/Versions/A/Frameworks/JavaNativeFoundation.framework/Versions/A/JavaNativeFoundation
0x000000010cca5000 	/System/Library/Frameworks/JavaVM.framework/Versions/A/JavaVM
0x0000000038e4c000 	/System/Library/Frameworks/Carbon.framework/Versions/A/Carbon
0x000000011f3b7000 	/System/Library/PrivateFrameworks/JavaLaunching.framework/Versions/A/JavaLaunching
0x0000000038e4c000 	/System/Library/Frameworks/Carbon.framework/Versions/A/Frameworks/CommonPanels.framework/Versions/A/CommonPanels
0x0000000038e4c000 	/System/Library/Frameworks/Carbon.framework/Versions/A/Frameworks/Help.framework/Versions/A/Help
0x0000000038e4c000 	/System/Library/Frameworks/Carbon.framework/Versions/A/Frameworks/ImageCapture.framework/Versions/A/ImageCapture
0x0000000038e4c000 	/System/Library/Frameworks/Carbon.framework/Versions/A/Frameworks/OpenScripting.framework/Versions/A/OpenScripting
0x0000000038e4c000 	/System/Library/Frameworks/Carbon.framework/Versions/A/Frameworks/Print.framework/Versions/A/Print
0x0000000038e4c000 	/System/Library/Frameworks/Carbon.framework/Versions/A/Frameworks/SecurityHI.framework/Versions/A/SecurityHI
0x0000000120cc5000 	/Library/Java/JavaVirtualMachines/jdk1.8.0_121.jdk/Contents/Home/jre/lib/libawt.dylib
0x0000000120d6d000 	/Library/Java/JavaVirtualMachines/jdk1.8.0_121.jdk/Contents/Home/jre/lib/./libmlib_image.dylib
0x0000000120e39000 	/Library/Java/JavaVirtualMachines/jdk1.8.0_121.jdk/Contents/Home/jre/lib/libawt_lwawt.dylib
0x0000000120ef0000 	/Library/Java/JavaVirtualMachines/jdk1.8.0_121.jdk/Contents/Home/jre/lib/./libosxapp.dylib
0x0000000038e4c000 	/System/Library/Frameworks/ExceptionHandling.framework/Versions/A/ExceptionHandling
0x0000000038e4c000 	/System/Library/PrivateFrameworks/CoreServicesInternal.framework/Versions/A/CoreServicesInternal
0x0000000038e4c000 	/System/Library/CoreServices/RawCamera.bundle/Contents/MacOS/RawCamera
0x0000000038e4c000 	/System/Library/Frameworks/Accelerate.framework/Versions/A/Frameworks/vImage.framework/Versions/A/Libraries/libCGInterfaces.dylib
0x0000000038e4c000 	/System/Library/Frameworks/ApplicationServices.framework/Versions/A/Frameworks/ATS.framework/Versions/A/Resources/libTrueTypeScaler.dylib
0x0000000122a5b000 	/System/Library/Frameworks/OpenGL.framework/Resources/GLEngine.bundle/GLEngine
0x0000000038e4c000 	/System/Library/Frameworks/OpenGL.framework/Versions/A/Libraries/libGLProgrammability.dylib
0x0000000122c40000 	/System/Library/Extensions/AppleIntelHD5000GraphicsGLDriver.bundle/Contents/MacOS/AppleIntelHD5000GraphicsGLDriver
0x0000000038e4c000 	/System/Library/PrivateFrameworks/GPUSupport.framework/Versions/A/Libraries/libGPUSupportMercury.dylib
0x00000001233ae000 	/System/Library/Frameworks/OpenGL.framework/Resources//GLRendererFloat.bundle/GLRendererFloat
0x0000000038e4c000 	/System/Library/Frameworks/OpenCL.framework/Versions/A/Libraries/libcldcpuengine.dylib
0x0000000038e4c000 	/usr/lib/libcrypto.0.9.8.dylib
0x0000000038e4c000 	/System/Library/PrivateFrameworks/TrustEvaluationAgent.framework/Versions/A/TrustEvaluationAgent
0x00000001233e2000 	/System/Library/Extensions/AppleIntelHD5000GraphicsMTLDriver.bundle/Contents/MacOS/AppleIntelHD5000GraphicsMTLDriver
0x0000000038e4c000 	/System/Library/PrivateFrameworks/FamilyControls.framework/Versions/A/FamilyControls
0x0000000038e4c000 	/System/Library/PrivateFrameworks/CommerceKit.framework/Versions/A/Frameworks/CommerceCore.framework/Versions/A/CommerceCore
0x0000000038e4c000 	/System/Library/PrivateFrameworks/SystemAdministration.framework/Versions/A/SystemAdministration
0x0000000038e4c000 	/System/Library/PrivateFrameworks/AppContainer.framework/Versions/A/AppContainer
0x0000000038e4c000 	/System/Library/PrivateFrameworks/SecCodeWrapper.framework/Versions/A/SecCodeWrapper
0x0000000038e4c000 	/System/Library/Frameworks/DirectoryService.framework/Versions/A/DirectoryService
0x0000000038e4c000 	/System/Library/PrivateFrameworks/DiskImages.framework/Versions/A/DiskImages
0x0000000038e4c000 	/System/Library/PrivateFrameworks/LoginUIKit.framework/Versions/A/Frameworks/LoginUICore.framework/Versions/A/LoginUICore
0x0000000038e4c000 	/usr/lib/libCoreStorage.dylib
0x0000000038e4c000 	/usr/lib/libcsfde.dylib
0x0000000038e4c000 	/usr/lib/libodfde.dylib
0x0000000038e4c000 	/System/Library/Frameworks/DiscRecording.framework/Versions/A/DiscRecording
0x0000000038e4c000 	/usr/lib/libcurl.4.dylib
0x0000000038e4c000 	/System/Library/PrivateFrameworks/MediaKit.framework/Versions/A/MediaKit
0x0000000038e4c000 	/System/Library/PrivateFrameworks/ProtectedCloudStorage.framework/Versions/A/ProtectedCloudStorage
0x0000000038e4c000 	/System/Library/PrivateFrameworks/EFILogin.framework/Versions/A/EFILogin
0x0000000038e4c000 	/usr/lib/libutil.dylib
0x0000000038e4c000 	/System/Library/Frameworks/LDAP.framework/Versions/A/LDAP
0x0000000038e4c000 	/usr/lib/libsasl2.2.dylib
0x0000000038e4c000 	/System/Library/PrivateFrameworks/CoreDaemon.framework/Versions/B/CoreDaemon
0x0000000038e4c000 	/System/Library/PrivateFrameworks/AppleSRP.framework/Versions/A/AppleSRP
0x0000000038e4c000 	/System/Library/PrivateFrameworks/APFS.framework/Versions/A/APFS
0x0000000124fe6000 	/Library/Java/JavaVirtualMachines/jdk1.8.0_121.jdk/Contents/Home/jre/lib/libfontmanager.dylib
0x0000000038e4c000 	/System/Library/PrivateFrameworks/ViewBridge.framework/Versions/A/ViewBridge
0x0000000038e4c000 	/System/Library/PrivateFrameworks/XPCService.framework/Versions/A/XPCService
0x0000000038e4c000 	/System/Library/PrivateFrameworks/AppSandbox.framework/Versions/A/AppSandbox
0x0000000038e4c000 	/usr/lib/libsandbox.1.dylib
0x0000000038e4c000 	/usr/lib/libMatch.1.dylib
0x00000001263e1000 	/Library/Java/JavaVirtualMachines/jdk1.8.0_121.jdk/Contents/Home/jre/lib/libosxui.dylib
0x0000000126f4c000 	/Library/Java/JavaVirtualMachines/jdk1.8.0_121.jdk/Contents/Home/jre/lib/libnet.dylib
0x0000000126fc3000 	/Library/Java/JavaVirtualMachines/jdk1.8.0_121.jdk/Contents/Home/jre/lib/libnio.dylib
0x00000001260ef000 	/private/var/folders/z5/dkh_k18x6bn8z6w6jj1k7pqm0000gn/T/jogamp_0000/file_cache/jln5962364249065479290/jln5059083853870851716/libgluegen-rt.jnilib
0x00000001260f3000 	/private/var/folders/z5/dkh_k18x6bn8z6w6jj1k7pqm0000gn/T/jogamp_0000/file_cache/jln5962364249065479290/jln5059083853870851716/libnativewindow_awt.jnilib
0x000000018f571000 	/Library/Java/JavaVirtualMachines/jdk1.8.0_121.jdk/Contents/Home/jre/lib/libjawt.dylib
0x000000018f574000 	/private/var/folders/z5/dkh_k18x6bn8z6w6jj1k7pqm0000gn/T/jogamp_0000/file_cache/jln5962364249065479290/jln5059083853870851716/libnativewindow_macosx.jnilib
0x0000000190ec0000 	/private/var/folders/z5/dkh_k18x6bn8z6w6jj1k7pqm0000gn/T/jogamp_0000/file_cache/jln5962364249065479290/jln5059083853870851716/libjogl_desktop.jnilib
0x0000000195d63000 	/Library/Java/JavaVirtualMachines/jdk1.8.0_121.jdk/Contents/Home/jre/lib/libjpeg.dylib
0x0000000038e4c000 	/System/Library/PrivateFrameworks/Shortcut.framework/Versions/A/Shortcut
0x0000000038e4c000 	/System/Library/PrivateFrameworks/HelpData.framework/Versions/A/HelpData

VM Arguments:
jvm_args: -Djava.security.policy=java.policy.applet -Dfile.encoding=MacRoman 
java_command: sun.applet.AppletViewer module1.HelloWorld1523339725221.html
java_class_path (initial): /Users/Mac/Documents/workspace/UCSDUnfoldingMaps/build:/Users/Mac/Documents/workspace/UCSDUnfoldingMaps/lib/core.jar:/Users/Mac/Documents/workspace/UCSDUnfoldingMaps/lib/gluegen-rt.jar:/Users/Mac/Documents/workspace/UCSDUnfoldingMaps/lib/jogl-all.jar:/Users/Mac/Documents/workspace/UCSDUnfoldingMaps/lib/log4j-1.2.15.jar:/Users/Mac/Documents/workspace/UCSDUnfoldingMaps/lib/sqlite-jdbc-3.7.2.jar:/Users/Mac/Documents/workspace/UCSDUnfoldingMaps/lib/json4processing.jar:/Users/Mac/Documents/workspace/UCSDUnfoldingMaps/lib/libTUIO.jar:/Users/Mac/Documents/workspace/UCSDUnfoldingMaps/lib/unfolding.0.9.7-uscd.jar
Launcher Type: SUN_STANDARD

Environment Variables:
PATH=/Library/Frameworks/Python.framework/Versions/3.6/bin:/usr/local/bin:/usr/bin:/bin:/usr/sbin:/sbin:/opt/X11/bin:/Library/Frameworks/Mono.framework/Versions/Current/Commands:/Library/TeX/texbin
SHELL=/bin/bash
DISPLAY=/private/tmp/com.apple.launchd.VT7wljJgRj/org.macosforge.xquartz:0

Signal Handlers:
SIGSEGV: [libjvm.dylib+0x5b1141], sa_mask[0]=11111111011111110111111111111111, sa_flags=SA_ONSTACK|SA_RESTART|SA_SIGINFO
SIGBUS: [libjvm.dylib+0x5b1141], sa_mask[0]=11111111011111110111111111111111, sa_flags=SA_RESTART|SA_SIGINFO
SIGFPE: [libjvm.dylib+0x487bc4], sa_mask[0]=11111111011111110111111111111111, sa_flags=SA_RESTART|SA_SIGINFO
SIGPIPE: [libjvm.dylib+0x487bc4], sa_mask[0]=11111111011111110111111111111111, sa_flags=SA_RESTART|SA_SIGINFO
SIGXFSZ: [libjvm.dylib+0x487bc4], sa_mask[0]=11111111011111110111111111111111, sa_flags=SA_RESTART|SA_SIGINFO
SIGILL: [libjvm.dylib+0x487bc4], sa_mask[0]=11111111011111110111111111111111, sa_flags=SA_RESTART|SA_SIGINFO
SIGUSR1: SIG_DFL, sa_mask[0]=11011111011111100000000111000110, sa_flags=none
SIGUSR2: [libjvm.dylib+0x4876e2], sa_mask[0]=00100000000000000000000000000000, sa_flags=SA_RESTART|SA_SIGINFO
SIGHUP: [libjvm.dylib+0x485cb9], sa_mask[0]=11111111011111110111111111111111, sa_flags=SA_RESTART|SA_SIGINFO
SIGINT: [libjvm.dylib+0x485cb9], sa_mask[0]=11111111011111110111111111111111, sa_flags=SA_RESTART|SA_SIGINFO
SIGTERM: [libjvm.dylib+0x485cb9], sa_mask[0]=11111111011111110111111111111111, sa_flags=SA_RESTART|SA_SIGINFO
SIGQUIT: [libjvm.dylib+0x485cb9], sa_mask[0]=11111111011111110111111111111111, sa_flags=SA_RESTART|SA_SIGINFO


---------------  S Y S T E M  ---------------

OS:Bsduname:Darwin 16.7.0 Darwin Kernel Version 16.7.0: Thu Jan 11 22:59:40 PST 2018; root:xnu-3789.73.8~1/RELEASE_X86_64 x86_64
rlimit: STACK 8192k, CORE 0k, NPROC 709, NOFILE 10240, AS infinity
load average:1.69 1.71 1.94

CPU:total 4 (2 cores per cpu, 2 threads per core) family 6 model 69 stepping 1, cmov, cx8, fxsr, mmx, sse, sse2, sse3, ssse3, sse4.1, sse4.2, popcnt, avx, avx2, aes, clmul, erms, lzcnt, ht, tsc, tscinvbit, bmi1, bmi2

Memory: 4k page, physical 4194304k(25200k free)

/proc/meminfo:


vm_info: Java HotSpot(TM) 64-Bit Server VM (25.121-b13) for bsd-amd64 JRE (1.8.0_121-b13), built on Dec 12 2016 20:39:32 by "java_re" with gcc 4.2.1 (Based on Apple Inc. build 5658) (LLVM build 2336.11.00)

time: Mon Apr  9 22:56:02 2018
elapsed time: 37 seconds (0d 0h 0m 37s)

