#
# A fatal error has been detected by the Java Runtime Environment:
#
#  SIGSEGV (0xb) at pc=0x00007fffd65ee05d, pid=11523, tid=0x0000000000000307
#
# JRE version: Java(TM) SE Runtime Environment (8.0_121-b13) (build 1.8.0_121-b13)
# Java VM: Java HotSpot(TM) 64-Bit Server VM (25.121-b13 mixed mode bsd-amd64 compressed oops)
# Problematic frame:
# C  [libobjc.A.dylib+0x705d]  objc_msgSend+0x1d
#
# Failed to write core dump. Core dumps have been disabled. To enable core dumping, try "ulimit -c unlimited" before starting Java again
#
# If you would like to submit a bug report, please visit:
#   http://bugreport.java.com/bugreport/crash.jsp
# The crash happened outside the Java Virtual Machine in native code.
# See problematic frame for where to report the bug.
#

---------------  T H R E A D  ---------------

Current thread (0x00007fe43e19a000):  JavaThread "AWT-AppKit" daemon [_thread_in_native, id=775, stack(0x00007fff4fd01000,0x00007fff50501000)]

siginfo: si_signo: 11 (SIGSEGV), si_code: 1 (SEGV_MAPERR), si_addr: 0x0000000000000018

Registers:
RAX=0x00007fe43d5aca20, RBX=0x00000001945a9450, RCX=0x00007fe43fd00e50, RDX=0x0000000000000000
RSP=0x00007fff504fc148, RBP=0x00007fff504fc200, RSI=0x00007fffbfe75116, RDI=0x00007fe43d440170
R8 =0x0000000000000018, R9 =0x00007fe43fd00580, R10=0x0000000000000000, R11=0x00007fffbfe75116
R12=0x0000000000000000, R13=0x0000000195fe8e50, R14=0x00000001945a9440, R15=0x00007fe43e19a000
RIP=0x00007fffd65ee05d, EFLAGS=0x0000000000010246, ERR=0x0000000000000004
  TRAPNO=0x000000000000000e

Top of Stack: (sp=0x00007fff504fc148)
0x00007fff504fc148:   00000001945a7157 00007fff504fc1a0
0x00007fff504fc158:   0000000000000003 00007fff504fc180
0x00007fff504fc168:   00000001101f2c62 0000000195fe8e50
0x00007fff504fc178:   0000000195fe8e50 00007fe43d5aca20
0x00007fff504fc188:   00000001945a96a0 00000001945a9710
0x00007fff504fc198:   00007fffdc6546d0 00007fffdd2841e0
0x00007fff504fc1a8:   00000001945a9450 00000001945a9690
0x00007fff504fc1b8:   00007fe43d5aca20 00007fe43d440170
0x00007fff504fc1c8:   00007fe443227b70 00007fe43d5aca20
0x00007fff504fc1d8:   00007fe43d440170 00007fff504fc288
0x00007fff504fc1e8:   00007fe43e19a1f8 0000000195fe8e50
0x00007fff504fc1f8:   00007fff504fc2b0 00007fff504fc278
0x00007fff504fc208:   000000011c34e9f4 0000000195fe8e50
0x00007fff504fc218:   00007fff504fc2b0 00007fff504fc278
0x00007fff504fc228:   000000011c34e787 000000011c34e742
0x00007fff504fc238:   00007fff504fc238 0000000195fe8e50
0x00007fff504fc248:   00007fff504fc2b0 00000001946c2cc8
0x00007fff504fc258:   0000000000000000 0000000195fe8e50
0x00007fff504fc268:   0000000000000000 00007fff504fc298
0x00007fff504fc278:   00007fff504fc2f8 000000011c33f2bd
0x00007fff504fc288:   0000000780e6d2e0 000000011c348538
0x00007fff504fc298:   00007fe43d5aca20 00007fff504fc2f8
0x00007fff504fc2a8:   00007fe43d440170 000000011c349e02
0x00007fff504fc2b8:   00007fff504fc2b8 0000000195fe901a
0x00007fff504fc2c8:   00007fff504fc320 00000001946c2cc8
0x00007fff504fc2d8:   0000000000000000 0000000195fe9028
0x00007fff504fc2e8:   00007fff504fc298 00007fff504fc308
0x00007fff504fc2f8:   00007fff504fc368 000000011c33f2bd
0x00007fff504fc308:   00007fe43d5aca20 00000007805ca3c8
0x00007fff504fc318:   00007fe43d440170 00000007805ca3c8
0x00007fff504fc328:   00007fff504fc328 000000019c1bec8e
0x00007fff504fc338:   00007fff504fc378 000000019c1bed48 

Instructions: (pc=0x00007fffd65ee05d)
0x00007fffd65ee03d:   0f 1f 00 48 85 ff 2e 74 62 40 f6 c7 01 2e 75 66
0x00007fffd65ee04d:   49 ba f8 ff ff ff ff 7f 00 00 4c 23 17 49 89 f3
0x00007fffd65ee05d:   45 23 5a 18 49 c1 e3 04 4d 03 5a 10 49 3b 33 75
0x00007fffd65ee06d:   04 41 ff 63 08 49 83 3b 01 76 0d 49 83 c3 10 49 

Register to memory mapping:

RAX=0x00007fe43d5aca20 is an unknown value
RBX=0x00000001945a9450: Java_jogamp_nativewindow_macosx_OSXUtil_GetScreenRefreshRate0+0x1cf0 in /private/var/folders/z5/dkh_k18x6bn8z6w6jj1k7pqm0000gn/T/jogamp_0000/file_cache/jln2967756817996014321/jln3640247493311861136/libnativewindow_macosx.jnilib at 0x00000001945a2000
RCX=0x00007fe43fd00e50 is an unknown value
RDX=0x0000000000000000 is an unknown value
RSP=0x00007fff504fc148 is pointing into the stack for thread: 0x00007fe43e19a000
RBP=0x00007fff504fc200 is pointing into the stack for thread: 0x00007fe43e19a000
RSI=0x00007fffbfe75116: __NSStyleNameIndexTable+0x7fd5e in /System/Library/Frameworks/AppKit.framework/Versions/C/AppKit at 0x00007fffbf208000
RDI=0x00007fe43d440170 is an unknown value
R8 =0x0000000000000018 is an unknown value
R9 =0x00007fe43fd00580 is an unknown value
R10=0x0000000000000000 is an unknown value
R11=0x00007fffbfe75116: __NSStyleNameIndexTable+0x7fd5e in /System/Library/Frameworks/AppKit.framework/Versions/C/AppKit at 0x00007fffbf208000
R12=0x0000000000000000 is an unknown value
R13={method} {0x0000000195fe8e50} 'UnsetJAWTRootSurfaceLayer0' '(JJ)V' in 'jogamp/nativewindow/jawt/macosx/MacOSXJAWTWindow'
R14=0x00000001945a9440: Java_jogamp_nativewindow_macosx_OSXUtil_GetScreenRefreshRate0+0x1ce0 in /private/var/folders/z5/dkh_k18x6bn8z6w6jj1k7pqm0000gn/T/jogamp_0000/file_cache/jln2967756817996014321/jln3640247493311861136/libnativewindow_macosx.jnilib at 0x00000001945a2000
R15=0x00007fe43e19a000 is a thread


Stack: [0x00007fff4fd01000,0x00007fff50501000],  sp=0x00007fff504fc148,  free space=8172k
Native frames: (J=compiled Java code, j=interpreted, Vv=VM code, C=native code)
C  [libobjc.A.dylib+0x705d]  objc_msgSend+0x1d
j  jogamp.nativewindow.jawt.macosx.MacOSXJAWTWindow.UnsetJAWTRootSurfaceLayer0(JJ)V+0
j  jogamp.nativewindow.jawt.macosx.MacOSXJAWTWindow.access$200(JJ)V+2
j  jogamp.nativewindow.jawt.macosx.MacOSXJAWTWindow$1.run()V+38
J 2595 C1 com.jogamp.common.util.RunnableTask.run()V (345 bytes) @ 0x000000011cbe96f4 [0x000000011cbe9560+0x194]
v  ~StubRoutines::call_stub
V  [libjvm.dylib+0x2ed9d6]
V  [libjvm.dylib+0x324b65]
V  [libjvm.dylib+0x317333]
C  [libnativewindow_macosx.jnilib+0x5326]  Java_jogamp_nativewindow_jawt_macosx_MacOSXJAWTWindow_UnsetJAWTRootSurfaceLayer0+0x2b6
C  [Foundation+0x7152a]  __NSThreadPerformPerform+0x146
C  [CoreFoundation+0xa7321]  __CFRUNLOOP_IS_CALLING_OUT_TO_A_SOURCE0_PERFORM_FUNCTION__+0x11
C  [CoreFoundation+0x8821d]  __CFRunLoopDoSources0+0x22d
C  [CoreFoundation+0x87716]  __CFRunLoopRun+0x3a6
C  [CoreFoundation+0x87114]  CFRunLoopRunSpecific+0x1a4
C  [HIToolbox+0x30ebc]  RunCurrentEventLoopInMode+0xf0
C  [HIToolbox+0x30bf9]  ReceiveNextEventCommon+0xb8
C  [HIToolbox+0x30b26]  _BlockUntilNextEventMatchingListInModeWithFilter+0x47
C  [AppKit+0x46a54]  _DPSNextEvent+0x460
C  [AppKit+0x7c27ee]  -[NSApplication(NSEvent) _nextEventMatchingEventMask:untilDate:inMode:dequeue:]+0xaec
C  [libosxapp.dylib+0x23aa]  -[NSApplicationAWT nextEventMatchingMask:untilDate:inMode:dequeue:]+0x7c
C  [AppKit+0x3b3db]  -[NSApplication run]+0x39e
C  [libosxapp.dylib+0x214d]  +[NSApplicationAWT runAWTLoopWithApp:]+0x9c
C  [libawt_lwawt.dylib+0x45ff7]  -[AWTStarter starter:]+0x389
C  [Foundation+0x7152a]  __NSThreadPerformPerform+0x146
C  [CoreFoundation+0xa7321]  __CFRUNLOOP_IS_CALLING_OUT_TO_A_SOURCE0_PERFORM_FUNCTION__+0x11
C  [CoreFoundation+0x8821d]  __CFRunLoopDoSources0+0x22d
C  [CoreFoundation+0x87716]  __CFRunLoopRun+0x3a6
C  [CoreFoundation+0x87114]  CFRunLoopRunSpecific+0x1a4
C  [java+0x6465]  CreateExecutionEnvironment+0x367
C  [java+0x218c]  JLI_Launch+0x7a0
C  [java+0x84c2]  main+0x65
C  [java+0x19e4]  start+0x34
C  0x0000000000000007

Java frames: (J=compiled Java code, j=interpreted, Vv=VM code)
j  jogamp.nativewindow.jawt.macosx.MacOSXJAWTWindow.UnsetJAWTRootSurfaceLayer0(JJ)V+0
j  jogamp.nativewindow.jawt.macosx.MacOSXJAWTWindow.access$200(JJ)V+2
j  jogamp.nativewindow.jawt.macosx.MacOSXJAWTWindow$1.run()V+38
J 2595 C1 com.jogamp.common.util.RunnableTask.run()V (345 bytes) @ 0x000000011cbe96f4 [0x000000011cbe9560+0x194]
v  ~StubRoutines::call_stub

---------------  P R O C E S S  ---------------

Java Threads: ( => current thread )
  0x00007fe43e5bb000 JavaThread "Thread-19" [_thread_blocked, id=35335, stack(0x00007000066dd000,0x00007000067dd000)]
  0x00007fe43e432800 JavaThread "AWT-EventQueue-1" [_thread_in_native, id=65735, stack(0x00007000067e0000,0x00007000068e0000)]
  0x00007fe43e9b7800 JavaThread "DestroyJavaVM" [_thread_blocked, id=7171, stack(0x000070000521b000,0x000070000531b000)]
  0x00007fe43e929800 JavaThread "AWT-EventQueue-0" [_thread_blocked, id=59675, stack(0x00007000065da000,0x00007000066da000)]
  0x00007fe43e24d800 JavaThread "Java2D Disposer" daemon [_thread_blocked, id=56335, stack(0x0000700006351000,0x0000700006451000)]
  0x00007fe43e901000 JavaThread "Java2D Queue Flusher" daemon [_thread_blocked, id=47151, stack(0x000070000624e000,0x000070000634e000)]
  0x00007fe43e1bb800 JavaThread "AWT-Shutdown" [_thread_blocked, id=29727, stack(0x00007000060c8000,0x00007000061c8000)]
=>0x00007fe43e19a000 JavaThread "AWT-AppKit" daemon [_thread_in_native, id=775, stack(0x00007fff4fd01000,0x00007fff50501000)]
  0x00007fe43e066800 JavaThread "Service Thread" daemon [_thread_blocked, id=18691, stack(0x0000700005e3f000,0x0000700005f3f000)]
  0x00007fe43f01f000 JavaThread "C1 CompilerThread2" daemon [_thread_blocked, id=18179, stack(0x0000700005d3c000,0x0000700005e3c000)]
  0x00007fe43e05e000 JavaThread "C2 CompilerThread1" daemon [_thread_blocked, id=17667, stack(0x0000700005c39000,0x0000700005d39000)]
  0x00007fe43d83e000 JavaThread "C2 CompilerThread0" daemon [_thread_blocked, id=17155, stack(0x0000700005b36000,0x0000700005c36000)]
  0x00007fe43f01b800 JavaThread "Signal Dispatcher" daemon [_thread_blocked, id=16643, stack(0x0000700005a33000,0x0000700005b33000)]
  0x00007fe43e045800 JavaThread "Finalizer" daemon [_thread_blocked, id=12547, stack(0x0000700005930000,0x0000700005a30000)]
  0x00007fe43e814800 JavaThread "Reference Handler" daemon [_thread_blocked, id=12035, stack(0x000070000582d000,0x000070000592d000)]

Other Threads:
  0x00007fe43e03d800 VMThread [stack: 0x000070000572a000,0x000070000582a000] [id=11523]
  0x00007fe43f01c800 WatcherThread [stack: 0x0000700005f42000,0x0000700006042000] [id=19203]

VM state:not at safepoint (normal execution)

VM Mutex/Monitor currently owned by a thread: None

Heap:
 PSYoungGen      total 65536K, used 21765K [0x00000007aab00000, 0x00000007b0880000, 0x00000007c0000000)
  eden space 54272K, 39% used [0x00000007aab00000,0x00000007ac019790,0x00000007ae000000)
  from space 11264K, 1% used [0x00000007ae000000,0x00000007ae028000,0x00000007aeb00000)
  to   space 11264K, 0% used [0x00000007afd80000,0x00000007afd80000,0x00000007b0880000)
 ParOldGen       total 46080K, used 16344K [0x0000000780000000, 0x0000000782d00000, 0x00000007aab00000)
  object space 46080K, 35% used [0x0000000780000000,0x0000000780ff60f8,0x0000000782d00000)
 Metaspace       used 21580K, capacity 21819K, committed 22192K, reserved 1069056K
  class space    used 2114K, capacity 2204K, committed 2304K, reserved 1048576K

Card table byte_map: [0x0000000111362000,0x0000000111563000] byte_map_base: 0x000000010d762000

Marking Bits: (ParMarkBitMap*) 0x00000001108f0d30
 Begin Bits: [0x00000001116b9000, 0x00000001126b9000)
 End Bits:   [0x00000001126b9000, 0x00000001136b9000)

Polling page: 0x000000010f7bf000

CodeCache: size=245760Kb used=9245Kb max_used=10357Kb free=236514Kb
 bounds [0x000000011c337000, 0x000000011cd87000, 0x000000012b337000]
 total_blobs=3467 nmethods=2569 adapters=811
 compilation: enabled

Compilation events (10 events):
Event: 281.068 Thread 0x00007fe43f01f000 3082       3       java.util.HashSet::<init> (16 bytes)
Event: 281.069 Thread 0x00007fe43f01f000 nmethod 3082 0x000000011c499850 code [0x000000011c4999e0, 0x000000011c499df0]
Event: 281.073 Thread 0x00007fe43d83e000 3083   !   4       jogamp.common.util.locks.RecursiveLockImpl01Unfairish::getHoldCount (24 bytes)
Event: 281.074 Thread 0x00007fe43e05e000 3084  s!   4       sun.misc.URLClassPath::getLoader (243 bytes)
Event: 281.084 Thread 0x00007fe43d83e000 nmethod 3083 0x000000011c7c1250 code [0x000000011c7c13a0, 0x000000011c7c1618]
Event: 281.105 Thread 0x00007fe43e05e000 nmethod 3084 0x000000011c7de8d0 code [0x000000011c7dea40, 0x000000011c7df218]
Event: 281.106 Thread 0x00007fe43d83e000 3085  s    4       sun.misc.URLClassPath::getNextLoader (88 bytes)
Event: 281.114 Thread 0x00007fe43d83e000 nmethod 3085 0x000000011c914b10 code [0x000000011c914c80, 0x000000011c9153f8]
Event: 281.135 Thread 0x00007fe43f01f000 3086       1       java.awt.AWTEvent::isConsumed (5 bytes)
Event: 281.135 Thread 0x00007fe43f01f000 nmethod 3086 0x000000011c7e5850 code [0x000000011c7e59a0, 0x000000011c7e5ab0]

GC Heap History (10 events):
Event: 9.401 GC heap before
{Heap before GC invocations=6 (full 0):
 PSYoungGen      total 18944K, used 18912K [0x00000007aab00000, 0x00000007ae000000, 0x00000007c0000000)
  eden space 16384K, 100% used [0x00000007aab00000,0x00000007abb00000,0x00000007abb00000)
  from space 2560K, 98% used [0x00000007abb00000,0x00000007abd78060,0x00000007abd80000)
  to   space 10752K, 0% used [0x00000007ad580000,0x00000007ad580000,0x00000007ae000000)
 ParOldGen       total 44032K, used 18720K [0x0000000780000000, 0x0000000782b00000, 0x00000007aab00000)
  object space 44032K, 42% used [0x0000000780000000,0x00000007812482d0,0x0000000782b00000)
 Metaspace       used 20907K, capacity 21107K, committed 21296K, reserved 1069056K
  class space    used 2074K, capacity 2138K, committed 2176K, reserved 1048576K
Event: 9.413 GC heap after
Heap after GC invocations=6 (full 0):
 PSYoungGen      total 43520K, used 3112K [0x00000007aab00000, 0x00000007ae000000, 0x00000007c0000000)
  eden space 32768K, 0% used [0x00000007aab00000,0x00000007aab00000,0x00000007acb00000)
  from space 10752K, 28% used [0x00000007ad580000,0x00000007ad88a0e0,0x00000007ae000000)
  to   space 10752K, 0% used [0x00000007acb00000,0x00000007acb00000,0x00000007ad580000)
 ParOldGen       total 44032K, used 18728K [0x0000000780000000, 0x0000000782b00000, 0x00000007aab00000)
  object space 44032K, 42% used [0x0000000780000000,0x000000078124a2d0,0x0000000782b00000)
 Metaspace       used 20907K, capacity 21107K, committed 21296K, reserved 1069056K
  class space    used 2074K, capacity 2138K, committed 2176K, reserved 1048576K
}
Event: 9.820 GC heap before
{Heap before GC invocations=7 (full 0):
 PSYoungGen      total 43520K, used 5488K [0x00000007aab00000, 0x00000007ae000000, 0x00000007c0000000)
  eden space 32768K, 7% used [0x00000007aab00000,0x00000007aad51fa8,0x00000007acb00000)
  from space 10752K, 28% used [0x00000007ad580000,0x00000007ad88a0e0,0x00000007ae000000)
  to   space 10752K, 0% used [0x00000007acb00000,0x00000007acb00000,0x00000007ad580000)
 ParOldGen       total 44032K, used 18728K [0x0000000780000000, 0x0000000782b00000, 0x00000007aab00000)
  object space 44032K, 42% used [0x0000000780000000,0x000000078124a2d0,0x0000000782b00000)
 Metaspace       used 20990K, capacity 21211K, committed 21296K, reserved 1069056K
  class space    used 2078K, capacity 2172K, committed 2176K, reserved 1048576K
Event: 9.828 GC heap after
Heap after GC invocations=7 (full 0):
 PSYoungGen      total 43520K, used 2488K [0x00000007aab00000, 0x00000007b0000000, 0x00000007c0000000)
  eden space 32768K, 0% used [0x00000007aab00000,0x00000007aab00000,0x00000007acb00000)
  from space 10752K, 23% used [0x00000007acb00000,0x00000007acd6e0e0,0x00000007ad580000)
  to   space 10752K, 0% used [0x00000007af580000,0x00000007af580000,0x00000007b0000000)
 ParOldGen       total 44032K, used 19401K [0x0000000780000000, 0x0000000782b00000, 0x00000007aab00000)
  object space 44032K, 44% used [0x0000000780000000,0x00000007812f2408,0x0000000782b00000)
 Metaspace       used 20990K, capacity 21211K, committed 21296K, reserved 1069056K
  class space    used 2078K, capacity 2172K, committed 2176K, reserved 1048576K
}
Event: 9.828 GC heap before
{Heap before GC invocations=8 (full 1):
 PSYoungGen      total 43520K, used 2488K [0x00000007aab00000, 0x00000007b0000000, 0x00000007c0000000)
  eden space 32768K, 0% used [0x00000007aab00000,0x00000007aab00000,0x00000007acb00000)
  from space 10752K, 23% used [0x00000007acb00000,0x00000007acd6e0e0,0x00000007ad580000)
  to   space 10752K, 0% used [0x00000007af580000,0x00000007af580000,0x00000007b0000000)
 ParOldGen       total 44032K, used 19401K [0x0000000780000000, 0x0000000782b00000, 0x00000007aab00000)
  object space 44032K, 44% used [0x0000000780000000,0x00000007812f2408,0x0000000782b00000)
 Metaspace       used 20990K, capacity 21211K, committed 21296K, reserved 1069056K
  class space    used 2078K, capacity 2172K, committed 2176K, reserved 1048576K
Event: 9.902 GC heap after
Heap after GC invocations=8 (full 1):
 PSYoungGen      total 43520K, used 0K [0x00000007aab00000, 0x00000007b0000000, 0x00000007c0000000)
  eden space 32768K, 0% used [0x00000007aab00000,0x00000007aab00000,0x00000007acb00000)
  from space 10752K, 0% used [0x00000007acb00000,0x00000007acb00000,0x00000007ad580000)
  to   space 10752K, 0% used [0x00000007af580000,0x00000007af580000,0x00000007b0000000)
 ParOldGen       total 46080K, used 16328K [0x0000000780000000, 0x0000000782d00000, 0x00000007aab00000)
  object space 46080K, 35% used [0x0000000780000000,0x0000000780ff20f8,0x0000000782d00000)
 Metaspace       used 20990K, capacity 21211K, committed 21296K, reserved 1069056K
  class space    used 2078K, capacity 2172K, committed 2176K, reserved 1048576K
}
Event: 17.353 GC heap before
{Heap before GC invocations=9 (full 1):
 PSYoungGen      total 43520K, used 32768K [0x00000007aab00000, 0x00000007b0000000, 0x00000007c0000000)
  eden space 32768K, 100% used [0x00000007aab00000,0x00000007acb00000,0x00000007acb00000)
  from space 10752K, 0% used [0x00000007acb00000,0x00000007acb00000,0x00000007ad580000)
  to   space 10752K, 0% used [0x00000007af580000,0x00000007af580000,0x00000007b0000000)
 ParOldGen       total 46080K, used 16328K [0x0000000780000000, 0x0000000782d00000, 0x00000007aab00000)
  object space 46080K, 35% used [0x0000000780000000,0x0000000780ff20f8,0x0000000782d00000)
 Metaspace       used 21419K, capacity 21659K, committed 21808K, reserved 1069056K
  class space    used 2104K, capacity 2172K, committed 2176K, reserved 1048576K
Event: 17.356 GC heap after
Heap after GC invocations=9 (full 1):
 PSYoungGen      total 54784K, used 128K [0x00000007aab00000, 0x00000007af600000, 0x00000007c0000000)
  eden space 54272K, 0% used [0x00000007aab00000,0x00000007aab00000,0x00000007ae000000)
  from space 512K, 25% used [0x00000007af580000,0x00000007af5a0000,0x00000007af600000)
  to   space 11264K, 0% used [0x00000007ae000000,0x00000007ae000000,0x00000007aeb00000)
 ParOldGen       total 46080K, used 16336K [0x0000000780000000, 0x0000000782d00000, 0x00000007aab00000)
  object space 46080K, 35% used [0x0000000780000000,0x0000000780ff40f8,0x0000000782d00000)
 Metaspace       used 21419K, capacity 21659K, committed 21808K, reserved 1069056K
  class space    used 2104K, capacity 2172K, committed 2176K, reserved 1048576K
}
Event: 29.586 GC heap before
{Heap before GC invocations=10 (full 1):
 PSYoungGen      total 54784K, used 54400K [0x00000007aab00000, 0x00000007af600000, 0x00000007c0000000)
  eden space 54272K, 100% used [0x00000007aab00000,0x00000007ae000000,0x00000007ae000000)
  from space 512K, 25% used [0x00000007af580000,0x00000007af5a0000,0x00000007af600000)
  to   space 11264K, 0% used [0x00000007ae000000,0x00000007ae000000,0x00000007aeb00000)
 ParOldGen       total 46080K, used 16336K [0x0000000780000000, 0x0000000782d00000, 0x00000007aab00000)
  object space 46080K, 35% used [0x0000000780000000,0x0000000780ff40f8,0x0000000782d00000)
 Metaspace       used 21443K, capacity 21723K, committed 21808K, reserved 1069056K
  class space    used 2104K, capacity 2172K, committed 2176K, reserved 1048576K
Event: 29.588 GC heap after
Heap after GC invocations=10 (full 1):
 PSYoungGen      total 65536K, used 160K [0x00000007aab00000, 0x00000007b0880000, 0x00000007c0000000)
  eden space 54272K, 0% used [0x00000007aab00000,0x00000007aab00000,0x00000007ae000000)
  from space 11264K, 1% used [0x00000007ae000000,0x00000007ae028000,0x00000007aeb00000)
  to   space 11264K, 0% used [0x00000007afd80000,0x00000007afd80000,0x00000007b0880000)
 ParOldGen       total 46080K, used 16344K [0x0000000780000000, 0x0000000782d00000, 0x00000007aab00000)
  object space 46080K, 35% used [0x0000000780000000,0x0000000780ff60f8,0x0000000782d00000)
 Metaspace       used 21443K, capacity 21723K, committed 21808K, reserved 1069056K
  class space    used 2104K, capacity 2172K, committed 2176K, reserved 1048576K
}

Deoptimization events (10 events):
Event: 6.662 Thread 0x00007fe43e432800 Uncommon trap: reason=unstable_if action=reinterpret pc=0x000000011c71cfe4 method=java.util.HashMap$HashIterator.<init>(Ljava/util/HashMap;)V @ 38
Event: 6.767 Thread 0x00007fe43e432800 Uncommon trap: reason=unstable_if action=reinterpret pc=0x000000011c759890 method=java.lang.String.trim()Ljava/lang/String; @ 23
Event: 6.925 Thread 0x00007fe43ed46800 Uncommon trap: reason=unstable_if action=reinterpret pc=0x000000011c73da84 method=java.lang.String.regionMatches(ZILjava/lang/String;II)Z @ 123
Event: 8.632 Thread 0x00007fe43e432800 Uncommon trap: reason=unstable_if action=reinterpret pc=0x000000011c9dfd08 method=processing.opengl.PGraphicsOpenGL$TessGeometry.polyIndexCheck(I)V @ 13
Event: 9.965 Thread 0x00007fe43e432800 Uncommon trap: reason=unstable_if action=reinterpret pc=0x000000011cb79204 method=java.util.Vector.indexOf(Ljava/lang/Object;I)I @ 41
Event: 32.569 Thread 0x00007fe43e432800 Uncommon trap: reason=null_check action=maybe_recompile pc=0x000000011caa828c method=sun.misc.FloatingDecimal.readJavaFormatString(Ljava/lang/String;)Lsun/misc/FloatingDecimal$ASCIIToBinaryConverter; @ 5
Event: 281.053 Thread 0x00007fe43e432800 Uncommon trap: reason=unstable_if action=reinterpret pc=0x000000011c918bd0 method=java.awt.EventQueue.getPriority(Ljava/awt/AWTEvent;)I @ 22
Event: 281.068 Thread 0x00007fe43d9c8000 Uncommon trap: reason=unstable_if action=reinterpret pc=0x000000011ca154ec method=java.util.HashMap.putVal(ILjava/lang/Object;Ljava/lang/Object;ZZ)Ljava/lang/Object; @ 81
Event: 281.136 Thread 0x00007fe43e5bb000 Uncommon trap: reason=predicate action=maybe_recompile pc=0x000000011cc02188 method=java.util.Vector.indexOf(Ljava/lang/Object;I)I @ 44
Event: 281.137 Thread 0x00007fe43e929800 Uncommon trap: reason=unstable_if action=reinterpret pc=0x000000011cb123d4 method=java.awt.Font.equals(Ljava/lang/Object;)Z @ 2

Internal exceptions (10 events):
Event: 0.536 Thread 0x00007fe43e005800 Exception <a 'java/io/FileNotFoundException'> (0x00000007aad52d78) thrown at [/Users/java_re/workspace/8-2-build-macosx-x86_64/jdk8u121/8372/hotspot/src/share/vm/prims/jni.cpp, line 709]
Event: 0.536 Thread 0x00007fe43e005800 Exception <a 'java/io/FileNotFoundException'> (0x00000007aad538c8) thrown at [/Users/java_re/workspace/8-2-build-macosx-x86_64/jdk8u121/8372/hotspot/src/share/vm/prims/jni.cpp, line 709]
Event: 0.705 Thread 0x00007fe43e005800 Exception <a 'java/io/FileNotFoundException'> (0x00000007aae8c1e8) thrown at [/Users/java_re/workspace/8-2-build-macosx-x86_64/jdk8u121/8372/hotspot/src/share/vm/prims/jni.cpp, line 709]
Event: 4.221 Thread 0x00007fe43e045800 Exception <a 'java/lang/NullPointerException'> (0x00000007aabd6760) thrown at [/Users/java_re/workspace/8-2-build-macosx-x86_64/jdk8u121/8372/hotspot/src/share/vm/interpreter/linkResolver.cpp, line 1178]
Event: 4.428 Thread 0x00007fe43e966800 Exception <a 'java/lang/UnsatisfiedLinkError': com.jogamp.common.util.JarUtil.fixNativeLibAttribs(Ljava/lang/String;)Z> (0x00000007aaf70920) thrown at [/Users/java_re/workspace/8-2-build-macosx-x86_64/jdk8u121/8372/hotspot/src/share/vm/prims/nativeLookup.
Event: 6.004 Thread 0x00007fe43e432800 Exception <a 'java/io/FileNotFoundException'> (0x00000007ab15e498) thrown at [/Users/java_re/workspace/8-2-build-macosx-x86_64/jdk8u121/8372/hotspot/src/share/vm/prims/jni.cpp, line 709]
Event: 6.004 Thread 0x00007fe43e432800 Exception <a 'java/io/FileNotFoundException'> (0x00000007ab164680) thrown at [/Users/java_re/workspace/8-2-build-macosx-x86_64/jdk8u121/8372/hotspot/src/share/vm/prims/jni.cpp, line 709]
Event: 6.004 Thread 0x00007fe43e432800 Implicit null exception at 0x000000011c4f92f6 to 0x000000011c4f96c5
Event: 6.662 Thread 0x00007fe43e432800 Implicit null exception at 0x000000011c71cd86 to 0x000000011c71cfcd
Event: 32.569 Thread 0x00007fe43e432800 Implicit null exception at 0x000000011caa7611 to 0x000000011caa8281

Events (10 events):
Event: 281.135 loading class java/awt/Toolkit$ToolkitEventMulticaster done
Event: 281.135 Thread 0x00007fe43d9c8000 Thread exited: 0x00007fe43d9c8000
Event: 281.136 Thread 0x00007fe43e5bb000 Uncommon trap: trap_request=0xffffff86 fr.pc=0x000000011cc02188
Event: 281.136 Thread 0x00007fe43e5bb000 DEOPT PACKING pc=0x000000011cc02188 sp=0x00007000067dc7f0
Event: 281.136 Thread 0x00007fe43e5bb000 DEOPT UNPACKING pc=0x000000011c33c229 sp=0x00007000067dc7a0 mode 2
Event: 281.136 loading class java/awt/Window$1DisposeAction
Event: 281.137 Thread 0x00007fe43e929800 Uncommon trap: trap_request=0xffffff65 fr.pc=0x000000011cb123d4
Event: 281.137 Thread 0x00007fe43e929800 DEOPT PACKING pc=0x000000011cb123d4 sp=0x00007000066d7430
Event: 281.137 Thread 0x00007fe43e929800 DEOPT UNPACKING pc=0x000000011c33c229 sp=0x00007000066d73f8 mode 2
Event: 281.137 loading class java/awt/Window$1DisposeAction done


Dynamic libraries:
0x000000004c357000 	/System/Library/Frameworks/Cocoa.framework/Versions/A/Cocoa
0x000000004c357000 	/System/Library/Frameworks/Security.framework/Versions/A/Security
0x000000004c357000 	/System/Library/Frameworks/ApplicationServices.framework/Versions/A/ApplicationServices
0x000000004c357000 	/usr/lib/libz.1.dylib
0x000000004c357000 	/usr/lib/libSystem.B.dylib
0x000000004c357000 	/usr/lib/libobjc.A.dylib
0x000000004c357000 	/System/Library/Frameworks/CoreFoundation.framework/Versions/A/CoreFoundation
0x000000004c357000 	/System/Library/Frameworks/Foundation.framework/Versions/C/Foundation
0x000000004c357000 	/System/Library/Frameworks/AppKit.framework/Versions/C/AppKit
0x000000004c357000 	/System/Library/Frameworks/CoreData.framework/Versions/A/CoreData
0x000000004c357000 	/System/Library/PrivateFrameworks/RemoteViewServices.framework/Versions/A/RemoteViewServices
0x000000004c357000 	/System/Library/PrivateFrameworks/UIFoundation.framework/Versions/A/UIFoundation
0x000000004c357000 	/System/Library/PrivateFrameworks/DFRFoundation.framework/Versions/A/DFRFoundation
0x000000004c357000 	/usr/lib/libenergytrace.dylib
0x000000004c357000 	/System/Library/PrivateFrameworks/SkyLight.framework/Versions/A/SkyLight
0x000000004c357000 	/System/Library/Frameworks/CoreGraphics.framework/Versions/A/CoreGraphics
0x000000004c357000 	/usr/lib/libScreenReader.dylib
0x000000004c357000 	/System/Library/Frameworks/Accelerate.framework/Versions/A/Accelerate
0x000000004c357000 	/System/Library/Frameworks/IOSurface.framework/Versions/A/IOSurface
0x000000004c357000 	/System/Library/Frameworks/AudioToolbox.framework/Versions/A/AudioToolbox
0x000000004c357000 	/System/Library/Frameworks/AudioUnit.framework/Versions/A/AudioUnit
0x000000004c357000 	/System/Library/PrivateFrameworks/DataDetectorsCore.framework/Versions/A/DataDetectorsCore
0x000000004c357000 	/System/Library/PrivateFrameworks/DesktopServicesPriv.framework/Versions/A/DesktopServicesPriv
0x000000004c357000 	/System/Library/Frameworks/Carbon.framework/Versions/A/Frameworks/HIToolbox.framework/Versions/A/HIToolbox
0x000000004c357000 	/usr/lib/libicucore.A.dylib
0x000000004c357000 	/System/Library/Frameworks/QuartzCore.framework/Versions/A/QuartzCore
0x000000004c357000 	/System/Library/Frameworks/Carbon.framework/Versions/A/Frameworks/SpeechRecognition.framework/Versions/A/SpeechRecognition
0x000000004c357000 	/usr/lib/libauto.dylib
0x000000004c357000 	/usr/lib/libxml2.2.dylib
0x000000004c357000 	/System/Library/PrivateFrameworks/CoreUI.framework/Versions/A/CoreUI
0x000000004c357000 	/System/Library/Frameworks/CoreAudio.framework/Versions/A/CoreAudio
0x000000004c357000 	/System/Library/Frameworks/DiskArbitration.framework/Versions/A/DiskArbitration
0x000000004c357000 	/usr/lib/liblangid.dylib
0x000000004c357000 	/System/Library/PrivateFrameworks/MultitouchSupport.framework/Versions/A/MultitouchSupport
0x000000004c357000 	/System/Library/Frameworks/IOKit.framework/Versions/A/IOKit
0x000000004c357000 	/usr/lib/libDiagnosticMessagesClient.dylib
0x000000004c357000 	/System/Library/Frameworks/CoreServices.framework/Versions/A/CoreServices
0x000000004c357000 	/System/Library/PrivateFrameworks/PerformanceAnalysis.framework/Versions/A/PerformanceAnalysis
0x000000004c357000 	/System/Library/PrivateFrameworks/GenerationalStorage.framework/Versions/A/GenerationalStorage
0x000000004c357000 	/System/Library/Frameworks/OpenGL.framework/Versions/A/OpenGL
0x000000004c357000 	/System/Library/Frameworks/CoreImage.framework/Versions/A/CoreImage
0x000000004c357000 	/System/Library/Frameworks/CoreText.framework/Versions/A/CoreText
0x000000004c357000 	/System/Library/Frameworks/ImageIO.framework/Versions/A/ImageIO
0x000000004c357000 	/System/Library/PrivateFrameworks/Backup.framework/Versions/A/Backup
0x000000004c357000 	/usr/lib/libarchive.2.dylib
0x000000004c357000 	/System/Library/Frameworks/CFNetwork.framework/Versions/A/CFNetwork
0x000000004c357000 	/System/Library/Frameworks/SystemConfiguration.framework/Versions/A/SystemConfiguration
0x000000004c357000 	/usr/lib/libCRFSuite.dylib
0x000000004c357000 	/usr/lib/libc++.1.dylib
0x000000004c357000 	/usr/lib/libc++abi.dylib
0x000000004c357000 	/usr/lib/system/libcache.dylib
0x000000004c357000 	/usr/lib/system/libcommonCrypto.dylib
0x000000004c357000 	/usr/lib/system/libcompiler_rt.dylib
0x000000004c357000 	/usr/lib/system/libcopyfile.dylib
0x000000004c357000 	/usr/lib/system/libcorecrypto.dylib
0x000000004c357000 	/usr/lib/system/libdispatch.dylib
0x000000004c357000 	/usr/lib/system/libdyld.dylib
0x000000004c357000 	/usr/lib/system/libkeymgr.dylib
0x000000004c357000 	/usr/lib/system/liblaunch.dylib
0x000000004c357000 	/usr/lib/system/libmacho.dylib
0x000000004c357000 	/usr/lib/system/libquarantine.dylib
0x000000004c357000 	/usr/lib/system/libremovefile.dylib
0x000000004c357000 	/usr/lib/system/libsystem_asl.dylib
0x000000004c357000 	/usr/lib/system/libsystem_blocks.dylib
0x000000004c357000 	/usr/lib/system/libsystem_c.dylib
0x000000004c357000 	/usr/lib/system/libsystem_configuration.dylib
0x000000004c357000 	/usr/lib/system/libsystem_coreservices.dylib
0x000000004c357000 	/usr/lib/system/libsystem_coretls.dylib
0x000000004c357000 	/usr/lib/system/libsystem_dnssd.dylib
0x000000004c357000 	/usr/lib/system/libsystem_info.dylib
0x000000004c357000 	/usr/lib/system/libsystem_kernel.dylib
0x000000004c357000 	/usr/lib/system/libsystem_m.dylib
0x000000004c357000 	/usr/lib/system/libsystem_malloc.dylib
0x000000004c357000 	/usr/lib/system/libsystem_network.dylib
0x000000004c357000 	/usr/lib/system/libsystem_networkextension.dylib
0x000000004c357000 	/usr/lib/system/libsystem_notify.dylib
0x000000004c357000 	/usr/lib/system/libsystem_platform.dylib
0x000000004c357000 	/usr/lib/system/libsystem_pthread.dylib
0x000000004c357000 	/usr/lib/system/libsystem_sandbox.dylib
0x000000004c357000 	/usr/lib/system/libsystem_secinit.dylib
0x000000004c357000 	/usr/lib/system/libsystem_symptoms.dylib
0x000000004c357000 	/usr/lib/system/libsystem_trace.dylib
0x000000004c357000 	/usr/lib/system/libunwind.dylib
0x000000004c357000 	/usr/lib/system/libxpc.dylib
0x000000004c357000 	/usr/lib/libbsm.0.dylib
0x000000004c357000 	/usr/lib/system/libkxld.dylib
0x000000004c357000 	/usr/lib/libcoretls.dylib
0x000000004c357000 	/usr/lib/libcoretls_cfhelpers.dylib
0x000000004c357000 	/usr/lib/libOpenScriptingUtil.dylib
0x000000004c357000 	/usr/lib/libpam.2.dylib
0x000000004c357000 	/usr/lib/libsqlite3.dylib
0x000000004c357000 	/usr/lib/libxar.1.dylib
0x000000004c357000 	/usr/lib/libbz2.1.0.dylib
0x000000004c357000 	/usr/lib/liblzma.5.dylib
0x000000004c357000 	/usr/lib/libnetwork.dylib
0x000000004c357000 	/usr/lib/libpcap.A.dylib
0x000000004c357000 	/System/Library/Frameworks/CoreServices.framework/Versions/A/Frameworks/FSEvents.framework/Versions/A/FSEvents
0x000000004c357000 	/System/Library/Frameworks/CoreServices.framework/Versions/A/Frameworks/CarbonCore.framework/Versions/A/CarbonCore
0x000000004c357000 	/System/Library/Frameworks/CoreServices.framework/Versions/A/Frameworks/Metadata.framework/Versions/A/Metadata
0x000000004c357000 	/System/Library/Frameworks/CoreServices.framework/Versions/A/Frameworks/OSServices.framework/Versions/A/OSServices
0x000000004c357000 	/System/Library/Frameworks/CoreServices.framework/Versions/A/Frameworks/SearchKit.framework/Versions/A/SearchKit
0x000000004c357000 	/System/Library/Frameworks/CoreServices.framework/Versions/A/Frameworks/AE.framework/Versions/A/AE
0x000000004c357000 	/System/Library/Frameworks/CoreServices.framework/Versions/A/Frameworks/LaunchServices.framework/Versions/A/LaunchServices
0x000000004c357000 	/System/Library/Frameworks/CoreServices.framework/Versions/A/Frameworks/DictionaryServices.framework/Versions/A/DictionaryServices
0x000000004c357000 	/System/Library/Frameworks/CoreServices.framework/Versions/A/Frameworks/SharedFileList.framework/Versions/A/SharedFileList
0x000000004c357000 	/System/Library/Frameworks/NetFS.framework/Versions/A/NetFS
0x000000004c357000 	/System/Library/PrivateFrameworks/NetAuth.framework/Versions/A/NetAuth
0x000000004c357000 	/System/Library/PrivateFrameworks/login.framework/Versions/A/Frameworks/loginsupport.framework/Versions/A/loginsupport
0x000000004c357000 	/System/Library/PrivateFrameworks/TCC.framework/Versions/A/TCC
0x000000004c357000 	/usr/lib/libmecabra.dylib
0x000000004c357000 	/System/Library/Frameworks/ApplicationServices.framework/Versions/A/Frameworks/ATS.framework/Versions/A/ATS
0x000000004c357000 	/System/Library/Frameworks/ApplicationServices.framework/Versions/A/Frameworks/ColorSync.framework/Versions/A/ColorSync
0x000000004c357000 	/System/Library/Frameworks/ApplicationServices.framework/Versions/A/Frameworks/HIServices.framework/Versions/A/HIServices
0x000000004c357000 	/System/Library/Frameworks/ApplicationServices.framework/Versions/A/Frameworks/LangAnalysis.framework/Versions/A/LangAnalysis
0x000000004c357000 	/System/Library/Frameworks/ApplicationServices.framework/Versions/A/Frameworks/PrintCore.framework/Versions/A/PrintCore
0x000000004c357000 	/System/Library/Frameworks/ApplicationServices.framework/Versions/A/Frameworks/QD.framework/Versions/A/QD
0x000000004c357000 	/System/Library/Frameworks/ApplicationServices.framework/Versions/A/Frameworks/SpeechSynthesis.framework/Versions/A/SpeechSynthesis
0x000000004c357000 	/System/Library/Frameworks/Accelerate.framework/Versions/A/Frameworks/vImage.framework/Versions/A/vImage
0x000000004c357000 	/System/Library/Frameworks/Accelerate.framework/Versions/A/Frameworks/vecLib.framework/Versions/A/vecLib
0x000000004c357000 	/System/Library/Frameworks/Accelerate.framework/Versions/A/Frameworks/vecLib.framework/Versions/A/libvDSP.dylib
0x000000004c357000 	/System/Library/Frameworks/Accelerate.framework/Versions/A/Frameworks/vecLib.framework/Versions/A/libBNNS.dylib
0x000000004c357000 	/System/Library/Frameworks/Accelerate.framework/Versions/A/Frameworks/vecLib.framework/Versions/A/libQuadrature.dylib
0x000000004c357000 	/System/Library/Frameworks/Accelerate.framework/Versions/A/Frameworks/vecLib.framework/Versions/A/libvMisc.dylib
0x000000004c357000 	/System/Library/Frameworks/Accelerate.framework/Versions/A/Frameworks/vecLib.framework/Versions/A/libLAPACK.dylib
0x000000004c357000 	/System/Library/Frameworks/Accelerate.framework/Versions/A/Frameworks/vecLib.framework/Versions/A/libBLAS.dylib
0x000000004c357000 	/System/Library/Frameworks/Accelerate.framework/Versions/A/Frameworks/vecLib.framework/Versions/A/libLinearAlgebra.dylib
0x000000004c357000 	/System/Library/Frameworks/Accelerate.framework/Versions/A/Frameworks/vecLib.framework/Versions/A/libSparseBLAS.dylib
0x000000004c357000 	/System/Library/Frameworks/ApplicationServices.framework/Versions/A/Frameworks/ATS.framework/Versions/A/Resources/libFontParser.dylib
0x000000004c357000 	/System/Library/Frameworks/ApplicationServices.framework/Versions/A/Frameworks/ATS.framework/Versions/A/Resources/libFontRegistry.dylib
0x000000004c357000 	/System/Library/Frameworks/ImageIO.framework/Versions/A/Resources/libJPEG.dylib
0x000000004c357000 	/System/Library/Frameworks/ImageIO.framework/Versions/A/Resources/libTIFF.dylib
0x000000004c357000 	/System/Library/Frameworks/ImageIO.framework/Versions/A/Resources/libPng.dylib
0x000000004c357000 	/System/Library/Frameworks/ImageIO.framework/Versions/A/Resources/libGIF.dylib
0x000000004c357000 	/System/Library/Frameworks/ImageIO.framework/Versions/A/Resources/libJP2.dylib
0x000000004c357000 	/System/Library/Frameworks/ImageIO.framework/Versions/A/Resources/libRadiance.dylib
0x000000004c357000 	/usr/lib/libcompression.dylib
0x000000004c357000 	/System/Library/PrivateFrameworks/AppleJPEG.framework/Versions/A/AppleJPEG
0x000000004c357000 	/usr/lib/libcups.2.dylib
0x000000004c357000 	/System/Library/Frameworks/Kerberos.framework/Versions/A/Kerberos
0x000000004c357000 	/System/Library/Frameworks/GSS.framework/Versions/A/GSS
0x000000004c357000 	/usr/lib/libresolv.9.dylib
0x000000004c357000 	/usr/lib/libiconv.2.dylib
0x000000004c357000 	/System/Library/PrivateFrameworks/Heimdal.framework/Versions/A/Heimdal
0x000000004c357000 	/usr/lib/libheimdal-asn1.dylib
0x000000004c357000 	/System/Library/Frameworks/OpenDirectory.framework/Versions/A/OpenDirectory
0x000000004c357000 	/System/Library/PrivateFrameworks/CommonAuth.framework/Versions/A/CommonAuth
0x000000004c357000 	/System/Library/Frameworks/OpenDirectory.framework/Versions/A/Frameworks/CFOpenDirectory.framework/Versions/A/CFOpenDirectory
0x000000004c357000 	/System/Library/Frameworks/SecurityFoundation.framework/Versions/A/SecurityFoundation
0x000000004c357000 	/System/Library/PrivateFrameworks/LanguageModeling.framework/Versions/A/LanguageModeling
0x000000004c357000 	/usr/lib/libmarisa.dylib
0x000000004c357000 	/usr/lib/libChineseTokenizer.dylib
0x000000004c357000 	/usr/lib/libcmph.dylib
0x000000004c357000 	/System/Library/PrivateFrameworks/CoreEmoji.framework/Versions/A/CoreEmoji
0x000000004c357000 	/System/Library/Frameworks/ServiceManagement.framework/Versions/A/ServiceManagement
0x000000004c357000 	/usr/lib/libxslt.1.dylib
0x000000004c357000 	/System/Library/Frameworks/Carbon.framework/Versions/A/Frameworks/Ink.framework/Versions/A/Ink
0x000000004c357000 	/System/Library/PrivateFrameworks/TextureIO.framework/Versions/A/TextureIO
0x000000004c357000 	/System/Library/Frameworks/Metal.framework/Versions/A/Metal
0x000000004c357000 	/usr/lib/libate.dylib
0x000000004c357000 	/System/Library/PrivateFrameworks/GPUCompiler.framework/libmetal_timestamp.dylib
0x000000004c357000 	/System/Library/Frameworks/OpenGL.framework/Versions/A/Libraries/libCoreFSCache.dylib
0x000000004c357000 	/System/Library/PrivateFrameworks/IOAccelerator.framework/Versions/A/IOAccelerator
0x000000004c357000 	/System/Library/Frameworks/CoreVideo.framework/Versions/A/CoreVideo
0x000000004c357000 	/usr/lib/libFosl_dynamic.dylib
0x000000004c357000 	/System/Library/PrivateFrameworks/MetalPerformanceShaders.framework/Versions/A/MetalPerformanceShaders
0x000000004c357000 	/System/Library/PrivateFrameworks/FaceCore.framework/Versions/A/FaceCore
0x000000004c357000 	/System/Library/Frameworks/OpenCL.framework/Versions/A/OpenCL
0x000000004c357000 	/System/Library/Frameworks/OpenGL.framework/Versions/A/Libraries/libGLU.dylib
0x000000004c357000 	/System/Library/Frameworks/OpenGL.framework/Versions/A/Libraries/libGFXShared.dylib
0x000000004c357000 	/System/Library/Frameworks/OpenGL.framework/Versions/A/Libraries/libGL.dylib
0x000000004c357000 	/System/Library/Frameworks/OpenGL.framework/Versions/A/Libraries/libGLImage.dylib
0x000000004c357000 	/System/Library/Frameworks/OpenGL.framework/Versions/A/Libraries/libCVMSPluginSupport.dylib
0x000000004c357000 	/System/Library/Frameworks/OpenGL.framework/Versions/A/Libraries/libCoreVMClient.dylib
0x000000004c357000 	/System/Library/PrivateFrameworks/CrashReporterSupport.framework/Versions/A/CrashReporterSupport
0x000000004c357000 	/System/Library/PrivateFrameworks/Sharing.framework/Versions/A/Sharing
0x000000004c357000 	/System/Library/PrivateFrameworks/IconServices.framework/Versions/A/IconServices
0x000000004c357000 	/System/Library/PrivateFrameworks/ProtocolBuffer.framework/Versions/A/ProtocolBuffer
0x000000004c357000 	/System/Library/PrivateFrameworks/Apple80211.framework/Versions/A/Apple80211
0x000000004c357000 	/System/Library/Frameworks/CoreWLAN.framework/Versions/A/CoreWLAN
0x000000004c357000 	/System/Library/PrivateFrameworks/CoreUtils.framework/Versions/A/CoreUtils
0x000000004c357000 	/System/Library/Frameworks/IOBluetooth.framework/Versions/A/IOBluetooth
0x000000004c357000 	/System/Library/PrivateFrameworks/CoreWiFi.framework/Versions/A/CoreWiFi
0x000000004c357000 	/System/Library/Frameworks/CoreBluetooth.framework/Versions/A/CoreBluetooth
0x000000004c357000 	/System/Library/Frameworks/CoreDisplay.framework/Versions/A/CoreDisplay
0x000000004c357000 	/System/Library/PrivateFrameworks/IOPresentment.framework/Versions/A/IOPresentment
0x000000004c357000 	/System/Library/PrivateFrameworks/DSExternalDisplay.framework/Versions/A/DSExternalDisplay
0x000000004c357000 	/System/Library/PrivateFrameworks/DebugSymbols.framework/Versions/A/DebugSymbols
0x000000004c357000 	/System/Library/PrivateFrameworks/CoreSymbolication.framework/Versions/A/CoreSymbolication
0x000000004c357000 	/System/Library/PrivateFrameworks/Symbolication.framework/Versions/A/Symbolication
0x000000004c357000 	/System/Library/PrivateFrameworks/AppleFSCompression.framework/Versions/A/AppleFSCompression
0x000000004c357000 	/System/Library/PrivateFrameworks/SpeechRecognitionCore.framework/Versions/A/SpeechRecognitionCore
0x000000004c357000 	/System/Library/PrivateFrameworks/ChunkingLibrary.framework/Versions/A/ChunkingLibrary
0x0000000110000000 	/Library/Java/JavaVirtualMachines/jdk1.8.0_121.jdk/Contents/Home/jre/lib/server/libjvm.dylib
0x000000004c357000 	/usr/lib/libstdc++.6.dylib
0x000000010f77c000 	/Library/Java/JavaVirtualMachines/jdk1.8.0_121.jdk/Contents/Home/jre/lib/libverify.dylib
0x000000010f78a000 	/Library/Java/JavaVirtualMachines/jdk1.8.0_121.jdk/Contents/Home/jre/lib/libjava.dylib
0x000000010f7c9000 	/Library/Java/JavaVirtualMachines/jdk1.8.0_121.jdk/Contents/Home/jre/lib/libzip.dylib
0x0000000115388000 	/System/Library/Frameworks/JavaVM.framework/Frameworks/JavaRuntimeSupport.framework/JavaRuntimeSupport
0x000000010f7e7000 	/System/Library/Frameworks/JavaVM.framework/Versions/A/Frameworks/JavaNativeFoundation.framework/Versions/A/JavaNativeFoundation
0x00000001153a2000 	/System/Library/Frameworks/JavaVM.framework/Versions/A/JavaVM
0x000000004c357000 	/System/Library/Frameworks/Carbon.framework/Versions/A/Carbon
0x00000001153af000 	/System/Library/PrivateFrameworks/JavaLaunching.framework/Versions/A/JavaLaunching
0x000000004c357000 	/System/Library/Frameworks/Carbon.framework/Versions/A/Frameworks/CommonPanels.framework/Versions/A/CommonPanels
0x000000004c357000 	/System/Library/Frameworks/Carbon.framework/Versions/A/Frameworks/Help.framework/Versions/A/Help
0x000000004c357000 	/System/Library/Frameworks/Carbon.framework/Versions/A/Frameworks/ImageCapture.framework/Versions/A/ImageCapture
0x000000004c357000 	/System/Library/Frameworks/Carbon.framework/Versions/A/Frameworks/OpenScripting.framework/Versions/A/OpenScripting
0x000000004c357000 	/System/Library/Frameworks/Carbon.framework/Versions/A/Frameworks/Print.framework/Versions/A/Print
0x000000004c357000 	/System/Library/Frameworks/Carbon.framework/Versions/A/Frameworks/SecurityHI.framework/Versions/A/SecurityHI
0x0000000116cbf000 	/Library/Java/JavaVirtualMachines/jdk1.8.0_121.jdk/Contents/Home/jre/lib/libawt.dylib
0x0000000116d67000 	/Library/Java/JavaVirtualMachines/jdk1.8.0_121.jdk/Contents/Home/jre/lib/./libmlib_image.dylib
0x0000000116e33000 	/Library/Java/JavaVirtualMachines/jdk1.8.0_121.jdk/Contents/Home/jre/lib/libawt_lwawt.dylib
0x0000000116eea000 	/Library/Java/JavaVirtualMachines/jdk1.8.0_121.jdk/Contents/Home/jre/lib/./libosxapp.dylib
0x000000004c357000 	/System/Library/Frameworks/ExceptionHandling.framework/Versions/A/ExceptionHandling
0x000000004c357000 	/System/Library/PrivateFrameworks/CoreServicesInternal.framework/Versions/A/CoreServicesInternal
0x000000004c357000 	/System/Library/CoreServices/RawCamera.bundle/Contents/MacOS/RawCamera
0x000000004c357000 	/System/Library/Frameworks/Accelerate.framework/Versions/A/Frameworks/vImage.framework/Versions/A/Libraries/libCGInterfaces.dylib
0x000000004c357000 	/System/Library/Frameworks/ApplicationServices.framework/Versions/A/Frameworks/ATS.framework/Versions/A/Resources/libTrueTypeScaler.dylib
0x0000000118b11000 	/System/Library/Frameworks/OpenGL.framework/Resources/GLEngine.bundle/GLEngine
0x000000004c357000 	/System/Library/Frameworks/OpenGL.framework/Versions/A/Libraries/libGLProgrammability.dylib
0x0000000118cf6000 	/System/Library/Extensions/AppleIntelHD5000GraphicsGLDriver.bundle/Contents/MacOS/AppleIntelHD5000GraphicsGLDriver
0x000000004c357000 	/System/Library/PrivateFrameworks/GPUSupport.framework/Versions/A/Libraries/libGPUSupportMercury.dylib
0x0000000117c2a000 	/System/Library/Frameworks/OpenGL.framework/Resources//GLRendererFloat.bundle/GLRendererFloat
0x000000004c357000 	/System/Library/Frameworks/OpenCL.framework/Versions/A/Libraries/libcldcpuengine.dylib
0x000000004c357000 	/usr/lib/libcrypto.0.9.8.dylib
0x000000004c357000 	/System/Library/PrivateFrameworks/TrustEvaluationAgent.framework/Versions/A/TrustEvaluationAgent
0x0000000119464000 	/System/Library/Extensions/AppleIntelHD5000GraphicsMTLDriver.bundle/Contents/MacOS/AppleIntelHD5000GraphicsMTLDriver
0x000000004c357000 	/System/Library/PrivateFrameworks/FamilyControls.framework/Versions/A/FamilyControls
0x000000004c357000 	/System/Library/PrivateFrameworks/CommerceKit.framework/Versions/A/Frameworks/CommerceCore.framework/Versions/A/CommerceCore
0x000000004c357000 	/System/Library/PrivateFrameworks/SystemAdministration.framework/Versions/A/SystemAdministration
0x000000004c357000 	/System/Library/PrivateFrameworks/AppContainer.framework/Versions/A/AppContainer
0x000000004c357000 	/System/Library/PrivateFrameworks/SecCodeWrapper.framework/Versions/A/SecCodeWrapper
0x000000004c357000 	/System/Library/Frameworks/DirectoryService.framework/Versions/A/DirectoryService
0x000000004c357000 	/System/Library/PrivateFrameworks/DiskImages.framework/Versions/A/DiskImages
0x000000004c357000 	/System/Library/PrivateFrameworks/LoginUIKit.framework/Versions/A/Frameworks/LoginUICore.framework/Versions/A/LoginUICore
0x000000004c357000 	/usr/lib/libCoreStorage.dylib
0x000000004c357000 	/usr/lib/libcsfde.dylib
0x000000004c357000 	/usr/lib/libodfde.dylib
0x000000004c357000 	/System/Library/Frameworks/DiscRecording.framework/Versions/A/DiscRecording
0x000000004c357000 	/usr/lib/libcurl.4.dylib
0x000000004c357000 	/System/Library/PrivateFrameworks/MediaKit.framework/Versions/A/MediaKit
0x000000004c357000 	/System/Library/PrivateFrameworks/ProtectedCloudStorage.framework/Versions/A/ProtectedCloudStorage
0x000000004c357000 	/System/Library/PrivateFrameworks/EFILogin.framework/Versions/A/EFILogin
0x000000004c357000 	/usr/lib/libutil.dylib
0x000000004c357000 	/System/Library/Frameworks/LDAP.framework/Versions/A/LDAP
0x000000004c357000 	/usr/lib/libsasl2.2.dylib
0x000000004c357000 	/System/Library/PrivateFrameworks/CoreDaemon.framework/Versions/B/CoreDaemon
0x000000004c357000 	/System/Library/PrivateFrameworks/AppleSRP.framework/Versions/A/AppleSRP
0x000000004c357000 	/System/Library/PrivateFrameworks/APFS.framework/Versions/A/APFS
0x000000011af95000 	/Library/Java/JavaVirtualMachines/jdk1.8.0_121.jdk/Contents/Home/jre/lib/libfontmanager.dylib
0x000000004c357000 	/System/Library/PrivateFrameworks/ViewBridge.framework/Versions/A/ViewBridge
0x000000004c357000 	/System/Library/PrivateFrameworks/XPCService.framework/Versions/A/XPCService
0x000000004c357000 	/System/Library/PrivateFrameworks/AppSandbox.framework/Versions/A/AppSandbox
0x000000004c357000 	/usr/lib/libsandbox.1.dylib
0x000000004c357000 	/usr/lib/libMatch.1.dylib
0x000000011c11d000 	/Library/Java/JavaVirtualMachines/jdk1.8.0_121.jdk/Contents/Home/jre/lib/libosxui.dylib
0x000000011c239000 	/Library/Java/JavaVirtualMachines/jdk1.8.0_121.jdk/Contents/Home/jre/lib/libnet.dylib
0x000000011c250000 	/Library/Java/JavaVirtualMachines/jdk1.8.0_121.jdk/Contents/Home/jre/lib/libnio.dylib
0x000000019459e000 	/private/var/folders/z5/dkh_k18x6bn8z6w6jj1k7pqm0000gn/T/jogamp_0000/file_cache/jln2967756817996014321/jln3640247493311861136/libgluegen-rt.jnilib
0x000000011c0a1000 	/private/var/folders/z5/dkh_k18x6bn8z6w6jj1k7pqm0000gn/T/jogamp_0000/file_cache/jln2967756817996014321/jln3640247493311861136/libnativewindow_awt.jnilib
0x000000011c1e4000 	/Library/Java/JavaVirtualMachines/jdk1.8.0_121.jdk/Contents/Home/jre/lib/libjawt.dylib
0x00000001945a2000 	/private/var/folders/z5/dkh_k18x6bn8z6w6jj1k7pqm0000gn/T/jogamp_0000/file_cache/jln2967756817996014321/jln3640247493311861136/libnativewindow_macosx.jnilib
0x00000001949bc000 	/private/var/folders/z5/dkh_k18x6bn8z6w6jj1k7pqm0000gn/T/jogamp_0000/file_cache/jln2967756817996014321/jln3640247493311861136/libjogl_desktop.jnilib
0x0000000198adb000 	/Library/Java/JavaVirtualMachines/jdk1.8.0_121.jdk/Contents/Home/jre/lib/libt2k.dylib

VM Arguments:
jvm_args: -Djava.security.policy=java.policy.applet -Dfile.encoding=MacRoman 
java_command: sun.applet.AppletViewer module6.EarthquakeCityMap1523918972191.html
java_class_path (initial): /Users/Mac/Documents/workspace/UCSDUnfoldingMaps/build:/Users/Mac/Documents/workspace/UCSDUnfoldingMaps/lib/core.jar:/Users/Mac/Documents/workspace/UCSDUnfoldingMaps/lib/gluegen-rt.jar:/Users/Mac/Documents/workspace/UCSDUnfoldingMaps/lib/jogl-all.jar:/Users/Mac/Documents/workspace/UCSDUnfoldingMaps/lib/log4j-1.2.15.jar:/Users/Mac/Documents/workspace/UCSDUnfoldingMaps/lib/sqlite-jdbc-3.7.2.jar:/Users/Mac/Documents/workspace/UCSDUnfoldingMaps/lib/json4processing.jar:/Users/Mac/Documents/workspace/UCSDUnfoldingMaps/lib/libTUIO.jar:/Users/Mac/Documents/workspace/UCSDUnfoldingMaps/lib/unfolding.0.9.7-uscd.jar
Launcher Type: SUN_STANDARD

Environment Variables:
PATH=/Library/Frameworks/Python.framework/Versions/3.6/bin:/usr/local/bin:/usr/bin:/bin:/usr/sbin:/sbin:/opt/X11/bin:/Library/Frameworks/Mono.framework/Versions/Current/Commands:/Library/TeX/texbin
SHELL=/bin/bash
DISPLAY=/private/tmp/com.apple.launchd.BfoSnAz3r8/org.macosforge.xquartz:0

Signal Handlers:
SIGSEGV: [libjvm.dylib+0x5b1141], sa_mask[0]=11111111011111110111111111111111, sa_flags=SA_ONSTACK|SA_RESTART|SA_SIGINFO
SIGBUS: [libjvm.dylib+0x5b1141], sa_mask[0]=11111111011111110111111111111111, sa_flags=SA_RESTART|SA_SIGINFO
SIGFPE: [libjvm.dylib+0x487bc4], sa_mask[0]=11111111011111110111111111111111, sa_flags=SA_RESTART|SA_SIGINFO
SIGPIPE: [libjvm.dylib+0x487bc4], sa_mask[0]=11111111011111110111111111111111, sa_flags=SA_RESTART|SA_SIGINFO
SIGXFSZ: [libjvm.dylib+0x487bc4], sa_mask[0]=11111111011111110111111111111111, sa_flags=SA_RESTART|SA_SIGINFO
SIGILL: [libjvm.dylib+0x487bc4], sa_mask[0]=11111111011111110111111111111111, sa_flags=SA_RESTART|SA_SIGINFO
SIGUSR1: SIG_DFL, sa_mask[0]=11011111011111100000000111000110, sa_flags=none
SIGUSR2: [libjvm.dylib+0x4876e2], sa_mask[0]=00100000000000000000000000000000, sa_flags=SA_RESTART|SA_SIGINFO
SIGHUP: [libjvm.dylib+0x485cb9], sa_mask[0]=11111111011111110111111111111111, sa_flags=SA_RESTART|SA_SIGINFO
SIGINT: [libjvm.dylib+0x485cb9], sa_mask[0]=11111111011111110111111111111111, sa_flags=SA_RESTART|SA_SIGINFO
SIGTERM: [libjvm.dylib+0x485cb9], sa_mask[0]=11111111011111110111111111111111, sa_flags=SA_RESTART|SA_SIGINFO
SIGQUIT: [libjvm.dylib+0x485cb9], sa_mask[0]=11111111011111110111111111111111, sa_flags=SA_RESTART|SA_SIGINFO


---------------  S Y S T E M  ---------------

OS:Bsduname:Darwin 16.7.0 Darwin Kernel Version 16.7.0: Thu Jan 11 22:59:40 PST 2018; root:xnu-3789.73.8~1/RELEASE_X86_64 x86_64
rlimit: STACK 8192k, CORE 0k, NPROC 709, NOFILE 10240, AS infinity
load average:2.05 2.19 2.31

CPU:total 4 (2 cores per cpu, 2 threads per core) family 6 model 69 stepping 1, cmov, cx8, fxsr, mmx, sse, sse2, sse3, ssse3, sse4.1, sse4.2, popcnt, avx, avx2, aes, clmul, erms, lzcnt, ht, tsc, tscinvbit, bmi1, bmi2

Memory: 4k page, physical 4194304k(24268k free)

/proc/meminfo:


vm_info: Java HotSpot(TM) 64-Bit Server VM (25.121-b13) for bsd-amd64 JRE (1.8.0_121-b13), built on Dec 12 2016 20:39:32 by "java_re" with gcc 4.2.1 (Based on Apple Inc. build 5658) (LLVM build 2336.11.00)

time: Mon Apr 16 15:54:13 2018
elapsed time: 281 seconds (0d 0h 4m 41s)

