#
# A fatal error has been detected by the Java Runtime Environment:
#
#  SIGSEGV (0xb) at pc=0x00007fffd65f048f, pid=6017, tid=0x0000000000000307
#
# JRE version: Java(TM) SE Runtime Environment (8.0_121-b13) (build 1.8.0_121-b13)
# Java VM: Java HotSpot(TM) 64-Bit Server VM (25.121-b13 mixed mode bsd-amd64 compressed oops)
# Problematic frame:
# C  [libobjc.A.dylib+0x948f]  objc_release+0xf
#
# Failed to write core dump. Core dumps have been disabled. To enable core dumping, try "ulimit -c unlimited" before starting Java again
#
# If you would like to submit a bug report, please visit:
#   http://bugreport.java.com/bugreport/crash.jsp
# The crash happened outside the Java Virtual Machine in native code.
# See problematic frame for where to report the bug.
#

---------------  T H R E A D  ---------------

Current thread (0x00007fc4040b6000):  JavaThread "AWT-AppKit" daemon [_thread_in_native, id=775, stack(0x00007fff56444000,0x00007fff56c44000)]

siginfo: si_signo: 11 (SIGSEGV), si_code: 0 (unknown), si_addr: 0x0000000000000000

Registers:
RAX=0x0000000000000008, RBX=0x0000000000000000, RCX=0x0000000000000003, RDX=0x00007fc408c1aa78
RSP=0x00007fff56c3f110, RBP=0x00007fff56c3f110, RSI=0x000000010eeb3fb0, RDI=0x600007fc408c3dc2
R8 =0x0000000000000001, R9 =0x000000000000000a, R10=0x000000018de61840, R11=0x00007fc403ee37c0
R12=0x0000000000000000, R13=0x000000018fb374f0, R14=0x00007fc408c19550, R15=0x00007fc4040b6000
RIP=0x00007fffd65f048f, EFLAGS=0x0000000000010246, ERR=0x0000000000000000
  TRAPNO=0x000000000000000d

Top of Stack: (sp=0x00007fff56c3f110)
0x00007fff56c3f110:   00007fff56c3f140 000000010ee3c01b
0x00007fff56c3f120:   0000000043e10000 000000018de61450
0x00007fff56c3f130:   000000018de61440 00007fc4040b6000
0x00007fff56c3f140:   00007fff56c3f200 000000018de5f215
0x00007fff56c3f150:   000000018de61700 000000018de616e0
0x00007fff56c3f160:   000000018de614b0 0000000000000000
0x00007fff56c3f170:   000000018fb374f0 000000018fb374f0
0x00007fff56c3f180:   00007fc408c1aa70 000000018de616a0
0x00007fff56c3f190:   000000018de61710 00007fffdc6546d0
0x00007fff56c3f1a0:   00007fffdd2841e0 000000018de61450
0x00007fff56c3f1b0:   000000018de61690 00007fc408c1aa70
0x00007fff56c3f1c0:   00007fc408c19550 00007fc402c66b60
0x00007fff56c3f1d0:   00007fc408c1aa70 00007fc408c19550
0x00007fff56c3f1e0:   00007fff56c3f288 00007fc4040b61f8
0x00007fff56c3f1f0:   000000018fb374f0 00007fff56c3f2b0
0x00007fff56c3f200:   00007fff56c3f278 000000010f6129f4
0x00007fff56c3f210:   000000018fb374f0 00007fff56c3f2b0
0x00007fff56c3f220:   00007fff56c3f278 000000010f612787
0x00007fff56c3f230:   000000010f612742 00007fff56c3f238
0x00007fff56c3f240:   000000018fb374f0 00007fff56c3f2b0
0x00007fff56c3f250:   000000018fb3a128 0000000000000000
0x00007fff56c3f260:   000000018fb374f0 0000000000000000
0x00007fff56c3f270:   00007fff56c3f298 00007fff56c3f2f8
0x00007fff56c3f280:   000000010f6032bd 00000007806188f0
0x00007fff56c3f290:   000000010f60c538 00007fc408c1aa70
0x00007fff56c3f2a0:   00007fff56c3f2f8 00007fc408c19550
0x00007fff56c3f2b0:   000000010f60de02 00007fff56c3f2b8
0x00007fff56c3f2c0:   000000018fb376ba 00007fff56c3f320
0x00007fff56c3f2d0:   000000018fb3a128 0000000000000000
0x00007fff56c3f2e0:   000000018fb376c8 00007fff56c3f298
0x00007fff56c3f2f0:   00007fff56c3f308 00007fff56c3f368
0x00007fff56c3f300:   000000010f6032bd 00007fc408c1aa70 

Instructions: (pc=0x00007fffd65f048f)
0x00007fffd65f046f:   e9 38 54 00 00 90 90 90 90 90 90 90 90 90 90 90
0x00007fffd65f047f:   90 55 48 89 e5 48 85 ff 74 67 40 f6 c7 01 75 61
0x00007fffd65f048f:   48 8b 07 48 b9 f8 ff ff ff ff 7f 00 00 48 21 c1
0x00007fffd65f049f:   f6 41 20 02 74 58 a8 01 74 49 48 b9 00 00 00 00 

Register to memory mapping:

RAX=0x0000000000000008 is an unknown value
RBX=0x0000000000000000 is an unknown value
RCX=0x0000000000000003 is an unknown value
RDX=0x00007fc408c1aa78 is an unknown value
RSP=0x00007fff56c3f110 is pointing into the stack for thread: 0x00007fc4040b6000
RBP=0x00007fff56c3f110 is pointing into the stack for thread: 0x00007fc4040b6000
RSI=0x000000010eeb3fb0: OBJC_IVAR_$_PrinterView.fCurPeekGraphics+0x1ad0 in /Library/Java/JavaVirtualMachines/jdk1.8.0_121.jdk/Contents/Home/jre/lib/libawt_lwawt.dylib at 0x000000010ee37000
RDI=0x600007fc408c3dc2 is an unknown value
R8 =0x0000000000000001 is an unknown value
R9 =0x000000000000000a is an unknown value
R10=0x000000018de61840: OBJC_CLASS_$_MyCALayer+0 in /private/var/folders/z5/dkh_k18x6bn8z6w6jj1k7pqm0000gn/T/jogamp_0000/file_cache/jln2620654492963931587/jln5781253669271574388/libnativewindow_macosx.jnilib at 0x000000018de5a000
R11=0x00007fc403ee37c0 is an unknown value
R12=0x0000000000000000 is an unknown value
R13={method} {0x000000018fb374f0} 'UnsetJAWTRootSurfaceLayer0' '(JJ)V' in 'jogamp/nativewindow/jawt/macosx/MacOSXJAWTWindow'
R14=0x00007fc408c19550 is an unknown value
R15=0x00007fc4040b6000 is a thread


Stack: [0x00007fff56444000,0x00007fff56c44000],  sp=0x00007fff56c3f110,  free space=8172k
Native frames: (J=compiled Java code, j=interpreted, Vv=VM code, C=native code)
C  [libobjc.A.dylib+0x948f]  objc_release+0xf
C  [libawt_lwawt.dylib+0x501b]  -[AWTSurfaceLayers setLayer:]+0x54
C  [libnativewindow_macosx.jnilib+0x5215]  Java_jogamp_nativewindow_jawt_macosx_MacOSXJAWTWindow_UnsetJAWTRootSurfaceLayer0+0x1a5
j  jogamp.nativewindow.jawt.macosx.MacOSXJAWTWindow.UnsetJAWTRootSurfaceLayer0(JJ)V+0
j  jogamp.nativewindow.jawt.macosx.MacOSXJAWTWindow.access$200(JJ)V+2
j  jogamp.nativewindow.jawt.macosx.MacOSXJAWTWindow$1.run()V+38
J 2688 C1 com.jogamp.common.util.RunnableTask.run()V (345 bytes) @ 0x000000010fe0c4b4 [0x000000010fe0c320+0x194]
v  ~StubRoutines::call_stub
V  [libjvm.dylib+0x2ed9d6]  JavaCalls::call_helper(JavaValue*, methodHandle*, JavaCallArguments*, Thread*)+0x6ae
V  [libjvm.dylib+0x324b65]  jni_invoke_nonstatic(JNIEnv_*, JavaValue*, _jobject*, JNICallType, _jmethodID*, JNI_ArgumentPusher*, Thread*)+0x2ec
V  [libjvm.dylib+0x317333]  jni_CallVoidMethod+0x16b
C  [libnativewindow_macosx.jnilib+0x5326]  Java_jogamp_nativewindow_jawt_macosx_MacOSXJAWTWindow_UnsetJAWTRootSurfaceLayer0+0x2b6
C  [Foundation+0x7152a]  __NSThreadPerformPerform+0x146
C  [CoreFoundation+0xa7321]  __CFRUNLOOP_IS_CALLING_OUT_TO_A_SOURCE0_PERFORM_FUNCTION__+0x11
C  [CoreFoundation+0x8821d]  __CFRunLoopDoSources0+0x22d
C  [CoreFoundation+0x87716]  __CFRunLoopRun+0x3a6
C  [CoreFoundation+0x87114]  CFRunLoopRunSpecific+0x1a4
C  [HIToolbox+0x30ebc]  RunCurrentEventLoopInMode+0xf0
C  [HIToolbox+0x30bf9]  ReceiveNextEventCommon+0xb8
C  [HIToolbox+0x30b26]  _BlockUntilNextEventMatchingListInModeWithFilter+0x47
C  [AppKit+0x46a54]  _DPSNextEvent+0x460
C  [AppKit+0x7c27ee]  -[NSApplication(NSEvent) _nextEventMatchingEventMask:untilDate:inMode:dequeue:]+0xaec
C  [libosxapp.dylib+0x23aa]  -[NSApplicationAWT nextEventMatchingMask:untilDate:inMode:dequeue:]+0x7c
C  [AppKit+0x3b3db]  -[NSApplication run]+0x39e
C  [libosxapp.dylib+0x214d]  +[NSApplicationAWT runAWTLoopWithApp:]+0x9c
C  [libawt_lwawt.dylib+0x45ff7]  -[AWTStarter starter:]+0x389
C  [Foundation+0x7152a]  __NSThreadPerformPerform+0x146
C  [CoreFoundation+0xa7321]  __CFRUNLOOP_IS_CALLING_OUT_TO_A_SOURCE0_PERFORM_FUNCTION__+0x11
C  [CoreFoundation+0x8821d]  __CFRunLoopDoSources0+0x22d
C  [CoreFoundation+0x87716]  __CFRunLoopRun+0x3a6
C  [CoreFoundation+0x87114]  CFRunLoopRunSpecific+0x1a4
C  [java+0x6465]  CreateExecutionEnvironment+0x367
C  [java+0x218c]  JLI_Launch+0x7a0
C  [java+0x84c2]  main+0x65
C  [java+0x19e4]  start+0x34
C  0x0000000000000007

Java frames: (J=compiled Java code, j=interpreted, Vv=VM code)
j  jogamp.nativewindow.jawt.macosx.MacOSXJAWTWindow.UnsetJAWTRootSurfaceLayer0(JJ)V+0
j  jogamp.nativewindow.jawt.macosx.MacOSXJAWTWindow.access$200(JJ)V+2
j  jogamp.nativewindow.jawt.macosx.MacOSXJAWTWindow$1.run()V+38
J 2688 C1 com.jogamp.common.util.RunnableTask.run()V (345 bytes) @ 0x000000010fe0c4b4 [0x000000010fe0c320+0x194]
v  ~StubRoutines::call_stub

---------------  P R O C E S S  ---------------

Java Threads: ( => current thread )
  0x00007fc403ba4000 JavaThread "Thread-123" [_thread_blocked, id=36967, stack(0x0000700009318000,0x0000700009418000)]
  0x00007fc40340d800 JavaThread "Keep-Alive-Timer" daemon [_thread_blocked, id=74291, stack(0x000070000951e000,0x000070000961e000)]
  0x00007fc40a4cc000 JavaThread "Image Fetcher 3" daemon [_thread_blocked, id=71663, stack(0x0000700009aad000,0x0000700009bad000)]
  0x00007fc4099dc800 JavaThread "Image Fetcher 2" daemon [_thread_blocked, id=74519, stack(0x0000700009215000,0x0000700009315000)]
  0x00007fc40974b800 JavaThread "Image Fetcher 1" daemon [_thread_blocked, id=72751, stack(0x00007000098a7000,0x00007000099a7000)]
  0x00007fc40a349000 JavaThread "Image Fetcher 0" daemon [_thread_blocked, id=42119, stack(0x00007000097a4000,0x00007000098a4000)]
  0x00007fc404a2c800 JavaThread "AWT-EventQueue-1" [_thread_in_native, id=68655, stack(0x000070000908f000,0x000070000918f000)]
  0x00007fc4041f2000 JavaThread "DestroyJavaVM" [_thread_blocked, id=7171, stack(0x0000700007a47000,0x0000700007b47000)]
  0x00007fc404191800 JavaThread "AWT-EventQueue-0" [_thread_blocked, id=66587, stack(0x0000700008e89000,0x0000700008f89000)]
  0x00007fc404a0b800 JavaThread "Java2D Disposer" daemon [_thread_blocked, id=56847, stack(0x0000700008c00000,0x0000700008d00000)]
  0x00007fc4031f0800 JavaThread "Java2D Queue Flusher" daemon [_thread_in_native, id=54791, stack(0x0000700008afd000,0x0000700008bfd000)]
  0x00007fc403850000 JavaThread "AWT-Shutdown" [_thread_blocked, id=29727, stack(0x00007000088f4000,0x00007000089f4000)]
=>0x00007fc4040b6000 JavaThread "AWT-AppKit" daemon [_thread_in_native, id=775, stack(0x00007fff56444000,0x00007fff56c44000)]
  0x00007fc403042000 JavaThread "Service Thread" daemon [_thread_blocked, id=18691, stack(0x000070000866b000,0x000070000876b000)]
  0x00007fc40382d800 JavaThread "C1 CompilerThread2" daemon [_thread_blocked, id=18179, stack(0x0000700008568000,0x0000700008668000)]
  0x00007fc40382d000 JavaThread "C2 CompilerThread1" daemon [_thread_blocked, id=17667, stack(0x0000700008465000,0x0000700008565000)]
  0x00007fc40382b000 JavaThread "C2 CompilerThread0" daemon [_thread_blocked, id=17155, stack(0x0000700008362000,0x0000700008462000)]
  0x00007fc403828000 JavaThread "Signal Dispatcher" daemon [_thread_blocked, id=16643, stack(0x000070000825f000,0x000070000835f000)]
  0x00007fc404007000 JavaThread "Finalizer" daemon [_thread_blocked, id=12547, stack(0x000070000815c000,0x000070000825c000)]
  0x00007fc403825000 JavaThread "Reference Handler" daemon [_thread_blocked, id=12035, stack(0x0000700008059000,0x0000700008159000)]

Other Threads:
  0x00007fc40302c000 VMThread [stack: 0x0000700007f56000,0x0000700008056000] [id=11523]
  0x00007fc40306a800 WatcherThread [stack: 0x000070000876e000,0x000070000886e000] [id=19203]

VM state:not at safepoint (normal execution)

VM Mutex/Monitor currently owned by a thread: None

Heap:
 PSYoungGen      total 92160K, used 28944K [0x00000007aab00000, 0x00000007b3480000, 0x00000007c0000000)
  eden space 73728K, 27% used [0x00000007aab00000,0x00000007abe77f20,0x00000007af300000)
  from space 18432K, 48% used [0x00000007af300000,0x00000007afbcc2c0,0x00000007b0500000)
  to   space 21504K, 0% used [0x00000007b1f80000,0x00000007b1f80000,0x00000007b3480000)
 ParOldGen       total 80896K, used 35721K [0x0000000780000000, 0x0000000784f00000, 0x00000007aab00000)
  object space 80896K, 44% used [0x0000000780000000,0x00000007822e2640,0x0000000784f00000)
 Metaspace       used 24922K, capacity 25185K, committed 25392K, reserved 1073152K
  class space    used 2466K, capacity 2575K, committed 2608K, reserved 1048576K

Card table byte_map: [0x000000010ad62000,0x000000010af63000] byte_map_base: 0x0000000107162000

Marking Bits: (ParMarkBitMap*) 0x000000010a2f0d30
 Begin Bits: [0x000000010af63000, 0x000000010bf63000)
 End Bits:   [0x000000010bf63000, 0x000000010cf63000)

Polling page: 0x000000010907c000

CodeCache: size=245760Kb used=10011Kb max_used=10017Kb free=235748Kb
 bounds [0x000000010f5fb000, 0x000000010ffdb000, 0x000000011e5fb000]
 total_blobs=3998 nmethods=3064 adapters=847
 compilation: enabled

Compilation events (10 events):
Event: 23.264 Thread 0x00007fc40382b000 3542       4       java.nio.ByteBuffer::order (48 bytes)
Event: 23.266 Thread 0x00007fc40382b000 nmethod 3542 0x000000010fd586d0 code [0x000000010fd58820, 0x000000010fd588b8]
Event: 23.330 Thread 0x00007fc40382d800 3543   !   3       java.awt.KeyboardFocusManager::processCurrentLightweightRequests (345 bytes)
Event: 23.336 Thread 0x00007fc40382d800 nmethod 3543 0x000000010ff32a90 code [0x000000010ff32ee0, 0x000000010ff35878]
Event: 23.380 Thread 0x00007fc40382d800 3544       3       java.lang.invoke.DirectMethodHandle::internalMemberName (8 bytes)
Event: 23.381 Thread 0x00007fc40382d800 nmethod 3544 0x000000010f719a10 code [0x000000010f719b80, 0x000000010f719db0]
Event: 23.382 Thread 0x00007fc40382d000 3545  s    4       sun.misc.URLClassPath::getNextLoader (88 bytes)
Event: 23.382 Thread 0x00007fc40382d800 3546  s!   2       sun.misc.URLClassPath::getLoader (243 bytes)
Event: 23.387 Thread 0x00007fc40382d800 nmethod 3546 0x000000010ff2fa50 code [0x000000010ff2fd40, 0x000000010ff31508]
Event: 23.393 Thread 0x00007fc40382d000 nmethod 3545 0x000000010ff2b8d0 code [0x000000010ff2ba40, 0x000000010ff2c1b8]

GC Heap History (10 events):
Event: 12.516 GC heap before
{Heap before GC invocations=7 (full 1):
 PSYoungGen      total 35328K, used 35296K [0x00000007aab00000, 0x00000007af600000, 0x00000007c0000000)
  eden space 32768K, 100% used [0x00000007aab00000,0x00000007acb00000,0x00000007acb00000)
  from space 2560K, 98% used [0x00000007acb00000,0x00000007acd782c0,0x00000007acd80000)
  to   space 12288K, 0% used [0x00000007aea00000,0x00000007aea00000,0x00000007af600000)
 ParOldGen       total 35840K, used 18160K [0x0000000780000000, 0x0000000782300000, 0x00000007aab00000)
  object space 35840K, 50% used [0x0000000780000000,0x00000007811bc230,0x0000000782300000)
 Metaspace       used 24412K, capacity 24705K, committed 24880K, reserved 1071104K
  class space    used 2457K, capacity 2543K, committed 2608K, reserved 1048576K
Event: 12.528 GC heap after
Heap after GC invocations=7 (full 1):
 PSYoungGen      total 60416K, used 4704K [0x00000007aab00000, 0x00000007af380000, 0x00000007c0000000)
  eden space 50688K, 0% used [0x00000007aab00000,0x00000007aab00000,0x00000007adc80000)
  from space 9728K, 48% used [0x00000007aea00000,0x00000007aee98340,0x00000007af380000)
  to   space 11776K, 0% used [0x00000007adc80000,0x00000007adc80000,0x00000007ae800000)
 ParOldGen       total 35840K, used 18168K [0x0000000780000000, 0x0000000782300000, 0x00000007aab00000)
  object space 35840K, 50% used [0x0000000780000000,0x00000007811be230,0x0000000782300000)
 Metaspace       used 24412K, capacity 24705K, committed 24880K, reserved 1071104K
  class space    used 2457K, capacity 2543K, committed 2608K, reserved 1048576K
}
Event: 15.049 GC heap before
{Heap before GC invocations=8 (full 1):
 PSYoungGen      total 60416K, used 55392K [0x00000007aab00000, 0x00000007af380000, 0x00000007c0000000)
  eden space 50688K, 100% used [0x00000007aab00000,0x00000007adc80000,0x00000007adc80000)
  from space 9728K, 48% used [0x00000007aea00000,0x00000007aee98340,0x00000007af380000)
  to   space 11776K, 0% used [0x00000007adc80000,0x00000007adc80000,0x00000007ae800000)
 ParOldGen       total 35840K, used 18168K [0x0000000780000000, 0x0000000782300000, 0x00000007aab00000)
  object space 35840K, 50% used [0x0000000780000000,0x00000007811be230,0x0000000782300000)
 Metaspace       used 24566K, capacity 24897K, committed 25136K, reserved 1071104K
  class space    used 2459K, capacity 2543K, committed 2608K, reserved 1048576K
Event: 15.079 GC heap after
Heap after GC invocations=8 (full 1):
 PSYoungGen      total 62464K, used 11697K [0x00000007aab00000, 0x00000007b1280000, 0x00000007c0000000)
  eden space 50688K, 0% used [0x00000007aab00000,0x00000007aab00000,0x00000007adc80000)
  from space 11776K, 99% used [0x00000007adc80000,0x00000007ae7ec4e0,0x00000007ae800000)
  to   space 13824K, 0% used [0x00000007b0500000,0x00000007b0500000,0x00000007b1280000)
 ParOldGen       total 35840K, used 18944K [0x0000000780000000, 0x0000000782300000, 0x00000007aab00000)
  object space 35840K, 52% used [0x0000000780000000,0x0000000781280260,0x0000000782300000)
 Metaspace       used 24566K, capacity 24897K, committed 25136K, reserved 1071104K
  class space    used 2459K, capacity 2543K, committed 2608K, reserved 1048576K
}
Event: 17.823 GC heap before
{Heap before GC invocations=9 (full 1):
 PSYoungGen      total 62464K, used 62341K [0x00000007aab00000, 0x00000007b1280000, 0x00000007c0000000)
  eden space 50688K, 99% used [0x00000007aab00000,0x00000007adc751e8,0x00000007adc80000)
  from space 11776K, 99% used [0x00000007adc80000,0x00000007ae7ec4e0,0x00000007ae800000)
  to   space 13824K, 0% used [0x00000007b0500000,0x00000007b0500000,0x00000007b1280000)
 ParOldGen       total 35840K, used 18944K [0x0000000780000000, 0x0000000782300000, 0x00000007aab00000)
  object space 35840K, 52% used [0x0000000780000000,0x0000000781280260,0x0000000782300000)
 Metaspace       used 24718K, capacity 25025K, committed 25392K, reserved 1073152K
  class space    used 2459K, capacity 2543K, committed 2608K, reserved 1048576K
Event: 17.852 GC heap after
Heap after GC invocations=9 (full 1):
 PSYoungGen      total 87552K, used 13793K [0x00000007aab00000, 0x00000007b1b00000, 0x00000007c0000000)
  eden space 73728K, 0% used [0x00000007aab00000,0x00000007aab00000,0x00000007af300000)
  from space 13824K, 99% used [0x00000007b0500000,0x00000007b1278590,0x00000007b1280000)
  to   space 18432K, 0% used [0x00000007af300000,0x00000007af300000,0x00000007b0500000)
 ParOldGen       total 35840K, used 24592K [0x0000000780000000, 0x0000000782300000, 0x00000007aab00000)
  object space 35840K, 68% used [0x0000000780000000,0x00000007818043c0,0x0000000782300000)
 Metaspace       used 24718K, capacity 25025K, committed 25392K, reserved 1073152K
  class space    used 2459K, capacity 2543K, committed 2608K, reserved 1048576K
}
Event: 20.580 GC heap before
{Heap before GC invocations=10 (full 1):
 PSYoungGen      total 87552K, used 87279K [0x00000007aab00000, 0x00000007b1b00000, 0x00000007c0000000)
  eden space 73728K, 99% used [0x00000007aab00000,0x00000007af2c37b0,0x00000007af300000)
  from space 13824K, 99% used [0x00000007b0500000,0x00000007b1278590,0x00000007b1280000)
  to   space 18432K, 0% used [0x00000007af300000,0x00000007af300000,0x00000007b0500000)
 ParOldGen       total 35840K, used 24592K [0x0000000780000000, 0x0000000782300000, 0x00000007aab00000)
  object space 35840K, 68% used [0x0000000780000000,0x00000007818043c0,0x0000000782300000)
 Metaspace       used 24799K, capacity 25089K, committed 25392K, reserved 1073152K
  class space    used 2459K, capacity 2543K, committed 2608K, reserved 1048576K
Event: 20.615 GC heap after
Heap after GC invocations=10 (full 1):
 PSYoungGen      total 92160K, used 18369K [0x00000007aab00000, 0x00000007b3480000, 0x00000007c0000000)
  eden space 73728K, 0% used [0x00000007aab00000,0x00000007aab00000,0x00000007af300000)
  from space 18432K, 99% used [0x00000007af300000,0x00000007b04f04a0,0x00000007b0500000)
  to   space 21504K, 0% used [0x00000007b1f80000,0x00000007b1f80000,0x00000007b3480000)
 ParOldGen       total 35840K, used 30323K [0x0000000780000000, 0x0000000782300000, 0x00000007aab00000)
  object space 35840K, 84% used [0x0000000780000000,0x0000000781d9ce50,0x0000000782300000)
 Metaspace       used 24799K, capacity 25089K, committed 25392K, reserved 1073152K
  class space    used 2459K, capacity 2543K, committed 2608K, reserved 1048576K
}
Event: 20.616 GC heap before
{Heap before GC invocations=11 (full 2):
 PSYoungGen      total 92160K, used 18369K [0x00000007aab00000, 0x00000007b3480000, 0x00000007c0000000)
  eden space 73728K, 0% used [0x00000007aab00000,0x00000007aab00000,0x00000007af300000)
  from space 18432K, 99% used [0x00000007af300000,0x00000007b04f04a0,0x00000007b0500000)
  to   space 21504K, 0% used [0x00000007b1f80000,0x00000007b1f80000,0x00000007b3480000)
 ParOldGen       total 35840K, used 30323K [0x0000000780000000, 0x0000000782300000, 0x00000007aab00000)
  object space 35840K, 84% used [0x0000000780000000,0x0000000781d9ce50,0x0000000782300000)
 Metaspace       used 24799K, capacity 25089K, committed 25392K, reserved 1073152K
  class space    used 2459K, capacity 2543K, committed 2608K, reserved 1048576K
Event: 20.754 GC heap after
Heap after GC invocations=11 (full 2):
 PSYoungGen      total 92160K, used 9008K [0x00000007aab00000, 0x00000007b3480000, 0x00000007c0000000)
  eden space 73728K, 0% used [0x00000007aab00000,0x00000007aab00000,0x00000007af300000)
  from space 18432K, 48% used [0x00000007af300000,0x00000007afbcc2c0,0x00000007b0500000)
  to   space 21504K, 0% used [0x00000007b1f80000,0x00000007b1f80000,0x00000007b3480000)
 ParOldGen       total 80896K, used 35721K [0x0000000780000000, 0x0000000784f00000, 0x00000007aab00000)
  object space 80896K, 44% used [0x0000000780000000,0x00000007822e2640,0x0000000784f00000)
 Metaspace       used 24799K, capacity 25089K, committed 25392K, reserved 1073152K
  class space    used 2459K, capacity 2543K, committed 2608K, reserved 1048576K
}

Deoptimization events (10 events):
Event: 14.430 Thread 0x00007fc40a349000 Uncommon trap: reason=unstable_if action=reinterpret pc=0x000000010f9dc660 method=java.awt.image.IndexColorModel.getDataElements(ILjava/lang/Object;)Ljava/lang/Object; @ 54
Event: 17.102 Thread 0x00007fc40a349000 Uncommon trap: reason=unstable_if action=reinterpret pc=0x000000010f9ad26c method=java.awt.image.IndexColorModel.getDataElements(ILjava/lang/Object;)Ljava/lang/Object; @ 70
Event: 23.351 Thread 0x00007fc404191800 Uncommon trap: reason=unstable_if action=reinterpret pc=0x000000010fcad1b8 method=java.awt.font.FontRenderContext.equals(Ljava/awt/font/FontRenderContext;)Z @ 2
Event: 23.352 Thread 0x00007fc404191800 Uncommon trap: reason=unstable_if action=reinterpret pc=0x000000010fdfea54 method=java.awt.Font.equals(Ljava/lang/Object;)Z @ 2
Event: 23.380 Thread 0x00007fc4038e8000 Uncommon trap: reason=bimorphic action=maybe_recompile pc=0x000000010fc0c514 method=java.util.HashMap.putVal(ILjava/lang/Object;Ljava/lang/Object;ZZ)Ljava/lang/Object; @ 91
Event: 23.380 Thread 0x00007fc4038e8000 Uncommon trap: reason=bimorphic action=maybe_recompile pc=0x000000010fc0c514 method=java.util.HashMap.putVal(ILjava/lang/Object;Ljava/lang/Object;ZZ)Ljava/lang/Object; @ 91
Event: 23.380 Thread 0x00007fc4038e8000 Uncommon trap: reason=bimorphic action=maybe_recompile pc=0x000000010fc0c514 method=java.util.HashMap.putVal(ILjava/lang/Object;Ljava/lang/Object;ZZ)Ljava/lang/Object; @ 91
Event: 23.380 Thread 0x00007fc4038e8000 Uncommon trap: reason=bimorphic action=maybe_recompile pc=0x000000010fc0c514 method=java.util.HashMap.putVal(ILjava/lang/Object;Ljava/lang/Object;ZZ)Ljava/lang/Object; @ 91
Event: 23.380 Thread 0x00007fc4038e8000 Uncommon trap: reason=bimorphic action=maybe_recompile pc=0x000000010fb313b4 method=java.util.HashMap.putVal(ILjava/lang/Object;Ljava/lang/Object;ZZ)Ljava/lang/Object; @ 91
Event: 23.401 Thread 0x00007fc404a2c800 Uncommon trap: reason=unstable_if action=reinterpret pc=0x000000010ff1f69c method=java.security.AccessControlContext.optimize()Ljava/security/AccessControlContext; @ 233

Internal exceptions (10 events):
Event: 0.289 Thread 0x00007fc404800800 Exception <a 'java/lang/NoSuchFieldError': method resolution failed> (0x00000007aacc89d8) thrown at [/Users/java_re/workspace/8-2-build-macosx-x86_64/jdk8u121/8372/hotspot/src/share/vm/prims/methodHandles.cpp, line 1146]
Event: 0.294 Thread 0x00007fc404800800 Exception <a 'java/lang/NoSuchFieldError': method resolution failed> (0x00000007aacd61a8) thrown at [/Users/java_re/workspace/8-2-build-macosx-x86_64/jdk8u121/8372/hotspot/src/share/vm/prims/methodHandles.cpp, line 1146]
Event: 0.549 Thread 0x00007fc404800800 Exception <a 'java/io/FileNotFoundException'> (0x00000007aad52d90) thrown at [/Users/java_re/workspace/8-2-build-macosx-x86_64/jdk8u121/8372/hotspot/src/share/vm/prims/jni.cpp, line 709]
Event: 0.549 Thread 0x00007fc404800800 Exception <a 'java/io/FileNotFoundException'> (0x00000007aad538e0) thrown at [/Users/java_re/workspace/8-2-build-macosx-x86_64/jdk8u121/8372/hotspot/src/share/vm/prims/jni.cpp, line 709]
Event: 0.754 Thread 0x00007fc404800800 Exception <a 'java/io/FileNotFoundException'> (0x00000007aae8c378) thrown at [/Users/java_re/workspace/8-2-build-macosx-x86_64/jdk8u121/8372/hotspot/src/share/vm/prims/jni.cpp, line 709]
Event: 3.917 Thread 0x00007fc404007000 Exception <a 'java/lang/NullPointerException'> (0x00000007aab38ed0) thrown at [/Users/java_re/workspace/8-2-build-macosx-x86_64/jdk8u121/8372/hotspot/src/share/vm/interpreter/linkResolver.cpp, line 1178]
Event: 4.028 Thread 0x00007fc403b30800 Exception <a 'java/lang/UnsatisfiedLinkError': com.jogamp.common.util.JarUtil.fixNativeLibAttribs(Ljava/lang/String;)Z> (0x00000007aaf4c438) thrown at [/Users/java_re/workspace/8-2-build-macosx-x86_64/jdk8u121/8372/hotspot/src/share/vm/prims/nativeLookup.
Event: 5.467 Thread 0x00007fc404a2c800 Exception <a 'java/io/FileNotFoundException'> (0x00000007ab177360) thrown at [/Users/java_re/workspace/8-2-build-macosx-x86_64/jdk8u121/8372/hotspot/src/share/vm/prims/jni.cpp, line 709]
Event: 5.468 Thread 0x00007fc404a2c800 Exception <a 'java/io/FileNotFoundException'> (0x00000007ab17d5d0) thrown at [/Users/java_re/workspace/8-2-build-macosx-x86_64/jdk8u121/8372/hotspot/src/share/vm/prims/jni.cpp, line 709]
Event: 5.468 Thread 0x00007fc404a2c800 Implicit null exception at 0x000000010f7b10f6 to 0x000000010f7b14c5

Events (10 events):
Event: 23.401 Thread 0x00007fc404a2c800 Uncommon trap: trap_request=0xffffff65 fr.pc=0x000000010ff1f69c
Event: 23.401 Thread 0x00007fc404a2c800 DEOPT PACKING pc=0x000000010ff1f69c sp=0x000070000918c8b0
Event: 23.401 Thread 0x00007fc404a2c800 DEOPT UNPACKING pc=0x000000010f600229 sp=0x000070000918c880 mode 2
Event: 23.401 loading class java/awt/LightweightDispatcher$2
Event: 23.401 loading class java/awt/LightweightDispatcher$2 done
Event: 23.401 loading class java/awt/event/AWTEventListenerProxy
Event: 23.401 loading class java/awt/event/AWTEventListenerProxy done
Event: 23.401 loading class java/awt/Toolkit$ToolkitEventMulticaster
Event: 23.401 loading class java/awt/Toolkit$ToolkitEventMulticaster done
Event: 23.402 Thread 0x00007fc4038e8000 Thread exited: 0x00007fc4038e8000


Dynamic libraries:
0x000000004c357000 	/System/Library/Frameworks/Cocoa.framework/Versions/A/Cocoa
0x000000004c357000 	/System/Library/Frameworks/Security.framework/Versions/A/Security
0x000000004c357000 	/System/Library/Frameworks/ApplicationServices.framework/Versions/A/ApplicationServices
0x000000004c357000 	/usr/lib/libz.1.dylib
0x000000004c357000 	/usr/lib/libSystem.B.dylib
0x000000004c357000 	/usr/lib/libobjc.A.dylib
0x000000004c357000 	/System/Library/Frameworks/CoreFoundation.framework/Versions/A/CoreFoundation
0x000000004c357000 	/System/Library/Frameworks/Foundation.framework/Versions/C/Foundation
0x000000004c357000 	/System/Library/Frameworks/AppKit.framework/Versions/C/AppKit
0x000000004c357000 	/System/Library/Frameworks/CoreData.framework/Versions/A/CoreData
0x000000004c357000 	/System/Library/PrivateFrameworks/RemoteViewServices.framework/Versions/A/RemoteViewServices
0x000000004c357000 	/System/Library/PrivateFrameworks/UIFoundation.framework/Versions/A/UIFoundation
0x000000004c357000 	/System/Library/PrivateFrameworks/DFRFoundation.framework/Versions/A/DFRFoundation
0x000000004c357000 	/usr/lib/libenergytrace.dylib
0x000000004c357000 	/System/Library/PrivateFrameworks/SkyLight.framework/Versions/A/SkyLight
0x000000004c357000 	/System/Library/Frameworks/CoreGraphics.framework/Versions/A/CoreGraphics
0x000000004c357000 	/usr/lib/libScreenReader.dylib
0x000000004c357000 	/System/Library/Frameworks/Accelerate.framework/Versions/A/Accelerate
0x000000004c357000 	/System/Library/Frameworks/IOSurface.framework/Versions/A/IOSurface
0x000000004c357000 	/System/Library/Frameworks/AudioToolbox.framework/Versions/A/AudioToolbox
0x000000004c357000 	/System/Library/Frameworks/AudioUnit.framework/Versions/A/AudioUnit
0x000000004c357000 	/System/Library/PrivateFrameworks/DataDetectorsCore.framework/Versions/A/DataDetectorsCore
0x000000004c357000 	/System/Library/PrivateFrameworks/DesktopServicesPriv.framework/Versions/A/DesktopServicesPriv
0x000000004c357000 	/System/Library/Frameworks/Carbon.framework/Versions/A/Frameworks/HIToolbox.framework/Versions/A/HIToolbox
0x000000004c357000 	/usr/lib/libicucore.A.dylib
0x000000004c357000 	/System/Library/Frameworks/QuartzCore.framework/Versions/A/QuartzCore
0x000000004c357000 	/System/Library/Frameworks/Carbon.framework/Versions/A/Frameworks/SpeechRecognition.framework/Versions/A/SpeechRecognition
0x000000004c357000 	/usr/lib/libauto.dylib
0x000000004c357000 	/usr/lib/libxml2.2.dylib
0x000000004c357000 	/System/Library/PrivateFrameworks/CoreUI.framework/Versions/A/CoreUI
0x000000004c357000 	/System/Library/Frameworks/CoreAudio.framework/Versions/A/CoreAudio
0x000000004c357000 	/System/Library/Frameworks/DiskArbitration.framework/Versions/A/DiskArbitration
0x000000004c357000 	/usr/lib/liblangid.dylib
0x000000004c357000 	/System/Library/PrivateFrameworks/MultitouchSupport.framework/Versions/A/MultitouchSupport
0x000000004c357000 	/System/Library/Frameworks/IOKit.framework/Versions/A/IOKit
0x000000004c357000 	/usr/lib/libDiagnosticMessagesClient.dylib
0x000000004c357000 	/System/Library/Frameworks/CoreServices.framework/Versions/A/CoreServices
0x000000004c357000 	/System/Library/PrivateFrameworks/PerformanceAnalysis.framework/Versions/A/PerformanceAnalysis
0x000000004c357000 	/System/Library/PrivateFrameworks/GenerationalStorage.framework/Versions/A/GenerationalStorage
0x000000004c357000 	/System/Library/Frameworks/OpenGL.framework/Versions/A/OpenGL
0x000000004c357000 	/System/Library/Frameworks/CoreImage.framework/Versions/A/CoreImage
0x000000004c357000 	/System/Library/Frameworks/CoreText.framework/Versions/A/CoreText
0x000000004c357000 	/System/Library/Frameworks/ImageIO.framework/Versions/A/ImageIO
0x000000004c357000 	/System/Library/PrivateFrameworks/Backup.framework/Versions/A/Backup
0x000000004c357000 	/usr/lib/libarchive.2.dylib
0x000000004c357000 	/System/Library/Frameworks/CFNetwork.framework/Versions/A/CFNetwork
0x000000004c357000 	/System/Library/Frameworks/SystemConfiguration.framework/Versions/A/SystemConfiguration
0x000000004c357000 	/usr/lib/libCRFSuite.dylib
0x000000004c357000 	/usr/lib/libc++.1.dylib
0x000000004c357000 	/usr/lib/libc++abi.dylib
0x000000004c357000 	/usr/lib/system/libcache.dylib
0x000000004c357000 	/usr/lib/system/libcommonCrypto.dylib
0x000000004c357000 	/usr/lib/system/libcompiler_rt.dylib
0x000000004c357000 	/usr/lib/system/libcopyfile.dylib
0x000000004c357000 	/usr/lib/system/libcorecrypto.dylib
0x000000004c357000 	/usr/lib/system/libdispatch.dylib
0x000000004c357000 	/usr/lib/system/libdyld.dylib
0x000000004c357000 	/usr/lib/system/libkeymgr.dylib
0x000000004c357000 	/usr/lib/system/liblaunch.dylib
0x000000004c357000 	/usr/lib/system/libmacho.dylib
0x000000004c357000 	/usr/lib/system/libquarantine.dylib
0x000000004c357000 	/usr/lib/system/libremovefile.dylib
0x000000004c357000 	/usr/lib/system/libsystem_asl.dylib
0x000000004c357000 	/usr/lib/system/libsystem_blocks.dylib
0x000000004c357000 	/usr/lib/system/libsystem_c.dylib
0x000000004c357000 	/usr/lib/system/libsystem_configuration.dylib
0x000000004c357000 	/usr/lib/system/libsystem_coreservices.dylib
0x000000004c357000 	/usr/lib/system/libsystem_coretls.dylib
0x000000004c357000 	/usr/lib/system/libsystem_dnssd.dylib
0x000000004c357000 	/usr/lib/system/libsystem_info.dylib
0x000000004c357000 	/usr/lib/system/libsystem_kernel.dylib
0x000000004c357000 	/usr/lib/system/libsystem_m.dylib
0x000000004c357000 	/usr/lib/system/libsystem_malloc.dylib
0x000000004c357000 	/usr/lib/system/libsystem_network.dylib
0x000000004c357000 	/usr/lib/system/libsystem_networkextension.dylib
0x000000004c357000 	/usr/lib/system/libsystem_notify.dylib
0x000000004c357000 	/usr/lib/system/libsystem_platform.dylib
0x000000004c357000 	/usr/lib/system/libsystem_pthread.dylib
0x000000004c357000 	/usr/lib/system/libsystem_sandbox.dylib
0x000000004c357000 	/usr/lib/system/libsystem_secinit.dylib
0x000000004c357000 	/usr/lib/system/libsystem_symptoms.dylib
0x000000004c357000 	/usr/lib/system/libsystem_trace.dylib
0x000000004c357000 	/usr/lib/system/libunwind.dylib
0x000000004c357000 	/usr/lib/system/libxpc.dylib
0x000000004c357000 	/usr/lib/libbsm.0.dylib
0x000000004c357000 	/usr/lib/system/libkxld.dylib
0x000000004c357000 	/usr/lib/libcoretls.dylib
0x000000004c357000 	/usr/lib/libcoretls_cfhelpers.dylib
0x000000004c357000 	/usr/lib/libOpenScriptingUtil.dylib
0x000000004c357000 	/usr/lib/libpam.2.dylib
0x000000004c357000 	/usr/lib/libsqlite3.dylib
0x000000004c357000 	/usr/lib/libxar.1.dylib
0x000000004c357000 	/usr/lib/libbz2.1.0.dylib
0x000000004c357000 	/usr/lib/liblzma.5.dylib
0x000000004c357000 	/usr/lib/libnetwork.dylib
0x000000004c357000 	/usr/lib/libpcap.A.dylib
0x000000004c357000 	/System/Library/Frameworks/CoreServices.framework/Versions/A/Frameworks/FSEvents.framework/Versions/A/FSEvents
0x000000004c357000 	/System/Library/Frameworks/CoreServices.framework/Versions/A/Frameworks/CarbonCore.framework/Versions/A/CarbonCore
0x000000004c357000 	/System/Library/Frameworks/CoreServices.framework/Versions/A/Frameworks/Metadata.framework/Versions/A/Metadata
0x000000004c357000 	/System/Library/Frameworks/CoreServices.framework/Versions/A/Frameworks/OSServices.framework/Versions/A/OSServices
0x000000004c357000 	/System/Library/Frameworks/CoreServices.framework/Versions/A/Frameworks/SearchKit.framework/Versions/A/SearchKit
0x000000004c357000 	/System/Library/Frameworks/CoreServices.framework/Versions/A/Frameworks/AE.framework/Versions/A/AE
0x000000004c357000 	/System/Library/Frameworks/CoreServices.framework/Versions/A/Frameworks/LaunchServices.framework/Versions/A/LaunchServices
0x000000004c357000 	/System/Library/Frameworks/CoreServices.framework/Versions/A/Frameworks/DictionaryServices.framework/Versions/A/DictionaryServices
0x000000004c357000 	/System/Library/Frameworks/CoreServices.framework/Versions/A/Frameworks/SharedFileList.framework/Versions/A/SharedFileList
0x000000004c357000 	/System/Library/Frameworks/NetFS.framework/Versions/A/NetFS
0x000000004c357000 	/System/Library/PrivateFrameworks/NetAuth.framework/Versions/A/NetAuth
0x000000004c357000 	/System/Library/PrivateFrameworks/login.framework/Versions/A/Frameworks/loginsupport.framework/Versions/A/loginsupport
0x000000004c357000 	/System/Library/PrivateFrameworks/TCC.framework/Versions/A/TCC
0x000000004c357000 	/usr/lib/libmecabra.dylib
0x000000004c357000 	/System/Library/Frameworks/ApplicationServices.framework/Versions/A/Frameworks/ATS.framework/Versions/A/ATS
0x000000004c357000 	/System/Library/Frameworks/ApplicationServices.framework/Versions/A/Frameworks/ColorSync.framework/Versions/A/ColorSync
0x000000004c357000 	/System/Library/Frameworks/ApplicationServices.framework/Versions/A/Frameworks/HIServices.framework/Versions/A/HIServices
0x000000004c357000 	/System/Library/Frameworks/ApplicationServices.framework/Versions/A/Frameworks/LangAnalysis.framework/Versions/A/LangAnalysis
0x000000004c357000 	/System/Library/Frameworks/ApplicationServices.framework/Versions/A/Frameworks/PrintCore.framework/Versions/A/PrintCore
0x000000004c357000 	/System/Library/Frameworks/ApplicationServices.framework/Versions/A/Frameworks/QD.framework/Versions/A/QD
0x000000004c357000 	/System/Library/Frameworks/ApplicationServices.framework/Versions/A/Frameworks/SpeechSynthesis.framework/Versions/A/SpeechSynthesis
0x000000004c357000 	/System/Library/Frameworks/Accelerate.framework/Versions/A/Frameworks/vImage.framework/Versions/A/vImage
0x000000004c357000 	/System/Library/Frameworks/Accelerate.framework/Versions/A/Frameworks/vecLib.framework/Versions/A/vecLib
0x000000004c357000 	/System/Library/Frameworks/Accelerate.framework/Versions/A/Frameworks/vecLib.framework/Versions/A/libvDSP.dylib
0x000000004c357000 	/System/Library/Frameworks/Accelerate.framework/Versions/A/Frameworks/vecLib.framework/Versions/A/libBNNS.dylib
0x000000004c357000 	/System/Library/Frameworks/Accelerate.framework/Versions/A/Frameworks/vecLib.framework/Versions/A/libQuadrature.dylib
0x000000004c357000 	/System/Library/Frameworks/Accelerate.framework/Versions/A/Frameworks/vecLib.framework/Versions/A/libvMisc.dylib
0x000000004c357000 	/System/Library/Frameworks/Accelerate.framework/Versions/A/Frameworks/vecLib.framework/Versions/A/libLAPACK.dylib
0x000000004c357000 	/System/Library/Frameworks/Accelerate.framework/Versions/A/Frameworks/vecLib.framework/Versions/A/libBLAS.dylib
0x000000004c357000 	/System/Library/Frameworks/Accelerate.framework/Versions/A/Frameworks/vecLib.framework/Versions/A/libLinearAlgebra.dylib
0x000000004c357000 	/System/Library/Frameworks/Accelerate.framework/Versions/A/Frameworks/vecLib.framework/Versions/A/libSparseBLAS.dylib
0x000000004c357000 	/System/Library/Frameworks/ApplicationServices.framework/Versions/A/Frameworks/ATS.framework/Versions/A/Resources/libFontParser.dylib
0x000000004c357000 	/System/Library/Frameworks/ApplicationServices.framework/Versions/A/Frameworks/ATS.framework/Versions/A/Resources/libFontRegistry.dylib
0x000000004c357000 	/System/Library/Frameworks/ImageIO.framework/Versions/A/Resources/libJPEG.dylib
0x000000004c357000 	/System/Library/Frameworks/ImageIO.framework/Versions/A/Resources/libTIFF.dylib
0x000000004c357000 	/System/Library/Frameworks/ImageIO.framework/Versions/A/Resources/libPng.dylib
0x000000004c357000 	/System/Library/Frameworks/ImageIO.framework/Versions/A/Resources/libGIF.dylib
0x000000004c357000 	/System/Library/Frameworks/ImageIO.framework/Versions/A/Resources/libJP2.dylib
0x000000004c357000 	/System/Library/Frameworks/ImageIO.framework/Versions/A/Resources/libRadiance.dylib
0x000000004c357000 	/usr/lib/libcompression.dylib
0x000000004c357000 	/System/Library/PrivateFrameworks/AppleJPEG.framework/Versions/A/AppleJPEG
0x000000004c357000 	/usr/lib/libcups.2.dylib
0x000000004c357000 	/System/Library/Frameworks/Kerberos.framework/Versions/A/Kerberos
0x000000004c357000 	/System/Library/Frameworks/GSS.framework/Versions/A/GSS
0x000000004c357000 	/usr/lib/libresolv.9.dylib
0x000000004c357000 	/usr/lib/libiconv.2.dylib
0x000000004c357000 	/System/Library/PrivateFrameworks/Heimdal.framework/Versions/A/Heimdal
0x000000004c357000 	/usr/lib/libheimdal-asn1.dylib
0x000000004c357000 	/System/Library/Frameworks/OpenDirectory.framework/Versions/A/OpenDirectory
0x000000004c357000 	/System/Library/PrivateFrameworks/CommonAuth.framework/Versions/A/CommonAuth
0x000000004c357000 	/System/Library/Frameworks/OpenDirectory.framework/Versions/A/Frameworks/CFOpenDirectory.framework/Versions/A/CFOpenDirectory
0x000000004c357000 	/System/Library/Frameworks/SecurityFoundation.framework/Versions/A/SecurityFoundation
0x000000004c357000 	/System/Library/PrivateFrameworks/LanguageModeling.framework/Versions/A/LanguageModeling
0x000000004c357000 	/usr/lib/libmarisa.dylib
0x000000004c357000 	/usr/lib/libChineseTokenizer.dylib
0x000000004c357000 	/usr/lib/libcmph.dylib
0x000000004c357000 	/System/Library/PrivateFrameworks/CoreEmoji.framework/Versions/A/CoreEmoji
0x000000004c357000 	/System/Library/Frameworks/ServiceManagement.framework/Versions/A/ServiceManagement
0x000000004c357000 	/usr/lib/libxslt.1.dylib
0x000000004c357000 	/System/Library/Frameworks/Carbon.framework/Versions/A/Frameworks/Ink.framework/Versions/A/Ink
0x000000004c357000 	/System/Library/PrivateFrameworks/TextureIO.framework/Versions/A/TextureIO
0x000000004c357000 	/System/Library/Frameworks/Metal.framework/Versions/A/Metal
0x000000004c357000 	/usr/lib/libate.dylib
0x000000004c357000 	/System/Library/PrivateFrameworks/GPUCompiler.framework/libmetal_timestamp.dylib
0x000000004c357000 	/System/Library/Frameworks/OpenGL.framework/Versions/A/Libraries/libCoreFSCache.dylib
0x000000004c357000 	/System/Library/PrivateFrameworks/IOAccelerator.framework/Versions/A/IOAccelerator
0x000000004c357000 	/System/Library/Frameworks/CoreVideo.framework/Versions/A/CoreVideo
0x000000004c357000 	/usr/lib/libFosl_dynamic.dylib
0x000000004c357000 	/System/Library/PrivateFrameworks/MetalPerformanceShaders.framework/Versions/A/MetalPerformanceShaders
0x000000004c357000 	/System/Library/PrivateFrameworks/FaceCore.framework/Versions/A/FaceCore
0x000000004c357000 	/System/Library/Frameworks/OpenCL.framework/Versions/A/OpenCL
0x000000004c357000 	/System/Library/Frameworks/OpenGL.framework/Versions/A/Libraries/libGLU.dylib
0x000000004c357000 	/System/Library/Frameworks/OpenGL.framework/Versions/A/Libraries/libGFXShared.dylib
0x000000004c357000 	/System/Library/Frameworks/OpenGL.framework/Versions/A/Libraries/libGL.dylib
0x000000004c357000 	/System/Library/Frameworks/OpenGL.framework/Versions/A/Libraries/libGLImage.dylib
0x000000004c357000 	/System/Library/Frameworks/OpenGL.framework/Versions/A/Libraries/libCVMSPluginSupport.dylib
0x000000004c357000 	/System/Library/Frameworks/OpenGL.framework/Versions/A/Libraries/libCoreVMClient.dylib
0x000000004c357000 	/System/Library/PrivateFrameworks/CrashReporterSupport.framework/Versions/A/CrashReporterSupport
0x000000004c357000 	/System/Library/PrivateFrameworks/Sharing.framework/Versions/A/Sharing
0x000000004c357000 	/System/Library/PrivateFrameworks/IconServices.framework/Versions/A/IconServices
0x000000004c357000 	/System/Library/PrivateFrameworks/ProtocolBuffer.framework/Versions/A/ProtocolBuffer
0x000000004c357000 	/System/Library/PrivateFrameworks/Apple80211.framework/Versions/A/Apple80211
0x000000004c357000 	/System/Library/Frameworks/CoreWLAN.framework/Versions/A/CoreWLAN
0x000000004c357000 	/System/Library/PrivateFrameworks/CoreUtils.framework/Versions/A/CoreUtils
0x000000004c357000 	/System/Library/Frameworks/IOBluetooth.framework/Versions/A/IOBluetooth
0x000000004c357000 	/System/Library/PrivateFrameworks/CoreWiFi.framework/Versions/A/CoreWiFi
0x000000004c357000 	/System/Library/Frameworks/CoreBluetooth.framework/Versions/A/CoreBluetooth
0x000000004c357000 	/System/Library/Frameworks/CoreDisplay.framework/Versions/A/CoreDisplay
0x000000004c357000 	/System/Library/PrivateFrameworks/IOPresentment.framework/Versions/A/IOPresentment
0x000000004c357000 	/System/Library/PrivateFrameworks/DSExternalDisplay.framework/Versions/A/DSExternalDisplay
0x000000004c357000 	/System/Library/PrivateFrameworks/DebugSymbols.framework/Versions/A/DebugSymbols
0x000000004c357000 	/System/Library/PrivateFrameworks/CoreSymbolication.framework/Versions/A/CoreSymbolication
0x000000004c357000 	/System/Library/PrivateFrameworks/Symbolication.framework/Versions/A/Symbolication
0x000000004c357000 	/System/Library/PrivateFrameworks/AppleFSCompression.framework/Versions/A/AppleFSCompression
0x000000004c357000 	/System/Library/PrivateFrameworks/SpeechRecognitionCore.framework/Versions/A/SpeechRecognitionCore
0x000000004c357000 	/System/Library/PrivateFrameworks/ChunkingLibrary.framework/Versions/A/ChunkingLibrary
0x0000000109a00000 	/Library/Java/JavaVirtualMachines/jdk1.8.0_121.jdk/Contents/Home/jre/lib/server/libjvm.dylib
0x000000004c357000 	/usr/lib/libstdc++.6.dylib
0x0000000109039000 	/Library/Java/JavaVirtualMachines/jdk1.8.0_121.jdk/Contents/Home/jre/lib/libverify.dylib
0x0000000109047000 	/Library/Java/JavaVirtualMachines/jdk1.8.0_121.jdk/Contents/Home/jre/lib/libjava.dylib
0x0000000109086000 	/Library/Java/JavaVirtualMachines/jdk1.8.0_121.jdk/Contents/Home/jre/lib/libzip.dylib
0x000000010ec32000 	/System/Library/Frameworks/JavaVM.framework/Frameworks/JavaRuntimeSupport.framework/JavaRuntimeSupport
0x000000010ec4c000 	/System/Library/Frameworks/JavaVM.framework/Versions/A/Frameworks/JavaNativeFoundation.framework/Versions/A/JavaNativeFoundation
0x000000010ec61000 	/System/Library/Frameworks/JavaVM.framework/Versions/A/JavaVM
0x000000004c357000 	/System/Library/Frameworks/Carbon.framework/Versions/A/Carbon
0x000000010ec6e000 	/System/Library/PrivateFrameworks/JavaLaunching.framework/Versions/A/JavaLaunching
0x000000004c357000 	/System/Library/Frameworks/Carbon.framework/Versions/A/Frameworks/CommonPanels.framework/Versions/A/CommonPanels
0x000000004c357000 	/System/Library/Frameworks/Carbon.framework/Versions/A/Frameworks/Help.framework/Versions/A/Help
0x000000004c357000 	/System/Library/Frameworks/Carbon.framework/Versions/A/Frameworks/ImageCapture.framework/Versions/A/ImageCapture
0x000000004c357000 	/System/Library/Frameworks/Carbon.framework/Versions/A/Frameworks/OpenScripting.framework/Versions/A/OpenScripting
0x000000004c357000 	/System/Library/Frameworks/Carbon.framework/Versions/A/Frameworks/Print.framework/Versions/A/Print
0x000000004c357000 	/System/Library/Frameworks/Carbon.framework/Versions/A/Frameworks/SecurityHI.framework/Versions/A/SecurityHI
0x000000010ecc3000 	/Library/Java/JavaVirtualMachines/jdk1.8.0_121.jdk/Contents/Home/jre/lib/libawt.dylib
0x000000010ed6b000 	/Library/Java/JavaVirtualMachines/jdk1.8.0_121.jdk/Contents/Home/jre/lib/./libmlib_image.dylib
0x000000010ee37000 	/Library/Java/JavaVirtualMachines/jdk1.8.0_121.jdk/Contents/Home/jre/lib/libawt_lwawt.dylib
0x000000010eeee000 	/Library/Java/JavaVirtualMachines/jdk1.8.0_121.jdk/Contents/Home/jre/lib/./libosxapp.dylib
0x000000004c357000 	/System/Library/Frameworks/ExceptionHandling.framework/Versions/A/ExceptionHandling
0x000000004c357000 	/System/Library/PrivateFrameworks/CoreServicesInternal.framework/Versions/A/CoreServicesInternal
0x000000004c357000 	/System/Library/CoreServices/RawCamera.bundle/Contents/MacOS/RawCamera
0x000000004c357000 	/System/Library/Frameworks/Accelerate.framework/Versions/A/Frameworks/vImage.framework/Versions/A/Libraries/libCGInterfaces.dylib
0x000000004c357000 	/System/Library/Frameworks/ApplicationServices.framework/Versions/A/Frameworks/ATS.framework/Versions/A/Resources/libTrueTypeScaler.dylib
0x000000012135b000 	/System/Library/Frameworks/OpenGL.framework/Resources/GLEngine.bundle/GLEngine
0x000000004c357000 	/System/Library/Frameworks/OpenGL.framework/Versions/A/Libraries/libGLProgrammability.dylib
0x0000000121540000 	/System/Library/Extensions/AppleIntelHD5000GraphicsGLDriver.bundle/Contents/MacOS/AppleIntelHD5000GraphicsGLDriver
0x000000004c357000 	/System/Library/PrivateFrameworks/GPUSupport.framework/Versions/A/Libraries/libGPUSupportMercury.dylib
0x0000000121cae000 	/System/Library/Frameworks/OpenGL.framework/Resources//GLRendererFloat.bundle/GLRendererFloat
0x000000004c357000 	/System/Library/Frameworks/OpenCL.framework/Versions/A/Libraries/libcldcpuengine.dylib
0x000000004c357000 	/usr/lib/libcrypto.0.9.8.dylib
0x000000004c357000 	/System/Library/PrivateFrameworks/TrustEvaluationAgent.framework/Versions/A/TrustEvaluationAgent
0x0000000121ce2000 	/System/Library/Extensions/AppleIntelHD5000GraphicsMTLDriver.bundle/Contents/MacOS/AppleIntelHD5000GraphicsMTLDriver
0x000000004c357000 	/System/Library/PrivateFrameworks/FamilyControls.framework/Versions/A/FamilyControls
0x000000004c357000 	/System/Library/PrivateFrameworks/CommerceKit.framework/Versions/A/Frameworks/CommerceCore.framework/Versions/A/CommerceCore
0x000000004c357000 	/System/Library/PrivateFrameworks/SystemAdministration.framework/Versions/A/SystemAdministration
0x000000004c357000 	/System/Library/PrivateFrameworks/AppContainer.framework/Versions/A/AppContainer
0x000000004c357000 	/System/Library/PrivateFrameworks/SecCodeWrapper.framework/Versions/A/SecCodeWrapper
0x000000004c357000 	/System/Library/Frameworks/DirectoryService.framework/Versions/A/DirectoryService
0x000000004c357000 	/System/Library/PrivateFrameworks/DiskImages.framework/Versions/A/DiskImages
0x000000004c357000 	/System/Library/PrivateFrameworks/LoginUIKit.framework/Versions/A/Frameworks/LoginUICore.framework/Versions/A/LoginUICore
0x000000004c357000 	/usr/lib/libCoreStorage.dylib
0x000000004c357000 	/usr/lib/libcsfde.dylib
0x000000004c357000 	/usr/lib/libodfde.dylib
0x000000004c357000 	/System/Library/Frameworks/DiscRecording.framework/Versions/A/DiscRecording
0x000000004c357000 	/usr/lib/libcurl.4.dylib
0x000000004c357000 	/System/Library/PrivateFrameworks/MediaKit.framework/Versions/A/MediaKit
0x000000004c357000 	/System/Library/PrivateFrameworks/ProtectedCloudStorage.framework/Versions/A/ProtectedCloudStorage
0x000000004c357000 	/System/Library/PrivateFrameworks/EFILogin.framework/Versions/A/EFILogin
0x000000004c357000 	/usr/lib/libutil.dylib
0x000000004c357000 	/System/Library/Frameworks/LDAP.framework/Versions/A/LDAP
0x000000004c357000 	/usr/lib/libsasl2.2.dylib
0x000000004c357000 	/System/Library/PrivateFrameworks/CoreDaemon.framework/Versions/B/CoreDaemon
0x000000004c357000 	/System/Library/PrivateFrameworks/AppleSRP.framework/Versions/A/AppleSRP
0x000000004c357000 	/System/Library/PrivateFrameworks/APFS.framework/Versions/A/APFS
0x00000001238da000 	/Library/Java/JavaVirtualMachines/jdk1.8.0_121.jdk/Contents/Home/jre/lib/libfontmanager.dylib
0x000000004c357000 	/System/Library/PrivateFrameworks/ViewBridge.framework/Versions/A/ViewBridge
0x000000004c357000 	/System/Library/PrivateFrameworks/XPCService.framework/Versions/A/XPCService
0x000000004c357000 	/System/Library/PrivateFrameworks/AppSandbox.framework/Versions/A/AppSandbox
0x000000004c357000 	/usr/lib/libsandbox.1.dylib
0x000000004c357000 	/usr/lib/libMatch.1.dylib
0x0000000124cd5000 	/Library/Java/JavaVirtualMachines/jdk1.8.0_121.jdk/Contents/Home/jre/lib/libosxui.dylib
0x000000012587c000 	/Library/Java/JavaVirtualMachines/jdk1.8.0_121.jdk/Contents/Home/jre/lib/libnet.dylib
0x0000000125893000 	/Library/Java/JavaVirtualMachines/jdk1.8.0_121.jdk/Contents/Home/jre/lib/libnio.dylib
0x00000001249e3000 	/private/var/folders/z5/dkh_k18x6bn8z6w6jj1k7pqm0000gn/T/jogamp_0000/file_cache/jln2620654492963931587/jln5781253669271574388/libgluegen-rt.jnilib
0x00000001277d1000 	/private/var/folders/z5/dkh_k18x6bn8z6w6jj1k7pqm0000gn/T/jogamp_0000/file_cache/jln2620654492963931587/jln5781253669271574388/libnativewindow_awt.jnilib
0x000000018de57000 	/Library/Java/JavaVirtualMachines/jdk1.8.0_121.jdk/Contents/Home/jre/lib/libjawt.dylib
0x000000018de5a000 	/private/var/folders/z5/dkh_k18x6bn8z6w6jj1k7pqm0000gn/T/jogamp_0000/file_cache/jln2620654492963931587/jln5781253669271574388/libnativewindow_macosx.jnilib
0x000000018fc5e000 	/private/var/folders/z5/dkh_k18x6bn8z6w6jj1k7pqm0000gn/T/jogamp_0000/file_cache/jln2620654492963931587/jln5781253669271574388/libjogl_desktop.jnilib
0x00000001923cf000 	/Library/Java/JavaVirtualMachines/jdk1.8.0_121.jdk/Contents/Home/jre/lib/libsunec.dylib
0x00000001921c6000 	/Library/Java/JavaVirtualMachines/jdk1.8.0_121.jdk/Contents/Home/jre/lib/libt2k.dylib

VM Arguments:
jvm_args: -Djava.security.policy=java.policy.applet -Dfile.encoding=MacRoman 
java_command: sun.applet.AppletViewer module4.EarthquakeCityMap1523691396816.html
java_class_path (initial): /Users/Mac/Documents/workspace/UCSDUnfoldingMaps/build:/Users/Mac/Documents/workspace/UCSDUnfoldingMaps/lib/core.jar:/Users/Mac/Documents/workspace/UCSDUnfoldingMaps/lib/gluegen-rt.jar:/Users/Mac/Documents/workspace/UCSDUnfoldingMaps/lib/jogl-all.jar:/Users/Mac/Documents/workspace/UCSDUnfoldingMaps/lib/log4j-1.2.15.jar:/Users/Mac/Documents/workspace/UCSDUnfoldingMaps/lib/sqlite-jdbc-3.7.2.jar:/Users/Mac/Documents/workspace/UCSDUnfoldingMaps/lib/json4processing.jar:/Users/Mac/Documents/workspace/UCSDUnfoldingMaps/lib/libTUIO.jar:/Users/Mac/Documents/workspace/UCSDUnfoldingMaps/lib/unfolding.0.9.7-uscd.jar
Launcher Type: SUN_STANDARD

Environment Variables:
PATH=/Library/Frameworks/Python.framework/Versions/3.6/bin:/usr/local/bin:/usr/bin:/bin:/usr/sbin:/sbin:/opt/X11/bin:/Library/Frameworks/Mono.framework/Versions/Current/Commands:/Library/TeX/texbin
SHELL=/bin/bash
DISPLAY=/private/tmp/com.apple.launchd.BfoSnAz3r8/org.macosforge.xquartz:0

Signal Handlers:
SIGSEGV: [libjvm.dylib+0x5b1141], sa_mask[0]=11111111011111110111111111111111, sa_flags=SA_ONSTACK|SA_RESTART|SA_SIGINFO
SIGBUS: [libjvm.dylib+0x5b1141], sa_mask[0]=11111111011111110111111111111111, sa_flags=SA_RESTART|SA_SIGINFO
SIGFPE: [libjvm.dylib+0x487bc4], sa_mask[0]=11111111011111110111111111111111, sa_flags=SA_RESTART|SA_SIGINFO
SIGPIPE: [libjvm.dylib+0x487bc4], sa_mask[0]=11111111011111110111111111111111, sa_flags=SA_RESTART|SA_SIGINFO
SIGXFSZ: [libjvm.dylib+0x487bc4], sa_mask[0]=11111111011111110111111111111111, sa_flags=SA_RESTART|SA_SIGINFO
SIGILL: [libjvm.dylib+0x487bc4], sa_mask[0]=11111111011111110111111111111111, sa_flags=SA_RESTART|SA_SIGINFO
SIGUSR1: SIG_DFL, sa_mask[0]=11011111011111100000000111000110, sa_flags=none
SIGUSR2: [libjvm.dylib+0x4876e2], sa_mask[0]=00100000000000000000000000000000, sa_flags=SA_RESTART|SA_SIGINFO
SIGHUP: [libjvm.dylib+0x485cb9], sa_mask[0]=11111111011111110111111111111111, sa_flags=SA_RESTART|SA_SIGINFO
SIGINT: [libjvm.dylib+0x485cb9], sa_mask[0]=11111111011111110111111111111111, sa_flags=SA_RESTART|SA_SIGINFO
SIGTERM: [libjvm.dylib+0x485cb9], sa_mask[0]=11111111011111110111111111111111, sa_flags=SA_RESTART|SA_SIGINFO
SIGQUIT: [libjvm.dylib+0x485cb9], sa_mask[0]=11111111011111110111111111111111, sa_flags=SA_RESTART|SA_SIGINFO


---------------  S Y S T E M  ---------------

OS:Bsduname:Darwin 16.7.0 Darwin Kernel Version 16.7.0: Thu Jan 11 22:59:40 PST 2018; root:xnu-3789.73.8~1/RELEASE_X86_64 x86_64
rlimit: STACK 8192k, CORE 0k, NPROC 709, NOFILE 10240, AS infinity
load average:3.54 2.35 2.28

CPU:total 4 (2 cores per cpu, 2 threads per core) family 6 model 69 stepping 1, cmov, cx8, fxsr, mmx, sse, sse2, sse3, ssse3, sse4.1, sse4.2, popcnt, avx, avx2, aes, clmul, erms, lzcnt, ht, tsc, tscinvbit, bmi1, bmi2

Memory: 4k page, physical 4194304k(152860k free)

/proc/meminfo:


vm_info: Java HotSpot(TM) 64-Bit Server VM (25.121-b13) for bsd-amd64 JRE (1.8.0_121-b13), built on Dec 12 2016 20:39:32 by "java_re" with gcc 4.2.1 (Based on Apple Inc. build 5658) (LLVM build 2336.11.00)

time: Sat Apr 14 00:37:00 2018
elapsed time: 23 seconds (0d 0h 0m 23s)

