#
# A fatal error has been detected by the Java Runtime Environment:
#
#  SIGSEGV (0xb) at pc=0x00007fffd65ef49d, pid=12563, tid=0x0000000000000307
#
# JRE version: Java(TM) SE Runtime Environment (8.0_121-b13) (build 1.8.0_121-b13)
# Java VM: Java HotSpot(TM) 64-Bit Server VM (25.121-b13 mixed mode bsd-amd64 compressed oops)
# Problematic frame:
# C  [libobjc.A.dylib+0x849d]  _class_initialize+0x27
#
# Failed to write core dump. Core dumps have been disabled. To enable core dumping, try "ulimit -c unlimited" before starting Java again
#
# If you would like to submit a bug report, please visit:
#   http://bugreport.java.com/bugreport/crash.jsp
# The crash happened outside the Java Virtual Machine in native code.
# See problematic frame for where to report the bug.
#

---------------  T H R E A D  ---------------

Current thread (0x00007f9c92881000):  JavaThread "AWT-AppKit" daemon [_thread_in_native, id=775, stack(0x00007fff5466d000,0x00007fff54e6d000)]

siginfo: si_signo: 11 (SIGSEGV), si_code: 1 (SEGV_MAPERR), si_addr: 0x00000000000007e8

Registers:
RAX=0x00007fffdc695e60, RBX=0x00007fffdc695e60, RCX=0x0000000000000000, RDX=0x0000000000000000
RSP=0x00007fff54e67fc0, RBP=0x00007fff54e68010, RSI=0x00007fffdfc922e8, RDI=0x00007fffdc695e60
R8 =0x0000000000f52000, R9 =0x0000000000000000, R10=0x00f5200100f52083, R11=0x0000000000f52000
R12=0x00007ffffffffff8, R13=0x00007fffdc695e60, R14=0x00000000000007c8, R15=0x00007fffdc695e60
RIP=0x00007fffd65ef49d, EFLAGS=0x0000000000010202, ERR=0x0000000000000004
  TRAPNO=0x000000000000000e

Top of Stack: (sp=0x00007fff54e67fc0)
0x00007fff54e67fc0:   00007fffdc7851b8 00007f9c91cc48c0
0x00007fff54e67fd0:   00007fff54e68010 00007fffd65ef448
0x00007fff54e67fe0:   00007fffdfc922d0 00007fffdc695e60
0x00007fff54e67ff0:   00007fffbfe75116 00007fffdc695e60
0x00007fff54e68000:   00007fffdfc922d0 00007f9c91cc48c0
0x00007fff54e68010:   00007fff54e68070 00007fffd65ef05b
0x00007fff54e68020:   0000000054e68080 00007fffc17036cc
0x00007fff54e68030:   0000000112a5d000 00007fffdc695e60
0x00007fff54e68040:   0000000154e6ffff 000000018fc8a450
0x00007fff54e68050:   0000000000000000 000000019193af88
0x00007fff54e68060:   000000018fc8a440 00007f9c92881000
0x00007fff54e68070:   00007fff54e68140 00007fffd65eead4
0x00007fff54e68080:   00007f9c945014d0 0000000000000018
0x00007fff54e68090:   00007f9c945013d0 0000000000000000
0x00007fff54e680a0:   00007fffbfe75116 00007f9c91cc48c0
0x00007fff54e680b0:   00007f9c91fddfa0 00007fff54e6813f
0x00007fff54e680c0:   0000000000000000 0000000000000000
0x00007fff54e680d0:   00000000000000ff 0000000000000000
0x00007fff54e680e0:   0000000000000000 0000000000000000
0x00007fff54e680f0:   6f63616d5f747761 534f63614d5f7873
0x00007fff54e68100:   534f63614d5f7873 6e69575457414a58
0x00007fff54e68110:   0000000043e10000 0000000000000000
0x00007fff54e68120:   0000000043e10000 0000000000000000
0x00007fff54e68130:   153f501043af0000 0000000000000000
0x00007fff54e68140:   00007fff54e68200 000000018fc88157
0x00007fff54e68150:   00007fff54e681a0 0000000000000003
0x00007fff54e68160:   00007fff54e68180 000000010b9f2c62
0x00007fff54e68170:   000000019193af88 000000019193af88
0x00007fff54e68180:   00007f9c91fddfa0 000000018fc8a6a0
0x00007fff54e68190:   000000018fc8a710 00007fffdc6546d0
0x00007fff54e681a0:   00007fffdd2841e0 000000018fc8a450
0x00007fff54e681b0:   000000018fc8a690 00007f9c91fddfa0 

Instructions: (pc=0x00007fffd65ef49d)
0x00007fffd65ef47d:   56 41 55 41 54 53 48 83 ec 28 49 89 ff 49 bc f8
0x00007fffd65ef48d:   ff ff ff ff 7f 00 00 4d 8b 77 08 4d 85 f6 74 2e
0x00007fffd65ef49d:   49 8b 46 20 48 89 c1 4c 21 e1 48 8b 49 08 f6 01
0x00007fffd65ef4ad:   01 75 0a 49 8b 06 4c 21 e0 48 8b 40 20 4c 21 e0 

Register to memory mapping:

RAX=0x00007fffdc695e60: __block_literal_global.67+0x42c0 in /System/Library/Frameworks/CoreFoundation.framework/Versions/A/CoreFoundation at 0x00007fffc16d0000
RBX=0x00007fffdc695e60: __block_literal_global.67+0x42c0 in /System/Library/Frameworks/CoreFoundation.framework/Versions/A/CoreFoundation at 0x00007fffc16d0000
RCX=0x0000000000000000 is an unknown value
RDX=0x0000000000000000 is an unknown value
RSP=0x00007fff54e67fc0 is pointing into the stack for thread: 0x00007f9c92881000
RBP=0x00007fff54e68010 is pointing into the stack for thread: 0x00007f9c92881000
RSI=0x00007fffdfc922e8: runtimeLock+0x18 in /usr/lib/libobjc.A.dylib at 0x00007fffd65e7000
RDI=0x00007fffdc695e60: __block_literal_global.67+0x42c0 in /System/Library/Frameworks/CoreFoundation.framework/Versions/A/CoreFoundation at 0x00007fffc16d0000
R8 =0x0000000000f52000 is an unknown value
R9 =0x0000000000000000 is an unknown value
R10=0x00f5200100f52083 is an unknown value
R11=0x0000000000f52000 is an unknown value
R12=0x00007ffffffffff8 is an unknown value
R13=0x00007fffdc695e60: __block_literal_global.67+0x42c0 in /System/Library/Frameworks/CoreFoundation.framework/Versions/A/CoreFoundation at 0x00007fffc16d0000
R14=0x00000000000007c8 is an unknown value
R15=0x00007fffdc695e60: __block_literal_global.67+0x42c0 in /System/Library/Frameworks/CoreFoundation.framework/Versions/A/CoreFoundation at 0x00007fffc16d0000


Stack: [0x00007fff5466d000,0x00007fff54e6d000],  sp=0x00007fff54e67fc0,  free space=8171k
Native frames: (J=compiled Java code, j=interpreted, Vv=VM code, C=native code)
C  [libobjc.A.dylib+0x849d]  _class_initialize+0x27
C  [libobjc.A.dylib+0x805b]  lookUpImpOrForward+0xf0
C  [libobjc.A.dylib+0x7ad4]  _objc_msgSend_uncached+0x44
C  [libnativewindow_macosx.jnilib+0x5157]  Java_jogamp_nativewindow_jawt_macosx_MacOSXJAWTWindow_UnsetJAWTRootSurfaceLayer0+0xe7
j  jogamp.nativewindow.jawt.macosx.MacOSXJAWTWindow.UnsetJAWTRootSurfaceLayer0(JJ)V+0
j  jogamp.nativewindow.jawt.macosx.MacOSXJAWTWindow.access$200(JJ)V+2
j  jogamp.nativewindow.jawt.macosx.MacOSXJAWTWindow$1.run()V+38
J 2772 C1 com.jogamp.common.util.RunnableTask.run()V (345 bytes) @ 0x00000001166b7374 [0x00000001166b71e0+0x194]
v  ~StubRoutines::call_stub
V  [libjvm.dylib+0x2ed9d6]  JavaCalls::call_helper(JavaValue*, methodHandle*, JavaCallArguments*, Thread*)+0x6ae
V  [libjvm.dylib+0x324b65]  jni_invoke_nonstatic(JNIEnv_*, JavaValue*, _jobject*, JNICallType, _jmethodID*, JNI_ArgumentPusher*, Thread*)+0x2ec
V  [libjvm.dylib+0x317333]  jni_CallVoidMethod+0x16b
C  [libnativewindow_macosx.jnilib+0x5326]  Java_jogamp_nativewindow_jawt_macosx_MacOSXJAWTWindow_UnsetJAWTRootSurfaceLayer0+0x2b6
C  [Foundation+0x7152a]  __NSThreadPerformPerform+0x146
C  [CoreFoundation+0xa7321]  __CFRUNLOOP_IS_CALLING_OUT_TO_A_SOURCE0_PERFORM_FUNCTION__+0x11
C  [CoreFoundation+0x8821d]  __CFRunLoopDoSources0+0x22d
C  [CoreFoundation+0x87716]  __CFRunLoopRun+0x3a6
C  [CoreFoundation+0x87114]  CFRunLoopRunSpecific+0x1a4
C  [HIToolbox+0x30ebc]  RunCurrentEventLoopInMode+0xf0
C  [HIToolbox+0x30bf9]  ReceiveNextEventCommon+0xb8
C  [HIToolbox+0x30b26]  _BlockUntilNextEventMatchingListInModeWithFilter+0x47
C  [AppKit+0x46a54]  _DPSNextEvent+0x460
C  [AppKit+0x7c27ee]  -[NSApplication(NSEvent) _nextEventMatchingEventMask:untilDate:inMode:dequeue:]+0xaec
C  [libosxapp.dylib+0x23aa]  -[NSApplicationAWT nextEventMatchingMask:untilDate:inMode:dequeue:]+0x7c
C  [AppKit+0x3b3db]  -[NSApplication run]+0x39e
C  [libosxapp.dylib+0x214d]  +[NSApplicationAWT runAWTLoopWithApp:]+0x9c
C  [libawt_lwawt.dylib+0x45ff7]  -[AWTStarter starter:]+0x389
C  [Foundation+0x7152a]  __NSThreadPerformPerform+0x146
C  [CoreFoundation+0xa7321]  __CFRUNLOOP_IS_CALLING_OUT_TO_A_SOURCE0_PERFORM_FUNCTION__+0x11
C  [CoreFoundation+0x8821d]  __CFRunLoopDoSources0+0x22d
C  [CoreFoundation+0x87716]  __CFRunLoopRun+0x3a6
C  [CoreFoundation+0x87114]  CFRunLoopRunSpecific+0x1a4
C  [java+0x6465]  CreateExecutionEnvironment+0x367
C  [java+0x218c]  JLI_Launch+0x7a0
C  [java+0x84c2]  main+0x65
C  [java+0x19e4]  start+0x34
C  0x0000000000000007

Java frames: (J=compiled Java code, j=interpreted, Vv=VM code)
j  jogamp.nativewindow.jawt.macosx.MacOSXJAWTWindow.UnsetJAWTRootSurfaceLayer0(JJ)V+0
j  jogamp.nativewindow.jawt.macosx.MacOSXJAWTWindow.access$200(JJ)V+2
j  jogamp.nativewindow.jawt.macosx.MacOSXJAWTWindow$1.run()V+38
J 2772 C1 com.jogamp.common.util.RunnableTask.run()V (345 bytes) @ 0x00000001166b7374 [0x00000001166b71e0+0x194]
v  ~StubRoutines::call_stub

---------------  P R O C E S S  ---------------

Java Threads: ( => current thread )
  0x00007f9c92a82000 JavaThread "Thread-19" [_thread_blocked, id=4627, stack(0x0000700004dc6000,0x0000700004ec6000)]
  0x00007f9c9321a000 JavaThread "AWT-EventQueue-1" [_thread_in_native, id=66843, stack(0x0000700004c40000,0x0000700004d40000)]
  0x00007f9c93260000 JavaThread "DestroyJavaVM" [_thread_blocked, id=7171, stack(0x00007000035f8000,0x00007000036f8000)]
  0x00007f9c92153000 JavaThread "AWT-EventQueue-0" [_thread_blocked, id=62003, stack(0x0000700004a3a000,0x0000700004b3a000)]
  0x00007f9c93a3c000 JavaThread "Java2D Disposer" daemon [_thread_blocked, id=56847, stack(0x00007000047b1000,0x00007000048b1000)]
  0x00007f9c93193800 JavaThread "Java2D Queue Flusher" daemon [_thread_blocked, id=47663, stack(0x00007000046ae000,0x00007000047ae000)]
  0x00007f9c92892000 JavaThread "AWT-Shutdown" [_thread_blocked, id=29727, stack(0x00007000044a5000,0x00007000045a5000)]
=>0x00007f9c92881000 JavaThread "AWT-AppKit" daemon [_thread_in_native, id=775, stack(0x00007fff5466d000,0x00007fff54e6d000)]
  0x00007f9c92834800 JavaThread "Service Thread" daemon [_thread_blocked, id=18691, stack(0x000070000421c000,0x000070000431c000)]
  0x00007f9c93000800 JavaThread "C1 CompilerThread2" daemon [_thread_blocked, id=18179, stack(0x0000700004119000,0x0000700004219000)]
  0x00007f9c9201c800 JavaThread "C2 CompilerThread1" daemon [_thread_blocked, id=17667, stack(0x0000700004016000,0x0000700004116000)]
  0x00007f9c92018800 JavaThread "C2 CompilerThread0" daemon [_thread_blocked, id=17155, stack(0x0000700003f13000,0x0000700004013000)]
  0x00007f9c9284c800 JavaThread "Signal Dispatcher" daemon [_thread_blocked, id=16643, stack(0x0000700003e10000,0x0000700003f10000)]
  0x00007f9c92821800 JavaThread "Finalizer" daemon [_thread_blocked, id=12547, stack(0x0000700003d0d000,0x0000700003e0d000)]
  0x00007f9c9202a800 JavaThread "Reference Handler" daemon [_thread_blocked, id=12035, stack(0x0000700003c0a000,0x0000700003d0a000)]

Other Threads:
  0x00007f9c92027800 VMThread [stack: 0x0000700003b07000,0x0000700003c07000] [id=11523]
  0x00007f9c92837000 WatcherThread [stack: 0x000070000431f000,0x000070000441f000] [id=19203]

VM state:not at safepoint (normal execution)

VM Mutex/Monitor currently owned by a thread: None

Heap:
 PSYoungGen      total 60928K, used 36054K [0x00000007aab00000, 0x00000007af200000, 0x00000007c0000000)
  eden space 53248K, 67% used [0x00000007aab00000,0x00000007acdfd8c8,0x00000007adf00000)
  from space 7680K, 2% used [0x00000007aea80000,0x00000007aeab8000,0x00000007af200000)
  to   space 9728K, 0% used [0x00000007adf00000,0x00000007adf00000,0x00000007ae880000)
 ParOldGen       total 45568K, used 15771K [0x0000000780000000, 0x0000000782c80000, 0x00000007aab00000)
  object space 45568K, 34% used [0x0000000780000000,0x0000000780f66fe0,0x0000000782c80000)
 Metaspace       used 21884K, capacity 22159K, committed 22448K, reserved 1069056K
  class space    used 2138K, capacity 2236K, committed 2304K, reserved 1048576K

Card table byte_map: [0x000000010cb62000,0x000000010cd63000] byte_map_base: 0x0000000108f62000

Marking Bits: (ParMarkBitMap*) 0x000000010c0f0d30
 Begin Bits: [0x000000010cd63000, 0x000000010dd63000)
 End Bits:   [0x000000010dd63000, 0x000000010ed63000)

Polling page: 0x000000010ae53000

CodeCache: size=245760Kb used=10318Kb max_used=11898Kb free=235441Kb
 bounds [0x00000001162ff000, 0x0000000116eaf000, 0x00000001252ff000]
 total_blobs=3750 nmethods=2853 adapters=810
 compilation: enabled

Compilation events (10 events):
Event: 87.793 Thread 0x00007f9c92018800 nmethod 3378 0x0000000116510010 code [0x0000000116510180, 0x0000000116510518]
Event: 87.793 Thread 0x00007f9c92018800 3380   !   4       java.awt.event.InvocationEvent::dispatch (69 bytes)
Event: 87.796 Thread 0x00007f9c9201c800 nmethod 3379 0x00000001166171d0 code [0x0000000116617340, 0x00000001166175b8]
Event: 87.821 Thread 0x00007f9c92018800 nmethod 3380 0x0000000116a46290 code [0x0000000116a464e0, 0x0000000116a47990]
Event: 89.625 Thread 0x00007f9c9201c800 3381       4       sun.lwawt.LWComponentPeer::getWindowPeerOrSelf (5 bytes)
Event: 89.626 Thread 0x00007f9c9201c800 nmethod 3381 0x0000000116636c10 code [0x0000000116636d60, 0x0000000116636dd8]
Event: 90.319 Thread 0x00007f9c92018800 3382       4       java.security.ProtectionDomain$JavaSecurityAccessImpl::getCombinedACC (30 bytes)
Event: 90.331 Thread 0x00007f9c92018800 nmethod 3382 0x00000001164b3c10 code [0x00000001164b3d80, 0x00000001164b3f48]
Event: 91.222 Thread 0x00007f9c93000800 3383       3       java.util.HashSet::<init> (16 bytes)
Event: 91.223 Thread 0x00007f9c93000800 nmethod 3383 0x00000001169b4f10 code [0x00000001169b50a0, 0x00000001169b54b0]

GC Heap History (10 events):
Event: 46.670 GC heap before
{Heap before GC invocations=13 (full 1):
 PSYoungGen      total 62976K, used 62688K [0x00000007aab00000, 0x00000007aff00000, 0x00000007c0000000)
  eden space 62464K, 100% used [0x00000007aab00000,0x00000007ae800000,0x00000007ae800000)
  from space 512K, 43% used [0x00000007aea00000,0x00000007aea38000,0x00000007aea80000)
  to   space 11776K, 0% used [0x00000007af380000,0x00000007af380000,0x00000007aff00000)
 ParOldGen       total 45568K, used 15771K [0x0000000780000000, 0x0000000782c80000, 0x00000007aab00000)
  object space 45568K, 34% used [0x0000000780000000,0x0000000780f66fe0,0x0000000782c80000)
 Metaspace       used 21848K, capacity 22095K, committed 22448K, reserved 1069056K
  class space    used 2130K, capacity 2236K, committed 2304K, reserved 1048576K
Event: 46.671 GC heap after
Heap after GC invocations=13 (full 1):
 PSYoungGen      total 69120K, used 256K [0x00000007aab00000, 0x00000007afc00000, 0x00000007c0000000)
  eden space 60416K, 0% used [0x00000007aab00000,0x00000007aab00000,0x00000007ae600000)
  from space 8704K, 2% used [0x00000007af380000,0x00000007af3c0000,0x00000007afc00000)
  to   space 11264K, 0% used [0x00000007ae600000,0x00000007ae600000,0x00000007af100000)
 ParOldGen       total 45568K, used 15771K [0x0000000780000000, 0x0000000782c80000, 0x00000007aab00000)
  object space 45568K, 34% used [0x0000000780000000,0x0000000780f66fe0,0x0000000782c80000)
 Metaspace       used 21848K, capacity 22095K, committed 22448K, reserved 1069056K
  class space    used 2130K, capacity 2236K, committed 2304K, reserved 1048576K
}
Event: 56.855 GC heap before
{Heap before GC invocations=14 (full 1):
 PSYoungGen      total 69120K, used 60672K [0x00000007aab00000, 0x00000007afc00000, 0x00000007c0000000)
  eden space 60416K, 100% used [0x00000007aab00000,0x00000007ae600000,0x00000007ae600000)
  from space 8704K, 2% used [0x00000007af380000,0x00000007af3c0000,0x00000007afc00000)
  to   space 11264K, 0% used [0x00000007ae600000,0x00000007ae600000,0x00000007af100000)
 ParOldGen       total 45568K, used 15771K [0x0000000780000000, 0x0000000782c80000, 0x00000007aab00000)
  object space 45568K, 34% used [0x0000000780000000,0x0000000780f66fe0,0x0000000782c80000)
 Metaspace       used 21848K, capacity 22095K, committed 22448K, reserved 1069056K
  class space    used 2130K, capacity 2236K, committed 2304K, reserved 1048576K
Event: 56.857 GC heap after
Heap after GC invocations=14 (full 1):
 PSYoungGen      total 58880K, used 256K [0x00000007aab00000, 0x00000007af900000, 0x00000007c0000000)
  eden space 58368K, 0% used [0x00000007aab00000,0x00000007aab00000,0x00000007ae400000)
  from space 512K, 50% used [0x00000007ae600000,0x00000007ae640000,0x00000007ae680000)
  to   space 10752K, 0% used [0x00000007aee80000,0x00000007aee80000,0x00000007af900000)
 ParOldGen       total 45568K, used 15771K [0x0000000780000000, 0x0000000782c80000, 0x00000007aab00000)
  object space 45568K, 34% used [0x0000000780000000,0x0000000780f66fe0,0x0000000782c80000)
 Metaspace       used 21848K, capacity 22095K, committed 22448K, reserved 1069056K
  class space    used 2130K, capacity 2236K, committed 2304K, reserved 1048576K
}
Event: 66.707 GC heap before
{Heap before GC invocations=15 (full 1):
 PSYoungGen      total 58880K, used 58624K [0x00000007aab00000, 0x00000007af900000, 0x00000007c0000000)
  eden space 58368K, 100% used [0x00000007aab00000,0x00000007ae400000,0x00000007ae400000)
  from space 512K, 50% used [0x00000007ae600000,0x00000007ae640000,0x00000007ae680000)
  to   space 10752K, 0% used [0x00000007aee80000,0x00000007aee80000,0x00000007af900000)
 ParOldGen       total 45568K, used 15771K [0x0000000780000000, 0x0000000782c80000, 0x00000007aab00000)
  object space 45568K, 34% used [0x0000000780000000,0x0000000780f66fe0,0x0000000782c80000)
 Metaspace       used 21848K, capacity 22095K, committed 22448K, reserved 1069056K
  class space    used 2130K, capacity 2236K, committed 2304K, reserved 1048576K
Event: 66.709 GC heap after
Heap after GC invocations=15 (full 1):
 PSYoungGen      total 65024K, used 224K [0x00000007aab00000, 0x00000007af700000, 0x00000007c0000000)
  eden space 56320K, 0% used [0x00000007aab00000,0x00000007aab00000,0x00000007ae200000)
  from space 8704K, 2% used [0x00000007aee80000,0x00000007aeeb8000,0x00000007af700000)
  to   space 10752K, 0% used [0x00000007ae200000,0x00000007ae200000,0x00000007aec80000)
 ParOldGen       total 45568K, used 15771K [0x0000000780000000, 0x0000000782c80000, 0x00000007aab00000)
  object space 45568K, 34% used [0x0000000780000000,0x0000000780f66fe0,0x0000000782c80000)
 Metaspace       used 21848K, capacity 22095K, committed 22448K, reserved 1069056K
  class space    used 2130K, capacity 2236K, committed 2304K, reserved 1048576K
}
Event: 76.206 GC heap before
{Heap before GC invocations=16 (full 1):
 PSYoungGen      total 65024K, used 56544K [0x00000007aab00000, 0x00000007af700000, 0x00000007c0000000)
  eden space 56320K, 100% used [0x00000007aab00000,0x00000007ae200000,0x00000007ae200000)
  from space 8704K, 2% used [0x00000007aee80000,0x00000007aeeb8000,0x00000007af700000)
  to   space 10752K, 0% used [0x00000007ae200000,0x00000007ae200000,0x00000007aec80000)
 ParOldGen       total 45568K, used 15771K [0x0000000780000000, 0x0000000782c80000, 0x00000007aab00000)
  object space 45568K, 34% used [0x0000000780000000,0x0000000780f66fe0,0x0000000782c80000)
 Metaspace       used 21849K, capacity 22095K, committed 22448K, reserved 1069056K
  class space    used 2130K, capacity 2236K, committed 2304K, reserved 1048576K
Event: 76.208 GC heap after
Heap after GC invocations=16 (full 1):
 PSYoungGen      total 55296K, used 256K [0x00000007aab00000, 0x00000007af480000, 0x00000007c0000000)
  eden space 54784K, 0% used [0x00000007aab00000,0x00000007aab00000,0x00000007ae080000)
  from space 512K, 50% used [0x00000007ae200000,0x00000007ae240000,0x00000007ae280000)
  to   space 10240K, 0% used [0x00000007aea80000,0x00000007aea80000,0x00000007af480000)
 ParOldGen       total 45568K, used 15771K [0x0000000780000000, 0x0000000782c80000, 0x00000007aab00000)
  object space 45568K, 34% used [0x0000000780000000,0x0000000780f66fe0,0x0000000782c80000)
 Metaspace       used 21849K, capacity 22095K, committed 22448K, reserved 1069056K
  class space    used 2130K, capacity 2236K, committed 2304K, reserved 1048576K
}
Event: 85.491 GC heap before
{Heap before GC invocations=17 (full 1):
 PSYoungGen      total 55296K, used 55040K [0x00000007aab00000, 0x00000007af480000, 0x00000007c0000000)
  eden space 54784K, 100% used [0x00000007aab00000,0x00000007ae080000,0x00000007ae080000)
  from space 512K, 50% used [0x00000007ae200000,0x00000007ae240000,0x00000007ae280000)
  to   space 10240K, 0% used [0x00000007aea80000,0x00000007aea80000,0x00000007af480000)
 ParOldGen       total 45568K, used 15771K [0x0000000780000000, 0x0000000782c80000, 0x00000007aab00000)
  object space 45568K, 34% used [0x0000000780000000,0x0000000780f66fe0,0x0000000782c80000)
 Metaspace       used 21849K, capacity 22095K, committed 22448K, reserved 1069056K
  class space    used 2130K, capacity 2236K, committed 2304K, reserved 1048576K
Event: 85.493 GC heap after
Heap after GC invocations=17 (full 1):
 PSYoungGen      total 60928K, used 224K [0x00000007aab00000, 0x00000007af200000, 0x00000007c0000000)
  eden space 53248K, 0% used [0x00000007aab00000,0x00000007aab00000,0x00000007adf00000)
  from space 7680K, 2% used [0x00000007aea80000,0x00000007aeab8000,0x00000007af200000)
  to   space 9728K, 0% used [0x00000007adf00000,0x00000007adf00000,0x00000007ae880000)
 ParOldGen       total 45568K, used 15771K [0x0000000780000000, 0x0000000782c80000, 0x00000007aab00000)
  object space 45568K, 34% used [0x0000000780000000,0x0000000780f66fe0,0x0000000782c80000)
 Metaspace       used 21849K, capacity 22095K, committed 22448K, reserved 1069056K
  class space    used 2130K, capacity 2236K, committed 2304K, reserved 1048576K
}

Deoptimization events (10 events):
Event: 91.191 Thread 0x00007f9c9321a000 Uncommon trap: reason=unstable_if action=reinterpret pc=0x0000000116940700 method=java.awt.EventQueue.getPriority(Ljava/awt/AWTEvent;)I @ 22
Event: 91.191 Thread 0x00007f9c9321a000 Uncommon trap: reason=unstable_if action=reinterpret pc=0x000000011681dbc0 method=java.awt.EventQueue.uncacheEQItem(Lsun/awt/EventQueueItem;)V @ 23
Event: 91.192 Thread 0x00007f9c9321a000 Uncommon trap: reason=bimorphic action=maybe_recompile pc=0x0000000116a4729c method=java.awt.event.InvocationEvent.dispatch()V @ 47
Event: 91.194 Thread 0x00007f9c92153000 Uncommon trap: reason=bimorphic action=maybe_recompile pc=0x0000000116a4729c method=java.awt.event.InvocationEvent.dispatch()V @ 47
Event: 91.195 Thread 0x00007f9c92153000 Uncommon trap: reason=unstable_if action=reinterpret pc=0x0000000116e9b130 method=sun.java2d.pipe.Region.intersectsQuickCheck(Lsun/java2d/pipe/Region;)Z @ 41
Event: 91.221 Thread 0x00007f9c931a4000 Uncommon trap: reason=unstable_if action=reinterpret pc=0x0000000116a606c8 method=java.util.HashMap.putVal(ILjava/lang/Object;Ljava/lang/Object;ZZ)Ljava/lang/Object; @ 81
Event: 91.221 Thread 0x00007f9c931a4000 Uncommon trap: reason=unstable_if action=reinterpret pc=0x0000000116a5c994 method=java.util.HashMap.putVal(ILjava/lang/Object;Ljava/lang/Object;ZZ)Ljava/lang/Object; @ 81
Event: 91.223 Thread 0x00007f9c92153000 Uncommon trap: reason=bimorphic action=maybe_recompile pc=0x0000000116a4729c method=java.awt.event.InvocationEvent.dispatch()V @ 47
Event: 91.240 Thread 0x00007f9c9321a000 Uncommon trap: reason=unstable_if action=reinterpret pc=0x0000000116c20180 method=java.security.AccessControlContext.optimize()Ljava/security/AccessControlContext; @ 233
Event: 91.242 Thread 0x00007f9c92a82000 Uncommon trap: reason=predicate action=maybe_recompile pc=0x0000000116b2b330 method=java.util.Vector.indexOf(Ljava/lang/Object;I)I @ 44

Internal exceptions (10 events):
Event: 0.428 Thread 0x00007f9c9200a000 Exception <a 'java/lang/NoSuchFieldError': method resolution failed> (0x00000007aacc89d8) thrown at [/Users/java_re/workspace/8-2-build-macosx-x86_64/jdk8u121/8372/hotspot/src/share/vm/prims/methodHandles.cpp, line 1146]
Event: 0.434 Thread 0x00007f9c9200a000 Exception <a 'java/lang/NoSuchFieldError': method resolution failed> (0x00000007aacd61a8) thrown at [/Users/java_re/workspace/8-2-build-macosx-x86_64/jdk8u121/8372/hotspot/src/share/vm/prims/methodHandles.cpp, line 1146]
Event: 0.904 Thread 0x00007f9c9200a000 Exception <a 'java/io/FileNotFoundException'> (0x00000007aad52d98) thrown at [/Users/java_re/workspace/8-2-build-macosx-x86_64/jdk8u121/8372/hotspot/src/share/vm/prims/jni.cpp, line 709]
Event: 0.904 Thread 0x00007f9c9200a000 Exception <a 'java/io/FileNotFoundException'> (0x00000007aad538e8) thrown at [/Users/java_re/workspace/8-2-build-macosx-x86_64/jdk8u121/8372/hotspot/src/share/vm/prims/jni.cpp, line 709]
Event: 1.209 Thread 0x00007f9c9200a000 Exception <a 'java/io/FileNotFoundException'> (0x00000007aae8c378) thrown at [/Users/java_re/workspace/8-2-build-macosx-x86_64/jdk8u121/8372/hotspot/src/share/vm/prims/jni.cpp, line 709]
Event: 4.963 Thread 0x00007f9c92821800 Exception <a 'java/lang/NullPointerException'> (0x00000007aab89b20) thrown at [/Users/java_re/workspace/8-2-build-macosx-x86_64/jdk8u121/8372/hotspot/src/share/vm/interpreter/linkResolver.cpp, line 1178]
Event: 5.097 Thread 0x00007f9c929c2800 Exception <a 'java/lang/UnsatisfiedLinkError': com.jogamp.common.util.JarUtil.fixNativeLibAttribs(Ljava/lang/String;)Z> (0x00000007aaf7bae0) thrown at [/Users/java_re/workspace/8-2-build-macosx-x86_64/jdk8u121/8372/hotspot/src/share/vm/prims/nativeLookup.
Event: 6.449 Thread 0x00007f9c9321a000 Exception <a 'java/io/FileNotFoundException'> (0x00000007ab18c410) thrown at [/Users/java_re/workspace/8-2-build-macosx-x86_64/jdk8u121/8372/hotspot/src/share/vm/prims/jni.cpp, line 709]
Event: 6.449 Thread 0x00007f9c9321a000 Exception <a 'java/io/FileNotFoundException'> (0x00000007ab192608) thrown at [/Users/java_re/workspace/8-2-build-macosx-x86_64/jdk8u121/8372/hotspot/src/share/vm/prims/jni.cpp, line 709]
Event: 6.450 Thread 0x00007f9c9321a000 Implicit null exception at 0x00000001164b9d36 to 0x00000001164ba105

Events (10 events):
Event: 91.241 loading class java/awt/Toolkit$ToolkitEventMulticaster
Event: 91.241 loading class java/awt/Toolkit$ToolkitEventMulticaster done
Event: 91.241 Executing VM operation: RevokeBias
Event: 91.241 Executing VM operation: RevokeBias done
Event: 91.242 Thread 0x00007f9c931a4000 Thread exited: 0x00007f9c931a4000
Event: 91.242 Thread 0x00007f9c92a82000 Uncommon trap: trap_request=0xffffff86 fr.pc=0x0000000116b2b330
Event: 91.242 Thread 0x00007f9c92a82000 DEOPT PACKING pc=0x0000000116b2b330 sp=0x0000700004ec57f0
Event: 91.242 Thread 0x00007f9c92a82000 DEOPT UNPACKING pc=0x0000000116304229 sp=0x0000700004ec57a0 mode 2
Event: 91.242 loading class java/awt/Window$1DisposeAction
Event: 91.242 loading class java/awt/Window$1DisposeAction done


Dynamic libraries:
0x000000004c357000 	/System/Library/Frameworks/Cocoa.framework/Versions/A/Cocoa
0x000000004c357000 	/System/Library/Frameworks/Security.framework/Versions/A/Security
0x000000004c357000 	/System/Library/Frameworks/ApplicationServices.framework/Versions/A/ApplicationServices
0x000000004c357000 	/usr/lib/libz.1.dylib
0x000000004c357000 	/usr/lib/libSystem.B.dylib
0x000000004c357000 	/usr/lib/libobjc.A.dylib
0x000000004c357000 	/System/Library/Frameworks/CoreFoundation.framework/Versions/A/CoreFoundation
0x000000004c357000 	/System/Library/Frameworks/Foundation.framework/Versions/C/Foundation
0x000000004c357000 	/System/Library/Frameworks/AppKit.framework/Versions/C/AppKit
0x000000004c357000 	/System/Library/Frameworks/CoreData.framework/Versions/A/CoreData
0x000000004c357000 	/System/Library/PrivateFrameworks/RemoteViewServices.framework/Versions/A/RemoteViewServices
0x000000004c357000 	/System/Library/PrivateFrameworks/UIFoundation.framework/Versions/A/UIFoundation
0x000000004c357000 	/System/Library/PrivateFrameworks/DFRFoundation.framework/Versions/A/DFRFoundation
0x000000004c357000 	/usr/lib/libenergytrace.dylib
0x000000004c357000 	/System/Library/PrivateFrameworks/SkyLight.framework/Versions/A/SkyLight
0x000000004c357000 	/System/Library/Frameworks/CoreGraphics.framework/Versions/A/CoreGraphics
0x000000004c357000 	/usr/lib/libScreenReader.dylib
0x000000004c357000 	/System/Library/Frameworks/Accelerate.framework/Versions/A/Accelerate
0x000000004c357000 	/System/Library/Frameworks/IOSurface.framework/Versions/A/IOSurface
0x000000004c357000 	/System/Library/Frameworks/AudioToolbox.framework/Versions/A/AudioToolbox
0x000000004c357000 	/System/Library/Frameworks/AudioUnit.framework/Versions/A/AudioUnit
0x000000004c357000 	/System/Library/PrivateFrameworks/DataDetectorsCore.framework/Versions/A/DataDetectorsCore
0x000000004c357000 	/System/Library/PrivateFrameworks/DesktopServicesPriv.framework/Versions/A/DesktopServicesPriv
0x000000004c357000 	/System/Library/Frameworks/Carbon.framework/Versions/A/Frameworks/HIToolbox.framework/Versions/A/HIToolbox
0x000000004c357000 	/usr/lib/libicucore.A.dylib
0x000000004c357000 	/System/Library/Frameworks/QuartzCore.framework/Versions/A/QuartzCore
0x000000004c357000 	/System/Library/Frameworks/Carbon.framework/Versions/A/Frameworks/SpeechRecognition.framework/Versions/A/SpeechRecognition
0x000000004c357000 	/usr/lib/libauto.dylib
0x000000004c357000 	/usr/lib/libxml2.2.dylib
0x000000004c357000 	/System/Library/PrivateFrameworks/CoreUI.framework/Versions/A/CoreUI
0x000000004c357000 	/System/Library/Frameworks/CoreAudio.framework/Versions/A/CoreAudio
0x000000004c357000 	/System/Library/Frameworks/DiskArbitration.framework/Versions/A/DiskArbitration
0x000000004c357000 	/usr/lib/liblangid.dylib
0x000000004c357000 	/System/Library/PrivateFrameworks/MultitouchSupport.framework/Versions/A/MultitouchSupport
0x000000004c357000 	/System/Library/Frameworks/IOKit.framework/Versions/A/IOKit
0x000000004c357000 	/usr/lib/libDiagnosticMessagesClient.dylib
0x000000004c357000 	/System/Library/Frameworks/CoreServices.framework/Versions/A/CoreServices
0x000000004c357000 	/System/Library/PrivateFrameworks/PerformanceAnalysis.framework/Versions/A/PerformanceAnalysis
0x000000004c357000 	/System/Library/PrivateFrameworks/GenerationalStorage.framework/Versions/A/GenerationalStorage
0x000000004c357000 	/System/Library/Frameworks/OpenGL.framework/Versions/A/OpenGL
0x000000004c357000 	/System/Library/Frameworks/CoreImage.framework/Versions/A/CoreImage
0x000000004c357000 	/System/Library/Frameworks/CoreText.framework/Versions/A/CoreText
0x000000004c357000 	/System/Library/Frameworks/ImageIO.framework/Versions/A/ImageIO
0x000000004c357000 	/System/Library/PrivateFrameworks/Backup.framework/Versions/A/Backup
0x000000004c357000 	/usr/lib/libarchive.2.dylib
0x000000004c357000 	/System/Library/Frameworks/CFNetwork.framework/Versions/A/CFNetwork
0x000000004c357000 	/System/Library/Frameworks/SystemConfiguration.framework/Versions/A/SystemConfiguration
0x000000004c357000 	/usr/lib/libCRFSuite.dylib
0x000000004c357000 	/usr/lib/libc++.1.dylib
0x000000004c357000 	/usr/lib/libc++abi.dylib
0x000000004c357000 	/usr/lib/system/libcache.dylib
0x000000004c357000 	/usr/lib/system/libcommonCrypto.dylib
0x000000004c357000 	/usr/lib/system/libcompiler_rt.dylib
0x000000004c357000 	/usr/lib/system/libcopyfile.dylib
0x000000004c357000 	/usr/lib/system/libcorecrypto.dylib
0x000000004c357000 	/usr/lib/system/libdispatch.dylib
0x000000004c357000 	/usr/lib/system/libdyld.dylib
0x000000004c357000 	/usr/lib/system/libkeymgr.dylib
0x000000004c357000 	/usr/lib/system/liblaunch.dylib
0x000000004c357000 	/usr/lib/system/libmacho.dylib
0x000000004c357000 	/usr/lib/system/libquarantine.dylib
0x000000004c357000 	/usr/lib/system/libremovefile.dylib
0x000000004c357000 	/usr/lib/system/libsystem_asl.dylib
0x000000004c357000 	/usr/lib/system/libsystem_blocks.dylib
0x000000004c357000 	/usr/lib/system/libsystem_c.dylib
0x000000004c357000 	/usr/lib/system/libsystem_configuration.dylib
0x000000004c357000 	/usr/lib/system/libsystem_coreservices.dylib
0x000000004c357000 	/usr/lib/system/libsystem_coretls.dylib
0x000000004c357000 	/usr/lib/system/libsystem_dnssd.dylib
0x000000004c357000 	/usr/lib/system/libsystem_info.dylib
0x000000004c357000 	/usr/lib/system/libsystem_kernel.dylib
0x000000004c357000 	/usr/lib/system/libsystem_m.dylib
0x000000004c357000 	/usr/lib/system/libsystem_malloc.dylib
0x000000004c357000 	/usr/lib/system/libsystem_network.dylib
0x000000004c357000 	/usr/lib/system/libsystem_networkextension.dylib
0x000000004c357000 	/usr/lib/system/libsystem_notify.dylib
0x000000004c357000 	/usr/lib/system/libsystem_platform.dylib
0x000000004c357000 	/usr/lib/system/libsystem_pthread.dylib
0x000000004c357000 	/usr/lib/system/libsystem_sandbox.dylib
0x000000004c357000 	/usr/lib/system/libsystem_secinit.dylib
0x000000004c357000 	/usr/lib/system/libsystem_symptoms.dylib
0x000000004c357000 	/usr/lib/system/libsystem_trace.dylib
0x000000004c357000 	/usr/lib/system/libunwind.dylib
0x000000004c357000 	/usr/lib/system/libxpc.dylib
0x000000004c357000 	/usr/lib/libbsm.0.dylib
0x000000004c357000 	/usr/lib/system/libkxld.dylib
0x000000004c357000 	/usr/lib/libcoretls.dylib
0x000000004c357000 	/usr/lib/libcoretls_cfhelpers.dylib
0x000000004c357000 	/usr/lib/libOpenScriptingUtil.dylib
0x000000004c357000 	/usr/lib/libpam.2.dylib
0x000000004c357000 	/usr/lib/libsqlite3.dylib
0x000000004c357000 	/usr/lib/libxar.1.dylib
0x000000004c357000 	/usr/lib/libbz2.1.0.dylib
0x000000004c357000 	/usr/lib/liblzma.5.dylib
0x000000004c357000 	/usr/lib/libnetwork.dylib
0x000000004c357000 	/usr/lib/libpcap.A.dylib
0x000000004c357000 	/System/Library/Frameworks/CoreServices.framework/Versions/A/Frameworks/FSEvents.framework/Versions/A/FSEvents
0x000000004c357000 	/System/Library/Frameworks/CoreServices.framework/Versions/A/Frameworks/CarbonCore.framework/Versions/A/CarbonCore
0x000000004c357000 	/System/Library/Frameworks/CoreServices.framework/Versions/A/Frameworks/Metadata.framework/Versions/A/Metadata
0x000000004c357000 	/System/Library/Frameworks/CoreServices.framework/Versions/A/Frameworks/OSServices.framework/Versions/A/OSServices
0x000000004c357000 	/System/Library/Frameworks/CoreServices.framework/Versions/A/Frameworks/SearchKit.framework/Versions/A/SearchKit
0x000000004c357000 	/System/Library/Frameworks/CoreServices.framework/Versions/A/Frameworks/AE.framework/Versions/A/AE
0x000000004c357000 	/System/Library/Frameworks/CoreServices.framework/Versions/A/Frameworks/LaunchServices.framework/Versions/A/LaunchServices
0x000000004c357000 	/System/Library/Frameworks/CoreServices.framework/Versions/A/Frameworks/DictionaryServices.framework/Versions/A/DictionaryServices
0x000000004c357000 	/System/Library/Frameworks/CoreServices.framework/Versions/A/Frameworks/SharedFileList.framework/Versions/A/SharedFileList
0x000000004c357000 	/System/Library/Frameworks/NetFS.framework/Versions/A/NetFS
0x000000004c357000 	/System/Library/PrivateFrameworks/NetAuth.framework/Versions/A/NetAuth
0x000000004c357000 	/System/Library/PrivateFrameworks/login.framework/Versions/A/Frameworks/loginsupport.framework/Versions/A/loginsupport
0x000000004c357000 	/System/Library/PrivateFrameworks/TCC.framework/Versions/A/TCC
0x000000004c357000 	/usr/lib/libmecabra.dylib
0x000000004c357000 	/System/Library/Frameworks/ApplicationServices.framework/Versions/A/Frameworks/ATS.framework/Versions/A/ATS
0x000000004c357000 	/System/Library/Frameworks/ApplicationServices.framework/Versions/A/Frameworks/ColorSync.framework/Versions/A/ColorSync
0x000000004c357000 	/System/Library/Frameworks/ApplicationServices.framework/Versions/A/Frameworks/HIServices.framework/Versions/A/HIServices
0x000000004c357000 	/System/Library/Frameworks/ApplicationServices.framework/Versions/A/Frameworks/LangAnalysis.framework/Versions/A/LangAnalysis
0x000000004c357000 	/System/Library/Frameworks/ApplicationServices.framework/Versions/A/Frameworks/PrintCore.framework/Versions/A/PrintCore
0x000000004c357000 	/System/Library/Frameworks/ApplicationServices.framework/Versions/A/Frameworks/QD.framework/Versions/A/QD
0x000000004c357000 	/System/Library/Frameworks/ApplicationServices.framework/Versions/A/Frameworks/SpeechSynthesis.framework/Versions/A/SpeechSynthesis
0x000000004c357000 	/System/Library/Frameworks/Accelerate.framework/Versions/A/Frameworks/vImage.framework/Versions/A/vImage
0x000000004c357000 	/System/Library/Frameworks/Accelerate.framework/Versions/A/Frameworks/vecLib.framework/Versions/A/vecLib
0x000000004c357000 	/System/Library/Frameworks/Accelerate.framework/Versions/A/Frameworks/vecLib.framework/Versions/A/libvDSP.dylib
0x000000004c357000 	/System/Library/Frameworks/Accelerate.framework/Versions/A/Frameworks/vecLib.framework/Versions/A/libBNNS.dylib
0x000000004c357000 	/System/Library/Frameworks/Accelerate.framework/Versions/A/Frameworks/vecLib.framework/Versions/A/libQuadrature.dylib
0x000000004c357000 	/System/Library/Frameworks/Accelerate.framework/Versions/A/Frameworks/vecLib.framework/Versions/A/libvMisc.dylib
0x000000004c357000 	/System/Library/Frameworks/Accelerate.framework/Versions/A/Frameworks/vecLib.framework/Versions/A/libLAPACK.dylib
0x000000004c357000 	/System/Library/Frameworks/Accelerate.framework/Versions/A/Frameworks/vecLib.framework/Versions/A/libBLAS.dylib
0x000000004c357000 	/System/Library/Frameworks/Accelerate.framework/Versions/A/Frameworks/vecLib.framework/Versions/A/libLinearAlgebra.dylib
0x000000004c357000 	/System/Library/Frameworks/Accelerate.framework/Versions/A/Frameworks/vecLib.framework/Versions/A/libSparseBLAS.dylib
0x000000004c357000 	/System/Library/Frameworks/ApplicationServices.framework/Versions/A/Frameworks/ATS.framework/Versions/A/Resources/libFontParser.dylib
0x000000004c357000 	/System/Library/Frameworks/ApplicationServices.framework/Versions/A/Frameworks/ATS.framework/Versions/A/Resources/libFontRegistry.dylib
0x000000004c357000 	/System/Library/Frameworks/ImageIO.framework/Versions/A/Resources/libJPEG.dylib
0x000000004c357000 	/System/Library/Frameworks/ImageIO.framework/Versions/A/Resources/libTIFF.dylib
0x000000004c357000 	/System/Library/Frameworks/ImageIO.framework/Versions/A/Resources/libPng.dylib
0x000000004c357000 	/System/Library/Frameworks/ImageIO.framework/Versions/A/Resources/libGIF.dylib
0x000000004c357000 	/System/Library/Frameworks/ImageIO.framework/Versions/A/Resources/libJP2.dylib
0x000000004c357000 	/System/Library/Frameworks/ImageIO.framework/Versions/A/Resources/libRadiance.dylib
0x000000004c357000 	/usr/lib/libcompression.dylib
0x000000004c357000 	/System/Library/PrivateFrameworks/AppleJPEG.framework/Versions/A/AppleJPEG
0x000000004c357000 	/usr/lib/libcups.2.dylib
0x000000004c357000 	/System/Library/Frameworks/Kerberos.framework/Versions/A/Kerberos
0x000000004c357000 	/System/Library/Frameworks/GSS.framework/Versions/A/GSS
0x000000004c357000 	/usr/lib/libresolv.9.dylib
0x000000004c357000 	/usr/lib/libiconv.2.dylib
0x000000004c357000 	/System/Library/PrivateFrameworks/Heimdal.framework/Versions/A/Heimdal
0x000000004c357000 	/usr/lib/libheimdal-asn1.dylib
0x000000004c357000 	/System/Library/Frameworks/OpenDirectory.framework/Versions/A/OpenDirectory
0x000000004c357000 	/System/Library/PrivateFrameworks/CommonAuth.framework/Versions/A/CommonAuth
0x000000004c357000 	/System/Library/Frameworks/OpenDirectory.framework/Versions/A/Frameworks/CFOpenDirectory.framework/Versions/A/CFOpenDirectory
0x000000004c357000 	/System/Library/Frameworks/SecurityFoundation.framework/Versions/A/SecurityFoundation
0x000000004c357000 	/System/Library/PrivateFrameworks/LanguageModeling.framework/Versions/A/LanguageModeling
0x000000004c357000 	/usr/lib/libmarisa.dylib
0x000000004c357000 	/usr/lib/libChineseTokenizer.dylib
0x000000004c357000 	/usr/lib/libcmph.dylib
0x000000004c357000 	/System/Library/PrivateFrameworks/CoreEmoji.framework/Versions/A/CoreEmoji
0x000000004c357000 	/System/Library/Frameworks/ServiceManagement.framework/Versions/A/ServiceManagement
0x000000004c357000 	/usr/lib/libxslt.1.dylib
0x000000004c357000 	/System/Library/Frameworks/Carbon.framework/Versions/A/Frameworks/Ink.framework/Versions/A/Ink
0x000000004c357000 	/System/Library/PrivateFrameworks/TextureIO.framework/Versions/A/TextureIO
0x000000004c357000 	/System/Library/Frameworks/Metal.framework/Versions/A/Metal
0x000000004c357000 	/usr/lib/libate.dylib
0x000000004c357000 	/System/Library/PrivateFrameworks/GPUCompiler.framework/libmetal_timestamp.dylib
0x000000004c357000 	/System/Library/Frameworks/OpenGL.framework/Versions/A/Libraries/libCoreFSCache.dylib
0x000000004c357000 	/System/Library/PrivateFrameworks/IOAccelerator.framework/Versions/A/IOAccelerator
0x000000004c357000 	/System/Library/Frameworks/CoreVideo.framework/Versions/A/CoreVideo
0x000000004c357000 	/usr/lib/libFosl_dynamic.dylib
0x000000004c357000 	/System/Library/PrivateFrameworks/MetalPerformanceShaders.framework/Versions/A/MetalPerformanceShaders
0x000000004c357000 	/System/Library/PrivateFrameworks/FaceCore.framework/Versions/A/FaceCore
0x000000004c357000 	/System/Library/Frameworks/OpenCL.framework/Versions/A/OpenCL
0x000000004c357000 	/System/Library/Frameworks/OpenGL.framework/Versions/A/Libraries/libGLU.dylib
0x000000004c357000 	/System/Library/Frameworks/OpenGL.framework/Versions/A/Libraries/libGFXShared.dylib
0x000000004c357000 	/System/Library/Frameworks/OpenGL.framework/Versions/A/Libraries/libGL.dylib
0x000000004c357000 	/System/Library/Frameworks/OpenGL.framework/Versions/A/Libraries/libGLImage.dylib
0x000000004c357000 	/System/Library/Frameworks/OpenGL.framework/Versions/A/Libraries/libCVMSPluginSupport.dylib
0x000000004c357000 	/System/Library/Frameworks/OpenGL.framework/Versions/A/Libraries/libCoreVMClient.dylib
0x000000004c357000 	/System/Library/PrivateFrameworks/CrashReporterSupport.framework/Versions/A/CrashReporterSupport
0x000000004c357000 	/System/Library/PrivateFrameworks/Sharing.framework/Versions/A/Sharing
0x000000004c357000 	/System/Library/PrivateFrameworks/IconServices.framework/Versions/A/IconServices
0x000000004c357000 	/System/Library/PrivateFrameworks/ProtocolBuffer.framework/Versions/A/ProtocolBuffer
0x000000004c357000 	/System/Library/PrivateFrameworks/Apple80211.framework/Versions/A/Apple80211
0x000000004c357000 	/System/Library/Frameworks/CoreWLAN.framework/Versions/A/CoreWLAN
0x000000004c357000 	/System/Library/PrivateFrameworks/CoreUtils.framework/Versions/A/CoreUtils
0x000000004c357000 	/System/Library/Frameworks/IOBluetooth.framework/Versions/A/IOBluetooth
0x000000004c357000 	/System/Library/PrivateFrameworks/CoreWiFi.framework/Versions/A/CoreWiFi
0x000000004c357000 	/System/Library/Frameworks/CoreBluetooth.framework/Versions/A/CoreBluetooth
0x000000004c357000 	/System/Library/Frameworks/CoreDisplay.framework/Versions/A/CoreDisplay
0x000000004c357000 	/System/Library/PrivateFrameworks/IOPresentment.framework/Versions/A/IOPresentment
0x000000004c357000 	/System/Library/PrivateFrameworks/DSExternalDisplay.framework/Versions/A/DSExternalDisplay
0x000000004c357000 	/System/Library/PrivateFrameworks/DebugSymbols.framework/Versions/A/DebugSymbols
0x000000004c357000 	/System/Library/PrivateFrameworks/CoreSymbolication.framework/Versions/A/CoreSymbolication
0x000000004c357000 	/System/Library/PrivateFrameworks/Symbolication.framework/Versions/A/Symbolication
0x000000004c357000 	/System/Library/PrivateFrameworks/AppleFSCompression.framework/Versions/A/AppleFSCompression
0x000000004c357000 	/System/Library/PrivateFrameworks/SpeechRecognitionCore.framework/Versions/A/SpeechRecognitionCore
0x000000004c357000 	/System/Library/PrivateFrameworks/ChunkingLibrary.framework/Versions/A/ChunkingLibrary
0x000000010b800000 	/Library/Java/JavaVirtualMachines/jdk1.8.0_121.jdk/Contents/Home/jre/lib/server/libjvm.dylib
0x000000004c357000 	/usr/lib/libstdc++.6.dylib
0x000000010ae10000 	/Library/Java/JavaVirtualMachines/jdk1.8.0_121.jdk/Contents/Home/jre/lib/libverify.dylib
0x000000010ae1e000 	/Library/Java/JavaVirtualMachines/jdk1.8.0_121.jdk/Contents/Home/jre/lib/libjava.dylib
0x000000010ae5d000 	/Library/Java/JavaVirtualMachines/jdk1.8.0_121.jdk/Contents/Home/jre/lib/libzip.dylib
0x0000000110a0a000 	/System/Library/Frameworks/JavaVM.framework/Frameworks/JavaRuntimeSupport.framework/JavaRuntimeSupport
0x0000000110a24000 	/System/Library/Frameworks/JavaVM.framework/Versions/A/Frameworks/JavaNativeFoundation.framework/Versions/A/JavaNativeFoundation
0x0000000110a39000 	/System/Library/Frameworks/JavaVM.framework/Versions/A/JavaVM
0x000000004c357000 	/System/Library/Frameworks/Carbon.framework/Versions/A/Carbon
0x0000000110a46000 	/System/Library/PrivateFrameworks/JavaLaunching.framework/Versions/A/JavaLaunching
0x000000004c357000 	/System/Library/Frameworks/Carbon.framework/Versions/A/Frameworks/CommonPanels.framework/Versions/A/CommonPanels
0x000000004c357000 	/System/Library/Frameworks/Carbon.framework/Versions/A/Frameworks/Help.framework/Versions/A/Help
0x000000004c357000 	/System/Library/Frameworks/Carbon.framework/Versions/A/Frameworks/ImageCapture.framework/Versions/A/ImageCapture
0x000000004c357000 	/System/Library/Frameworks/Carbon.framework/Versions/A/Frameworks/OpenScripting.framework/Versions/A/OpenScripting
0x000000004c357000 	/System/Library/Frameworks/Carbon.framework/Versions/A/Frameworks/Print.framework/Versions/A/Print
0x000000004c357000 	/System/Library/Frameworks/Carbon.framework/Versions/A/Frameworks/SecurityHI.framework/Versions/A/SecurityHI
0x0000000112354000 	/Library/Java/JavaVirtualMachines/jdk1.8.0_121.jdk/Contents/Home/jre/lib/libawt.dylib
0x00000001123fc000 	/Library/Java/JavaVirtualMachines/jdk1.8.0_121.jdk/Contents/Home/jre/lib/./libmlib_image.dylib
0x00000001124c8000 	/Library/Java/JavaVirtualMachines/jdk1.8.0_121.jdk/Contents/Home/jre/lib/libawt_lwawt.dylib
0x000000011257f000 	/Library/Java/JavaVirtualMachines/jdk1.8.0_121.jdk/Contents/Home/jre/lib/./libosxapp.dylib
0x000000004c357000 	/System/Library/Frameworks/ExceptionHandling.framework/Versions/A/ExceptionHandling
0x000000004c357000 	/System/Library/PrivateFrameworks/CoreServicesInternal.framework/Versions/A/CoreServicesInternal
0x000000004c357000 	/System/Library/CoreServices/RawCamera.bundle/Contents/MacOS/RawCamera
0x000000004c357000 	/System/Library/Frameworks/Accelerate.framework/Versions/A/Frameworks/vImage.framework/Versions/A/Libraries/libCGInterfaces.dylib
0x000000004c357000 	/System/Library/Frameworks/ApplicationServices.framework/Versions/A/Frameworks/ATS.framework/Versions/A/Resources/libTrueTypeScaler.dylib
0x00000001140b1000 	/System/Library/Frameworks/OpenGL.framework/Resources/GLEngine.bundle/GLEngine
0x000000004c357000 	/System/Library/Frameworks/OpenGL.framework/Versions/A/Libraries/libGLProgrammability.dylib
0x0000000114296000 	/System/Library/Extensions/AppleIntelHD5000GraphicsGLDriver.bundle/Contents/MacOS/AppleIntelHD5000GraphicsGLDriver
0x000000004c357000 	/System/Library/PrivateFrameworks/GPUSupport.framework/Versions/A/Libraries/libGPUSupportMercury.dylib
0x0000000114a04000 	/System/Library/Frameworks/OpenGL.framework/Resources//GLRendererFloat.bundle/GLRendererFloat
0x000000004c357000 	/System/Library/Frameworks/OpenCL.framework/Versions/A/Libraries/libcldcpuengine.dylib
0x000000004c357000 	/usr/lib/libcrypto.0.9.8.dylib
0x000000004c357000 	/System/Library/PrivateFrameworks/TrustEvaluationAgent.framework/Versions/A/TrustEvaluationAgent
0x0000000114a38000 	/System/Library/Extensions/AppleIntelHD5000GraphicsMTLDriver.bundle/Contents/MacOS/AppleIntelHD5000GraphicsMTLDriver
0x000000004c357000 	/System/Library/PrivateFrameworks/FamilyControls.framework/Versions/A/FamilyControls
0x000000004c357000 	/System/Library/PrivateFrameworks/CommerceKit.framework/Versions/A/Frameworks/CommerceCore.framework/Versions/A/CommerceCore
0x000000004c357000 	/System/Library/PrivateFrameworks/SystemAdministration.framework/Versions/A/SystemAdministration
0x000000004c357000 	/System/Library/PrivateFrameworks/AppContainer.framework/Versions/A/AppContainer
0x000000004c357000 	/System/Library/PrivateFrameworks/SecCodeWrapper.framework/Versions/A/SecCodeWrapper
0x000000004c357000 	/System/Library/Frameworks/DirectoryService.framework/Versions/A/DirectoryService
0x000000004c357000 	/System/Library/PrivateFrameworks/DiskImages.framework/Versions/A/DiskImages
0x000000004c357000 	/System/Library/PrivateFrameworks/LoginUIKit.framework/Versions/A/Frameworks/LoginUICore.framework/Versions/A/LoginUICore
0x000000004c357000 	/usr/lib/libCoreStorage.dylib
0x000000004c357000 	/usr/lib/libcsfde.dylib
0x000000004c357000 	/usr/lib/libodfde.dylib
0x000000004c357000 	/System/Library/Frameworks/DiscRecording.framework/Versions/A/DiscRecording
0x000000004c357000 	/usr/lib/libcurl.4.dylib
0x000000004c357000 	/System/Library/PrivateFrameworks/MediaKit.framework/Versions/A/MediaKit
0x000000004c357000 	/System/Library/PrivateFrameworks/ProtectedCloudStorage.framework/Versions/A/ProtectedCloudStorage
0x000000004c357000 	/System/Library/PrivateFrameworks/EFILogin.framework/Versions/A/EFILogin
0x000000004c357000 	/usr/lib/libutil.dylib
0x000000004c357000 	/System/Library/Frameworks/LDAP.framework/Versions/A/LDAP
0x000000004c357000 	/usr/lib/libsasl2.2.dylib
0x000000004c357000 	/System/Library/PrivateFrameworks/CoreDaemon.framework/Versions/B/CoreDaemon
0x000000004c357000 	/System/Library/PrivateFrameworks/AppleSRP.framework/Versions/A/AppleSRP
0x000000004c357000 	/System/Library/PrivateFrameworks/APFS.framework/Versions/A/APFS
0x000000012567f000 	/Library/Java/JavaVirtualMachines/jdk1.8.0_121.jdk/Contents/Home/jre/lib/libfontmanager.dylib
0x000000004c357000 	/System/Library/PrivateFrameworks/ViewBridge.framework/Versions/A/ViewBridge
0x000000004c357000 	/System/Library/PrivateFrameworks/XPCService.framework/Versions/A/XPCService
0x000000004c357000 	/System/Library/PrivateFrameworks/AppSandbox.framework/Versions/A/AppSandbox
0x000000004c357000 	/usr/lib/libsandbox.1.dylib
0x000000004c357000 	/usr/lib/libMatch.1.dylib
0x0000000126aaf000 	/Library/Java/JavaVirtualMachines/jdk1.8.0_121.jdk/Contents/Home/jre/lib/libosxui.dylib
0x000000012767a000 	/Library/Java/JavaVirtualMachines/jdk1.8.0_121.jdk/Contents/Home/jre/lib/libnet.dylib
0x00000001275d4000 	/Library/Java/JavaVirtualMachines/jdk1.8.0_121.jdk/Contents/Home/jre/lib/libnio.dylib
0x000000012677d000 	/private/var/folders/z5/dkh_k18x6bn8z6w6jj1k7pqm0000gn/T/jogamp_0000/file_cache/jln7194327563779406500/jln6812419033729824279/libgluegen-rt.jnilib
0x0000000126781000 	/private/var/folders/z5/dkh_k18x6bn8z6w6jj1k7pqm0000gn/T/jogamp_0000/file_cache/jln7194327563779406500/jln6812419033729824279/libnativewindow_awt.jnilib
0x0000000127622000 	/Library/Java/JavaVirtualMachines/jdk1.8.0_121.jdk/Contents/Home/jre/lib/libjawt.dylib
0x000000018fc83000 	/private/var/folders/z5/dkh_k18x6bn8z6w6jj1k7pqm0000gn/T/jogamp_0000/file_cache/jln7194327563779406500/jln6812419033729824279/libnativewindow_macosx.jnilib
0x0000000191a4a000 	/private/var/folders/z5/dkh_k18x6bn8z6w6jj1k7pqm0000gn/T/jogamp_0000/file_cache/jln7194327563779406500/jln6812419033729824279/libjogl_desktop.jnilib
0x00000001943b5000 	/Library/Java/JavaVirtualMachines/jdk1.8.0_121.jdk/Contents/Home/jre/lib/libt2k.dylib

VM Arguments:
jvm_args: -Djava.security.policy=java.policy.applet -Dfile.encoding=MacRoman 
java_command: sun.applet.AppletViewer module6.EarthquakeCityMap1523943405999.html
java_class_path (initial): /Users/Mac/Documents/workspace/UCSDUnfoldingMaps/build:/Users/Mac/Documents/workspace/UCSDUnfoldingMaps/lib/core.jar:/Users/Mac/Documents/workspace/UCSDUnfoldingMaps/lib/gluegen-rt.jar:/Users/Mac/Documents/workspace/UCSDUnfoldingMaps/lib/jogl-all.jar:/Users/Mac/Documents/workspace/UCSDUnfoldingMaps/lib/log4j-1.2.15.jar:/Users/Mac/Documents/workspace/UCSDUnfoldingMaps/lib/sqlite-jdbc-3.7.2.jar:/Users/Mac/Documents/workspace/UCSDUnfoldingMaps/lib/json4processing.jar:/Users/Mac/Documents/workspace/UCSDUnfoldingMaps/lib/libTUIO.jar:/Users/Mac/Documents/workspace/UCSDUnfoldingMaps/lib/unfolding.0.9.7-uscd.jar
Launcher Type: SUN_STANDARD

Environment Variables:
PATH=/Library/Frameworks/Python.framework/Versions/3.6/bin:/usr/local/bin:/usr/bin:/bin:/usr/sbin:/sbin:/opt/X11/bin:/Library/Frameworks/Mono.framework/Versions/Current/Commands:/Library/TeX/texbin
SHELL=/bin/bash
DISPLAY=/private/tmp/com.apple.launchd.BfoSnAz3r8/org.macosforge.xquartz:0

Signal Handlers:
SIGSEGV: [libjvm.dylib+0x5b1141], sa_mask[0]=11111111011111110111111111111111, sa_flags=SA_ONSTACK|SA_RESTART|SA_SIGINFO
SIGBUS: [libjvm.dylib+0x5b1141], sa_mask[0]=11111111011111110111111111111111, sa_flags=SA_RESTART|SA_SIGINFO
SIGFPE: [libjvm.dylib+0x487bc4], sa_mask[0]=11111111011111110111111111111111, sa_flags=SA_RESTART|SA_SIGINFO
SIGPIPE: [libjvm.dylib+0x487bc4], sa_mask[0]=11111111011111110111111111111111, sa_flags=SA_RESTART|SA_SIGINFO
SIGXFSZ: [libjvm.dylib+0x487bc4], sa_mask[0]=11111111011111110111111111111111, sa_flags=SA_RESTART|SA_SIGINFO
SIGILL: [libjvm.dylib+0x487bc4], sa_mask[0]=11111111011111110111111111111111, sa_flags=SA_RESTART|SA_SIGINFO
SIGUSR1: SIG_DFL, sa_mask[0]=11011111011111100000000111000110, sa_flags=none
SIGUSR2: [libjvm.dylib+0x4876e2], sa_mask[0]=00100000000000000000000000000000, sa_flags=SA_RESTART|SA_SIGINFO
SIGHUP: [libjvm.dylib+0x485cb9], sa_mask[0]=11111111011111110111111111111111, sa_flags=SA_RESTART|SA_SIGINFO
SIGINT: [libjvm.dylib+0x485cb9], sa_mask[0]=11111111011111110111111111111111, sa_flags=SA_RESTART|SA_SIGINFO
SIGTERM: [libjvm.dylib+0x485cb9], sa_mask[0]=11111111011111110111111111111111, sa_flags=SA_RESTART|SA_SIGINFO
SIGQUIT: [libjvm.dylib+0x485cb9], sa_mask[0]=11111111011111110111111111111111, sa_flags=SA_RESTART|SA_SIGINFO


---------------  S Y S T E M  ---------------

OS:Bsduname:Darwin 16.7.0 Darwin Kernel Version 16.7.0: Thu Jan 11 22:59:40 PST 2018; root:xnu-3789.73.8~1/RELEASE_X86_64 x86_64
rlimit: STACK 8192k, CORE 0k, NPROC 709, NOFILE 10240, AS infinity
load average:2.02 2.30 2.30

CPU:total 4 (2 cores per cpu, 2 threads per core) family 6 model 69 stepping 1, cmov, cx8, fxsr, mmx, sse, sse2, sse3, ssse3, sse4.1, sse4.2, popcnt, avx, avx2, aes, clmul, erms, lzcnt, ht, tsc, tscinvbit, bmi1, bmi2

Memory: 4k page, physical 4194304k(25948k free)

/proc/meminfo:


vm_info: Java HotSpot(TM) 64-Bit Server VM (25.121-b13) for bsd-amd64 JRE (1.8.0_121-b13), built on Dec 12 2016 20:39:32 by "java_re" with gcc 4.2.1 (Based on Apple Inc. build 5658) (LLVM build 2336.11.00)

time: Mon Apr 16 22:38:17 2018
elapsed time: 91 seconds (0d 0h 1m 31s)

