#
# A fatal error has been detected by the Java Runtime Environment:
#
#  SIGSEGV (0xb) at pc=0x00007fffd65ee05d, pid=14866, tid=0x0000000000000307
#
# JRE version: Java(TM) SE Runtime Environment (8.0_121-b13) (build 1.8.0_121-b13)
# Java VM: Java HotSpot(TM) 64-Bit Server VM (25.121-b13 mixed mode bsd-amd64 compressed oops)
# Problematic frame:
# C  [libobjc.A.dylib+0x705d]  objc_msgSend+0x1d
#
# Failed to write core dump. Core dumps have been disabled. To enable core dumping, try "ulimit -c unlimited" before starting Java again
#
# If you would like to submit a bug report, please visit:
#   http://bugreport.java.com/bugreport/crash.jsp
# The crash happened outside the Java Virtual Machine in native code.
# See problematic frame for where to report the bug.
#

---------------  T H R E A D  ---------------

Current thread (0x00007ff235108800):  JavaThread "AWT-AppKit" daemon [_thread_in_native, id=775, stack(0x00007fff585bd000,0x00007fff58dbd000)]

siginfo: si_signo: 11 (SIGSEGV), si_code: 1 (SEGV_MAPERR), si_addr: 0x0000000000000018

Registers:
RAX=0x00007ff234f7fc00, RBX=0x000000018c0c0450, RCX=0x00007ff237200710, RDX=0x0000000000000000
RSP=0x00007fff58db8148, RBP=0x00007fff58db8200, RSI=0x00007fffbfe75116, RDI=0x00007ff234e2f540
R8 =0x0000000000000018, R9 =0x00007ff2372013b0, R10=0x0000000000000000, R11=0x00007fffbfe75116
R12=0x0000000000000000, R13=0x000000018da1ed90, R14=0x000000018c0c0440, R15=0x00007ff235108800
RIP=0x00007fffd65ee05d, EFLAGS=0x0000000000010246, ERR=0x0000000000000004
  TRAPNO=0x000000000000000e

Top of Stack: (sp=0x00007fff58db8148)
0x00007fff58db8148:   000000018c0be157 00007fff58db81a0
0x00007fff58db8158:   0000000000000003 00007fff58db8180
0x00007fff58db8168:   00000001079f2c62 000000018da1ed90
0x00007fff58db8178:   000000018da1ed90 00007ff234f7fc00
0x00007fff58db8188:   000000018c0c06a0 000000018c0c0710
0x00007fff58db8198:   00007fffdc6546d0 00007fffdd2841e0
0x00007fff58db81a8:   000000018c0c0450 000000018c0c0690
0x00007fff58db81b8:   00007ff234f7fc00 00007ff234e2f540
0x00007fff58db81c8:   00007ff234d4f1a0 00007ff234f7fc00
0x00007fff58db81d8:   00007ff234e2f540 00007fff58db8288
0x00007fff58db81e8:   00007ff2351089f8 000000018da1ed90
0x00007fff58db81f8:   00007fff58db82b0 00007fff58db8278
0x00007fff58db8208:   000000010e31e9f4 000000018da1ed90
0x00007fff58db8218:   00007fff58db82b0 00007fff58db8278
0x00007fff58db8228:   000000010e31e787 000000010e31e742
0x00007fff58db8238:   00007fff58db8238 000000018da1ed90
0x00007fff58db8248:   00007fff58db82b0 000000018da219c8
0x00007fff58db8258:   0000000000000000 000000018da1ed90
0x00007fff58db8268:   0000000000000000 00007fff58db8298
0x00007fff58db8278:   00007fff58db82f8 000000010e30f2bd
0x00007fff58db8288:   0000000782b43580 000000010e318538
0x00007fff58db8298:   00007ff234f7fc00 00007fff58db82f8
0x00007fff58db82a8:   00007ff234e2f540 000000010e319e02
0x00007fff58db82b8:   00007fff58db82b8 000000018da1ef5a
0x00007fff58db82c8:   00007fff58db8320 000000018da219c8
0x00007fff58db82d8:   0000000000000000 000000018da1ef68
0x00007fff58db82e8:   00007fff58db8298 00007fff58db8308
0x00007fff58db82f8:   00007fff58db8368 000000010e30f2bd
0x00007fff58db8308:   00007ff234f7fc00 0000000782bdc1b8
0x00007fff58db8318:   00007ff234e2f540 0000000782bdc1b8
0x00007fff58db8328:   00007fff58db8328 0000000192d24f46
0x00007fff58db8338:   00007fff58db8378 0000000192d25000 

Instructions: (pc=0x00007fffd65ee05d)
0x00007fffd65ee03d:   0f 1f 00 48 85 ff 2e 74 62 40 f6 c7 01 2e 75 66
0x00007fffd65ee04d:   49 ba f8 ff ff ff ff 7f 00 00 4c 23 17 49 89 f3
0x00007fffd65ee05d:   45 23 5a 18 49 c1 e3 04 4d 03 5a 10 49 3b 33 75
0x00007fffd65ee06d:   04 41 ff 63 08 49 83 3b 01 76 0d 49 83 c3 10 49 

Register to memory mapping:

RAX=0x00007ff234f7fc00 is an unknown value
RBX=0x000000018c0c0450: Java_jogamp_nativewindow_macosx_OSXUtil_GetScreenRefreshRate0+0x1cf0 in /private/var/folders/z5/dkh_k18x6bn8z6w6jj1k7pqm0000gn/T/jogamp_0000/file_cache/jln2358421542338892429/jln1228263204161157708/libnativewindow_macosx.jnilib at 0x000000018c0b9000
RCX=0x00007ff237200710 is an unknown value
RDX=0x0000000000000000 is an unknown value
RSP=0x00007fff58db8148 is pointing into the stack for thread: 0x00007ff235108800
RBP=0x00007fff58db8200 is pointing into the stack for thread: 0x00007ff235108800
RSI=0x00007fffbfe75116: __NSStyleNameIndexTable+0x7fd5e in /System/Library/Frameworks/AppKit.framework/Versions/C/AppKit at 0x00007fffbf208000
RDI=0x00007ff234e2f540 is an unknown value
R8 =0x0000000000000018 is an unknown value
R9 =0x00007ff2372013b0 is an unknown value
R10=0x0000000000000000 is an unknown value
R11=0x00007fffbfe75116: __NSStyleNameIndexTable+0x7fd5e in /System/Library/Frameworks/AppKit.framework/Versions/C/AppKit at 0x00007fffbf208000
R12=0x0000000000000000 is an unknown value
R13={method} {0x000000018da1ed90} 'UnsetJAWTRootSurfaceLayer0' '(JJ)V' in 'jogamp/nativewindow/jawt/macosx/MacOSXJAWTWindow'
R14=0x000000018c0c0440: Java_jogamp_nativewindow_macosx_OSXUtil_GetScreenRefreshRate0+0x1ce0 in /private/var/folders/z5/dkh_k18x6bn8z6w6jj1k7pqm0000gn/T/jogamp_0000/file_cache/jln2358421542338892429/jln1228263204161157708/libnativewindow_macosx.jnilib at 0x000000018c0b9000
R15=0x00007ff235108800 is a thread


Stack: [0x00007fff585bd000,0x00007fff58dbd000],  sp=0x00007fff58db8148,  free space=8172k
Native frames: (J=compiled Java code, j=interpreted, Vv=VM code, C=native code)
C  [libobjc.A.dylib+0x705d]  objc_msgSend+0x1d
j  jogamp.nativewindow.jawt.macosx.MacOSXJAWTWindow.UnsetJAWTRootSurfaceLayer0(JJ)V+0
j  jogamp.nativewindow.jawt.macosx.MacOSXJAWTWindow.access$200(JJ)V+2
j  jogamp.nativewindow.jawt.macosx.MacOSXJAWTWindow$1.run()V+38
J 3232 C1 com.jogamp.common.util.RunnableTask.run()V (345 bytes) @ 0x000000010ec9bfb4 [0x000000010ec9be20+0x194]
v  ~StubRoutines::call_stub
V  [libjvm.dylib+0x2ed9d6]
V  [libjvm.dylib+0x324b65]
V  [libjvm.dylib+0x317333]
C  [libnativewindow_macosx.jnilib+0x5326]  Java_jogamp_nativewindow_jawt_macosx_MacOSXJAWTWindow_UnsetJAWTRootSurfaceLayer0+0x2b6
C  [Foundation+0x7152a]  __NSThreadPerformPerform+0x146
C  [CoreFoundation+0xa7321]  __CFRUNLOOP_IS_CALLING_OUT_TO_A_SOURCE0_PERFORM_FUNCTION__+0x11
C  [CoreFoundation+0x88197]  __CFRunLoopDoSources0+0x1a7
C  [CoreFoundation+0x87716]  __CFRunLoopRun+0x3a6
C  [CoreFoundation+0x87114]  CFRunLoopRunSpecific+0x1a4
C  [HIToolbox+0x30ebc]  RunCurrentEventLoopInMode+0xf0
C  [HIToolbox+0x30bf9]  ReceiveNextEventCommon+0xb8
C  [HIToolbox+0x30b26]  _BlockUntilNextEventMatchingListInModeWithFilter+0x47
C  [AppKit+0x46a54]  _DPSNextEvent+0x460
C  [AppKit+0x7c27ee]  -[NSApplication(NSEvent) _nextEventMatchingEventMask:untilDate:inMode:dequeue:]+0xaec
C  [libosxapp.dylib+0x23aa]  -[NSApplicationAWT nextEventMatchingMask:untilDate:inMode:dequeue:]+0x7c
C  [AppKit+0x3b3db]  -[NSApplication run]+0x39e
C  [libosxapp.dylib+0x214d]  +[NSApplicationAWT runAWTLoopWithApp:]+0x9c
C  [libawt_lwawt.dylib+0x45ff7]  -[AWTStarter starter:]+0x389
C  [Foundation+0x7152a]  __NSThreadPerformPerform+0x146
C  [CoreFoundation+0xa7321]  __CFRUNLOOP_IS_CALLING_OUT_TO_A_SOURCE0_PERFORM_FUNCTION__+0x11
C  [CoreFoundation+0x8821d]  __CFRunLoopDoSources0+0x22d
C  [CoreFoundation+0x87716]  __CFRunLoopRun+0x3a6
C  [CoreFoundation+0x87114]  CFRunLoopRunSpecific+0x1a4
C  [java+0x6465]  CreateExecutionEnvironment+0x367
C  [java+0x218c]  JLI_Launch+0x7a0
C  [java+0x84c2]  main+0x65
C  [java+0x19e4]  start+0x34
C  0x0000000000000007

Java frames: (J=compiled Java code, j=interpreted, Vv=VM code)
j  jogamp.nativewindow.jawt.macosx.MacOSXJAWTWindow.UnsetJAWTRootSurfaceLayer0(JJ)V+0
j  jogamp.nativewindow.jawt.macosx.MacOSXJAWTWindow.access$200(JJ)V+2
j  jogamp.nativewindow.jawt.macosx.MacOSXJAWTWindow$1.run()V+38
J 3232 C1 com.jogamp.common.util.RunnableTask.run()V (345 bytes) @ 0x000000010ec9bfb4 [0x000000010ec9be20+0x194]
v  ~StubRoutines::call_stub

---------------  P R O C E S S  ---------------

Java Threads: ( => current thread )
  0x00007ff23cac6800 JavaThread "Thread-19" [_thread_blocked, id=34411, stack(0x000070000d602000,0x000070000d702000)]
  0x00007ff235fe2800 JavaThread "Image Fetcher 3" daemon [_thread_blocked, id=76035, stack(0x000070000dd17000,0x000070000de17000)]
  0x00007ff236f75000 JavaThread "Image Fetcher 2" daemon [_thread_blocked, id=75523, stack(0x000070000dc14000,0x000070000dd14000)]
  0x00007ff235fe1800 JavaThread "Image Fetcher 1" daemon [_thread_blocked, id=75011, stack(0x000070000db11000,0x000070000dc11000)]
  0x00007ff235c28800 JavaThread "AWT-EventQueue-1" [_thread_in_native, id=67587, stack(0x000070000d4ff000,0x000070000d5ff000)]
  0x00007ff235cd4000 JavaThread "Image Fetcher 0" daemon [_thread_blocked, id=66839, stack(0x000070000d3fc000,0x000070000d4fc000)]
  0x00007ff235008800 JavaThread "DestroyJavaVM" [_thread_blocked, id=7171, stack(0x000070000bdb4000,0x000070000beb4000)]
  0x00007ff235136800 JavaThread "AWT-EventQueue-0" [_thread_blocked, id=60931, stack(0x000070000d1f6000,0x000070000d2f6000)]
  0x00007ff23610a000 JavaThread "Java2D Disposer" daemon [_thread_blocked, id=56847, stack(0x000070000cf6d000,0x000070000d06d000)]
  0x00007ff23511b800 JavaThread "Java2D Queue Flusher" daemon [_thread_blocked, id=47663, stack(0x000070000ce6a000,0x000070000cf6a000)]
  0x00007ff2359ed800 JavaThread "AWT-Shutdown" [_thread_blocked, id=29727, stack(0x000070000cc61000,0x000070000cd61000)]
=>0x00007ff235108800 JavaThread "AWT-AppKit" daemon [_thread_in_native, id=775, stack(0x00007fff585bd000,0x00007fff58dbd000)]
  0x00007ff23500d800 JavaThread "Service Thread" daemon [_thread_blocked, id=18435, stack(0x000070000c9d8000,0x000070000cad8000)]
  0x00007ff23682f800 JavaThread "C1 CompilerThread2" daemon [_thread_blocked, id=17923, stack(0x000070000c8d5000,0x000070000c9d5000)]
  0x00007ff236024000 JavaThread "C2 CompilerThread1" daemon [_thread_blocked, id=17411, stack(0x000070000c7d2000,0x000070000c8d2000)]
  0x00007ff236023000 JavaThread "C2 CompilerThread0" daemon [_thread_blocked, id=16899, stack(0x000070000c6cf000,0x000070000c7cf000)]
  0x00007ff23682e800 JavaThread "Signal Dispatcher" daemon [_thread_blocked, id=16387, stack(0x000070000c5cc000,0x000070000c6cc000)]
  0x00007ff235800800 JavaThread "Finalizer" daemon [_thread_blocked, id=12547, stack(0x000070000c4c9000,0x000070000c5c9000)]
  0x00007ff236018800 JavaThread "Reference Handler" daemon [_thread_blocked, id=12035, stack(0x000070000c3c6000,0x000070000c4c6000)]

Other Threads:
  0x00007ff236015800 VMThread [stack: 0x000070000c2c3000,0x000070000c3c3000] [id=11523]
  0x00007ff236834000 WatcherThread [stack: 0x000070000cadb000,0x000070000cbdb000] [id=18947]

VM state:not at safepoint (normal execution)

VM Mutex/Monitor currently owned by a thread: None

Heap:
 PSYoungGen      total 172544K, used 154954K [0x00000007aab00000, 0x00000007b8d80000, 0x00000007c0000000)
  eden space 139776K, 96% used [0x00000007aab00000,0x00000007b2ea5bc0,0x00000007b3380000)
  from space 32768K, 61% used [0x00000007b3380000,0x00000007b472d008,0x00000007b5380000)
  to   space 32768K, 0% used [0x00000007b6d80000,0x00000007b6d80000,0x00000007b8d80000)
 ParOldGen       total 97280K, used 46014K [0x0000000780000000, 0x0000000785f00000, 0x00000007aab00000)
  object space 97280K, 47% used [0x0000000780000000,0x0000000782cefa78,0x0000000785f00000)
 Metaspace       used 21690K, capacity 21967K, committed 22272K, reserved 1069056K
  class space    used 2133K, capacity 2236K, committed 2304K, reserved 1048576K

Card table byte_map: [0x0000000108b62000,0x0000000108d63000] byte_map_base: 0x0000000104f62000

Marking Bits: (ParMarkBitMap*) 0x00000001080f0d30
 Begin Bits: [0x0000000108eb9000, 0x0000000109eb9000)
 End Bits:   [0x0000000109eb9000, 0x000000010aeb9000)

Polling page: 0x0000000106f03000

CodeCache: size=245760Kb used=10677Kb max_used=10688Kb free=235082Kb
 bounds [0x000000010e307000, 0x000000010ed87000, 0x000000011d307000]
 total_blobs=3978 nmethods=3080 adapters=811
 compilation: enabled

Compilation events (10 events):
Event: 26.060 Thread 0x00007ff236024000 3498   !   4       sun.font.FontDesignMetrics::getMetrics (265 bytes)
Event: 26.061 Thread 0x00007ff236023000 3499   !   4       java.awt.Font::equals (132 bytes)
Event: 26.064 Thread 0x00007ff236023000 nmethod 3499 0x000000010ed7ee10 code [0x000000010ed7ef80, 0x000000010ed7f2d8]
Event: 26.087 Thread 0x00007ff236024000 nmethod 3498 0x000000010ed82150 code [0x000000010ed82420, 0x000000010ed83930]
Event: 26.089 Thread 0x00007ff236023000 3500       4       processing.opengl.PGraphicsOpenGL$Tessellator::dupIndexPos (30 bytes)
Event: 26.090 Thread 0x00007ff236023000 nmethod 3500 0x000000010ed77a50 code [0x000000010ed77ba0, 0x000000010ed77c98]
Event: 26.131 Thread 0x00007ff23682f800 3501       3       java.lang.Thread::setPriority (56 bytes)
Event: 26.131 Thread 0x00007ff23682f800 nmethod 3501 0x000000010ed81690 code [0x000000010ed81840, 0x000000010ed81f68]
Event: 26.207 Thread 0x00007ff23682f800 3502       3       sun.java2d.SunGraphics2D::setColor (108 bytes)
Event: 26.208 Thread 0x00007ff23682f800 nmethod 3502 0x000000010ed80f10 code [0x000000010ed810a0, 0x000000010ed815d8]

GC Heap History (10 events):
Event: 14.804 GC heap before
{Heap before GC invocations=12 (full 1):
 PSYoungGen      total 122880K, used 112180K [0x00000007aab00000, 0x00000007b4200000, 0x00000007c0000000)
  eden space 92160K, 100% used [0x00000007aab00000,0x00000007b0500000,0x00000007b0500000)
  from space 30720K, 65% used [0x00000007b2400000,0x00000007b378d028,0x00000007b4200000)
  to   space 31232K, 0% used [0x00000007b0500000,0x00000007b0500000,0x00000007b2380000)
 ParOldGen       total 97280K, used 45998K [0x0000000780000000, 0x0000000785f00000, 0x00000007aab00000)
  object space 97280K, 47% used [0x0000000780000000,0x0000000782ceba78,0x0000000785f00000)
 Metaspace       used 21448K, capacity 21743K, committed 22016K, reserved 1069056K
  class space    used 2123K, capacity 2204K, committed 2304K, reserved 1048576K
Event: 14.827 GC heap after
Heap after GC invocations=12 (full 1):
 PSYoungGen      total 123392K, used 20308K [0x00000007aab00000, 0x00000007b5980000, 0x00000007c0000000)
  eden space 92160K, 0% used [0x00000007aab00000,0x00000007aab00000,0x00000007b0500000)
  from space 31232K, 65% used [0x00000007b0500000,0x00000007b18d5028,0x00000007b2380000)
  to   space 31744K, 0% used [0x00000007b3a80000,0x00000007b3a80000,0x00000007b5980000)
 ParOldGen       total 97280K, used 45998K [0x0000000780000000, 0x0000000785f00000, 0x00000007aab00000)
  object space 97280K, 47% used [0x0000000780000000,0x0000000782ceba78,0x0000000785f00000)
 Metaspace       used 21448K, capacity 21743K, committed 22016K, reserved 1069056K
  class space    used 2123K, capacity 2204K, committed 2304K, reserved 1048576K
}
Event: 16.532 GC heap before
{Heap before GC invocations=13 (full 1):
 PSYoungGen      total 123392K, used 112468K [0x00000007aab00000, 0x00000007b5980000, 0x00000007c0000000)
  eden space 92160K, 100% used [0x00000007aab00000,0x00000007b0500000,0x00000007b0500000)
  from space 31232K, 65% used [0x00000007b0500000,0x00000007b18d5028,0x00000007b2380000)
  to   space 31744K, 0% used [0x00000007b3a80000,0x00000007b3a80000,0x00000007b5980000)
 ParOldGen       total 97280K, used 45998K [0x0000000780000000, 0x0000000785f00000, 0x00000007aab00000)
  object space 97280K, 47% used [0x0000000780000000,0x0000000782ceba78,0x0000000785f00000)
 Metaspace       used 21467K, capacity 21743K, committed 22016K, reserved 1069056K
  class space    used 2123K, capacity 2204K, committed 2304K, reserved 1048576K
Event: 16.563 GC heap after
Heap after GC invocations=13 (full 1):
 PSYoungGen      total 146432K, used 20340K [0x00000007aab00000, 0x00000007b5a00000, 0x00000007c0000000)
  eden space 114688K, 0% used [0x00000007aab00000,0x00000007aab00000,0x00000007b1b00000)
  from space 31744K, 64% used [0x00000007b3a80000,0x00000007b4e5d028,0x00000007b5980000)
  to   space 32256K, 0% used [0x00000007b1b00000,0x00000007b1b00000,0x00000007b3a80000)
 ParOldGen       total 97280K, used 45998K [0x0000000780000000, 0x0000000785f00000, 0x00000007aab00000)
  object space 97280K, 47% used [0x0000000780000000,0x0000000782ceba78,0x0000000785f00000)
 Metaspace       used 21467K, capacity 21743K, committed 22016K, reserved 1069056K
  class space    used 2123K, capacity 2204K, committed 2304K, reserved 1048576K
}
Event: 18.557 GC heap before
{Heap before GC invocations=14 (full 1):
 PSYoungGen      total 146432K, used 135028K [0x00000007aab00000, 0x00000007b5a00000, 0x00000007c0000000)
  eden space 114688K, 100% used [0x00000007aab00000,0x00000007b1b00000,0x00000007b1b00000)
  from space 31744K, 64% used [0x00000007b3a80000,0x00000007b4e5d028,0x00000007b5980000)
  to   space 32256K, 0% used [0x00000007b1b00000,0x00000007b1b00000,0x00000007b3a80000)
 ParOldGen       total 97280K, used 45998K [0x0000000780000000, 0x0000000785f00000, 0x00000007aab00000)
  object space 97280K, 47% used [0x0000000780000000,0x0000000782ceba78,0x0000000785f00000)
 Metaspace       used 21492K, capacity 21743K, committed 22016K, reserved 1069056K
  class space    used 2123K, capacity 2204K, committed 2304K, reserved 1048576K
Event: 18.575 GC heap after
Heap after GC invocations=14 (full 1):
 PSYoungGen      total 146944K, used 20644K [0x00000007aab00000, 0x00000007b7400000, 0x00000007c0000000)
  eden space 114688K, 0% used [0x00000007aab00000,0x00000007aab00000,0x00000007b1b00000)
  from space 32256K, 64% used [0x00000007b1b00000,0x00000007b2f29038,0x00000007b3a80000)
  to   space 32768K, 0% used [0x00000007b5400000,0x00000007b5400000,0x00000007b7400000)
 ParOldGen       total 97280K, used 45998K [0x0000000780000000, 0x0000000785f00000, 0x00000007aab00000)
  object space 97280K, 47% used [0x0000000780000000,0x0000000782ceba78,0x0000000785f00000)
 Metaspace       used 21492K, capacity 21743K, committed 22016K, reserved 1069056K
  class space    used 2123K, capacity 2204K, committed 2304K, reserved 1048576K
}
Event: 20.548 GC heap before
{Heap before GC invocations=15 (full 1):
 PSYoungGen      total 146944K, used 135332K [0x00000007aab00000, 0x00000007b7400000, 0x00000007c0000000)
  eden space 114688K, 100% used [0x00000007aab00000,0x00000007b1b00000,0x00000007b1b00000)
  from space 32256K, 64% used [0x00000007b1b00000,0x00000007b2f29038,0x00000007b3a80000)
  to   space 32768K, 0% used [0x00000007b5400000,0x00000007b5400000,0x00000007b7400000)
 ParOldGen       total 97280K, used 45998K [0x0000000780000000, 0x0000000785f00000, 0x00000007aab00000)
  object space 97280K, 47% used [0x0000000780000000,0x0000000782ceba78,0x0000000785f00000)
 Metaspace       used 21523K, capacity 21743K, committed 22016K, reserved 1069056K
  class space    used 2123K, capacity 2204K, committed 2304K, reserved 1048576K
Event: 20.580 GC heap after
Heap after GC invocations=15 (full 1):
 PSYoungGen      total 172032K, used 20596K [0x00000007aab00000, 0x00000007b7380000, 0x00000007c0000000)
  eden space 139776K, 0% used [0x00000007aab00000,0x00000007aab00000,0x00000007b3380000)
  from space 32256K, 63% used [0x00000007b5400000,0x00000007b681d008,0x00000007b7380000)
  to   space 32768K, 0% used [0x00000007b3380000,0x00000007b3380000,0x00000007b5380000)
 ParOldGen       total 97280K, used 46006K [0x0000000780000000, 0x0000000785f00000, 0x00000007aab00000)
  object space 97280K, 47% used [0x0000000780000000,0x0000000782ceda78,0x0000000785f00000)
 Metaspace       used 21523K, capacity 21743K, committed 22016K, reserved 1069056K
  class space    used 2123K, capacity 2204K, committed 2304K, reserved 1048576K
}
Event: 23.868 GC heap before
{Heap before GC invocations=16 (full 1):
 PSYoungGen      total 172032K, used 160372K [0x00000007aab00000, 0x00000007b7380000, 0x00000007c0000000)
  eden space 139776K, 100% used [0x00000007aab00000,0x00000007b3380000,0x00000007b3380000)
  from space 32256K, 63% used [0x00000007b5400000,0x00000007b681d008,0x00000007b7380000)
  to   space 32768K, 0% used [0x00000007b3380000,0x00000007b3380000,0x00000007b5380000)
 ParOldGen       total 97280K, used 46006K [0x0000000780000000, 0x0000000785f00000, 0x00000007aab00000)
  object space 97280K, 47% used [0x0000000780000000,0x0000000782ceda78,0x0000000785f00000)
 Metaspace       used 21648K, capacity 21871K, committed 22016K, reserved 1069056K
  class space    used 2124K, capacity 2204K, committed 2304K, reserved 1048576K
Event: 23.884 GC heap after
Heap after GC invocations=16 (full 1):
 PSYoungGen      total 172544K, used 20148K [0x00000007aab00000, 0x00000007b8d80000, 0x00000007c0000000)
  eden space 139776K, 0% used [0x00000007aab00000,0x00000007aab00000,0x00000007b3380000)
  from space 32768K, 61% used [0x00000007b3380000,0x00000007b472d008,0x00000007b5380000)
  to   space 32768K, 0% used [0x00000007b6d80000,0x00000007b6d80000,0x00000007b8d80000)
 ParOldGen       total 97280K, used 46014K [0x0000000780000000, 0x0000000785f00000, 0x00000007aab00000)
  object space 97280K, 47% used [0x0000000780000000,0x0000000782cefa78,0x0000000785f00000)
 Metaspace       used 21648K, capacity 21871K, committed 22016K, reserved 1069056K
  class space    used 2124K, capacity 2204K, committed 2304K, reserved 1048576K
}

Deoptimization events (10 events):
Event: 15.130 Thread 0x00007ff235c28800 Uncommon trap: reason=unstable_if action=reinterpret pc=0x000000010e479154 method=de.fhpotsdam.unfolding.mapdisplay.Java2DMapDisplay.getTransformedPosition(FFZ)[F @ 1
Event: 17.905 Thread 0x00007ff235c28800 Uncommon trap: reason=class_check action=maybe_recompile pc=0x000000010e818a98 method=module6.CommonMarker.draw(Lprocessing/core/PGraphics;FF)V @ 25
Event: 20.214 Thread 0x00007ff235c28800 Uncommon trap: reason=class_check action=maybe_recompile pc=0x000000010e818a98 method=module6.CommonMarker.draw(Lprocessing/core/PGraphics;FF)V @ 25
Event: 20.658 Thread 0x00007ff235c28800 Uncommon trap: reason=unstable_if action=reinterpret pc=0x000000010e9b7dc4 method=module6.CommonMarker.draw(Lprocessing/core/PGraphics;FF)V @ 4
Event: 25.890 Thread 0x00007ff235c28800 Uncommon trap: reason=unstable_if action=reinterpret pc=0x000000010ec64170 method=sun.misc.VM.toThreadState(I)Ljava/lang/Thread$State; @ 3
Event: 26.044 Thread 0x00007ff235136800 Uncommon trap: reason=unstable_if action=reinterpret pc=0x000000010ea5d5a0 method=java.awt.font.FontRenderContext.equals(Ljava/awt/font/FontRenderContext;)Z @ 2
Event: 26.045 Thread 0x00007ff235136800 Uncommon trap: reason=unstable_if action=reinterpret pc=0x000000010e81a1d4 method=java.awt.Font.equals(Ljava/lang/Object;)Z @ 2
Event: 26.234 Thread 0x00007ff235c28800 Uncommon trap: reason=unstable_if action=reinterpret pc=0x000000010eaa8134 method=java.security.AccessControlContext.optimize()Ljava/security/AccessControlContext; @ 233
Event: 26.234 Thread 0x00007ff235c28800 Uncommon trap: reason=unstable_if action=reinterpret pc=0x000000010ecb0464 method=java.awt.Component.getToolkitImpl()Ljava/awt/Toolkit; @ 6
Event: 26.236 Thread 0x00007ff23cac6800 Uncommon trap: reason=predicate action=maybe_recompile pc=0x000000010ec3cc98 method=java.util.Vector.indexOf(Ljava/lang/Object;I)I @ 44

Internal exceptions (10 events):
Event: 0.274 Thread 0x00007ff235008800 Exception <a 'java/lang/NoSuchFieldError': method resolution failed> (0x00000007aacd61a8) thrown at [/Users/java_re/workspace/8-2-build-macosx-x86_64/jdk8u121/8372/hotspot/src/share/vm/prims/methodHandles.cpp, line 1146]
Event: 0.497 Thread 0x00007ff235008800 Exception <a 'java/io/FileNotFoundException'> (0x00000007aad52d98) thrown at [/Users/java_re/workspace/8-2-build-macosx-x86_64/jdk8u121/8372/hotspot/src/share/vm/prims/jni.cpp, line 709]
Event: 0.497 Thread 0x00007ff235008800 Exception <a 'java/io/FileNotFoundException'> (0x00000007aad538e8) thrown at [/Users/java_re/workspace/8-2-build-macosx-x86_64/jdk8u121/8372/hotspot/src/share/vm/prims/jni.cpp, line 709]
Event: 0.670 Thread 0x00007ff235008800 Exception <a 'java/io/FileNotFoundException'> (0x00000007aae8c378) thrown at [/Users/java_re/workspace/8-2-build-macosx-x86_64/jdk8u121/8372/hotspot/src/share/vm/prims/jni.cpp, line 709]
Event: 3.858 Thread 0x00007ff235800800 Exception <a 'java/lang/NullPointerException'> (0x00000007aabacbd8) thrown at [/Users/java_re/workspace/8-2-build-macosx-x86_64/jdk8u121/8372/hotspot/src/share/vm/interpreter/linkResolver.cpp, line 1178]
Event: 4.034 Thread 0x00007ff2369f0800 Exception <a 'java/lang/UnsatisfiedLinkError': com.jogamp.common.util.JarUtil.fixNativeLibAttribs(Ljava/lang/String;)Z> (0x00000007aaf7a1f0) thrown at [/Users/java_re/workspace/8-2-build-macosx-x86_64/jdk8u121/8372/hotspot/src/share/vm/prims/nativeLookup.
Event: 5.817 Thread 0x00007ff235c28800 Exception <a 'java/io/FileNotFoundException'> (0x00000007ab120720) thrown at [/Users/java_re/workspace/8-2-build-macosx-x86_64/jdk8u121/8372/hotspot/src/share/vm/prims/jni.cpp, line 709]
Event: 5.819 Thread 0x00007ff235c28800 Exception <a 'java/io/FileNotFoundException'> (0x00000007ab126900) thrown at [/Users/java_re/workspace/8-2-build-macosx-x86_64/jdk8u121/8372/hotspot/src/share/vm/prims/jni.cpp, line 709]
Event: 5.819 Thread 0x00007ff235c28800 Implicit null exception at 0x000000010e4c4736 to 0x000000010e4c4b05
Event: 7.916 Thread 0x00007ff235108800 Implicit null exception at 0x000000010e6c3806 to 0x000000010e6c3a4d

Events (10 events):
Event: 26.234 loading class java/awt/event/AWTEventListenerProxy
Event: 26.234 loading class java/awt/event/AWTEventListenerProxy done
Event: 26.234 loading class java/awt/Toolkit$ToolkitEventMulticaster
Event: 26.235 loading class java/awt/Toolkit$ToolkitEventMulticaster done
Event: 26.235 Thread 0x00007ff235b16800 Thread exited: 0x00007ff235b16800
Event: 26.236 Thread 0x00007ff23cac6800 Uncommon trap: trap_request=0xffffff86 fr.pc=0x000000010ec3cc98
Event: 26.236 Thread 0x00007ff23cac6800 DEOPT PACKING pc=0x000000010ec3cc98 sp=0x000070000d7017f0
Event: 26.236 Thread 0x00007ff23cac6800 DEOPT UNPACKING pc=0x000000010e30c229 sp=0x000070000d7017a0 mode 2
Event: 26.236 loading class java/awt/Window$1DisposeAction
Event: 26.236 loading class java/awt/Window$1DisposeAction done


Dynamic libraries:
0x000000004c357000 	/System/Library/Frameworks/Cocoa.framework/Versions/A/Cocoa
0x000000004c357000 	/System/Library/Frameworks/Security.framework/Versions/A/Security
0x000000004c357000 	/System/Library/Frameworks/ApplicationServices.framework/Versions/A/ApplicationServices
0x000000004c357000 	/usr/lib/libz.1.dylib
0x000000004c357000 	/usr/lib/libSystem.B.dylib
0x000000004c357000 	/usr/lib/libobjc.A.dylib
0x000000004c357000 	/System/Library/Frameworks/CoreFoundation.framework/Versions/A/CoreFoundation
0x000000004c357000 	/System/Library/Frameworks/Foundation.framework/Versions/C/Foundation
0x000000004c357000 	/System/Library/Frameworks/AppKit.framework/Versions/C/AppKit
0x000000004c357000 	/System/Library/Frameworks/CoreData.framework/Versions/A/CoreData
0x000000004c357000 	/System/Library/PrivateFrameworks/RemoteViewServices.framework/Versions/A/RemoteViewServices
0x000000004c357000 	/System/Library/PrivateFrameworks/UIFoundation.framework/Versions/A/UIFoundation
0x000000004c357000 	/System/Library/PrivateFrameworks/DFRFoundation.framework/Versions/A/DFRFoundation
0x000000004c357000 	/usr/lib/libenergytrace.dylib
0x000000004c357000 	/System/Library/PrivateFrameworks/SkyLight.framework/Versions/A/SkyLight
0x000000004c357000 	/System/Library/Frameworks/CoreGraphics.framework/Versions/A/CoreGraphics
0x000000004c357000 	/usr/lib/libScreenReader.dylib
0x000000004c357000 	/System/Library/Frameworks/Accelerate.framework/Versions/A/Accelerate
0x000000004c357000 	/System/Library/Frameworks/IOSurface.framework/Versions/A/IOSurface
0x000000004c357000 	/System/Library/Frameworks/AudioToolbox.framework/Versions/A/AudioToolbox
0x000000004c357000 	/System/Library/Frameworks/AudioUnit.framework/Versions/A/AudioUnit
0x000000004c357000 	/System/Library/PrivateFrameworks/DataDetectorsCore.framework/Versions/A/DataDetectorsCore
0x000000004c357000 	/System/Library/PrivateFrameworks/DesktopServicesPriv.framework/Versions/A/DesktopServicesPriv
0x000000004c357000 	/System/Library/Frameworks/Carbon.framework/Versions/A/Frameworks/HIToolbox.framework/Versions/A/HIToolbox
0x000000004c357000 	/usr/lib/libicucore.A.dylib
0x000000004c357000 	/System/Library/Frameworks/QuartzCore.framework/Versions/A/QuartzCore
0x000000004c357000 	/System/Library/Frameworks/Carbon.framework/Versions/A/Frameworks/SpeechRecognition.framework/Versions/A/SpeechRecognition
0x000000004c357000 	/usr/lib/libauto.dylib
0x000000004c357000 	/usr/lib/libxml2.2.dylib
0x000000004c357000 	/System/Library/PrivateFrameworks/CoreUI.framework/Versions/A/CoreUI
0x000000004c357000 	/System/Library/Frameworks/CoreAudio.framework/Versions/A/CoreAudio
0x000000004c357000 	/System/Library/Frameworks/DiskArbitration.framework/Versions/A/DiskArbitration
0x000000004c357000 	/usr/lib/liblangid.dylib
0x000000004c357000 	/System/Library/PrivateFrameworks/MultitouchSupport.framework/Versions/A/MultitouchSupport
0x000000004c357000 	/System/Library/Frameworks/IOKit.framework/Versions/A/IOKit
0x000000004c357000 	/usr/lib/libDiagnosticMessagesClient.dylib
0x000000004c357000 	/System/Library/Frameworks/CoreServices.framework/Versions/A/CoreServices
0x000000004c357000 	/System/Library/PrivateFrameworks/PerformanceAnalysis.framework/Versions/A/PerformanceAnalysis
0x000000004c357000 	/System/Library/PrivateFrameworks/GenerationalStorage.framework/Versions/A/GenerationalStorage
0x000000004c357000 	/System/Library/Frameworks/OpenGL.framework/Versions/A/OpenGL
0x000000004c357000 	/System/Library/Frameworks/CoreImage.framework/Versions/A/CoreImage
0x000000004c357000 	/System/Library/Frameworks/CoreText.framework/Versions/A/CoreText
0x000000004c357000 	/System/Library/Frameworks/ImageIO.framework/Versions/A/ImageIO
0x000000004c357000 	/System/Library/PrivateFrameworks/Backup.framework/Versions/A/Backup
0x000000004c357000 	/usr/lib/libarchive.2.dylib
0x000000004c357000 	/System/Library/Frameworks/CFNetwork.framework/Versions/A/CFNetwork
0x000000004c357000 	/System/Library/Frameworks/SystemConfiguration.framework/Versions/A/SystemConfiguration
0x000000004c357000 	/usr/lib/libCRFSuite.dylib
0x000000004c357000 	/usr/lib/libc++.1.dylib
0x000000004c357000 	/usr/lib/libc++abi.dylib
0x000000004c357000 	/usr/lib/system/libcache.dylib
0x000000004c357000 	/usr/lib/system/libcommonCrypto.dylib
0x000000004c357000 	/usr/lib/system/libcompiler_rt.dylib
0x000000004c357000 	/usr/lib/system/libcopyfile.dylib
0x000000004c357000 	/usr/lib/system/libcorecrypto.dylib
0x000000004c357000 	/usr/lib/system/libdispatch.dylib
0x000000004c357000 	/usr/lib/system/libdyld.dylib
0x000000004c357000 	/usr/lib/system/libkeymgr.dylib
0x000000004c357000 	/usr/lib/system/liblaunch.dylib
0x000000004c357000 	/usr/lib/system/libmacho.dylib
0x000000004c357000 	/usr/lib/system/libquarantine.dylib
0x000000004c357000 	/usr/lib/system/libremovefile.dylib
0x000000004c357000 	/usr/lib/system/libsystem_asl.dylib
0x000000004c357000 	/usr/lib/system/libsystem_blocks.dylib
0x000000004c357000 	/usr/lib/system/libsystem_c.dylib
0x000000004c357000 	/usr/lib/system/libsystem_configuration.dylib
0x000000004c357000 	/usr/lib/system/libsystem_coreservices.dylib
0x000000004c357000 	/usr/lib/system/libsystem_coretls.dylib
0x000000004c357000 	/usr/lib/system/libsystem_dnssd.dylib
0x000000004c357000 	/usr/lib/system/libsystem_info.dylib
0x000000004c357000 	/usr/lib/system/libsystem_kernel.dylib
0x000000004c357000 	/usr/lib/system/libsystem_m.dylib
0x000000004c357000 	/usr/lib/system/libsystem_malloc.dylib
0x000000004c357000 	/usr/lib/system/libsystem_network.dylib
0x000000004c357000 	/usr/lib/system/libsystem_networkextension.dylib
0x000000004c357000 	/usr/lib/system/libsystem_notify.dylib
0x000000004c357000 	/usr/lib/system/libsystem_platform.dylib
0x000000004c357000 	/usr/lib/system/libsystem_pthread.dylib
0x000000004c357000 	/usr/lib/system/libsystem_sandbox.dylib
0x000000004c357000 	/usr/lib/system/libsystem_secinit.dylib
0x000000004c357000 	/usr/lib/system/libsystem_symptoms.dylib
0x000000004c357000 	/usr/lib/system/libsystem_trace.dylib
0x000000004c357000 	/usr/lib/system/libunwind.dylib
0x000000004c357000 	/usr/lib/system/libxpc.dylib
0x000000004c357000 	/usr/lib/libbsm.0.dylib
0x000000004c357000 	/usr/lib/system/libkxld.dylib
0x000000004c357000 	/usr/lib/libcoretls.dylib
0x000000004c357000 	/usr/lib/libcoretls_cfhelpers.dylib
0x000000004c357000 	/usr/lib/libOpenScriptingUtil.dylib
0x000000004c357000 	/usr/lib/libpam.2.dylib
0x000000004c357000 	/usr/lib/libsqlite3.dylib
0x000000004c357000 	/usr/lib/libxar.1.dylib
0x000000004c357000 	/usr/lib/libbz2.1.0.dylib
0x000000004c357000 	/usr/lib/liblzma.5.dylib
0x000000004c357000 	/usr/lib/libnetwork.dylib
0x000000004c357000 	/usr/lib/libpcap.A.dylib
0x000000004c357000 	/System/Library/Frameworks/CoreServices.framework/Versions/A/Frameworks/FSEvents.framework/Versions/A/FSEvents
0x000000004c357000 	/System/Library/Frameworks/CoreServices.framework/Versions/A/Frameworks/CarbonCore.framework/Versions/A/CarbonCore
0x000000004c357000 	/System/Library/Frameworks/CoreServices.framework/Versions/A/Frameworks/Metadata.framework/Versions/A/Metadata
0x000000004c357000 	/System/Library/Frameworks/CoreServices.framework/Versions/A/Frameworks/OSServices.framework/Versions/A/OSServices
0x000000004c357000 	/System/Library/Frameworks/CoreServices.framework/Versions/A/Frameworks/SearchKit.framework/Versions/A/SearchKit
0x000000004c357000 	/System/Library/Frameworks/CoreServices.framework/Versions/A/Frameworks/AE.framework/Versions/A/AE
0x000000004c357000 	/System/Library/Frameworks/CoreServices.framework/Versions/A/Frameworks/LaunchServices.framework/Versions/A/LaunchServices
0x000000004c357000 	/System/Library/Frameworks/CoreServices.framework/Versions/A/Frameworks/DictionaryServices.framework/Versions/A/DictionaryServices
0x000000004c357000 	/System/Library/Frameworks/CoreServices.framework/Versions/A/Frameworks/SharedFileList.framework/Versions/A/SharedFileList
0x000000004c357000 	/System/Library/Frameworks/NetFS.framework/Versions/A/NetFS
0x000000004c357000 	/System/Library/PrivateFrameworks/NetAuth.framework/Versions/A/NetAuth
0x000000004c357000 	/System/Library/PrivateFrameworks/login.framework/Versions/A/Frameworks/loginsupport.framework/Versions/A/loginsupport
0x000000004c357000 	/System/Library/PrivateFrameworks/TCC.framework/Versions/A/TCC
0x000000004c357000 	/usr/lib/libmecabra.dylib
0x000000004c357000 	/System/Library/Frameworks/ApplicationServices.framework/Versions/A/Frameworks/ATS.framework/Versions/A/ATS
0x000000004c357000 	/System/Library/Frameworks/ApplicationServices.framework/Versions/A/Frameworks/ColorSync.framework/Versions/A/ColorSync
0x000000004c357000 	/System/Library/Frameworks/ApplicationServices.framework/Versions/A/Frameworks/HIServices.framework/Versions/A/HIServices
0x000000004c357000 	/System/Library/Frameworks/ApplicationServices.framework/Versions/A/Frameworks/LangAnalysis.framework/Versions/A/LangAnalysis
0x000000004c357000 	/System/Library/Frameworks/ApplicationServices.framework/Versions/A/Frameworks/PrintCore.framework/Versions/A/PrintCore
0x000000004c357000 	/System/Library/Frameworks/ApplicationServices.framework/Versions/A/Frameworks/QD.framework/Versions/A/QD
0x000000004c357000 	/System/Library/Frameworks/ApplicationServices.framework/Versions/A/Frameworks/SpeechSynthesis.framework/Versions/A/SpeechSynthesis
0x000000004c357000 	/System/Library/Frameworks/Accelerate.framework/Versions/A/Frameworks/vImage.framework/Versions/A/vImage
0x000000004c357000 	/System/Library/Frameworks/Accelerate.framework/Versions/A/Frameworks/vecLib.framework/Versions/A/vecLib
0x000000004c357000 	/System/Library/Frameworks/Accelerate.framework/Versions/A/Frameworks/vecLib.framework/Versions/A/libvDSP.dylib
0x000000004c357000 	/System/Library/Frameworks/Accelerate.framework/Versions/A/Frameworks/vecLib.framework/Versions/A/libBNNS.dylib
0x000000004c357000 	/System/Library/Frameworks/Accelerate.framework/Versions/A/Frameworks/vecLib.framework/Versions/A/libQuadrature.dylib
0x000000004c357000 	/System/Library/Frameworks/Accelerate.framework/Versions/A/Frameworks/vecLib.framework/Versions/A/libvMisc.dylib
0x000000004c357000 	/System/Library/Frameworks/Accelerate.framework/Versions/A/Frameworks/vecLib.framework/Versions/A/libLAPACK.dylib
0x000000004c357000 	/System/Library/Frameworks/Accelerate.framework/Versions/A/Frameworks/vecLib.framework/Versions/A/libBLAS.dylib
0x000000004c357000 	/System/Library/Frameworks/Accelerate.framework/Versions/A/Frameworks/vecLib.framework/Versions/A/libLinearAlgebra.dylib
0x000000004c357000 	/System/Library/Frameworks/Accelerate.framework/Versions/A/Frameworks/vecLib.framework/Versions/A/libSparseBLAS.dylib
0x000000004c357000 	/System/Library/Frameworks/ApplicationServices.framework/Versions/A/Frameworks/ATS.framework/Versions/A/Resources/libFontParser.dylib
0x000000004c357000 	/System/Library/Frameworks/ApplicationServices.framework/Versions/A/Frameworks/ATS.framework/Versions/A/Resources/libFontRegistry.dylib
0x000000004c357000 	/System/Library/Frameworks/ImageIO.framework/Versions/A/Resources/libJPEG.dylib
0x000000004c357000 	/System/Library/Frameworks/ImageIO.framework/Versions/A/Resources/libTIFF.dylib
0x000000004c357000 	/System/Library/Frameworks/ImageIO.framework/Versions/A/Resources/libPng.dylib
0x000000004c357000 	/System/Library/Frameworks/ImageIO.framework/Versions/A/Resources/libGIF.dylib
0x000000004c357000 	/System/Library/Frameworks/ImageIO.framework/Versions/A/Resources/libJP2.dylib
0x000000004c357000 	/System/Library/Frameworks/ImageIO.framework/Versions/A/Resources/libRadiance.dylib
0x000000004c357000 	/usr/lib/libcompression.dylib
0x000000004c357000 	/System/Library/PrivateFrameworks/AppleJPEG.framework/Versions/A/AppleJPEG
0x000000004c357000 	/usr/lib/libcups.2.dylib
0x000000004c357000 	/System/Library/Frameworks/Kerberos.framework/Versions/A/Kerberos
0x000000004c357000 	/System/Library/Frameworks/GSS.framework/Versions/A/GSS
0x000000004c357000 	/usr/lib/libresolv.9.dylib
0x000000004c357000 	/usr/lib/libiconv.2.dylib
0x000000004c357000 	/System/Library/PrivateFrameworks/Heimdal.framework/Versions/A/Heimdal
0x000000004c357000 	/usr/lib/libheimdal-asn1.dylib
0x000000004c357000 	/System/Library/Frameworks/OpenDirectory.framework/Versions/A/OpenDirectory
0x000000004c357000 	/System/Library/PrivateFrameworks/CommonAuth.framework/Versions/A/CommonAuth
0x000000004c357000 	/System/Library/Frameworks/OpenDirectory.framework/Versions/A/Frameworks/CFOpenDirectory.framework/Versions/A/CFOpenDirectory
0x000000004c357000 	/System/Library/Frameworks/SecurityFoundation.framework/Versions/A/SecurityFoundation
0x000000004c357000 	/System/Library/PrivateFrameworks/LanguageModeling.framework/Versions/A/LanguageModeling
0x000000004c357000 	/usr/lib/libmarisa.dylib
0x000000004c357000 	/usr/lib/libChineseTokenizer.dylib
0x000000004c357000 	/usr/lib/libcmph.dylib
0x000000004c357000 	/System/Library/PrivateFrameworks/CoreEmoji.framework/Versions/A/CoreEmoji
0x000000004c357000 	/System/Library/Frameworks/ServiceManagement.framework/Versions/A/ServiceManagement
0x000000004c357000 	/usr/lib/libxslt.1.dylib
0x000000004c357000 	/System/Library/Frameworks/Carbon.framework/Versions/A/Frameworks/Ink.framework/Versions/A/Ink
0x000000004c357000 	/System/Library/PrivateFrameworks/TextureIO.framework/Versions/A/TextureIO
0x000000004c357000 	/System/Library/Frameworks/Metal.framework/Versions/A/Metal
0x000000004c357000 	/usr/lib/libate.dylib
0x000000004c357000 	/System/Library/PrivateFrameworks/GPUCompiler.framework/libmetal_timestamp.dylib
0x000000004c357000 	/System/Library/Frameworks/OpenGL.framework/Versions/A/Libraries/libCoreFSCache.dylib
0x000000004c357000 	/System/Library/PrivateFrameworks/IOAccelerator.framework/Versions/A/IOAccelerator
0x000000004c357000 	/System/Library/Frameworks/CoreVideo.framework/Versions/A/CoreVideo
0x000000004c357000 	/usr/lib/libFosl_dynamic.dylib
0x000000004c357000 	/System/Library/PrivateFrameworks/MetalPerformanceShaders.framework/Versions/A/MetalPerformanceShaders
0x000000004c357000 	/System/Library/PrivateFrameworks/FaceCore.framework/Versions/A/FaceCore
0x000000004c357000 	/System/Library/Frameworks/OpenCL.framework/Versions/A/OpenCL
0x000000004c357000 	/System/Library/Frameworks/OpenGL.framework/Versions/A/Libraries/libGLU.dylib
0x000000004c357000 	/System/Library/Frameworks/OpenGL.framework/Versions/A/Libraries/libGFXShared.dylib
0x000000004c357000 	/System/Library/Frameworks/OpenGL.framework/Versions/A/Libraries/libGL.dylib
0x000000004c357000 	/System/Library/Frameworks/OpenGL.framework/Versions/A/Libraries/libGLImage.dylib
0x000000004c357000 	/System/Library/Frameworks/OpenGL.framework/Versions/A/Libraries/libCVMSPluginSupport.dylib
0x000000004c357000 	/System/Library/Frameworks/OpenGL.framework/Versions/A/Libraries/libCoreVMClient.dylib
0x000000004c357000 	/System/Library/PrivateFrameworks/CrashReporterSupport.framework/Versions/A/CrashReporterSupport
0x000000004c357000 	/System/Library/PrivateFrameworks/Sharing.framework/Versions/A/Sharing
0x000000004c357000 	/System/Library/PrivateFrameworks/IconServices.framework/Versions/A/IconServices
0x000000004c357000 	/System/Library/PrivateFrameworks/ProtocolBuffer.framework/Versions/A/ProtocolBuffer
0x000000004c357000 	/System/Library/PrivateFrameworks/Apple80211.framework/Versions/A/Apple80211
0x000000004c357000 	/System/Library/Frameworks/CoreWLAN.framework/Versions/A/CoreWLAN
0x000000004c357000 	/System/Library/PrivateFrameworks/CoreUtils.framework/Versions/A/CoreUtils
0x000000004c357000 	/System/Library/Frameworks/IOBluetooth.framework/Versions/A/IOBluetooth
0x000000004c357000 	/System/Library/PrivateFrameworks/CoreWiFi.framework/Versions/A/CoreWiFi
0x000000004c357000 	/System/Library/Frameworks/CoreBluetooth.framework/Versions/A/CoreBluetooth
0x000000004c357000 	/System/Library/Frameworks/CoreDisplay.framework/Versions/A/CoreDisplay
0x000000004c357000 	/System/Library/PrivateFrameworks/IOPresentment.framework/Versions/A/IOPresentment
0x000000004c357000 	/System/Library/PrivateFrameworks/DSExternalDisplay.framework/Versions/A/DSExternalDisplay
0x000000004c357000 	/System/Library/PrivateFrameworks/DebugSymbols.framework/Versions/A/DebugSymbols
0x000000004c357000 	/System/Library/PrivateFrameworks/CoreSymbolication.framework/Versions/A/CoreSymbolication
0x000000004c357000 	/System/Library/PrivateFrameworks/Symbolication.framework/Versions/A/Symbolication
0x000000004c357000 	/System/Library/PrivateFrameworks/AppleFSCompression.framework/Versions/A/AppleFSCompression
0x000000004c357000 	/System/Library/PrivateFrameworks/SpeechRecognitionCore.framework/Versions/A/SpeechRecognitionCore
0x000000004c357000 	/System/Library/PrivateFrameworks/ChunkingLibrary.framework/Versions/A/ChunkingLibrary
0x0000000107800000 	/Library/Java/JavaVirtualMachines/jdk1.8.0_121.jdk/Contents/Home/jre/lib/server/libjvm.dylib
0x000000004c357000 	/usr/lib/libstdc++.6.dylib
0x0000000106ec0000 	/Library/Java/JavaVirtualMachines/jdk1.8.0_121.jdk/Contents/Home/jre/lib/libverify.dylib
0x0000000106ece000 	/Library/Java/JavaVirtualMachines/jdk1.8.0_121.jdk/Contents/Home/jre/lib/libjava.dylib
0x0000000106f0d000 	/Library/Java/JavaVirtualMachines/jdk1.8.0_121.jdk/Contents/Home/jre/lib/libzip.dylib
0x000000010cab4000 	/System/Library/Frameworks/JavaVM.framework/Frameworks/JavaRuntimeSupport.framework/JavaRuntimeSupport
0x000000010cace000 	/System/Library/Frameworks/JavaVM.framework/Versions/A/Frameworks/JavaNativeFoundation.framework/Versions/A/JavaNativeFoundation
0x000000010cae3000 	/System/Library/Frameworks/JavaVM.framework/Versions/A/JavaVM
0x000000004c357000 	/System/Library/Frameworks/Carbon.framework/Versions/A/Carbon
0x000000010caf0000 	/System/Library/PrivateFrameworks/JavaLaunching.framework/Versions/A/JavaLaunching
0x000000004c357000 	/System/Library/Frameworks/Carbon.framework/Versions/A/Frameworks/CommonPanels.framework/Versions/A/CommonPanels
0x000000004c357000 	/System/Library/Frameworks/Carbon.framework/Versions/A/Frameworks/Help.framework/Versions/A/Help
0x000000004c357000 	/System/Library/Frameworks/Carbon.framework/Versions/A/Frameworks/ImageCapture.framework/Versions/A/ImageCapture
0x000000004c357000 	/System/Library/Frameworks/Carbon.framework/Versions/A/Frameworks/OpenScripting.framework/Versions/A/OpenScripting
0x000000004c357000 	/System/Library/Frameworks/Carbon.framework/Versions/A/Frameworks/Print.framework/Versions/A/Print
0x000000004c357000 	/System/Library/Frameworks/Carbon.framework/Versions/A/Frameworks/SecurityHI.framework/Versions/A/SecurityHI
0x000000010cb4b000 	/Library/Java/JavaVirtualMachines/jdk1.8.0_121.jdk/Contents/Home/jre/lib/libawt.dylib
0x000000010cbf3000 	/Library/Java/JavaVirtualMachines/jdk1.8.0_121.jdk/Contents/Home/jre/lib/./libmlib_image.dylib
0x000000010ccbf000 	/Library/Java/JavaVirtualMachines/jdk1.8.0_121.jdk/Contents/Home/jre/lib/libawt_lwawt.dylib
0x000000010cd76000 	/Library/Java/JavaVirtualMachines/jdk1.8.0_121.jdk/Contents/Home/jre/lib/./libosxapp.dylib
0x000000004c357000 	/System/Library/Frameworks/ExceptionHandling.framework/Versions/A/ExceptionHandling
0x000000004c357000 	/System/Library/PrivateFrameworks/CoreServicesInternal.framework/Versions/A/CoreServicesInternal
0x000000004c357000 	/System/Library/CoreServices/RawCamera.bundle/Contents/MacOS/RawCamera
0x000000004c357000 	/System/Library/Frameworks/Accelerate.framework/Versions/A/Frameworks/vImage.framework/Versions/A/Libraries/libCGInterfaces.dylib
0x000000004c357000 	/System/Library/Frameworks/ApplicationServices.framework/Versions/A/Frameworks/ATS.framework/Versions/A/Resources/libTrueTypeScaler.dylib
0x000000011f2f9000 	/System/Library/Frameworks/OpenGL.framework/Resources/GLEngine.bundle/GLEngine
0x000000004c357000 	/System/Library/Frameworks/OpenGL.framework/Versions/A/Libraries/libGLProgrammability.dylib
0x000000011f4de000 	/System/Library/Extensions/AppleIntelHD5000GraphicsGLDriver.bundle/Contents/MacOS/AppleIntelHD5000GraphicsGLDriver
0x000000004c357000 	/System/Library/PrivateFrameworks/GPUSupport.framework/Versions/A/Libraries/libGPUSupportMercury.dylib
0x000000010e164000 	/System/Library/Frameworks/OpenGL.framework/Resources//GLRendererFloat.bundle/GLRendererFloat
0x000000004c357000 	/System/Library/Frameworks/OpenCL.framework/Versions/A/Libraries/libcldcpuengine.dylib
0x000000004c357000 	/usr/lib/libcrypto.0.9.8.dylib
0x000000004c357000 	/System/Library/PrivateFrameworks/TrustEvaluationAgent.framework/Versions/A/TrustEvaluationAgent
0x000000011fc4c000 	/System/Library/Extensions/AppleIntelHD5000GraphicsMTLDriver.bundle/Contents/MacOS/AppleIntelHD5000GraphicsMTLDriver
0x000000004c357000 	/System/Library/PrivateFrameworks/FamilyControls.framework/Versions/A/FamilyControls
0x000000004c357000 	/System/Library/PrivateFrameworks/CommerceKit.framework/Versions/A/Frameworks/CommerceCore.framework/Versions/A/CommerceCore
0x000000004c357000 	/System/Library/PrivateFrameworks/SystemAdministration.framework/Versions/A/SystemAdministration
0x000000004c357000 	/System/Library/PrivateFrameworks/AppContainer.framework/Versions/A/AppContainer
0x000000004c357000 	/System/Library/PrivateFrameworks/SecCodeWrapper.framework/Versions/A/SecCodeWrapper
0x000000004c357000 	/System/Library/Frameworks/DirectoryService.framework/Versions/A/DirectoryService
0x000000004c357000 	/System/Library/PrivateFrameworks/DiskImages.framework/Versions/A/DiskImages
0x000000004c357000 	/System/Library/PrivateFrameworks/LoginUIKit.framework/Versions/A/Frameworks/LoginUICore.framework/Versions/A/LoginUICore
0x000000004c357000 	/usr/lib/libCoreStorage.dylib
0x000000004c357000 	/usr/lib/libcsfde.dylib
0x000000004c357000 	/usr/lib/libodfde.dylib
0x000000004c357000 	/System/Library/Frameworks/DiscRecording.framework/Versions/A/DiscRecording
0x000000004c357000 	/usr/lib/libcurl.4.dylib
0x000000004c357000 	/System/Library/PrivateFrameworks/MediaKit.framework/Versions/A/MediaKit
0x000000004c357000 	/System/Library/PrivateFrameworks/ProtectedCloudStorage.framework/Versions/A/ProtectedCloudStorage
0x000000004c357000 	/System/Library/PrivateFrameworks/EFILogin.framework/Versions/A/EFILogin
0x000000004c357000 	/usr/lib/libutil.dylib
0x000000004c357000 	/System/Library/Frameworks/LDAP.framework/Versions/A/LDAP
0x000000004c357000 	/usr/lib/libsasl2.2.dylib
0x000000004c357000 	/System/Library/PrivateFrameworks/CoreDaemon.framework/Versions/B/CoreDaemon
0x000000004c357000 	/System/Library/PrivateFrameworks/AppleSRP.framework/Versions/A/AppleSRP
0x000000004c357000 	/System/Library/PrivateFrameworks/APFS.framework/Versions/A/APFS
0x0000000121765000 	/Library/Java/JavaVirtualMachines/jdk1.8.0_121.jdk/Contents/Home/jre/lib/libfontmanager.dylib
0x000000004c357000 	/System/Library/PrivateFrameworks/ViewBridge.framework/Versions/A/ViewBridge
0x000000004c357000 	/System/Library/PrivateFrameworks/XPCService.framework/Versions/A/XPCService
0x000000004c357000 	/System/Library/PrivateFrameworks/AppSandbox.framework/Versions/A/AppSandbox
0x000000004c357000 	/usr/lib/libsandbox.1.dylib
0x000000004c357000 	/usr/lib/libMatch.1.dylib
0x0000000122b60000 	/Library/Java/JavaVirtualMachines/jdk1.8.0_121.jdk/Contents/Home/jre/lib/libosxui.dylib
0x00000001236c2000 	/Library/Java/JavaVirtualMachines/jdk1.8.0_121.jdk/Contents/Home/jre/lib/libnet.dylib
0x0000000123731000 	/Library/Java/JavaVirtualMachines/jdk1.8.0_121.jdk/Contents/Home/jre/lib/libnio.dylib
0x000000012286e000 	/private/var/folders/z5/dkh_k18x6bn8z6w6jj1k7pqm0000gn/T/jogamp_0000/file_cache/jln2358421542338892429/jln1228263204161157708/libgluegen-rt.jnilib
0x0000000122872000 	/private/var/folders/z5/dkh_k18x6bn8z6w6jj1k7pqm0000gn/T/jogamp_0000/file_cache/jln2358421542338892429/jln1228263204161157708/libnativewindow_awt.jnilib
0x000000018bce3000 	/Library/Java/JavaVirtualMachines/jdk1.8.0_121.jdk/Contents/Home/jre/lib/libjawt.dylib
0x000000018c0b9000 	/private/var/folders/z5/dkh_k18x6bn8z6w6jj1k7pqm0000gn/T/jogamp_0000/file_cache/jln2358421542338892429/jln1228263204161157708/libnativewindow_macosx.jnilib
0x000000018db2e000 	/private/var/folders/z5/dkh_k18x6bn8z6w6jj1k7pqm0000gn/T/jogamp_0000/file_cache/jln2358421542338892429/jln1228263204161157708/libjogl_desktop.jnilib
0x0000000193d35000 	/Library/Java/JavaVirtualMachines/jdk1.8.0_121.jdk/Contents/Home/jre/lib/libt2k.dylib

VM Arguments:
jvm_args: -Djava.security.policy=java.policy.applet -Dfile.encoding=MacRoman 
java_command: sun.applet.AppletViewer module6.EarthquakeCityMap1524026806462.html
java_class_path (initial): /Users/Mac/Documents/workspace/UCSDUnfoldingMaps/build:/Users/Mac/Documents/workspace/UCSDUnfoldingMaps/lib/core.jar:/Users/Mac/Documents/workspace/UCSDUnfoldingMaps/lib/gluegen-rt.jar:/Users/Mac/Documents/workspace/UCSDUnfoldingMaps/lib/jogl-all.jar:/Users/Mac/Documents/workspace/UCSDUnfoldingMaps/lib/log4j-1.2.15.jar:/Users/Mac/Documents/workspace/UCSDUnfoldingMaps/lib/sqlite-jdbc-3.7.2.jar:/Users/Mac/Documents/workspace/UCSDUnfoldingMaps/lib/json4processing.jar:/Users/Mac/Documents/workspace/UCSDUnfoldingMaps/lib/libTUIO.jar:/Users/Mac/Documents/workspace/UCSDUnfoldingMaps/lib/unfolding.0.9.7-uscd.jar
Launcher Type: SUN_STANDARD

Environment Variables:
PATH=/Library/Frameworks/Python.framework/Versions/3.6/bin:/usr/local/bin:/usr/bin:/bin:/usr/sbin:/sbin:/opt/X11/bin:/Library/Frameworks/Mono.framework/Versions/Current/Commands:/Library/TeX/texbin
SHELL=/bin/bash
DISPLAY=/private/tmp/com.apple.launchd.BfoSnAz3r8/org.macosforge.xquartz:0

Signal Handlers:
SIGSEGV: [libjvm.dylib+0x5b1141], sa_mask[0]=11111111011111110111111111111111, sa_flags=SA_ONSTACK|SA_RESTART|SA_SIGINFO
SIGBUS: [libjvm.dylib+0x5b1141], sa_mask[0]=11111111011111110111111111111111, sa_flags=SA_RESTART|SA_SIGINFO
SIGFPE: [libjvm.dylib+0x487bc4], sa_mask[0]=11111111011111110111111111111111, sa_flags=SA_RESTART|SA_SIGINFO
SIGPIPE: [libjvm.dylib+0x487bc4], sa_mask[0]=11111111011111110111111111111111, sa_flags=SA_RESTART|SA_SIGINFO
SIGXFSZ: [libjvm.dylib+0x487bc4], sa_mask[0]=11111111011111110111111111111111, sa_flags=SA_RESTART|SA_SIGINFO
SIGILL: [libjvm.dylib+0x487bc4], sa_mask[0]=11111111011111110111111111111111, sa_flags=SA_RESTART|SA_SIGINFO
SIGUSR1: SIG_DFL, sa_mask[0]=11011111011111100000000111000110, sa_flags=none
SIGUSR2: [libjvm.dylib+0x4876e2], sa_mask[0]=00100000000000000000000000000000, sa_flags=SA_RESTART|SA_SIGINFO
SIGHUP: [libjvm.dylib+0x485cb9], sa_mask[0]=11111111011111110111111111111111, sa_flags=SA_RESTART|SA_SIGINFO
SIGINT: [libjvm.dylib+0x485cb9], sa_mask[0]=11111111011111110111111111111111, sa_flags=SA_RESTART|SA_SIGINFO
SIGTERM: [libjvm.dylib+0x485cb9], sa_mask[0]=11111111011111110111111111111111, sa_flags=SA_RESTART|SA_SIGINFO
SIGQUIT: [libjvm.dylib+0x485cb9], sa_mask[0]=11111111011111110111111111111111, sa_flags=SA_RESTART|SA_SIGINFO


---------------  S Y S T E M  ---------------

OS:Bsduname:Darwin 16.7.0 Darwin Kernel Version 16.7.0: Thu Jan 11 22:59:40 PST 2018; root:xnu-3789.73.8~1/RELEASE_X86_64 x86_64
rlimit: STACK 8192k, CORE 0k, NPROC 709, NOFILE 10240, AS infinity
load average:3.62 2.98 2.70

CPU:total 4 (2 cores per cpu, 2 threads per core) family 6 model 69 stepping 1, cmov, cx8, fxsr, mmx, sse, sse2, sse3, ssse3, sse4.1, sse4.2, popcnt, avx, avx2, aes, clmul, erms, lzcnt, ht, tsc, tscinvbit, bmi1, bmi2

Memory: 4k page, physical 4194304k(50808k free)

/proc/meminfo:


vm_info: Java HotSpot(TM) 64-Bit Server VM (25.121-b13) for bsd-amd64 JRE (1.8.0_121-b13), built on Dec 12 2016 20:39:32 by "java_re" with gcc 4.2.1 (Based on Apple Inc. build 5658) (LLVM build 2336.11.00)

time: Tue Apr 17 21:47:12 2018
elapsed time: 26 seconds (0d 0h 0m 26s)

