#
# A fatal error has been detected by the Java Runtime Environment:
#
#  SIGSEGV (0xb) at pc=0x00007fffd65f048f, pid=11311, tid=0x0000000000000307
#
# JRE version: Java(TM) SE Runtime Environment (8.0_121-b13) (build 1.8.0_121-b13)
# Java VM: Java HotSpot(TM) 64-Bit Server VM (25.121-b13 mixed mode bsd-amd64 compressed oops)
# Problematic frame:
# C  [libobjc.A.dylib+0x948f]  objc_release+0xf
#
# Failed to write core dump. Core dumps have been disabled. To enable core dumping, try "ulimit -c unlimited" before starting Java again
#
# If you would like to submit a bug report, please visit:
#   http://bugreport.java.com/bugreport/crash.jsp
# The crash happened outside the Java Virtual Machine in native code.
# See problematic frame for where to report the bug.
#

---------------  T H R E A D  ---------------

Current thread (0x00007fdf80873000):  JavaThread "AWT-AppKit" daemon [_thread_in_native, id=775, stack(0x00007fff52811000,0x00007fff53011000)]

siginfo: si_signo: 11 (SIGSEGV), si_code: 0 (unknown), si_addr: 0x0000000000000000

Registers:
RAX=0x0000000000000008, RBX=0x0000000000000000, RCX=0x0000000000000003, RDX=0x00007fdf85161248
RSP=0x00007fff5300c200, RBP=0x00007fff5300c200, RSI=0x000000012342bfb0, RDI=0xe00007fdf85184ec
R8 =0x0000000000000001, R9 =0x0000000000000002, R10=0x0000000191ad4840, R11=0x00007fdf8171a3c0
R12=0x0000000000000000, R13=0x000000019381e8b8, R14=0x00007fdf85158690, R15=0x00007fdf80873000
RIP=0x00007fffd65f048f, EFLAGS=0x0000000000010246, ERR=0x0000000000000000
  TRAPNO=0x000000000000000d

Top of Stack: (sp=0x00007fff5300c200)
0x00007fff5300c200:   00007fff5300c230 00000001233b401b
0x00007fff5300c210:   0000000043e10000 0000000191ad4450
0x00007fff5300c220:   0000000191ad4440 00007fdf80873000
0x00007fff5300c230:   00007fff5300c2f0 0000000191ad2215
0x00007fff5300c240:   0000000191ad4700 0000000191ad46e0
0x00007fff5300c250:   0000000191ad44b0 0000000000000000
0x00007fff5300c260:   000000019381e8b8 000000019381e8b8
0x00007fff5300c270:   00007fdf85161240 0000000191ad46a0
0x00007fff5300c280:   0000000191ad4710 00007fffdc6546d0
0x00007fff5300c290:   00007fffdd2841e0 0000000191ad4450
0x00007fff5300c2a0:   0000000191ad4690 00007fdf85161240
0x00007fff5300c2b0:   00007fdf85158690 00007fdf8550ed20
0x00007fff5300c2c0:   00007fdf85161240 00007fdf85158690
0x00007fff5300c2d0:   00007fff5300c378 00007fdf808731f8
0x00007fff5300c2e0:   000000019381e8b8 00007fff5300c3a0
0x00007fff5300c2f0:   00007fff5300c368 000000011197a9f4
0x00007fff5300c300:   000000019381e8b8 00007fff5300c3a0
0x00007fff5300c310:   00007fff5300c368 000000011197a787
0x00007fff5300c320:   000000011197a742 00007fff5300c328
0x00007fff5300c330:   000000019381e8b8 00007fff5300c3a0
0x00007fff5300c340:   0000000193820068 0000000000000000
0x00007fff5300c350:   000000019381e8b8 0000000000000000
0x00007fff5300c360:   00007fff5300c388 00007fff5300c3e8
0x00007fff5300c370:   000000011196b2bd 0000000780eeb2e0
0x00007fff5300c380:   0000000111974538 00007fdf85161240
0x00007fff5300c390:   00007fff5300c3e8 00007fdf85158690
0x00007fff5300c3a0:   0000000111975e02 00007fff5300c3a8
0x00007fff5300c3b0:   000000019381ea82 00007fff5300c410
0x00007fff5300c3c0:   0000000193820068 0000000000000000
0x00007fff5300c3d0:   000000019381ea90 00007fff5300c388
0x00007fff5300c3e0:   00007fff5300c3f8 00007fff5300c458
0x00007fff5300c3f0:   000000011196b2bd 00007fdf85161240 

Instructions: (pc=0x00007fffd65f048f)
0x00007fffd65f046f:   e9 38 54 00 00 90 90 90 90 90 90 90 90 90 90 90
0x00007fffd65f047f:   90 55 48 89 e5 48 85 ff 74 67 40 f6 c7 01 75 61
0x00007fffd65f048f:   48 8b 07 48 b9 f8 ff ff ff ff 7f 00 00 48 21 c1
0x00007fffd65f049f:   f6 41 20 02 74 58 a8 01 74 49 48 b9 00 00 00 00 

Register to memory mapping:

RAX=0x0000000000000008 is an unknown value
RBX=0x0000000000000000 is an unknown value
RCX=0x0000000000000003 is an unknown value
RDX=0x00007fdf85161248 is an unknown value
RSP=0x00007fff5300c200 is pointing into the stack for thread: 0x00007fdf80873000
RBP=0x00007fff5300c200 is pointing into the stack for thread: 0x00007fdf80873000
RSI=0x000000012342bfb0: OBJC_IVAR_$_PrinterView.fCurPeekGraphics+0x1ad0 in /Library/Java/JavaVirtualMachines/jdk1.8.0_121.jdk/Contents/Home/jre/lib/libawt_lwawt.dylib at 0x00000001233af000
RDI=0xe00007fdf85184ec is an unknown value
R8 =0x0000000000000001 is an unknown value
R9 =0x0000000000000002 is an unknown value
R10=0x0000000191ad4840: OBJC_CLASS_$_MyCALayer+0 in /private/var/folders/z5/dkh_k18x6bn8z6w6jj1k7pqm0000gn/T/jogamp_0000/file_cache/jln5417146600940729204/jln8031169385852982571/libnativewindow_macosx.jnilib at 0x0000000191acd000
R11=0x00007fdf8171a3c0 is an unknown value
R12=0x0000000000000000 is an unknown value
R13={method} {0x000000019381e8b8} 'UnsetJAWTRootSurfaceLayer0' '(JJ)V' in 'jogamp/nativewindow/jawt/macosx/MacOSXJAWTWindow'
R14=0x00007fdf85158690 is an unknown value
R15=0x00007fdf80873000 is a thread


Stack: [0x00007fff52811000,0x00007fff53011000],  sp=0x00007fff5300c200,  free space=8172k
Native frames: (J=compiled Java code, j=interpreted, Vv=VM code, C=native code)
C  [libobjc.A.dylib+0x948f]  objc_release+0xf
C  [libawt_lwawt.dylib+0x501b]  -[AWTSurfaceLayers setLayer:]+0x54
C  [libnativewindow_macosx.jnilib+0x5215]  Java_jogamp_nativewindow_jawt_macosx_MacOSXJAWTWindow_UnsetJAWTRootSurfaceLayer0+0x1a5
j  jogamp.nativewindow.jawt.macosx.MacOSXJAWTWindow.UnsetJAWTRootSurfaceLayer0(JJ)V+0
j  jogamp.nativewindow.jawt.macosx.MacOSXJAWTWindow.access$200(JJ)V+2
j  jogamp.nativewindow.jawt.macosx.MacOSXJAWTWindow$1.run()V+38
j  com.jogamp.common.util.RunnableTask.run()V+24
v  ~StubRoutines::call_stub
V  [libjvm.dylib+0x2ed9d6]  JavaCalls::call_helper(JavaValue*, methodHandle*, JavaCallArguments*, Thread*)+0x6ae
V  [libjvm.dylib+0x324b65]  jni_invoke_nonstatic(JNIEnv_*, JavaValue*, _jobject*, JNICallType, _jmethodID*, JNI_ArgumentPusher*, Thread*)+0x2ec
V  [libjvm.dylib+0x317333]  jni_CallVoidMethod+0x16b
C  [libnativewindow_macosx.jnilib+0x5326]  Java_jogamp_nativewindow_jawt_macosx_MacOSXJAWTWindow_UnsetJAWTRootSurfaceLayer0+0x2b6
C  [Foundation+0x7152a]  __NSThreadPerformPerform+0x146
C  [CoreFoundation+0xa7321]  __CFRUNLOOP_IS_CALLING_OUT_TO_A_SOURCE0_PERFORM_FUNCTION__+0x11
C  [CoreFoundation+0x8821d]  __CFRunLoopDoSources0+0x22d
C  [CoreFoundation+0x87716]  __CFRunLoopRun+0x3a6
C  [CoreFoundation+0x87114]  CFRunLoopRunSpecific+0x1a4
C  [HIToolbox+0x30ebc]  RunCurrentEventLoopInMode+0xf0
C  [HIToolbox+0x30bf9]  ReceiveNextEventCommon+0xb8
C  [HIToolbox+0x30b26]  _BlockUntilNextEventMatchingListInModeWithFilter+0x47
C  [AppKit+0x46a54]  _DPSNextEvent+0x460
C  [AppKit+0x7c27ee]  -[NSApplication(NSEvent) _nextEventMatchingEventMask:untilDate:inMode:dequeue:]+0xaec
C  [libosxapp.dylib+0x23aa]  -[NSApplicationAWT nextEventMatchingMask:untilDate:inMode:dequeue:]+0x7c
C  [AppKit+0x3b3db]  -[NSApplication run]+0x39e
C  [libosxapp.dylib+0x214d]  +[NSApplicationAWT runAWTLoopWithApp:]+0x9c
C  [libawt_lwawt.dylib+0x45ff7]  -[AWTStarter starter:]+0x389
C  [Foundation+0x7152a]  __NSThreadPerformPerform+0x146
C  [CoreFoundation+0xa7321]  __CFRUNLOOP_IS_CALLING_OUT_TO_A_SOURCE0_PERFORM_FUNCTION__+0x11
C  [CoreFoundation+0x8821d]  __CFRunLoopDoSources0+0x22d
C  [CoreFoundation+0x87716]  __CFRunLoopRun+0x3a6
C  [CoreFoundation+0x87114]  CFRunLoopRunSpecific+0x1a4
C  [java+0x6465]  CreateExecutionEnvironment+0x367
C  [java+0x218c]  JLI_Launch+0x7a0
C  [java+0x84c2]  main+0x65
C  [java+0x19e4]  start+0x34
C  0x0000000000000007

Java frames: (J=compiled Java code, j=interpreted, Vv=VM code)
j  jogamp.nativewindow.jawt.macosx.MacOSXJAWTWindow.UnsetJAWTRootSurfaceLayer0(JJ)V+0
j  jogamp.nativewindow.jawt.macosx.MacOSXJAWTWindow.access$200(JJ)V+2
j  jogamp.nativewindow.jawt.macosx.MacOSXJAWTWindow$1.run()V+38
j  com.jogamp.common.util.RunnableTask.run()V+24
v  ~StubRoutines::call_stub

---------------  P R O C E S S  ---------------

Java Threads: ( => current thread )
  0x00007fdf7fd9e000 JavaThread "Thread-19" [_thread_blocked, id=76327, stack(0x0000700008be2000,0x0000700008ce2000)]
  0x00007fdf8091d800 JavaThread "Animation Thread" [_thread_blocked, id=67923, stack(0x00007000091fa000,0x00007000092fa000)]
  0x00007fdf7f9b4800 JavaThread "AWT-EventQueue-1" [_thread_in_native, id=69163, stack(0x00007000092fd000,0x00007000093fd000)]
  0x00007fdf81174800 JavaThread "DestroyJavaVM" [_thread_blocked, id=7171, stack(0x0000700007c32000,0x0000700007d32000)]
  0x00007fdf7f9ee800 JavaThread "AWT-EventQueue-0" [_thread_blocked, id=66579, stack(0x00007000090f7000,0x00007000091f7000)]
  0x00007fdf808f6000 JavaThread "Java2D Disposer" daemon [_thread_blocked, id=57359, stack(0x0000700008e6e000,0x0000700008f6e000)]
  0x00007fdf7f994800 JavaThread "Java2D Queue Flusher" daemon [_thread_blocked, id=55303, stack(0x0000700008d6b000,0x0000700008e6b000)]
  0x00007fdf80877000 JavaThread "AWT-Shutdown" [_thread_blocked, id=29471, stack(0x0000700008adf000,0x0000700008bdf000)]
=>0x00007fdf80873000 JavaThread "AWT-AppKit" daemon [_thread_in_native, id=775, stack(0x00007fff52811000,0x00007fff53011000)]
  0x00007fdf7f838800 JavaThread "Service Thread" daemon [_thread_blocked, id=18691, stack(0x0000700008856000,0x0000700008956000)]
  0x00007fdf8081c000 JavaThread "C1 CompilerThread2" daemon [_thread_blocked, id=18179, stack(0x0000700008753000,0x0000700008853000)]
  0x00007fdf8081b000 JavaThread "C2 CompilerThread1" daemon [_thread_blocked, id=17667, stack(0x0000700008650000,0x0000700008750000)]
  0x00007fdf8101a800 JavaThread "C2 CompilerThread0" daemon [_thread_blocked, id=17155, stack(0x000070000854d000,0x000070000864d000)]
  0x00007fdf7f834000 JavaThread "Signal Dispatcher" daemon [_thread_blocked, id=16643, stack(0x000070000844a000,0x000070000854a000)]
  0x00007fdf80804800 JavaThread "Finalizer" daemon [_thread_blocked, id=12547, stack(0x0000700008347000,0x0000700008447000)]
  0x00007fdf8100e000 JavaThread "Reference Handler" daemon [_thread_blocked, id=12035, stack(0x0000700008244000,0x0000700008344000)]

Other Threads:
  0x00007fdf7f83d800 VMThread [stack: 0x0000700008141000,0x0000700008241000] [id=11523]
  0x00007fdf80024000 WatcherThread [stack: 0x0000700008959000,0x0000700008a59000] [id=19203]

VM state:not at safepoint (normal execution)

VM Mutex/Monitor currently owned by a thread: None

Heap:
 PSYoungGen      total 80384K, used 67141K [0x00000007aab00000, 0x00000007b0e00000, 0x00000007c0000000)
  eden space 72192K, 92% used [0x00000007aab00000,0x00000007aec795e8,0x00000007af180000)
  from space 8192K, 1% used [0x00000007afe00000,0x00000007afe18000,0x00000007b0600000)
  to   space 8192K, 0% used [0x00000007b0600000,0x00000007b0600000,0x00000007b0e00000)
 ParOldGen       total 43008K, used 15705K [0x0000000780000000, 0x0000000782a00000, 0x00000007aab00000)
  object space 43008K, 36% used [0x0000000780000000,0x0000000780f56408,0x0000000782a00000)
 Metaspace       used 21439K, capacity 21691K, committed 22016K, reserved 1069056K
  class space    used 2116K, capacity 2204K, committed 2304K, reserved 1048576K

Card table byte_map: [0x000000010e962000,0x000000010eb63000] byte_map_base: 0x000000010ad62000

Marking Bits: (ParMarkBitMap*) 0x000000010def0d30
 Begin Bits: [0x000000010ecb9000, 0x000000010fcb9000)
 End Bits:   [0x000000010fcb9000, 0x0000000110cb9000)

Polling page: 0x000000010ccaf000

CodeCache: size=245760Kb used=9044Kb max_used=9696Kb free=236716Kb
 bounds [0x0000000111963000, 0x00000001122f3000, 0x0000000120963000]
 total_blobs=3433 nmethods=2535 adapters=811
 compilation: enabled

Compilation events (10 events):
Event: 167.308 Thread 0x00007fdf8101a800 nmethod 2957 0x0000000111f6ab10 code [0x0000000111f6ac60, 0x0000000111f6ad88]
Event: 167.313 Thread 0x00007fdf8081b000 nmethod 2954 0x0000000111f24110 code [0x0000000111f24280, 0x0000000111f24598]
Event: 167.326 Thread 0x00007fdf8081c000 2958       3       java.net.URLStreamHandler::setURL (159 bytes)
Event: 167.328 Thread 0x00007fdf8081c000 nmethod 2958 0x0000000111efcf10 code [0x0000000111efd1a0, 0x0000000111efe508]
Event: 167.332 Thread 0x00007fdf8101a800 2959       4       java.awt.Point::<init> (15 bytes)
Event: 167.332 Thread 0x00007fdf8101a800 nmethod 2959 0x0000000111aead50 code [0x0000000111aeaea0, 0x0000000111aeaef8]
Event: 167.333 Thread 0x00007fdf8081c000 2960       1       sun.java2d.SurfaceData::isValid (5 bytes)
Event: 167.333 Thread 0x00007fdf8081c000 nmethod 2960 0x0000000111c4fe10 code [0x0000000111c4ff60, 0x0000000111c50070]
Event: 167.334 Thread 0x00007fdf8081c000 2961       3       java.util.IdentityHashMap::hash (18 bytes)
Event: 167.334 Thread 0x00007fdf8081c000 nmethod 2961 0x0000000111f81a90 code [0x0000000111f81c00, 0x0000000111f81d88]

GC Heap History (10 events):
Event: 104.104 GC heap before
{Heap before GC invocations=16 (full 1):
 PSYoungGen      total 87040K, used 86656K [0x00000007aab00000, 0x00000007b1f00000, 0x00000007c0000000)
  eden space 86528K, 100% used [0x00000007aab00000,0x00000007aff80000,0x00000007aff80000)
  from space 512K, 25% used [0x00000007b1e80000,0x00000007b1ea0000,0x00000007b1f00000)
  to   space 10240K, 0% used [0x00000007b0b00000,0x00000007b0b00000,0x00000007b1500000)
 ParOldGen       total 43008K, used 15705K [0x0000000780000000, 0x0000000782a00000, 0x00000007aab00000)
  object space 43008K, 36% used [0x0000000780000000,0x0000000780f56408,0x0000000782a00000)
 Metaspace       used 21408K, capacity 21691K, committed 22016K, reserved 1069056K
  class space    used 2109K, capacity 2204K, committed 2304K, reserved 1048576K
Event: 104.106 GC heap after
Heap after GC invocations=16 (full 1):
 PSYoungGen      total 93696K, used 128K [0x00000007aab00000, 0x00000007b1f00000, 0x00000007c0000000)
  eden space 83456K, 0% used [0x00000007aab00000,0x00000007aab00000,0x00000007afc80000)
  from space 10240K, 1% used [0x00000007b0b00000,0x00000007b0b20000,0x00000007b1500000)
  to   space 9728K, 0% used [0x00000007b1580000,0x00000007b1580000,0x00000007b1f00000)
 ParOldGen       total 43008K, used 15705K [0x0000000780000000, 0x0000000782a00000, 0x00000007aab00000)
  object space 43008K, 36% used [0x0000000780000000,0x0000000780f56408,0x0000000782a00000)
 Metaspace       used 21408K, capacity 21691K, committed 22016K, reserved 1069056K
  class space    used 2109K, capacity 2204K, committed 2304K, reserved 1048576K
}
Event: 117.970 GC heap before
{Heap before GC invocations=17 (full 1):
 PSYoungGen      total 93696K, used 83584K [0x00000007aab00000, 0x00000007b1f00000, 0x00000007c0000000)
  eden space 83456K, 100% used [0x00000007aab00000,0x00000007afc80000,0x00000007afc80000)
  from space 10240K, 1% used [0x00000007b0b00000,0x00000007b0b20000,0x00000007b1500000)
  to   space 9728K, 0% used [0x00000007b1580000,0x00000007b1580000,0x00000007b1f00000)
 ParOldGen       total 43008K, used 15705K [0x0000000780000000, 0x0000000782a00000, 0x00000007aab00000)
  object space 43008K, 36% used [0x0000000780000000,0x0000000780f56408,0x0000000782a00000)
 Metaspace       used 21409K, capacity 21691K, committed 22016K, reserved 1069056K
  class space    used 2110K, capacity 2204K, committed 2304K, reserved 1048576K
Event: 117.972 GC heap after
Heap after GC invocations=17 (full 1):
 PSYoungGen      total 80896K, used 128K [0x00000007aab00000, 0x00000007b1600000, 0x00000007c0000000)
  eden space 80384K, 0% used [0x00000007aab00000,0x00000007aab00000,0x00000007af980000)
  from space 512K, 25% used [0x00000007b1580000,0x00000007b15a0000,0x00000007b1600000)
  to   space 9216K, 0% used [0x00000007b0400000,0x00000007b0400000,0x00000007b0d00000)
 ParOldGen       total 43008K, used 15705K [0x0000000780000000, 0x0000000782a00000, 0x00000007aab00000)
  object space 43008K, 36% used [0x0000000780000000,0x0000000780f56408,0x0000000782a00000)
 Metaspace       used 21409K, capacity 21691K, committed 22016K, reserved 1069056K
  class space    used 2110K, capacity 2204K, committed 2304K, reserved 1048576K
}
Event: 131.305 GC heap before
{Heap before GC invocations=18 (full 1):
 PSYoungGen      total 80896K, used 80512K [0x00000007aab00000, 0x00000007b1600000, 0x00000007c0000000)
  eden space 80384K, 100% used [0x00000007aab00000,0x00000007af980000,0x00000007af980000)
  from space 512K, 25% used [0x00000007b1580000,0x00000007b15a0000,0x00000007b1600000)
  to   space 9216K, 0% used [0x00000007b0400000,0x00000007b0400000,0x00000007b0d00000)
 ParOldGen       total 43008K, used 15705K [0x0000000780000000, 0x0000000782a00000, 0x00000007aab00000)
  object space 43008K, 36% used [0x0000000780000000,0x0000000780f56408,0x0000000782a00000)
 Metaspace       used 21409K, capacity 21691K, committed 22016K, reserved 1069056K
  class space    used 2110K, capacity 2204K, committed 2304K, reserved 1048576K
Event: 131.307 GC heap after
Heap after GC invocations=18 (full 1):
 PSYoungGen      total 86528K, used 128K [0x00000007aab00000, 0x00000007b1600000, 0x00000007c0000000)
  eden space 77312K, 0% used [0x00000007aab00000,0x00000007aab00000,0x00000007af680000)
  from space 9216K, 1% used [0x00000007b0400000,0x00000007b0420000,0x00000007b0d00000)
  to   space 8704K, 0% used [0x00000007b0d80000,0x00000007b0d80000,0x00000007b1600000)
 ParOldGen       total 43008K, used 15705K [0x0000000780000000, 0x0000000782a00000, 0x00000007aab00000)
  object space 43008K, 36% used [0x0000000780000000,0x0000000780f56408,0x0000000782a00000)
 Metaspace       used 21409K, capacity 21691K, committed 22016K, reserved 1069056K
  class space    used 2110K, capacity 2204K, committed 2304K, reserved 1048576K
}
Event: 144.123 GC heap before
{Heap before GC invocations=19 (full 1):
 PSYoungGen      total 86528K, used 77440K [0x00000007aab00000, 0x00000007b1600000, 0x00000007c0000000)
  eden space 77312K, 100% used [0x00000007aab00000,0x00000007af680000,0x00000007af680000)
  from space 9216K, 1% used [0x00000007b0400000,0x00000007b0420000,0x00000007b0d00000)
  to   space 8704K, 0% used [0x00000007b0d80000,0x00000007b0d80000,0x00000007b1600000)
 ParOldGen       total 43008K, used 15705K [0x0000000780000000, 0x0000000782a00000, 0x00000007aab00000)
  object space 43008K, 36% used [0x0000000780000000,0x0000000780f56408,0x0000000782a00000)
 Metaspace       used 21409K, capacity 21691K, committed 22016K, reserved 1069056K
  class space    used 2110K, capacity 2204K, committed 2304K, reserved 1048576K
Event: 144.125 GC heap after
Heap after GC invocations=19 (full 1):
 PSYoungGen      total 75264K, used 128K [0x00000007aab00000, 0x00000007b0e00000, 0x00000007c0000000)
  eden space 74752K, 0% used [0x00000007aab00000,0x00000007aab00000,0x00000007af400000)
  from space 512K, 25% used [0x00000007b0d80000,0x00000007b0da0000,0x00000007b0e00000)
  to   space 8192K, 0% used [0x00000007afe00000,0x00000007afe00000,0x00000007b0600000)
 ParOldGen       total 43008K, used 15705K [0x0000000780000000, 0x0000000782a00000, 0x00000007aab00000)
  object space 43008K, 36% used [0x0000000780000000,0x0000000780f56408,0x0000000782a00000)
 Metaspace       used 21409K, capacity 21691K, committed 22016K, reserved 1069056K
  class space    used 2110K, capacity 2204K, committed 2304K, reserved 1048576K
}
Event: 156.558 GC heap before
{Heap before GC invocations=20 (full 1):
 PSYoungGen      total 75264K, used 74880K [0x00000007aab00000, 0x00000007b0e00000, 0x00000007c0000000)
  eden space 74752K, 100% used [0x00000007aab00000,0x00000007af400000,0x00000007af400000)
  from space 512K, 25% used [0x00000007b0d80000,0x00000007b0da0000,0x00000007b0e00000)
  to   space 8192K, 0% used [0x00000007afe00000,0x00000007afe00000,0x00000007b0600000)
 ParOldGen       total 43008K, used 15705K [0x0000000780000000, 0x0000000782a00000, 0x00000007aab00000)
  object space 43008K, 36% used [0x0000000780000000,0x0000000780f56408,0x0000000782a00000)
 Metaspace       used 21409K, capacity 21691K, committed 22016K, reserved 1069056K
  class space    used 2110K, capacity 2204K, committed 2304K, reserved 1048576K
Event: 156.559 GC heap after
Heap after GC invocations=20 (full 1):
 PSYoungGen      total 80384K, used 96K [0x00000007aab00000, 0x00000007b0e00000, 0x00000007c0000000)
  eden space 72192K, 0% used [0x00000007aab00000,0x00000007aab00000,0x00000007af180000)
  from space 8192K, 1% used [0x00000007afe00000,0x00000007afe18000,0x00000007b0600000)
  to   space 8192K, 0% used [0x00000007b0600000,0x00000007b0600000,0x00000007b0e00000)
 ParOldGen       total 43008K, used 15705K [0x0000000780000000, 0x0000000782a00000, 0x00000007aab00000)
  object space 43008K, 36% used [0x0000000780000000,0x0000000780f56408,0x0000000782a00000)
 Metaspace       used 21409K, capacity 21691K, committed 22016K, reserved 1069056K
  class space    used 2110K, capacity 2204K, committed 2304K, reserved 1048576K
}

Deoptimization events (10 events):
Event: 167.311 Thread 0x00007fdf80873000 Uncommon trap: reason=class_check action=maybe_recompile pc=0x0000000111f98780 method=com.jogamp.common.util.RunnableTask.run()V @ 24
Event: 167.312 Thread 0x00007fdf80873000 Uncommon trap: reason=unstable_if action=reinterpret pc=0x0000000111d661fc method=jogamp.nativewindow.macosx.OSXUtil.RunOnMainThread(ZZLjava/lang/Runnable;)V @ 3
Event: 167.325 Thread 0x00007fdf7f9b4800 Uncommon trap: reason=unstable_if action=reinterpret pc=0x0000000111f50130 method=jogamp.opengl.GLContextImpl.release(Z)V @ 161
Event: 167.329 Thread 0x00007fdf7f9b4800 Uncommon trap: reason=unstable_if action=reinterpret pc=0x000000011227ae58 method=java.util.LinkedList$ListItr.<init>(Ljava/util/LinkedList;I)V @ 26
Event: 167.330 Thread 0x00007fdf7f9b4800 Uncommon trap: reason=unstable_if action=reinterpret pc=0x00000001122372b0 method=java.security.AccessControlContext.optimize()Ljava/security/AccessControlContext; @ 233
Event: 167.331 Thread 0x00007fdf7f9b4800 Uncommon trap: reason=unstable_if action=reinterpret pc=0x000000011227b384 method=java.util.LinkedList$ListItr.<init>(Ljava/util/LinkedList;I)V @ 26
Event: 167.332 Thread 0x00007fdf7f9ee800 Uncommon trap: reason=class_check action=maybe_recompile pc=0x0000000111fe80f8 method=java.awt.event.InvocationEvent.dispatch()V @ 47
Event: 167.332 Thread 0x00007fdf7f9ee800 Uncommon trap: reason=class_check action=maybe_recompile pc=0x0000000111b7921c method=java.awt.Component.getGraphics()Ljava/awt/Graphics; @ 114
Event: 167.333 Thread 0x00007fdf7fd9e000 Uncommon trap: reason=predicate action=maybe_recompile pc=0x000000011206e348 method=java.util.Vector.indexOf(Ljava/lang/Object;I)I @ 44
Event: 167.334 Thread 0x00007fdf80873000 Uncommon trap: reason=class_check action=maybe_recompile pc=0x0000000111f98780 method=com.jogamp.common.util.RunnableTask.run()V @ 24

Internal exceptions (10 events):
Event: 0.274 Thread 0x00007fdf80007000 Exception <a 'java/lang/NoSuchFieldError': method resolution failed> (0x00000007aacc89d8) thrown at [/Users/java_re/workspace/8-2-build-macosx-x86_64/jdk8u121/8372/hotspot/src/share/vm/prims/methodHandles.cpp, line 1146]
Event: 0.277 Thread 0x00007fdf80007000 Exception <a 'java/lang/NoSuchFieldError': method resolution failed> (0x00000007aacd61a8) thrown at [/Users/java_re/workspace/8-2-build-macosx-x86_64/jdk8u121/8372/hotspot/src/share/vm/prims/methodHandles.cpp, line 1146]
Event: 0.570 Thread 0x00007fdf80007000 Exception <a 'java/io/FileNotFoundException'> (0x00000007aad52d78) thrown at [/Users/java_re/workspace/8-2-build-macosx-x86_64/jdk8u121/8372/hotspot/src/share/vm/prims/jni.cpp, line 709]
Event: 0.570 Thread 0x00007fdf80007000 Exception <a 'java/io/FileNotFoundException'> (0x00000007aad538c8) thrown at [/Users/java_re/workspace/8-2-build-macosx-x86_64/jdk8u121/8372/hotspot/src/share/vm/prims/jni.cpp, line 709]
Event: 0.828 Thread 0x00007fdf80007000 Exception <a 'java/io/FileNotFoundException'> (0x00000007aae8c1e8) thrown at [/Users/java_re/workspace/8-2-build-macosx-x86_64/jdk8u121/8372/hotspot/src/share/vm/prims/jni.cpp, line 709]
Event: 3.936 Thread 0x00007fdf80804800 Exception <a 'java/lang/NullPointerException'> (0x00000007aab82e28) thrown at [/Users/java_re/workspace/8-2-build-macosx-x86_64/jdk8u121/8372/hotspot/src/share/vm/interpreter/linkResolver.cpp, line 1178]
Event: 4.045 Thread 0x00007fdf8091d800 Exception <a 'java/lang/UnsatisfiedLinkError': com.jogamp.common.util.JarUtil.fixNativeLibAttribs(Ljava/lang/String;)Z> (0x00000007aaf5be58) thrown at [/Users/java_re/workspace/8-2-build-macosx-x86_64/jdk8u121/8372/hotspot/src/share/vm/prims/nativeLookup.
Event: 5.424 Thread 0x00007fdf7f9b4800 Exception <a 'java/io/FileNotFoundException'> (0x00000007ab14d218) thrown at [/Users/java_re/workspace/8-2-build-macosx-x86_64/jdk8u121/8372/hotspot/src/share/vm/prims/jni.cpp, line 709]
Event: 5.425 Thread 0x00007fdf7f9b4800 Exception <a 'java/io/FileNotFoundException'> (0x00000007ab1533f8) thrown at [/Users/java_re/workspace/8-2-build-macosx-x86_64/jdk8u121/8372/hotspot/src/share/vm/prims/jni.cpp, line 709]
Event: 5.425 Thread 0x00007fdf7f9b4800 Implicit null exception at 0x0000000111b2f9f6 to 0x0000000111b2fdc5

Events (10 events):
Event: 167.332 Thread 0x00007fdf7f9ee800 DEOPT PACKING pc=0x0000000111b7921c sp=0x00007000091f4c60
Event: 167.332 Thread 0x00007fdf7f9ee800 DEOPT UNPACKING pc=0x0000000111968229 sp=0x00007000091f4c70 mode 2
Event: 167.333 Thread 0x00007fdf7fd9e000 Uncommon trap: trap_request=0xffffff86 fr.pc=0x000000011206e348
Event: 167.333 Thread 0x00007fdf7fd9e000 DEOPT PACKING pc=0x000000011206e348 sp=0x0000700008ce17f0
Event: 167.333 Thread 0x00007fdf7fd9e000 DEOPT UNPACKING pc=0x0000000111968229 sp=0x0000700008ce17a0 mode 2
Event: 167.333 loading class java/awt/Window$1DisposeAction
Event: 167.333 loading class java/awt/Window$1DisposeAction done
Event: 167.334 Thread 0x00007fdf80873000 Uncommon trap: trap_request=0xffffffde fr.pc=0x0000000111f98780
Event: 167.334 Thread 0x00007fdf80873000 DEOPT PACKING pc=0x0000000111f98780 sp=0x00007fff5300c4b0
Event: 167.334 Thread 0x00007fdf80873000 DEOPT UNPACKING pc=0x0000000111968229 sp=0x00007fff5300c458 mode 2


Dynamic libraries:
0x000000004c357000 	/System/Library/Frameworks/Cocoa.framework/Versions/A/Cocoa
0x000000004c357000 	/System/Library/Frameworks/Security.framework/Versions/A/Security
0x000000004c357000 	/System/Library/Frameworks/ApplicationServices.framework/Versions/A/ApplicationServices
0x000000004c357000 	/usr/lib/libz.1.dylib
0x000000004c357000 	/usr/lib/libSystem.B.dylib
0x000000004c357000 	/usr/lib/libobjc.A.dylib
0x000000004c357000 	/System/Library/Frameworks/CoreFoundation.framework/Versions/A/CoreFoundation
0x000000004c357000 	/System/Library/Frameworks/Foundation.framework/Versions/C/Foundation
0x000000004c357000 	/System/Library/Frameworks/AppKit.framework/Versions/C/AppKit
0x000000004c357000 	/System/Library/Frameworks/CoreData.framework/Versions/A/CoreData
0x000000004c357000 	/System/Library/PrivateFrameworks/RemoteViewServices.framework/Versions/A/RemoteViewServices
0x000000004c357000 	/System/Library/PrivateFrameworks/UIFoundation.framework/Versions/A/UIFoundation
0x000000004c357000 	/System/Library/PrivateFrameworks/DFRFoundation.framework/Versions/A/DFRFoundation
0x000000004c357000 	/usr/lib/libenergytrace.dylib
0x000000004c357000 	/System/Library/PrivateFrameworks/SkyLight.framework/Versions/A/SkyLight
0x000000004c357000 	/System/Library/Frameworks/CoreGraphics.framework/Versions/A/CoreGraphics
0x000000004c357000 	/usr/lib/libScreenReader.dylib
0x000000004c357000 	/System/Library/Frameworks/Accelerate.framework/Versions/A/Accelerate
0x000000004c357000 	/System/Library/Frameworks/IOSurface.framework/Versions/A/IOSurface
0x000000004c357000 	/System/Library/Frameworks/AudioToolbox.framework/Versions/A/AudioToolbox
0x000000004c357000 	/System/Library/Frameworks/AudioUnit.framework/Versions/A/AudioUnit
0x000000004c357000 	/System/Library/PrivateFrameworks/DataDetectorsCore.framework/Versions/A/DataDetectorsCore
0x000000004c357000 	/System/Library/PrivateFrameworks/DesktopServicesPriv.framework/Versions/A/DesktopServicesPriv
0x000000004c357000 	/System/Library/Frameworks/Carbon.framework/Versions/A/Frameworks/HIToolbox.framework/Versions/A/HIToolbox
0x000000004c357000 	/usr/lib/libicucore.A.dylib
0x000000004c357000 	/System/Library/Frameworks/QuartzCore.framework/Versions/A/QuartzCore
0x000000004c357000 	/System/Library/Frameworks/Carbon.framework/Versions/A/Frameworks/SpeechRecognition.framework/Versions/A/SpeechRecognition
0x000000004c357000 	/usr/lib/libauto.dylib
0x000000004c357000 	/usr/lib/libxml2.2.dylib
0x000000004c357000 	/System/Library/PrivateFrameworks/CoreUI.framework/Versions/A/CoreUI
0x000000004c357000 	/System/Library/Frameworks/CoreAudio.framework/Versions/A/CoreAudio
0x000000004c357000 	/System/Library/Frameworks/DiskArbitration.framework/Versions/A/DiskArbitration
0x000000004c357000 	/usr/lib/liblangid.dylib
0x000000004c357000 	/System/Library/PrivateFrameworks/MultitouchSupport.framework/Versions/A/MultitouchSupport
0x000000004c357000 	/System/Library/Frameworks/IOKit.framework/Versions/A/IOKit
0x000000004c357000 	/usr/lib/libDiagnosticMessagesClient.dylib
0x000000004c357000 	/System/Library/Frameworks/CoreServices.framework/Versions/A/CoreServices
0x000000004c357000 	/System/Library/PrivateFrameworks/PerformanceAnalysis.framework/Versions/A/PerformanceAnalysis
0x000000004c357000 	/System/Library/PrivateFrameworks/GenerationalStorage.framework/Versions/A/GenerationalStorage
0x000000004c357000 	/System/Library/Frameworks/OpenGL.framework/Versions/A/OpenGL
0x000000004c357000 	/System/Library/Frameworks/CoreImage.framework/Versions/A/CoreImage
0x000000004c357000 	/System/Library/Frameworks/CoreText.framework/Versions/A/CoreText
0x000000004c357000 	/System/Library/Frameworks/ImageIO.framework/Versions/A/ImageIO
0x000000004c357000 	/System/Library/PrivateFrameworks/Backup.framework/Versions/A/Backup
0x000000004c357000 	/usr/lib/libarchive.2.dylib
0x000000004c357000 	/System/Library/Frameworks/CFNetwork.framework/Versions/A/CFNetwork
0x000000004c357000 	/System/Library/Frameworks/SystemConfiguration.framework/Versions/A/SystemConfiguration
0x000000004c357000 	/usr/lib/libCRFSuite.dylib
0x000000004c357000 	/usr/lib/libc++.1.dylib
0x000000004c357000 	/usr/lib/libc++abi.dylib
0x000000004c357000 	/usr/lib/system/libcache.dylib
0x000000004c357000 	/usr/lib/system/libcommonCrypto.dylib
0x000000004c357000 	/usr/lib/system/libcompiler_rt.dylib
0x000000004c357000 	/usr/lib/system/libcopyfile.dylib
0x000000004c357000 	/usr/lib/system/libcorecrypto.dylib
0x000000004c357000 	/usr/lib/system/libdispatch.dylib
0x000000004c357000 	/usr/lib/system/libdyld.dylib
0x000000004c357000 	/usr/lib/system/libkeymgr.dylib
0x000000004c357000 	/usr/lib/system/liblaunch.dylib
0x000000004c357000 	/usr/lib/system/libmacho.dylib
0x000000004c357000 	/usr/lib/system/libquarantine.dylib
0x000000004c357000 	/usr/lib/system/libremovefile.dylib
0x000000004c357000 	/usr/lib/system/libsystem_asl.dylib
0x000000004c357000 	/usr/lib/system/libsystem_blocks.dylib
0x000000004c357000 	/usr/lib/system/libsystem_c.dylib
0x000000004c357000 	/usr/lib/system/libsystem_configuration.dylib
0x000000004c357000 	/usr/lib/system/libsystem_coreservices.dylib
0x000000004c357000 	/usr/lib/system/libsystem_coretls.dylib
0x000000004c357000 	/usr/lib/system/libsystem_dnssd.dylib
0x000000004c357000 	/usr/lib/system/libsystem_info.dylib
0x000000004c357000 	/usr/lib/system/libsystem_kernel.dylib
0x000000004c357000 	/usr/lib/system/libsystem_m.dylib
0x000000004c357000 	/usr/lib/system/libsystem_malloc.dylib
0x000000004c357000 	/usr/lib/system/libsystem_network.dylib
0x000000004c357000 	/usr/lib/system/libsystem_networkextension.dylib
0x000000004c357000 	/usr/lib/system/libsystem_notify.dylib
0x000000004c357000 	/usr/lib/system/libsystem_platform.dylib
0x000000004c357000 	/usr/lib/system/libsystem_pthread.dylib
0x000000004c357000 	/usr/lib/system/libsystem_sandbox.dylib
0x000000004c357000 	/usr/lib/system/libsystem_secinit.dylib
0x000000004c357000 	/usr/lib/system/libsystem_symptoms.dylib
0x000000004c357000 	/usr/lib/system/libsystem_trace.dylib
0x000000004c357000 	/usr/lib/system/libunwind.dylib
0x000000004c357000 	/usr/lib/system/libxpc.dylib
0x000000004c357000 	/usr/lib/libbsm.0.dylib
0x000000004c357000 	/usr/lib/system/libkxld.dylib
0x000000004c357000 	/usr/lib/libcoretls.dylib
0x000000004c357000 	/usr/lib/libcoretls_cfhelpers.dylib
0x000000004c357000 	/usr/lib/libOpenScriptingUtil.dylib
0x000000004c357000 	/usr/lib/libpam.2.dylib
0x000000004c357000 	/usr/lib/libsqlite3.dylib
0x000000004c357000 	/usr/lib/libxar.1.dylib
0x000000004c357000 	/usr/lib/libbz2.1.0.dylib
0x000000004c357000 	/usr/lib/liblzma.5.dylib
0x000000004c357000 	/usr/lib/libnetwork.dylib
0x000000004c357000 	/usr/lib/libpcap.A.dylib
0x000000004c357000 	/System/Library/Frameworks/CoreServices.framework/Versions/A/Frameworks/FSEvents.framework/Versions/A/FSEvents
0x000000004c357000 	/System/Library/Frameworks/CoreServices.framework/Versions/A/Frameworks/CarbonCore.framework/Versions/A/CarbonCore
0x000000004c357000 	/System/Library/Frameworks/CoreServices.framework/Versions/A/Frameworks/Metadata.framework/Versions/A/Metadata
0x000000004c357000 	/System/Library/Frameworks/CoreServices.framework/Versions/A/Frameworks/OSServices.framework/Versions/A/OSServices
0x000000004c357000 	/System/Library/Frameworks/CoreServices.framework/Versions/A/Frameworks/SearchKit.framework/Versions/A/SearchKit
0x000000004c357000 	/System/Library/Frameworks/CoreServices.framework/Versions/A/Frameworks/AE.framework/Versions/A/AE
0x000000004c357000 	/System/Library/Frameworks/CoreServices.framework/Versions/A/Frameworks/LaunchServices.framework/Versions/A/LaunchServices
0x000000004c357000 	/System/Library/Frameworks/CoreServices.framework/Versions/A/Frameworks/DictionaryServices.framework/Versions/A/DictionaryServices
0x000000004c357000 	/System/Library/Frameworks/CoreServices.framework/Versions/A/Frameworks/SharedFileList.framework/Versions/A/SharedFileList
0x000000004c357000 	/System/Library/Frameworks/NetFS.framework/Versions/A/NetFS
0x000000004c357000 	/System/Library/PrivateFrameworks/NetAuth.framework/Versions/A/NetAuth
0x000000004c357000 	/System/Library/PrivateFrameworks/login.framework/Versions/A/Frameworks/loginsupport.framework/Versions/A/loginsupport
0x000000004c357000 	/System/Library/PrivateFrameworks/TCC.framework/Versions/A/TCC
0x000000004c357000 	/usr/lib/libmecabra.dylib
0x000000004c357000 	/System/Library/Frameworks/ApplicationServices.framework/Versions/A/Frameworks/ATS.framework/Versions/A/ATS
0x000000004c357000 	/System/Library/Frameworks/ApplicationServices.framework/Versions/A/Frameworks/ColorSync.framework/Versions/A/ColorSync
0x000000004c357000 	/System/Library/Frameworks/ApplicationServices.framework/Versions/A/Frameworks/HIServices.framework/Versions/A/HIServices
0x000000004c357000 	/System/Library/Frameworks/ApplicationServices.framework/Versions/A/Frameworks/LangAnalysis.framework/Versions/A/LangAnalysis
0x000000004c357000 	/System/Library/Frameworks/ApplicationServices.framework/Versions/A/Frameworks/PrintCore.framework/Versions/A/PrintCore
0x000000004c357000 	/System/Library/Frameworks/ApplicationServices.framework/Versions/A/Frameworks/QD.framework/Versions/A/QD
0x000000004c357000 	/System/Library/Frameworks/ApplicationServices.framework/Versions/A/Frameworks/SpeechSynthesis.framework/Versions/A/SpeechSynthesis
0x000000004c357000 	/System/Library/Frameworks/Accelerate.framework/Versions/A/Frameworks/vImage.framework/Versions/A/vImage
0x000000004c357000 	/System/Library/Frameworks/Accelerate.framework/Versions/A/Frameworks/vecLib.framework/Versions/A/vecLib
0x000000004c357000 	/System/Library/Frameworks/Accelerate.framework/Versions/A/Frameworks/vecLib.framework/Versions/A/libvDSP.dylib
0x000000004c357000 	/System/Library/Frameworks/Accelerate.framework/Versions/A/Frameworks/vecLib.framework/Versions/A/libBNNS.dylib
0x000000004c357000 	/System/Library/Frameworks/Accelerate.framework/Versions/A/Frameworks/vecLib.framework/Versions/A/libQuadrature.dylib
0x000000004c357000 	/System/Library/Frameworks/Accelerate.framework/Versions/A/Frameworks/vecLib.framework/Versions/A/libvMisc.dylib
0x000000004c357000 	/System/Library/Frameworks/Accelerate.framework/Versions/A/Frameworks/vecLib.framework/Versions/A/libLAPACK.dylib
0x000000004c357000 	/System/Library/Frameworks/Accelerate.framework/Versions/A/Frameworks/vecLib.framework/Versions/A/libBLAS.dylib
0x000000004c357000 	/System/Library/Frameworks/Accelerate.framework/Versions/A/Frameworks/vecLib.framework/Versions/A/libLinearAlgebra.dylib
0x000000004c357000 	/System/Library/Frameworks/Accelerate.framework/Versions/A/Frameworks/vecLib.framework/Versions/A/libSparseBLAS.dylib
0x000000004c357000 	/System/Library/Frameworks/ApplicationServices.framework/Versions/A/Frameworks/ATS.framework/Versions/A/Resources/libFontParser.dylib
0x000000004c357000 	/System/Library/Frameworks/ApplicationServices.framework/Versions/A/Frameworks/ATS.framework/Versions/A/Resources/libFontRegistry.dylib
0x000000004c357000 	/System/Library/Frameworks/ImageIO.framework/Versions/A/Resources/libJPEG.dylib
0x000000004c357000 	/System/Library/Frameworks/ImageIO.framework/Versions/A/Resources/libTIFF.dylib
0x000000004c357000 	/System/Library/Frameworks/ImageIO.framework/Versions/A/Resources/libPng.dylib
0x000000004c357000 	/System/Library/Frameworks/ImageIO.framework/Versions/A/Resources/libGIF.dylib
0x000000004c357000 	/System/Library/Frameworks/ImageIO.framework/Versions/A/Resources/libJP2.dylib
0x000000004c357000 	/System/Library/Frameworks/ImageIO.framework/Versions/A/Resources/libRadiance.dylib
0x000000004c357000 	/usr/lib/libcompression.dylib
0x000000004c357000 	/System/Library/PrivateFrameworks/AppleJPEG.framework/Versions/A/AppleJPEG
0x000000004c357000 	/usr/lib/libcups.2.dylib
0x000000004c357000 	/System/Library/Frameworks/Kerberos.framework/Versions/A/Kerberos
0x000000004c357000 	/System/Library/Frameworks/GSS.framework/Versions/A/GSS
0x000000004c357000 	/usr/lib/libresolv.9.dylib
0x000000004c357000 	/usr/lib/libiconv.2.dylib
0x000000004c357000 	/System/Library/PrivateFrameworks/Heimdal.framework/Versions/A/Heimdal
0x000000004c357000 	/usr/lib/libheimdal-asn1.dylib
0x000000004c357000 	/System/Library/Frameworks/OpenDirectory.framework/Versions/A/OpenDirectory
0x000000004c357000 	/System/Library/PrivateFrameworks/CommonAuth.framework/Versions/A/CommonAuth
0x000000004c357000 	/System/Library/Frameworks/OpenDirectory.framework/Versions/A/Frameworks/CFOpenDirectory.framework/Versions/A/CFOpenDirectory
0x000000004c357000 	/System/Library/Frameworks/SecurityFoundation.framework/Versions/A/SecurityFoundation
0x000000004c357000 	/System/Library/PrivateFrameworks/LanguageModeling.framework/Versions/A/LanguageModeling
0x000000004c357000 	/usr/lib/libmarisa.dylib
0x000000004c357000 	/usr/lib/libChineseTokenizer.dylib
0x000000004c357000 	/usr/lib/libcmph.dylib
0x000000004c357000 	/System/Library/PrivateFrameworks/CoreEmoji.framework/Versions/A/CoreEmoji
0x000000004c357000 	/System/Library/Frameworks/ServiceManagement.framework/Versions/A/ServiceManagement
0x000000004c357000 	/usr/lib/libxslt.1.dylib
0x000000004c357000 	/System/Library/Frameworks/Carbon.framework/Versions/A/Frameworks/Ink.framework/Versions/A/Ink
0x000000004c357000 	/System/Library/PrivateFrameworks/TextureIO.framework/Versions/A/TextureIO
0x000000004c357000 	/System/Library/Frameworks/Metal.framework/Versions/A/Metal
0x000000004c357000 	/usr/lib/libate.dylib
0x000000004c357000 	/System/Library/PrivateFrameworks/GPUCompiler.framework/libmetal_timestamp.dylib
0x000000004c357000 	/System/Library/Frameworks/OpenGL.framework/Versions/A/Libraries/libCoreFSCache.dylib
0x000000004c357000 	/System/Library/PrivateFrameworks/IOAccelerator.framework/Versions/A/IOAccelerator
0x000000004c357000 	/System/Library/Frameworks/CoreVideo.framework/Versions/A/CoreVideo
0x000000004c357000 	/usr/lib/libFosl_dynamic.dylib
0x000000004c357000 	/System/Library/PrivateFrameworks/MetalPerformanceShaders.framework/Versions/A/MetalPerformanceShaders
0x000000004c357000 	/System/Library/PrivateFrameworks/FaceCore.framework/Versions/A/FaceCore
0x000000004c357000 	/System/Library/Frameworks/OpenCL.framework/Versions/A/OpenCL
0x000000004c357000 	/System/Library/Frameworks/OpenGL.framework/Versions/A/Libraries/libGLU.dylib
0x000000004c357000 	/System/Library/Frameworks/OpenGL.framework/Versions/A/Libraries/libGFXShared.dylib
0x000000004c357000 	/System/Library/Frameworks/OpenGL.framework/Versions/A/Libraries/libGL.dylib
0x000000004c357000 	/System/Library/Frameworks/OpenGL.framework/Versions/A/Libraries/libGLImage.dylib
0x000000004c357000 	/System/Library/Frameworks/OpenGL.framework/Versions/A/Libraries/libCVMSPluginSupport.dylib
0x000000004c357000 	/System/Library/Frameworks/OpenGL.framework/Versions/A/Libraries/libCoreVMClient.dylib
0x000000004c357000 	/System/Library/PrivateFrameworks/CrashReporterSupport.framework/Versions/A/CrashReporterSupport
0x000000004c357000 	/System/Library/PrivateFrameworks/Sharing.framework/Versions/A/Sharing
0x000000004c357000 	/System/Library/PrivateFrameworks/IconServices.framework/Versions/A/IconServices
0x000000004c357000 	/System/Library/PrivateFrameworks/ProtocolBuffer.framework/Versions/A/ProtocolBuffer
0x000000004c357000 	/System/Library/PrivateFrameworks/Apple80211.framework/Versions/A/Apple80211
0x000000004c357000 	/System/Library/Frameworks/CoreWLAN.framework/Versions/A/CoreWLAN
0x000000004c357000 	/System/Library/PrivateFrameworks/CoreUtils.framework/Versions/A/CoreUtils
0x000000004c357000 	/System/Library/Frameworks/IOBluetooth.framework/Versions/A/IOBluetooth
0x000000004c357000 	/System/Library/PrivateFrameworks/CoreWiFi.framework/Versions/A/CoreWiFi
0x000000004c357000 	/System/Library/Frameworks/CoreBluetooth.framework/Versions/A/CoreBluetooth
0x000000004c357000 	/System/Library/Frameworks/CoreDisplay.framework/Versions/A/CoreDisplay
0x000000004c357000 	/System/Library/PrivateFrameworks/IOPresentment.framework/Versions/A/IOPresentment
0x000000004c357000 	/System/Library/PrivateFrameworks/DSExternalDisplay.framework/Versions/A/DSExternalDisplay
0x000000004c357000 	/System/Library/PrivateFrameworks/DebugSymbols.framework/Versions/A/DebugSymbols
0x000000004c357000 	/System/Library/PrivateFrameworks/CoreSymbolication.framework/Versions/A/CoreSymbolication
0x000000004c357000 	/System/Library/PrivateFrameworks/Symbolication.framework/Versions/A/Symbolication
0x000000004c357000 	/System/Library/PrivateFrameworks/AppleFSCompression.framework/Versions/A/AppleFSCompression
0x000000004c357000 	/System/Library/PrivateFrameworks/SpeechRecognitionCore.framework/Versions/A/SpeechRecognitionCore
0x000000004c357000 	/System/Library/PrivateFrameworks/ChunkingLibrary.framework/Versions/A/ChunkingLibrary
0x000000010d600000 	/Library/Java/JavaVirtualMachines/jdk1.8.0_121.jdk/Contents/Home/jre/lib/server/libjvm.dylib
0x000000004c357000 	/usr/lib/libstdc++.6.dylib
0x000000010cc6c000 	/Library/Java/JavaVirtualMachines/jdk1.8.0_121.jdk/Contents/Home/jre/lib/libverify.dylib
0x000000010cc7a000 	/Library/Java/JavaVirtualMachines/jdk1.8.0_121.jdk/Contents/Home/jre/lib/libjava.dylib
0x000000010ccb9000 	/Library/Java/JavaVirtualMachines/jdk1.8.0_121.jdk/Contents/Home/jre/lib/libzip.dylib
0x00000001118be000 	/System/Library/Frameworks/JavaVM.framework/Frameworks/JavaRuntimeSupport.framework/JavaRuntimeSupport
0x0000000121914000 	/System/Library/Frameworks/JavaVM.framework/Versions/A/Frameworks/JavaNativeFoundation.framework/Versions/A/JavaNativeFoundation
0x000000010cdf0000 	/System/Library/Frameworks/JavaVM.framework/Versions/A/JavaVM
0x000000004c357000 	/System/Library/Frameworks/Carbon.framework/Versions/A/Carbon
0x0000000121929000 	/System/Library/PrivateFrameworks/JavaLaunching.framework/Versions/A/JavaLaunching
0x000000004c357000 	/System/Library/Frameworks/Carbon.framework/Versions/A/Frameworks/CommonPanels.framework/Versions/A/CommonPanels
0x000000004c357000 	/System/Library/Frameworks/Carbon.framework/Versions/A/Frameworks/Help.framework/Versions/A/Help
0x000000004c357000 	/System/Library/Frameworks/Carbon.framework/Versions/A/Frameworks/ImageCapture.framework/Versions/A/ImageCapture
0x000000004c357000 	/System/Library/Frameworks/Carbon.framework/Versions/A/Frameworks/OpenScripting.framework/Versions/A/OpenScripting
0x000000004c357000 	/System/Library/Frameworks/Carbon.framework/Versions/A/Frameworks/Print.framework/Versions/A/Print
0x000000004c357000 	/System/Library/Frameworks/Carbon.framework/Versions/A/Frameworks/SecurityHI.framework/Versions/A/SecurityHI
0x000000012323b000 	/Library/Java/JavaVirtualMachines/jdk1.8.0_121.jdk/Contents/Home/jre/lib/libawt.dylib
0x00000001232e3000 	/Library/Java/JavaVirtualMachines/jdk1.8.0_121.jdk/Contents/Home/jre/lib/./libmlib_image.dylib
0x00000001233af000 	/Library/Java/JavaVirtualMachines/jdk1.8.0_121.jdk/Contents/Home/jre/lib/libawt_lwawt.dylib
0x0000000123466000 	/Library/Java/JavaVirtualMachines/jdk1.8.0_121.jdk/Contents/Home/jre/lib/./libosxapp.dylib
0x000000004c357000 	/System/Library/Frameworks/ExceptionHandling.framework/Versions/A/ExceptionHandling
0x000000004c357000 	/System/Library/PrivateFrameworks/CoreServicesInternal.framework/Versions/A/CoreServicesInternal
0x000000004c357000 	/System/Library/CoreServices/RawCamera.bundle/Contents/MacOS/RawCamera
0x000000004c357000 	/System/Library/Frameworks/Accelerate.framework/Versions/A/Frameworks/vImage.framework/Versions/A/Libraries/libCGInterfaces.dylib
0x000000004c357000 	/System/Library/Frameworks/ApplicationServices.framework/Versions/A/Frameworks/ATS.framework/Versions/A/Resources/libTrueTypeScaler.dylib
0x0000000124fad000 	/System/Library/Frameworks/OpenGL.framework/Resources/GLEngine.bundle/GLEngine
0x000000004c357000 	/System/Library/Frameworks/OpenGL.framework/Versions/A/Libraries/libGLProgrammability.dylib
0x0000000125192000 	/System/Library/Extensions/AppleIntelHD5000GraphicsGLDriver.bundle/Contents/MacOS/AppleIntelHD5000GraphicsGLDriver
0x000000004c357000 	/System/Library/PrivateFrameworks/GPUSupport.framework/Versions/A/Libraries/libGPUSupportMercury.dylib
0x0000000125900000 	/System/Library/Frameworks/OpenGL.framework/Resources//GLRendererFloat.bundle/GLRendererFloat
0x000000004c357000 	/System/Library/Frameworks/OpenCL.framework/Versions/A/Libraries/libcldcpuengine.dylib
0x000000004c357000 	/usr/lib/libcrypto.0.9.8.dylib
0x000000004c357000 	/System/Library/PrivateFrameworks/TrustEvaluationAgent.framework/Versions/A/TrustEvaluationAgent
0x0000000125934000 	/System/Library/Extensions/AppleIntelHD5000GraphicsMTLDriver.bundle/Contents/MacOS/AppleIntelHD5000GraphicsMTLDriver
0x000000004c357000 	/System/Library/PrivateFrameworks/FamilyControls.framework/Versions/A/FamilyControls
0x000000004c357000 	/System/Library/PrivateFrameworks/CommerceKit.framework/Versions/A/Frameworks/CommerceCore.framework/Versions/A/CommerceCore
0x000000004c357000 	/System/Library/PrivateFrameworks/SystemAdministration.framework/Versions/A/SystemAdministration
0x000000004c357000 	/System/Library/PrivateFrameworks/AppContainer.framework/Versions/A/AppContainer
0x000000004c357000 	/System/Library/PrivateFrameworks/SecCodeWrapper.framework/Versions/A/SecCodeWrapper
0x000000004c357000 	/System/Library/Frameworks/DirectoryService.framework/Versions/A/DirectoryService
0x000000004c357000 	/System/Library/PrivateFrameworks/DiskImages.framework/Versions/A/DiskImages
0x000000004c357000 	/System/Library/PrivateFrameworks/LoginUIKit.framework/Versions/A/Frameworks/LoginUICore.framework/Versions/A/LoginUICore
0x000000004c357000 	/usr/lib/libCoreStorage.dylib
0x000000004c357000 	/usr/lib/libcsfde.dylib
0x000000004c357000 	/usr/lib/libodfde.dylib
0x000000004c357000 	/System/Library/Frameworks/DiscRecording.framework/Versions/A/DiscRecording
0x000000004c357000 	/usr/lib/libcurl.4.dylib
0x000000004c357000 	/System/Library/PrivateFrameworks/MediaKit.framework/Versions/A/MediaKit
0x000000004c357000 	/System/Library/PrivateFrameworks/ProtectedCloudStorage.framework/Versions/A/ProtectedCloudStorage
0x000000004c357000 	/System/Library/PrivateFrameworks/EFILogin.framework/Versions/A/EFILogin
0x000000004c357000 	/usr/lib/libutil.dylib
0x000000004c357000 	/System/Library/Frameworks/LDAP.framework/Versions/A/LDAP
0x000000004c357000 	/usr/lib/libsasl2.2.dylib
0x000000004c357000 	/System/Library/PrivateFrameworks/CoreDaemon.framework/Versions/B/CoreDaemon
0x000000004c357000 	/System/Library/PrivateFrameworks/AppleSRP.framework/Versions/A/AppleSRP
0x000000004c357000 	/System/Library/PrivateFrameworks/APFS.framework/Versions/A/APFS
0x000000012754f000 	/Library/Java/JavaVirtualMachines/jdk1.8.0_121.jdk/Contents/Home/jre/lib/libfontmanager.dylib
0x000000004c357000 	/System/Library/PrivateFrameworks/ViewBridge.framework/Versions/A/ViewBridge
0x000000004c357000 	/System/Library/PrivateFrameworks/XPCService.framework/Versions/A/XPCService
0x000000004c357000 	/System/Library/PrivateFrameworks/AppSandbox.framework/Versions/A/AppSandbox
0x000000004c357000 	/usr/lib/libsandbox.1.dylib
0x000000004c357000 	/usr/lib/libMatch.1.dylib
0x000000012894a000 	/Library/Java/JavaVirtualMachines/jdk1.8.0_121.jdk/Contents/Home/jre/lib/libosxui.dylib
0x000000012950b000 	/Library/Java/JavaVirtualMachines/jdk1.8.0_121.jdk/Contents/Home/jre/lib/libnet.dylib
0x0000000129522000 	/Library/Java/JavaVirtualMachines/jdk1.8.0_121.jdk/Contents/Home/jre/lib/libnio.dylib
0x0000000128658000 	/private/var/folders/z5/dkh_k18x6bn8z6w6jj1k7pqm0000gn/T/jogamp_0000/file_cache/jln5417146600940729204/jln8031169385852982571/libgluegen-rt.jnilib
0x00000001294b8000 	/private/var/folders/z5/dkh_k18x6bn8z6w6jj1k7pqm0000gn/T/jogamp_0000/file_cache/jln5417146600940729204/jln8031169385852982571/libnativewindow_awt.jnilib
0x0000000191aca000 	/Library/Java/JavaVirtualMachines/jdk1.8.0_121.jdk/Contents/Home/jre/lib/libjawt.dylib
0x0000000191acd000 	/private/var/folders/z5/dkh_k18x6bn8z6w6jj1k7pqm0000gn/T/jogamp_0000/file_cache/jln5417146600940729204/jln8031169385852982571/libnativewindow_macosx.jnilib
0x0000000193931000 	/private/var/folders/z5/dkh_k18x6bn8z6w6jj1k7pqm0000gn/T/jogamp_0000/file_cache/jln5417146600940729204/jln8031169385852982571/libjogl_desktop.jnilib
0x00000001965a0000 	/Library/Java/JavaVirtualMachines/jdk1.8.0_121.jdk/Contents/Home/jre/lib/libt2k.dylib

VM Arguments:
jvm_args: -Djava.security.policy=java.policy.applet -Dfile.encoding=MacRoman 
java_command: sun.applet.AppletViewer module6.EarthquakeCityMap1523916165537.html
java_class_path (initial): /Users/Mac/Documents/workspace/UCSDUnfoldingMaps/build:/Users/Mac/Documents/workspace/UCSDUnfoldingMaps/lib/core.jar:/Users/Mac/Documents/workspace/UCSDUnfoldingMaps/lib/gluegen-rt.jar:/Users/Mac/Documents/workspace/UCSDUnfoldingMaps/lib/jogl-all.jar:/Users/Mac/Documents/workspace/UCSDUnfoldingMaps/lib/log4j-1.2.15.jar:/Users/Mac/Documents/workspace/UCSDUnfoldingMaps/lib/sqlite-jdbc-3.7.2.jar:/Users/Mac/Documents/workspace/UCSDUnfoldingMaps/lib/json4processing.jar:/Users/Mac/Documents/workspace/UCSDUnfoldingMaps/lib/libTUIO.jar:/Users/Mac/Documents/workspace/UCSDUnfoldingMaps/lib/unfolding.0.9.7-uscd.jar
Launcher Type: SUN_STANDARD

Environment Variables:
PATH=/Library/Frameworks/Python.framework/Versions/3.6/bin:/usr/local/bin:/usr/bin:/bin:/usr/sbin:/sbin:/opt/X11/bin:/Library/Frameworks/Mono.framework/Versions/Current/Commands:/Library/TeX/texbin
SHELL=/bin/bash
DISPLAY=/private/tmp/com.apple.launchd.BfoSnAz3r8/org.macosforge.xquartz:0

Signal Handlers:
SIGSEGV: [libjvm.dylib+0x5b1141], sa_mask[0]=11111111011111110111111111111111, sa_flags=SA_ONSTACK|SA_RESTART|SA_SIGINFO
SIGBUS: [libjvm.dylib+0x5b1141], sa_mask[0]=11111111011111110111111111111111, sa_flags=SA_RESTART|SA_SIGINFO
SIGFPE: [libjvm.dylib+0x487bc4], sa_mask[0]=11111111011111110111111111111111, sa_flags=SA_RESTART|SA_SIGINFO
SIGPIPE: [libjvm.dylib+0x487bc4], sa_mask[0]=11111111011111110111111111111111, sa_flags=SA_RESTART|SA_SIGINFO
SIGXFSZ: [libjvm.dylib+0x487bc4], sa_mask[0]=11111111011111110111111111111111, sa_flags=SA_RESTART|SA_SIGINFO
SIGILL: [libjvm.dylib+0x487bc4], sa_mask[0]=11111111011111110111111111111111, sa_flags=SA_RESTART|SA_SIGINFO
SIGUSR1: SIG_DFL, sa_mask[0]=11011111011111100000000111000110, sa_flags=none
SIGUSR2: [libjvm.dylib+0x4876e2], sa_mask[0]=00100000000000000000000000000000, sa_flags=SA_RESTART|SA_SIGINFO
SIGHUP: [libjvm.dylib+0x485cb9], sa_mask[0]=11111111011111110111111111111111, sa_flags=SA_RESTART|SA_SIGINFO
SIGINT: [libjvm.dylib+0x485cb9], sa_mask[0]=11111111011111110111111111111111, sa_flags=SA_RESTART|SA_SIGINFO
SIGTERM: [libjvm.dylib+0x485cb9], sa_mask[0]=11111111011111110111111111111111, sa_flags=SA_RESTART|SA_SIGINFO
SIGQUIT: [libjvm.dylib+0x485cb9], sa_mask[0]=11111111011111110111111111111111, sa_flags=SA_RESTART|SA_SIGINFO


---------------  S Y S T E M  ---------------

OS:Bsduname:Darwin 16.7.0 Darwin Kernel Version 16.7.0: Thu Jan 11 22:59:40 PST 2018; root:xnu-3789.73.8~1/RELEASE_X86_64 x86_64
rlimit: STACK 8192k, CORE 0k, NPROC 709, NOFILE 10240, AS infinity
load average:1.60 2.76 2.86

CPU:total 4 (2 cores per cpu, 2 threads per core) family 6 model 69 stepping 1, cmov, cx8, fxsr, mmx, sse, sse2, sse3, ssse3, sse4.1, sse4.2, popcnt, avx, avx2, aes, clmul, erms, lzcnt, ht, tsc, tscinvbit, bmi1, bmi2

Memory: 4k page, physical 4194304k(70756k free)

/proc/meminfo:


vm_info: Java HotSpot(TM) 64-Bit Server VM (25.121-b13) for bsd-amd64 JRE (1.8.0_121-b13), built on Dec 12 2016 20:39:32 by "java_re" with gcc 4.2.1 (Based on Apple Inc. build 5658) (LLVM build 2336.11.00)

time: Mon Apr 16 15:05:32 2018
elapsed time: 167 seconds (0d 0h 2m 47s)

