#
# A fatal error has been detected by the Java Runtime Environment:
#
#  SIGSEGV (0xb) at pc=0x00007fffc30df05d, pid=57224, tid=0x0000000000000307
#
# JRE version: Java(TM) SE Runtime Environment (8.0_121-b13) (build 1.8.0_121-b13)
# Java VM: Java HotSpot(TM) 64-Bit Server VM (25.121-b13 mixed mode bsd-amd64 compressed oops)
# Problematic frame:
# C  [libobjc.A.dylib+0x705d]  objc_msgSend+0x1d
#
# Failed to write core dump. Core dumps have been disabled. To enable core dumping, try "ulimit -c unlimited" before starting Java again
#
# If you would like to submit a bug report, please visit:
#   http://bugreport.java.com/bugreport/crash.jsp
# The crash happened outside the Java Virtual Machine in native code.
# See problematic frame for where to report the bug.
#

---------------  T H R E A D  ---------------

Current thread (0x00007f81448a7000):  JavaThread "AWT-AppKit" daemon [_thread_in_native, id=775, stack(0x00007fff57a79000,0x00007fff58279000)]

siginfo: si_signo: 11 (SIGSEGV), si_code: 1 (SEGV_MAPERR), si_addr: 0x0000000000000018

Registers:
RAX=0x00007f8142cc6440, RBX=0x000000018cc50450, RCX=0x00007f81456011d0, RDX=0x0000000000000000
RSP=0x00007fff58274168, RBP=0x00007fff58274220, RSI=0x00007fffac96a116, RDI=0x00007f8142c3ef70
R8 =0x0000000000000018, R9 =0x00007f8145600ab0, R10=0x0000000000000000, R11=0x00007fffac96a116
R12=0x0000000000000000, R13=0x000000018e179608, R14=0x000000018cc50440, R15=0x00007f81448a7000
RIP=0x00007fffc30df05d, EFLAGS=0x0000000000010246, ERR=0x0000000000000004
  TRAPNO=0x000000000000000e

Top of Stack: (sp=0x00007fff58274168)
0x00007fff58274168:   000000018cc4e157 00007fff582741c0
0x00007fff58274178:   0000000000000003 00007fff582741a0
0x00007fff58274188:   0000000107bf6c62 000000018e179608
0x00007fff58274198:   000000018e179608 00007f8142cc6440
0x00007fff582741a8:   000000018cc506a0 000000018cc50710
0x00007fff582741b8:   00007fffc91456d0 00007fffc9d751e0
0x00007fff582741c8:   000000018cc50450 000000018cc50690
0x00007fff582741d8:   00007f8142cc6440 00007f8142c3ef70
0x00007fff582741e8:   00007f81489310e0 00007f8142cc6440
0x00007fff582741f8:   00007f8142c3ef70 00007fff582742a8
0x00007fff58274208:   00007f81448a71f8 000000018e179608
0x00007fff58274218:   00007fff582742d0 00007fff58274298
0x00007fff58274228:   000000010e4919f4 000000018e179608
0x00007fff58274238:   00007fff582742d0 00007fff58274298
0x00007fff58274248:   000000010e491787 000000010e491742
0x00007fff58274258:   00007fff58274258 000000018e179608
0x00007fff58274268:   00007fff582742d0 000000018e17c240
0x00007fff58274278:   0000000000000000 000000018e179608
0x00007fff58274288:   0000000000000000 00007fff582742b8
0x00007fff58274298:   00007fff58274318 000000010e4822bd
0x00007fff582742a8:   00000007803735d0 000000010e48b538
0x00007fff582742b8:   00007f8142cc6440 00007fff58274318
0x00007fff582742c8:   00007f8142c3ef70 000000010e48ce02
0x00007fff582742d8:   00007fff582742d8 000000018e1797d2
0x00007fff582742e8:   00007fff58274340 000000018e17c240
0x00007fff582742f8:   0000000000000000 000000018e1797e0
0x00007fff58274308:   00007fff582742b8 00007fff58274328
0x00007fff58274318:   00007fff58274388 000000010e4822bd
0x00007fff58274328:   00007f8142cc6440 0000000780319920
0x00007fff58274338:   00007f8142c3ef70 0000000780319920
0x00007fff58274348:   00007fff58274348 000000019133720e
0x00007fff58274358:   00007fff58274398 00000001913372c8 

Instructions: (pc=0x00007fffc30df05d)
0x00007fffc30df03d:   0f 1f 00 48 85 ff 2e 74 62 40 f6 c7 01 2e 75 66
0x00007fffc30df04d:   49 ba f8 ff ff ff ff 7f 00 00 4c 23 17 49 89 f3
0x00007fffc30df05d:   45 23 5a 18 49 c1 e3 04 4d 03 5a 10 49 3b 33 75
0x00007fffc30df06d:   04 41 ff 63 08 49 83 3b 01 76 0d 49 83 c3 10 49 

Register to memory mapping:

RAX=0x00007f8142cc6440 is an unknown value
RBX=0x000000018cc50450: Java_jogamp_nativewindow_macosx_OSXUtil_GetScreenRefreshRate0+0x1cf0 in /private/var/folders/z5/dkh_k18x6bn8z6w6jj1k7pqm0000gn/T/jogamp_0000/file_cache/jln2559403215168292964/jln1208090397928220301/libnativewindow_macosx.jnilib at 0x000000018cc49000
RCX=0x00007f81456011d0 is an unknown value
RDX=0x0000000000000000 is an unknown value
RSP=0x00007fff58274168 is pointing into the stack for thread: 0x00007f81448a7000
RBP=0x00007fff58274220 is pointing into the stack for thread: 0x00007f81448a7000
RSI=0x00007fffac96a116: __NSStyleNameIndexTable+0x7fd5e in /System/Library/Frameworks/AppKit.framework/Versions/C/AppKit at 0x00007fffabcfd000
RDI=0x00007f8142c3ef70 is an unknown value
R8 =0x0000000000000018 is an unknown value
R9 =0x00007f8145600ab0 is an unknown value
R10=0x0000000000000000 is an unknown value
R11=0x00007fffac96a116: __NSStyleNameIndexTable+0x7fd5e in /System/Library/Frameworks/AppKit.framework/Versions/C/AppKit at 0x00007fffabcfd000
R12=0x0000000000000000 is an unknown value
R13={method} {0x000000018e179608} 'UnsetJAWTRootSurfaceLayer0' '(JJ)V' in 'jogamp/nativewindow/jawt/macosx/MacOSXJAWTWindow'
R14=0x000000018cc50440: Java_jogamp_nativewindow_macosx_OSXUtil_GetScreenRefreshRate0+0x1ce0 in /private/var/folders/z5/dkh_k18x6bn8z6w6jj1k7pqm0000gn/T/jogamp_0000/file_cache/jln2559403215168292964/jln1208090397928220301/libnativewindow_macosx.jnilib at 0x000000018cc49000
R15=0x00007f81448a7000 is a thread


Stack: [0x00007fff57a79000,0x00007fff58279000],  sp=0x00007fff58274168,  free space=8172k
Native frames: (J=compiled Java code, j=interpreted, Vv=VM code, C=native code)
C  [libobjc.A.dylib+0x705d]  objc_msgSend+0x1d
j  jogamp.nativewindow.jawt.macosx.MacOSXJAWTWindow.UnsetJAWTRootSurfaceLayer0(JJ)V+0
j  jogamp.nativewindow.jawt.macosx.MacOSXJAWTWindow.access$200(JJ)V+2
j  jogamp.nativewindow.jawt.macosx.MacOSXJAWTWindow$1.run()V+38
J 1878 C1 com.jogamp.common.util.RunnableTask.run()V (345 bytes) @ 0x000000010ea8e8b4 [0x000000010ea8e720+0x194]
v  ~StubRoutines::call_stub
V  [libjvm.dylib+0x2ed9d6]
V  [libjvm.dylib+0x324b65]
V  [libjvm.dylib+0x317333]
C  [libnativewindow_macosx.jnilib+0x5326]  Java_jogamp_nativewindow_jawt_macosx_MacOSXJAWTWindow_UnsetJAWTRootSurfaceLayer0+0x2b6
C  [Foundation+0x7152a]  __NSThreadPerformPerform+0x146
C  [CoreFoundation+0xa7321]  __CFRUNLOOP_IS_CALLING_OUT_TO_A_SOURCE0_PERFORM_FUNCTION__+0x11
C  [CoreFoundation+0x8821d]  __CFRunLoopDoSources0+0x22d
C  [CoreFoundation+0x87716]  __CFRunLoopRun+0x3a6
C  [CoreFoundation+0x87114]  CFRunLoopRunSpecific+0x1a4
C  [HIToolbox+0x30ebc]  RunCurrentEventLoopInMode+0xf0
C  [HIToolbox+0x30bf9]  ReceiveNextEventCommon+0xb8
C  [HIToolbox+0x30b26]  _BlockUntilNextEventMatchingListInModeWithFilter+0x47
C  [AppKit+0x46a54]  _DPSNextEvent+0x460
C  [AppKit+0x7c27ee]  -[NSApplication(NSEvent) _nextEventMatchingEventMask:untilDate:inMode:dequeue:]+0xaec
C  [libosxapp.dylib+0x23aa]  -[NSApplicationAWT nextEventMatchingMask:untilDate:inMode:dequeue:]+0x7c
C  [AppKit+0x3b3db]  -[NSApplication run]+0x39e
C  [libosxapp.dylib+0x214d]  +[NSApplicationAWT runAWTLoopWithApp:]+0x9c
C  [libawt_lwawt.dylib+0x45ff7]  -[AWTStarter starter:]+0x389
C  [Foundation+0x7152a]  __NSThreadPerformPerform+0x146
C  [CoreFoundation+0xa7321]  __CFRUNLOOP_IS_CALLING_OUT_TO_A_SOURCE0_PERFORM_FUNCTION__+0x11
C  [CoreFoundation+0x8821d]  __CFRunLoopDoSources0+0x22d
C  [CoreFoundation+0x87716]  __CFRunLoopRun+0x3a6
C  [CoreFoundation+0x87114]  CFRunLoopRunSpecific+0x1a4
C  [java+0x6465]  CreateExecutionEnvironment+0x367
C  [java+0x218c]  JLI_Launch+0x7a0
C  [java+0x84c2]  main+0x65
C  [java+0x19e4]  start+0x34
C  0x0000000000000007

Java frames: (J=compiled Java code, j=interpreted, Vv=VM code)
j  jogamp.nativewindow.jawt.macosx.MacOSXJAWTWindow.UnsetJAWTRootSurfaceLayer0(JJ)V+0
j  jogamp.nativewindow.jawt.macosx.MacOSXJAWTWindow.access$200(JJ)V+2
j  jogamp.nativewindow.jawt.macosx.MacOSXJAWTWindow$1.run()V+38
J 1878 C1 com.jogamp.common.util.RunnableTask.run()V (345 bytes) @ 0x000000010ea8e8b4 [0x000000010ea8e720+0x194]
v  ~StubRoutines::call_stub

---------------  P R O C E S S  ---------------

Java Threads: ( => current thread )
  0x00007f8144ccc000 JavaThread "Thread-87" [_thread_blocked, id=75135, stack(0x0000700006ea8000,0x0000700006fa8000)]
  0x00007f8144382800 JavaThread "AWT-EventQueue-1" [_thread_in_native, id=66847, stack(0x0000700006d22000,0x0000700006e22000)]
  0x00007f8143a29800 JavaThread "DestroyJavaVM" [_thread_blocked, id=7171, stack(0x00007000056da000,0x00007000057da000)]
  0x00007f814495d800 JavaThread "AWT-EventQueue-0" [_thread_blocked, id=62495, stack(0x0000700006b1c000,0x0000700006c1c000)]
  0x00007f8143183800 JavaThread "Java2D Disposer" daemon [_thread_blocked, id=56851, stack(0x0000700006893000,0x0000700006993000)]
  0x00007f81439a0000 JavaThread "Java2D Queue Flusher" daemon [_thread_blocked, id=47663, stack(0x0000700006790000,0x0000700006890000)]
  0x00007f8143930000 JavaThread "AWT-Shutdown" [_thread_blocked, id=29471, stack(0x0000700006587000,0x0000700006687000)]
=>0x00007f81448a7000 JavaThread "AWT-AppKit" daemon [_thread_in_native, id=775, stack(0x00007fff57a79000,0x00007fff58279000)]
  0x00007f8143058800 JavaThread "Service Thread" daemon [_thread_blocked, id=18691, stack(0x00007000062fe000,0x00007000063fe000)]
  0x00007f8143813000 JavaThread "C1 CompilerThread2" daemon [_thread_blocked, id=18179, stack(0x00007000061fb000,0x00007000062fb000)]
  0x00007f8143811800 JavaThread "C2 CompilerThread1" daemon [_thread_blocked, id=17667, stack(0x00007000060f8000,0x00007000061f8000)]
  0x00007f8143810800 JavaThread "C2 CompilerThread0" daemon [_thread_blocked, id=17155, stack(0x0000700005ff5000,0x00007000060f5000)]
  0x00007f8143041000 JavaThread "Signal Dispatcher" daemon [_thread_blocked, id=16643, stack(0x0000700005ef2000,0x0000700005ff2000)]
  0x00007f814382c000 JavaThread "Finalizer" daemon [_thread_blocked, id=12547, stack(0x0000700005def000,0x0000700005eef000)]
  0x00007f8143020800 JavaThread "Reference Handler" daemon [_thread_blocked, id=12035, stack(0x0000700005cec000,0x0000700005dec000)]

Other Threads:
  0x00007f8144807000 VMThread [stack: 0x0000700005be9000,0x0000700005ce9000] [id=11523]
  0x00007f8143029000 WatcherThread [stack: 0x0000700006401000,0x0000700006501000] [id=19203]

VM state:not at safepoint (normal execution)

VM Mutex/Monitor currently owned by a thread: None

Heap:
 PSYoungGen      total 73728K, used 30873K [0x00000007aab00000, 0x00000007b4000000, 0x00000007c0000000)
  eden space 62976K, 32% used [0x00000007aab00000,0x00000007abec6230,0x00000007ae880000)
  from space 10752K, 98% used [0x00000007b3580000,0x00000007b3fe02a0,0x00000007b4000000)
  to   space 12288K, 0% used [0x00000007b2800000,0x00000007b2800000,0x00000007b3400000)
 ParOldGen       total 44032K, used 26750K [0x0000000780000000, 0x0000000782b00000, 0x00000007aab00000)
  object space 44032K, 60% used [0x0000000780000000,0x0000000781a1f9c8,0x0000000782b00000)
 Metaspace       used 19785K, capacity 20003K, committed 20224K, reserved 1067008K
  class space    used 1944K, capacity 2010K, committed 2048K, reserved 1048576K

Card table byte_map: [0x00000001095c0000,0x00000001097c1000] byte_map_base: 0x00000001059c0000

Marking Bits: (ParMarkBitMap*) 0x00000001082f4d30
 Begin Bits: [0x0000000109917000, 0x000000010a917000)
 End Bits:   [0x000000010a917000, 0x000000010b917000)

Polling page: 0x00000001089e9000

CodeCache: size=245760Kb used=7794Kb max_used=8223Kb free=237965Kb
 bounds [0x000000010e47a000, 0x000000010ec9a000, 0x000000011d47a000]
 total_blobs=3091 nmethods=2209 adapters=795
 compilation: enabled

Compilation events (10 events):
Event: 29.936 Thread 0x00007f8143811800 2480       4       java.util.LinkedList$ListItr::next (56 bytes)
Event: 29.941 Thread 0x00007f8143811800 nmethod 2480 0x000000010e597250 code [0x000000010e5973a0, 0x000000010e5974b8]
Event: 30.185 Thread 0x00007f8143810800 2481   !   4       jogamp.common.os.MachineDescriptionRuntime::getStatic (106 bytes)
Event: 30.187 Thread 0x00007f8143810800 nmethod 2481 0x000000010e96abd0 code [0x000000010e96ad20, 0x000000010e96adb8]
Event: 30.307 Thread 0x00007f8143813000 2482       3       sun.font.FontDesignMetrics::getLatinCharWidth (29 bytes)
Event: 30.308 Thread 0x00007f8143813000 nmethod 2482 0x000000010e9b70d0 code [0x000000010e9b7280, 0x000000010e9b75c8]
Event: 30.338 Thread 0x00007f8143811800 2483  s!   4       sun.misc.URLClassPath::getLoader (243 bytes)
Event: 30.344 Thread 0x00007f8143811800 nmethod 2483 0x000000010e8addd0 code [0x000000010e8adf40, 0x000000010e8ae718]
Event: 30.351 Thread 0x00007f8143813000 2484       1       java.awt.Component::getTreeLock (4 bytes)
Event: 30.351 Thread 0x00007f8143813000 nmethod 2484 0x000000010e5c2150 code [0x000000010e5c22a0, 0x000000010e5c23b0]

GC Heap History (10 events):
Event: 7.000 GC heap before
{Heap before GC invocations=4 (full 0):
 PSYoungGen      total 18944K, used 18723K [0x00000007aab00000, 0x00000007ad000000, 0x00000007c0000000)
  eden space 16384K, 98% used [0x00000007aab00000,0x00000007abacc0e8,0x00000007abb00000)
  from space 2560K, 99% used [0x00000007abb00000,0x00000007abd7cc10,0x00000007abd80000)
  to   space 2560K, 0% used [0x00000007acd80000,0x00000007acd80000,0x00000007ad000000)
 ParOldGen       total 44032K, used 11453K [0x0000000780000000, 0x0000000782b00000, 0x00000007aab00000)
  object space 44032K, 26% used [0x0000000780000000,0x0000000780b2f628,0x0000000782b00000)
 Metaspace       used 18586K, capacity 18795K, committed 18944K, reserved 1067008K
  class space    used 1897K, capacity 1974K, committed 2048K, reserved 1048576K
Event: 7.016 GC heap after
Heap after GC invocations=4 (full 0):
 PSYoungGen      total 35328K, used 2547K [0x00000007aab00000, 0x00000007ad000000, 0x00000007c0000000)
  eden space 32768K, 0% used [0x00000007aab00000,0x00000007aab00000,0x00000007acb00000)
  from space 2560K, 99% used [0x00000007acd80000,0x00000007acffcc10,0x00000007ad000000)
  to   space 2560K, 0% used [0x00000007acb00000,0x00000007acb00000,0x00000007acd80000)
 ParOldGen       total 44032K, used 14902K [0x0000000780000000, 0x0000000782b00000, 0x00000007aab00000)
  object space 44032K, 33% used [0x0000000780000000,0x0000000780e8d858,0x0000000782b00000)
 Metaspace       used 18586K, capacity 18795K, committed 18944K, reserved 1067008K
  class space    used 1897K, capacity 1974K, committed 2048K, reserved 1048576K
}
Event: 9.506 GC heap before
{Heap before GC invocations=5 (full 0):
 PSYoungGen      total 35328K, used 35315K [0x00000007aab00000, 0x00000007ad000000, 0x00000007c0000000)
  eden space 32768K, 100% used [0x00000007aab00000,0x00000007acb00000,0x00000007acb00000)
  from space 2560K, 99% used [0x00000007acd80000,0x00000007acffcc10,0x00000007ad000000)
  to   space 2560K, 0% used [0x00000007acb00000,0x00000007acb00000,0x00000007acd80000)
 ParOldGen       total 44032K, used 14902K [0x0000000780000000, 0x0000000782b00000, 0x00000007aab00000)
  object space 44032K, 33% used [0x0000000780000000,0x0000000780e8d858,0x0000000782b00000)
 Metaspace       used 19216K, capacity 19487K, committed 19712K, reserved 1067008K
  class space    used 1935K, capacity 2010K, committed 2048K, reserved 1048576K
Event: 9.517 GC heap after
Heap after GC invocations=5 (full 0):
 PSYoungGen      total 35328K, used 2531K [0x00000007aab00000, 0x00000007afe00000, 0x00000007c0000000)
  eden space 32768K, 0% used [0x00000007aab00000,0x00000007aab00000,0x00000007acb00000)
  from space 2560K, 98% used [0x00000007acb00000,0x00000007acd78c20,0x00000007acd80000)
  to   space 9728K, 0% used [0x00000007af480000,0x00000007af480000,0x00000007afe00000)
 ParOldGen       total 44032K, used 18566K [0x0000000780000000, 0x0000000782b00000, 0x00000007aab00000)
  object space 44032K, 42% used [0x0000000780000000,0x0000000781221958,0x0000000782b00000)
 Metaspace       used 19216K, capacity 19487K, committed 19712K, reserved 1067008K
  class space    used 1935K, capacity 2010K, committed 2048K, reserved 1048576K
}
Event: 15.831 GC heap before
{Heap before GC invocations=6 (full 0):
 PSYoungGen      total 35328K, used 35299K [0x00000007aab00000, 0x00000007afe00000, 0x00000007c0000000)
  eden space 32768K, 100% used [0x00000007aab00000,0x00000007acb00000,0x00000007acb00000)
  from space 2560K, 98% used [0x00000007acb00000,0x00000007acd78c20,0x00000007acd80000)
  to   space 9728K, 0% used [0x00000007af480000,0x00000007af480000,0x00000007afe00000)
 ParOldGen       total 44032K, used 18822K [0x0000000780000000, 0x0000000782b00000, 0x00000007aab00000)
  object space 44032K, 42% used [0x0000000780000000,0x0000000781261968,0x0000000782b00000)
 Metaspace       used 19523K, capacity 19747K, committed 19968K, reserved 1067008K
  class space    used 1935K, capacity 2010K, committed 2048K, reserved 1048576K
Event: 15.850 GC heap after
Heap after GC invocations=6 (full 0):
 PSYoungGen      total 75264K, used 4659K [0x00000007aab00000, 0x00000007afe00000, 0x00000007c0000000)
  eden space 65536K, 0% used [0x00000007aab00000,0x00000007aab00000,0x00000007aeb00000)
  from space 9728K, 47% used [0x00000007af480000,0x00000007af90cca0,0x00000007afe00000)
  to   space 9728K, 0% used [0x00000007aeb00000,0x00000007aeb00000,0x00000007af480000)
 ParOldGen       total 44032K, used 18822K [0x0000000780000000, 0x0000000782b00000, 0x00000007aab00000)
  object space 44032K, 42% used [0x0000000780000000,0x0000000781261968,0x0000000782b00000)
 Metaspace       used 19523K, capacity 19747K, committed 19968K, reserved 1067008K
  class space    used 1935K, capacity 2010K, committed 2048K, reserved 1048576K
}
Event: 18.936 GC heap before
{Heap before GC invocations=7 (full 0):
 PSYoungGen      total 75264K, used 70195K [0x00000007aab00000, 0x00000007afe00000, 0x00000007c0000000)
  eden space 65536K, 100% used [0x00000007aab00000,0x00000007aeb00000,0x00000007aeb00000)
  from space 9728K, 47% used [0x00000007af480000,0x00000007af90cca0,0x00000007afe00000)
  to   space 9728K, 0% used [0x00000007aeb00000,0x00000007aeb00000,0x00000007af480000)
 ParOldGen       total 44032K, used 19364K [0x0000000780000000, 0x0000000782b00000, 0x00000007aab00000)
  object space 44032K, 43% used [0x0000000780000000,0x00000007812e9240,0x0000000782b00000)
 Metaspace       used 19652K, capacity 19875K, committed 19968K, reserved 1067008K
  class space    used 1935K, capacity 2010K, committed 2048K, reserved 1048576K
Event: 18.969 GC heap after
Heap after GC invocations=7 (full 0):
 PSYoungGen      total 75264K, used 9507K [0x00000007aab00000, 0x00000007b4000000, 0x00000007c0000000)
  eden space 65536K, 0% used [0x00000007aab00000,0x00000007aab00000,0x00000007aeb00000)
  from space 9728K, 97% used [0x00000007aeb00000,0x00000007af448e00,0x00000007af480000)
  to   space 10752K, 0% used [0x00000007b3580000,0x00000007b3580000,0x00000007b4000000)
 ParOldGen       total 44032K, used 22739K [0x0000000780000000, 0x0000000782b00000, 0x00000007aab00000)
  object space 44032K, 51% used [0x0000000780000000,0x0000000781634d38,0x0000000782b00000)
 Metaspace       used 19652K, capacity 19875K, committed 19968K, reserved 1067008K
  class space    used 1935K, capacity 2010K, committed 2048K, reserved 1048576K
}
Event: 25.986 GC heap before
{Heap before GC invocations=8 (full 0):
 PSYoungGen      total 75264K, used 75043K [0x00000007aab00000, 0x00000007b4000000, 0x00000007c0000000)
  eden space 65536K, 100% used [0x00000007aab00000,0x00000007aeb00000,0x00000007aeb00000)
  from space 9728K, 97% used [0x00000007aeb00000,0x00000007af448e00,0x00000007af480000)
  to   space 10752K, 0% used [0x00000007b3580000,0x00000007b3580000,0x00000007b4000000)
 ParOldGen       total 44032K, used 22739K [0x0000000780000000, 0x0000000782b00000, 0x00000007aab00000)
  object space 44032K, 51% used [0x0000000780000000,0x0000000781634d38,0x0000000782b00000)
 Metaspace       used 19714K, capacity 19939K, committed 20224K, reserved 1067008K
  class space    used 1936K, capacity 2010K, committed 2048K, reserved 1048576K
Event: 25.998 GC heap after
Heap after GC invocations=8 (full 0):
 PSYoungGen      total 73728K, used 10624K [0x00000007aab00000, 0x00000007b4000000, 0x00000007c0000000)
  eden space 62976K, 0% used [0x00000007aab00000,0x00000007aab00000,0x00000007ae880000)
  from space 10752K, 98% used [0x00000007b3580000,0x00000007b3fe02a0,0x00000007b4000000)
  to   space 12288K, 0% used [0x00000007b2800000,0x00000007b2800000,0x00000007b3400000)
 ParOldGen       total 44032K, used 26750K [0x0000000780000000, 0x0000000782b00000, 0x00000007aab00000)
  object space 44032K, 60% used [0x0000000780000000,0x0000000781a1f9c8,0x0000000782b00000)
 Metaspace       used 19714K, capacity 19939K, committed 20224K, reserved 1067008K
  class space    used 1936K, capacity 2010K, committed 2048K, reserved 1048576K
}

Deoptimization events (10 events):
Event: 6.264 Thread 0x00007f8144382800 Uncommon trap: reason=unstable_if action=reinterpret pc=0x000000010e63b1dc method=java.lang.AbstractStringBuilder.append(Ljava/lang/String;)Ljava/lang/AbstractStringBuilder; @ 1
Event: 15.651 Thread 0x00007f8144382800 Uncommon trap: reason=predicate action=maybe_recompile pc=0x000000010ea37e30 method=java.util.Vector.indexOf(Ljava/lang/Object;I)I @ 44
Event: 15.652 Thread 0x00007f8144382800 Uncommon trap: reason=unstable_if action=reinterpret pc=0x000000010ead4f68 method=de.fhpotsdam.unfolding.mapdisplay.AbstractMapDisplay$ZoomComparator.compare(Lde/fhpotsdam/unfolding/core/Coordinate;Lde/fhpotsdam/unfolding/core/Coordinate;)I @ 9
Event: 15.656 Thread 0x00007f8144382800 Uncommon trap: reason=unstable_if action=reinterpret pc=0x000000010ea7148c method=processing.opengl.PGraphicsOpenGL$Tessellator.setLastTexIndex(II)V @ 15
Event: 16.055 Thread 0x00007f8144382800 Uncommon trap: reason=unstable_if action=reinterpret pc=0x000000010eb98800 method=de.fhpotsdam.unfolding.mapdisplay.Java2DMapDisplay.getVisibleKeys(Lprocessing/core/PGraphics;)Ljava/util/Vector; @ 472
Event: 18.468 Thread 0x00007f8144382800 Uncommon trap: reason=unstable_if action=reinterpret pc=0x000000010e89ec38 method=java.text.DigitList.getDataChars(I)[C @ 13
Event: 30.303 Thread 0x00007f814495d800 Uncommon trap: reason=unstable_if action=reinterpret pc=0x000000010ec75bcc method=java.awt.EventQueue.getPriority(Ljava/awt/AWTEvent;)I @ 71
Event: 30.303 Thread 0x00007f8144382800 Uncommon trap: reason=unstable_if action=reinterpret pc=0x000000010e683628 method=com.jogamp.common.util.VersionNumber.compareTo(Lcom/jogamp/common/util/VersionNumber;)I @ 21
Event: 30.333 Thread 0x00007f8144144000 Uncommon trap: reason=unstable_if action=reinterpret pc=0x000000010eb57670 method=java.util.HashMap.putVal(ILjava/lang/Object;Ljava/lang/Object;ZZ)Ljava/lang/Object; @ 81
Event: 30.351 Thread 0x00007f8144382800 Uncommon trap: reason=unstable_if action=reinterpret pc=0x000000010eb02d9c method=java.security.AccessControlContext.optimize()Ljava/security/AccessControlContext; @ 233

Internal exceptions (10 events):
Event: 0.516 Thread 0x00007f814300b000 Exception <a 'java/lang/NoSuchFieldError': method resolution failed> (0x00000007aacc89d8) thrown at [/Users/java_re/workspace/8-2-build-macosx-x86_64/jdk8u121/8372/hotspot/src/share/vm/prims/methodHandles.cpp, line 1146]
Event: 0.522 Thread 0x00007f814300b000 Exception <a 'java/lang/NoSuchFieldError': method resolution failed> (0x00000007aacd61a8) thrown at [/Users/java_re/workspace/8-2-build-macosx-x86_64/jdk8u121/8372/hotspot/src/share/vm/prims/methodHandles.cpp, line 1146]
Event: 0.836 Thread 0x00007f814300b000 Exception <a 'java/io/FileNotFoundException'> (0x00000007aad52d28) thrown at [/Users/java_re/workspace/8-2-build-macosx-x86_64/jdk8u121/8372/hotspot/src/share/vm/prims/jni.cpp, line 709]
Event: 0.836 Thread 0x00007f814300b000 Exception <a 'java/io/FileNotFoundException'> (0x00000007aad53878) thrown at [/Users/java_re/workspace/8-2-build-macosx-x86_64/jdk8u121/8372/hotspot/src/share/vm/prims/jni.cpp, line 709]
Event: 1.166 Thread 0x00007f814300b000 Exception <a 'java/io/FileNotFoundException'> (0x00000007aae8c1c8) thrown at [/Users/java_re/workspace/8-2-build-macosx-x86_64/jdk8u121/8372/hotspot/src/share/vm/prims/jni.cpp, line 709]
Event: 4.765 Thread 0x00007f814382c000 Exception <a 'java/lang/NullPointerException'> (0x00000007aab84e78) thrown at [/Users/java_re/workspace/8-2-build-macosx-x86_64/jdk8u121/8372/hotspot/src/share/vm/interpreter/linkResolver.cpp, line 1178]
Event: 4.870 Thread 0x00007f8144230800 Exception <a 'java/lang/UnsatisfiedLinkError': com.jogamp.common.util.JarUtil.fixNativeLibAttribs(Ljava/lang/String;)Z> (0x00000007aaed6b78) thrown at [/Users/java_re/workspace/8-2-build-macosx-x86_64/jdk8u121/8372/hotspot/src/share/vm/prims/nativeLookup.
Event: 6.263 Thread 0x00007f8144382800 Exception <a 'java/io/FileNotFoundException'> (0x00000007ab10dc40) thrown at [/Users/java_re/workspace/8-2-build-macosx-x86_64/jdk8u121/8372/hotspot/src/share/vm/prims/jni.cpp, line 709]
Event: 6.263 Thread 0x00007f8144382800 Exception <a 'java/io/FileNotFoundException'> (0x00000007ab113e28) thrown at [/Users/java_re/workspace/8-2-build-macosx-x86_64/jdk8u121/8372/hotspot/src/share/vm/prims/jni.cpp, line 709]
Event: 6.264 Thread 0x00007f8144382800 Implicit null exception at 0x000000010e63adf6 to 0x000000010e63b1c5

Events (10 events):
Event: 30.350 Executing VM operation: RevokeBias done
Event: 30.351 Thread 0x00007f8144382800 Uncommon trap: trap_request=0xffffff65 fr.pc=0x000000010eb02d9c
Event: 30.351 Thread 0x00007f8144382800 DEOPT PACKING pc=0x000000010eb02d9c sp=0x0000700006e1f8b0
Event: 30.351 Thread 0x00007f8144382800 DEOPT UNPACKING pc=0x000000010e47f229 sp=0x0000700006e1f880 mode 2
Event: 30.351 loading class java/awt/LightweightDispatcher$2
Event: 30.351 loading class java/awt/LightweightDispatcher$2 done
Event: 30.351 loading class java/awt/event/AWTEventListenerProxy
Event: 30.351 loading class java/awt/event/AWTEventListenerProxy done
Event: 30.352 Executing VM operation: Deoptimize
Event: 30.352 Executing VM operation: Deoptimize done


Dynamic libraries:
0x0000000038e4c000 	/System/Library/Frameworks/Cocoa.framework/Versions/A/Cocoa
0x0000000038e4c000 	/System/Library/Frameworks/Security.framework/Versions/A/Security
0x0000000038e4c000 	/System/Library/Frameworks/ApplicationServices.framework/Versions/A/ApplicationServices
0x0000000038e4c000 	/usr/lib/libz.1.dylib
0x0000000038e4c000 	/usr/lib/libSystem.B.dylib
0x0000000038e4c000 	/usr/lib/libobjc.A.dylib
0x0000000038e4c000 	/System/Library/Frameworks/CoreFoundation.framework/Versions/A/CoreFoundation
0x0000000038e4c000 	/System/Library/Frameworks/Foundation.framework/Versions/C/Foundation
0x0000000038e4c000 	/System/Library/Frameworks/AppKit.framework/Versions/C/AppKit
0x0000000038e4c000 	/System/Library/Frameworks/CoreData.framework/Versions/A/CoreData
0x0000000038e4c000 	/System/Library/PrivateFrameworks/RemoteViewServices.framework/Versions/A/RemoteViewServices
0x0000000038e4c000 	/System/Library/PrivateFrameworks/UIFoundation.framework/Versions/A/UIFoundation
0x0000000038e4c000 	/System/Library/PrivateFrameworks/DFRFoundation.framework/Versions/A/DFRFoundation
0x0000000038e4c000 	/usr/lib/libenergytrace.dylib
0x0000000038e4c000 	/System/Library/PrivateFrameworks/SkyLight.framework/Versions/A/SkyLight
0x0000000038e4c000 	/System/Library/Frameworks/CoreGraphics.framework/Versions/A/CoreGraphics
0x0000000038e4c000 	/usr/lib/libScreenReader.dylib
0x0000000038e4c000 	/System/Library/Frameworks/Accelerate.framework/Versions/A/Accelerate
0x0000000038e4c000 	/System/Library/Frameworks/IOSurface.framework/Versions/A/IOSurface
0x0000000038e4c000 	/System/Library/Frameworks/AudioToolbox.framework/Versions/A/AudioToolbox
0x0000000038e4c000 	/System/Library/Frameworks/AudioUnit.framework/Versions/A/AudioUnit
0x0000000038e4c000 	/System/Library/PrivateFrameworks/DataDetectorsCore.framework/Versions/A/DataDetectorsCore
0x0000000038e4c000 	/System/Library/PrivateFrameworks/DesktopServicesPriv.framework/Versions/A/DesktopServicesPriv
0x0000000038e4c000 	/System/Library/Frameworks/Carbon.framework/Versions/A/Frameworks/HIToolbox.framework/Versions/A/HIToolbox
0x0000000038e4c000 	/usr/lib/libicucore.A.dylib
0x0000000038e4c000 	/System/Library/Frameworks/QuartzCore.framework/Versions/A/QuartzCore
0x0000000038e4c000 	/System/Library/Frameworks/Carbon.framework/Versions/A/Frameworks/SpeechRecognition.framework/Versions/A/SpeechRecognition
0x0000000038e4c000 	/usr/lib/libauto.dylib
0x0000000038e4c000 	/usr/lib/libxml2.2.dylib
0x0000000038e4c000 	/System/Library/PrivateFrameworks/CoreUI.framework/Versions/A/CoreUI
0x0000000038e4c000 	/System/Library/Frameworks/CoreAudio.framework/Versions/A/CoreAudio
0x0000000038e4c000 	/System/Library/Frameworks/DiskArbitration.framework/Versions/A/DiskArbitration
0x0000000038e4c000 	/usr/lib/liblangid.dylib
0x0000000038e4c000 	/System/Library/PrivateFrameworks/MultitouchSupport.framework/Versions/A/MultitouchSupport
0x0000000038e4c000 	/System/Library/Frameworks/IOKit.framework/Versions/A/IOKit
0x0000000038e4c000 	/usr/lib/libDiagnosticMessagesClient.dylib
0x0000000038e4c000 	/System/Library/Frameworks/CoreServices.framework/Versions/A/CoreServices
0x0000000038e4c000 	/System/Library/PrivateFrameworks/PerformanceAnalysis.framework/Versions/A/PerformanceAnalysis
0x0000000038e4c000 	/System/Library/PrivateFrameworks/GenerationalStorage.framework/Versions/A/GenerationalStorage
0x0000000038e4c000 	/System/Library/Frameworks/OpenGL.framework/Versions/A/OpenGL
0x0000000038e4c000 	/System/Library/Frameworks/CoreImage.framework/Versions/A/CoreImage
0x0000000038e4c000 	/System/Library/Frameworks/CoreText.framework/Versions/A/CoreText
0x0000000038e4c000 	/System/Library/Frameworks/ImageIO.framework/Versions/A/ImageIO
0x0000000038e4c000 	/System/Library/PrivateFrameworks/Backup.framework/Versions/A/Backup
0x0000000038e4c000 	/usr/lib/libarchive.2.dylib
0x0000000038e4c000 	/System/Library/Frameworks/CFNetwork.framework/Versions/A/CFNetwork
0x0000000038e4c000 	/System/Library/Frameworks/SystemConfiguration.framework/Versions/A/SystemConfiguration
0x0000000038e4c000 	/usr/lib/libCRFSuite.dylib
0x0000000038e4c000 	/usr/lib/libc++.1.dylib
0x0000000038e4c000 	/usr/lib/libc++abi.dylib
0x0000000038e4c000 	/usr/lib/system/libcache.dylib
0x0000000038e4c000 	/usr/lib/system/libcommonCrypto.dylib
0x0000000038e4c000 	/usr/lib/system/libcompiler_rt.dylib
0x0000000038e4c000 	/usr/lib/system/libcopyfile.dylib
0x0000000038e4c000 	/usr/lib/system/libcorecrypto.dylib
0x0000000038e4c000 	/usr/lib/system/libdispatch.dylib
0x0000000038e4c000 	/usr/lib/system/libdyld.dylib
0x0000000038e4c000 	/usr/lib/system/libkeymgr.dylib
0x0000000038e4c000 	/usr/lib/system/liblaunch.dylib
0x0000000038e4c000 	/usr/lib/system/libmacho.dylib
0x0000000038e4c000 	/usr/lib/system/libquarantine.dylib
0x0000000038e4c000 	/usr/lib/system/libremovefile.dylib
0x0000000038e4c000 	/usr/lib/system/libsystem_asl.dylib
0x0000000038e4c000 	/usr/lib/system/libsystem_blocks.dylib
0x0000000038e4c000 	/usr/lib/system/libsystem_c.dylib
0x0000000038e4c000 	/usr/lib/system/libsystem_configuration.dylib
0x0000000038e4c000 	/usr/lib/system/libsystem_coreservices.dylib
0x0000000038e4c000 	/usr/lib/system/libsystem_coretls.dylib
0x0000000038e4c000 	/usr/lib/system/libsystem_dnssd.dylib
0x0000000038e4c000 	/usr/lib/system/libsystem_info.dylib
0x0000000038e4c000 	/usr/lib/system/libsystem_kernel.dylib
0x0000000038e4c000 	/usr/lib/system/libsystem_m.dylib
0x0000000038e4c000 	/usr/lib/system/libsystem_malloc.dylib
0x0000000038e4c000 	/usr/lib/system/libsystem_network.dylib
0x0000000038e4c000 	/usr/lib/system/libsystem_networkextension.dylib
0x0000000038e4c000 	/usr/lib/system/libsystem_notify.dylib
0x0000000038e4c000 	/usr/lib/system/libsystem_platform.dylib
0x0000000038e4c000 	/usr/lib/system/libsystem_pthread.dylib
0x0000000038e4c000 	/usr/lib/system/libsystem_sandbox.dylib
0x0000000038e4c000 	/usr/lib/system/libsystem_secinit.dylib
0x0000000038e4c000 	/usr/lib/system/libsystem_symptoms.dylib
0x0000000038e4c000 	/usr/lib/system/libsystem_trace.dylib
0x0000000038e4c000 	/usr/lib/system/libunwind.dylib
0x0000000038e4c000 	/usr/lib/system/libxpc.dylib
0x0000000038e4c000 	/usr/lib/libbsm.0.dylib
0x0000000038e4c000 	/usr/lib/system/libkxld.dylib
0x0000000038e4c000 	/usr/lib/libcoretls.dylib
0x0000000038e4c000 	/usr/lib/libcoretls_cfhelpers.dylib
0x0000000038e4c000 	/usr/lib/libOpenScriptingUtil.dylib
0x0000000038e4c000 	/usr/lib/libpam.2.dylib
0x0000000038e4c000 	/usr/lib/libsqlite3.dylib
0x0000000038e4c000 	/usr/lib/libxar.1.dylib
0x0000000038e4c000 	/usr/lib/libbz2.1.0.dylib
0x0000000038e4c000 	/usr/lib/liblzma.5.dylib
0x0000000038e4c000 	/usr/lib/libnetwork.dylib
0x0000000038e4c000 	/usr/lib/libpcap.A.dylib
0x0000000038e4c000 	/System/Library/Frameworks/CoreServices.framework/Versions/A/Frameworks/FSEvents.framework/Versions/A/FSEvents
0x0000000038e4c000 	/System/Library/Frameworks/CoreServices.framework/Versions/A/Frameworks/CarbonCore.framework/Versions/A/CarbonCore
0x0000000038e4c000 	/System/Library/Frameworks/CoreServices.framework/Versions/A/Frameworks/Metadata.framework/Versions/A/Metadata
0x0000000038e4c000 	/System/Library/Frameworks/CoreServices.framework/Versions/A/Frameworks/OSServices.framework/Versions/A/OSServices
0x0000000038e4c000 	/System/Library/Frameworks/CoreServices.framework/Versions/A/Frameworks/SearchKit.framework/Versions/A/SearchKit
0x0000000038e4c000 	/System/Library/Frameworks/CoreServices.framework/Versions/A/Frameworks/AE.framework/Versions/A/AE
0x0000000038e4c000 	/System/Library/Frameworks/CoreServices.framework/Versions/A/Frameworks/LaunchServices.framework/Versions/A/LaunchServices
0x0000000038e4c000 	/System/Library/Frameworks/CoreServices.framework/Versions/A/Frameworks/DictionaryServices.framework/Versions/A/DictionaryServices
0x0000000038e4c000 	/System/Library/Frameworks/CoreServices.framework/Versions/A/Frameworks/SharedFileList.framework/Versions/A/SharedFileList
0x0000000038e4c000 	/System/Library/Frameworks/NetFS.framework/Versions/A/NetFS
0x0000000038e4c000 	/System/Library/PrivateFrameworks/NetAuth.framework/Versions/A/NetAuth
0x0000000038e4c000 	/System/Library/PrivateFrameworks/login.framework/Versions/A/Frameworks/loginsupport.framework/Versions/A/loginsupport
0x0000000038e4c000 	/System/Library/PrivateFrameworks/TCC.framework/Versions/A/TCC
0x0000000038e4c000 	/usr/lib/libmecabra.dylib
0x0000000038e4c000 	/System/Library/Frameworks/ApplicationServices.framework/Versions/A/Frameworks/ATS.framework/Versions/A/ATS
0x0000000038e4c000 	/System/Library/Frameworks/ApplicationServices.framework/Versions/A/Frameworks/ColorSync.framework/Versions/A/ColorSync
0x0000000038e4c000 	/System/Library/Frameworks/ApplicationServices.framework/Versions/A/Frameworks/HIServices.framework/Versions/A/HIServices
0x0000000038e4c000 	/System/Library/Frameworks/ApplicationServices.framework/Versions/A/Frameworks/LangAnalysis.framework/Versions/A/LangAnalysis
0x0000000038e4c000 	/System/Library/Frameworks/ApplicationServices.framework/Versions/A/Frameworks/PrintCore.framework/Versions/A/PrintCore
0x0000000038e4c000 	/System/Library/Frameworks/ApplicationServices.framework/Versions/A/Frameworks/QD.framework/Versions/A/QD
0x0000000038e4c000 	/System/Library/Frameworks/ApplicationServices.framework/Versions/A/Frameworks/SpeechSynthesis.framework/Versions/A/SpeechSynthesis
0x0000000038e4c000 	/System/Library/Frameworks/Accelerate.framework/Versions/A/Frameworks/vImage.framework/Versions/A/vImage
0x0000000038e4c000 	/System/Library/Frameworks/Accelerate.framework/Versions/A/Frameworks/vecLib.framework/Versions/A/vecLib
0x0000000038e4c000 	/System/Library/Frameworks/Accelerate.framework/Versions/A/Frameworks/vecLib.framework/Versions/A/libvDSP.dylib
0x0000000038e4c000 	/System/Library/Frameworks/Accelerate.framework/Versions/A/Frameworks/vecLib.framework/Versions/A/libBNNS.dylib
0x0000000038e4c000 	/System/Library/Frameworks/Accelerate.framework/Versions/A/Frameworks/vecLib.framework/Versions/A/libQuadrature.dylib
0x0000000038e4c000 	/System/Library/Frameworks/Accelerate.framework/Versions/A/Frameworks/vecLib.framework/Versions/A/libvMisc.dylib
0x0000000038e4c000 	/System/Library/Frameworks/Accelerate.framework/Versions/A/Frameworks/vecLib.framework/Versions/A/libLAPACK.dylib
0x0000000038e4c000 	/System/Library/Frameworks/Accelerate.framework/Versions/A/Frameworks/vecLib.framework/Versions/A/libBLAS.dylib
0x0000000038e4c000 	/System/Library/Frameworks/Accelerate.framework/Versions/A/Frameworks/vecLib.framework/Versions/A/libLinearAlgebra.dylib
0x0000000038e4c000 	/System/Library/Frameworks/Accelerate.framework/Versions/A/Frameworks/vecLib.framework/Versions/A/libSparseBLAS.dylib
0x0000000038e4c000 	/System/Library/Frameworks/ApplicationServices.framework/Versions/A/Frameworks/ATS.framework/Versions/A/Resources/libFontParser.dylib
0x0000000038e4c000 	/System/Library/Frameworks/ApplicationServices.framework/Versions/A/Frameworks/ATS.framework/Versions/A/Resources/libFontRegistry.dylib
0x0000000038e4c000 	/System/Library/Frameworks/ImageIO.framework/Versions/A/Resources/libJPEG.dylib
0x0000000038e4c000 	/System/Library/Frameworks/ImageIO.framework/Versions/A/Resources/libTIFF.dylib
0x0000000038e4c000 	/System/Library/Frameworks/ImageIO.framework/Versions/A/Resources/libPng.dylib
0x0000000038e4c000 	/System/Library/Frameworks/ImageIO.framework/Versions/A/Resources/libGIF.dylib
0x0000000038e4c000 	/System/Library/Frameworks/ImageIO.framework/Versions/A/Resources/libJP2.dylib
0x0000000038e4c000 	/System/Library/Frameworks/ImageIO.framework/Versions/A/Resources/libRadiance.dylib
0x0000000038e4c000 	/usr/lib/libcompression.dylib
0x0000000038e4c000 	/System/Library/PrivateFrameworks/AppleJPEG.framework/Versions/A/AppleJPEG
0x0000000038e4c000 	/usr/lib/libcups.2.dylib
0x0000000038e4c000 	/System/Library/Frameworks/Kerberos.framework/Versions/A/Kerberos
0x0000000038e4c000 	/System/Library/Frameworks/GSS.framework/Versions/A/GSS
0x0000000038e4c000 	/usr/lib/libresolv.9.dylib
0x0000000038e4c000 	/usr/lib/libiconv.2.dylib
0x0000000038e4c000 	/System/Library/PrivateFrameworks/Heimdal.framework/Versions/A/Heimdal
0x0000000038e4c000 	/usr/lib/libheimdal-asn1.dylib
0x0000000038e4c000 	/System/Library/Frameworks/OpenDirectory.framework/Versions/A/OpenDirectory
0x0000000038e4c000 	/System/Library/PrivateFrameworks/CommonAuth.framework/Versions/A/CommonAuth
0x0000000038e4c000 	/System/Library/Frameworks/OpenDirectory.framework/Versions/A/Frameworks/CFOpenDirectory.framework/Versions/A/CFOpenDirectory
0x0000000038e4c000 	/System/Library/Frameworks/SecurityFoundation.framework/Versions/A/SecurityFoundation
0x0000000038e4c000 	/System/Library/PrivateFrameworks/LanguageModeling.framework/Versions/A/LanguageModeling
0x0000000038e4c000 	/usr/lib/libmarisa.dylib
0x0000000038e4c000 	/usr/lib/libChineseTokenizer.dylib
0x0000000038e4c000 	/usr/lib/libcmph.dylib
0x0000000038e4c000 	/System/Library/PrivateFrameworks/CoreEmoji.framework/Versions/A/CoreEmoji
0x0000000038e4c000 	/System/Library/Frameworks/ServiceManagement.framework/Versions/A/ServiceManagement
0x0000000038e4c000 	/usr/lib/libxslt.1.dylib
0x0000000038e4c000 	/System/Library/Frameworks/Carbon.framework/Versions/A/Frameworks/Ink.framework/Versions/A/Ink
0x0000000038e4c000 	/System/Library/PrivateFrameworks/TextureIO.framework/Versions/A/TextureIO
0x0000000038e4c000 	/System/Library/Frameworks/Metal.framework/Versions/A/Metal
0x0000000038e4c000 	/usr/lib/libate.dylib
0x0000000038e4c000 	/System/Library/PrivateFrameworks/GPUCompiler.framework/libmetal_timestamp.dylib
0x0000000038e4c000 	/System/Library/Frameworks/OpenGL.framework/Versions/A/Libraries/libCoreFSCache.dylib
0x0000000038e4c000 	/System/Library/PrivateFrameworks/IOAccelerator.framework/Versions/A/IOAccelerator
0x0000000038e4c000 	/System/Library/Frameworks/CoreVideo.framework/Versions/A/CoreVideo
0x0000000038e4c000 	/usr/lib/libFosl_dynamic.dylib
0x0000000038e4c000 	/System/Library/PrivateFrameworks/MetalPerformanceShaders.framework/Versions/A/MetalPerformanceShaders
0x0000000038e4c000 	/System/Library/PrivateFrameworks/FaceCore.framework/Versions/A/FaceCore
0x0000000038e4c000 	/System/Library/Frameworks/OpenCL.framework/Versions/A/OpenCL
0x0000000038e4c000 	/System/Library/Frameworks/OpenGL.framework/Versions/A/Libraries/libGLU.dylib
0x0000000038e4c000 	/System/Library/Frameworks/OpenGL.framework/Versions/A/Libraries/libGFXShared.dylib
0x0000000038e4c000 	/System/Library/Frameworks/OpenGL.framework/Versions/A/Libraries/libGL.dylib
0x0000000038e4c000 	/System/Library/Frameworks/OpenGL.framework/Versions/A/Libraries/libGLImage.dylib
0x0000000038e4c000 	/System/Library/Frameworks/OpenGL.framework/Versions/A/Libraries/libCVMSPluginSupport.dylib
0x0000000038e4c000 	/System/Library/Frameworks/OpenGL.framework/Versions/A/Libraries/libCoreVMClient.dylib
0x0000000038e4c000 	/System/Library/PrivateFrameworks/CrashReporterSupport.framework/Versions/A/CrashReporterSupport
0x0000000038e4c000 	/System/Library/PrivateFrameworks/Sharing.framework/Versions/A/Sharing
0x0000000038e4c000 	/System/Library/PrivateFrameworks/IconServices.framework/Versions/A/IconServices
0x0000000038e4c000 	/System/Library/PrivateFrameworks/ProtocolBuffer.framework/Versions/A/ProtocolBuffer
0x0000000038e4c000 	/System/Library/PrivateFrameworks/Apple80211.framework/Versions/A/Apple80211
0x0000000038e4c000 	/System/Library/Frameworks/CoreWLAN.framework/Versions/A/CoreWLAN
0x0000000038e4c000 	/System/Library/PrivateFrameworks/CoreUtils.framework/Versions/A/CoreUtils
0x0000000038e4c000 	/System/Library/Frameworks/IOBluetooth.framework/Versions/A/IOBluetooth
0x0000000038e4c000 	/System/Library/PrivateFrameworks/CoreWiFi.framework/Versions/A/CoreWiFi
0x0000000038e4c000 	/System/Library/Frameworks/CoreBluetooth.framework/Versions/A/CoreBluetooth
0x0000000038e4c000 	/System/Library/Frameworks/CoreDisplay.framework/Versions/A/CoreDisplay
0x0000000038e4c000 	/System/Library/PrivateFrameworks/IOPresentment.framework/Versions/A/IOPresentment
0x0000000038e4c000 	/System/Library/PrivateFrameworks/DSExternalDisplay.framework/Versions/A/DSExternalDisplay
0x0000000038e4c000 	/System/Library/PrivateFrameworks/DebugSymbols.framework/Versions/A/DebugSymbols
0x0000000038e4c000 	/System/Library/PrivateFrameworks/CoreSymbolication.framework/Versions/A/CoreSymbolication
0x0000000038e4c000 	/System/Library/PrivateFrameworks/Symbolication.framework/Versions/A/Symbolication
0x0000000038e4c000 	/System/Library/PrivateFrameworks/AppleFSCompression.framework/Versions/A/AppleFSCompression
0x0000000038e4c000 	/System/Library/PrivateFrameworks/SpeechRecognitionCore.framework/Versions/A/SpeechRecognitionCore
0x0000000038e4c000 	/System/Library/PrivateFrameworks/ChunkingLibrary.framework/Versions/A/ChunkingLibrary
0x0000000107a04000 	/Library/Java/JavaVirtualMachines/jdk1.8.0_121.jdk/Contents/Home/jre/lib/server/libjvm.dylib
0x0000000038e4c000 	/usr/lib/libstdc++.6.dylib
0x00000001089a6000 	/Library/Java/JavaVirtualMachines/jdk1.8.0_121.jdk/Contents/Home/jre/lib/libverify.dylib
0x00000001089b4000 	/Library/Java/JavaVirtualMachines/jdk1.8.0_121.jdk/Contents/Home/jre/lib/libjava.dylib
0x00000001089f3000 	/Library/Java/JavaVirtualMachines/jdk1.8.0_121.jdk/Contents/Home/jre/lib/libzip.dylib
0x000000010d5fa000 	/System/Library/Frameworks/JavaVM.framework/Frameworks/JavaRuntimeSupport.framework/JavaRuntimeSupport
0x000000010d614000 	/System/Library/Frameworks/JavaVM.framework/Versions/A/Frameworks/JavaNativeFoundation.framework/Versions/A/JavaNativeFoundation
0x000000010d629000 	/System/Library/Frameworks/JavaVM.framework/Versions/A/JavaVM
0x0000000038e4c000 	/System/Library/Frameworks/Carbon.framework/Versions/A/Carbon
0x000000010d636000 	/System/Library/PrivateFrameworks/JavaLaunching.framework/Versions/A/JavaLaunching
0x0000000038e4c000 	/System/Library/Frameworks/Carbon.framework/Versions/A/Frameworks/CommonPanels.framework/Versions/A/CommonPanels
0x0000000038e4c000 	/System/Library/Frameworks/Carbon.framework/Versions/A/Frameworks/Help.framework/Versions/A/Help
0x0000000038e4c000 	/System/Library/Frameworks/Carbon.framework/Versions/A/Frameworks/ImageCapture.framework/Versions/A/ImageCapture
0x0000000038e4c000 	/System/Library/Frameworks/Carbon.framework/Versions/A/Frameworks/OpenScripting.framework/Versions/A/OpenScripting
0x0000000038e4c000 	/System/Library/Frameworks/Carbon.framework/Versions/A/Frameworks/Print.framework/Versions/A/Print
0x0000000038e4c000 	/System/Library/Frameworks/Carbon.framework/Versions/A/Frameworks/SecurityHI.framework/Versions/A/SecurityHI
0x000000010d68f000 	/Library/Java/JavaVirtualMachines/jdk1.8.0_121.jdk/Contents/Home/jre/lib/libawt.dylib
0x000000010d737000 	/Library/Java/JavaVirtualMachines/jdk1.8.0_121.jdk/Contents/Home/jre/lib/./libmlib_image.dylib
0x000000010d803000 	/Library/Java/JavaVirtualMachines/jdk1.8.0_121.jdk/Contents/Home/jre/lib/libawt_lwawt.dylib
0x000000010d8ba000 	/Library/Java/JavaVirtualMachines/jdk1.8.0_121.jdk/Contents/Home/jre/lib/./libosxapp.dylib
0x0000000038e4c000 	/System/Library/Frameworks/ExceptionHandling.framework/Versions/A/ExceptionHandling
0x0000000038e4c000 	/System/Library/PrivateFrameworks/CoreServicesInternal.framework/Versions/A/CoreServicesInternal
0x0000000038e4c000 	/System/Library/CoreServices/RawCamera.bundle/Contents/MacOS/RawCamera
0x0000000038e4c000 	/System/Library/Frameworks/Accelerate.framework/Versions/A/Frameworks/vImage.framework/Versions/A/Libraries/libCGInterfaces.dylib
0x0000000038e4c000 	/System/Library/Frameworks/ApplicationServices.framework/Versions/A/Frameworks/ATS.framework/Versions/A/Resources/libTrueTypeScaler.dylib
0x000000011fd72000 	/System/Library/Frameworks/OpenGL.framework/Resources/GLEngine.bundle/GLEngine
0x0000000038e4c000 	/System/Library/Frameworks/OpenGL.framework/Versions/A/Libraries/libGLProgrammability.dylib
0x000000011ff57000 	/System/Library/Extensions/AppleIntelHD5000GraphicsGLDriver.bundle/Contents/MacOS/AppleIntelHD5000GraphicsGLDriver
0x0000000038e4c000 	/System/Library/PrivateFrameworks/GPUSupport.framework/Versions/A/Libraries/libGPUSupportMercury.dylib
0x00000001206c5000 	/System/Library/Frameworks/OpenGL.framework/Resources//GLRendererFloat.bundle/GLRendererFloat
0x0000000038e4c000 	/System/Library/Frameworks/OpenCL.framework/Versions/A/Libraries/libcldcpuengine.dylib
0x0000000038e4c000 	/usr/lib/libcrypto.0.9.8.dylib
0x0000000038e4c000 	/System/Library/PrivateFrameworks/TrustEvaluationAgent.framework/Versions/A/TrustEvaluationAgent
0x00000001206f9000 	/System/Library/Extensions/AppleIntelHD5000GraphicsMTLDriver.bundle/Contents/MacOS/AppleIntelHD5000GraphicsMTLDriver
0x0000000038e4c000 	/System/Library/PrivateFrameworks/FamilyControls.framework/Versions/A/FamilyControls
0x0000000038e4c000 	/System/Library/PrivateFrameworks/CommerceKit.framework/Versions/A/Frameworks/CommerceCore.framework/Versions/A/CommerceCore
0x0000000038e4c000 	/System/Library/PrivateFrameworks/SystemAdministration.framework/Versions/A/SystemAdministration
0x0000000038e4c000 	/System/Library/PrivateFrameworks/AppContainer.framework/Versions/A/AppContainer
0x0000000038e4c000 	/System/Library/PrivateFrameworks/SecCodeWrapper.framework/Versions/A/SecCodeWrapper
0x0000000038e4c000 	/System/Library/Frameworks/DirectoryService.framework/Versions/A/DirectoryService
0x0000000038e4c000 	/System/Library/PrivateFrameworks/DiskImages.framework/Versions/A/DiskImages
0x0000000038e4c000 	/System/Library/PrivateFrameworks/LoginUIKit.framework/Versions/A/Frameworks/LoginUICore.framework/Versions/A/LoginUICore
0x0000000038e4c000 	/usr/lib/libCoreStorage.dylib
0x0000000038e4c000 	/usr/lib/libcsfde.dylib
0x0000000038e4c000 	/usr/lib/libodfde.dylib
0x0000000038e4c000 	/System/Library/Frameworks/DiscRecording.framework/Versions/A/DiscRecording
0x0000000038e4c000 	/usr/lib/libcurl.4.dylib
0x0000000038e4c000 	/System/Library/PrivateFrameworks/MediaKit.framework/Versions/A/MediaKit
0x0000000038e4c000 	/System/Library/PrivateFrameworks/ProtectedCloudStorage.framework/Versions/A/ProtectedCloudStorage
0x0000000038e4c000 	/System/Library/PrivateFrameworks/EFILogin.framework/Versions/A/EFILogin
0x0000000038e4c000 	/usr/lib/libutil.dylib
0x0000000038e4c000 	/System/Library/Frameworks/LDAP.framework/Versions/A/LDAP
0x0000000038e4c000 	/usr/lib/libsasl2.2.dylib
0x0000000038e4c000 	/System/Library/PrivateFrameworks/CoreDaemon.framework/Versions/B/CoreDaemon
0x0000000038e4c000 	/System/Library/PrivateFrameworks/AppleSRP.framework/Versions/A/AppleSRP
0x0000000038e4c000 	/System/Library/PrivateFrameworks/APFS.framework/Versions/A/APFS
0x00000001222ee000 	/Library/Java/JavaVirtualMachines/jdk1.8.0_121.jdk/Contents/Home/jre/lib/libfontmanager.dylib
0x0000000038e4c000 	/System/Library/PrivateFrameworks/ViewBridge.framework/Versions/A/ViewBridge
0x0000000038e4c000 	/System/Library/PrivateFrameworks/XPCService.framework/Versions/A/XPCService
0x0000000038e4c000 	/System/Library/PrivateFrameworks/AppSandbox.framework/Versions/A/AppSandbox
0x0000000038e4c000 	/usr/lib/libsandbox.1.dylib
0x0000000038e4c000 	/usr/lib/libMatch.1.dylib
0x00000001236e9000 	/Library/Java/JavaVirtualMachines/jdk1.8.0_121.jdk/Contents/Home/jre/lib/libosxui.dylib
0x0000000124254000 	/Library/Java/JavaVirtualMachines/jdk1.8.0_121.jdk/Contents/Home/jre/lib/libnet.dylib
0x00000001242cc000 	/Library/Java/JavaVirtualMachines/jdk1.8.0_121.jdk/Contents/Home/jre/lib/libnio.dylib
0x000000018cc42000 	/private/var/folders/z5/dkh_k18x6bn8z6w6jj1k7pqm0000gn/T/jogamp_0000/file_cache/jln2559403215168292964/jln1208090397928220301/libgluegen-rt.jnilib
0x00000001233fd000 	/private/var/folders/z5/dkh_k18x6bn8z6w6jj1k7pqm0000gn/T/jogamp_0000/file_cache/jln2559403215168292964/jln1208090397928220301/libnativewindow_awt.jnilib
0x000000018cc46000 	/Library/Java/JavaVirtualMachines/jdk1.8.0_121.jdk/Contents/Home/jre/lib/libjawt.dylib
0x000000018cc49000 	/private/var/folders/z5/dkh_k18x6bn8z6w6jj1k7pqm0000gn/T/jogamp_0000/file_cache/jln2559403215168292964/jln1208090397928220301/libnativewindow_macosx.jnilib
0x000000018e009000 	/private/var/folders/z5/dkh_k18x6bn8z6w6jj1k7pqm0000gn/T/jogamp_0000/file_cache/jln2559403215168292964/jln1208090397928220301/libjogl_desktop.jnilib
0x0000000192da5000 	/Library/Java/JavaVirtualMachines/jdk1.8.0_121.jdk/Contents/Home/jre/lib/libjpeg.dylib

VM Arguments:
jvm_args: -Djava.security.policy=java.policy.applet -Dfile.encoding=MacRoman 
java_command: sun.applet.AppletViewer module1.HelloWorld1523339908155.html
java_class_path (initial): /Users/Mac/Documents/workspace/UCSDUnfoldingMaps/build:/Users/Mac/Documents/workspace/UCSDUnfoldingMaps/lib/core.jar:/Users/Mac/Documents/workspace/UCSDUnfoldingMaps/lib/gluegen-rt.jar:/Users/Mac/Documents/workspace/UCSDUnfoldingMaps/lib/jogl-all.jar:/Users/Mac/Documents/workspace/UCSDUnfoldingMaps/lib/log4j-1.2.15.jar:/Users/Mac/Documents/workspace/UCSDUnfoldingMaps/lib/sqlite-jdbc-3.7.2.jar:/Users/Mac/Documents/workspace/UCSDUnfoldingMaps/lib/json4processing.jar:/Users/Mac/Documents/workspace/UCSDUnfoldingMaps/lib/libTUIO.jar:/Users/Mac/Documents/workspace/UCSDUnfoldingMaps/lib/unfolding.0.9.7-uscd.jar
Launcher Type: SUN_STANDARD

Environment Variables:
PATH=/Library/Frameworks/Python.framework/Versions/3.6/bin:/usr/local/bin:/usr/bin:/bin:/usr/sbin:/sbin:/opt/X11/bin:/Library/Frameworks/Mono.framework/Versions/Current/Commands:/Library/TeX/texbin
SHELL=/bin/bash
DISPLAY=/private/tmp/com.apple.launchd.VT7wljJgRj/org.macosforge.xquartz:0

Signal Handlers:
SIGSEGV: [libjvm.dylib+0x5b1141], sa_mask[0]=11111111011111110111111111111111, sa_flags=SA_ONSTACK|SA_RESTART|SA_SIGINFO
SIGBUS: [libjvm.dylib+0x5b1141], sa_mask[0]=11111111011111110111111111111111, sa_flags=SA_RESTART|SA_SIGINFO
SIGFPE: [libjvm.dylib+0x487bc4], sa_mask[0]=11111111011111110111111111111111, sa_flags=SA_RESTART|SA_SIGINFO
SIGPIPE: [libjvm.dylib+0x487bc4], sa_mask[0]=11111111011111110111111111111111, sa_flags=SA_RESTART|SA_SIGINFO
SIGXFSZ: [libjvm.dylib+0x487bc4], sa_mask[0]=11111111011111110111111111111111, sa_flags=SA_RESTART|SA_SIGINFO
SIGILL: [libjvm.dylib+0x487bc4], sa_mask[0]=11111111011111110111111111111111, sa_flags=SA_RESTART|SA_SIGINFO
SIGUSR1: SIG_DFL, sa_mask[0]=11011111011111100000000111000110, sa_flags=none
SIGUSR2: [libjvm.dylib+0x4876e2], sa_mask[0]=00100000000000000000000000000000, sa_flags=SA_RESTART|SA_SIGINFO
SIGHUP: [libjvm.dylib+0x485cb9], sa_mask[0]=11111111011111110111111111111111, sa_flags=SA_RESTART|SA_SIGINFO
SIGINT: [libjvm.dylib+0x485cb9], sa_mask[0]=11111111011111110111111111111111, sa_flags=SA_RESTART|SA_SIGINFO
SIGTERM: [libjvm.dylib+0x485cb9], sa_mask[0]=11111111011111110111111111111111, sa_flags=SA_RESTART|SA_SIGINFO
SIGQUIT: [libjvm.dylib+0x485cb9], sa_mask[0]=11111111011111110111111111111111, sa_flags=SA_RESTART|SA_SIGINFO


---------------  S Y S T E M  ---------------

OS:Bsduname:Darwin 16.7.0 Darwin Kernel Version 16.7.0: Thu Jan 11 22:59:40 PST 2018; root:xnu-3789.73.8~1/RELEASE_X86_64 x86_64
rlimit: STACK 8192k, CORE 0k, NPROC 709, NOFILE 10240, AS infinity
load average:9.45 3.46 2.54

CPU:total 4 (2 cores per cpu, 2 threads per core) family 6 model 69 stepping 1, cmov, cx8, fxsr, mmx, sse, sse2, sse3, ssse3, sse4.1, sse4.2, popcnt, avx, avx2, aes, clmul, erms, lzcnt, ht, tsc, tscinvbit, bmi1, bmi2

Memory: 4k page, physical 4194304k(18296k free)

/proc/meminfo:


vm_info: Java HotSpot(TM) 64-Bit Server VM (25.121-b13) for bsd-amd64 JRE (1.8.0_121-b13), built on Dec 12 2016 20:39:32 by "java_re" with gcc 4.2.1 (Based on Apple Inc. build 5658) (LLVM build 2336.11.00)

time: Mon Apr  9 22:58:58 2018
elapsed time: 30 seconds (0d 0h 0m 30s)

