#
# A fatal error has been detected by the Java Runtime Environment:
#
#  SIGSEGV (0xb) at pc=0x00007fffd65ee05d, pid=11342, tid=0x0000000000000307
#
# JRE version: Java(TM) SE Runtime Environment (8.0_121-b13) (build 1.8.0_121-b13)
# Java VM: Java HotSpot(TM) 64-Bit Server VM (25.121-b13 mixed mode bsd-amd64 compressed oops)
# Problematic frame:
# C  [libobjc.A.dylib+0x705d]  objc_msgSend+0x1d
#
# Failed to write core dump. Core dumps have been disabled. To enable core dumping, try "ulimit -c unlimited" before starting Java again
#
# If you would like to submit a bug report, please visit:
#   http://bugreport.java.com/bugreport/crash.jsp
# The crash happened outside the Java Virtual Machine in native code.
# See problematic frame for where to report the bug.
#

---------------  T H R E A D  ---------------

Current thread (0x00007fec12098800):  JavaThread "AWT-AppKit" daemon [_thread_in_native, id=775, stack(0x00007fff560e2000,0x00007fff568e2000)]

siginfo: si_signo: 11 (SIGSEGV), si_code: 1 (SEGV_MAPERR), si_addr: 0x0000000000000018

Registers:
RAX=0x00007fec11fc9a10, RBX=0x000000018e1c3450, RCX=0x00007fec14200490, RDX=0x0000000000000000
RSP=0x00007fff568dd238, RBP=0x00007fff568dd2f0, RSI=0x00007fffbfe75116, RDI=0x00007fec11c34f50
R8 =0x0000000000000018, R9 =0x00007fec14200220, R10=0x0000000000000000, R11=0x00007fffbfe75116
R12=0x0000000000000000, R13=0x000000018feac088, R14=0x000000018e1c3440, R15=0x00007fec12098800
RIP=0x00007fffd65ee05d, EFLAGS=0x0000000000010246, ERR=0x0000000000000004
  TRAPNO=0x000000000000000e

Top of Stack: (sp=0x00007fff568dd238)
0x00007fff568dd238:   000000018e1c1157 00007fff568dd290
0x00007fff568dd248:   0000000000000003 00007fff568dd270
0x00007fff568dd258:   0000000109df2c62 000000018feac088
0x00007fff568dd268:   000000018feac088 00007fec11fc9a10
0x00007fff568dd278:   000000018e1c36a0 000000018e1c3710
0x00007fff568dd288:   00007fffdc6546d0 00007fffdd2841e0
0x00007fff568dd298:   000000018e1c3450 000000018e1c3690
0x00007fff568dd2a8:   00007fec11fc9a10 00007fec11c34f50
0x00007fff568dd2b8:   00007fec11e32da0 00007fec11fc9a10
0x00007fff568dd2c8:   00007fec11c34f50 00007fff568dd378
0x00007fff568dd2d8:   00007fec120989f8 000000018feac088
0x00007fff568dd2e8:   00007fff568dd3a0 00007fff568dd368
0x00007fff568dd2f8:   0000000114bbd9f4 000000018feac088
0x00007fff568dd308:   00007fff568dd3a0 00007fff568dd368
0x00007fff568dd318:   0000000114bbd787 0000000114bbd742
0x00007fff568dd328:   00007fff568dd328 000000018feac088
0x00007fff568dd338:   00007fff568dd3a0 000000018feaecc0
0x00007fff568dd348:   0000000000000000 000000018feac088
0x00007fff568dd358:   0000000000000000 00007fff568dd388
0x00007fff568dd368:   00007fff568dd3e8 0000000114bae2bd
0x00007fff568dd378:   0000000780e5d390 0000000114bb7538
0x00007fff568dd388:   00007fec11fc9a10 00007fff568dd3e8
0x00007fff568dd398:   00007fec11c34f50 0000000114bb8e02
0x00007fff568dd3a8:   00007fff568dd3a8 000000018feac252
0x00007fff568dd3b8:   00007fff568dd410 000000018feaecc0
0x00007fff568dd3c8:   0000000000000000 000000018feac260
0x00007fff568dd3d8:   00007fff568dd388 00007fff568dd3f8
0x00007fff568dd3e8:   00007fff568dd458 0000000114bae2bd
0x00007fff568dd3f8:   00007fec11fc9a10 0000000780e4dc08
0x00007fff568dd408:   00007fec11c34f50 0000000780e4dc08
0x00007fff568dd418:   00007fff568dd418 0000000194d6cb66
0x00007fff568dd428:   00007fff568dd468 0000000194d6cc20 

Instructions: (pc=0x00007fffd65ee05d)
0x00007fffd65ee03d:   0f 1f 00 48 85 ff 2e 74 62 40 f6 c7 01 2e 75 66
0x00007fffd65ee04d:   49 ba f8 ff ff ff ff 7f 00 00 4c 23 17 49 89 f3
0x00007fffd65ee05d:   45 23 5a 18 49 c1 e3 04 4d 03 5a 10 49 3b 33 75
0x00007fffd65ee06d:   04 41 ff 63 08 49 83 3b 01 76 0d 49 83 c3 10 49 

Register to memory mapping:

RAX=0x00007fec11fc9a10 is an unknown value
RBX=0x000000018e1c3450: Java_jogamp_nativewindow_macosx_OSXUtil_GetScreenRefreshRate0+0x1cf0 in /private/var/folders/z5/dkh_k18x6bn8z6w6jj1k7pqm0000gn/T/jogamp_0000/file_cache/jln2839542221414507407/jln2495213835249908708/libnativewindow_macosx.jnilib at 0x000000018e1bc000
RCX=0x00007fec14200490 is an unknown value
RDX=0x0000000000000000 is an unknown value
RSP=0x00007fff568dd238 is pointing into the stack for thread: 0x00007fec12098800
RBP=0x00007fff568dd2f0 is pointing into the stack for thread: 0x00007fec12098800
RSI=0x00007fffbfe75116: __NSStyleNameIndexTable+0x7fd5e in /System/Library/Frameworks/AppKit.framework/Versions/C/AppKit at 0x00007fffbf208000
RDI=0x00007fec11c34f50 is an unknown value
R8 =0x0000000000000018 is an unknown value
R9 =0x00007fec14200220 is an unknown value
R10=0x0000000000000000 is an unknown value
R11=0x00007fffbfe75116: __NSStyleNameIndexTable+0x7fd5e in /System/Library/Frameworks/AppKit.framework/Versions/C/AppKit at 0x00007fffbf208000
R12=0x0000000000000000 is an unknown value
R13={method} {0x000000018feac088} 'UnsetJAWTRootSurfaceLayer0' '(JJ)V' in 'jogamp/nativewindow/jawt/macosx/MacOSXJAWTWindow'
R14=0x000000018e1c3440: Java_jogamp_nativewindow_macosx_OSXUtil_GetScreenRefreshRate0+0x1ce0 in /private/var/folders/z5/dkh_k18x6bn8z6w6jj1k7pqm0000gn/T/jogamp_0000/file_cache/jln2839542221414507407/jln2495213835249908708/libnativewindow_macosx.jnilib at 0x000000018e1bc000
R15=0x00007fec12098800 is a thread


Stack: [0x00007fff560e2000,0x00007fff568e2000],  sp=0x00007fff568dd238,  free space=8172k
Native frames: (J=compiled Java code, j=interpreted, Vv=VM code, C=native code)
C  [libobjc.A.dylib+0x705d]  objc_msgSend+0x1d
j  jogamp.nativewindow.jawt.macosx.MacOSXJAWTWindow.UnsetJAWTRootSurfaceLayer0(JJ)V+0
j  jogamp.nativewindow.jawt.macosx.MacOSXJAWTWindow.access$200(JJ)V+2
j  jogamp.nativewindow.jawt.macosx.MacOSXJAWTWindow$1.run()V+38
j  com.jogamp.common.util.RunnableTask.run()V+24
v  ~StubRoutines::call_stub
V  [libjvm.dylib+0x2ed9d6]  JavaCalls::call_helper(JavaValue*, methodHandle*, JavaCallArguments*, Thread*)+0x6ae
V  [libjvm.dylib+0x324b65]  jni_invoke_nonstatic(JNIEnv_*, JavaValue*, _jobject*, JNICallType, _jmethodID*, JNI_ArgumentPusher*, Thread*)+0x2ec
V  [libjvm.dylib+0x317333]  jni_CallVoidMethod+0x16b
C  [libnativewindow_macosx.jnilib+0x5326]  Java_jogamp_nativewindow_jawt_macosx_MacOSXJAWTWindow_UnsetJAWTRootSurfaceLayer0+0x2b6
C  [Foundation+0x7152a]  __NSThreadPerformPerform+0x146
C  [CoreFoundation+0xa7321]  __CFRUNLOOP_IS_CALLING_OUT_TO_A_SOURCE0_PERFORM_FUNCTION__+0x11
C  [CoreFoundation+0x88197]  __CFRunLoopDoSources0+0x1a7
C  [CoreFoundation+0x87716]  __CFRunLoopRun+0x3a6
C  [CoreFoundation+0x87114]  CFRunLoopRunSpecific+0x1a4
C  [HIToolbox+0x30ebc]  RunCurrentEventLoopInMode+0xf0
C  [HIToolbox+0x30bf9]  ReceiveNextEventCommon+0xb8
C  [HIToolbox+0x30b26]  _BlockUntilNextEventMatchingListInModeWithFilter+0x47
C  [AppKit+0x46a54]  _DPSNextEvent+0x460
C  [AppKit+0x7c27ee]  -[NSApplication(NSEvent) _nextEventMatchingEventMask:untilDate:inMode:dequeue:]+0xaec
C  [libosxapp.dylib+0x23aa]  -[NSApplicationAWT nextEventMatchingMask:untilDate:inMode:dequeue:]+0x7c
C  [AppKit+0x3b3db]  -[NSApplication run]+0x39e
C  [libosxapp.dylib+0x214d]  +[NSApplicationAWT runAWTLoopWithApp:]+0x9c
C  [libawt_lwawt.dylib+0x45ff7]  -[AWTStarter starter:]+0x389
C  [Foundation+0x7152a]  __NSThreadPerformPerform+0x146
C  [CoreFoundation+0xa7321]  __CFRUNLOOP_IS_CALLING_OUT_TO_A_SOURCE0_PERFORM_FUNCTION__+0x11
C  [CoreFoundation+0x8821d]  __CFRunLoopDoSources0+0x22d
C  [CoreFoundation+0x87716]  __CFRunLoopRun+0x3a6
C  [CoreFoundation+0x87114]  CFRunLoopRunSpecific+0x1a4
C  [java+0x6465]  CreateExecutionEnvironment+0x367
C  [java+0x218c]  JLI_Launch+0x7a0
C  [java+0x84c2]  main+0x65
C  [java+0x19e4]  start+0x34
C  0x0000000000000007

Java frames: (J=compiled Java code, j=interpreted, Vv=VM code)
j  jogamp.nativewindow.jawt.macosx.MacOSXJAWTWindow.UnsetJAWTRootSurfaceLayer0(JJ)V+0
j  jogamp.nativewindow.jawt.macosx.MacOSXJAWTWindow.access$200(JJ)V+2
j  jogamp.nativewindow.jawt.macosx.MacOSXJAWTWindow$1.run()V+38
j  com.jogamp.common.util.RunnableTask.run()V+24
v  ~StubRoutines::call_stub

---------------  P R O C E S S  ---------------

Java Threads: ( => current thread )
  0x00007fec131fe000 JavaThread "Thread-79" [_thread_blocked, id=26099, stack(0x000070000acdf000,0x000070000addf000)]
  0x00007fec1328d000 JavaThread "AWT-EventQueue-1" [_thread_in_native, id=68655, stack(0x000070000ab59000,0x000070000ac59000)]
  0x00007fec129ad800 JavaThread "DestroyJavaVM" [_thread_blocked, id=6915, stack(0x000070000948e000,0x000070000958e000)]
  0x00007fec121f9800 JavaThread "AWT-EventQueue-0" [_thread_blocked, id=60183, stack(0x000070000a953000,0x000070000aa53000)]
  0x00007fec131b5000 JavaThread "Java2D Disposer" daemon [_thread_blocked, id=56847, stack(0x000070000a6ca000,0x000070000a7ca000)]
  0x00007fec1217f000 JavaThread "Java2D Queue Flusher" daemon [_thread_blocked, id=54791, stack(0x000070000a5c7000,0x000070000a6c7000)]
  0x00007fec13989000 JavaThread "AWT-Shutdown" [_thread_blocked, id=29471, stack(0x000070000a3be000,0x000070000a4be000)]
=>0x00007fec12098800 JavaThread "AWT-AppKit" daemon [_thread_in_native, id=775, stack(0x00007fff560e2000,0x00007fff568e2000)]
  0x00007fec13801000 JavaThread "Service Thread" daemon [_thread_blocked, id=18691, stack(0x000070000a135000,0x000070000a235000)]
  0x00007fec1306f800 JavaThread "C1 CompilerThread2" daemon [_thread_blocked, id=18179, stack(0x000070000a032000,0x000070000a132000)]
  0x00007fec13039800 JavaThread "C2 CompilerThread1" daemon [_thread_blocked, id=17667, stack(0x0000700009f2f000,0x000070000a02f000)]
  0x00007fec12038800 JavaThread "C2 CompilerThread0" daemon [_thread_blocked, id=17155, stack(0x0000700009e2c000,0x0000700009f2c000)]
  0x00007fec13068800 JavaThread "Signal Dispatcher" daemon [_thread_blocked, id=16643, stack(0x0000700009d29000,0x0000700009e29000)]
  0x00007fec1305a800 JavaThread "Finalizer" daemon [_thread_blocked, id=12291, stack(0x0000700009ba3000,0x0000700009ca3000)]
  0x00007fec12016000 JavaThread "Reference Handler" daemon [_thread_blocked, id=11779, stack(0x0000700009aa0000,0x0000700009ba0000)]

Other Threads:
  0x00007fec13052000 VMThread [stack: 0x000070000999d000,0x0000700009a9d000] [id=11267]
  0x00007fec1305f000 WatcherThread [stack: 0x000070000a238000,0x000070000a338000] [id=19203]

VM state:not at safepoint (normal execution)

VM Mutex/Monitor currently owned by a thread: None

Heap:
 PSYoungGen      total 23552K, used 21929K [0x00000007aab00000, 0x00000007ac480000, 0x00000007c0000000)
  eden space 22016K, 99% used [0x00000007aab00000,0x00000007ac0524b8,0x00000007ac080000)
  from space 1536K, 6% used [0x00000007ac300000,0x00000007ac318000,0x00000007ac480000)
  to   space 2048K, 0% used [0x00000007ac080000,0x00000007ac080000,0x00000007ac280000)
 ParOldGen       total 46592K, used 32141K [0x0000000780000000, 0x0000000782d80000, 0x00000007aab00000)
  object space 46592K, 68% used [0x0000000780000000,0x0000000781f63628,0x0000000782d80000)
 Metaspace       used 21657K, capacity 21947K, committed 22192K, reserved 1069056K
  class space    used 2116K, capacity 2204K, committed 2304K, reserved 1048576K

Card table byte_map: [0x000000010af62000,0x000000010b163000] byte_map_base: 0x0000000107362000

Marking Bits: (ParMarkBitMap*) 0x000000010a4f0d30
 Begin Bits: [0x000000010b2b9000, 0x000000010c2b9000)
 End Bits:   [0x000000010c2b9000, 0x000000010d2b9000)

Polling page: 0x00000001093de000

CodeCache: size=245760Kb used=9679Kb max_used=9697Kb free=236080Kb
 bounds [0x0000000114ba6000, 0x0000000115576000, 0x0000000123ba6000]
 total_blobs=3559 nmethods=2661 adapters=811
 compilation: enabled

Compilation events (10 events):
Event: 382.808 Thread 0x00007fec1306f800 3424   !   3       sun.lwawt.LWComponentPeer::sendEventToDelegate (87 bytes)
Event: 382.811 Thread 0x00007fec1306f800 nmethod 3424 0x000000011534ec90 code [0x000000011534eec0, 0x0000000115350048]
Event: 383.583 Thread 0x00007fec13039800 3425  s!   4       sun.misc.URLClassPath::getLoader (243 bytes)
Event: 383.596 Thread 0x00007fec13039800 nmethod 3425 0x0000000115286410 code [0x0000000115286580, 0x0000000115286d58]
Event: 383.598 Thread 0x00007fec12038800 3426  s    4       sun.misc.URLClassPath::getNextLoader (88 bytes)
Event: 383.605 Thread 0x00007fec12038800 nmethod 3426 0x0000000114f1ef50 code [0x0000000114f1f0c0, 0x0000000114f1f838]
Event: 383.617 Thread 0x00007fec1306f800 3427       1       java.awt.Component::getTreeLock (4 bytes)
Event: 383.617 Thread 0x00007fec1306f800 nmethod 3427 0x00000001152d1850 code [0x00000001152d19a0, 0x00000001152d1ab0]
Event: 383.617 Thread 0x00007fec1306f800 3428       1       sun.java2d.SurfaceData::isValid (5 bytes)
Event: 383.618 Thread 0x00007fec1306f800 nmethod 3428 0x0000000115069710 code [0x0000000115069860, 0x0000000115069970]

GC Heap History (10 events):
Event: 366.770 GC heap before
{Heap before GC invocations=61 (full 1):
 PSYoungGen      total 25088K, used 24672K [0x00000007aab00000, 0x00000007ac800000, 0x00000007c0000000)
  eden space 24576K, 100% used [0x00000007aab00000,0x00000007ac300000,0x00000007ac300000)
  from space 512K, 18% used [0x00000007ac380000,0x00000007ac398000,0x00000007ac400000)
  to   space 2560K, 0% used [0x00000007ac580000,0x00000007ac580000,0x00000007ac800000)
 ParOldGen       total 46592K, used 32141K [0x0000000780000000, 0x0000000782d80000, 0x00000007aab00000)
  object space 46592K, 68% used [0x0000000780000000,0x0000000781f63628,0x0000000782d80000)
 Metaspace       used 21611K, capacity 21883K, committed 22192K, reserved 1069056K
  class space    used 2108K, capacity 2204K, committed 2304K, reserved 1048576K
Event: 366.771 GC heap after
Heap after GC invocations=61 (full 1):
 PSYoungGen      total 26112K, used 96K [0x00000007aab00000, 0x00000007ac780000, 0x00000007c0000000)
  eden space 24064K, 0% used [0x00000007aab00000,0x00000007aab00000,0x00000007ac280000)
  from space 2048K, 4% used [0x00000007ac580000,0x00000007ac598000,0x00000007ac780000)
  to   space 2560K, 0% used [0x00000007ac280000,0x00000007ac280000,0x00000007ac500000)
 ParOldGen       total 46592K, used 32141K [0x0000000780000000, 0x0000000782d80000, 0x00000007aab00000)
  object space 46592K, 68% used [0x0000000780000000,0x0000000781f63628,0x0000000782d80000)
 Metaspace       used 21611K, capacity 21883K, committed 22192K, reserved 1069056K
  class space    used 2108K, capacity 2204K, committed 2304K, reserved 1048576K
}
Event: 370.286 GC heap before
{Heap before GC invocations=62 (full 1):
 PSYoungGen      total 26112K, used 24160K [0x00000007aab00000, 0x00000007ac780000, 0x00000007c0000000)
  eden space 24064K, 100% used [0x00000007aab00000,0x00000007ac280000,0x00000007ac280000)
  from space 2048K, 4% used [0x00000007ac580000,0x00000007ac598000,0x00000007ac780000)
  to   space 2560K, 0% used [0x00000007ac280000,0x00000007ac280000,0x00000007ac500000)
 ParOldGen       total 46592K, used 32141K [0x0000000780000000, 0x0000000782d80000, 0x00000007aab00000)
  object space 46592K, 68% used [0x0000000780000000,0x0000000781f63628,0x0000000782d80000)
 Metaspace       used 21611K, capacity 21883K, committed 22192K, reserved 1069056K
  class space    used 2108K, capacity 2204K, committed 2304K, reserved 1048576K
Event: 370.288 GC heap after
Heap after GC invocations=62 (full 1):
 PSYoungGen      total 24064K, used 64K [0x00000007aab00000, 0x00000007ac700000, 0x00000007c0000000)
  eden space 23552K, 0% used [0x00000007aab00000,0x00000007aab00000,0x00000007ac200000)
  from space 512K, 12% used [0x00000007ac280000,0x00000007ac290000,0x00000007ac300000)
  to   space 2560K, 0% used [0x00000007ac480000,0x00000007ac480000,0x00000007ac700000)
 ParOldGen       total 46592K, used 32141K [0x0000000780000000, 0x0000000782d80000, 0x00000007aab00000)
  object space 46592K, 68% used [0x0000000780000000,0x0000000781f63628,0x0000000782d80000)
 Metaspace       used 21611K, capacity 21883K, committed 22192K, reserved 1069056K
  class space    used 2108K, capacity 2204K, committed 2304K, reserved 1048576K
}
Event: 373.719 GC heap before
{Heap before GC invocations=63 (full 1):
 PSYoungGen      total 24064K, used 23616K [0x00000007aab00000, 0x00000007ac700000, 0x00000007c0000000)
  eden space 23552K, 100% used [0x00000007aab00000,0x00000007ac200000,0x00000007ac200000)
  from space 512K, 12% used [0x00000007ac280000,0x00000007ac290000,0x00000007ac300000)
  to   space 2560K, 0% used [0x00000007ac480000,0x00000007ac480000,0x00000007ac700000)
 ParOldGen       total 46592K, used 32141K [0x0000000780000000, 0x0000000782d80000, 0x00000007aab00000)
  object space 46592K, 68% used [0x0000000780000000,0x0000000781f63628,0x0000000782d80000)
 Metaspace       used 21611K, capacity 21883K, committed 22192K, reserved 1069056K
  class space    used 2108K, capacity 2204K, committed 2304K, reserved 1048576K
Event: 373.721 GC heap after
Heap after GC invocations=63 (full 1):
 PSYoungGen      total 24064K, used 96K [0x00000007aab00000, 0x00000007ac580000, 0x00000007c0000000)
  eden space 23040K, 0% used [0x00000007aab00000,0x00000007aab00000,0x00000007ac180000)
  from space 1024K, 9% used [0x00000007ac480000,0x00000007ac498000,0x00000007ac580000)
  to   space 2048K, 0% used [0x00000007ac180000,0x00000007ac180000,0x00000007ac380000)
 ParOldGen       total 46592K, used 32141K [0x0000000780000000, 0x0000000782d80000, 0x00000007aab00000)
  object space 46592K, 68% used [0x0000000780000000,0x0000000781f63628,0x0000000782d80000)
 Metaspace       used 21611K, capacity 21883K, committed 22192K, reserved 1069056K
  class space    used 2108K, capacity 2204K, committed 2304K, reserved 1048576K
}
Event: 377.072 GC heap before
{Heap before GC invocations=64 (full 1):
 PSYoungGen      total 24064K, used 23136K [0x00000007aab00000, 0x00000007ac580000, 0x00000007c0000000)
  eden space 23040K, 100% used [0x00000007aab00000,0x00000007ac180000,0x00000007ac180000)
  from space 1024K, 9% used [0x00000007ac480000,0x00000007ac498000,0x00000007ac580000)
  to   space 2048K, 0% used [0x00000007ac180000,0x00000007ac180000,0x00000007ac380000)
 ParOldGen       total 46592K, used 32141K [0x0000000780000000, 0x0000000782d80000, 0x00000007aab00000)
  object space 46592K, 68% used [0x0000000780000000,0x0000000781f63628,0x0000000782d80000)
 Metaspace       used 21611K, capacity 21883K, committed 22192K, reserved 1069056K
  class space    used 2108K, capacity 2204K, committed 2304K, reserved 1048576K
Event: 377.073 GC heap after
Heap after GC invocations=64 (full 1):
 PSYoungGen      total 23040K, used 96K [0x00000007aab00000, 0x00000007ac500000, 0x00000007c0000000)
  eden space 22528K, 0% used [0x00000007aab00000,0x00000007aab00000,0x00000007ac100000)
  from space 512K, 18% used [0x00000007ac180000,0x00000007ac198000,0x00000007ac200000)
  to   space 2048K, 0% used [0x00000007ac300000,0x00000007ac300000,0x00000007ac500000)
 ParOldGen       total 46592K, used 32141K [0x0000000780000000, 0x0000000782d80000, 0x00000007aab00000)
  object space 46592K, 68% used [0x0000000780000000,0x0000000781f63628,0x0000000782d80000)
 Metaspace       used 21611K, capacity 21883K, committed 22192K, reserved 1069056K
  class space    used 2108K, capacity 2204K, committed 2304K, reserved 1048576K
}
Event: 380.355 GC heap before
{Heap before GC invocations=65 (full 1):
 PSYoungGen      total 23040K, used 22624K [0x00000007aab00000, 0x00000007ac500000, 0x00000007c0000000)
  eden space 22528K, 100% used [0x00000007aab00000,0x00000007ac100000,0x00000007ac100000)
  from space 512K, 18% used [0x00000007ac180000,0x00000007ac198000,0x00000007ac200000)
  to   space 2048K, 0% used [0x00000007ac300000,0x00000007ac300000,0x00000007ac500000)
 ParOldGen       total 46592K, used 32141K [0x0000000780000000, 0x0000000782d80000, 0x00000007aab00000)
  object space 46592K, 68% used [0x0000000780000000,0x0000000781f63628,0x0000000782d80000)
 Metaspace       used 21611K, capacity 21883K, committed 22192K, reserved 1069056K
  class space    used 2108K, capacity 2204K, committed 2304K, reserved 1048576K
Event: 380.357 GC heap after
Heap after GC invocations=65 (full 1):
 PSYoungGen      total 23552K, used 96K [0x00000007aab00000, 0x00000007ac480000, 0x00000007c0000000)
  eden space 22016K, 0% used [0x00000007aab00000,0x00000007aab00000,0x00000007ac080000)
  from space 1536K, 6% used [0x00000007ac300000,0x00000007ac318000,0x00000007ac480000)
  to   space 2048K, 0% used [0x00000007ac080000,0x00000007ac080000,0x00000007ac280000)
 ParOldGen       total 46592K, used 32141K [0x0000000780000000, 0x0000000782d80000, 0x00000007aab00000)
  object space 46592K, 68% used [0x0000000780000000,0x0000000781f63628,0x0000000782d80000)
 Metaspace       used 21611K, capacity 21883K, committed 22192K, reserved 1069056K
  class space    used 2108K, capacity 2204K, committed 2304K, reserved 1048576K
}

Deoptimization events (10 events):
Event: 383.523 Thread 0x00007fec1328d000 Uncommon trap: reason=unstable_if action=reinterpret pc=0x00000001152f6810 method=java.awt.EventQueue.uncacheEQItem(Lsun/awt/EventQueueItem;)V @ 23
Event: 383.533 Thread 0x00007fec121f9800 Uncommon trap: reason=class_check action=maybe_recompile pc=0x00000001150d3f1c method=java.awt.Component.getGraphics()Ljava/awt/Graphics; @ 114
Event: 383.534 Thread 0x00007fec121f9800 Uncommon trap: reason=unstable_if action=reinterpret pc=0x00000001151abca0 method=sun.java2d.pipe.Region.intersectsQuickCheck(Lsun/java2d/pipe/Region;)Z @ 41
Event: 383.571 Thread 0x00007fec12920000 Uncommon trap: reason=unstable_if action=reinterpret pc=0x00000001151f794c method=java.util.HashMap.putVal(ILjava/lang/Object;Ljava/lang/Object;ZZ)Ljava/lang/Object; @ 81
Event: 383.574 Thread 0x00007fec121f9800 Uncommon trap: reason=class_check action=maybe_recompile pc=0x00000001150d3f1c method=java.awt.Component.getGraphics()Ljava/awt/Graphics; @ 114
Event: 383.598 Thread 0x00007fec12098800 Uncommon trap: reason=class_check action=maybe_recompile pc=0x00000001154cc600 method=com.jogamp.common.util.RunnableTask.run()V @ 24
Event: 383.599 Thread 0x00007fec12098800 Uncommon trap: reason=unstable_if action=reinterpret pc=0x00000001154c917c method=jogamp.nativewindow.macosx.OSXUtil.RunOnMainThread(ZZLjava/lang/Runnable;)V @ 3
Event: 383.609 Thread 0x00007fec1328d000 Uncommon trap: reason=unstable_if action=reinterpret pc=0x0000000115232698 method=jogamp.opengl.GLContextImpl.release(Z)V @ 161
Event: 383.617 Thread 0x00007fec121f9800 Uncommon trap: reason=class_check action=maybe_recompile pc=0x00000001150d3f1c method=java.awt.Component.getGraphics()Ljava/awt/Graphics; @ 114
Event: 383.620 Thread 0x00007fec12098800 Uncommon trap: reason=class_check action=maybe_recompile pc=0x00000001154cc600 method=com.jogamp.common.util.RunnableTask.run()V @ 24

Internal exceptions (10 events):
Event: 0.524 Thread 0x00007fec13005800 Exception <a 'java/io/FileNotFoundException'> (0x00000007aad52d78) thrown at [/Users/java_re/workspace/8-2-build-macosx-x86_64/jdk8u121/8372/hotspot/src/share/vm/prims/jni.cpp, line 709]
Event: 0.524 Thread 0x00007fec13005800 Exception <a 'java/io/FileNotFoundException'> (0x00000007aad538c8) thrown at [/Users/java_re/workspace/8-2-build-macosx-x86_64/jdk8u121/8372/hotspot/src/share/vm/prims/jni.cpp, line 709]
Event: 0.709 Thread 0x00007fec13005800 Exception <a 'java/io/FileNotFoundException'> (0x00000007aae8c1e8) thrown at [/Users/java_re/workspace/8-2-build-macosx-x86_64/jdk8u121/8372/hotspot/src/share/vm/prims/jni.cpp, line 709]
Event: 4.014 Thread 0x00007fec1305a800 Exception <a 'java/lang/NullPointerException'> (0x00000007aab86be8) thrown at [/Users/java_re/workspace/8-2-build-macosx-x86_64/jdk8u121/8372/hotspot/src/share/vm/interpreter/linkResolver.cpp, line 1178]
Event: 4.127 Thread 0x00007fec1329a800 Exception <a 'java/lang/UnsatisfiedLinkError': com.jogamp.common.util.JarUtil.fixNativeLibAttribs(Ljava/lang/String;)Z> (0x00000007aafcfc18) thrown at [/Users/java_re/workspace/8-2-build-macosx-x86_64/jdk8u121/8372/hotspot/src/share/vm/prims/nativeLookup.
Event: 5.629 Thread 0x00007fec1328d000 Exception <a 'java/io/FileNotFoundException'> (0x00000007ab1a5540) thrown at [/Users/java_re/workspace/8-2-build-macosx-x86_64/jdk8u121/8372/hotspot/src/share/vm/prims/jni.cpp, line 709]
Event: 5.629 Thread 0x00007fec1328d000 Exception <a 'java/io/FileNotFoundException'> (0x00000007ab1ab728) thrown at [/Users/java_re/workspace/8-2-build-macosx-x86_64/jdk8u121/8372/hotspot/src/share/vm/prims/jni.cpp, line 709]
Event: 5.630 Thread 0x00007fec1328d000 Implicit null exception at 0x0000000114d6cf36 to 0x0000000114d6d305
Event: 11.840 Thread 0x00007fec1328d000 Implicit null exception at 0x00000001153af9ac to 0x00000001153afa1e
Event: 11.845 Thread 0x00007fec1328d000 Implicit null exception at 0x00000001153af62f to 0x00000001153af709

Events (10 events):
Event: 383.617 Thread 0x00007fec121f9800 Uncommon trap: trap_request=0xffffffde fr.pc=0x00000001150d3f1c
Event: 383.617 Thread 0x00007fec12920000 Thread exited: 0x00007fec12920000
Event: 383.617 Thread 0x00007fec121f9800 DEOPT PACKING pc=0x00000001150d3f1c sp=0x000070000aa50c70
Event: 383.617 Thread 0x00007fec121f9800 DEOPT UNPACKING pc=0x0000000114bab229 sp=0x000070000aa50c80 mode 2
Event: 383.617 loading class java/awt/Window$1DisposeAction
Event: 383.618 loading class java/awt/Window$1DisposeAction done
Event: 383.619 Thread 0x00007fec1306f800 flushing nmethod 0x00000001150c6650
Event: 383.620 Thread 0x00007fec12098800 Uncommon trap: trap_request=0xffffffde fr.pc=0x00000001154cc600
Event: 383.620 Thread 0x00007fec12098800 DEOPT PACKING pc=0x00000001154cc600 sp=0x00007fff568dd4b0
Event: 383.620 Thread 0x00007fec12098800 DEOPT UNPACKING pc=0x0000000114bab229 sp=0x00007fff568dd458 mode 2


Dynamic libraries:
0x000000004c357000 	/System/Library/Frameworks/Cocoa.framework/Versions/A/Cocoa
0x000000004c357000 	/System/Library/Frameworks/Security.framework/Versions/A/Security
0x000000004c357000 	/System/Library/Frameworks/ApplicationServices.framework/Versions/A/ApplicationServices
0x000000004c357000 	/usr/lib/libz.1.dylib
0x000000004c357000 	/usr/lib/libSystem.B.dylib
0x000000004c357000 	/usr/lib/libobjc.A.dylib
0x000000004c357000 	/System/Library/Frameworks/CoreFoundation.framework/Versions/A/CoreFoundation
0x000000004c357000 	/System/Library/Frameworks/Foundation.framework/Versions/C/Foundation
0x000000004c357000 	/System/Library/Frameworks/AppKit.framework/Versions/C/AppKit
0x000000004c357000 	/System/Library/Frameworks/CoreData.framework/Versions/A/CoreData
0x000000004c357000 	/System/Library/PrivateFrameworks/RemoteViewServices.framework/Versions/A/RemoteViewServices
0x000000004c357000 	/System/Library/PrivateFrameworks/UIFoundation.framework/Versions/A/UIFoundation
0x000000004c357000 	/System/Library/PrivateFrameworks/DFRFoundation.framework/Versions/A/DFRFoundation
0x000000004c357000 	/usr/lib/libenergytrace.dylib
0x000000004c357000 	/System/Library/PrivateFrameworks/SkyLight.framework/Versions/A/SkyLight
0x000000004c357000 	/System/Library/Frameworks/CoreGraphics.framework/Versions/A/CoreGraphics
0x000000004c357000 	/usr/lib/libScreenReader.dylib
0x000000004c357000 	/System/Library/Frameworks/Accelerate.framework/Versions/A/Accelerate
0x000000004c357000 	/System/Library/Frameworks/IOSurface.framework/Versions/A/IOSurface
0x000000004c357000 	/System/Library/Frameworks/AudioToolbox.framework/Versions/A/AudioToolbox
0x000000004c357000 	/System/Library/Frameworks/AudioUnit.framework/Versions/A/AudioUnit
0x000000004c357000 	/System/Library/PrivateFrameworks/DataDetectorsCore.framework/Versions/A/DataDetectorsCore
0x000000004c357000 	/System/Library/PrivateFrameworks/DesktopServicesPriv.framework/Versions/A/DesktopServicesPriv
0x000000004c357000 	/System/Library/Frameworks/Carbon.framework/Versions/A/Frameworks/HIToolbox.framework/Versions/A/HIToolbox
0x000000004c357000 	/usr/lib/libicucore.A.dylib
0x000000004c357000 	/System/Library/Frameworks/QuartzCore.framework/Versions/A/QuartzCore
0x000000004c357000 	/System/Library/Frameworks/Carbon.framework/Versions/A/Frameworks/SpeechRecognition.framework/Versions/A/SpeechRecognition
0x000000004c357000 	/usr/lib/libauto.dylib
0x000000004c357000 	/usr/lib/libxml2.2.dylib
0x000000004c357000 	/System/Library/PrivateFrameworks/CoreUI.framework/Versions/A/CoreUI
0x000000004c357000 	/System/Library/Frameworks/CoreAudio.framework/Versions/A/CoreAudio
0x000000004c357000 	/System/Library/Frameworks/DiskArbitration.framework/Versions/A/DiskArbitration
0x000000004c357000 	/usr/lib/liblangid.dylib
0x000000004c357000 	/System/Library/PrivateFrameworks/MultitouchSupport.framework/Versions/A/MultitouchSupport
0x000000004c357000 	/System/Library/Frameworks/IOKit.framework/Versions/A/IOKit
0x000000004c357000 	/usr/lib/libDiagnosticMessagesClient.dylib
0x000000004c357000 	/System/Library/Frameworks/CoreServices.framework/Versions/A/CoreServices
0x000000004c357000 	/System/Library/PrivateFrameworks/PerformanceAnalysis.framework/Versions/A/PerformanceAnalysis
0x000000004c357000 	/System/Library/PrivateFrameworks/GenerationalStorage.framework/Versions/A/GenerationalStorage
0x000000004c357000 	/System/Library/Frameworks/OpenGL.framework/Versions/A/OpenGL
0x000000004c357000 	/System/Library/Frameworks/CoreImage.framework/Versions/A/CoreImage
0x000000004c357000 	/System/Library/Frameworks/CoreText.framework/Versions/A/CoreText
0x000000004c357000 	/System/Library/Frameworks/ImageIO.framework/Versions/A/ImageIO
0x000000004c357000 	/System/Library/PrivateFrameworks/Backup.framework/Versions/A/Backup
0x000000004c357000 	/usr/lib/libarchive.2.dylib
0x000000004c357000 	/System/Library/Frameworks/CFNetwork.framework/Versions/A/CFNetwork
0x000000004c357000 	/System/Library/Frameworks/SystemConfiguration.framework/Versions/A/SystemConfiguration
0x000000004c357000 	/usr/lib/libCRFSuite.dylib
0x000000004c357000 	/usr/lib/libc++.1.dylib
0x000000004c357000 	/usr/lib/libc++abi.dylib
0x000000004c357000 	/usr/lib/system/libcache.dylib
0x000000004c357000 	/usr/lib/system/libcommonCrypto.dylib
0x000000004c357000 	/usr/lib/system/libcompiler_rt.dylib
0x000000004c357000 	/usr/lib/system/libcopyfile.dylib
0x000000004c357000 	/usr/lib/system/libcorecrypto.dylib
0x000000004c357000 	/usr/lib/system/libdispatch.dylib
0x000000004c357000 	/usr/lib/system/libdyld.dylib
0x000000004c357000 	/usr/lib/system/libkeymgr.dylib
0x000000004c357000 	/usr/lib/system/liblaunch.dylib
0x000000004c357000 	/usr/lib/system/libmacho.dylib
0x000000004c357000 	/usr/lib/system/libquarantine.dylib
0x000000004c357000 	/usr/lib/system/libremovefile.dylib
0x000000004c357000 	/usr/lib/system/libsystem_asl.dylib
0x000000004c357000 	/usr/lib/system/libsystem_blocks.dylib
0x000000004c357000 	/usr/lib/system/libsystem_c.dylib
0x000000004c357000 	/usr/lib/system/libsystem_configuration.dylib
0x000000004c357000 	/usr/lib/system/libsystem_coreservices.dylib
0x000000004c357000 	/usr/lib/system/libsystem_coretls.dylib
0x000000004c357000 	/usr/lib/system/libsystem_dnssd.dylib
0x000000004c357000 	/usr/lib/system/libsystem_info.dylib
0x000000004c357000 	/usr/lib/system/libsystem_kernel.dylib
0x000000004c357000 	/usr/lib/system/libsystem_m.dylib
0x000000004c357000 	/usr/lib/system/libsystem_malloc.dylib
0x000000004c357000 	/usr/lib/system/libsystem_network.dylib
0x000000004c357000 	/usr/lib/system/libsystem_networkextension.dylib
0x000000004c357000 	/usr/lib/system/libsystem_notify.dylib
0x000000004c357000 	/usr/lib/system/libsystem_platform.dylib
0x000000004c357000 	/usr/lib/system/libsystem_pthread.dylib
0x000000004c357000 	/usr/lib/system/libsystem_sandbox.dylib
0x000000004c357000 	/usr/lib/system/libsystem_secinit.dylib
0x000000004c357000 	/usr/lib/system/libsystem_symptoms.dylib
0x000000004c357000 	/usr/lib/system/libsystem_trace.dylib
0x000000004c357000 	/usr/lib/system/libunwind.dylib
0x000000004c357000 	/usr/lib/system/libxpc.dylib
0x000000004c357000 	/usr/lib/libbsm.0.dylib
0x000000004c357000 	/usr/lib/system/libkxld.dylib
0x000000004c357000 	/usr/lib/libcoretls.dylib
0x000000004c357000 	/usr/lib/libcoretls_cfhelpers.dylib
0x000000004c357000 	/usr/lib/libOpenScriptingUtil.dylib
0x000000004c357000 	/usr/lib/libpam.2.dylib
0x000000004c357000 	/usr/lib/libsqlite3.dylib
0x000000004c357000 	/usr/lib/libxar.1.dylib
0x000000004c357000 	/usr/lib/libbz2.1.0.dylib
0x000000004c357000 	/usr/lib/liblzma.5.dylib
0x000000004c357000 	/usr/lib/libnetwork.dylib
0x000000004c357000 	/usr/lib/libpcap.A.dylib
0x000000004c357000 	/System/Library/Frameworks/CoreServices.framework/Versions/A/Frameworks/FSEvents.framework/Versions/A/FSEvents
0x000000004c357000 	/System/Library/Frameworks/CoreServices.framework/Versions/A/Frameworks/CarbonCore.framework/Versions/A/CarbonCore
0x000000004c357000 	/System/Library/Frameworks/CoreServices.framework/Versions/A/Frameworks/Metadata.framework/Versions/A/Metadata
0x000000004c357000 	/System/Library/Frameworks/CoreServices.framework/Versions/A/Frameworks/OSServices.framework/Versions/A/OSServices
0x000000004c357000 	/System/Library/Frameworks/CoreServices.framework/Versions/A/Frameworks/SearchKit.framework/Versions/A/SearchKit
0x000000004c357000 	/System/Library/Frameworks/CoreServices.framework/Versions/A/Frameworks/AE.framework/Versions/A/AE
0x000000004c357000 	/System/Library/Frameworks/CoreServices.framework/Versions/A/Frameworks/LaunchServices.framework/Versions/A/LaunchServices
0x000000004c357000 	/System/Library/Frameworks/CoreServices.framework/Versions/A/Frameworks/DictionaryServices.framework/Versions/A/DictionaryServices
0x000000004c357000 	/System/Library/Frameworks/CoreServices.framework/Versions/A/Frameworks/SharedFileList.framework/Versions/A/SharedFileList
0x000000004c357000 	/System/Library/Frameworks/NetFS.framework/Versions/A/NetFS
0x000000004c357000 	/System/Library/PrivateFrameworks/NetAuth.framework/Versions/A/NetAuth
0x000000004c357000 	/System/Library/PrivateFrameworks/login.framework/Versions/A/Frameworks/loginsupport.framework/Versions/A/loginsupport
0x000000004c357000 	/System/Library/PrivateFrameworks/TCC.framework/Versions/A/TCC
0x000000004c357000 	/usr/lib/libmecabra.dylib
0x000000004c357000 	/System/Library/Frameworks/ApplicationServices.framework/Versions/A/Frameworks/ATS.framework/Versions/A/ATS
0x000000004c357000 	/System/Library/Frameworks/ApplicationServices.framework/Versions/A/Frameworks/ColorSync.framework/Versions/A/ColorSync
0x000000004c357000 	/System/Library/Frameworks/ApplicationServices.framework/Versions/A/Frameworks/HIServices.framework/Versions/A/HIServices
0x000000004c357000 	/System/Library/Frameworks/ApplicationServices.framework/Versions/A/Frameworks/LangAnalysis.framework/Versions/A/LangAnalysis
0x000000004c357000 	/System/Library/Frameworks/ApplicationServices.framework/Versions/A/Frameworks/PrintCore.framework/Versions/A/PrintCore
0x000000004c357000 	/System/Library/Frameworks/ApplicationServices.framework/Versions/A/Frameworks/QD.framework/Versions/A/QD
0x000000004c357000 	/System/Library/Frameworks/ApplicationServices.framework/Versions/A/Frameworks/SpeechSynthesis.framework/Versions/A/SpeechSynthesis
0x000000004c357000 	/System/Library/Frameworks/Accelerate.framework/Versions/A/Frameworks/vImage.framework/Versions/A/vImage
0x000000004c357000 	/System/Library/Frameworks/Accelerate.framework/Versions/A/Frameworks/vecLib.framework/Versions/A/vecLib
0x000000004c357000 	/System/Library/Frameworks/Accelerate.framework/Versions/A/Frameworks/vecLib.framework/Versions/A/libvDSP.dylib
0x000000004c357000 	/System/Library/Frameworks/Accelerate.framework/Versions/A/Frameworks/vecLib.framework/Versions/A/libBNNS.dylib
0x000000004c357000 	/System/Library/Frameworks/Accelerate.framework/Versions/A/Frameworks/vecLib.framework/Versions/A/libQuadrature.dylib
0x000000004c357000 	/System/Library/Frameworks/Accelerate.framework/Versions/A/Frameworks/vecLib.framework/Versions/A/libvMisc.dylib
0x000000004c357000 	/System/Library/Frameworks/Accelerate.framework/Versions/A/Frameworks/vecLib.framework/Versions/A/libLAPACK.dylib
0x000000004c357000 	/System/Library/Frameworks/Accelerate.framework/Versions/A/Frameworks/vecLib.framework/Versions/A/libBLAS.dylib
0x000000004c357000 	/System/Library/Frameworks/Accelerate.framework/Versions/A/Frameworks/vecLib.framework/Versions/A/libLinearAlgebra.dylib
0x000000004c357000 	/System/Library/Frameworks/Accelerate.framework/Versions/A/Frameworks/vecLib.framework/Versions/A/libSparseBLAS.dylib
0x000000004c357000 	/System/Library/Frameworks/ApplicationServices.framework/Versions/A/Frameworks/ATS.framework/Versions/A/Resources/libFontParser.dylib
0x000000004c357000 	/System/Library/Frameworks/ApplicationServices.framework/Versions/A/Frameworks/ATS.framework/Versions/A/Resources/libFontRegistry.dylib
0x000000004c357000 	/System/Library/Frameworks/ImageIO.framework/Versions/A/Resources/libJPEG.dylib
0x000000004c357000 	/System/Library/Frameworks/ImageIO.framework/Versions/A/Resources/libTIFF.dylib
0x000000004c357000 	/System/Library/Frameworks/ImageIO.framework/Versions/A/Resources/libPng.dylib
0x000000004c357000 	/System/Library/Frameworks/ImageIO.framework/Versions/A/Resources/libGIF.dylib
0x000000004c357000 	/System/Library/Frameworks/ImageIO.framework/Versions/A/Resources/libJP2.dylib
0x000000004c357000 	/System/Library/Frameworks/ImageIO.framework/Versions/A/Resources/libRadiance.dylib
0x000000004c357000 	/usr/lib/libcompression.dylib
0x000000004c357000 	/System/Library/PrivateFrameworks/AppleJPEG.framework/Versions/A/AppleJPEG
0x000000004c357000 	/usr/lib/libcups.2.dylib
0x000000004c357000 	/System/Library/Frameworks/Kerberos.framework/Versions/A/Kerberos
0x000000004c357000 	/System/Library/Frameworks/GSS.framework/Versions/A/GSS
0x000000004c357000 	/usr/lib/libresolv.9.dylib
0x000000004c357000 	/usr/lib/libiconv.2.dylib
0x000000004c357000 	/System/Library/PrivateFrameworks/Heimdal.framework/Versions/A/Heimdal
0x000000004c357000 	/usr/lib/libheimdal-asn1.dylib
0x000000004c357000 	/System/Library/Frameworks/OpenDirectory.framework/Versions/A/OpenDirectory
0x000000004c357000 	/System/Library/PrivateFrameworks/CommonAuth.framework/Versions/A/CommonAuth
0x000000004c357000 	/System/Library/Frameworks/OpenDirectory.framework/Versions/A/Frameworks/CFOpenDirectory.framework/Versions/A/CFOpenDirectory
0x000000004c357000 	/System/Library/Frameworks/SecurityFoundation.framework/Versions/A/SecurityFoundation
0x000000004c357000 	/System/Library/PrivateFrameworks/LanguageModeling.framework/Versions/A/LanguageModeling
0x000000004c357000 	/usr/lib/libmarisa.dylib
0x000000004c357000 	/usr/lib/libChineseTokenizer.dylib
0x000000004c357000 	/usr/lib/libcmph.dylib
0x000000004c357000 	/System/Library/PrivateFrameworks/CoreEmoji.framework/Versions/A/CoreEmoji
0x000000004c357000 	/System/Library/Frameworks/ServiceManagement.framework/Versions/A/ServiceManagement
0x000000004c357000 	/usr/lib/libxslt.1.dylib
0x000000004c357000 	/System/Library/Frameworks/Carbon.framework/Versions/A/Frameworks/Ink.framework/Versions/A/Ink
0x000000004c357000 	/System/Library/PrivateFrameworks/TextureIO.framework/Versions/A/TextureIO
0x000000004c357000 	/System/Library/Frameworks/Metal.framework/Versions/A/Metal
0x000000004c357000 	/usr/lib/libate.dylib
0x000000004c357000 	/System/Library/PrivateFrameworks/GPUCompiler.framework/libmetal_timestamp.dylib
0x000000004c357000 	/System/Library/Frameworks/OpenGL.framework/Versions/A/Libraries/libCoreFSCache.dylib
0x000000004c357000 	/System/Library/PrivateFrameworks/IOAccelerator.framework/Versions/A/IOAccelerator
0x000000004c357000 	/System/Library/Frameworks/CoreVideo.framework/Versions/A/CoreVideo
0x000000004c357000 	/usr/lib/libFosl_dynamic.dylib
0x000000004c357000 	/System/Library/PrivateFrameworks/MetalPerformanceShaders.framework/Versions/A/MetalPerformanceShaders
0x000000004c357000 	/System/Library/PrivateFrameworks/FaceCore.framework/Versions/A/FaceCore
0x000000004c357000 	/System/Library/Frameworks/OpenCL.framework/Versions/A/OpenCL
0x000000004c357000 	/System/Library/Frameworks/OpenGL.framework/Versions/A/Libraries/libGLU.dylib
0x000000004c357000 	/System/Library/Frameworks/OpenGL.framework/Versions/A/Libraries/libGFXShared.dylib
0x000000004c357000 	/System/Library/Frameworks/OpenGL.framework/Versions/A/Libraries/libGL.dylib
0x000000004c357000 	/System/Library/Frameworks/OpenGL.framework/Versions/A/Libraries/libGLImage.dylib
0x000000004c357000 	/System/Library/Frameworks/OpenGL.framework/Versions/A/Libraries/libCVMSPluginSupport.dylib
0x000000004c357000 	/System/Library/Frameworks/OpenGL.framework/Versions/A/Libraries/libCoreVMClient.dylib
0x000000004c357000 	/System/Library/PrivateFrameworks/CrashReporterSupport.framework/Versions/A/CrashReporterSupport
0x000000004c357000 	/System/Library/PrivateFrameworks/Sharing.framework/Versions/A/Sharing
0x000000004c357000 	/System/Library/PrivateFrameworks/IconServices.framework/Versions/A/IconServices
0x000000004c357000 	/System/Library/PrivateFrameworks/ProtocolBuffer.framework/Versions/A/ProtocolBuffer
0x000000004c357000 	/System/Library/PrivateFrameworks/Apple80211.framework/Versions/A/Apple80211
0x000000004c357000 	/System/Library/Frameworks/CoreWLAN.framework/Versions/A/CoreWLAN
0x000000004c357000 	/System/Library/PrivateFrameworks/CoreUtils.framework/Versions/A/CoreUtils
0x000000004c357000 	/System/Library/Frameworks/IOBluetooth.framework/Versions/A/IOBluetooth
0x000000004c357000 	/System/Library/PrivateFrameworks/CoreWiFi.framework/Versions/A/CoreWiFi
0x000000004c357000 	/System/Library/Frameworks/CoreBluetooth.framework/Versions/A/CoreBluetooth
0x000000004c357000 	/System/Library/Frameworks/CoreDisplay.framework/Versions/A/CoreDisplay
0x000000004c357000 	/System/Library/PrivateFrameworks/IOPresentment.framework/Versions/A/IOPresentment
0x000000004c357000 	/System/Library/PrivateFrameworks/DSExternalDisplay.framework/Versions/A/DSExternalDisplay
0x000000004c357000 	/System/Library/PrivateFrameworks/DebugSymbols.framework/Versions/A/DebugSymbols
0x000000004c357000 	/System/Library/PrivateFrameworks/CoreSymbolication.framework/Versions/A/CoreSymbolication
0x000000004c357000 	/System/Library/PrivateFrameworks/Symbolication.framework/Versions/A/Symbolication
0x000000004c357000 	/System/Library/PrivateFrameworks/AppleFSCompression.framework/Versions/A/AppleFSCompression
0x000000004c357000 	/System/Library/PrivateFrameworks/SpeechRecognitionCore.framework/Versions/A/SpeechRecognitionCore
0x000000004c357000 	/System/Library/PrivateFrameworks/ChunkingLibrary.framework/Versions/A/ChunkingLibrary
0x0000000109c00000 	/Library/Java/JavaVirtualMachines/jdk1.8.0_121.jdk/Contents/Home/jre/lib/server/libjvm.dylib
0x000000004c357000 	/usr/lib/libstdc++.6.dylib
0x000000010939b000 	/Library/Java/JavaVirtualMachines/jdk1.8.0_121.jdk/Contents/Home/jre/lib/libverify.dylib
0x00000001093a9000 	/Library/Java/JavaVirtualMachines/jdk1.8.0_121.jdk/Contents/Home/jre/lib/libjava.dylib
0x00000001093e8000 	/Library/Java/JavaVirtualMachines/jdk1.8.0_121.jdk/Contents/Home/jre/lib/libzip.dylib
0x000000010ef9c000 	/System/Library/Frameworks/JavaVM.framework/Frameworks/JavaRuntimeSupport.framework/JavaRuntimeSupport
0x000000010efb6000 	/System/Library/Frameworks/JavaVM.framework/Versions/A/Frameworks/JavaNativeFoundation.framework/Versions/A/JavaNativeFoundation
0x00000001093f2000 	/System/Library/Frameworks/JavaVM.framework/Versions/A/JavaVM
0x000000004c357000 	/System/Library/Frameworks/Carbon.framework/Versions/A/Carbon
0x000000010efcb000 	/System/Library/PrivateFrameworks/JavaLaunching.framework/Versions/A/JavaLaunching
0x000000004c357000 	/System/Library/Frameworks/Carbon.framework/Versions/A/Frameworks/CommonPanels.framework/Versions/A/CommonPanels
0x000000004c357000 	/System/Library/Frameworks/Carbon.framework/Versions/A/Frameworks/Help.framework/Versions/A/Help
0x000000004c357000 	/System/Library/Frameworks/Carbon.framework/Versions/A/Frameworks/ImageCapture.framework/Versions/A/ImageCapture
0x000000004c357000 	/System/Library/Frameworks/Carbon.framework/Versions/A/Frameworks/OpenScripting.framework/Versions/A/OpenScripting
0x000000004c357000 	/System/Library/Frameworks/Carbon.framework/Versions/A/Frameworks/Print.framework/Versions/A/Print
0x000000004c357000 	/System/Library/Frameworks/Carbon.framework/Versions/A/Frameworks/SecurityHI.framework/Versions/A/SecurityHI
0x00000001108df000 	/Library/Java/JavaVirtualMachines/jdk1.8.0_121.jdk/Contents/Home/jre/lib/libawt.dylib
0x0000000110987000 	/Library/Java/JavaVirtualMachines/jdk1.8.0_121.jdk/Contents/Home/jre/lib/./libmlib_image.dylib
0x0000000110a53000 	/Library/Java/JavaVirtualMachines/jdk1.8.0_121.jdk/Contents/Home/jre/lib/libawt_lwawt.dylib
0x0000000110b0a000 	/Library/Java/JavaVirtualMachines/jdk1.8.0_121.jdk/Contents/Home/jre/lib/./libosxapp.dylib
0x000000004c357000 	/System/Library/Frameworks/ExceptionHandling.framework/Versions/A/ExceptionHandling
0x000000004c357000 	/System/Library/PrivateFrameworks/CoreServicesInternal.framework/Versions/A/CoreServicesInternal
0x000000004c357000 	/System/Library/CoreServices/RawCamera.bundle/Contents/MacOS/RawCamera
0x000000004c357000 	/System/Library/Frameworks/Accelerate.framework/Versions/A/Frameworks/vImage.framework/Versions/A/Libraries/libCGInterfaces.dylib
0x000000004c357000 	/System/Library/Frameworks/ApplicationServices.framework/Versions/A/Frameworks/ATS.framework/Versions/A/Resources/libTrueTypeScaler.dylib
0x0000000112728000 	/System/Library/Frameworks/OpenGL.framework/Resources/GLEngine.bundle/GLEngine
0x000000004c357000 	/System/Library/Frameworks/OpenGL.framework/Versions/A/Libraries/libGLProgrammability.dylib
0x000000011290d000 	/System/Library/Extensions/AppleIntelHD5000GraphicsGLDriver.bundle/Contents/MacOS/AppleIntelHD5000GraphicsGLDriver
0x000000004c357000 	/System/Library/PrivateFrameworks/GPUSupport.framework/Versions/A/Libraries/libGPUSupportMercury.dylib
0x0000000111850000 	/System/Library/Frameworks/OpenGL.framework/Resources//GLRendererFloat.bundle/GLRendererFloat
0x000000004c357000 	/System/Library/Frameworks/OpenCL.framework/Versions/A/Libraries/libcldcpuengine.dylib
0x000000004c357000 	/usr/lib/libcrypto.0.9.8.dylib
0x000000004c357000 	/System/Library/PrivateFrameworks/TrustEvaluationAgent.framework/Versions/A/TrustEvaluationAgent
0x000000011307b000 	/System/Library/Extensions/AppleIntelHD5000GraphicsMTLDriver.bundle/Contents/MacOS/AppleIntelHD5000GraphicsMTLDriver
0x000000004c357000 	/System/Library/PrivateFrameworks/FamilyControls.framework/Versions/A/FamilyControls
0x000000004c357000 	/System/Library/PrivateFrameworks/CommerceKit.framework/Versions/A/Frameworks/CommerceCore.framework/Versions/A/CommerceCore
0x000000004c357000 	/System/Library/PrivateFrameworks/SystemAdministration.framework/Versions/A/SystemAdministration
0x000000004c357000 	/System/Library/PrivateFrameworks/AppContainer.framework/Versions/A/AppContainer
0x000000004c357000 	/System/Library/PrivateFrameworks/SecCodeWrapper.framework/Versions/A/SecCodeWrapper
0x000000004c357000 	/System/Library/Frameworks/DirectoryService.framework/Versions/A/DirectoryService
0x000000004c357000 	/System/Library/PrivateFrameworks/DiskImages.framework/Versions/A/DiskImages
0x000000004c357000 	/System/Library/PrivateFrameworks/LoginUIKit.framework/Versions/A/Frameworks/LoginUICore.framework/Versions/A/LoginUICore
0x000000004c357000 	/usr/lib/libCoreStorage.dylib
0x000000004c357000 	/usr/lib/libcsfde.dylib
0x000000004c357000 	/usr/lib/libodfde.dylib
0x000000004c357000 	/System/Library/Frameworks/DiscRecording.framework/Versions/A/DiscRecording
0x000000004c357000 	/usr/lib/libcurl.4.dylib
0x000000004c357000 	/System/Library/PrivateFrameworks/MediaKit.framework/Versions/A/MediaKit
0x000000004c357000 	/System/Library/PrivateFrameworks/ProtectedCloudStorage.framework/Versions/A/ProtectedCloudStorage
0x000000004c357000 	/System/Library/PrivateFrameworks/EFILogin.framework/Versions/A/EFILogin
0x000000004c357000 	/usr/lib/libutil.dylib
0x000000004c357000 	/System/Library/Frameworks/LDAP.framework/Versions/A/LDAP
0x000000004c357000 	/usr/lib/libsasl2.2.dylib
0x000000004c357000 	/System/Library/PrivateFrameworks/CoreDaemon.framework/Versions/B/CoreDaemon
0x000000004c357000 	/System/Library/PrivateFrameworks/AppleSRP.framework/Versions/A/AppleSRP
0x000000004c357000 	/System/Library/PrivateFrameworks/APFS.framework/Versions/A/APFS
0x0000000123c66000 	/Library/Java/JavaVirtualMachines/jdk1.8.0_121.jdk/Contents/Home/jre/lib/libfontmanager.dylib
0x000000004c357000 	/System/Library/PrivateFrameworks/ViewBridge.framework/Versions/A/ViewBridge
0x000000004c357000 	/System/Library/PrivateFrameworks/XPCService.framework/Versions/A/XPCService
0x000000004c357000 	/System/Library/PrivateFrameworks/AppSandbox.framework/Versions/A/AppSandbox
0x000000004c357000 	/usr/lib/libsandbox.1.dylib
0x000000004c357000 	/usr/lib/libMatch.1.dylib
0x0000000125039000 	/Library/Java/JavaVirtualMachines/jdk1.8.0_121.jdk/Contents/Home/jre/lib/libosxui.dylib
0x0000000125bfa000 	/Library/Java/JavaVirtualMachines/jdk1.8.0_121.jdk/Contents/Home/jre/lib/libnet.dylib
0x0000000125c11000 	/Library/Java/JavaVirtualMachines/jdk1.8.0_121.jdk/Contents/Home/jre/lib/libnio.dylib
0x0000000124d47000 	/private/var/folders/z5/dkh_k18x6bn8z6w6jj1k7pqm0000gn/T/jogamp_0000/file_cache/jln2839542221414507407/jln2495213835249908708/libgluegen-rt.jnilib
0x0000000125ba7000 	/private/var/folders/z5/dkh_k18x6bn8z6w6jj1k7pqm0000gn/T/jogamp_0000/file_cache/jln2839542221414507407/jln2495213835249908708/libnativewindow_awt.jnilib
0x000000018e1b9000 	/Library/Java/JavaVirtualMachines/jdk1.8.0_121.jdk/Contents/Home/jre/lib/libjawt.dylib
0x000000018e1bc000 	/private/var/folders/z5/dkh_k18x6bn8z6w6jj1k7pqm0000gn/T/jogamp_0000/file_cache/jln2839542221414507407/jln2495213835249908708/libnativewindow_macosx.jnilib
0x000000018ffd0000 	/private/var/folders/z5/dkh_k18x6bn8z6w6jj1k7pqm0000gn/T/jogamp_0000/file_cache/jln2839542221414507407/jln2495213835249908708/libjogl_desktop.jnilib
0x0000000112445000 	/Library/Java/JavaVirtualMachines/jdk1.8.0_121.jdk/Contents/Home/jre/lib/libt2k.dylib

VM Arguments:
jvm_args: -Djava.security.policy=java.policy.applet -Dfile.encoding=MacRoman 
java_command: sun.applet.AppletViewer module6.EarthquakeCityMap1523916466006.html
java_class_path (initial): /Users/Mac/Documents/workspace/UCSDUnfoldingMaps/build:/Users/Mac/Documents/workspace/UCSDUnfoldingMaps/lib/core.jar:/Users/Mac/Documents/workspace/UCSDUnfoldingMaps/lib/gluegen-rt.jar:/Users/Mac/Documents/workspace/UCSDUnfoldingMaps/lib/jogl-all.jar:/Users/Mac/Documents/workspace/UCSDUnfoldingMaps/lib/log4j-1.2.15.jar:/Users/Mac/Documents/workspace/UCSDUnfoldingMaps/lib/sqlite-jdbc-3.7.2.jar:/Users/Mac/Documents/workspace/UCSDUnfoldingMaps/lib/json4processing.jar:/Users/Mac/Documents/workspace/UCSDUnfoldingMaps/lib/libTUIO.jar:/Users/Mac/Documents/workspace/UCSDUnfoldingMaps/lib/unfolding.0.9.7-uscd.jar
Launcher Type: SUN_STANDARD

Environment Variables:
PATH=/Library/Frameworks/Python.framework/Versions/3.6/bin:/usr/local/bin:/usr/bin:/bin:/usr/sbin:/sbin:/opt/X11/bin:/Library/Frameworks/Mono.framework/Versions/Current/Commands:/Library/TeX/texbin
SHELL=/bin/bash
DISPLAY=/private/tmp/com.apple.launchd.BfoSnAz3r8/org.macosforge.xquartz:0

Signal Handlers:
SIGSEGV: [libjvm.dylib+0x5b1141], sa_mask[0]=11111111011111110111111111111111, sa_flags=SA_ONSTACK|SA_RESTART|SA_SIGINFO
SIGBUS: [libjvm.dylib+0x5b1141], sa_mask[0]=11111111011111110111111111111111, sa_flags=SA_RESTART|SA_SIGINFO
SIGFPE: [libjvm.dylib+0x487bc4], sa_mask[0]=11111111011111110111111111111111, sa_flags=SA_RESTART|SA_SIGINFO
SIGPIPE: [libjvm.dylib+0x487bc4], sa_mask[0]=11111111011111110111111111111111, sa_flags=SA_RESTART|SA_SIGINFO
SIGXFSZ: [libjvm.dylib+0x487bc4], sa_mask[0]=11111111011111110111111111111111, sa_flags=SA_RESTART|SA_SIGINFO
SIGILL: [libjvm.dylib+0x487bc4], sa_mask[0]=11111111011111110111111111111111, sa_flags=SA_RESTART|SA_SIGINFO
SIGUSR1: SIG_DFL, sa_mask[0]=11011111011111100000000111000110, sa_flags=none
SIGUSR2: [libjvm.dylib+0x4876e2], sa_mask[0]=00100000000000000000000000000000, sa_flags=SA_RESTART|SA_SIGINFO
SIGHUP: [libjvm.dylib+0x485cb9], sa_mask[0]=11111111011111110111111111111111, sa_flags=SA_RESTART|SA_SIGINFO
SIGINT: [libjvm.dylib+0x485cb9], sa_mask[0]=11111111011111110111111111111111, sa_flags=SA_RESTART|SA_SIGINFO
SIGTERM: [libjvm.dylib+0x485cb9], sa_mask[0]=11111111011111110111111111111111, sa_flags=SA_RESTART|SA_SIGINFO
SIGQUIT: [libjvm.dylib+0x485cb9], sa_mask[0]=11111111011111110111111111111111, sa_flags=SA_RESTART|SA_SIGINFO


---------------  S Y S T E M  ---------------

OS:Bsduname:Darwin 16.7.0 Darwin Kernel Version 16.7.0: Thu Jan 11 22:59:40 PST 2018; root:xnu-3789.73.8~1/RELEASE_X86_64 x86_64
rlimit: STACK 8192k, CORE 0k, NPROC 709, NOFILE 10240, AS infinity
load average:2.12 2.30 2.56

CPU:total 4 (2 cores per cpu, 2 threads per core) family 6 model 69 stepping 1, cmov, cx8, fxsr, mmx, sse, sse2, sse3, ssse3, sse4.1, sse4.2, popcnt, avx, avx2, aes, clmul, erms, lzcnt, ht, tsc, tscinvbit, bmi1, bmi2

Memory: 4k page, physical 4194304k(83016k free)

/proc/meminfo:


vm_info: Java HotSpot(TM) 64-Bit Server VM (25.121-b13) for bsd-amd64 JRE (1.8.0_121-b13), built on Dec 12 2016 20:39:32 by "java_re" with gcc 4.2.1 (Based on Apple Inc. build 5658) (LLVM build 2336.11.00)

time: Mon Apr 16 15:14:09 2018
elapsed time: 383 seconds (0d 0h 6m 23s)

