#
# A fatal error has been detected by the Java Runtime Environment:
#
#  SIGSEGV (0xb) at pc=0x00007fffd65ee05d, pid=7811, tid=0x0000000000000307
#
# JRE version: Java(TM) SE Runtime Environment (8.0_121-b13) (build 1.8.0_121-b13)
# Java VM: Java HotSpot(TM) 64-Bit Server VM (25.121-b13 mixed mode bsd-amd64 compressed oops)
# Problematic frame:
# C  [libobjc.A.dylib+0x705d]  objc_msgSend+0x1d
#
# Failed to write core dump. Core dumps have been disabled. To enable core dumping, try "ulimit -c unlimited" before starting Java again
#
# If you would like to submit a bug report, please visit:
#   http://bugreport.java.com/bugreport/crash.jsp
# The crash happened outside the Java Virtual Machine in native code.
# See problematic frame for where to report the bug.
#

---------------  T H R E A D  ---------------

Current thread (0x00007fc9dd1c2800):  JavaThread "AWT-AppKit" daemon [_thread_in_native, id=775, stack(0x00007fff5ca80000,0x00007fff5d280000)]

siginfo: si_signo: 11 (SIGSEGV), si_code: 1 (SEGV_MAPERR), si_addr: 0x0000000000000018

Registers:
RAX=0x00007fc9e08163d0, RBX=0x000000018787b450, RCX=0x00007fc9ddd013c0, RDX=0x0000000000000000
RSP=0x00007fff5d27b238, RBP=0x00007fff5d27b2f0, RSI=0x00007fffbfe75116, RDI=0x00007fc9e081f0f0
R8 =0x0000000000000018, R9 =0x00007fc9ddd01360, R10=0x0000000000000000, R11=0x00007fffbfe75116
R12=0x0000000000000000, R13=0x00000001895f3958, R14=0x000000018787b440, R15=0x00007fc9dd1c2800
RIP=0x00007fffd65ee05d, EFLAGS=0x0000000000010246, ERR=0x0000000000000004
  TRAPNO=0x000000000000000e

Top of Stack: (sp=0x00007fff5d27b238)
0x00007fff5d27b238:   0000000187879157 00007fff5d27b290
0x00007fff5d27b248:   0000000000000003 00007fff5d27b270
0x00007fff5d27b258:   00000001033f2c62 00000001895f3958
0x00007fff5d27b268:   00000001895f3958 00007fc9e08163d0
0x00007fff5d27b278:   000000018787b6a0 000000018787b710
0x00007fff5d27b288:   00007fffdc6546d0 00007fffdd2841e0
0x00007fff5d27b298:   000000018787b450 000000018787b690
0x00007fff5d27b2a8:   00007fc9e08163d0 00007fc9e081f0f0
0x00007fff5d27b2b8:   00007fc9db4486a0 00007fc9e08163d0
0x00007fff5d27b2c8:   00007fc9e081f0f0 00007fff5d27b378
0x00007fff5d27b2d8:   00007fc9dd1c29f8 00000001895f3958
0x00007fff5d27b2e8:   00007fff5d27b3a0 00007fff5d27b368
0x00007fff5d27b2f8:   00000001055a59f4 00000001895f3958
0x00007fff5d27b308:   00007fff5d27b3a0 00007fff5d27b368
0x00007fff5d27b318:   00000001055a5787 00000001055a5742
0x00007fff5d27b328:   00007fff5d27b328 00000001895f3958
0x00007fff5d27b338:   00007fff5d27b3a0 00000001895f6590
0x00007fff5d27b348:   0000000000000000 00000001895f3958
0x00007fff5d27b358:   0000000000000000 00007fff5d27b388
0x00007fff5d27b368:   00007fff5d27b3e8 00000001055962bd
0x00007fff5d27b378:   00000007803927c0 000000010559f538
0x00007fff5d27b388:   00007fc9e08163d0 00007fff5d27b3e8
0x00007fff5d27b398:   00007fc9e081f0f0 00000001055a0e02
0x00007fff5d27b3a8:   00007fff5d27b3a8 00000001895f3b22
0x00007fff5d27b3b8:   00007fff5d27b410 00000001895f6590
0x00007fff5d27b3c8:   0000000000000000 00000001895f3b30
0x00007fff5d27b3d8:   00007fff5d27b388 00007fff5d27b3f8
0x00007fff5d27b3e8:   00007fff5d27b458 00000001055962bd
0x00007fff5d27b3f8:   00007fc9e08163d0 0000000780630eb8
0x00007fff5d27b408:   00007fc9e081f0f0 0000000780630eb8
0x00007fff5d27b418:   00007fff5d27b418 000000018d0b4a06
0x00007fff5d27b428:   00007fff5d27b468 000000018d0b4ac0 

Instructions: (pc=0x00007fffd65ee05d)
0x00007fffd65ee03d:   0f 1f 00 48 85 ff 2e 74 62 40 f6 c7 01 2e 75 66
0x00007fffd65ee04d:   49 ba f8 ff ff ff ff 7f 00 00 4c 23 17 49 89 f3
0x00007fffd65ee05d:   45 23 5a 18 49 c1 e3 04 4d 03 5a 10 49 3b 33 75
0x00007fffd65ee06d:   04 41 ff 63 08 49 83 3b 01 76 0d 49 83 c3 10 49 

Register to memory mapping:

RAX=0x00007fc9e08163d0 is an unknown value
RBX=0x000000018787b450: Java_jogamp_nativewindow_macosx_OSXUtil_GetScreenRefreshRate0+0x1cf0 in /private/var/folders/z5/dkh_k18x6bn8z6w6jj1k7pqm0000gn/T/jogamp_0000/file_cache/jln7263074368761911297/jln4222642702474244386/libnativewindow_macosx.jnilib at 0x0000000187874000
RCX=0x00007fc9ddd013c0 is an unknown value
RDX=0x0000000000000000 is an unknown value
RSP=0x00007fff5d27b238 is pointing into the stack for thread: 0x00007fc9dd1c2800
RBP=0x00007fff5d27b2f0 is pointing into the stack for thread: 0x00007fc9dd1c2800
RSI=0x00007fffbfe75116: __NSStyleNameIndexTable+0x7fd5e in /System/Library/Frameworks/AppKit.framework/Versions/C/AppKit at 0x00007fffbf208000
RDI=0x00007fc9e081f0f0 is an unknown value
R8 =0x0000000000000018 is an unknown value
R9 =0x00007fc9ddd01360 is an unknown value
R10=0x0000000000000000 is an unknown value
R11=0x00007fffbfe75116: __NSStyleNameIndexTable+0x7fd5e in /System/Library/Frameworks/AppKit.framework/Versions/C/AppKit at 0x00007fffbf208000
R12=0x0000000000000000 is an unknown value
R13={method} {0x00000001895f3958} 'UnsetJAWTRootSurfaceLayer0' '(JJ)V' in 'jogamp/nativewindow/jawt/macosx/MacOSXJAWTWindow'
R14=0x000000018787b440: Java_jogamp_nativewindow_macosx_OSXUtil_GetScreenRefreshRate0+0x1ce0 in /private/var/folders/z5/dkh_k18x6bn8z6w6jj1k7pqm0000gn/T/jogamp_0000/file_cache/jln7263074368761911297/jln4222642702474244386/libnativewindow_macosx.jnilib at 0x0000000187874000
R15=0x00007fc9dd1c2800 is a thread


Stack: [0x00007fff5ca80000,0x00007fff5d280000],  sp=0x00007fff5d27b238,  free space=8172k
Native frames: (J=compiled Java code, j=interpreted, Vv=VM code, C=native code)
C  [libobjc.A.dylib+0x705d]  objc_msgSend+0x1d
j  jogamp.nativewindow.jawt.macosx.MacOSXJAWTWindow.UnsetJAWTRootSurfaceLayer0(JJ)V+0
j  jogamp.nativewindow.jawt.macosx.MacOSXJAWTWindow.access$200(JJ)V+2
j  jogamp.nativewindow.jawt.macosx.MacOSXJAWTWindow$1.run()V+38
j  com.jogamp.common.util.RunnableTask.run()V+24
v  ~StubRoutines::call_stub
V  [libjvm.dylib+0x2ed9d6]  JavaCalls::call_helper(JavaValue*, methodHandle*, JavaCallArguments*, Thread*)+0x6ae
V  [libjvm.dylib+0x324b65]  jni_invoke_nonstatic(JNIEnv_*, JavaValue*, _jobject*, JNICallType, _jmethodID*, JNI_ArgumentPusher*, Thread*)+0x2ec
V  [libjvm.dylib+0x317333]  jni_CallVoidMethod+0x16b
C  [libnativewindow_macosx.jnilib+0x5326]  Java_jogamp_nativewindow_jawt_macosx_MacOSXJAWTWindow_UnsetJAWTRootSurfaceLayer0+0x2b6
C  [Foundation+0x7152a]  __NSThreadPerformPerform+0x146
C  [CoreFoundation+0xa7321]  __CFRUNLOOP_IS_CALLING_OUT_TO_A_SOURCE0_PERFORM_FUNCTION__+0x11
C  [CoreFoundation+0x8821d]  __CFRunLoopDoSources0+0x22d
C  [CoreFoundation+0x87716]  __CFRunLoopRun+0x3a6
C  [CoreFoundation+0x87114]  CFRunLoopRunSpecific+0x1a4
C  [HIToolbox+0x30ebc]  RunCurrentEventLoopInMode+0xf0
C  [HIToolbox+0x30bf9]  ReceiveNextEventCommon+0xb8
C  [HIToolbox+0x30b26]  _BlockUntilNextEventMatchingListInModeWithFilter+0x47
C  [AppKit+0x46a54]  _DPSNextEvent+0x460
C  [AppKit+0x7c27ee]  -[NSApplication(NSEvent) _nextEventMatchingEventMask:untilDate:inMode:dequeue:]+0xaec
C  [libosxapp.dylib+0x23aa]  -[NSApplicationAWT nextEventMatchingMask:untilDate:inMode:dequeue:]+0x7c
C  [AppKit+0x3b3db]  -[NSApplication run]+0x39e
C  [libosxapp.dylib+0x214d]  +[NSApplicationAWT runAWTLoopWithApp:]+0x9c
C  [libawt_lwawt.dylib+0x45ff7]  -[AWTStarter starter:]+0x389
C  [Foundation+0x7152a]  __NSThreadPerformPerform+0x146
C  [CoreFoundation+0xa7321]  __CFRUNLOOP_IS_CALLING_OUT_TO_A_SOURCE0_PERFORM_FUNCTION__+0x11
C  [CoreFoundation+0x8821d]  __CFRunLoopDoSources0+0x22d
C  [CoreFoundation+0x87716]  __CFRunLoopRun+0x3a6
C  [CoreFoundation+0x87114]  CFRunLoopRunSpecific+0x1a4
C  [java+0x6465]  CreateExecutionEnvironment+0x367
C  [java+0x218c]  JLI_Launch+0x7a0
C  [java+0x84c2]  main+0x65
C  [java+0x19e4]  start+0x34
C  0x0000000000000007

Java frames: (J=compiled Java code, j=interpreted, Vv=VM code)
j  jogamp.nativewindow.jawt.macosx.MacOSXJAWTWindow.UnsetJAWTRootSurfaceLayer0(JJ)V+0
j  jogamp.nativewindow.jawt.macosx.MacOSXJAWTWindow.access$200(JJ)V+2
j  jogamp.nativewindow.jawt.macosx.MacOSXJAWTWindow$1.run()V+38
j  com.jogamp.common.util.RunnableTask.run()V+24
v  ~StubRoutines::call_stub

---------------  P R O C E S S  ---------------

Java Threads: ( => current thread )
  0x00007fc9dc880800 JavaThread "Thread-44" [_thread_blocked, id=77339, stack(0x00007000025ba000,0x00007000026ba000)]
  0x00007fc9db9cc000 JavaThread "AWT-EventQueue-1" [_thread_in_native, id=69907, stack(0x0000700002cd5000,0x0000700002dd5000)]
  0x00007fc9dc003800 JavaThread "DestroyJavaVM" [_thread_blocked, id=7171, stack(0x000070000160a000,0x000070000170a000)]
  0x00007fc9db935800 JavaThread "AWT-EventQueue-0" [_thread_blocked, id=64515, stack(0x0000700002acf000,0x0000700002bcf000)]
  0x00007fc9dc98c800 JavaThread "Java2D Disposer" daemon [_thread_blocked, id=56847, stack(0x0000700002846000,0x0000700002946000)]
  0x00007fc9dc0cb000 JavaThread "Java2D Queue Flusher" daemon [_thread_blocked, id=47663, stack(0x0000700002743000,0x0000700002843000)]
  0x00007fc9dd1be000 JavaThread "AWT-Shutdown" [_thread_blocked, id=29471, stack(0x00007000024b7000,0x00007000025b7000)]
=>0x00007fc9dd1c2800 JavaThread "AWT-AppKit" daemon [_thread_in_native, id=775, stack(0x00007fff5ca80000,0x00007fff5d280000)]
  0x00007fc9dc01b000 JavaThread "Service Thread" daemon [_thread_blocked, id=18691, stack(0x000070000222e000,0x000070000232e000)]
  0x00007fc9dd05b800 JavaThread "C1 CompilerThread2" daemon [_thread_blocked, id=18179, stack(0x000070000212b000,0x000070000222b000)]
  0x00007fc9dd05b000 JavaThread "C2 CompilerThread1" daemon [_thread_blocked, id=17667, stack(0x0000700002028000,0x0000700002128000)]
  0x00007fc9dd069000 JavaThread "C2 CompilerThread0" daemon [_thread_blocked, id=17155, stack(0x0000700001f25000,0x0000700002025000)]
  0x00007fc9db810000 JavaThread "Signal Dispatcher" daemon [_thread_blocked, id=16643, stack(0x0000700001e22000,0x0000700001f22000)]
  0x00007fc9dd023800 JavaThread "Finalizer" daemon [_thread_blocked, id=12547, stack(0x0000700001d1f000,0x0000700001e1f000)]
  0x00007fc9dd021000 JavaThread "Reference Handler" daemon [_thread_blocked, id=12035, stack(0x0000700001c1c000,0x0000700001d1c000)]

Other Threads:
  0x00007fc9dc82c000 VMThread [stack: 0x0000700001b19000,0x0000700001c19000] [id=11523]
  0x00007fc9db80c800 WatcherThread [stack: 0x0000700002331000,0x0000700002431000] [id=19203]

VM state:not at safepoint (normal execution)

VM Mutex/Monitor currently owned by a thread: None

Heap:
 PSYoungGen      total 22016K, used 2926K [0x00000007aab00000, 0x00000007ac180000, 0x00000007c0000000)
  eden space 21504K, 13% used [0x00000007aab00000,0x00000007aadc3948,0x00000007ac000000)
  from space 512K, 18% used [0x00000007ac080000,0x00000007ac098000,0x00000007ac100000)
  to   space 512K, 0% used [0x00000007ac100000,0x00000007ac100000,0x00000007ac180000)
 ParOldGen       total 37888K, used 28840K [0x0000000780000000, 0x0000000782500000, 0x00000007aab00000)
  object space 37888K, 76% used [0x0000000780000000,0x0000000781c2a2b8,0x0000000782500000)
 Metaspace       used 24893K, capacity 25161K, committed 25344K, reserved 1073152K
  class space    used 2458K, capacity 2543K, committed 2560K, reserved 1048576K

Card table byte_map: [0x00000001045b6000,0x00000001047b7000] byte_map_base: 0x00000001009b6000

Marking Bits: (ParMarkBitMap*) 0x0000000103af0d30
 Begin Bits: [0x000000011458e000, 0x000000011558e000)
 End Bits:   [0x000000011558e000, 0x000000011658e000)

Polling page: 0x00000001029fd000

CodeCache: size=245760Kb used=9808Kb max_used=10672Kb free=235951Kb
 bounds [0x000000010558e000, 0x000000010605e000, 0x000000011458e000]
 total_blobs=3902 nmethods=2971 adapters=844
 compilation: enabled

Compilation events (10 events):
Event: 503.389 Thread 0x00007fc9dd05b800 3724       3       sun.misc.VM::toThreadState (68 bytes)
Event: 503.390 Thread 0x00007fc9dd05b800 nmethod 3724 0x0000000105dd0a10 code [0x0000000105dd0ba0, 0x0000000105dd0ed0]
Event: 503.401 Thread 0x00007fc9dd069000 3725       4       sun.java2d.SurfaceData::pixelFor (13 bytes)
Event: 503.404 Thread 0x00007fc9dd069000 nmethod 3725 0x0000000105e40e10 code [0x0000000105e40f60, 0x0000000105e41058]
Event: 503.410 Thread 0x00007fc9dd05b800 3726  s    3       sun.font.FontAccess::getFontAccess (4 bytes)
Event: 503.410 Thread 0x00007fc9dd05b800 nmethod 3726 0x0000000105828bd0 code [0x0000000105828d40, 0x0000000105828ff0]
Event: 503.454 Thread 0x00007fc9dd05b000 3727  s    4       sun.misc.URLClassPath::getNextLoader (88 bytes)
Event: 503.454 Thread 0x00007fc9dd05b800 3728  s!   2       sun.misc.URLClassPath::getLoader (243 bytes)
Event: 503.458 Thread 0x00007fc9dd05b800 nmethod 3728 0x0000000105d30090 code [0x0000000105d30380, 0x0000000105d31b48]
Event: 503.462 Thread 0x00007fc9dd05b000 nmethod 3727 0x0000000105b04110 code [0x0000000105b04280, 0x0000000105b049f8]

GC Heap History (10 events):
Event: 494.932 GC heap before
{Heap before GC invocations=176 (full 1):
 PSYoungGen      total 22016K, used 21568K [0x00000007aab00000, 0x00000007ac180000, 0x00000007c0000000)
  eden space 21504K, 100% used [0x00000007aab00000,0x00000007ac000000,0x00000007ac000000)
  from space 512K, 12% used [0x00000007ac100000,0x00000007ac110000,0x00000007ac180000)
  to   space 512K, 0% used [0x00000007ac080000,0x00000007ac080000,0x00000007ac100000)
 ParOldGen       total 37888K, used 28840K [0x0000000780000000, 0x0000000782500000, 0x00000007aab00000)
  object space 37888K, 76% used [0x0000000780000000,0x0000000781c2a2b8,0x0000000782500000)
 Metaspace       used 24857K, capacity 25161K, committed 25344K, reserved 1073152K
  class space    used 2450K, capacity 2543K, committed 2560K, reserved 1048576K
Event: 494.934 GC heap after
Heap after GC invocations=176 (full 1):
 PSYoungGen      total 22016K, used 96K [0x00000007aab00000, 0x00000007ac180000, 0x00000007c0000000)
  eden space 21504K, 0% used [0x00000007aab00000,0x00000007aab00000,0x00000007ac000000)
  from space 512K, 18% used [0x00000007ac080000,0x00000007ac098000,0x00000007ac100000)
  to   space 512K, 0% used [0x00000007ac100000,0x00000007ac100000,0x00000007ac180000)
 ParOldGen       total 37888K, used 28840K [0x0000000780000000, 0x0000000782500000, 0x00000007aab00000)
  object space 37888K, 76% used [0x0000000780000000,0x0000000781c2a2b8,0x0000000782500000)
 Metaspace       used 24857K, capacity 25161K, committed 25344K, reserved 1073152K
  class space    used 2450K, capacity 2543K, committed 2560K, reserved 1048576K
}
Event: 496.967 GC heap before
{Heap before GC invocations=177 (full 1):
 PSYoungGen      total 22016K, used 21600K [0x00000007aab00000, 0x00000007ac180000, 0x00000007c0000000)
  eden space 21504K, 100% used [0x00000007aab00000,0x00000007ac000000,0x00000007ac000000)
  from space 512K, 18% used [0x00000007ac080000,0x00000007ac098000,0x00000007ac100000)
  to   space 512K, 0% used [0x00000007ac100000,0x00000007ac100000,0x00000007ac180000)
 ParOldGen       total 37888K, used 28840K [0x0000000780000000, 0x0000000782500000, 0x00000007aab00000)
  object space 37888K, 76% used [0x0000000780000000,0x0000000781c2a2b8,0x0000000782500000)
 Metaspace       used 24857K, capacity 25161K, committed 25344K, reserved 1073152K
  class space    used 2450K, capacity 2543K, committed 2560K, reserved 1048576K
Event: 496.969 GC heap after
Heap after GC invocations=177 (full 1):
 PSYoungGen      total 22016K, used 64K [0x00000007aab00000, 0x00000007ac180000, 0x00000007c0000000)
  eden space 21504K, 0% used [0x00000007aab00000,0x00000007aab00000,0x00000007ac000000)
  from space 512K, 12% used [0x00000007ac100000,0x00000007ac110000,0x00000007ac180000)
  to   space 512K, 0% used [0x00000007ac080000,0x00000007ac080000,0x00000007ac100000)
 ParOldGen       total 37888K, used 28840K [0x0000000780000000, 0x0000000782500000, 0x00000007aab00000)
  object space 37888K, 76% used [0x0000000780000000,0x0000000781c2a2b8,0x0000000782500000)
 Metaspace       used 24857K, capacity 25161K, committed 25344K, reserved 1073152K
  class space    used 2450K, capacity 2543K, committed 2560K, reserved 1048576K
}
Event: 499.064 GC heap before
{Heap before GC invocations=178 (full 1):
 PSYoungGen      total 22016K, used 21568K [0x00000007aab00000, 0x00000007ac180000, 0x00000007c0000000)
  eden space 21504K, 100% used [0x00000007aab00000,0x00000007ac000000,0x00000007ac000000)
  from space 512K, 12% used [0x00000007ac100000,0x00000007ac110000,0x00000007ac180000)
  to   space 512K, 0% used [0x00000007ac080000,0x00000007ac080000,0x00000007ac100000)
 ParOldGen       total 37888K, used 28840K [0x0000000780000000, 0x0000000782500000, 0x00000007aab00000)
  object space 37888K, 76% used [0x0000000780000000,0x0000000781c2a2b8,0x0000000782500000)
 Metaspace       used 24857K, capacity 25161K, committed 25344K, reserved 1073152K
  class space    used 2450K, capacity 2543K, committed 2560K, reserved 1048576K
Event: 499.073 GC heap after
Heap after GC invocations=178 (full 1):
 PSYoungGen      total 22016K, used 64K [0x00000007aab00000, 0x00000007ac180000, 0x00000007c0000000)
  eden space 21504K, 0% used [0x00000007aab00000,0x00000007aab00000,0x00000007ac000000)
  from space 512K, 12% used [0x00000007ac080000,0x00000007ac090000,0x00000007ac100000)
  to   space 512K, 0% used [0x00000007ac100000,0x00000007ac100000,0x00000007ac180000)
 ParOldGen       total 37888K, used 28840K [0x0000000780000000, 0x0000000782500000, 0x00000007aab00000)
  object space 37888K, 76% used [0x0000000780000000,0x0000000781c2a2b8,0x0000000782500000)
 Metaspace       used 24857K, capacity 25161K, committed 25344K, reserved 1073152K
  class space    used 2450K, capacity 2543K, committed 2560K, reserved 1048576K
}
Event: 501.118 GC heap before
{Heap before GC invocations=179 (full 1):
 PSYoungGen      total 22016K, used 21568K [0x00000007aab00000, 0x00000007ac180000, 0x00000007c0000000)
  eden space 21504K, 100% used [0x00000007aab00000,0x00000007ac000000,0x00000007ac000000)
  from space 512K, 12% used [0x00000007ac080000,0x00000007ac090000,0x00000007ac100000)
  to   space 512K, 0% used [0x00000007ac100000,0x00000007ac100000,0x00000007ac180000)
 ParOldGen       total 37888K, used 28840K [0x0000000780000000, 0x0000000782500000, 0x00000007aab00000)
  object space 37888K, 76% used [0x0000000780000000,0x0000000781c2a2b8,0x0000000782500000)
 Metaspace       used 24857K, capacity 25161K, committed 25344K, reserved 1073152K
  class space    used 2450K, capacity 2543K, committed 2560K, reserved 1048576K
Event: 501.122 GC heap after
Heap after GC invocations=179 (full 1):
 PSYoungGen      total 22016K, used 64K [0x00000007aab00000, 0x00000007ac180000, 0x00000007c0000000)
  eden space 21504K, 0% used [0x00000007aab00000,0x00000007aab00000,0x00000007ac000000)
  from space 512K, 12% used [0x00000007ac100000,0x00000007ac110000,0x00000007ac180000)
  to   space 512K, 0% used [0x00000007ac080000,0x00000007ac080000,0x00000007ac100000)
 ParOldGen       total 37888K, used 28840K [0x0000000780000000, 0x0000000782500000, 0x00000007aab00000)
  object space 37888K, 76% used [0x0000000780000000,0x0000000781c2a2b8,0x0000000782500000)
 Metaspace       used 24857K, capacity 25161K, committed 25344K, reserved 1073152K
  class space    used 2450K, capacity 2543K, committed 2560K, reserved 1048576K
}
Event: 503.247 GC heap before
{Heap before GC invocations=180 (full 1):
 PSYoungGen      total 22016K, used 21568K [0x00000007aab00000, 0x00000007ac180000, 0x00000007c0000000)
  eden space 21504K, 100% used [0x00000007aab00000,0x00000007ac000000,0x00000007ac000000)
  from space 512K, 12% used [0x00000007ac100000,0x00000007ac110000,0x00000007ac180000)
  to   space 512K, 0% used [0x00000007ac080000,0x00000007ac080000,0x00000007ac100000)
 ParOldGen       total 37888K, used 28840K [0x0000000780000000, 0x0000000782500000, 0x00000007aab00000)
  object space 37888K, 76% used [0x0000000780000000,0x0000000781c2a2b8,0x0000000782500000)
 Metaspace       used 24857K, capacity 25161K, committed 25344K, reserved 1073152K
  class space    used 2450K, capacity 2543K, committed 2560K, reserved 1048576K
Event: 503.249 GC heap after
Heap after GC invocations=180 (full 1):
 PSYoungGen      total 22016K, used 96K [0x00000007aab00000, 0x00000007ac180000, 0x00000007c0000000)
  eden space 21504K, 0% used [0x00000007aab00000,0x00000007aab00000,0x00000007ac000000)
  from space 512K, 18% used [0x00000007ac080000,0x00000007ac098000,0x00000007ac100000)
  to   space 512K, 0% used [0x00000007ac100000,0x00000007ac100000,0x00000007ac180000)
 ParOldGen       total 37888K, used 28840K [0x0000000780000000, 0x0000000782500000, 0x00000007aab00000)
  object space 37888K, 76% used [0x0000000780000000,0x0000000781c2a2b8,0x0000000782500000)
 Metaspace       used 24857K, capacity 25161K, committed 25344K, reserved 1073152K
  class space    used 2450K, capacity 2543K, committed 2560K, reserved 1048576K
}

Deoptimization events (10 events):
Event: 503.447 Thread 0x00007fc9dd26b800 Uncommon trap: reason=bimorphic action=maybe_recompile pc=0x0000000105b98510 method=java.util.HashMap.putVal(ILjava/lang/Object;Ljava/lang/Object;ZZ)Ljava/lang/Object; @ 91
Event: 503.447 Thread 0x00007fc9dd26b800 Uncommon trap: reason=bimorphic action=maybe_recompile pc=0x0000000105b4d578 method=java.util.HashMap.putVal(ILjava/lang/Object;Ljava/lang/Object;ZZ)Ljava/lang/Object; @ 91
Event: 503.448 Thread 0x00007fc9db935800 Uncommon trap: reason=class_check action=maybe_recompile pc=0x0000000105f75d88 method=java.awt.event.InvocationEvent.dispatch()V @ 47
Event: 503.448 Thread 0x00007fc9db935800 Uncommon trap: reason=class_check action=maybe_recompile pc=0x0000000105c2141c method=java.awt.Component.getGraphics()Ljava/awt/Graphics; @ 114
Event: 503.454 Thread 0x00007fc9dd1c2800 Uncommon trap: reason=class_check action=maybe_recompile pc=0x0000000105b59240 method=com.jogamp.common.util.RunnableTask.run()V @ 24
Event: 503.455 Thread 0x00007fc9dd1c2800 Uncommon trap: reason=unstable_if action=reinterpret pc=0x0000000105c7d53c method=jogamp.nativewindow.macosx.OSXUtil.RunOnMainThread(ZZLjava/lang/Runnable;)V @ 3
Event: 503.465 Thread 0x00007fc9db9cc000 Uncommon trap: reason=unstable_if action=reinterpret pc=0x00000001057ce9c0 method=jogamp.opengl.GLContextImpl.release(Z)V @ 161
Event: 503.469 Thread 0x00007fc9db9cc000 Uncommon trap: reason=unstable_if action=reinterpret pc=0x0000000105fbc598 method=java.util.LinkedList$ListItr.<init>(Ljava/util/LinkedList;I)V @ 26
Event: 503.470 Thread 0x00007fc9db9cc000 Uncommon trap: reason=unstable_if action=reinterpret pc=0x0000000105e943dc method=java.security.AccessControlContext.optimize()Ljava/security/AccessControlContext; @ 233
Event: 503.474 Thread 0x00007fc9dd1c2800 Uncommon trap: reason=class_check action=maybe_recompile pc=0x0000000105b59240 method=com.jogamp.common.util.RunnableTask.run()V @ 24

Internal exceptions (10 events):
Event: 0.264 Thread 0x00007fc9dc003800 Exception <a 'java/lang/NoSuchFieldError': method resolution failed> (0x00000007aacd61a8) thrown at [/Users/java_re/workspace/8-2-build-macosx-x86_64/jdk8u121/8372/hotspot/src/share/vm/prims/methodHandles.cpp, line 1146]
Event: 0.533 Thread 0x00007fc9dc003800 Exception <a 'java/io/FileNotFoundException'> (0x00000007aad52d90) thrown at [/Users/java_re/workspace/8-2-build-macosx-x86_64/jdk8u121/8372/hotspot/src/share/vm/prims/jni.cpp, line 709]
Event: 0.533 Thread 0x00007fc9dc003800 Exception <a 'java/io/FileNotFoundException'> (0x00000007aad538e0) thrown at [/Users/java_re/workspace/8-2-build-macosx-x86_64/jdk8u121/8372/hotspot/src/share/vm/prims/jni.cpp, line 709]
Event: 0.735 Thread 0x00007fc9dc003800 Exception <a 'java/io/FileNotFoundException'> (0x00000007aae8c2b0) thrown at [/Users/java_re/workspace/8-2-build-macosx-x86_64/jdk8u121/8372/hotspot/src/share/vm/prims/jni.cpp, line 709]
Event: 4.243 Thread 0x00007fc9dd023800 Exception <a 'java/lang/NullPointerException'> (0x00000007aab879c8) thrown at [/Users/java_re/workspace/8-2-build-macosx-x86_64/jdk8u121/8372/hotspot/src/share/vm/interpreter/linkResolver.cpp, line 1178]
Event: 4.366 Thread 0x00007fc9db9ba000 Exception <a 'java/lang/UnsatisfiedLinkError': com.jogamp.common.util.JarUtil.fixNativeLibAttribs(Ljava/lang/String;)Z> (0x00000007aaf41b30) thrown at [/Users/java_re/workspace/8-2-build-macosx-x86_64/jdk8u121/8372/hotspot/src/share/vm/prims/nativeLookup.
Event: 5.944 Thread 0x00007fc9db9cc000 Exception <a 'java/io/FileNotFoundException'> (0x00000007ab1302a0) thrown at [/Users/java_re/workspace/8-2-build-macosx-x86_64/jdk8u121/8372/hotspot/src/share/vm/prims/jni.cpp, line 709]
Event: 5.944 Thread 0x00007fc9db9cc000 Exception <a 'java/io/FileNotFoundException'> (0x00000007ab136488) thrown at [/Users/java_re/workspace/8-2-build-macosx-x86_64/jdk8u121/8372/hotspot/src/share/vm/prims/jni.cpp, line 709]
Event: 5.945 Thread 0x00007fc9db9cc000 Implicit null exception at 0x0000000105756476 to 0x0000000105756845
Event: 6.664 Thread 0x00007fc9db9cc000 Implicit null exception at 0x0000000105938546 to 0x000000010593878d

Events (10 events):
Event: 503.471 loading class java/awt/LightweightDispatcher$2 done
Event: 503.471 loading class java/awt/event/AWTEventListenerProxy
Event: 503.471 loading class java/awt/event/AWTEventListenerProxy done
Event: 503.471 Executing VM operation: Deoptimize
Event: 503.474 Executing VM operation: Deoptimize done
Event: 503.474 loading class java/awt/Toolkit$ToolkitEventMulticaster
Event: 503.474 Thread 0x00007fc9dd1c2800 Uncommon trap: trap_request=0xffffffde fr.pc=0x0000000105b59240
Event: 503.474 Thread 0x00007fc9dd1c2800 DEOPT PACKING pc=0x0000000105b59240 sp=0x00007fff5d27b4b0
Event: 503.474 Thread 0x00007fc9dd1c2800 DEOPT UNPACKING pc=0x0000000105593229 sp=0x00007fff5d27b458 mode 2
Event: 503.474 loading class java/awt/Toolkit$ToolkitEventMulticaster done


Dynamic libraries:
0x000000004c357000 	/System/Library/Frameworks/Cocoa.framework/Versions/A/Cocoa
0x000000004c357000 	/System/Library/Frameworks/Security.framework/Versions/A/Security
0x000000004c357000 	/System/Library/Frameworks/ApplicationServices.framework/Versions/A/ApplicationServices
0x000000004c357000 	/usr/lib/libz.1.dylib
0x000000004c357000 	/usr/lib/libSystem.B.dylib
0x000000004c357000 	/usr/lib/libobjc.A.dylib
0x000000004c357000 	/System/Library/Frameworks/CoreFoundation.framework/Versions/A/CoreFoundation
0x000000004c357000 	/System/Library/Frameworks/Foundation.framework/Versions/C/Foundation
0x000000004c357000 	/System/Library/Frameworks/AppKit.framework/Versions/C/AppKit
0x000000004c357000 	/System/Library/Frameworks/CoreData.framework/Versions/A/CoreData
0x000000004c357000 	/System/Library/PrivateFrameworks/RemoteViewServices.framework/Versions/A/RemoteViewServices
0x000000004c357000 	/System/Library/PrivateFrameworks/UIFoundation.framework/Versions/A/UIFoundation
0x000000004c357000 	/System/Library/PrivateFrameworks/DFRFoundation.framework/Versions/A/DFRFoundation
0x000000004c357000 	/usr/lib/libenergytrace.dylib
0x000000004c357000 	/System/Library/PrivateFrameworks/SkyLight.framework/Versions/A/SkyLight
0x000000004c357000 	/System/Library/Frameworks/CoreGraphics.framework/Versions/A/CoreGraphics
0x000000004c357000 	/usr/lib/libScreenReader.dylib
0x000000004c357000 	/System/Library/Frameworks/Accelerate.framework/Versions/A/Accelerate
0x000000004c357000 	/System/Library/Frameworks/IOSurface.framework/Versions/A/IOSurface
0x000000004c357000 	/System/Library/Frameworks/AudioToolbox.framework/Versions/A/AudioToolbox
0x000000004c357000 	/System/Library/Frameworks/AudioUnit.framework/Versions/A/AudioUnit
0x000000004c357000 	/System/Library/PrivateFrameworks/DataDetectorsCore.framework/Versions/A/DataDetectorsCore
0x000000004c357000 	/System/Library/PrivateFrameworks/DesktopServicesPriv.framework/Versions/A/DesktopServicesPriv
0x000000004c357000 	/System/Library/Frameworks/Carbon.framework/Versions/A/Frameworks/HIToolbox.framework/Versions/A/HIToolbox
0x000000004c357000 	/usr/lib/libicucore.A.dylib
0x000000004c357000 	/System/Library/Frameworks/QuartzCore.framework/Versions/A/QuartzCore
0x000000004c357000 	/System/Library/Frameworks/Carbon.framework/Versions/A/Frameworks/SpeechRecognition.framework/Versions/A/SpeechRecognition
0x000000004c357000 	/usr/lib/libauto.dylib
0x000000004c357000 	/usr/lib/libxml2.2.dylib
0x000000004c357000 	/System/Library/PrivateFrameworks/CoreUI.framework/Versions/A/CoreUI
0x000000004c357000 	/System/Library/Frameworks/CoreAudio.framework/Versions/A/CoreAudio
0x000000004c357000 	/System/Library/Frameworks/DiskArbitration.framework/Versions/A/DiskArbitration
0x000000004c357000 	/usr/lib/liblangid.dylib
0x000000004c357000 	/System/Library/PrivateFrameworks/MultitouchSupport.framework/Versions/A/MultitouchSupport
0x000000004c357000 	/System/Library/Frameworks/IOKit.framework/Versions/A/IOKit
0x000000004c357000 	/usr/lib/libDiagnosticMessagesClient.dylib
0x000000004c357000 	/System/Library/Frameworks/CoreServices.framework/Versions/A/CoreServices
0x000000004c357000 	/System/Library/PrivateFrameworks/PerformanceAnalysis.framework/Versions/A/PerformanceAnalysis
0x000000004c357000 	/System/Library/PrivateFrameworks/GenerationalStorage.framework/Versions/A/GenerationalStorage
0x000000004c357000 	/System/Library/Frameworks/OpenGL.framework/Versions/A/OpenGL
0x000000004c357000 	/System/Library/Frameworks/CoreImage.framework/Versions/A/CoreImage
0x000000004c357000 	/System/Library/Frameworks/CoreText.framework/Versions/A/CoreText
0x000000004c357000 	/System/Library/Frameworks/ImageIO.framework/Versions/A/ImageIO
0x000000004c357000 	/System/Library/PrivateFrameworks/Backup.framework/Versions/A/Backup
0x000000004c357000 	/usr/lib/libarchive.2.dylib
0x000000004c357000 	/System/Library/Frameworks/CFNetwork.framework/Versions/A/CFNetwork
0x000000004c357000 	/System/Library/Frameworks/SystemConfiguration.framework/Versions/A/SystemConfiguration
0x000000004c357000 	/usr/lib/libCRFSuite.dylib
0x000000004c357000 	/usr/lib/libc++.1.dylib
0x000000004c357000 	/usr/lib/libc++abi.dylib
0x000000004c357000 	/usr/lib/system/libcache.dylib
0x000000004c357000 	/usr/lib/system/libcommonCrypto.dylib
0x000000004c357000 	/usr/lib/system/libcompiler_rt.dylib
0x000000004c357000 	/usr/lib/system/libcopyfile.dylib
0x000000004c357000 	/usr/lib/system/libcorecrypto.dylib
0x000000004c357000 	/usr/lib/system/libdispatch.dylib
0x000000004c357000 	/usr/lib/system/libdyld.dylib
0x000000004c357000 	/usr/lib/system/libkeymgr.dylib
0x000000004c357000 	/usr/lib/system/liblaunch.dylib
0x000000004c357000 	/usr/lib/system/libmacho.dylib
0x000000004c357000 	/usr/lib/system/libquarantine.dylib
0x000000004c357000 	/usr/lib/system/libremovefile.dylib
0x000000004c357000 	/usr/lib/system/libsystem_asl.dylib
0x000000004c357000 	/usr/lib/system/libsystem_blocks.dylib
0x000000004c357000 	/usr/lib/system/libsystem_c.dylib
0x000000004c357000 	/usr/lib/system/libsystem_configuration.dylib
0x000000004c357000 	/usr/lib/system/libsystem_coreservices.dylib
0x000000004c357000 	/usr/lib/system/libsystem_coretls.dylib
0x000000004c357000 	/usr/lib/system/libsystem_dnssd.dylib
0x000000004c357000 	/usr/lib/system/libsystem_info.dylib
0x000000004c357000 	/usr/lib/system/libsystem_kernel.dylib
0x000000004c357000 	/usr/lib/system/libsystem_m.dylib
0x000000004c357000 	/usr/lib/system/libsystem_malloc.dylib
0x000000004c357000 	/usr/lib/system/libsystem_network.dylib
0x000000004c357000 	/usr/lib/system/libsystem_networkextension.dylib
0x000000004c357000 	/usr/lib/system/libsystem_notify.dylib
0x000000004c357000 	/usr/lib/system/libsystem_platform.dylib
0x000000004c357000 	/usr/lib/system/libsystem_pthread.dylib
0x000000004c357000 	/usr/lib/system/libsystem_sandbox.dylib
0x000000004c357000 	/usr/lib/system/libsystem_secinit.dylib
0x000000004c357000 	/usr/lib/system/libsystem_symptoms.dylib
0x000000004c357000 	/usr/lib/system/libsystem_trace.dylib
0x000000004c357000 	/usr/lib/system/libunwind.dylib
0x000000004c357000 	/usr/lib/system/libxpc.dylib
0x000000004c357000 	/usr/lib/libbsm.0.dylib
0x000000004c357000 	/usr/lib/system/libkxld.dylib
0x000000004c357000 	/usr/lib/libcoretls.dylib
0x000000004c357000 	/usr/lib/libcoretls_cfhelpers.dylib
0x000000004c357000 	/usr/lib/libOpenScriptingUtil.dylib
0x000000004c357000 	/usr/lib/libpam.2.dylib
0x000000004c357000 	/usr/lib/libsqlite3.dylib
0x000000004c357000 	/usr/lib/libxar.1.dylib
0x000000004c357000 	/usr/lib/libbz2.1.0.dylib
0x000000004c357000 	/usr/lib/liblzma.5.dylib
0x000000004c357000 	/usr/lib/libnetwork.dylib
0x000000004c357000 	/usr/lib/libpcap.A.dylib
0x000000004c357000 	/System/Library/Frameworks/CoreServices.framework/Versions/A/Frameworks/FSEvents.framework/Versions/A/FSEvents
0x000000004c357000 	/System/Library/Frameworks/CoreServices.framework/Versions/A/Frameworks/CarbonCore.framework/Versions/A/CarbonCore
0x000000004c357000 	/System/Library/Frameworks/CoreServices.framework/Versions/A/Frameworks/Metadata.framework/Versions/A/Metadata
0x000000004c357000 	/System/Library/Frameworks/CoreServices.framework/Versions/A/Frameworks/OSServices.framework/Versions/A/OSServices
0x000000004c357000 	/System/Library/Frameworks/CoreServices.framework/Versions/A/Frameworks/SearchKit.framework/Versions/A/SearchKit
0x000000004c357000 	/System/Library/Frameworks/CoreServices.framework/Versions/A/Frameworks/AE.framework/Versions/A/AE
0x000000004c357000 	/System/Library/Frameworks/CoreServices.framework/Versions/A/Frameworks/LaunchServices.framework/Versions/A/LaunchServices
0x000000004c357000 	/System/Library/Frameworks/CoreServices.framework/Versions/A/Frameworks/DictionaryServices.framework/Versions/A/DictionaryServices
0x000000004c357000 	/System/Library/Frameworks/CoreServices.framework/Versions/A/Frameworks/SharedFileList.framework/Versions/A/SharedFileList
0x000000004c357000 	/System/Library/Frameworks/NetFS.framework/Versions/A/NetFS
0x000000004c357000 	/System/Library/PrivateFrameworks/NetAuth.framework/Versions/A/NetAuth
0x000000004c357000 	/System/Library/PrivateFrameworks/login.framework/Versions/A/Frameworks/loginsupport.framework/Versions/A/loginsupport
0x000000004c357000 	/System/Library/PrivateFrameworks/TCC.framework/Versions/A/TCC
0x000000004c357000 	/usr/lib/libmecabra.dylib
0x000000004c357000 	/System/Library/Frameworks/ApplicationServices.framework/Versions/A/Frameworks/ATS.framework/Versions/A/ATS
0x000000004c357000 	/System/Library/Frameworks/ApplicationServices.framework/Versions/A/Frameworks/ColorSync.framework/Versions/A/ColorSync
0x000000004c357000 	/System/Library/Frameworks/ApplicationServices.framework/Versions/A/Frameworks/HIServices.framework/Versions/A/HIServices
0x000000004c357000 	/System/Library/Frameworks/ApplicationServices.framework/Versions/A/Frameworks/LangAnalysis.framework/Versions/A/LangAnalysis
0x000000004c357000 	/System/Library/Frameworks/ApplicationServices.framework/Versions/A/Frameworks/PrintCore.framework/Versions/A/PrintCore
0x000000004c357000 	/System/Library/Frameworks/ApplicationServices.framework/Versions/A/Frameworks/QD.framework/Versions/A/QD
0x000000004c357000 	/System/Library/Frameworks/ApplicationServices.framework/Versions/A/Frameworks/SpeechSynthesis.framework/Versions/A/SpeechSynthesis
0x000000004c357000 	/System/Library/Frameworks/Accelerate.framework/Versions/A/Frameworks/vImage.framework/Versions/A/vImage
0x000000004c357000 	/System/Library/Frameworks/Accelerate.framework/Versions/A/Frameworks/vecLib.framework/Versions/A/vecLib
0x000000004c357000 	/System/Library/Frameworks/Accelerate.framework/Versions/A/Frameworks/vecLib.framework/Versions/A/libvDSP.dylib
0x000000004c357000 	/System/Library/Frameworks/Accelerate.framework/Versions/A/Frameworks/vecLib.framework/Versions/A/libBNNS.dylib
0x000000004c357000 	/System/Library/Frameworks/Accelerate.framework/Versions/A/Frameworks/vecLib.framework/Versions/A/libQuadrature.dylib
0x000000004c357000 	/System/Library/Frameworks/Accelerate.framework/Versions/A/Frameworks/vecLib.framework/Versions/A/libvMisc.dylib
0x000000004c357000 	/System/Library/Frameworks/Accelerate.framework/Versions/A/Frameworks/vecLib.framework/Versions/A/libLAPACK.dylib
0x000000004c357000 	/System/Library/Frameworks/Accelerate.framework/Versions/A/Frameworks/vecLib.framework/Versions/A/libBLAS.dylib
0x000000004c357000 	/System/Library/Frameworks/Accelerate.framework/Versions/A/Frameworks/vecLib.framework/Versions/A/libLinearAlgebra.dylib
0x000000004c357000 	/System/Library/Frameworks/Accelerate.framework/Versions/A/Frameworks/vecLib.framework/Versions/A/libSparseBLAS.dylib
0x000000004c357000 	/System/Library/Frameworks/ApplicationServices.framework/Versions/A/Frameworks/ATS.framework/Versions/A/Resources/libFontParser.dylib
0x000000004c357000 	/System/Library/Frameworks/ApplicationServices.framework/Versions/A/Frameworks/ATS.framework/Versions/A/Resources/libFontRegistry.dylib
0x000000004c357000 	/System/Library/Frameworks/ImageIO.framework/Versions/A/Resources/libJPEG.dylib
0x000000004c357000 	/System/Library/Frameworks/ImageIO.framework/Versions/A/Resources/libTIFF.dylib
0x000000004c357000 	/System/Library/Frameworks/ImageIO.framework/Versions/A/Resources/libPng.dylib
0x000000004c357000 	/System/Library/Frameworks/ImageIO.framework/Versions/A/Resources/libGIF.dylib
0x000000004c357000 	/System/Library/Frameworks/ImageIO.framework/Versions/A/Resources/libJP2.dylib
0x000000004c357000 	/System/Library/Frameworks/ImageIO.framework/Versions/A/Resources/libRadiance.dylib
0x000000004c357000 	/usr/lib/libcompression.dylib
0x000000004c357000 	/System/Library/PrivateFrameworks/AppleJPEG.framework/Versions/A/AppleJPEG
0x000000004c357000 	/usr/lib/libcups.2.dylib
0x000000004c357000 	/System/Library/Frameworks/Kerberos.framework/Versions/A/Kerberos
0x000000004c357000 	/System/Library/Frameworks/GSS.framework/Versions/A/GSS
0x000000004c357000 	/usr/lib/libresolv.9.dylib
0x000000004c357000 	/usr/lib/libiconv.2.dylib
0x000000004c357000 	/System/Library/PrivateFrameworks/Heimdal.framework/Versions/A/Heimdal
0x000000004c357000 	/usr/lib/libheimdal-asn1.dylib
0x000000004c357000 	/System/Library/Frameworks/OpenDirectory.framework/Versions/A/OpenDirectory
0x000000004c357000 	/System/Library/PrivateFrameworks/CommonAuth.framework/Versions/A/CommonAuth
0x000000004c357000 	/System/Library/Frameworks/OpenDirectory.framework/Versions/A/Frameworks/CFOpenDirectory.framework/Versions/A/CFOpenDirectory
0x000000004c357000 	/System/Library/Frameworks/SecurityFoundation.framework/Versions/A/SecurityFoundation
0x000000004c357000 	/System/Library/PrivateFrameworks/LanguageModeling.framework/Versions/A/LanguageModeling
0x000000004c357000 	/usr/lib/libmarisa.dylib
0x000000004c357000 	/usr/lib/libChineseTokenizer.dylib
0x000000004c357000 	/usr/lib/libcmph.dylib
0x000000004c357000 	/System/Library/PrivateFrameworks/CoreEmoji.framework/Versions/A/CoreEmoji
0x000000004c357000 	/System/Library/Frameworks/ServiceManagement.framework/Versions/A/ServiceManagement
0x000000004c357000 	/usr/lib/libxslt.1.dylib
0x000000004c357000 	/System/Library/Frameworks/Carbon.framework/Versions/A/Frameworks/Ink.framework/Versions/A/Ink
0x000000004c357000 	/System/Library/PrivateFrameworks/TextureIO.framework/Versions/A/TextureIO
0x000000004c357000 	/System/Library/Frameworks/Metal.framework/Versions/A/Metal
0x000000004c357000 	/usr/lib/libate.dylib
0x000000004c357000 	/System/Library/PrivateFrameworks/GPUCompiler.framework/libmetal_timestamp.dylib
0x000000004c357000 	/System/Library/Frameworks/OpenGL.framework/Versions/A/Libraries/libCoreFSCache.dylib
0x000000004c357000 	/System/Library/PrivateFrameworks/IOAccelerator.framework/Versions/A/IOAccelerator
0x000000004c357000 	/System/Library/Frameworks/CoreVideo.framework/Versions/A/CoreVideo
0x000000004c357000 	/usr/lib/libFosl_dynamic.dylib
0x000000004c357000 	/System/Library/PrivateFrameworks/MetalPerformanceShaders.framework/Versions/A/MetalPerformanceShaders
0x000000004c357000 	/System/Library/PrivateFrameworks/FaceCore.framework/Versions/A/FaceCore
0x000000004c357000 	/System/Library/Frameworks/OpenCL.framework/Versions/A/OpenCL
0x000000004c357000 	/System/Library/Frameworks/OpenGL.framework/Versions/A/Libraries/libGLU.dylib
0x000000004c357000 	/System/Library/Frameworks/OpenGL.framework/Versions/A/Libraries/libGFXShared.dylib
0x000000004c357000 	/System/Library/Frameworks/OpenGL.framework/Versions/A/Libraries/libGL.dylib
0x000000004c357000 	/System/Library/Frameworks/OpenGL.framework/Versions/A/Libraries/libGLImage.dylib
0x000000004c357000 	/System/Library/Frameworks/OpenGL.framework/Versions/A/Libraries/libCVMSPluginSupport.dylib
0x000000004c357000 	/System/Library/Frameworks/OpenGL.framework/Versions/A/Libraries/libCoreVMClient.dylib
0x000000004c357000 	/System/Library/PrivateFrameworks/CrashReporterSupport.framework/Versions/A/CrashReporterSupport
0x000000004c357000 	/System/Library/PrivateFrameworks/Sharing.framework/Versions/A/Sharing
0x000000004c357000 	/System/Library/PrivateFrameworks/IconServices.framework/Versions/A/IconServices
0x000000004c357000 	/System/Library/PrivateFrameworks/ProtocolBuffer.framework/Versions/A/ProtocolBuffer
0x000000004c357000 	/System/Library/PrivateFrameworks/Apple80211.framework/Versions/A/Apple80211
0x000000004c357000 	/System/Library/Frameworks/CoreWLAN.framework/Versions/A/CoreWLAN
0x000000004c357000 	/System/Library/PrivateFrameworks/CoreUtils.framework/Versions/A/CoreUtils
0x000000004c357000 	/System/Library/Frameworks/IOBluetooth.framework/Versions/A/IOBluetooth
0x000000004c357000 	/System/Library/PrivateFrameworks/CoreWiFi.framework/Versions/A/CoreWiFi
0x000000004c357000 	/System/Library/Frameworks/CoreBluetooth.framework/Versions/A/CoreBluetooth
0x000000004c357000 	/System/Library/Frameworks/CoreDisplay.framework/Versions/A/CoreDisplay
0x000000004c357000 	/System/Library/PrivateFrameworks/IOPresentment.framework/Versions/A/IOPresentment
0x000000004c357000 	/System/Library/PrivateFrameworks/DSExternalDisplay.framework/Versions/A/DSExternalDisplay
0x000000004c357000 	/System/Library/PrivateFrameworks/DebugSymbols.framework/Versions/A/DebugSymbols
0x000000004c357000 	/System/Library/PrivateFrameworks/CoreSymbolication.framework/Versions/A/CoreSymbolication
0x000000004c357000 	/System/Library/PrivateFrameworks/Symbolication.framework/Versions/A/Symbolication
0x000000004c357000 	/System/Library/PrivateFrameworks/AppleFSCompression.framework/Versions/A/AppleFSCompression
0x000000004c357000 	/System/Library/PrivateFrameworks/SpeechRecognitionCore.framework/Versions/A/SpeechRecognitionCore
0x000000004c357000 	/System/Library/PrivateFrameworks/ChunkingLibrary.framework/Versions/A/ChunkingLibrary
0x0000000103200000 	/Library/Java/JavaVirtualMachines/jdk1.8.0_121.jdk/Contents/Home/jre/lib/server/libjvm.dylib
0x000000004c357000 	/usr/lib/libstdc++.6.dylib
0x00000001041a2000 	/Library/Java/JavaVirtualMachines/jdk1.8.0_121.jdk/Contents/Home/jre/lib/libverify.dylib
0x00000001041b0000 	/Library/Java/JavaVirtualMachines/jdk1.8.0_121.jdk/Contents/Home/jre/lib/libjava.dylib
0x00000001041ed000 	/Library/Java/JavaVirtualMachines/jdk1.8.0_121.jdk/Contents/Home/jre/lib/libzip.dylib
0x0000000117693000 	/System/Library/Frameworks/JavaVM.framework/Frameworks/JavaRuntimeSupport.framework/JavaRuntimeSupport
0x00000001054eb000 	/System/Library/Frameworks/JavaVM.framework/Versions/A/Frameworks/JavaNativeFoundation.framework/Versions/A/JavaNativeFoundation
0x00000001176ad000 	/System/Library/Frameworks/JavaVM.framework/Versions/A/JavaVM
0x000000004c357000 	/System/Library/Frameworks/Carbon.framework/Versions/A/Carbon
0x00000001176ba000 	/System/Library/PrivateFrameworks/JavaLaunching.framework/Versions/A/JavaLaunching
0x000000004c357000 	/System/Library/Frameworks/Carbon.framework/Versions/A/Frameworks/CommonPanels.framework/Versions/A/CommonPanels
0x000000004c357000 	/System/Library/Frameworks/Carbon.framework/Versions/A/Frameworks/Help.framework/Versions/A/Help
0x000000004c357000 	/System/Library/Frameworks/Carbon.framework/Versions/A/Frameworks/ImageCapture.framework/Versions/A/ImageCapture
0x000000004c357000 	/System/Library/Frameworks/Carbon.framework/Versions/A/Frameworks/OpenScripting.framework/Versions/A/OpenScripting
0x000000004c357000 	/System/Library/Frameworks/Carbon.framework/Versions/A/Frameworks/Print.framework/Versions/A/Print
0x000000004c357000 	/System/Library/Frameworks/Carbon.framework/Versions/A/Frameworks/SecurityHI.framework/Versions/A/SecurityHI
0x0000000118fcc000 	/Library/Java/JavaVirtualMachines/jdk1.8.0_121.jdk/Contents/Home/jre/lib/libawt.dylib
0x0000000119074000 	/Library/Java/JavaVirtualMachines/jdk1.8.0_121.jdk/Contents/Home/jre/lib/./libmlib_image.dylib
0x0000000119140000 	/Library/Java/JavaVirtualMachines/jdk1.8.0_121.jdk/Contents/Home/jre/lib/libawt_lwawt.dylib
0x00000001191f7000 	/Library/Java/JavaVirtualMachines/jdk1.8.0_121.jdk/Contents/Home/jre/lib/./libosxapp.dylib
0x000000004c357000 	/System/Library/Frameworks/ExceptionHandling.framework/Versions/A/ExceptionHandling
0x000000004c357000 	/System/Library/PrivateFrameworks/CoreServicesInternal.framework/Versions/A/CoreServicesInternal
0x000000004c357000 	/System/Library/CoreServices/RawCamera.bundle/Contents/MacOS/RawCamera
0x000000004c357000 	/System/Library/Frameworks/Accelerate.framework/Versions/A/Frameworks/vImage.framework/Versions/A/Libraries/libCGInterfaces.dylib
0x000000004c357000 	/System/Library/Frameworks/ApplicationServices.framework/Versions/A/Frameworks/ATS.framework/Versions/A/Resources/libTrueTypeScaler.dylib
0x000000011ae11000 	/System/Library/Frameworks/OpenGL.framework/Resources/GLEngine.bundle/GLEngine
0x000000004c357000 	/System/Library/Frameworks/OpenGL.framework/Versions/A/Libraries/libGLProgrammability.dylib
0x000000011aff6000 	/System/Library/Extensions/AppleIntelHD5000GraphicsGLDriver.bundle/Contents/MacOS/AppleIntelHD5000GraphicsGLDriver
0x000000004c357000 	/System/Library/PrivateFrameworks/GPUSupport.framework/Versions/A/Libraries/libGPUSupportMercury.dylib
0x0000000119f3c000 	/System/Library/Frameworks/OpenGL.framework/Resources//GLRendererFloat.bundle/GLRendererFloat
0x000000004c357000 	/System/Library/Frameworks/OpenCL.framework/Versions/A/Libraries/libcldcpuengine.dylib
0x000000004c357000 	/usr/lib/libcrypto.0.9.8.dylib
0x000000004c357000 	/System/Library/PrivateFrameworks/TrustEvaluationAgent.framework/Versions/A/TrustEvaluationAgent
0x000000011b764000 	/System/Library/Extensions/AppleIntelHD5000GraphicsMTLDriver.bundle/Contents/MacOS/AppleIntelHD5000GraphicsMTLDriver
0x000000004c357000 	/System/Library/PrivateFrameworks/FamilyControls.framework/Versions/A/FamilyControls
0x000000004c357000 	/System/Library/PrivateFrameworks/CommerceKit.framework/Versions/A/Frameworks/CommerceCore.framework/Versions/A/CommerceCore
0x000000004c357000 	/System/Library/PrivateFrameworks/SystemAdministration.framework/Versions/A/SystemAdministration
0x000000004c357000 	/System/Library/PrivateFrameworks/AppContainer.framework/Versions/A/AppContainer
0x000000004c357000 	/System/Library/PrivateFrameworks/SecCodeWrapper.framework/Versions/A/SecCodeWrapper
0x000000004c357000 	/System/Library/Frameworks/DirectoryService.framework/Versions/A/DirectoryService
0x000000004c357000 	/System/Library/PrivateFrameworks/DiskImages.framework/Versions/A/DiskImages
0x000000004c357000 	/System/Library/PrivateFrameworks/LoginUIKit.framework/Versions/A/Frameworks/LoginUICore.framework/Versions/A/LoginUICore
0x000000004c357000 	/usr/lib/libCoreStorage.dylib
0x000000004c357000 	/usr/lib/libcsfde.dylib
0x000000004c357000 	/usr/lib/libodfde.dylib
0x000000004c357000 	/System/Library/Frameworks/DiscRecording.framework/Versions/A/DiscRecording
0x000000004c357000 	/usr/lib/libcurl.4.dylib
0x000000004c357000 	/System/Library/PrivateFrameworks/MediaKit.framework/Versions/A/MediaKit
0x000000004c357000 	/System/Library/PrivateFrameworks/ProtectedCloudStorage.framework/Versions/A/ProtectedCloudStorage
0x000000004c357000 	/System/Library/PrivateFrameworks/EFILogin.framework/Versions/A/EFILogin
0x000000004c357000 	/usr/lib/libutil.dylib
0x000000004c357000 	/System/Library/Frameworks/LDAP.framework/Versions/A/LDAP
0x000000004c357000 	/usr/lib/libsasl2.2.dylib
0x000000004c357000 	/System/Library/PrivateFrameworks/CoreDaemon.framework/Versions/B/CoreDaemon
0x000000004c357000 	/System/Library/PrivateFrameworks/AppleSRP.framework/Versions/A/AppleSRP
0x000000004c357000 	/System/Library/PrivateFrameworks/APFS.framework/Versions/A/APFS
0x000000011d2c2000 	/Library/Java/JavaVirtualMachines/jdk1.8.0_121.jdk/Contents/Home/jre/lib/libfontmanager.dylib
0x000000004c357000 	/System/Library/PrivateFrameworks/ViewBridge.framework/Versions/A/ViewBridge
0x000000004c357000 	/System/Library/PrivateFrameworks/XPCService.framework/Versions/A/XPCService
0x000000004c357000 	/System/Library/PrivateFrameworks/AppSandbox.framework/Versions/A/AppSandbox
0x000000004c357000 	/usr/lib/libsandbox.1.dylib
0x000000004c357000 	/usr/lib/libMatch.1.dylib
0x000000011e6bb000 	/Library/Java/JavaVirtualMachines/jdk1.8.0_121.jdk/Contents/Home/jre/lib/libosxui.dylib
0x000000011f26e000 	/Library/Java/JavaVirtualMachines/jdk1.8.0_121.jdk/Contents/Home/jre/lib/libnet.dylib
0x000000011f285000 	/Library/Java/JavaVirtualMachines/jdk1.8.0_121.jdk/Contents/Home/jre/lib/libnio.dylib
0x000000011e3c9000 	/private/var/folders/z5/dkh_k18x6bn8z6w6jj1k7pqm0000gn/T/jogamp_0000/file_cache/jln7263074368761911297/jln4222642702474244386/libgluegen-rt.jnilib
0x000000011e3cd000 	/private/var/folders/z5/dkh_k18x6bn8z6w6jj1k7pqm0000gn/T/jogamp_0000/file_cache/jln7263074368761911297/jln4222642702474244386/libnativewindow_awt.jnilib
0x00000001211bd000 	/Library/Java/JavaVirtualMachines/jdk1.8.0_121.jdk/Contents/Home/jre/lib/libjawt.dylib
0x0000000187874000 	/private/var/folders/z5/dkh_k18x6bn8z6w6jj1k7pqm0000gn/T/jogamp_0000/file_cache/jln7263074368761911297/jln4222642702474244386/libnativewindow_macosx.jnilib
0x0000000189491000 	/private/var/folders/z5/dkh_k18x6bn8z6w6jj1k7pqm0000gn/T/jogamp_0000/file_cache/jln7263074368761911297/jln4222642702474244386/libjogl_desktop.jnilib
0x000000018bebd000 	/Library/Java/JavaVirtualMachines/jdk1.8.0_121.jdk/Contents/Home/jre/lib/libsunec.dylib
0x000000018787e000 	/Library/Java/JavaVirtualMachines/jdk1.8.0_121.jdk/Contents/Home/jre/lib/libt2k.dylib

VM Arguments:
jvm_args: -Djava.security.policy=java.policy.applet -Dfile.encoding=MacRoman 
java_command: sun.applet.AppletViewer module5.EarthquakeCityMap1523747163946.html
java_class_path (initial): /Users/Mac/Documents/workspace/UCSDUnfoldingMaps/build:/Users/Mac/Documents/workspace/UCSDUnfoldingMaps/lib/core.jar:/Users/Mac/Documents/workspace/UCSDUnfoldingMaps/lib/gluegen-rt.jar:/Users/Mac/Documents/workspace/UCSDUnfoldingMaps/lib/jogl-all.jar:/Users/Mac/Documents/workspace/UCSDUnfoldingMaps/lib/log4j-1.2.15.jar:/Users/Mac/Documents/workspace/UCSDUnfoldingMaps/lib/sqlite-jdbc-3.7.2.jar:/Users/Mac/Documents/workspace/UCSDUnfoldingMaps/lib/json4processing.jar:/Users/Mac/Documents/workspace/UCSDUnfoldingMaps/lib/libTUIO.jar:/Users/Mac/Documents/workspace/UCSDUnfoldingMaps/lib/unfolding.0.9.7-uscd.jar
Launcher Type: SUN_STANDARD

Environment Variables:
PATH=/Library/Frameworks/Python.framework/Versions/3.6/bin:/usr/local/bin:/usr/bin:/bin:/usr/sbin:/sbin:/opt/X11/bin:/Library/Frameworks/Mono.framework/Versions/Current/Commands:/Library/TeX/texbin
SHELL=/bin/bash
DISPLAY=/private/tmp/com.apple.launchd.BfoSnAz3r8/org.macosforge.xquartz:0

Signal Handlers:
SIGSEGV: [libjvm.dylib+0x5b1141], sa_mask[0]=11111111011111110111111111111111, sa_flags=SA_ONSTACK|SA_RESTART|SA_SIGINFO
SIGBUS: [libjvm.dylib+0x5b1141], sa_mask[0]=11111111011111110111111111111111, sa_flags=SA_RESTART|SA_SIGINFO
SIGFPE: [libjvm.dylib+0x487bc4], sa_mask[0]=11111111011111110111111111111111, sa_flags=SA_RESTART|SA_SIGINFO
SIGPIPE: [libjvm.dylib+0x487bc4], sa_mask[0]=11111111011111110111111111111111, sa_flags=SA_RESTART|SA_SIGINFO
SIGXFSZ: [libjvm.dylib+0x487bc4], sa_mask[0]=11111111011111110111111111111111, sa_flags=SA_RESTART|SA_SIGINFO
SIGILL: [libjvm.dylib+0x487bc4], sa_mask[0]=11111111011111110111111111111111, sa_flags=SA_RESTART|SA_SIGINFO
SIGUSR1: SIG_DFL, sa_mask[0]=11011111011111100000000111000110, sa_flags=none
SIGUSR2: [libjvm.dylib+0x4876e2], sa_mask[0]=00100000000000000000000000000000, sa_flags=SA_RESTART|SA_SIGINFO
SIGHUP: [libjvm.dylib+0x485cb9], sa_mask[0]=11111111011111110111111111111111, sa_flags=SA_RESTART|SA_SIGINFO
SIGINT: [libjvm.dylib+0x485cb9], sa_mask[0]=11111111011111110111111111111111, sa_flags=SA_RESTART|SA_SIGINFO
SIGTERM: [libjvm.dylib+0x485cb9], sa_mask[0]=11111111011111110111111111111111, sa_flags=SA_RESTART|SA_SIGINFO
SIGQUIT: [libjvm.dylib+0x485cb9], sa_mask[0]=11111111011111110111111111111111, sa_flags=SA_RESTART|SA_SIGINFO


---------------  S Y S T E M  ---------------

OS:Bsduname:Darwin 16.7.0 Darwin Kernel Version 16.7.0: Thu Jan 11 22:59:40 PST 2018; root:xnu-3789.73.8~1/RELEASE_X86_64 x86_64
rlimit: STACK 8192k, CORE 0k, NPROC 709, NOFILE 10240, AS infinity
load average:2.62 2.58 2.52

CPU:total 4 (2 cores per cpu, 2 threads per core) family 6 model 69 stepping 1, cmov, cx8, fxsr, mmx, sse, sse2, sse3, ssse3, sse4.1, sse4.2, popcnt, avx, avx2, aes, clmul, erms, lzcnt, ht, tsc, tscinvbit, bmi1, bmi2

Memory: 4k page, physical 4194304k(91308k free)

/proc/meminfo:


vm_info: Java HotSpot(TM) 64-Bit Server VM (25.121-b13) for bsd-amd64 JRE (1.8.0_121-b13), built on Dec 12 2016 20:39:32 by "java_re" with gcc 4.2.1 (Based on Apple Inc. build 5658) (LLVM build 2336.11.00)

time: Sat Apr 14 16:14:27 2018
elapsed time: 503 seconds (0d 0h 8m 23s)

