#
# A fatal error has been detected by the Java Runtime Environment:
#
#  SIGSEGV (0xb) at pc=0x00007fffd65ee05d, pid=11258, tid=0x0000000000000307
#
# JRE version: Java(TM) SE Runtime Environment (8.0_121-b13) (build 1.8.0_121-b13)
# Java VM: Java HotSpot(TM) 64-Bit Server VM (25.121-b13 mixed mode bsd-amd64 compressed oops)
# Problematic frame:
# C  [libobjc.A.dylib+0x705d]  objc_msgSend+0x1d
#
# Failed to write core dump. Core dumps have been disabled. To enable core dumping, try "ulimit -c unlimited" before starting Java again
#
# If you would like to submit a bug report, please visit:
#   http://bugreport.java.com/bugreport/crash.jsp
# The crash happened outside the Java Virtual Machine in native code.
# See problematic frame for where to report the bug.
#

---------------  T H R E A D  ---------------

Current thread (0x00007f97eb0fa800):  JavaThread "AWT-AppKit" daemon [_thread_in_native, id=775, stack(0x00007fff532dd000,0x00007fff53add000)]

siginfo: si_signo: 11 (SIGSEGV), si_code: 1 (SEGV_MAPERR), si_addr: 0x0000000000000018

Registers:
RAX=0x00007f97eacdb1e0, RBX=0x0000000191008450, RCX=0x00007f97ed6019b0, RDX=0x0000000000000000
RSP=0x00007fff53ad8148, RBP=0x00007fff53ad8200, RSI=0x00007fffbfe75116, RDI=0x00007f97f01daf60
R8 =0x0000000000000018, R9 =0x00007f97ed601f60, R10=0x0000000000000000, R11=0x00007fffbfe75116
R12=0x0000000000000000, R13=0x0000000192cbf708, R14=0x0000000191008440, R15=0x00007f97eb0fa800
RIP=0x00007fffd65ee05d, EFLAGS=0x0000000000010246, ERR=0x0000000000000004
  TRAPNO=0x000000000000000e

Top of Stack: (sp=0x00007fff53ad8148)
0x00007fff53ad8148:   0000000191006157 00007fff53ad81a0
0x00007fff53ad8158:   0000000000000003 00007fff53ad8180
0x00007fff53ad8168:   000000010cbf2c62 0000000192cbf708
0x00007fff53ad8178:   0000000192cbf708 00007f97eacdb1e0
0x00007fff53ad8188:   00000001910086a0 0000000191008710
0x00007fff53ad8198:   00007fffdc6546d0 00007fffdd2841e0
0x00007fff53ad81a8:   0000000191008450 0000000191008690
0x00007fff53ad81b8:   00007f97eacdb1e0 00007f97f01daf60
0x00007fff53ad81c8:   00007f97ead2edd0 00007f97eacdb1e0
0x00007fff53ad81d8:   00007f97f01daf60 00007fff53ad8288
0x00007fff53ad81e8:   00007f97eb0fa9f8 0000000192cbf708
0x00007fff53ad81f8:   00007fff53ad82b0 00007fff53ad8278
0x00007fff53ad8208:   00000001110e39f4 0000000192cbf708
0x00007fff53ad8218:   00007fff53ad82b0 00007fff53ad8278
0x00007fff53ad8228:   00000001110e3787 00000001110e3742
0x00007fff53ad8238:   00007fff53ad8238 0000000192cbf708
0x00007fff53ad8248:   00007fff53ad82b0 0000000192cc0eb8
0x00007fff53ad8258:   0000000000000000 0000000192cbf708
0x00007fff53ad8268:   0000000000000000 00007fff53ad8298
0x00007fff53ad8278:   00007fff53ad82f8 00000001110d42bd
0x00007fff53ad8288:   0000000780d97990 00000001110dd538
0x00007fff53ad8298:   00007f97eacdb1e0 00007fff53ad82f8
0x00007fff53ad82a8:   00007f97f01daf60 00000001110dee02
0x00007fff53ad82b8:   00007fff53ad82b8 0000000192cbf8d2
0x00007fff53ad82c8:   00007fff53ad8320 0000000192cc0eb8
0x00007fff53ad82d8:   0000000000000000 0000000192cbf8e0
0x00007fff53ad82e8:   00007fff53ad8298 00007fff53ad8308
0x00007fff53ad82f8:   00007fff53ad8368 00000001110d42bd
0x00007fff53ad8308:   00007f97eacdb1e0 0000000780db7490
0x00007fff53ad8318:   00007f97f01daf60 0000000780db7490
0x00007fff53ad8328:   00007fff53ad8328 00000001985b062e
0x00007fff53ad8338:   00007fff53ad8378 00000001985b06e8 

Instructions: (pc=0x00007fffd65ee05d)
0x00007fffd65ee03d:   0f 1f 00 48 85 ff 2e 74 62 40 f6 c7 01 2e 75 66
0x00007fffd65ee04d:   49 ba f8 ff ff ff ff 7f 00 00 4c 23 17 49 89 f3
0x00007fffd65ee05d:   45 23 5a 18 49 c1 e3 04 4d 03 5a 10 49 3b 33 75
0x00007fffd65ee06d:   04 41 ff 63 08 49 83 3b 01 76 0d 49 83 c3 10 49 

Register to memory mapping:

RAX=0x00007f97eacdb1e0 is an unknown value
RBX=0x0000000191008450: Java_jogamp_nativewindow_macosx_OSXUtil_GetScreenRefreshRate0+0x1cf0 in /private/var/folders/z5/dkh_k18x6bn8z6w6jj1k7pqm0000gn/T/jogamp_0000/file_cache/jln8198569892144896221/jln8899911174724644167/libnativewindow_macosx.jnilib at 0x0000000191001000
RCX=0x00007f97ed6019b0 is an unknown value
RDX=0x0000000000000000 is an unknown value
RSP=0x00007fff53ad8148 is pointing into the stack for thread: 0x00007f97eb0fa800
RBP=0x00007fff53ad8200 is pointing into the stack for thread: 0x00007f97eb0fa800
RSI=0x00007fffbfe75116: __NSStyleNameIndexTable+0x7fd5e in /System/Library/Frameworks/AppKit.framework/Versions/C/AppKit at 0x00007fffbf208000
RDI=0x00007f97f01daf60 is an unknown value
R8 =0x0000000000000018 is an unknown value
R9 =0x00007f97ed601f60 is an unknown value
R10=0x0000000000000000 is an unknown value
R11=0x00007fffbfe75116: __NSStyleNameIndexTable+0x7fd5e in /System/Library/Frameworks/AppKit.framework/Versions/C/AppKit at 0x00007fffbf208000
R12=0x0000000000000000 is an unknown value
R13={method} {0x0000000192cbf708} 'UnsetJAWTRootSurfaceLayer0' '(JJ)V' in 'jogamp/nativewindow/jawt/macosx/MacOSXJAWTWindow'
R14=0x0000000191008440: Java_jogamp_nativewindow_macosx_OSXUtil_GetScreenRefreshRate0+0x1ce0 in /private/var/folders/z5/dkh_k18x6bn8z6w6jj1k7pqm0000gn/T/jogamp_0000/file_cache/jln8198569892144896221/jln8899911174724644167/libnativewindow_macosx.jnilib at 0x0000000191001000
R15=0x00007f97eb0fa800 is a thread


Stack: [0x00007fff532dd000,0x00007fff53add000],  sp=0x00007fff53ad8148,  free space=8172k
Native frames: (J=compiled Java code, j=interpreted, Vv=VM code, C=native code)
C  [libobjc.A.dylib+0x705d]  objc_msgSend+0x1d
j  jogamp.nativewindow.jawt.macosx.MacOSXJAWTWindow.UnsetJAWTRootSurfaceLayer0(JJ)V+0
j  jogamp.nativewindow.jawt.macosx.MacOSXJAWTWindow.access$200(JJ)V+2
j  jogamp.nativewindow.jawt.macosx.MacOSXJAWTWindow$1.run()V+38
J 2452 C1 com.jogamp.common.util.RunnableTask.run()V (345 bytes) @ 0x00000001118c2874 [0x00000001118c26e0+0x194]
v  ~StubRoutines::call_stub
V  [libjvm.dylib+0x2ed9d6]
V  [libjvm.dylib+0x324b65]
V  [libjvm.dylib+0x317333]
C  [libnativewindow_macosx.jnilib+0x5326]  Java_jogamp_nativewindow_jawt_macosx_MacOSXJAWTWindow_UnsetJAWTRootSurfaceLayer0+0x2b6
C  [Foundation+0x7152a]  __NSThreadPerformPerform+0x146
C  [CoreFoundation+0xa7321]  __CFRUNLOOP_IS_CALLING_OUT_TO_A_SOURCE0_PERFORM_FUNCTION__+0x11
C  [CoreFoundation+0x88197]  __CFRunLoopDoSources0+0x1a7
C  [CoreFoundation+0x87716]  __CFRunLoopRun+0x3a6
C  [CoreFoundation+0x87114]  CFRunLoopRunSpecific+0x1a4
C  [HIToolbox+0x30ebc]  RunCurrentEventLoopInMode+0xf0
C  [HIToolbox+0x30bf9]  ReceiveNextEventCommon+0xb8
C  [HIToolbox+0x30b26]  _BlockUntilNextEventMatchingListInModeWithFilter+0x47
C  [AppKit+0x46a54]  _DPSNextEvent+0x460
C  [AppKit+0x7c27ee]  -[NSApplication(NSEvent) _nextEventMatchingEventMask:untilDate:inMode:dequeue:]+0xaec
C  [libosxapp.dylib+0x23aa]  -[NSApplicationAWT nextEventMatchingMask:untilDate:inMode:dequeue:]+0x7c
C  [AppKit+0x3b3db]  -[NSApplication run]+0x39e
C  [libosxapp.dylib+0x214d]  +[NSApplicationAWT runAWTLoopWithApp:]+0x9c
C  [libawt_lwawt.dylib+0x45ff7]  -[AWTStarter starter:]+0x389
C  [Foundation+0x7152a]  __NSThreadPerformPerform+0x146
C  [CoreFoundation+0xa7321]  __CFRUNLOOP_IS_CALLING_OUT_TO_A_SOURCE0_PERFORM_FUNCTION__+0x11
C  [CoreFoundation+0x8821d]  __CFRunLoopDoSources0+0x22d
C  [CoreFoundation+0x87716]  __CFRunLoopRun+0x3a6
C  [CoreFoundation+0x87114]  CFRunLoopRunSpecific+0x1a4
C  [java+0x6465]  CreateExecutionEnvironment+0x367
C  [java+0x218c]  JLI_Launch+0x7a0
C  [java+0x84c2]  main+0x65
C  [java+0x19e4]  start+0x34
C  0x0000000000000007

Java frames: (J=compiled Java code, j=interpreted, Vv=VM code)
j  jogamp.nativewindow.jawt.macosx.MacOSXJAWTWindow.UnsetJAWTRootSurfaceLayer0(JJ)V+0
j  jogamp.nativewindow.jawt.macosx.MacOSXJAWTWindow.access$200(JJ)V+2
j  jogamp.nativewindow.jawt.macosx.MacOSXJAWTWindow$1.run()V+38
J 2452 C1 com.jogamp.common.util.RunnableTask.run()V (345 bytes) @ 0x00000001118c2874 [0x00000001118c26e0+0x194]
v  ~StubRoutines::call_stub

---------------  P R O C E S S  ---------------

Java Threads: ( => current thread )
  0x00007f97f2004800 JavaThread "Thread-19" [_thread_blocked, id=76527, stack(0x000070000dfa6000,0x000070000e0a6000)]
  0x00007f97ebafa800 JavaThread "AWT-EventQueue-1" [_thread_in_native, id=69667, stack(0x000070000de20000,0x000070000df20000)]
  0x00007f97eca03800 JavaThread "DestroyJavaVM" [_thread_blocked, id=7171, stack(0x000070000c7d8000,0x000070000c8d8000)]
  0x00007f97ec98d000 JavaThread "AWT-EventQueue-0" [_thread_blocked, id=66075, stack(0x000070000dc1a000,0x000070000dd1a000)]
  0x00007f97eb8ff800 JavaThread "Java2D Disposer" daemon [_thread_blocked, id=54291, stack(0x000070000d991000,0x000070000da91000)]
  0x00007f97ec9dd000 JavaThread "Java2D Queue Flusher" daemon [_thread_blocked, id=55067, stack(0x000070000d88e000,0x000070000d98e000)]
  0x00007f97ec94b000 JavaThread "AWT-Shutdown" [_thread_blocked, id=29471, stack(0x000070000d685000,0x000070000d785000)]
=>0x00007f97eb0fa800 JavaThread "AWT-AppKit" daemon [_thread_in_native, id=775, stack(0x00007fff532dd000,0x00007fff53add000)]
  0x00007f97ec80c800 JavaThread "Service Thread" daemon [_thread_blocked, id=18691, stack(0x000070000d3fc000,0x000070000d4fc000)]
  0x00007f97ec01c000 JavaThread "C1 CompilerThread2" daemon [_thread_blocked, id=18179, stack(0x000070000d2f9000,0x000070000d3f9000)]
  0x00007f97ec01b000 JavaThread "C2 CompilerThread1" daemon [_thread_blocked, id=17667, stack(0x000070000d1f6000,0x000070000d2f6000)]
  0x00007f97ec019800 JavaThread "C2 CompilerThread0" daemon [_thread_blocked, id=17155, stack(0x000070000d0f3000,0x000070000d1f3000)]
  0x00007f97eb032000 JavaThread "Signal Dispatcher" daemon [_thread_blocked, id=16643, stack(0x000070000cff0000,0x000070000d0f0000)]
  0x00007f97eb031800 JavaThread "Finalizer" daemon [_thread_blocked, id=12547, stack(0x000070000ceed000,0x000070000cfed000)]
  0x00007f97ec800800 JavaThread "Reference Handler" daemon [_thread_blocked, id=12035, stack(0x000070000cdea000,0x000070000ceea000)]

Other Threads:
  0x00007f97ec011800 VMThread [stack: 0x000070000cce7000,0x000070000cde7000] [id=11523]
  0x00007f97eb034000 WatcherThread [stack: 0x000070000d4ff000,0x000070000d5ff000] [id=19203]

VM state:not at safepoint (normal execution)

VM Mutex/Monitor currently owned by a thread: None

Heap:
 PSYoungGen      total 35840K, used 10907K [0x00000007aab00000, 0x00000007ada00000, 0x00000007c0000000)
  eden space 24576K, 43% used [0x00000007aab00000,0x00000007ab586d08,0x00000007ac300000)
  from space 11264K, 1% used [0x00000007acf00000,0x00000007acf20000,0x00000007ada00000)
  to   space 11776K, 0% used [0x00000007ac300000,0x00000007ac300000,0x00000007ace80000)
 ParOldGen       total 45568K, used 15862K [0x0000000780000000, 0x0000000782c80000, 0x00000007aab00000)
  object space 45568K, 34% used [0x0000000780000000,0x0000000780f7da78,0x0000000782c80000)
 Metaspace       used 21484K, capacity 21755K, committed 21936K, reserved 1069056K
  class space    used 2110K, capacity 2204K, committed 2304K, reserved 1048576K

Card table byte_map: [0x000000010dd62000,0x000000010df63000] byte_map_base: 0x000000010a162000

Marking Bits: (ParMarkBitMap*) 0x000000010d2f0d30
 Begin Bits: [0x000000010e0b9000, 0x000000010f0b9000)
 End Bits:   [0x000000010f0b9000, 0x00000001100b9000)

Polling page: 0x000000010c1e3000

CodeCache: size=245760Kb used=9965Kb max_used=9977Kb free=235794Kb
 bounds [0x00000001110cc000, 0x0000000111aac000, 0x00000001200cc000]
 total_blobs=3645 nmethods=2747 adapters=811
 compilation: enabled

Compilation events (10 events):
Event: 46.539 Thread 0x00007f97ec01c000 2923       3       sun.awt.SunToolkit::targetToPeer (20 bytes)
Event: 46.551 Thread 0x00007f97ec01c000 nmethod 2923 0x0000000111a52450 code [0x0000000111a52620, 0x0000000111a52d58]
Event: 47.278 Thread 0x00007f97ec01c000 2924   !   3       java.awt.EventQueue::isDispatchThreadImpl (99 bytes)
Event: 47.279 Thread 0x00007f97ec01c000 nmethod 2924 0x0000000111a51190 code [0x0000000111a513a0, 0x0000000111a51ee8]
Event: 47.715 Thread 0x00007f97ec01c000 2925       3       java.awt.KeyboardFocusManager::checkKFMSecurity (11 bytes)
Event: 47.717 Thread 0x00007f97ec01c000 nmethod 2925 0x0000000111a50490 code [0x0000000111a50680, 0x0000000111a50db8]
Event: 47.760 Thread 0x00007f97ec01c000 2926       3       sun.net.www.ParseUtil::canonizeString (195 bytes)
Event: 47.763 Thread 0x00007f97ec01c000 nmethod 2926 0x0000000111a76f50 code [0x0000000111a77320, 0x0000000111a79768]
Event: 47.765 Thread 0x00007f97ec01c000 2927       1       sun.java2d.SurfaceData::isValid (5 bytes)
Event: 47.765 Thread 0x00007f97ec01c000 nmethod 2927 0x000000011124c850 code [0x000000011124c9a0, 0x000000011124cab0]

GC Heap History (10 events):
Event: 21.161 GC heap before
{Heap before GC invocations=9 (full 1):
 PSYoungGen      total 36352K, used 25448K [0x00000007aab00000, 0x00000007adc80000, 0x00000007c0000000)
  eden space 25088K, 100% used [0x00000007aab00000,0x00000007ac380000,0x00000007ac380000)
  from space 11264K, 3% used [0x00000007ac380000,0x00000007ac3da050,0x00000007ace80000)
  to   space 11776K, 0% used [0x00000007ad100000,0x00000007ad100000,0x00000007adc80000)
 ParOldGen       total 45568K, used 15582K [0x0000000780000000, 0x0000000782c80000, 0x00000007aab00000)
  object space 45568K, 34% used [0x0000000780000000,0x0000000780f379a8,0x0000000782c80000)
 Metaspace       used 21435K, capacity 21723K, committed 21808K, reserved 1069056K
  class space    used 2101K, capacity 2172K, committed 2176K, reserved 1048576K
Event: 21.164 GC heap after
Heap after GC invocations=9 (full 1):
 PSYoungGen      total 38400K, used 296K [0x00000007aab00000, 0x00000007ae980000, 0x00000007c0000000)
  eden space 26624K, 0% used [0x00000007aab00000,0x00000007aab00000,0x00000007ac500000)
  from space 11776K, 2% used [0x00000007ad100000,0x00000007ad14a050,0x00000007adc80000)
  to   space 12288K, 0% used [0x00000007ac500000,0x00000007ac500000,0x00000007ad100000)
 ParOldGen       total 45568K, used 15590K [0x0000000780000000, 0x0000000782c80000, 0x00000007aab00000)
  object space 45568K, 34% used [0x0000000780000000,0x0000000780f399a8,0x0000000782c80000)
 Metaspace       used 21435K, capacity 21723K, committed 21808K, reserved 1069056K
  class space    used 2101K, capacity 2172K, committed 2176K, reserved 1048576K
}
Event: 27.279 GC heap before
{Heap before GC invocations=10 (full 1):
 PSYoungGen      total 38400K, used 26920K [0x00000007aab00000, 0x00000007ae980000, 0x00000007c0000000)
  eden space 26624K, 100% used [0x00000007aab00000,0x00000007ac500000,0x00000007ac500000)
  from space 11776K, 2% used [0x00000007ad100000,0x00000007ad14a050,0x00000007adc80000)
  to   space 12288K, 0% used [0x00000007ac500000,0x00000007ac500000,0x00000007ad100000)
 ParOldGen       total 45568K, used 15590K [0x0000000780000000, 0x0000000782c80000, 0x00000007aab00000)
  object space 45568K, 34% used [0x0000000780000000,0x0000000780f399a8,0x0000000782c80000)
 Metaspace       used 21445K, capacity 21723K, committed 21808K, reserved 1069056K
  class space    used 2101K, capacity 2172K, committed 2176K, reserved 1048576K
Event: 27.281 GC heap after
Heap after GC invocations=10 (full 1):
 PSYoungGen      total 26624K, used 280K [0x00000007aab00000, 0x00000007adc80000, 0x00000007c0000000)
  eden space 26112K, 0% used [0x00000007aab00000,0x00000007aab00000,0x00000007ac480000)
  from space 512K, 54% used [0x00000007ac500000,0x00000007ac546040,0x00000007ac580000)
  to   space 12288K, 0% used [0x00000007ad080000,0x00000007ad080000,0x00000007adc80000)
 ParOldGen       total 45568K, used 15598K [0x0000000780000000, 0x0000000782c80000, 0x00000007aab00000)
  object space 45568K, 34% used [0x0000000780000000,0x0000000780f3b9a8,0x0000000782c80000)
 Metaspace       used 21445K, capacity 21723K, committed 21808K, reserved 1069056K
  class space    used 2101K, capacity 2172K, committed 2176K, reserved 1048576K
}
Event: 33.428 GC heap before
{Heap before GC invocations=11 (full 1):
 PSYoungGen      total 26624K, used 26392K [0x00000007aab00000, 0x00000007adc80000, 0x00000007c0000000)
  eden space 26112K, 100% used [0x00000007aab00000,0x00000007ac480000,0x00000007ac480000)
  from space 512K, 54% used [0x00000007ac500000,0x00000007ac546040,0x00000007ac580000)
  to   space 12288K, 0% used [0x00000007ad080000,0x00000007ad080000,0x00000007adc80000)
 ParOldGen       total 45568K, used 15598K [0x0000000780000000, 0x0000000782c80000, 0x00000007aab00000)
  object space 45568K, 34% used [0x0000000780000000,0x0000000780f3b9a8,0x0000000782c80000)
 Metaspace       used 21447K, capacity 21723K, committed 21808K, reserved 1069056K
  class space    used 2102K, capacity 2172K, committed 2176K, reserved 1048576K
Event: 33.431 GC heap after
Heap after GC invocations=11 (full 1):
 PSYoungGen      total 37376K, used 128K [0x00000007aab00000, 0x00000007adc00000, 0x00000007c0000000)
  eden space 25600K, 0% used [0x00000007aab00000,0x00000007aab00000,0x00000007ac400000)
  from space 11776K, 1% used [0x00000007ad080000,0x00000007ad0a0000,0x00000007adc00000)
  to   space 12288K, 0% used [0x00000007ac400000,0x00000007ac400000,0x00000007ad000000)
 ParOldGen       total 45568K, used 15846K [0x0000000780000000, 0x0000000782c80000, 0x00000007aab00000)
  object space 45568K, 34% used [0x0000000780000000,0x0000000780f79a78,0x0000000782c80000)
 Metaspace       used 21447K, capacity 21723K, committed 21808K, reserved 1069056K
  class space    used 2102K, capacity 2172K, committed 2176K, reserved 1048576K
}
Event: 39.445 GC heap before
{Heap before GC invocations=12 (full 1):
 PSYoungGen      total 37376K, used 25728K [0x00000007aab00000, 0x00000007adc00000, 0x00000007c0000000)
  eden space 25600K, 100% used [0x00000007aab00000,0x00000007ac400000,0x00000007ac400000)
  from space 11776K, 1% used [0x00000007ad080000,0x00000007ad0a0000,0x00000007adc00000)
  to   space 12288K, 0% used [0x00000007ac400000,0x00000007ac400000,0x00000007ad000000)
 ParOldGen       total 45568K, used 15846K [0x0000000780000000, 0x0000000782c80000, 0x00000007aab00000)
  object space 45568K, 34% used [0x0000000780000000,0x0000000780f79a78,0x0000000782c80000)
 Metaspace       used 21447K, capacity 21723K, committed 21808K, reserved 1069056K
  class space    used 2102K, capacity 2172K, committed 2176K, reserved 1048576K
Event: 39.447 GC heap after
Heap after GC invocations=12 (full 1):
 PSYoungGen      total 25600K, used 96K [0x00000007aab00000, 0x00000007ada80000, 0x00000007c0000000)
  eden space 25088K, 0% used [0x00000007aab00000,0x00000007aab00000,0x00000007ac380000)
  from space 512K, 18% used [0x00000007ac400000,0x00000007ac418000,0x00000007ac480000)
  to   space 11776K, 0% used [0x00000007acf00000,0x00000007acf00000,0x00000007ada80000)
 ParOldGen       total 45568K, used 15854K [0x0000000780000000, 0x0000000782c80000, 0x00000007aab00000)
  object space 45568K, 34% used [0x0000000780000000,0x0000000780f7ba78,0x0000000782c80000)
 Metaspace       used 21447K, capacity 21723K, committed 21808K, reserved 1069056K
  class space    used 2102K, capacity 2172K, committed 2176K, reserved 1048576K
}
Event: 45.367 GC heap before
{Heap before GC invocations=13 (full 1):
 PSYoungGen      total 25600K, used 25184K [0x00000007aab00000, 0x00000007ada80000, 0x00000007c0000000)
  eden space 25088K, 100% used [0x00000007aab00000,0x00000007ac380000,0x00000007ac380000)
  from space 512K, 18% used [0x00000007ac400000,0x00000007ac418000,0x00000007ac480000)
  to   space 11776K, 0% used [0x00000007acf00000,0x00000007acf00000,0x00000007ada80000)
 ParOldGen       total 45568K, used 15854K [0x0000000780000000, 0x0000000782c80000, 0x00000007aab00000)
  object space 45568K, 34% used [0x0000000780000000,0x0000000780f7ba78,0x0000000782c80000)
 Metaspace       used 21447K, capacity 21723K, committed 21808K, reserved 1069056K
  class space    used 2102K, capacity 2172K, committed 2176K, reserved 1048576K
Event: 45.368 GC heap after
Heap after GC invocations=13 (full 1):
 PSYoungGen      total 35840K, used 128K [0x00000007aab00000, 0x00000007ada00000, 0x00000007c0000000)
  eden space 24576K, 0% used [0x00000007aab00000,0x00000007aab00000,0x00000007ac300000)
  from space 11264K, 1% used [0x00000007acf00000,0x00000007acf20000,0x00000007ada00000)
  to   space 11776K, 0% used [0x00000007ac300000,0x00000007ac300000,0x00000007ace80000)
 ParOldGen       total 45568K, used 15862K [0x0000000780000000, 0x0000000782c80000, 0x00000007aab00000)
  object space 45568K, 34% used [0x0000000780000000,0x0000000780f7da78,0x0000000782c80000)
 Metaspace       used 21447K, capacity 21723K, committed 21808K, reserved 1069056K
  class space    used 2102K, capacity 2172K, committed 2176K, reserved 1048576K
}

Deoptimization events (10 events):
Event: 47.713 Thread 0x00007f97ec98d000 Uncommon trap: reason=unstable_if action=reinterpret pc=0x0000000111a5e5a0 method=java.awt.EventQueue.getPriority(Ljava/awt/AWTEvent;)I @ 71
Event: 47.713 Thread 0x00007f97ebafa800 Uncommon trap: reason=unstable_if action=reinterpret pc=0x00000001117da368 method=com.jogamp.common.util.VersionNumber.compareTo(Lcom/jogamp/common/util/VersionNumber;)I @ 21
Event: 47.715 Thread 0x00007f97ebafa800 Uncommon trap: reason=unstable_if action=reinterpret pc=0x0000000111a53584 method=java.awt.EventQueue.uncacheEQItem(Lsun/awt/EventQueueItem;)V @ 23
Event: 47.716 Thread 0x00007f97ec98d000 Uncommon trap: reason=unstable_if action=reinterpret pc=0x0000000111a7ec98 method=sun.java2d.pipe.Region.intersectsQuickCheck(Lsun/java2d/pipe/Region;)Z @ 41
Event: 47.717 Thread 0x00007f97ec98d000 Uncommon trap: reason=unstable_if action=reinterpret pc=0x0000000111808cd4 method=java.awt.Font.equals(Ljava/lang/Object;)Z @ 2
Event: 47.744 Thread 0x00007f97ec202800 Uncommon trap: reason=unstable_if action=reinterpret pc=0x00000001115f47a8 method=java.util.HashMap.putVal(ILjava/lang/Object;Ljava/lang/Object;ZZ)Ljava/lang/Object; @ 81
Event: 47.745 Thread 0x00007f97ec202800 Uncommon trap: reason=unstable_if action=reinterpret pc=0x00000001115f77bc method=java.util.HashMap.putVal(ILjava/lang/Object;Ljava/lang/Object;ZZ)Ljava/lang/Object; @ 81
Event: 47.763 Thread 0x00007f97ebafa800 Uncommon trap: reason=unstable_if action=reinterpret pc=0x0000000111a57498 method=java.util.LinkedList$ListItr.<init>(Ljava/util/LinkedList;I)V @ 26
Event: 47.764 Thread 0x00007f97ebafa800 Uncommon trap: reason=unstable_if action=reinterpret pc=0x0000000111959718 method=java.security.AccessControlContext.optimize()Ljava/security/AccessControlContext; @ 233
Event: 47.765 Thread 0x00007f97f2004800 Uncommon trap: reason=predicate action=maybe_recompile pc=0x00000001118c8188 method=java.util.Vector.indexOf(Ljava/lang/Object;I)I @ 44

Internal exceptions (10 events):
Event: 0.422 Thread 0x00007f97eb003800 Exception <a 'java/lang/NoSuchFieldError': method resolution failed> (0x00000007aacc89d8) thrown at [/Users/java_re/workspace/8-2-build-macosx-x86_64/jdk8u121/8372/hotspot/src/share/vm/prims/methodHandles.cpp, line 1146]
Event: 0.426 Thread 0x00007f97eb003800 Exception <a 'java/lang/NoSuchFieldError': method resolution failed> (0x00000007aacd61a8) thrown at [/Users/java_re/workspace/8-2-build-macosx-x86_64/jdk8u121/8372/hotspot/src/share/vm/prims/methodHandles.cpp, line 1146]
Event: 1.022 Thread 0x00007f97eb003800 Exception <a 'java/io/FileNotFoundException'> (0x00000007aad52d98) thrown at [/Users/java_re/workspace/8-2-build-macosx-x86_64/jdk8u121/8372/hotspot/src/share/vm/prims/jni.cpp, line 709]
Event: 1.022 Thread 0x00007f97eb003800 Exception <a 'java/io/FileNotFoundException'> (0x00000007aad538e8) thrown at [/Users/java_re/workspace/8-2-build-macosx-x86_64/jdk8u121/8372/hotspot/src/share/vm/prims/jni.cpp, line 709]
Event: 1.471 Thread 0x00007f97eb003800 Exception <a 'java/io/FileNotFoundException'> (0x00000007aae8c378) thrown at [/Users/java_re/workspace/8-2-build-macosx-x86_64/jdk8u121/8372/hotspot/src/share/vm/prims/jni.cpp, line 709]
Event: 6.433 Thread 0x00007f97eb031800 Exception <a 'java/lang/NullPointerException'> (0x00000007aabb3de0) thrown at [/Users/java_re/workspace/8-2-build-macosx-x86_64/jdk8u121/8372/hotspot/src/share/vm/interpreter/linkResolver.cpp, line 1178]
Event: 6.592 Thread 0x00007f97eb1b5800 Exception <a 'java/lang/UnsatisfiedLinkError': com.jogamp.common.util.JarUtil.fixNativeLibAttribs(Ljava/lang/String;)Z> (0x00000007aaf4c858) thrown at [/Users/java_re/workspace/8-2-build-macosx-x86_64/jdk8u121/8372/hotspot/src/share/vm/prims/nativeLookup.
Event: 8.564 Thread 0x00007f97ebafa800 Exception <a 'java/io/FileNotFoundException'> (0x00000007ab18b218) thrown at [/Users/java_re/workspace/8-2-build-macosx-x86_64/jdk8u121/8372/hotspot/src/share/vm/prims/jni.cpp, line 709]
Event: 8.565 Thread 0x00007f97ebafa800 Exception <a 'java/io/FileNotFoundException'> (0x00000007ab1913f8) thrown at [/Users/java_re/workspace/8-2-build-macosx-x86_64/jdk8u121/8372/hotspot/src/share/vm/prims/jni.cpp, line 709]
Event: 8.566 Thread 0x00007f97ebafa800 Implicit null exception at 0x000000011128bc36 to 0x000000011128c005

Events (10 events):
Event: 47.764 Executing VM operation: RevokeBias done
Event: 47.765 Thread 0x00007f97ec202800 Thread exited: 0x00007f97ec202800
Event: 47.765 Thread 0x00007f97f2004800 Uncommon trap: trap_request=0xffffff86 fr.pc=0x00000001118c8188
Event: 47.765 Thread 0x00007f97f2004800 DEOPT PACKING pc=0x00000001118c8188 sp=0x000070000e0a57f0
Event: 47.765 Thread 0x00007f97f2004800 DEOPT UNPACKING pc=0x00000001110d1229 sp=0x000070000e0a57a0 mode 2
Event: 47.765 loading class java/awt/Window$1DisposeAction
Event: 47.765 loading class java/awt/Window$1DisposeAction done
Event: 47.765 Thread 0x00007f97ec01c000 flushing nmethod 0x0000000111436dd0
Event: 47.765 Thread 0x00007f97ec01c000 flushing nmethod 0x0000000111437490
Event: 47.765 Thread 0x00007f97ec01c000 flushing nmethod 0x000000011149a3d0


Dynamic libraries:
0x000000004c357000 	/System/Library/Frameworks/Cocoa.framework/Versions/A/Cocoa
0x000000004c357000 	/System/Library/Frameworks/Security.framework/Versions/A/Security
0x000000004c357000 	/System/Library/Frameworks/ApplicationServices.framework/Versions/A/ApplicationServices
0x000000004c357000 	/usr/lib/libz.1.dylib
0x000000004c357000 	/usr/lib/libSystem.B.dylib
0x000000004c357000 	/usr/lib/libobjc.A.dylib
0x000000004c357000 	/System/Library/Frameworks/CoreFoundation.framework/Versions/A/CoreFoundation
0x000000004c357000 	/System/Library/Frameworks/Foundation.framework/Versions/C/Foundation
0x000000004c357000 	/System/Library/Frameworks/AppKit.framework/Versions/C/AppKit
0x000000004c357000 	/System/Library/Frameworks/CoreData.framework/Versions/A/CoreData
0x000000004c357000 	/System/Library/PrivateFrameworks/RemoteViewServices.framework/Versions/A/RemoteViewServices
0x000000004c357000 	/System/Library/PrivateFrameworks/UIFoundation.framework/Versions/A/UIFoundation
0x000000004c357000 	/System/Library/PrivateFrameworks/DFRFoundation.framework/Versions/A/DFRFoundation
0x000000004c357000 	/usr/lib/libenergytrace.dylib
0x000000004c357000 	/System/Library/PrivateFrameworks/SkyLight.framework/Versions/A/SkyLight
0x000000004c357000 	/System/Library/Frameworks/CoreGraphics.framework/Versions/A/CoreGraphics
0x000000004c357000 	/usr/lib/libScreenReader.dylib
0x000000004c357000 	/System/Library/Frameworks/Accelerate.framework/Versions/A/Accelerate
0x000000004c357000 	/System/Library/Frameworks/IOSurface.framework/Versions/A/IOSurface
0x000000004c357000 	/System/Library/Frameworks/AudioToolbox.framework/Versions/A/AudioToolbox
0x000000004c357000 	/System/Library/Frameworks/AudioUnit.framework/Versions/A/AudioUnit
0x000000004c357000 	/System/Library/PrivateFrameworks/DataDetectorsCore.framework/Versions/A/DataDetectorsCore
0x000000004c357000 	/System/Library/PrivateFrameworks/DesktopServicesPriv.framework/Versions/A/DesktopServicesPriv
0x000000004c357000 	/System/Library/Frameworks/Carbon.framework/Versions/A/Frameworks/HIToolbox.framework/Versions/A/HIToolbox
0x000000004c357000 	/usr/lib/libicucore.A.dylib
0x000000004c357000 	/System/Library/Frameworks/QuartzCore.framework/Versions/A/QuartzCore
0x000000004c357000 	/System/Library/Frameworks/Carbon.framework/Versions/A/Frameworks/SpeechRecognition.framework/Versions/A/SpeechRecognition
0x000000004c357000 	/usr/lib/libauto.dylib
0x000000004c357000 	/usr/lib/libxml2.2.dylib
0x000000004c357000 	/System/Library/PrivateFrameworks/CoreUI.framework/Versions/A/CoreUI
0x000000004c357000 	/System/Library/Frameworks/CoreAudio.framework/Versions/A/CoreAudio
0x000000004c357000 	/System/Library/Frameworks/DiskArbitration.framework/Versions/A/DiskArbitration
0x000000004c357000 	/usr/lib/liblangid.dylib
0x000000004c357000 	/System/Library/PrivateFrameworks/MultitouchSupport.framework/Versions/A/MultitouchSupport
0x000000004c357000 	/System/Library/Frameworks/IOKit.framework/Versions/A/IOKit
0x000000004c357000 	/usr/lib/libDiagnosticMessagesClient.dylib
0x000000004c357000 	/System/Library/Frameworks/CoreServices.framework/Versions/A/CoreServices
0x000000004c357000 	/System/Library/PrivateFrameworks/PerformanceAnalysis.framework/Versions/A/PerformanceAnalysis
0x000000004c357000 	/System/Library/PrivateFrameworks/GenerationalStorage.framework/Versions/A/GenerationalStorage
0x000000004c357000 	/System/Library/Frameworks/OpenGL.framework/Versions/A/OpenGL
0x000000004c357000 	/System/Library/Frameworks/CoreImage.framework/Versions/A/CoreImage
0x000000004c357000 	/System/Library/Frameworks/CoreText.framework/Versions/A/CoreText
0x000000004c357000 	/System/Library/Frameworks/ImageIO.framework/Versions/A/ImageIO
0x000000004c357000 	/System/Library/PrivateFrameworks/Backup.framework/Versions/A/Backup
0x000000004c357000 	/usr/lib/libarchive.2.dylib
0x000000004c357000 	/System/Library/Frameworks/CFNetwork.framework/Versions/A/CFNetwork
0x000000004c357000 	/System/Library/Frameworks/SystemConfiguration.framework/Versions/A/SystemConfiguration
0x000000004c357000 	/usr/lib/libCRFSuite.dylib
0x000000004c357000 	/usr/lib/libc++.1.dylib
0x000000004c357000 	/usr/lib/libc++abi.dylib
0x000000004c357000 	/usr/lib/system/libcache.dylib
0x000000004c357000 	/usr/lib/system/libcommonCrypto.dylib
0x000000004c357000 	/usr/lib/system/libcompiler_rt.dylib
0x000000004c357000 	/usr/lib/system/libcopyfile.dylib
0x000000004c357000 	/usr/lib/system/libcorecrypto.dylib
0x000000004c357000 	/usr/lib/system/libdispatch.dylib
0x000000004c357000 	/usr/lib/system/libdyld.dylib
0x000000004c357000 	/usr/lib/system/libkeymgr.dylib
0x000000004c357000 	/usr/lib/system/liblaunch.dylib
0x000000004c357000 	/usr/lib/system/libmacho.dylib
0x000000004c357000 	/usr/lib/system/libquarantine.dylib
0x000000004c357000 	/usr/lib/system/libremovefile.dylib
0x000000004c357000 	/usr/lib/system/libsystem_asl.dylib
0x000000004c357000 	/usr/lib/system/libsystem_blocks.dylib
0x000000004c357000 	/usr/lib/system/libsystem_c.dylib
0x000000004c357000 	/usr/lib/system/libsystem_configuration.dylib
0x000000004c357000 	/usr/lib/system/libsystem_coreservices.dylib
0x000000004c357000 	/usr/lib/system/libsystem_coretls.dylib
0x000000004c357000 	/usr/lib/system/libsystem_dnssd.dylib
0x000000004c357000 	/usr/lib/system/libsystem_info.dylib
0x000000004c357000 	/usr/lib/system/libsystem_kernel.dylib
0x000000004c357000 	/usr/lib/system/libsystem_m.dylib
0x000000004c357000 	/usr/lib/system/libsystem_malloc.dylib
0x000000004c357000 	/usr/lib/system/libsystem_network.dylib
0x000000004c357000 	/usr/lib/system/libsystem_networkextension.dylib
0x000000004c357000 	/usr/lib/system/libsystem_notify.dylib
0x000000004c357000 	/usr/lib/system/libsystem_platform.dylib
0x000000004c357000 	/usr/lib/system/libsystem_pthread.dylib
0x000000004c357000 	/usr/lib/system/libsystem_sandbox.dylib
0x000000004c357000 	/usr/lib/system/libsystem_secinit.dylib
0x000000004c357000 	/usr/lib/system/libsystem_symptoms.dylib
0x000000004c357000 	/usr/lib/system/libsystem_trace.dylib
0x000000004c357000 	/usr/lib/system/libunwind.dylib
0x000000004c357000 	/usr/lib/system/libxpc.dylib
0x000000004c357000 	/usr/lib/libbsm.0.dylib
0x000000004c357000 	/usr/lib/system/libkxld.dylib
0x000000004c357000 	/usr/lib/libcoretls.dylib
0x000000004c357000 	/usr/lib/libcoretls_cfhelpers.dylib
0x000000004c357000 	/usr/lib/libOpenScriptingUtil.dylib
0x000000004c357000 	/usr/lib/libpam.2.dylib
0x000000004c357000 	/usr/lib/libsqlite3.dylib
0x000000004c357000 	/usr/lib/libxar.1.dylib
0x000000004c357000 	/usr/lib/libbz2.1.0.dylib
0x000000004c357000 	/usr/lib/liblzma.5.dylib
0x000000004c357000 	/usr/lib/libnetwork.dylib
0x000000004c357000 	/usr/lib/libpcap.A.dylib
0x000000004c357000 	/System/Library/Frameworks/CoreServices.framework/Versions/A/Frameworks/FSEvents.framework/Versions/A/FSEvents
0x000000004c357000 	/System/Library/Frameworks/CoreServices.framework/Versions/A/Frameworks/CarbonCore.framework/Versions/A/CarbonCore
0x000000004c357000 	/System/Library/Frameworks/CoreServices.framework/Versions/A/Frameworks/Metadata.framework/Versions/A/Metadata
0x000000004c357000 	/System/Library/Frameworks/CoreServices.framework/Versions/A/Frameworks/OSServices.framework/Versions/A/OSServices
0x000000004c357000 	/System/Library/Frameworks/CoreServices.framework/Versions/A/Frameworks/SearchKit.framework/Versions/A/SearchKit
0x000000004c357000 	/System/Library/Frameworks/CoreServices.framework/Versions/A/Frameworks/AE.framework/Versions/A/AE
0x000000004c357000 	/System/Library/Frameworks/CoreServices.framework/Versions/A/Frameworks/LaunchServices.framework/Versions/A/LaunchServices
0x000000004c357000 	/System/Library/Frameworks/CoreServices.framework/Versions/A/Frameworks/DictionaryServices.framework/Versions/A/DictionaryServices
0x000000004c357000 	/System/Library/Frameworks/CoreServices.framework/Versions/A/Frameworks/SharedFileList.framework/Versions/A/SharedFileList
0x000000004c357000 	/System/Library/Frameworks/NetFS.framework/Versions/A/NetFS
0x000000004c357000 	/System/Library/PrivateFrameworks/NetAuth.framework/Versions/A/NetAuth
0x000000004c357000 	/System/Library/PrivateFrameworks/login.framework/Versions/A/Frameworks/loginsupport.framework/Versions/A/loginsupport
0x000000004c357000 	/System/Library/PrivateFrameworks/TCC.framework/Versions/A/TCC
0x000000004c357000 	/usr/lib/libmecabra.dylib
0x000000004c357000 	/System/Library/Frameworks/ApplicationServices.framework/Versions/A/Frameworks/ATS.framework/Versions/A/ATS
0x000000004c357000 	/System/Library/Frameworks/ApplicationServices.framework/Versions/A/Frameworks/ColorSync.framework/Versions/A/ColorSync
0x000000004c357000 	/System/Library/Frameworks/ApplicationServices.framework/Versions/A/Frameworks/HIServices.framework/Versions/A/HIServices
0x000000004c357000 	/System/Library/Frameworks/ApplicationServices.framework/Versions/A/Frameworks/LangAnalysis.framework/Versions/A/LangAnalysis
0x000000004c357000 	/System/Library/Frameworks/ApplicationServices.framework/Versions/A/Frameworks/PrintCore.framework/Versions/A/PrintCore
0x000000004c357000 	/System/Library/Frameworks/ApplicationServices.framework/Versions/A/Frameworks/QD.framework/Versions/A/QD
0x000000004c357000 	/System/Library/Frameworks/ApplicationServices.framework/Versions/A/Frameworks/SpeechSynthesis.framework/Versions/A/SpeechSynthesis
0x000000004c357000 	/System/Library/Frameworks/Accelerate.framework/Versions/A/Frameworks/vImage.framework/Versions/A/vImage
0x000000004c357000 	/System/Library/Frameworks/Accelerate.framework/Versions/A/Frameworks/vecLib.framework/Versions/A/vecLib
0x000000004c357000 	/System/Library/Frameworks/Accelerate.framework/Versions/A/Frameworks/vecLib.framework/Versions/A/libvDSP.dylib
0x000000004c357000 	/System/Library/Frameworks/Accelerate.framework/Versions/A/Frameworks/vecLib.framework/Versions/A/libBNNS.dylib
0x000000004c357000 	/System/Library/Frameworks/Accelerate.framework/Versions/A/Frameworks/vecLib.framework/Versions/A/libQuadrature.dylib
0x000000004c357000 	/System/Library/Frameworks/Accelerate.framework/Versions/A/Frameworks/vecLib.framework/Versions/A/libvMisc.dylib
0x000000004c357000 	/System/Library/Frameworks/Accelerate.framework/Versions/A/Frameworks/vecLib.framework/Versions/A/libLAPACK.dylib
0x000000004c357000 	/System/Library/Frameworks/Accelerate.framework/Versions/A/Frameworks/vecLib.framework/Versions/A/libBLAS.dylib
0x000000004c357000 	/System/Library/Frameworks/Accelerate.framework/Versions/A/Frameworks/vecLib.framework/Versions/A/libLinearAlgebra.dylib
0x000000004c357000 	/System/Library/Frameworks/Accelerate.framework/Versions/A/Frameworks/vecLib.framework/Versions/A/libSparseBLAS.dylib
0x000000004c357000 	/System/Library/Frameworks/ApplicationServices.framework/Versions/A/Frameworks/ATS.framework/Versions/A/Resources/libFontParser.dylib
0x000000004c357000 	/System/Library/Frameworks/ApplicationServices.framework/Versions/A/Frameworks/ATS.framework/Versions/A/Resources/libFontRegistry.dylib
0x000000004c357000 	/System/Library/Frameworks/ImageIO.framework/Versions/A/Resources/libJPEG.dylib
0x000000004c357000 	/System/Library/Frameworks/ImageIO.framework/Versions/A/Resources/libTIFF.dylib
0x000000004c357000 	/System/Library/Frameworks/ImageIO.framework/Versions/A/Resources/libPng.dylib
0x000000004c357000 	/System/Library/Frameworks/ImageIO.framework/Versions/A/Resources/libGIF.dylib
0x000000004c357000 	/System/Library/Frameworks/ImageIO.framework/Versions/A/Resources/libJP2.dylib
0x000000004c357000 	/System/Library/Frameworks/ImageIO.framework/Versions/A/Resources/libRadiance.dylib
0x000000004c357000 	/usr/lib/libcompression.dylib
0x000000004c357000 	/System/Library/PrivateFrameworks/AppleJPEG.framework/Versions/A/AppleJPEG
0x000000004c357000 	/usr/lib/libcups.2.dylib
0x000000004c357000 	/System/Library/Frameworks/Kerberos.framework/Versions/A/Kerberos
0x000000004c357000 	/System/Library/Frameworks/GSS.framework/Versions/A/GSS
0x000000004c357000 	/usr/lib/libresolv.9.dylib
0x000000004c357000 	/usr/lib/libiconv.2.dylib
0x000000004c357000 	/System/Library/PrivateFrameworks/Heimdal.framework/Versions/A/Heimdal
0x000000004c357000 	/usr/lib/libheimdal-asn1.dylib
0x000000004c357000 	/System/Library/Frameworks/OpenDirectory.framework/Versions/A/OpenDirectory
0x000000004c357000 	/System/Library/PrivateFrameworks/CommonAuth.framework/Versions/A/CommonAuth
0x000000004c357000 	/System/Library/Frameworks/OpenDirectory.framework/Versions/A/Frameworks/CFOpenDirectory.framework/Versions/A/CFOpenDirectory
0x000000004c357000 	/System/Library/Frameworks/SecurityFoundation.framework/Versions/A/SecurityFoundation
0x000000004c357000 	/System/Library/PrivateFrameworks/LanguageModeling.framework/Versions/A/LanguageModeling
0x000000004c357000 	/usr/lib/libmarisa.dylib
0x000000004c357000 	/usr/lib/libChineseTokenizer.dylib
0x000000004c357000 	/usr/lib/libcmph.dylib
0x000000004c357000 	/System/Library/PrivateFrameworks/CoreEmoji.framework/Versions/A/CoreEmoji
0x000000004c357000 	/System/Library/Frameworks/ServiceManagement.framework/Versions/A/ServiceManagement
0x000000004c357000 	/usr/lib/libxslt.1.dylib
0x000000004c357000 	/System/Library/Frameworks/Carbon.framework/Versions/A/Frameworks/Ink.framework/Versions/A/Ink
0x000000004c357000 	/System/Library/PrivateFrameworks/TextureIO.framework/Versions/A/TextureIO
0x000000004c357000 	/System/Library/Frameworks/Metal.framework/Versions/A/Metal
0x000000004c357000 	/usr/lib/libate.dylib
0x000000004c357000 	/System/Library/PrivateFrameworks/GPUCompiler.framework/libmetal_timestamp.dylib
0x000000004c357000 	/System/Library/Frameworks/OpenGL.framework/Versions/A/Libraries/libCoreFSCache.dylib
0x000000004c357000 	/System/Library/PrivateFrameworks/IOAccelerator.framework/Versions/A/IOAccelerator
0x000000004c357000 	/System/Library/Frameworks/CoreVideo.framework/Versions/A/CoreVideo
0x000000004c357000 	/usr/lib/libFosl_dynamic.dylib
0x000000004c357000 	/System/Library/PrivateFrameworks/MetalPerformanceShaders.framework/Versions/A/MetalPerformanceShaders
0x000000004c357000 	/System/Library/PrivateFrameworks/FaceCore.framework/Versions/A/FaceCore
0x000000004c357000 	/System/Library/Frameworks/OpenCL.framework/Versions/A/OpenCL
0x000000004c357000 	/System/Library/Frameworks/OpenGL.framework/Versions/A/Libraries/libGLU.dylib
0x000000004c357000 	/System/Library/Frameworks/OpenGL.framework/Versions/A/Libraries/libGFXShared.dylib
0x000000004c357000 	/System/Library/Frameworks/OpenGL.framework/Versions/A/Libraries/libGL.dylib
0x000000004c357000 	/System/Library/Frameworks/OpenGL.framework/Versions/A/Libraries/libGLImage.dylib
0x000000004c357000 	/System/Library/Frameworks/OpenGL.framework/Versions/A/Libraries/libCVMSPluginSupport.dylib
0x000000004c357000 	/System/Library/Frameworks/OpenGL.framework/Versions/A/Libraries/libCoreVMClient.dylib
0x000000004c357000 	/System/Library/PrivateFrameworks/CrashReporterSupport.framework/Versions/A/CrashReporterSupport
0x000000004c357000 	/System/Library/PrivateFrameworks/Sharing.framework/Versions/A/Sharing
0x000000004c357000 	/System/Library/PrivateFrameworks/IconServices.framework/Versions/A/IconServices
0x000000004c357000 	/System/Library/PrivateFrameworks/ProtocolBuffer.framework/Versions/A/ProtocolBuffer
0x000000004c357000 	/System/Library/PrivateFrameworks/Apple80211.framework/Versions/A/Apple80211
0x000000004c357000 	/System/Library/Frameworks/CoreWLAN.framework/Versions/A/CoreWLAN
0x000000004c357000 	/System/Library/PrivateFrameworks/CoreUtils.framework/Versions/A/CoreUtils
0x000000004c357000 	/System/Library/Frameworks/IOBluetooth.framework/Versions/A/IOBluetooth
0x000000004c357000 	/System/Library/PrivateFrameworks/CoreWiFi.framework/Versions/A/CoreWiFi
0x000000004c357000 	/System/Library/Frameworks/CoreBluetooth.framework/Versions/A/CoreBluetooth
0x000000004c357000 	/System/Library/Frameworks/CoreDisplay.framework/Versions/A/CoreDisplay
0x000000004c357000 	/System/Library/PrivateFrameworks/IOPresentment.framework/Versions/A/IOPresentment
0x000000004c357000 	/System/Library/PrivateFrameworks/DSExternalDisplay.framework/Versions/A/DSExternalDisplay
0x000000004c357000 	/System/Library/PrivateFrameworks/DebugSymbols.framework/Versions/A/DebugSymbols
0x000000004c357000 	/System/Library/PrivateFrameworks/CoreSymbolication.framework/Versions/A/CoreSymbolication
0x000000004c357000 	/System/Library/PrivateFrameworks/Symbolication.framework/Versions/A/Symbolication
0x000000004c357000 	/System/Library/PrivateFrameworks/AppleFSCompression.framework/Versions/A/AppleFSCompression
0x000000004c357000 	/System/Library/PrivateFrameworks/SpeechRecognitionCore.framework/Versions/A/SpeechRecognitionCore
0x000000004c357000 	/System/Library/PrivateFrameworks/ChunkingLibrary.framework/Versions/A/ChunkingLibrary
0x000000010ca00000 	/Library/Java/JavaVirtualMachines/jdk1.8.0_121.jdk/Contents/Home/jre/lib/server/libjvm.dylib
0x000000004c357000 	/usr/lib/libstdc++.6.dylib
0x000000010c1a0000 	/Library/Java/JavaVirtualMachines/jdk1.8.0_121.jdk/Contents/Home/jre/lib/libverify.dylib
0x000000010c1ae000 	/Library/Java/JavaVirtualMachines/jdk1.8.0_121.jdk/Contents/Home/jre/lib/libjava.dylib
0x000000010c1ed000 	/Library/Java/JavaVirtualMachines/jdk1.8.0_121.jdk/Contents/Home/jre/lib/libzip.dylib
0x0000000120e2c000 	/System/Library/Frameworks/JavaVM.framework/Frameworks/JavaRuntimeSupport.framework/JavaRuntimeSupport
0x0000000120e46000 	/System/Library/Frameworks/JavaVM.framework/Versions/A/Frameworks/JavaNativeFoundation.framework/Versions/A/JavaNativeFoundation
0x0000000120e5b000 	/System/Library/Frameworks/JavaVM.framework/Versions/A/JavaVM
0x000000004c357000 	/System/Library/Frameworks/Carbon.framework/Versions/A/Carbon
0x0000000120e68000 	/System/Library/PrivateFrameworks/JavaLaunching.framework/Versions/A/JavaLaunching
0x000000004c357000 	/System/Library/Frameworks/Carbon.framework/Versions/A/Frameworks/CommonPanels.framework/Versions/A/CommonPanels
0x000000004c357000 	/System/Library/Frameworks/Carbon.framework/Versions/A/Frameworks/Help.framework/Versions/A/Help
0x000000004c357000 	/System/Library/Frameworks/Carbon.framework/Versions/A/Frameworks/ImageCapture.framework/Versions/A/ImageCapture
0x000000004c357000 	/System/Library/Frameworks/Carbon.framework/Versions/A/Frameworks/OpenScripting.framework/Versions/A/OpenScripting
0x000000004c357000 	/System/Library/Frameworks/Carbon.framework/Versions/A/Frameworks/Print.framework/Versions/A/Print
0x000000004c357000 	/System/Library/Frameworks/Carbon.framework/Versions/A/Frameworks/SecurityHI.framework/Versions/A/SecurityHI
0x000000012276f000 	/Library/Java/JavaVirtualMachines/jdk1.8.0_121.jdk/Contents/Home/jre/lib/libawt.dylib
0x0000000122817000 	/Library/Java/JavaVirtualMachines/jdk1.8.0_121.jdk/Contents/Home/jre/lib/./libmlib_image.dylib
0x00000001228e3000 	/Library/Java/JavaVirtualMachines/jdk1.8.0_121.jdk/Contents/Home/jre/lib/libawt_lwawt.dylib
0x000000012299a000 	/Library/Java/JavaVirtualMachines/jdk1.8.0_121.jdk/Contents/Home/jre/lib/./libosxapp.dylib
0x000000004c357000 	/System/Library/Frameworks/ExceptionHandling.framework/Versions/A/ExceptionHandling
0x000000004c357000 	/System/Library/PrivateFrameworks/CoreServicesInternal.framework/Versions/A/CoreServicesInternal
0x000000004c357000 	/System/Library/CoreServices/RawCamera.bundle/Contents/MacOS/RawCamera
0x000000004c357000 	/System/Library/Frameworks/Accelerate.framework/Versions/A/Frameworks/vImage.framework/Versions/A/Libraries/libCGInterfaces.dylib
0x000000004c357000 	/System/Library/Frameworks/ApplicationServices.framework/Versions/A/Frameworks/ATS.framework/Versions/A/Resources/libTrueTypeScaler.dylib
0x00000001244cc000 	/System/Library/Frameworks/OpenGL.framework/Resources/GLEngine.bundle/GLEngine
0x000000004c357000 	/System/Library/Frameworks/OpenGL.framework/Versions/A/Libraries/libGLProgrammability.dylib
0x00000001246b1000 	/System/Library/Extensions/AppleIntelHD5000GraphicsGLDriver.bundle/Contents/MacOS/AppleIntelHD5000GraphicsGLDriver
0x000000004c357000 	/System/Library/PrivateFrameworks/GPUSupport.framework/Versions/A/Libraries/libGPUSupportMercury.dylib
0x0000000124e1f000 	/System/Library/Frameworks/OpenGL.framework/Resources//GLRendererFloat.bundle/GLRendererFloat
0x000000004c357000 	/System/Library/Frameworks/OpenCL.framework/Versions/A/Libraries/libcldcpuengine.dylib
0x000000004c357000 	/usr/lib/libcrypto.0.9.8.dylib
0x000000004c357000 	/System/Library/PrivateFrameworks/TrustEvaluationAgent.framework/Versions/A/TrustEvaluationAgent
0x0000000124e53000 	/System/Library/Extensions/AppleIntelHD5000GraphicsMTLDriver.bundle/Contents/MacOS/AppleIntelHD5000GraphicsMTLDriver
0x000000004c357000 	/System/Library/PrivateFrameworks/FamilyControls.framework/Versions/A/FamilyControls
0x000000004c357000 	/System/Library/PrivateFrameworks/CommerceKit.framework/Versions/A/Frameworks/CommerceCore.framework/Versions/A/CommerceCore
0x000000004c357000 	/System/Library/PrivateFrameworks/SystemAdministration.framework/Versions/A/SystemAdministration
0x000000004c357000 	/System/Library/PrivateFrameworks/AppContainer.framework/Versions/A/AppContainer
0x000000004c357000 	/System/Library/PrivateFrameworks/SecCodeWrapper.framework/Versions/A/SecCodeWrapper
0x000000004c357000 	/System/Library/Frameworks/DirectoryService.framework/Versions/A/DirectoryService
0x000000004c357000 	/System/Library/PrivateFrameworks/DiskImages.framework/Versions/A/DiskImages
0x000000004c357000 	/System/Library/PrivateFrameworks/LoginUIKit.framework/Versions/A/Frameworks/LoginUICore.framework/Versions/A/LoginUICore
0x000000004c357000 	/usr/lib/libCoreStorage.dylib
0x000000004c357000 	/usr/lib/libcsfde.dylib
0x000000004c357000 	/usr/lib/libodfde.dylib
0x000000004c357000 	/System/Library/Frameworks/DiscRecording.framework/Versions/A/DiscRecording
0x000000004c357000 	/usr/lib/libcurl.4.dylib
0x000000004c357000 	/System/Library/PrivateFrameworks/MediaKit.framework/Versions/A/MediaKit
0x000000004c357000 	/System/Library/PrivateFrameworks/ProtectedCloudStorage.framework/Versions/A/ProtectedCloudStorage
0x000000004c357000 	/System/Library/PrivateFrameworks/EFILogin.framework/Versions/A/EFILogin
0x000000004c357000 	/usr/lib/libutil.dylib
0x000000004c357000 	/System/Library/Frameworks/LDAP.framework/Versions/A/LDAP
0x000000004c357000 	/usr/lib/libsasl2.2.dylib
0x000000004c357000 	/System/Library/PrivateFrameworks/CoreDaemon.framework/Versions/B/CoreDaemon
0x000000004c357000 	/System/Library/PrivateFrameworks/AppleSRP.framework/Versions/A/AppleSRP
0x000000004c357000 	/System/Library/PrivateFrameworks/APFS.framework/Versions/A/APFS
0x0000000126a46000 	/Library/Java/JavaVirtualMachines/jdk1.8.0_121.jdk/Contents/Home/jre/lib/libfontmanager.dylib
0x000000004c357000 	/System/Library/PrivateFrameworks/ViewBridge.framework/Versions/A/ViewBridge
0x000000004c357000 	/System/Library/PrivateFrameworks/XPCService.framework/Versions/A/XPCService
0x000000004c357000 	/System/Library/PrivateFrameworks/AppSandbox.framework/Versions/A/AppSandbox
0x000000004c357000 	/usr/lib/libsandbox.1.dylib
0x000000004c357000 	/usr/lib/libMatch.1.dylib
0x0000000127e41000 	/Library/Java/JavaVirtualMachines/jdk1.8.0_121.jdk/Contents/Home/jre/lib/libosxui.dylib
0x0000000128a02000 	/Library/Java/JavaVirtualMachines/jdk1.8.0_121.jdk/Contents/Home/jre/lib/libnet.dylib
0x0000000128a19000 	/Library/Java/JavaVirtualMachines/jdk1.8.0_121.jdk/Contents/Home/jre/lib/libnio.dylib
0x0000000127b4c000 	/private/var/folders/z5/dkh_k18x6bn8z6w6jj1k7pqm0000gn/T/jogamp_0000/file_cache/jln8198569892144896221/jln8899911174724644167/libgluegen-rt.jnilib
0x0000000127b51000 	/private/var/folders/z5/dkh_k18x6bn8z6w6jj1k7pqm0000gn/T/jogamp_0000/file_cache/jln8198569892144896221/jln8899911174724644167/libnativewindow_awt.jnilib
0x00000001289af000 	/Library/Java/JavaVirtualMachines/jdk1.8.0_121.jdk/Contents/Home/jre/lib/libjawt.dylib
0x0000000191001000 	/private/var/folders/z5/dkh_k18x6bn8z6w6jj1k7pqm0000gn/T/jogamp_0000/file_cache/jln8198569892144896221/jln8899911174724644167/libnativewindow_macosx.jnilib
0x0000000192df2000 	/private/var/folders/z5/dkh_k18x6bn8z6w6jj1k7pqm0000gn/T/jogamp_0000/file_cache/jln8198569892144896221/jln8899911174724644167/libjogl_desktop.jnilib
0x000000019869b000 	/Library/Java/JavaVirtualMachines/jdk1.8.0_121.jdk/Contents/Home/jre/lib/libt2k.dylib

VM Arguments:
jvm_args: -Djava.security.policy=java.policy.applet -Dfile.encoding=MacRoman 
java_command: sun.applet.AppletViewer module6.EarthquakeCityMap1523916068412.html
java_class_path (initial): /Users/Mac/Documents/workspace/UCSDUnfoldingMaps/build:/Users/Mac/Documents/workspace/UCSDUnfoldingMaps/lib/core.jar:/Users/Mac/Documents/workspace/UCSDUnfoldingMaps/lib/gluegen-rt.jar:/Users/Mac/Documents/workspace/UCSDUnfoldingMaps/lib/jogl-all.jar:/Users/Mac/Documents/workspace/UCSDUnfoldingMaps/lib/log4j-1.2.15.jar:/Users/Mac/Documents/workspace/UCSDUnfoldingMaps/lib/sqlite-jdbc-3.7.2.jar:/Users/Mac/Documents/workspace/UCSDUnfoldingMaps/lib/json4processing.jar:/Users/Mac/Documents/workspace/UCSDUnfoldingMaps/lib/libTUIO.jar:/Users/Mac/Documents/workspace/UCSDUnfoldingMaps/lib/unfolding.0.9.7-uscd.jar
Launcher Type: SUN_STANDARD

Environment Variables:
PATH=/Library/Frameworks/Python.framework/Versions/3.6/bin:/usr/local/bin:/usr/bin:/bin:/usr/sbin:/sbin:/opt/X11/bin:/Library/Frameworks/Mono.framework/Versions/Current/Commands:/Library/TeX/texbin
SHELL=/bin/bash
DISPLAY=/private/tmp/com.apple.launchd.BfoSnAz3r8/org.macosforge.xquartz:0

Signal Handlers:
SIGSEGV: [libjvm.dylib+0x5b1141], sa_mask[0]=11111111011111110111111111111111, sa_flags=SA_ONSTACK|SA_RESTART|SA_SIGINFO
SIGBUS: [libjvm.dylib+0x5b1141], sa_mask[0]=11111111011111110111111111111111, sa_flags=SA_RESTART|SA_SIGINFO
SIGFPE: [libjvm.dylib+0x487bc4], sa_mask[0]=11111111011111110111111111111111, sa_flags=SA_RESTART|SA_SIGINFO
SIGPIPE: [libjvm.dylib+0x487bc4], sa_mask[0]=11111111011111110111111111111111, sa_flags=SA_RESTART|SA_SIGINFO
SIGXFSZ: [libjvm.dylib+0x487bc4], sa_mask[0]=11111111011111110111111111111111, sa_flags=SA_RESTART|SA_SIGINFO
SIGILL: [libjvm.dylib+0x487bc4], sa_mask[0]=11111111011111110111111111111111, sa_flags=SA_RESTART|SA_SIGINFO
SIGUSR1: SIG_DFL, sa_mask[0]=11011111011111100000000111000110, sa_flags=none
SIGUSR2: [libjvm.dylib+0x4876e2], sa_mask[0]=00100000000000000000000000000000, sa_flags=SA_RESTART|SA_SIGINFO
SIGHUP: [libjvm.dylib+0x485cb9], sa_mask[0]=11111111011111110111111111111111, sa_flags=SA_RESTART|SA_SIGINFO
SIGINT: [libjvm.dylib+0x485cb9], sa_mask[0]=11111111011111110111111111111111, sa_flags=SA_RESTART|SA_SIGINFO
SIGTERM: [libjvm.dylib+0x485cb9], sa_mask[0]=11111111011111110111111111111111, sa_flags=SA_RESTART|SA_SIGINFO
SIGQUIT: [libjvm.dylib+0x485cb9], sa_mask[0]=11111111011111110111111111111111, sa_flags=SA_RESTART|SA_SIGINFO


---------------  S Y S T E M  ---------------

OS:Bsduname:Darwin 16.7.0 Darwin Kernel Version 16.7.0: Thu Jan 11 22:59:40 PST 2018; root:xnu-3789.73.8~1/RELEASE_X86_64 x86_64
rlimit: STACK 8192k, CORE 0k, NPROC 709, NOFILE 10240, AS infinity
load average:3.48 3.37 3.03

CPU:total 4 (2 cores per cpu, 2 threads per core) family 6 model 69 stepping 1, cmov, cx8, fxsr, mmx, sse, sse2, sse3, ssse3, sse4.1, sse4.2, popcnt, avx, avx2, aes, clmul, erms, lzcnt, ht, tsc, tscinvbit, bmi1, bmi2

Memory: 4k page, physical 4194304k(77184k free)

/proc/meminfo:


vm_info: Java HotSpot(TM) 64-Bit Server VM (25.121-b13) for bsd-amd64 JRE (1.8.0_121-b13), built on Dec 12 2016 20:39:32 by "java_re" with gcc 4.2.1 (Based on Apple Inc. build 5658) (LLVM build 2336.11.00)

time: Mon Apr 16 15:01:56 2018
elapsed time: 47 seconds (0d 0h 0m 47s)

