#
# A fatal error has been detected by the Java Runtime Environment:
#
#  SIGSEGV (0xb) at pc=0x00007fffd65ee05d, pid=2911, tid=0x0000000000000307
#
# JRE version: Java(TM) SE Runtime Environment (8.0_121-b13) (build 1.8.0_121-b13)
# Java VM: Java HotSpot(TM) 64-Bit Server VM (25.121-b13 mixed mode bsd-amd64 compressed oops)
# Problematic frame:
# C  [libobjc.A.dylib+0x705d]  objc_msgSend+0x1d
#
# Failed to write core dump. Core dumps have been disabled. To enable core dumping, try "ulimit -c unlimited" before starting Java again
#
# If you would like to submit a bug report, please visit:
#   http://bugreport.java.com/bugreport/crash.jsp
# The crash happened outside the Java Virtual Machine in native code.
# See problematic frame for where to report the bug.
#

---------------  T H R E A D  ---------------

Current thread (0x00007fe58b0d5800):  JavaThread "AWT-AppKit" daemon [_thread_in_native, id=775, stack(0x00007fff557f2000,0x00007fff55ff2000)]

siginfo: si_signo: 11 (SIGSEGV), si_code: 1 (SEGV_MAPERR), si_addr: 0x0000000000000018

Registers:
RAX=0x00007fe5900aae60, RBX=0x000000018eaaa450, RCX=0x00007fe58d701460, RDX=0x0000000000000000
RSP=0x00007fff55fed148, RBP=0x00007fff55fed200, RSI=0x00007fffbfe75116, RDI=0x00007fe5901863f0
R8 =0x0000000000000018, R9 =0x00007fe58d7019e0, R10=0x0000000000000000, R11=0x00007fffbfe75116
R12=0x0000000000000000, R13=0x00000001907e5d08, R14=0x000000018eaaa440, R15=0x00007fe58b0d5800
RIP=0x00007fffd65ee05d, EFLAGS=0x0000000000010246, ERR=0x0000000000000004
  TRAPNO=0x000000000000000e

Top of Stack: (sp=0x00007fff55fed148)
0x00007fff55fed148:   000000018eaa8157 00007fff55fed1a0
0x00007fff55fed158:   0000000000000003 00007fff55fed180
0x00007fff55fed168:   0000000109e7dc62 00000001907e5d08
0x00007fff55fed178:   00000001907e5d08 00007fe5900aae60
0x00007fff55fed188:   000000018eaaa6a0 000000018eaaa710
0x00007fff55fed198:   00007fffdc6546d0 00007fffdd2841e0
0x00007fff55fed1a8:   000000018eaaa450 000000018eaaa690
0x00007fff55fed1b8:   00007fe5900aae60 00007fe5901863f0
0x00007fff55fed1c8:   00007fe58ad508e0 00007fe5900aae60
0x00007fff55fed1d8:   00007fe5901863f0 00007fff55fed288
0x00007fff55fed1e8:   00007fe58b0d59f8 00000001907e5d08
0x00007fff55fed1f8:   00007fff55fed2b0 00007fff55fed278
0x00007fff55fed208:   00000001157009f4 00000001907e5d08
0x00007fff55fed218:   00007fff55fed2b0 00007fff55fed278
0x00007fff55fed228:   0000000115700787 0000000115700742
0x00007fff55fed238:   00007fff55fed238 00000001907e5d08
0x00007fff55fed248:   00007fff55fed2b0 0000000190809028
0x00007fff55fed258:   0000000000000000 00000001907e5d08
0x00007fff55fed268:   0000000000000000 00007fff55fed298
0x00007fff55fed278:   00007fff55fed2f8 00000001156f12bd
0x00007fff55fed288:   00000007805cb460 00000001156fa538
0x00007fff55fed298:   00007fe5900aae60 00007fff55fed2f8
0x00007fff55fed2a8:   00007fe5901863f0 00000001156fbe02
0x00007fff55fed2b8:   00007fff55fed2b8 00000001907e5ed2
0x00007fff55fed2c8:   00007fff55fed320 0000000190809028
0x00007fff55fed2d8:   0000000000000000 00000001907e5ee0
0x00007fff55fed2e8:   00007fff55fed298 00007fff55fed308
0x00007fff55fed2f8:   00007fff55fed368 00000001156f12bd
0x00007fff55fed308:   00007fe5900aae60 00000007805339f0
0x00007fff55fed318:   00007fe5901863f0 00000007805339f0
0x00007fff55fed328:   00007fff55fed328 0000000192e5f8be
0x00007fff55fed338:   00007fff55fed378 0000000192e5f978 

Instructions: (pc=0x00007fffd65ee05d)
0x00007fffd65ee03d:   0f 1f 00 48 85 ff 2e 74 62 40 f6 c7 01 2e 75 66
0x00007fffd65ee04d:   49 ba f8 ff ff ff ff 7f 00 00 4c 23 17 49 89 f3
0x00007fffd65ee05d:   45 23 5a 18 49 c1 e3 04 4d 03 5a 10 49 3b 33 75
0x00007fffd65ee06d:   04 41 ff 63 08 49 83 3b 01 76 0d 49 83 c3 10 49 

Register to memory mapping:

RAX=0x00007fe5900aae60 is an unknown value
RBX=0x000000018eaaa450: Java_jogamp_nativewindow_macosx_OSXUtil_GetScreenRefreshRate0+0x1cf0 in /private/var/folders/z5/dkh_k18x6bn8z6w6jj1k7pqm0000gn/T/jogamp_0000/file_cache/jln3321963633503930604/jln5415376266389976206/libnativewindow_macosx.jnilib at 0x000000018eaa3000
RCX=0x00007fe58d701460 is an unknown value
RDX=0x0000000000000000 is an unknown value
RSP=0x00007fff55fed148 is pointing into the stack for thread: 0x00007fe58b0d5800
RBP=0x00007fff55fed200 is pointing into the stack for thread: 0x00007fe58b0d5800
RSI=0x00007fffbfe75116: __NSStyleNameIndexTable+0x7fd5e in /System/Library/Frameworks/AppKit.framework/Versions/C/AppKit at 0x00007fffbf208000
RDI=0x00007fe5901863f0 is an unknown value
R8 =0x0000000000000018 is an unknown value
R9 =0x00007fe58d7019e0 is an unknown value
R10=0x0000000000000000 is an unknown value
R11=0x00007fffbfe75116: __NSStyleNameIndexTable+0x7fd5e in /System/Library/Frameworks/AppKit.framework/Versions/C/AppKit at 0x00007fffbf208000
R12=0x0000000000000000 is an unknown value
R13={method} {0x00000001907e5d08} 'UnsetJAWTRootSurfaceLayer0' '(JJ)V' in 'jogamp/nativewindow/jawt/macosx/MacOSXJAWTWindow'
R14=0x000000018eaaa440: Java_jogamp_nativewindow_macosx_OSXUtil_GetScreenRefreshRate0+0x1ce0 in /private/var/folders/z5/dkh_k18x6bn8z6w6jj1k7pqm0000gn/T/jogamp_0000/file_cache/jln3321963633503930604/jln5415376266389976206/libnativewindow_macosx.jnilib at 0x000000018eaa3000
R15=0x00007fe58b0d5800 is a thread


Stack: [0x00007fff557f2000,0x00007fff55ff2000],  sp=0x00007fff55fed148,  free space=8172k
Native frames: (J=compiled Java code, j=interpreted, Vv=VM code, C=native code)
C  [libobjc.A.dylib+0x705d]  objc_msgSend+0x1d
j  jogamp.nativewindow.jawt.macosx.MacOSXJAWTWindow.UnsetJAWTRootSurfaceLayer0(JJ)V+0
j  jogamp.nativewindow.jawt.macosx.MacOSXJAWTWindow.access$200(JJ)V+2
j  jogamp.nativewindow.jawt.macosx.MacOSXJAWTWindow$1.run()V+38
J 2811 C1 com.jogamp.common.util.RunnableTask.run()V (345 bytes) @ 0x0000000115f7f134 [0x0000000115f7efa0+0x194]
v  ~StubRoutines::call_stub
V  [libjvm.dylib+0x2ed9d6]
V  [libjvm.dylib+0x324b65]
V  [libjvm.dylib+0x317333]
C  [libnativewindow_macosx.jnilib+0x5326]  Java_jogamp_nativewindow_jawt_macosx_MacOSXJAWTWindow_UnsetJAWTRootSurfaceLayer0+0x2b6
C  [Foundation+0x7152a]  __NSThreadPerformPerform+0x146
C  [CoreFoundation+0xa7321]  __CFRUNLOOP_IS_CALLING_OUT_TO_A_SOURCE0_PERFORM_FUNCTION__+0x11
C  [CoreFoundation+0x8821d]  __CFRunLoopDoSources0+0x22d
C  [CoreFoundation+0x87716]  __CFRunLoopRun+0x3a6
C  [CoreFoundation+0x87114]  CFRunLoopRunSpecific+0x1a4
C  [HIToolbox+0x30ebc]  RunCurrentEventLoopInMode+0xf0
C  [HIToolbox+0x30bf9]  ReceiveNextEventCommon+0xb8
C  [HIToolbox+0x30b26]  _BlockUntilNextEventMatchingListInModeWithFilter+0x47
C  [AppKit+0x46a54]  _DPSNextEvent+0x460
C  [AppKit+0x7c27ee]  -[NSApplication(NSEvent) _nextEventMatchingEventMask:untilDate:inMode:dequeue:]+0xaec
C  [libosxapp.dylib+0x23aa]  -[NSApplicationAWT nextEventMatchingMask:untilDate:inMode:dequeue:]+0x7c
C  [AppKit+0x3b3db]  -[NSApplication run]+0x39e
C  [libosxapp.dylib+0x214d]  +[NSApplicationAWT runAWTLoopWithApp:]+0x9c
C  [libawt_lwawt.dylib+0x45ff7]  -[AWTStarter starter:]+0x389
C  [Foundation+0x7152a]  __NSThreadPerformPerform+0x146
C  [CoreFoundation+0xa7321]  __CFRUNLOOP_IS_CALLING_OUT_TO_A_SOURCE0_PERFORM_FUNCTION__+0x11
C  [CoreFoundation+0x8821d]  __CFRunLoopDoSources0+0x22d
C  [CoreFoundation+0x87716]  __CFRunLoopRun+0x3a6
C  [CoreFoundation+0x87114]  CFRunLoopRunSpecific+0x1a4
C  [java+0x6465]  CreateExecutionEnvironment+0x367
C  [java+0x218c]  JLI_Launch+0x7a0
C  [java+0x84c2]  main+0x65
C  [java+0x19e4]  start+0x34
C  0x0000000000000007

Java frames: (J=compiled Java code, j=interpreted, Vv=VM code)
j  jogamp.nativewindow.jawt.macosx.MacOSXJAWTWindow.UnsetJAWTRootSurfaceLayer0(JJ)V+0
j  jogamp.nativewindow.jawt.macosx.MacOSXJAWTWindow.access$200(JJ)V+2
j  jogamp.nativewindow.jawt.macosx.MacOSXJAWTWindow$1.run()V+38
J 2811 C1 com.jogamp.common.util.RunnableTask.run()V (345 bytes) @ 0x0000000115f7f134 [0x0000000115f7efa0+0x194]
v  ~StubRoutines::call_stub

---------------  P R O C E S S  ---------------

Java Threads: ( => current thread )
  0x00007fe59083c800 JavaThread "Thread-19" [_thread_blocked, id=75679, stack(0x000070000da44000,0x000070000db44000)]
  0x00007fe58ba68000 JavaThread "AWT-EventQueue-1" [_thread_in_native, id=68651, stack(0x000070000d941000,0x000070000da41000)]
  0x00007fe58ba15000 JavaThread "DestroyJavaVM" [_thread_blocked, id=7171, stack(0x000070000c2f9000,0x000070000c3f9000)]
  0x00007fe58b994000 JavaThread "AWT-EventQueue-0" [_thread_blocked, id=60419, stack(0x000070000d73b000,0x000070000d83b000)]
  0x00007fe58c17f000 JavaThread "Java2D Disposer" daemon [_thread_blocked, id=56847, stack(0x000070000d4b2000,0x000070000d5b2000)]
  0x00007fe58c9e2800 JavaThread "Java2D Queue Flusher" daemon [_thread_blocked, id=54791, stack(0x000070000d3af000,0x000070000d4af000)]
  0x00007fe58b948800 JavaThread "AWT-Shutdown" [_thread_blocked, id=29727, stack(0x000070000d1a6000,0x000070000d2a6000)]
=>0x00007fe58b0d5800 JavaThread "AWT-AppKit" daemon [_thread_in_native, id=775, stack(0x00007fff557f2000,0x00007fff55ff2000)]
  0x00007fe58c802000 JavaThread "Service Thread" daemon [_thread_blocked, id=18691, stack(0x000070000cf1d000,0x000070000d01d000)]
  0x00007fe58b05b800 JavaThread "C1 CompilerThread2" daemon [_thread_blocked, id=18179, stack(0x000070000ce1a000,0x000070000cf1a000)]
  0x00007fe58b05b000 JavaThread "C2 CompilerThread1" daemon [_thread_blocked, id=17667, stack(0x000070000cd17000,0x000070000ce17000)]
  0x00007fe58b02f800 JavaThread "C2 CompilerThread0" daemon [_thread_blocked, id=17155, stack(0x000070000cc14000,0x000070000cd14000)]
  0x00007fe58b80e000 JavaThread "Signal Dispatcher" daemon [_thread_blocked, id=16643, stack(0x000070000cb11000,0x000070000cc11000)]
  0x00007fe58c052000 JavaThread "Finalizer" daemon [_thread_blocked, id=12547, stack(0x000070000ca0e000,0x000070000cb0e000)]
  0x00007fe58b017800 JavaThread "Reference Handler" daemon [_thread_blocked, id=12035, stack(0x000070000c90b000,0x000070000ca0b000)]

Other Threads:
  0x00007fe58b003800 VMThread [stack: 0x000070000c808000,0x000070000c908000] [id=11523]
  0x00007fe58c030000 WatcherThread [stack: 0x000070000d020000,0x000070000d120000] [id=19203]

VM state:not at safepoint (normal execution)

VM Mutex/Monitor currently owned by a thread: None

Heap:
 PSYoungGen      total 79360K, used 60825K [0x00000007aab00000, 0x00000007b0600000, 0x00000007c0000000)
  eden space 69632K, 87% used [0x00000007aab00000,0x00000007ae6467b8,0x00000007aef00000)
  from space 9728K, 1% used [0x00000007afc80000,0x00000007afca0000,0x00000007b0600000)
  to   space 11776K, 0% used [0x00000007aef00000,0x00000007aef00000,0x00000007afa80000)
 ParOldGen       total 32256K, used 20695K [0x0000000780000000, 0x0000000781f80000, 0x00000007aab00000)
  object space 32256K, 64% used [0x0000000780000000,0x0000000781435cd0,0x0000000781f80000)
 Metaspace       used 24590K, capacity 24888K, committed 25136K, reserved 1071104K
  class space    used 2437K, capacity 2541K, committed 2608K, reserved 1048576K

Card table byte_map: [0x000000010b9c0000,0x000000010bbc1000] byte_map_base: 0x0000000107dc0000

Marking Bits: (ParMarkBitMap*) 0x000000010a57bd30
 Begin Bits: [0x000000010bbc1000, 0x000000010cbc1000)
 End Bits:   [0x000000010cbc1000, 0x000000010dbc1000)

Polling page: 0x000000010ac70000

CodeCache: size=245760Kb used=10608Kb max_used=10621Kb free=235151Kb
 bounds [0x00000001156e9000, 0x0000000116159000, 0x00000001246e9000]
 total_blobs=3917 nmethods=2987 adapters=843
 compilation: enabled

Compilation events (10 events):
Event: 78.517 Thread 0x00007fe58b05b800 3233       3       sun.misc.URLClassPath$JarLoader$2::getInputStream (15 bytes)
Event: 78.518 Thread 0x00007fe58b05b800 nmethod 3233 0x00000001161503d0 code [0x0000000116150540, 0x0000000116150788]
Event: 78.518 Thread 0x00007fe58b05b800 3234       3       sun.misc.URLClassPath$JarLoader$2::getContentLength (9 bytes)
Event: 78.518 Thread 0x00007fe58b05b800 nmethod 3234 0x000000011614ff50 code [0x00000001161500c0, 0x0000000116150310]
Event: 78.518 Thread 0x00007fe58b05b800 3235       3       sun.misc.URLClassPath$JarLoader$2::getCodeSigners (8 bytes)
Event: 78.519 Thread 0x00007fe58b05b800 nmethod 3235 0x000000011614fb10 code [0x000000011614fc80, 0x000000011614fea8]
Event: 78.519 Thread 0x00007fe58b05b800 3236   !   3       java.util.jar.JarFile$JarFileEntry::getCodeSigners (78 bytes)
Event: 78.520 Thread 0x00007fe58b05b800 nmethod 3236 0x000000011614d8d0 code [0x000000011614daa0, 0x000000011614e0b8]
Event: 78.531 Thread 0x00007fe58b02f800 3237  s!   4       sun.misc.URLClassPath::getLoader (243 bytes)
Event: 78.533 Thread 0x00007fe58b05b000 3238  s    4       sun.misc.URLClassPath::getNextLoader (88 bytes)

GC Heap History (10 events):
Event: 17.682 GC heap before
{Heap before GC invocations=9 (full 1):
 PSYoungGen      total 38400K, used 35648K [0x00000007aab00000, 0x00000007aed80000, 0x00000007c0000000)
  eden space 28160K, 100% used [0x00000007aab00000,0x00000007ac680000,0x00000007ac680000)
  from space 10240K, 73% used [0x00000007ac680000,0x00000007acdd0210,0x00000007ad080000)
  to   space 10752K, 0% used [0x00000007ae300000,0x00000007ae300000,0x00000007aed80000)
 ParOldGen       total 32256K, used 13346K [0x0000000780000000, 0x0000000781f80000, 0x00000007aab00000)
  object space 32256K, 41% used [0x0000000780000000,0x0000000780d08a30,0x0000000781f80000)
 Metaspace       used 24452K, capacity 24760K, committed 24880K, reserved 1071104K
  class space    used 2429K, capacity 2541K, committed 2608K, reserved 1048576K
Event: 17.693 GC heap after
Heap after GC invocations=9 (full 1):
 PSYoungGen      total 54272K, used 7440K [0x00000007aab00000, 0x00000007aec00000, 0x00000007c0000000)
  eden space 45056K, 0% used [0x00000007aab00000,0x00000007aab00000,0x00000007ad700000)
  from space 9216K, 80% used [0x00000007ae300000,0x00000007aea441e0,0x00000007aec00000)
  to   space 10752K, 0% used [0x00000007ad700000,0x00000007ad700000,0x00000007ae180000)
 ParOldGen       total 32256K, used 13354K [0x0000000780000000, 0x0000000781f80000, 0x00000007aab00000)
  object space 32256K, 41% used [0x0000000780000000,0x0000000780d0aa30,0x0000000781f80000)
 Metaspace       used 24452K, capacity 24760K, committed 24880K, reserved 1071104K
  class space    used 2429K, capacity 2541K, committed 2608K, reserved 1048576K
}
Event: 28.496 GC heap before
{Heap before GC invocations=10 (full 1):
 PSYoungGen      total 54272K, used 52496K [0x00000007aab00000, 0x00000007aec00000, 0x00000007c0000000)
  eden space 45056K, 100% used [0x00000007aab00000,0x00000007ad700000,0x00000007ad700000)
  from space 9216K, 80% used [0x00000007ae300000,0x00000007aea441e0,0x00000007aec00000)
  to   space 10752K, 0% used [0x00000007ad700000,0x00000007ad700000,0x00000007ae180000)
 ParOldGen       total 32256K, used 13354K [0x0000000780000000, 0x0000000781f80000, 0x00000007aab00000)
  object space 32256K, 41% used [0x0000000780000000,0x0000000780d0aa30,0x0000000781f80000)
 Metaspace       used 24464K, capacity 24760K, committed 24880K, reserved 1071104K
  class space    used 2429K, capacity 2541K, committed 2608K, reserved 1048576K
Event: 28.516 GC heap after
Heap after GC invocations=10 (full 1):
 PSYoungGen      total 55808K, used 1984K [0x00000007aab00000, 0x00000007afb80000, 0x00000007c0000000)
  eden space 45056K, 0% used [0x00000007aab00000,0x00000007aab00000,0x00000007ad700000)
  from space 10752K, 18% used [0x00000007ad700000,0x00000007ad8f0070,0x00000007ae180000)
  to   space 11264K, 0% used [0x00000007af080000,0x00000007af080000,0x00000007afb80000)
 ParOldGen       total 32256K, used 18799K [0x0000000780000000, 0x0000000781f80000, 0x00000007aab00000)
  object space 32256K, 58% used [0x0000000780000000,0x000000078125bc60,0x0000000781f80000)
 Metaspace       used 24464K, capacity 24760K, committed 24880K, reserved 1071104K
  class space    used 2429K, capacity 2541K, committed 2608K, reserved 1048576K
}
Event: 38.826 GC heap before
{Heap before GC invocations=11 (full 1):
 PSYoungGen      total 55808K, used 47040K [0x00000007aab00000, 0x00000007afb80000, 0x00000007c0000000)
  eden space 45056K, 100% used [0x00000007aab00000,0x00000007ad700000,0x00000007ad700000)
  from space 10752K, 18% used [0x00000007ad700000,0x00000007ad8f0070,0x00000007ae180000)
  to   space 11264K, 0% used [0x00000007af080000,0x00000007af080000,0x00000007afb80000)
 ParOldGen       total 32256K, used 18799K [0x0000000780000000, 0x0000000781f80000, 0x00000007aab00000)
  object space 32256K, 58% used [0x0000000780000000,0x000000078125bc60,0x0000000781f80000)
 Metaspace       used 24464K, capacity 24760K, committed 24880K, reserved 1071104K
  class space    used 2429K, capacity 2541K, committed 2608K, reserved 1048576K
Event: 38.829 GC heap after
Heap after GC invocations=11 (full 1):
 PSYoungGen      total 68096K, used 128K [0x00000007aab00000, 0x00000007afa80000, 0x00000007c0000000)
  eden space 57856K, 0% used [0x00000007aab00000,0x00000007aab00000,0x00000007ae380000)
  from space 10240K, 1% used [0x00000007af080000,0x00000007af0a0000,0x00000007afa80000)
  to   space 11776K, 0% used [0x00000007ae380000,0x00000007ae380000,0x00000007aef00000)
 ParOldGen       total 32256K, used 20687K [0x0000000780000000, 0x0000000781f80000, 0x00000007aab00000)
  object space 32256K, 64% used [0x0000000780000000,0x0000000781433cd0,0x0000000781f80000)
 Metaspace       used 24464K, capacity 24760K, committed 24880K, reserved 1071104K
  class space    used 2429K, capacity 2541K, committed 2608K, reserved 1048576K
}
Event: 52.045 GC heap before
{Heap before GC invocations=12 (full 1):
 PSYoungGen      total 68096K, used 57984K [0x00000007aab00000, 0x00000007afa80000, 0x00000007c0000000)
  eden space 57856K, 100% used [0x00000007aab00000,0x00000007ae380000,0x00000007ae380000)
  from space 10240K, 1% used [0x00000007af080000,0x00000007af0a0000,0x00000007afa80000)
  to   space 11776K, 0% used [0x00000007ae380000,0x00000007ae380000,0x00000007aef00000)
 ParOldGen       total 32256K, used 20687K [0x0000000780000000, 0x0000000781f80000, 0x00000007aab00000)
  object space 32256K, 64% used [0x0000000780000000,0x0000000781433cd0,0x0000000781f80000)
 Metaspace       used 24465K, capacity 24760K, committed 24880K, reserved 1071104K
  class space    used 2429K, capacity 2541K, committed 2608K, reserved 1048576K
Event: 52.047 GC heap after
Heap after GC invocations=12 (full 1):
 PSYoungGen      total 69632K, used 128K [0x00000007aab00000, 0x00000007b0800000, 0x00000007c0000000)
  eden space 57856K, 0% used [0x00000007aab00000,0x00000007aab00000,0x00000007ae380000)
  from space 11776K, 1% used [0x00000007ae380000,0x00000007ae3a0000,0x00000007aef00000)
  to   space 11776K, 0% used [0x00000007afc80000,0x00000007afc80000,0x00000007b0800000)
 ParOldGen       total 32256K, used 20687K [0x0000000780000000, 0x0000000781f80000, 0x00000007aab00000)
  object space 32256K, 64% used [0x0000000780000000,0x0000000781433cd0,0x0000000781f80000)
 Metaspace       used 24465K, capacity 24760K, committed 24880K, reserved 1071104K
  class space    used 2429K, capacity 2541K, committed 2608K, reserved 1048576K
}
Event: 65.155 GC heap before
{Heap before GC invocations=13 (full 1):
 PSYoungGen      total 69632K, used 57984K [0x00000007aab00000, 0x00000007b0800000, 0x00000007c0000000)
  eden space 57856K, 100% used [0x00000007aab00000,0x00000007ae380000,0x00000007ae380000)
  from space 11776K, 1% used [0x00000007ae380000,0x00000007ae3a0000,0x00000007aef00000)
  to   space 11776K, 0% used [0x00000007afc80000,0x00000007afc80000,0x00000007b0800000)
 ParOldGen       total 32256K, used 20687K [0x0000000780000000, 0x0000000781f80000, 0x00000007aab00000)
  object space 32256K, 64% used [0x0000000780000000,0x0000000781433cd0,0x0000000781f80000)
 Metaspace       used 24490K, capacity 24760K, committed 24880K, reserved 1071104K
  class space    used 2429K, capacity 2541K, committed 2608K, reserved 1048576K
Event: 65.157 GC heap after
Heap after GC invocations=13 (full 1):
 PSYoungGen      total 79360K, used 128K [0x00000007aab00000, 0x00000007b0600000, 0x00000007c0000000)
  eden space 69632K, 0% used [0x00000007aab00000,0x00000007aab00000,0x00000007aef00000)
  from space 9728K, 1% used [0x00000007afc80000,0x00000007afca0000,0x00000007b0600000)
  to   space 11776K, 0% used [0x00000007aef00000,0x00000007aef00000,0x00000007afa80000)
 ParOldGen       total 32256K, used 20695K [0x0000000780000000, 0x0000000781f80000, 0x00000007aab00000)
  object space 32256K, 64% used [0x0000000780000000,0x0000000781435cd0,0x0000000781f80000)
 Metaspace       used 24490K, capacity 24760K, committed 24880K, reserved 1071104K
  class space    used 2429K, capacity 2541K, committed 2608K, reserved 1048576K
}

Deoptimization events (10 events):
Event: 78.467 Thread 0x00007fe58b994000 Uncommon trap: reason=unstable_if action=reinterpret pc=0x0000000116109774 method=sun.lwawt.LWContainerPeer.cutChildren(Lsun/java2d/pipe/Region;Lsun/lwawt/LWComponentPeer;)Lsun/java2d/pipe/Region; @ 67
Event: 78.467 Thread 0x00007fe58b994000 Uncommon trap: reason=unstable_if action=reinterpret pc=0x00000001160eb26c method=sun.java2d.SunGraphics2D.validateCompClip()V @ 9
Event: 78.468 Thread 0x00007fe58ba68000 Uncommon trap: reason=unstable_if action=reinterpret pc=0x00000001160ba0c4 method=java.awt.EventQueue.uncacheEQItem(Lsun/awt/EventQueueItem;)V @ 23
Event: 78.475 Thread 0x00007fe58b994000 Uncommon trap: reason=unstable_if action=reinterpret pc=0x00000001160f4cc4 method=sun.java2d.pipe.Region.intersectsQuickCheck(Lsun/java2d/pipe/Region;)Z @ 41
Event: 78.479 Thread 0x00007fe58b994000 Uncommon trap: reason=unstable_if action=reinterpret pc=0x0000000115f7010c method=java.awt.font.FontRenderContext.equals(Ljava/awt/font/FontRenderContext;)Z @ 2
Event: 78.511 Thread 0x00007fe58c1b3800 Uncommon trap: reason=class_check action=maybe_recompile pc=0x0000000115b0e7a0 method=java.util.HashMap.putVal(ILjava/lang/Object;Ljava/lang/Object;ZZ)Ljava/lang/Object; @ 91
Event: 78.511 Thread 0x00007fe58c1b3800 Uncommon trap: reason=class_check action=maybe_recompile pc=0x0000000115b0e7a0 method=java.util.HashMap.putVal(ILjava/lang/Object;Ljava/lang/Object;ZZ)Ljava/lang/Object; @ 91
Event: 78.511 Thread 0x00007fe58c1b3800 Uncommon trap: reason=class_check action=maybe_recompile pc=0x0000000115b09c08 method=java.util.HashMap.putVal(ILjava/lang/Object;Ljava/lang/Object;ZZ)Ljava/lang/Object; @ 91
Event: 78.513 Thread 0x00007fe58b994000 Uncommon trap: reason=unstable_if action=reinterpret pc=0x0000000115e6e438 method=java.awt.font.FontRenderContext.equals(Ljava/awt/font/FontRenderContext;)Z @ 2
Event: 78.536 Thread 0x00007fe58ba68000 Uncommon trap: reason=unstable_if action=reinterpret pc=0x0000000115f693b0 method=java.security.AccessControlContext.optimize()Ljava/security/AccessControlContext; @ 233

Internal exceptions (10 events):
Event: 0.260 Thread 0x00007fe58c000800 Exception <a 'java/lang/NoSuchFieldError': method resolution failed> (0x00000007aacc89d8) thrown at [/Users/java_re/workspace/8-2-build-macosx-x86_64/jdk8u121/8372/hotspot/src/share/vm/prims/methodHandles.cpp, line 1146]
Event: 0.263 Thread 0x00007fe58c000800 Exception <a 'java/lang/NoSuchFieldError': method resolution failed> (0x00000007aacd61a8) thrown at [/Users/java_re/workspace/8-2-build-macosx-x86_64/jdk8u121/8372/hotspot/src/share/vm/prims/methodHandles.cpp, line 1146]
Event: 0.531 Thread 0x00007fe58c000800 Exception <a 'java/io/FileNotFoundException'> (0x00000007aad52d90) thrown at [/Users/java_re/workspace/8-2-build-macosx-x86_64/jdk8u121/8372/hotspot/src/share/vm/prims/jni.cpp, line 709]
Event: 0.532 Thread 0x00007fe58c000800 Exception <a 'java/io/FileNotFoundException'> (0x00000007aad538e0) thrown at [/Users/java_re/workspace/8-2-build-macosx-x86_64/jdk8u121/8372/hotspot/src/share/vm/prims/jni.cpp, line 709]
Event: 0.721 Thread 0x00007fe58c000800 Exception <a 'java/io/FileNotFoundException'> (0x00000007aae8c2b0) thrown at [/Users/java_re/workspace/8-2-build-macosx-x86_64/jdk8u121/8372/hotspot/src/share/vm/prims/jni.cpp, line 709]
Event: 3.691 Thread 0x00007fe58c052000 Exception <a 'java/lang/NullPointerException'> (0x00000007aab83728) thrown at [/Users/java_re/workspace/8-2-build-macosx-x86_64/jdk8u121/8372/hotspot/src/share/vm/interpreter/linkResolver.cpp, line 1178]
Event: 3.794 Thread 0x00007fe58b449800 Exception <a 'java/lang/UnsatisfiedLinkError': com.jogamp.common.util.JarUtil.fixNativeLibAttribs(Ljava/lang/String;)Z> (0x00000007aaf24c50) thrown at [/Users/java_re/workspace/8-2-build-macosx-x86_64/jdk8u121/8372/hotspot/src/share/vm/prims/nativeLookup.
Event: 5.250 Thread 0x00007fe58ba68000 Exception <a 'java/io/FileNotFoundException'> (0x00000007ab1707a0) thrown at [/Users/java_re/workspace/8-2-build-macosx-x86_64/jdk8u121/8372/hotspot/src/share/vm/prims/jni.cpp, line 709]
Event: 5.251 Thread 0x00007fe58ba68000 Exception <a 'java/io/FileNotFoundException'> (0x00000007ab176978) thrown at [/Users/java_re/workspace/8-2-build-macosx-x86_64/jdk8u121/8372/hotspot/src/share/vm/prims/jni.cpp, line 709]
Event: 5.251 Thread 0x00007fe58ba68000 Implicit null exception at 0x00000001158a4e76 to 0x00000001158a5245

Events (10 events):
Event: 78.535 Executing VM operation: RevokeBias done
Event: 78.536 Thread 0x00007fe58ba68000 Uncommon trap: trap_request=0xffffff65 fr.pc=0x0000000115f693b0
Event: 78.536 Thread 0x00007fe58ba68000 DEOPT PACKING pc=0x0000000115f693b0 sp=0x000070000da3e8b0
Event: 78.536 Thread 0x00007fe58ba68000 DEOPT UNPACKING pc=0x00000001156ee229 sp=0x000070000da3e880 mode 2
Event: 78.536 loading class java/awt/LightweightDispatcher$2
Event: 78.536 loading class java/awt/LightweightDispatcher$2 done
Event: 78.536 loading class java/awt/event/AWTEventListenerProxy
Event: 78.536 loading class java/awt/event/AWTEventListenerProxy done
Event: 78.536 loading class java/awt/Toolkit$ToolkitEventMulticaster
Event: 78.536 loading class java/awt/Toolkit$ToolkitEventMulticaster done


Dynamic libraries:
0x000000004c357000 	/System/Library/Frameworks/Cocoa.framework/Versions/A/Cocoa
0x000000004c357000 	/System/Library/Frameworks/Security.framework/Versions/A/Security
0x000000004c357000 	/System/Library/Frameworks/ApplicationServices.framework/Versions/A/ApplicationServices
0x000000004c357000 	/usr/lib/libz.1.dylib
0x000000004c357000 	/usr/lib/libSystem.B.dylib
0x000000004c357000 	/usr/lib/libobjc.A.dylib
0x000000004c357000 	/System/Library/Frameworks/CoreFoundation.framework/Versions/A/CoreFoundation
0x000000004c357000 	/System/Library/Frameworks/Foundation.framework/Versions/C/Foundation
0x000000004c357000 	/System/Library/Frameworks/AppKit.framework/Versions/C/AppKit
0x000000004c357000 	/System/Library/Frameworks/CoreData.framework/Versions/A/CoreData
0x000000004c357000 	/System/Library/PrivateFrameworks/RemoteViewServices.framework/Versions/A/RemoteViewServices
0x000000004c357000 	/System/Library/PrivateFrameworks/UIFoundation.framework/Versions/A/UIFoundation
0x000000004c357000 	/System/Library/PrivateFrameworks/DFRFoundation.framework/Versions/A/DFRFoundation
0x000000004c357000 	/usr/lib/libenergytrace.dylib
0x000000004c357000 	/System/Library/PrivateFrameworks/SkyLight.framework/Versions/A/SkyLight
0x000000004c357000 	/System/Library/Frameworks/CoreGraphics.framework/Versions/A/CoreGraphics
0x000000004c357000 	/usr/lib/libScreenReader.dylib
0x000000004c357000 	/System/Library/Frameworks/Accelerate.framework/Versions/A/Accelerate
0x000000004c357000 	/System/Library/Frameworks/IOSurface.framework/Versions/A/IOSurface
0x000000004c357000 	/System/Library/Frameworks/AudioToolbox.framework/Versions/A/AudioToolbox
0x000000004c357000 	/System/Library/Frameworks/AudioUnit.framework/Versions/A/AudioUnit
0x000000004c357000 	/System/Library/PrivateFrameworks/DataDetectorsCore.framework/Versions/A/DataDetectorsCore
0x000000004c357000 	/System/Library/PrivateFrameworks/DesktopServicesPriv.framework/Versions/A/DesktopServicesPriv
0x000000004c357000 	/System/Library/Frameworks/Carbon.framework/Versions/A/Frameworks/HIToolbox.framework/Versions/A/HIToolbox
0x000000004c357000 	/usr/lib/libicucore.A.dylib
0x000000004c357000 	/System/Library/Frameworks/QuartzCore.framework/Versions/A/QuartzCore
0x000000004c357000 	/System/Library/Frameworks/Carbon.framework/Versions/A/Frameworks/SpeechRecognition.framework/Versions/A/SpeechRecognition
0x000000004c357000 	/usr/lib/libauto.dylib
0x000000004c357000 	/usr/lib/libxml2.2.dylib
0x000000004c357000 	/System/Library/PrivateFrameworks/CoreUI.framework/Versions/A/CoreUI
0x000000004c357000 	/System/Library/Frameworks/CoreAudio.framework/Versions/A/CoreAudio
0x000000004c357000 	/System/Library/Frameworks/DiskArbitration.framework/Versions/A/DiskArbitration
0x000000004c357000 	/usr/lib/liblangid.dylib
0x000000004c357000 	/System/Library/PrivateFrameworks/MultitouchSupport.framework/Versions/A/MultitouchSupport
0x000000004c357000 	/System/Library/Frameworks/IOKit.framework/Versions/A/IOKit
0x000000004c357000 	/usr/lib/libDiagnosticMessagesClient.dylib
0x000000004c357000 	/System/Library/Frameworks/CoreServices.framework/Versions/A/CoreServices
0x000000004c357000 	/System/Library/PrivateFrameworks/PerformanceAnalysis.framework/Versions/A/PerformanceAnalysis
0x000000004c357000 	/System/Library/PrivateFrameworks/GenerationalStorage.framework/Versions/A/GenerationalStorage
0x000000004c357000 	/System/Library/Frameworks/OpenGL.framework/Versions/A/OpenGL
0x000000004c357000 	/System/Library/Frameworks/CoreImage.framework/Versions/A/CoreImage
0x000000004c357000 	/System/Library/Frameworks/CoreText.framework/Versions/A/CoreText
0x000000004c357000 	/System/Library/Frameworks/ImageIO.framework/Versions/A/ImageIO
0x000000004c357000 	/System/Library/PrivateFrameworks/Backup.framework/Versions/A/Backup
0x000000004c357000 	/usr/lib/libarchive.2.dylib
0x000000004c357000 	/System/Library/Frameworks/CFNetwork.framework/Versions/A/CFNetwork
0x000000004c357000 	/System/Library/Frameworks/SystemConfiguration.framework/Versions/A/SystemConfiguration
0x000000004c357000 	/usr/lib/libCRFSuite.dylib
0x000000004c357000 	/usr/lib/libc++.1.dylib
0x000000004c357000 	/usr/lib/libc++abi.dylib
0x000000004c357000 	/usr/lib/system/libcache.dylib
0x000000004c357000 	/usr/lib/system/libcommonCrypto.dylib
0x000000004c357000 	/usr/lib/system/libcompiler_rt.dylib
0x000000004c357000 	/usr/lib/system/libcopyfile.dylib
0x000000004c357000 	/usr/lib/system/libcorecrypto.dylib
0x000000004c357000 	/usr/lib/system/libdispatch.dylib
0x000000004c357000 	/usr/lib/system/libdyld.dylib
0x000000004c357000 	/usr/lib/system/libkeymgr.dylib
0x000000004c357000 	/usr/lib/system/liblaunch.dylib
0x000000004c357000 	/usr/lib/system/libmacho.dylib
0x000000004c357000 	/usr/lib/system/libquarantine.dylib
0x000000004c357000 	/usr/lib/system/libremovefile.dylib
0x000000004c357000 	/usr/lib/system/libsystem_asl.dylib
0x000000004c357000 	/usr/lib/system/libsystem_blocks.dylib
0x000000004c357000 	/usr/lib/system/libsystem_c.dylib
0x000000004c357000 	/usr/lib/system/libsystem_configuration.dylib
0x000000004c357000 	/usr/lib/system/libsystem_coreservices.dylib
0x000000004c357000 	/usr/lib/system/libsystem_coretls.dylib
0x000000004c357000 	/usr/lib/system/libsystem_dnssd.dylib
0x000000004c357000 	/usr/lib/system/libsystem_info.dylib
0x000000004c357000 	/usr/lib/system/libsystem_kernel.dylib
0x000000004c357000 	/usr/lib/system/libsystem_m.dylib
0x000000004c357000 	/usr/lib/system/libsystem_malloc.dylib
0x000000004c357000 	/usr/lib/system/libsystem_network.dylib
0x000000004c357000 	/usr/lib/system/libsystem_networkextension.dylib
0x000000004c357000 	/usr/lib/system/libsystem_notify.dylib
0x000000004c357000 	/usr/lib/system/libsystem_platform.dylib
0x000000004c357000 	/usr/lib/system/libsystem_pthread.dylib
0x000000004c357000 	/usr/lib/system/libsystem_sandbox.dylib
0x000000004c357000 	/usr/lib/system/libsystem_secinit.dylib
0x000000004c357000 	/usr/lib/system/libsystem_symptoms.dylib
0x000000004c357000 	/usr/lib/system/libsystem_trace.dylib
0x000000004c357000 	/usr/lib/system/libunwind.dylib
0x000000004c357000 	/usr/lib/system/libxpc.dylib
0x000000004c357000 	/usr/lib/libbsm.0.dylib
0x000000004c357000 	/usr/lib/system/libkxld.dylib
0x000000004c357000 	/usr/lib/libcoretls.dylib
0x000000004c357000 	/usr/lib/libcoretls_cfhelpers.dylib
0x000000004c357000 	/usr/lib/libOpenScriptingUtil.dylib
0x000000004c357000 	/usr/lib/libpam.2.dylib
0x000000004c357000 	/usr/lib/libsqlite3.dylib
0x000000004c357000 	/usr/lib/libxar.1.dylib
0x000000004c357000 	/usr/lib/libbz2.1.0.dylib
0x000000004c357000 	/usr/lib/liblzma.5.dylib
0x000000004c357000 	/usr/lib/libnetwork.dylib
0x000000004c357000 	/usr/lib/libpcap.A.dylib
0x000000004c357000 	/System/Library/Frameworks/CoreServices.framework/Versions/A/Frameworks/FSEvents.framework/Versions/A/FSEvents
0x000000004c357000 	/System/Library/Frameworks/CoreServices.framework/Versions/A/Frameworks/CarbonCore.framework/Versions/A/CarbonCore
0x000000004c357000 	/System/Library/Frameworks/CoreServices.framework/Versions/A/Frameworks/Metadata.framework/Versions/A/Metadata
0x000000004c357000 	/System/Library/Frameworks/CoreServices.framework/Versions/A/Frameworks/OSServices.framework/Versions/A/OSServices
0x000000004c357000 	/System/Library/Frameworks/CoreServices.framework/Versions/A/Frameworks/SearchKit.framework/Versions/A/SearchKit
0x000000004c357000 	/System/Library/Frameworks/CoreServices.framework/Versions/A/Frameworks/AE.framework/Versions/A/AE
0x000000004c357000 	/System/Library/Frameworks/CoreServices.framework/Versions/A/Frameworks/LaunchServices.framework/Versions/A/LaunchServices
0x000000004c357000 	/System/Library/Frameworks/CoreServices.framework/Versions/A/Frameworks/DictionaryServices.framework/Versions/A/DictionaryServices
0x000000004c357000 	/System/Library/Frameworks/CoreServices.framework/Versions/A/Frameworks/SharedFileList.framework/Versions/A/SharedFileList
0x000000004c357000 	/System/Library/Frameworks/NetFS.framework/Versions/A/NetFS
0x000000004c357000 	/System/Library/PrivateFrameworks/NetAuth.framework/Versions/A/NetAuth
0x000000004c357000 	/System/Library/PrivateFrameworks/login.framework/Versions/A/Frameworks/loginsupport.framework/Versions/A/loginsupport
0x000000004c357000 	/System/Library/PrivateFrameworks/TCC.framework/Versions/A/TCC
0x000000004c357000 	/usr/lib/libmecabra.dylib
0x000000004c357000 	/System/Library/Frameworks/ApplicationServices.framework/Versions/A/Frameworks/ATS.framework/Versions/A/ATS
0x000000004c357000 	/System/Library/Frameworks/ApplicationServices.framework/Versions/A/Frameworks/ColorSync.framework/Versions/A/ColorSync
0x000000004c357000 	/System/Library/Frameworks/ApplicationServices.framework/Versions/A/Frameworks/HIServices.framework/Versions/A/HIServices
0x000000004c357000 	/System/Library/Frameworks/ApplicationServices.framework/Versions/A/Frameworks/LangAnalysis.framework/Versions/A/LangAnalysis
0x000000004c357000 	/System/Library/Frameworks/ApplicationServices.framework/Versions/A/Frameworks/PrintCore.framework/Versions/A/PrintCore
0x000000004c357000 	/System/Library/Frameworks/ApplicationServices.framework/Versions/A/Frameworks/QD.framework/Versions/A/QD
0x000000004c357000 	/System/Library/Frameworks/ApplicationServices.framework/Versions/A/Frameworks/SpeechSynthesis.framework/Versions/A/SpeechSynthesis
0x000000004c357000 	/System/Library/Frameworks/Accelerate.framework/Versions/A/Frameworks/vImage.framework/Versions/A/vImage
0x000000004c357000 	/System/Library/Frameworks/Accelerate.framework/Versions/A/Frameworks/vecLib.framework/Versions/A/vecLib
0x000000004c357000 	/System/Library/Frameworks/Accelerate.framework/Versions/A/Frameworks/vecLib.framework/Versions/A/libvDSP.dylib
0x000000004c357000 	/System/Library/Frameworks/Accelerate.framework/Versions/A/Frameworks/vecLib.framework/Versions/A/libBNNS.dylib
0x000000004c357000 	/System/Library/Frameworks/Accelerate.framework/Versions/A/Frameworks/vecLib.framework/Versions/A/libQuadrature.dylib
0x000000004c357000 	/System/Library/Frameworks/Accelerate.framework/Versions/A/Frameworks/vecLib.framework/Versions/A/libvMisc.dylib
0x000000004c357000 	/System/Library/Frameworks/Accelerate.framework/Versions/A/Frameworks/vecLib.framework/Versions/A/libLAPACK.dylib
0x000000004c357000 	/System/Library/Frameworks/Accelerate.framework/Versions/A/Frameworks/vecLib.framework/Versions/A/libBLAS.dylib
0x000000004c357000 	/System/Library/Frameworks/Accelerate.framework/Versions/A/Frameworks/vecLib.framework/Versions/A/libLinearAlgebra.dylib
0x000000004c357000 	/System/Library/Frameworks/Accelerate.framework/Versions/A/Frameworks/vecLib.framework/Versions/A/libSparseBLAS.dylib
0x000000004c357000 	/System/Library/Frameworks/ApplicationServices.framework/Versions/A/Frameworks/ATS.framework/Versions/A/Resources/libFontParser.dylib
0x000000004c357000 	/System/Library/Frameworks/ApplicationServices.framework/Versions/A/Frameworks/ATS.framework/Versions/A/Resources/libFontRegistry.dylib
0x000000004c357000 	/System/Library/Frameworks/ImageIO.framework/Versions/A/Resources/libJPEG.dylib
0x000000004c357000 	/System/Library/Frameworks/ImageIO.framework/Versions/A/Resources/libTIFF.dylib
0x000000004c357000 	/System/Library/Frameworks/ImageIO.framework/Versions/A/Resources/libPng.dylib
0x000000004c357000 	/System/Library/Frameworks/ImageIO.framework/Versions/A/Resources/libGIF.dylib
0x000000004c357000 	/System/Library/Frameworks/ImageIO.framework/Versions/A/Resources/libJP2.dylib
0x000000004c357000 	/System/Library/Frameworks/ImageIO.framework/Versions/A/Resources/libRadiance.dylib
0x000000004c357000 	/usr/lib/libcompression.dylib
0x000000004c357000 	/System/Library/PrivateFrameworks/AppleJPEG.framework/Versions/A/AppleJPEG
0x000000004c357000 	/usr/lib/libcups.2.dylib
0x000000004c357000 	/System/Library/Frameworks/Kerberos.framework/Versions/A/Kerberos
0x000000004c357000 	/System/Library/Frameworks/GSS.framework/Versions/A/GSS
0x000000004c357000 	/usr/lib/libresolv.9.dylib
0x000000004c357000 	/usr/lib/libiconv.2.dylib
0x000000004c357000 	/System/Library/PrivateFrameworks/Heimdal.framework/Versions/A/Heimdal
0x000000004c357000 	/usr/lib/libheimdal-asn1.dylib
0x000000004c357000 	/System/Library/Frameworks/OpenDirectory.framework/Versions/A/OpenDirectory
0x000000004c357000 	/System/Library/PrivateFrameworks/CommonAuth.framework/Versions/A/CommonAuth
0x000000004c357000 	/System/Library/Frameworks/OpenDirectory.framework/Versions/A/Frameworks/CFOpenDirectory.framework/Versions/A/CFOpenDirectory
0x000000004c357000 	/System/Library/Frameworks/SecurityFoundation.framework/Versions/A/SecurityFoundation
0x000000004c357000 	/System/Library/PrivateFrameworks/LanguageModeling.framework/Versions/A/LanguageModeling
0x000000004c357000 	/usr/lib/libmarisa.dylib
0x000000004c357000 	/usr/lib/libChineseTokenizer.dylib
0x000000004c357000 	/usr/lib/libcmph.dylib
0x000000004c357000 	/System/Library/PrivateFrameworks/CoreEmoji.framework/Versions/A/CoreEmoji
0x000000004c357000 	/System/Library/Frameworks/ServiceManagement.framework/Versions/A/ServiceManagement
0x000000004c357000 	/usr/lib/libxslt.1.dylib
0x000000004c357000 	/System/Library/Frameworks/Carbon.framework/Versions/A/Frameworks/Ink.framework/Versions/A/Ink
0x000000004c357000 	/System/Library/PrivateFrameworks/TextureIO.framework/Versions/A/TextureIO
0x000000004c357000 	/System/Library/Frameworks/Metal.framework/Versions/A/Metal
0x000000004c357000 	/usr/lib/libate.dylib
0x000000004c357000 	/System/Library/PrivateFrameworks/GPUCompiler.framework/libmetal_timestamp.dylib
0x000000004c357000 	/System/Library/Frameworks/OpenGL.framework/Versions/A/Libraries/libCoreFSCache.dylib
0x000000004c357000 	/System/Library/PrivateFrameworks/IOAccelerator.framework/Versions/A/IOAccelerator
0x000000004c357000 	/System/Library/Frameworks/CoreVideo.framework/Versions/A/CoreVideo
0x000000004c357000 	/usr/lib/libFosl_dynamic.dylib
0x000000004c357000 	/System/Library/PrivateFrameworks/MetalPerformanceShaders.framework/Versions/A/MetalPerformanceShaders
0x000000004c357000 	/System/Library/PrivateFrameworks/FaceCore.framework/Versions/A/FaceCore
0x000000004c357000 	/System/Library/Frameworks/OpenCL.framework/Versions/A/OpenCL
0x000000004c357000 	/System/Library/Frameworks/OpenGL.framework/Versions/A/Libraries/libGLU.dylib
0x000000004c357000 	/System/Library/Frameworks/OpenGL.framework/Versions/A/Libraries/libGFXShared.dylib
0x000000004c357000 	/System/Library/Frameworks/OpenGL.framework/Versions/A/Libraries/libGL.dylib
0x000000004c357000 	/System/Library/Frameworks/OpenGL.framework/Versions/A/Libraries/libGLImage.dylib
0x000000004c357000 	/System/Library/Frameworks/OpenGL.framework/Versions/A/Libraries/libCVMSPluginSupport.dylib
0x000000004c357000 	/System/Library/Frameworks/OpenGL.framework/Versions/A/Libraries/libCoreVMClient.dylib
0x000000004c357000 	/System/Library/PrivateFrameworks/CrashReporterSupport.framework/Versions/A/CrashReporterSupport
0x000000004c357000 	/System/Library/PrivateFrameworks/Sharing.framework/Versions/A/Sharing
0x000000004c357000 	/System/Library/PrivateFrameworks/IconServices.framework/Versions/A/IconServices
0x000000004c357000 	/System/Library/PrivateFrameworks/ProtocolBuffer.framework/Versions/A/ProtocolBuffer
0x000000004c357000 	/System/Library/PrivateFrameworks/Apple80211.framework/Versions/A/Apple80211
0x000000004c357000 	/System/Library/Frameworks/CoreWLAN.framework/Versions/A/CoreWLAN
0x000000004c357000 	/System/Library/PrivateFrameworks/CoreUtils.framework/Versions/A/CoreUtils
0x000000004c357000 	/System/Library/Frameworks/IOBluetooth.framework/Versions/A/IOBluetooth
0x000000004c357000 	/System/Library/PrivateFrameworks/CoreWiFi.framework/Versions/A/CoreWiFi
0x000000004c357000 	/System/Library/Frameworks/CoreBluetooth.framework/Versions/A/CoreBluetooth
0x000000004c357000 	/System/Library/Frameworks/CoreDisplay.framework/Versions/A/CoreDisplay
0x000000004c357000 	/System/Library/PrivateFrameworks/IOPresentment.framework/Versions/A/IOPresentment
0x000000004c357000 	/System/Library/PrivateFrameworks/DSExternalDisplay.framework/Versions/A/DSExternalDisplay
0x000000004c357000 	/System/Library/PrivateFrameworks/DebugSymbols.framework/Versions/A/DebugSymbols
0x000000004c357000 	/System/Library/PrivateFrameworks/CoreSymbolication.framework/Versions/A/CoreSymbolication
0x000000004c357000 	/System/Library/PrivateFrameworks/Symbolication.framework/Versions/A/Symbolication
0x000000004c357000 	/System/Library/PrivateFrameworks/AppleFSCompression.framework/Versions/A/AppleFSCompression
0x000000004c357000 	/System/Library/PrivateFrameworks/SpeechRecognitionCore.framework/Versions/A/SpeechRecognitionCore
0x000000004c357000 	/System/Library/PrivateFrameworks/ChunkingLibrary.framework/Versions/A/ChunkingLibrary
0x0000000109c8b000 	/Library/Java/JavaVirtualMachines/jdk1.8.0_121.jdk/Contents/Home/jre/lib/server/libjvm.dylib
0x000000004c357000 	/usr/lib/libstdc++.6.dylib
0x000000010ac2d000 	/Library/Java/JavaVirtualMachines/jdk1.8.0_121.jdk/Contents/Home/jre/lib/libverify.dylib
0x000000010ac3b000 	/Library/Java/JavaVirtualMachines/jdk1.8.0_121.jdk/Contents/Home/jre/lib/libjava.dylib
0x000000010ac7a000 	/Library/Java/JavaVirtualMachines/jdk1.8.0_121.jdk/Contents/Home/jre/lib/libzip.dylib
0x000000010f890000 	/System/Library/Frameworks/JavaVM.framework/Frameworks/JavaRuntimeSupport.framework/JavaRuntimeSupport
0x000000010f8aa000 	/System/Library/Frameworks/JavaVM.framework/Versions/A/Frameworks/JavaNativeFoundation.framework/Versions/A/JavaNativeFoundation
0x000000010adee000 	/System/Library/Frameworks/JavaVM.framework/Versions/A/JavaVM
0x000000004c357000 	/System/Library/Frameworks/Carbon.framework/Versions/A/Carbon
0x000000010f8bf000 	/System/Library/PrivateFrameworks/JavaLaunching.framework/Versions/A/JavaLaunching
0x000000004c357000 	/System/Library/Frameworks/Carbon.framework/Versions/A/Frameworks/CommonPanels.framework/Versions/A/CommonPanels
0x000000004c357000 	/System/Library/Frameworks/Carbon.framework/Versions/A/Frameworks/Help.framework/Versions/A/Help
0x000000004c357000 	/System/Library/Frameworks/Carbon.framework/Versions/A/Frameworks/ImageCapture.framework/Versions/A/ImageCapture
0x000000004c357000 	/System/Library/Frameworks/Carbon.framework/Versions/A/Frameworks/OpenScripting.framework/Versions/A/OpenScripting
0x000000004c357000 	/System/Library/Frameworks/Carbon.framework/Versions/A/Frameworks/Print.framework/Versions/A/Print
0x000000004c357000 	/System/Library/Frameworks/Carbon.framework/Versions/A/Frameworks/SecurityHI.framework/Versions/A/SecurityHI
0x00000001111cf000 	/Library/Java/JavaVirtualMachines/jdk1.8.0_121.jdk/Contents/Home/jre/lib/libawt.dylib
0x0000000111277000 	/Library/Java/JavaVirtualMachines/jdk1.8.0_121.jdk/Contents/Home/jre/lib/./libmlib_image.dylib
0x0000000111343000 	/Library/Java/JavaVirtualMachines/jdk1.8.0_121.jdk/Contents/Home/jre/lib/libawt_lwawt.dylib
0x00000001113fa000 	/Library/Java/JavaVirtualMachines/jdk1.8.0_121.jdk/Contents/Home/jre/lib/./libosxapp.dylib
0x000000004c357000 	/System/Library/Frameworks/ExceptionHandling.framework/Versions/A/ExceptionHandling
0x000000004c357000 	/System/Library/PrivateFrameworks/CoreServicesInternal.framework/Versions/A/CoreServicesInternal
0x000000004c357000 	/System/Library/CoreServices/RawCamera.bundle/Contents/MacOS/RawCamera
0x000000004c357000 	/System/Library/Frameworks/Accelerate.framework/Versions/A/Frameworks/vImage.framework/Versions/A/Libraries/libCGInterfaces.dylib
0x000000004c357000 	/System/Library/Frameworks/ApplicationServices.framework/Versions/A/Frameworks/ATS.framework/Versions/A/Resources/libTrueTypeScaler.dylib
0x0000000112f10000 	/System/Library/Frameworks/OpenGL.framework/Resources/GLEngine.bundle/GLEngine
0x000000004c357000 	/System/Library/Frameworks/OpenGL.framework/Versions/A/Libraries/libGLProgrammability.dylib
0x00000001130f5000 	/System/Library/Extensions/AppleIntelHD5000GraphicsGLDriver.bundle/Contents/MacOS/AppleIntelHD5000GraphicsGLDriver
0x000000004c357000 	/System/Library/PrivateFrameworks/GPUSupport.framework/Versions/A/Libraries/libGPUSupportMercury.dylib
0x0000000113863000 	/System/Library/Frameworks/OpenGL.framework/Resources//GLRendererFloat.bundle/GLRendererFloat
0x000000004c357000 	/System/Library/Frameworks/OpenCL.framework/Versions/A/Libraries/libcldcpuengine.dylib
0x000000004c357000 	/usr/lib/libcrypto.0.9.8.dylib
0x000000004c357000 	/System/Library/PrivateFrameworks/TrustEvaluationAgent.framework/Versions/A/TrustEvaluationAgent
0x0000000113897000 	/System/Library/Extensions/AppleIntelHD5000GraphicsMTLDriver.bundle/Contents/MacOS/AppleIntelHD5000GraphicsMTLDriver
0x000000004c357000 	/System/Library/PrivateFrameworks/FamilyControls.framework/Versions/A/FamilyControls
0x000000004c357000 	/System/Library/PrivateFrameworks/CommerceKit.framework/Versions/A/Frameworks/CommerceCore.framework/Versions/A/CommerceCore
0x000000004c357000 	/System/Library/PrivateFrameworks/SystemAdministration.framework/Versions/A/SystemAdministration
0x000000004c357000 	/System/Library/PrivateFrameworks/AppContainer.framework/Versions/A/AppContainer
0x000000004c357000 	/System/Library/PrivateFrameworks/SecCodeWrapper.framework/Versions/A/SecCodeWrapper
0x000000004c357000 	/System/Library/Frameworks/DirectoryService.framework/Versions/A/DirectoryService
0x000000004c357000 	/System/Library/PrivateFrameworks/DiskImages.framework/Versions/A/DiskImages
0x000000004c357000 	/System/Library/PrivateFrameworks/LoginUIKit.framework/Versions/A/Frameworks/LoginUICore.framework/Versions/A/LoginUICore
0x000000004c357000 	/usr/lib/libCoreStorage.dylib
0x000000004c357000 	/usr/lib/libcsfde.dylib
0x000000004c357000 	/usr/lib/libodfde.dylib
0x000000004c357000 	/System/Library/Frameworks/DiscRecording.framework/Versions/A/DiscRecording
0x000000004c357000 	/usr/lib/libcurl.4.dylib
0x000000004c357000 	/System/Library/PrivateFrameworks/MediaKit.framework/Versions/A/MediaKit
0x000000004c357000 	/System/Library/PrivateFrameworks/ProtectedCloudStorage.framework/Versions/A/ProtectedCloudStorage
0x000000004c357000 	/System/Library/PrivateFrameworks/EFILogin.framework/Versions/A/EFILogin
0x000000004c357000 	/usr/lib/libutil.dylib
0x000000004c357000 	/System/Library/Frameworks/LDAP.framework/Versions/A/LDAP
0x000000004c357000 	/usr/lib/libsasl2.2.dylib
0x000000004c357000 	/System/Library/PrivateFrameworks/CoreDaemon.framework/Versions/B/CoreDaemon
0x000000004c357000 	/System/Library/PrivateFrameworks/AppleSRP.framework/Versions/A/AppleSRP
0x000000004c357000 	/System/Library/PrivateFrameworks/APFS.framework/Versions/A/APFS
0x000000011548f000 	/Library/Java/JavaVirtualMachines/jdk1.8.0_121.jdk/Contents/Home/jre/lib/libfontmanager.dylib
0x000000004c357000 	/System/Library/PrivateFrameworks/ViewBridge.framework/Versions/A/ViewBridge
0x000000004c357000 	/System/Library/PrivateFrameworks/XPCService.framework/Versions/A/XPCService
0x000000004c357000 	/System/Library/PrivateFrameworks/AppSandbox.framework/Versions/A/AppSandbox
0x000000004c357000 	/usr/lib/libsandbox.1.dylib
0x000000004c357000 	/usr/lib/libMatch.1.dylib
0x0000000125915000 	/Library/Java/JavaVirtualMachines/jdk1.8.0_121.jdk/Contents/Home/jre/lib/libosxui.dylib
0x00000001266ba000 	/Library/Java/JavaVirtualMachines/jdk1.8.0_121.jdk/Contents/Home/jre/lib/libnet.dylib
0x00000001264c9000 	/Library/Java/JavaVirtualMachines/jdk1.8.0_121.jdk/Contents/Home/jre/lib/libnio.dylib
0x0000000125623000 	/private/var/folders/z5/dkh_k18x6bn8z6w6jj1k7pqm0000gn/T/jogamp_0000/file_cache/jln3321963633503930604/jln5415376266389976206/libgluegen-rt.jnilib
0x0000000125627000 	/private/var/folders/z5/dkh_k18x6bn8z6w6jj1k7pqm0000gn/T/jogamp_0000/file_cache/jln3321963633503930604/jln5415376266389976206/libnativewindow_awt.jnilib
0x0000000126471000 	/Library/Java/JavaVirtualMachines/jdk1.8.0_121.jdk/Contents/Home/jre/lib/libjawt.dylib
0x000000018eaa3000 	/private/var/folders/z5/dkh_k18x6bn8z6w6jj1k7pqm0000gn/T/jogamp_0000/file_cache/jln3321963633503930604/jln5415376266389976206/libnativewindow_macosx.jnilib
0x0000000190909000 	/private/var/folders/z5/dkh_k18x6bn8z6w6jj1k7pqm0000gn/T/jogamp_0000/file_cache/jln3321963633503930604/jln5415376266389976206/libjogl_desktop.jnilib
0x000000018ec11000 	/Library/Java/JavaVirtualMachines/jdk1.8.0_121.jdk/Contents/Home/jre/lib/libsunec.dylib
0x000000019567f000 	/Library/Java/JavaVirtualMachines/jdk1.8.0_121.jdk/Contents/Home/jre/lib/libt2k.dylib

VM Arguments:
jvm_args: -Djava.security.policy=java.policy.applet -Dfile.encoding=MacRoman 
java_command: sun.applet.AppletViewer module3.EarthquakeCityMap1523505812525.html
java_class_path (initial): /Users/Mac/Documents/workspace/UCSDUnfoldingMaps/build:/Users/Mac/Documents/workspace/UCSDUnfoldingMaps/lib/core.jar:/Users/Mac/Documents/workspace/UCSDUnfoldingMaps/lib/gluegen-rt.jar:/Users/Mac/Documents/workspace/UCSDUnfoldingMaps/lib/jogl-all.jar:/Users/Mac/Documents/workspace/UCSDUnfoldingMaps/lib/log4j-1.2.15.jar:/Users/Mac/Documents/workspace/UCSDUnfoldingMaps/lib/sqlite-jdbc-3.7.2.jar:/Users/Mac/Documents/workspace/UCSDUnfoldingMaps/lib/json4processing.jar:/Users/Mac/Documents/workspace/UCSDUnfoldingMaps/lib/libTUIO.jar:/Users/Mac/Documents/workspace/UCSDUnfoldingMaps/lib/unfolding.0.9.7-uscd.jar
Launcher Type: SUN_STANDARD

Environment Variables:
PATH=/Library/Frameworks/Python.framework/Versions/3.6/bin:/usr/local/bin:/usr/bin:/bin:/usr/sbin:/sbin:/opt/X11/bin:/Library/Frameworks/Mono.framework/Versions/Current/Commands:/Library/TeX/texbin
SHELL=/bin/bash
DISPLAY=/private/tmp/com.apple.launchd.BfoSnAz3r8/org.macosforge.xquartz:0

Signal Handlers:
SIGSEGV: [libjvm.dylib+0x5b1141], sa_mask[0]=11111111011111110111111111111111, sa_flags=SA_ONSTACK|SA_RESTART|SA_SIGINFO
SIGBUS: [libjvm.dylib+0x5b1141], sa_mask[0]=11111111011111110111111111111111, sa_flags=SA_RESTART|SA_SIGINFO
SIGFPE: [libjvm.dylib+0x487bc4], sa_mask[0]=11111111011111110111111111111111, sa_flags=SA_RESTART|SA_SIGINFO
SIGPIPE: [libjvm.dylib+0x487bc4], sa_mask[0]=11111111011111110111111111111111, sa_flags=SA_RESTART|SA_SIGINFO
SIGXFSZ: [libjvm.dylib+0x487bc4], sa_mask[0]=11111111011111110111111111111111, sa_flags=SA_RESTART|SA_SIGINFO
SIGILL: [libjvm.dylib+0x487bc4], sa_mask[0]=11111111011111110111111111111111, sa_flags=SA_RESTART|SA_SIGINFO
SIGUSR1: SIG_DFL, sa_mask[0]=11011111011111100000000111000110, sa_flags=none
SIGUSR2: [libjvm.dylib+0x4876e2], sa_mask[0]=00100000000000000000000000000000, sa_flags=SA_RESTART|SA_SIGINFO
SIGHUP: [libjvm.dylib+0x485cb9], sa_mask[0]=11111111011111110111111111111111, sa_flags=SA_RESTART|SA_SIGINFO
SIGINT: [libjvm.dylib+0x485cb9], sa_mask[0]=11111111011111110111111111111111, sa_flags=SA_RESTART|SA_SIGINFO
SIGTERM: [libjvm.dylib+0x485cb9], sa_mask[0]=11111111011111110111111111111111, sa_flags=SA_RESTART|SA_SIGINFO
SIGQUIT: [libjvm.dylib+0x485cb9], sa_mask[0]=11111111011111110111111111111111, sa_flags=SA_RESTART|SA_SIGINFO


---------------  S Y S T E M  ---------------

OS:Bsduname:Darwin 16.7.0 Darwin Kernel Version 16.7.0: Thu Jan 11 22:59:40 PST 2018; root:xnu-3789.73.8~1/RELEASE_X86_64 x86_64
rlimit: STACK 8192k, CORE 0k, NPROC 709, NOFILE 10240, AS infinity
load average:2.58 2.28 2.18

CPU:total 4 (2 cores per cpu, 2 threads per core) family 6 model 69 stepping 1, cmov, cx8, fxsr, mmx, sse, sse2, sse3, ssse3, sse4.1, sse4.2, popcnt, avx, avx2, aes, clmul, erms, lzcnt, ht, tsc, tscinvbit, bmi1, bmi2

Memory: 4k page, physical 4194304k(19844k free)

/proc/meminfo:


vm_info: Java HotSpot(TM) 64-Bit Server VM (25.121-b13) for bsd-amd64 JRE (1.8.0_121-b13), built on Dec 12 2016 20:39:32 by "java_re" with gcc 4.2.1 (Based on Apple Inc. build 5658) (LLVM build 2336.11.00)

time: Wed Apr 11 21:04:51 2018
elapsed time: 78 seconds (0d 0h 1m 18s)

