#
# A fatal error has been detected by the Java Runtime Environment:
#
#  SIGSEGV (0xb) at pc=0x00007fffd65ee05d, pid=12793, tid=0x0000000000000307
#
# JRE version: Java(TM) SE Runtime Environment (8.0_121-b13) (build 1.8.0_121-b13)
# Java VM: Java HotSpot(TM) 64-Bit Server VM (25.121-b13 mixed mode bsd-amd64 compressed oops)
# Problematic frame:
# C  [libobjc.A.dylib+0x705d]  objc_msgSend+0x1d
#
# Failed to write core dump. Core dumps have been disabled. To enable core dumping, try "ulimit -c unlimited" before starting Java again
#
# If you would like to submit a bug report, please visit:
#   http://bugreport.java.com/bugreport/crash.jsp
# The crash happened outside the Java Virtual Machine in native code.
# See problematic frame for where to report the bug.
#

---------------  T H R E A D  ---------------

Current thread (0x00007ff690964000):  JavaThread "AWT-AppKit" daemon [_thread_in_native, id=775, stack(0x00007fff52e84000,0x00007fff53684000)]

siginfo: si_signo: 11 (SIGSEGV), si_code: 1 (SEGV_MAPERR), si_addr: 0x0000000000000018

Registers:
RAX=0x00007ff68f6e05a0, RBX=0x00000001913e3450, RCX=0x00007ff691c006e0, RDX=0x0000000000000000
RSP=0x00007fff5367f148, RBP=0x00007fff5367f200, RSI=0x00007fffbfe75116, RDI=0x00007ff68f5dae80
R8 =0x0000000000000018, R9 =0x00007ff691c009c0, R10=0x0000000000000000, R11=0x00007fffbfe75116
R12=0x0000000000000000, R13=0x00000001931240f8, R14=0x00000001913e3440, R15=0x00007ff690964000
RIP=0x00007fffd65ee05d, EFLAGS=0x0000000000010246, ERR=0x0000000000000004
  TRAPNO=0x000000000000000e

Top of Stack: (sp=0x00007fff5367f148)
0x00007fff5367f148:   00000001913e1157 00007fff5367f1a0
0x00007fff5367f158:   0000000000000003 00007fff5367f180
0x00007fff5367f168:   000000010d237c62 00000001931240f8
0x00007fff5367f178:   00000001931240f8 00007ff68f6e05a0
0x00007fff5367f188:   00000001913e36a0 00000001913e3710
0x00007fff5367f198:   00007fffdc6546d0 00007fffdd2841e0
0x00007fff5367f1a8:   00000001913e3450 00000001913e3690
0x00007fff5367f1b8:   00007ff68f6e05a0 00007ff68f5dae80
0x00007fff5367f1c8:   00007ff68f55e300 00007ff68f6e05a0
0x00007fff5367f1d8:   00007ff68f5dae80 00007fff5367f288
0x00007fff5367f1e8:   00007ff6909641f8 00000001931240f8
0x00007fff5367f1f8:   00007fff5367f2b0 00007fff5367f278
0x00007fff5367f208:   000000010dffe9f4 00000001931240f8
0x00007fff5367f218:   00007fff5367f2b0 00007fff5367f278
0x00007fff5367f228:   000000010dffe787 000000010dffe742
0x00007fff5367f238:   00007fff5367f238 00000001931240f8
0x00007fff5367f248:   00007fff5367f2b0 0000000193126d30
0x00007fff5367f258:   0000000000000000 00000001931240f8
0x00007fff5367f268:   0000000000000000 00007fff5367f298
0x00007fff5367f278:   00007fff5367f2f8 000000010dfef2bd
0x00007fff5367f288:   0000000780534c60 000000010dff8538
0x00007fff5367f298:   00007ff68f6e05a0 00007fff5367f2f8
0x00007fff5367f2a8:   00007ff68f5dae80 000000010dff9e02
0x00007fff5367f2b8:   00007fff5367f2b8 00000001931242c2
0x00007fff5367f2c8:   00007fff5367f320 0000000193126d30
0x00007fff5367f2d8:   0000000000000000 00000001931242d0
0x00007fff5367f2e8:   00007fff5367f298 00007fff5367f308
0x00007fff5367f2f8:   00007fff5367f368 000000010dfef2bd
0x00007fff5367f308:   00007ff68f6e05a0 0000000780b30100
0x00007fff5367f318:   00007ff68f5dae80 0000000780b30100
0x00007fff5367f328:   00007fff5367f328 00000001988fc1a6
0x00007fff5367f338:   00007fff5367f378 00000001988fc260 

Instructions: (pc=0x00007fffd65ee05d)
0x00007fffd65ee03d:   0f 1f 00 48 85 ff 2e 74 62 40 f6 c7 01 2e 75 66
0x00007fffd65ee04d:   49 ba f8 ff ff ff ff 7f 00 00 4c 23 17 49 89 f3
0x00007fffd65ee05d:   45 23 5a 18 49 c1 e3 04 4d 03 5a 10 49 3b 33 75
0x00007fffd65ee06d:   04 41 ff 63 08 49 83 3b 01 76 0d 49 83 c3 10 49 

Register to memory mapping:

RAX=0x00007ff68f6e05a0 is an unknown value
RBX=0x00000001913e3450: Java_jogamp_nativewindow_macosx_OSXUtil_GetScreenRefreshRate0+0x1cf0 in /private/var/folders/z5/dkh_k18x6bn8z6w6jj1k7pqm0000gn/T/jogamp_0000/file_cache/jln6681494796486142400/jln6947453630568656317/libnativewindow_macosx.jnilib at 0x00000001913dc000
RCX=0x00007ff691c006e0 is an unknown value
RDX=0x0000000000000000 is an unknown value
RSP=0x00007fff5367f148 is pointing into the stack for thread: 0x00007ff690964000
RBP=0x00007fff5367f200 is pointing into the stack for thread: 0x00007ff690964000
RSI=0x00007fffbfe75116: __NSStyleNameIndexTable+0x7fd5e in /System/Library/Frameworks/AppKit.framework/Versions/C/AppKit at 0x00007fffbf208000
RDI=0x00007ff68f5dae80 is an unknown value
R8 =0x0000000000000018 is an unknown value
R9 =0x00007ff691c009c0 is an unknown value
R10=0x0000000000000000 is an unknown value
R11=0x00007fffbfe75116: __NSStyleNameIndexTable+0x7fd5e in /System/Library/Frameworks/AppKit.framework/Versions/C/AppKit at 0x00007fffbf208000
R12=0x0000000000000000 is an unknown value
R13={method} {0x00000001931240f8} 'UnsetJAWTRootSurfaceLayer0' '(JJ)V' in 'jogamp/nativewindow/jawt/macosx/MacOSXJAWTWindow'
R14=0x00000001913e3440: Java_jogamp_nativewindow_macosx_OSXUtil_GetScreenRefreshRate0+0x1ce0 in /private/var/folders/z5/dkh_k18x6bn8z6w6jj1k7pqm0000gn/T/jogamp_0000/file_cache/jln6681494796486142400/jln6947453630568656317/libnativewindow_macosx.jnilib at 0x00000001913dc000
R15=0x00007ff690964000 is a thread


Stack: [0x00007fff52e84000,0x00007fff53684000],  sp=0x00007fff5367f148,  free space=8172k
Native frames: (J=compiled Java code, j=interpreted, Vv=VM code, C=native code)
C  [libobjc.A.dylib+0x705d]  objc_msgSend+0x1d
j  jogamp.nativewindow.jawt.macosx.MacOSXJAWTWindow.UnsetJAWTRootSurfaceLayer0(JJ)V+0
j  jogamp.nativewindow.jawt.macosx.MacOSXJAWTWindow.access$200(JJ)V+2
j  jogamp.nativewindow.jawt.macosx.MacOSXJAWTWindow$1.run()V+38
J 3435 C1 com.jogamp.common.util.RunnableTask.run()V (345 bytes) @ 0x000000010e9b6d74 [0x000000010e9b6be0+0x194]
v  ~StubRoutines::call_stub
V  [libjvm.dylib+0x2ed9d6]
V  [libjvm.dylib+0x324b65]
V  [libjvm.dylib+0x317333]
C  [libnativewindow_macosx.jnilib+0x5326]  Java_jogamp_nativewindow_jawt_macosx_MacOSXJAWTWindow_UnsetJAWTRootSurfaceLayer0+0x2b6
C  [Foundation+0x7152a]  __NSThreadPerformPerform+0x146
C  [CoreFoundation+0xa7321]  __CFRUNLOOP_IS_CALLING_OUT_TO_A_SOURCE0_PERFORM_FUNCTION__+0x11
C  [CoreFoundation+0x88197]  __CFRunLoopDoSources0+0x1a7
C  [CoreFoundation+0x87716]  __CFRunLoopRun+0x3a6
C  [CoreFoundation+0x87114]  CFRunLoopRunSpecific+0x1a4
C  [HIToolbox+0x30ebc]  RunCurrentEventLoopInMode+0xf0
C  [HIToolbox+0x30bf9]  ReceiveNextEventCommon+0xb8
C  [HIToolbox+0x30b26]  _BlockUntilNextEventMatchingListInModeWithFilter+0x47
C  [AppKit+0x46a54]  _DPSNextEvent+0x460
C  [AppKit+0x7c27ee]  -[NSApplication(NSEvent) _nextEventMatchingEventMask:untilDate:inMode:dequeue:]+0xaec
C  [libosxapp.dylib+0x23aa]  -[NSApplicationAWT nextEventMatchingMask:untilDate:inMode:dequeue:]+0x7c
C  [AppKit+0x3b3db]  -[NSApplication run]+0x39e
C  [libosxapp.dylib+0x214d]  +[NSApplicationAWT runAWTLoopWithApp:]+0x9c
C  [libawt_lwawt.dylib+0x45ff7]  -[AWTStarter starter:]+0x389
C  [Foundation+0x7152a]  __NSThreadPerformPerform+0x146
C  [CoreFoundation+0xa7321]  __CFRUNLOOP_IS_CALLING_OUT_TO_A_SOURCE0_PERFORM_FUNCTION__+0x11
C  [CoreFoundation+0x8821d]  __CFRunLoopDoSources0+0x22d
C  [CoreFoundation+0x87716]  __CFRunLoopRun+0x3a6
C  [CoreFoundation+0x87114]  CFRunLoopRunSpecific+0x1a4
C  [java+0x6465]  CreateExecutionEnvironment+0x367
C  [java+0x218c]  JLI_Launch+0x7a0
C  [java+0x84c2]  main+0x65
C  [java+0x19e4]  start+0x34
C  0x0000000000000007

Java frames: (J=compiled Java code, j=interpreted, Vv=VM code)
j  jogamp.nativewindow.jawt.macosx.MacOSXJAWTWindow.UnsetJAWTRootSurfaceLayer0(JJ)V+0
j  jogamp.nativewindow.jawt.macosx.MacOSXJAWTWindow.access$200(JJ)V+2
j  jogamp.nativewindow.jawt.macosx.MacOSXJAWTWindow$1.run()V+38
J 3435 C1 com.jogamp.common.util.RunnableTask.run()V (345 bytes) @ 0x000000010e9b6d74 [0x000000010e9b6be0+0x194]
v  ~StubRoutines::call_stub

---------------  P R O C E S S  ---------------

Java Threads: ( => current thread )
  0x00007ff695816800 JavaThread "Thread-367" [_thread_blocked, id=72531, stack(0x00007000040a4000,0x00007000041a4000)]
  0x00007ff6911a2000 JavaThread "AWT-EventQueue-1" [_thread_in_native, id=66847, stack(0x0000700003f1e000,0x000070000401e000)]
  0x00007ff690805000 JavaThread "DestroyJavaVM" [_thread_blocked, id=7171, stack(0x00007000028d6000,0x00007000029d6000)]
  0x00007ff691182000 JavaThread "AWT-EventQueue-0" [_thread_blocked, id=60179, stack(0x0000700003d18000,0x0000700003e18000)]
  0x00007ff69117f000 JavaThread "Java2D Disposer" daemon [_thread_blocked, id=56851, stack(0x0000700003a8f000,0x0000700003b8f000)]
  0x00007ff68fa3c000 JavaThread "Java2D Queue Flusher" daemon [_thread_blocked, id=54791, stack(0x000070000398c000,0x0000700003a8c000)]
  0x00007ff691116000 JavaThread "AWT-Shutdown" [_thread_blocked, id=29471, stack(0x0000700003783000,0x0000700003883000)]
=>0x00007ff690964000 JavaThread "AWT-AppKit" daemon [_thread_in_native, id=775, stack(0x00007fff52e84000,0x00007fff53684000)]
  0x00007ff690023000 JavaThread "Service Thread" daemon [_thread_blocked, id=18691, stack(0x00007000034fa000,0x00007000035fa000)]
  0x00007ff68f841000 JavaThread "C1 CompilerThread2" daemon [_thread_blocked, id=18179, stack(0x00007000033f7000,0x00007000034f7000)]
  0x00007ff68f824000 JavaThread "C2 CompilerThread1" daemon [_thread_blocked, id=17667, stack(0x00007000032f4000,0x00007000033f4000)]
  0x00007ff68f823800 JavaThread "C2 CompilerThread0" daemon [_thread_blocked, id=17155, stack(0x00007000031f1000,0x00007000032f1000)]
  0x00007ff690803000 JavaThread "Signal Dispatcher" daemon [_thread_blocked, id=16643, stack(0x00007000030ee000,0x00007000031ee000)]
  0x00007ff691006800 JavaThread "Finalizer" daemon [_thread_blocked, id=12547, stack(0x0000700002feb000,0x00007000030eb000)]
  0x00007ff690833800 JavaThread "Reference Handler" daemon [_thread_blocked, id=12035, stack(0x0000700002ee8000,0x0000700002fe8000)]

Other Threads:
  0x00007ff691005800 VMThread [stack: 0x0000700002de5000,0x0000700002ee5000] [id=11523]
  0x00007ff690838800 WatcherThread [stack: 0x00007000035fd000,0x00007000036fd000] [id=19203]

VM state:not at safepoint (normal execution)

VM Mutex/Monitor currently owned by a thread: None

Heap:
 PSYoungGen      total 314880K, used 166870K [0x00000007aab00000, 0x00000007c0000000, 0x00000007c0000000)
  eden space 280576K, 59% used [0x00000007aab00000,0x00000007b4cd5b40,0x00000007bbd00000)
  from space 34304K, 3% used [0x00000007bde80000,0x00000007bdfa0040,0x00000007c0000000)
  to   space 34304K, 0% used [0x00000007bbd00000,0x00000007bbd00000,0x00000007bde80000)
 ParOldGen       total 122880K, used 105153K [0x0000000780000000, 0x0000000787800000, 0x00000007aab00000)
  object space 122880K, 85% used [0x0000000780000000,0x00000007866b06f0,0x0000000787800000)
 Metaspace       used 22307K, capacity 22543K, committed 22784K, reserved 1069056K
  class space    used 2137K, capacity 2236K, committed 2304K, reserved 1048576K

Card table byte_map: [0x000000011d3a7000,0x000000011d5a8000] byte_map_base: 0x00000001197a7000

Marking Bits: (ParMarkBitMap*) 0x000000010d935d30
 Begin Bits: [0x000000011d5a8000, 0x000000011e5a8000)
 End Bits:   [0x000000011e5a8000, 0x000000011f5a8000)

Polling page: 0x000000010c5f9000

CodeCache: size=245760Kb used=12619Kb max_used=12669Kb free=233140Kb
 bounds [0x000000010dfe7000, 0x000000010ec67000, 0x000000011cfe7000]
 total_blobs=4367 nmethods=3468 adapters=812
 compilation: enabled

Compilation events (10 events):
Event: 55.687 Thread 0x00007ff68f824000 nmethod 4100 0x000000010e68dfd0 code [0x000000010e68e180, 0x000000010e68e6d8]
Event: 56.402 Thread 0x00007ff68f823800 4101       4       java.lang.ThreadLocal$ThreadLocalMap::set (136 bytes)
Event: 56.409 Thread 0x00007ff68f823800 nmethod 4101 0x000000010e663990 code [0x000000010e663b20, 0x000000010e663f28]
Event: 58.402 Thread 0x00007ff68f824000 4102       4       processing.opengl.PGraphicsOpenGL::deleteFinalizedTextureObjects (131 bytes)
Event: 58.403 Thread 0x00007ff68f841000 4103       1       sun.java2d.SurfaceData::isValid (5 bytes)
Event: 58.404 Thread 0x00007ff68f841000 nmethod 4103 0x000000010e62bc90 code [0x000000010e62bde0, 0x000000010e62bef0]
Event: 58.404 Thread 0x00007ff68f823800 4104  s    4       sun.misc.URLClassPath::getNextLoader (88 bytes)
Event: 58.414 Thread 0x00007ff68f823800 nmethod 4104 0x000000010ec55690 code [0x000000010ec55800, 0x000000010ec55f78]
Event: 58.426 Thread 0x00007ff68f841000 4105       3       java.security.AccessControlContext::optimize (318 bytes)
Event: 58.430 Thread 0x00007ff68f841000 nmethod 4105 0x000000010e697850 code [0x000000010e697bc0, 0x000000010e6999c8]

GC Heap History (10 events):
Event: 54.387 GC heap before
{Heap before GC invocations=69 (full 3):
 PSYoungGen      total 310784K, used 282528K [0x00000007aab00000, 0x00000007bff80000, 0x00000007c0000000)
  eden space 273408K, 100% used [0x00000007aab00000,0x00000007bb600000,0x00000007bb600000)
  from space 37376K, 24% used [0x00000007bb600000,0x00000007bbee8230,0x00000007bda80000)
  to   space 36864K, 0% used [0x00000007bdb80000,0x00000007bdb80000,0x00000007bff80000)
 ParOldGen       total 122880K, used 97137K [0x0000000780000000, 0x0000000787800000, 0x00000007aab00000)
  object space 122880K, 79% used [0x0000000780000000,0x0000000785edc500,0x0000000787800000)
 Metaspace       used 22273K, capacity 22543K, committed 22784K, reserved 1069056K
  class space    used 2130K, capacity 2236K, committed 2304K, reserved 1048576K
Event: 54.391 GC heap after
Heap after GC invocations=69 (full 3):
 PSYoungGen      total 309760K, used 9184K [0x00000007aab00000, 0x00000007bfd80000, 0x00000007c0000000)
  eden space 274944K, 0% used [0x00000007aab00000,0x00000007aab00000,0x00000007bb780000)
  from space 34816K, 26% used [0x00000007bdb80000,0x00000007be478230,0x00000007bfd80000)
  to   space 35840K, 0% used [0x00000007bb780000,0x00000007bb780000,0x00000007bda80000)
 ParOldGen       total 122880K, used 97137K [0x0000000780000000, 0x0000000787800000, 0x00000007aab00000)
  object space 122880K, 79% used [0x0000000780000000,0x0000000785edc500,0x0000000787800000)
 Metaspace       used 22273K, capacity 22543K, committed 22784K, reserved 1069056K
  class space    used 2130K, capacity 2236K, committed 2304K, reserved 1048576K
}
Event: 55.240 GC heap before
{Heap before GC invocations=70 (full 3):
 PSYoungGen      total 309760K, used 284128K [0x00000007aab00000, 0x00000007bfd80000, 0x00000007c0000000)
  eden space 274944K, 100% used [0x00000007aab00000,0x00000007bb780000,0x00000007bb780000)
  from space 34816K, 26% used [0x00000007bdb80000,0x00000007be478230,0x00000007bfd80000)
  to   space 35840K, 0% used [0x00000007bb780000,0x00000007bb780000,0x00000007bda80000)
 ParOldGen       total 122880K, used 97137K [0x0000000780000000, 0x0000000787800000, 0x00000007aab00000)
  object space 122880K, 79% used [0x0000000780000000,0x0000000785edc500,0x0000000787800000)
 Metaspace       used 22273K, capacity 22543K, committed 22784K, reserved 1069056K
  class space    used 2130K, capacity 2236K, committed 2304K, reserved 1048576K
Event: 55.243 GC heap after
Heap after GC invocations=70 (full 3):
 PSYoungGen      total 310784K, used 9120K [0x00000007aab00000, 0x00000007bff00000, 0x00000007c0000000)
  eden space 274944K, 0% used [0x00000007aab00000,0x00000007aab00000,0x00000007bb780000)
  from space 35840K, 25% used [0x00000007bb780000,0x00000007bc068230,0x00000007bda80000)
  to   space 34816K, 0% used [0x00000007bdd00000,0x00000007bdd00000,0x00000007bff00000)
 ParOldGen       total 122880K, used 97137K [0x0000000780000000, 0x0000000787800000, 0x00000007aab00000)
  object space 122880K, 79% used [0x0000000780000000,0x0000000785edc500,0x0000000787800000)
 Metaspace       used 22273K, capacity 22543K, committed 22784K, reserved 1069056K
  class space    used 2130K, capacity 2236K, committed 2304K, reserved 1048576K
}
Event: 56.079 GC heap before
{Heap before GC invocations=71 (full 3):
 PSYoungGen      total 310784K, used 284064K [0x00000007aab00000, 0x00000007bff00000, 0x00000007c0000000)
  eden space 274944K, 100% used [0x00000007aab00000,0x00000007bb780000,0x00000007bb780000)
  from space 35840K, 25% used [0x00000007bb780000,0x00000007bc068230,0x00000007bda80000)
  to   space 34816K, 0% used [0x00000007bdd00000,0x00000007bdd00000,0x00000007bff00000)
 ParOldGen       total 122880K, used 97137K [0x0000000780000000, 0x0000000787800000, 0x00000007aab00000)
  object space 122880K, 79% used [0x0000000780000000,0x0000000785edc500,0x0000000787800000)
 Metaspace       used 22273K, capacity 22543K, committed 22784K, reserved 1069056K
  class space    used 2130K, capacity 2236K, committed 2304K, reserved 1048576K
Event: 56.083 GC heap after
Heap after GC invocations=71 (full 3):
 PSYoungGen      total 311296K, used 9120K [0x00000007aab00000, 0x00000007bfd00000, 0x00000007c0000000)
  eden space 278528K, 0% used [0x00000007aab00000,0x00000007aab00000,0x00000007bbb00000)
  from space 32768K, 27% used [0x00000007bdd00000,0x00000007be5e8230,0x00000007bfd00000)
  to   space 33792K, 0% used [0x00000007bbb00000,0x00000007bbb00000,0x00000007bdc00000)
 ParOldGen       total 122880K, used 97153K [0x0000000780000000, 0x0000000787800000, 0x00000007aab00000)
  object space 122880K, 79% used [0x0000000780000000,0x0000000785ee0500,0x0000000787800000)
 Metaspace       used 22273K, capacity 22543K, committed 22784K, reserved 1069056K
  class space    used 2130K, capacity 2236K, committed 2304K, reserved 1048576K
}
Event: 56.972 GC heap before
{Heap before GC invocations=72 (full 3):
 PSYoungGen      total 311296K, used 287648K [0x00000007aab00000, 0x00000007bfd00000, 0x00000007c0000000)
  eden space 278528K, 100% used [0x00000007aab00000,0x00000007bbb00000,0x00000007bbb00000)
  from space 32768K, 27% used [0x00000007bdd00000,0x00000007be5e8230,0x00000007bfd00000)
  to   space 33792K, 0% used [0x00000007bbb00000,0x00000007bbb00000,0x00000007bdc00000)
 ParOldGen       total 122880K, used 97153K [0x0000000780000000, 0x0000000787800000, 0x00000007aab00000)
  object space 122880K, 79% used [0x0000000780000000,0x0000000785ee0500,0x0000000787800000)
 Metaspace       used 22273K, capacity 22543K, committed 22784K, reserved 1069056K
  class space    used 2130K, capacity 2236K, committed 2304K, reserved 1048576K
Event: 56.979 GC heap after
Heap after GC invocations=72 (full 3):
 PSYoungGen      total 312320K, used 2208K [0x00000007aab00000, 0x00000007c0000000, 0x00000007c0000000)
  eden space 278528K, 0% used [0x00000007aab00000,0x00000007aab00000,0x00000007bbb00000)
  from space 33792K, 6% used [0x00000007bbb00000,0x00000007bbd28080,0x00000007bdc00000)
  to   space 34304K, 0% used [0x00000007bde80000,0x00000007bde80000,0x00000007c0000000)
 ParOldGen       total 122880K, used 104097K [0x0000000780000000, 0x0000000787800000, 0x00000007aab00000)
  object space 122880K, 84% used [0x0000000780000000,0x00000007865a86b0,0x0000000787800000)
 Metaspace       used 22273K, capacity 22543K, committed 22784K, reserved 1069056K
  class space    used 2130K, capacity 2236K, committed 2304K, reserved 1048576K
}
Event: 57.896 GC heap before
{Heap before GC invocations=73 (full 3):
 PSYoungGen      total 312320K, used 280736K [0x00000007aab00000, 0x00000007c0000000, 0x00000007c0000000)
  eden space 278528K, 100% used [0x00000007aab00000,0x00000007bbb00000,0x00000007bbb00000)
  from space 33792K, 6% used [0x00000007bbb00000,0x00000007bbd28080,0x00000007bdc00000)
  to   space 34304K, 0% used [0x00000007bde80000,0x00000007bde80000,0x00000007c0000000)
 ParOldGen       total 122880K, used 104097K [0x0000000780000000, 0x0000000787800000, 0x00000007aab00000)
  object space 122880K, 84% used [0x0000000780000000,0x00000007865a86b0,0x0000000787800000)
 Metaspace       used 22273K, capacity 22543K, committed 22784K, reserved 1069056K
  class space    used 2130K, capacity 2236K, committed 2304K, reserved 1048576K
Event: 57.899 GC heap after
Heap after GC invocations=73 (full 3):
 PSYoungGen      total 314880K, used 1152K [0x00000007aab00000, 0x00000007c0000000, 0x00000007c0000000)
  eden space 280576K, 0% used [0x00000007aab00000,0x00000007aab00000,0x00000007bbd00000)
  from space 34304K, 3% used [0x00000007bde80000,0x00000007bdfa0040,0x00000007c0000000)
  to   space 34304K, 0% used [0x00000007bbd00000,0x00000007bbd00000,0x00000007bde80000)
 ParOldGen       total 122880K, used 105153K [0x0000000780000000, 0x0000000787800000, 0x00000007aab00000)
  object space 122880K, 85% used [0x0000000780000000,0x00000007866b06f0,0x0000000787800000)
 Metaspace       used 22273K, capacity 22543K, committed 22784K, reserved 1069056K
  class space    used 2130K, capacity 2236K, committed 2304K, reserved 1048576K
}

Deoptimization events (10 events):
Event: 38.175 Thread 0x00007ff6911a2000 Uncommon trap: reason=unstable_if action=reinterpret pc=0x000000010ea6df18 method=jogamp.opengl.glu.tessellator.PriorityQHeap.FloatUp(I)V @ 34
Event: 38.175 Thread 0x00007ff6911a2000 Uncommon trap: reason=unstable_if action=reinterpret pc=0x000000010ea9f4d0 method=jogamp.opengl.glu.tessellator.PriorityQHeap.pqExtractMin()Ljava/lang/Object; @ 92
Event: 38.177 Thread 0x00007ff6911a2000 Uncommon trap: reason=unstable_if action=reinterpret pc=0x000000010ea21bd0 method=jogamp.opengl.glu.tessellator.PriorityQHeap.FloatUp(I)V @ 34
Event: 39.805 Thread 0x00007ff6911a2000 Uncommon trap: reason=unstable_if action=reinterpret pc=0x000000010e52f41c method=jogamp.opengl.glu.tessellator.Sweep.CheckForIntersect(Ljogamp/opengl/glu/tessellator/GLUtessellatorImpl;Ljogamp/opengl/glu/tessellator/ActiveRegion;)Z @ 205
Event: 39.812 Thread 0x00007ff6911a2000 Uncommon trap: reason=unstable_if action=reinterpret pc=0x000000010eadc074 method=jogamp.opengl.glu.tessellator.Sweep.FinishLeftRegions(Ljogamp/opengl/glu/tessellator/GLUtessellatorImpl;Ljogamp/opengl/glu/tessellator/ActiveRegion;Ljogamp/opengl/glu/tessel
Event: 58.354 Thread 0x00007ff6911a2000 Uncommon trap: reason=unstable_if action=reinterpret pc=0x000000010e4f2b68 method=com.jogamp.common.util.VersionNumber.compareTo(Lcom/jogamp/common/util/VersionNumber;)I @ 21
Event: 58.354 Thread 0x00007ff691182000 Uncommon trap: reason=unstable_if action=reinterpret pc=0x000000010ec0b43c method=java.awt.EventQueue.getPriority(Ljava/awt/AWTEvent;)I @ 71
Event: 58.364 Thread 0x00007ff691182000 Uncommon trap: reason=unstable_if action=reinterpret pc=0x000000010e82f254 method=java.awt.Font.equals(Ljava/lang/Object;)Z @ 2
Event: 58.402 Thread 0x00007ff6909e8800 Uncommon trap: reason=unstable_if action=reinterpret pc=0x000000010eb62fc0 method=java.util.HashMap.putVal(ILjava/lang/Object;Ljava/lang/Object;ZZ)Ljava/lang/Object; @ 81
Event: 58.423 Thread 0x00007ff6911a2000 Uncommon trap: reason=unstable_if action=reinterpret pc=0x000000010e4a9008 method=java.security.AccessControlContext.optimize()Ljava/security/AccessControlContext; @ 233

Internal exceptions (10 events):
Event: 0.297 Thread 0x00007ff690805000 Exception <a 'java/lang/NoSuchFieldError': method resolution failed> (0x00000007aacc89d8) thrown at [/Users/java_re/workspace/8-2-build-macosx-x86_64/jdk8u121/8372/hotspot/src/share/vm/prims/methodHandles.cpp, line 1146]
Event: 0.300 Thread 0x00007ff690805000 Exception <a 'java/lang/NoSuchFieldError': method resolution failed> (0x00000007aacd61a8) thrown at [/Users/java_re/workspace/8-2-build-macosx-x86_64/jdk8u121/8372/hotspot/src/share/vm/prims/methodHandles.cpp, line 1146]
Event: 0.575 Thread 0x00007ff690805000 Exception <a 'java/io/FileNotFoundException'> (0x00000007aad52d98) thrown at [/Users/java_re/workspace/8-2-build-macosx-x86_64/jdk8u121/8372/hotspot/src/share/vm/prims/jni.cpp, line 709]
Event: 0.576 Thread 0x00007ff690805000 Exception <a 'java/io/FileNotFoundException'> (0x00000007aad538e8) thrown at [/Users/java_re/workspace/8-2-build-macosx-x86_64/jdk8u121/8372/hotspot/src/share/vm/prims/jni.cpp, line 709]
Event: 0.772 Thread 0x00007ff690805000 Exception <a 'java/io/FileNotFoundException'> (0x00000007aae8c378) thrown at [/Users/java_re/workspace/8-2-build-macosx-x86_64/jdk8u121/8372/hotspot/src/share/vm/prims/jni.cpp, line 709]
Event: 3.952 Thread 0x00007ff691006800 Exception <a 'java/lang/NullPointerException'> (0x00000007aab39b80) thrown at [/Users/java_re/workspace/8-2-build-macosx-x86_64/jdk8u121/8372/hotspot/src/share/vm/interpreter/linkResolver.cpp, line 1178]
Event: 4.058 Thread 0x00007ff68fc0c000 Exception <a 'java/lang/UnsatisfiedLinkError': com.jogamp.common.util.JarUtil.fixNativeLibAttribs(Ljava/lang/String;)Z> (0x00000007aaf3d478) thrown at [/Users/java_re/workspace/8-2-build-macosx-x86_64/jdk8u121/8372/hotspot/src/share/vm/prims/nativeLookup.
Event: 5.376 Thread 0x00007ff6911a2000 Exception <a 'java/io/FileNotFoundException'> (0x00000007ab169cd8) thrown at [/Users/java_re/workspace/8-2-build-macosx-x86_64/jdk8u121/8372/hotspot/src/share/vm/prims/jni.cpp, line 709]
Event: 5.376 Thread 0x00007ff6911a2000 Exception <a 'java/io/FileNotFoundException'> (0x00000007ab16fed0) thrown at [/Users/java_re/workspace/8-2-build-macosx-x86_64/jdk8u121/8372/hotspot/src/share/vm/prims/jni.cpp, line 709]
Event: 5.376 Thread 0x00007ff6911a2000 Implicit null exception at 0x000000010e1ac6b6 to 0x000000010e1aca85

Events (10 events):
Event: 58.423 loading class java/awt/LightweightDispatcher$2 done
Event: 58.424 loading class java/awt/event/AWTEventListenerProxy
Event: 58.424 loading class java/awt/event/AWTEventListenerProxy done
Event: 58.424 Executing VM operation: Deoptimize
Event: 58.424 Executing VM operation: Deoptimize done
Event: 58.424 loading class java/awt/Toolkit$ToolkitEventMulticaster
Event: 58.425 loading class java/awt/Toolkit$ToolkitEventMulticaster done
Event: 58.425 Thread 0x00007ff6909e8800 Thread exited: 0x00007ff6909e8800
Event: 58.425 loading class java/awt/Window$1DisposeAction
Event: 58.426 loading class java/awt/Window$1DisposeAction done


Dynamic libraries:
0x000000004c357000 	/System/Library/Frameworks/Cocoa.framework/Versions/A/Cocoa
0x000000004c357000 	/System/Library/Frameworks/Security.framework/Versions/A/Security
0x000000004c357000 	/System/Library/Frameworks/ApplicationServices.framework/Versions/A/ApplicationServices
0x000000004c357000 	/usr/lib/libz.1.dylib
0x000000004c357000 	/usr/lib/libSystem.B.dylib
0x000000004c357000 	/usr/lib/libobjc.A.dylib
0x000000004c357000 	/System/Library/Frameworks/CoreFoundation.framework/Versions/A/CoreFoundation
0x000000004c357000 	/System/Library/Frameworks/Foundation.framework/Versions/C/Foundation
0x000000004c357000 	/System/Library/Frameworks/AppKit.framework/Versions/C/AppKit
0x000000004c357000 	/System/Library/Frameworks/CoreData.framework/Versions/A/CoreData
0x000000004c357000 	/System/Library/PrivateFrameworks/RemoteViewServices.framework/Versions/A/RemoteViewServices
0x000000004c357000 	/System/Library/PrivateFrameworks/UIFoundation.framework/Versions/A/UIFoundation
0x000000004c357000 	/System/Library/PrivateFrameworks/DFRFoundation.framework/Versions/A/DFRFoundation
0x000000004c357000 	/usr/lib/libenergytrace.dylib
0x000000004c357000 	/System/Library/PrivateFrameworks/SkyLight.framework/Versions/A/SkyLight
0x000000004c357000 	/System/Library/Frameworks/CoreGraphics.framework/Versions/A/CoreGraphics
0x000000004c357000 	/usr/lib/libScreenReader.dylib
0x000000004c357000 	/System/Library/Frameworks/Accelerate.framework/Versions/A/Accelerate
0x000000004c357000 	/System/Library/Frameworks/IOSurface.framework/Versions/A/IOSurface
0x000000004c357000 	/System/Library/Frameworks/AudioToolbox.framework/Versions/A/AudioToolbox
0x000000004c357000 	/System/Library/Frameworks/AudioUnit.framework/Versions/A/AudioUnit
0x000000004c357000 	/System/Library/PrivateFrameworks/DataDetectorsCore.framework/Versions/A/DataDetectorsCore
0x000000004c357000 	/System/Library/PrivateFrameworks/DesktopServicesPriv.framework/Versions/A/DesktopServicesPriv
0x000000004c357000 	/System/Library/Frameworks/Carbon.framework/Versions/A/Frameworks/HIToolbox.framework/Versions/A/HIToolbox
0x000000004c357000 	/usr/lib/libicucore.A.dylib
0x000000004c357000 	/System/Library/Frameworks/QuartzCore.framework/Versions/A/QuartzCore
0x000000004c357000 	/System/Library/Frameworks/Carbon.framework/Versions/A/Frameworks/SpeechRecognition.framework/Versions/A/SpeechRecognition
0x000000004c357000 	/usr/lib/libauto.dylib
0x000000004c357000 	/usr/lib/libxml2.2.dylib
0x000000004c357000 	/System/Library/PrivateFrameworks/CoreUI.framework/Versions/A/CoreUI
0x000000004c357000 	/System/Library/Frameworks/CoreAudio.framework/Versions/A/CoreAudio
0x000000004c357000 	/System/Library/Frameworks/DiskArbitration.framework/Versions/A/DiskArbitration
0x000000004c357000 	/usr/lib/liblangid.dylib
0x000000004c357000 	/System/Library/PrivateFrameworks/MultitouchSupport.framework/Versions/A/MultitouchSupport
0x000000004c357000 	/System/Library/Frameworks/IOKit.framework/Versions/A/IOKit
0x000000004c357000 	/usr/lib/libDiagnosticMessagesClient.dylib
0x000000004c357000 	/System/Library/Frameworks/CoreServices.framework/Versions/A/CoreServices
0x000000004c357000 	/System/Library/PrivateFrameworks/PerformanceAnalysis.framework/Versions/A/PerformanceAnalysis
0x000000004c357000 	/System/Library/PrivateFrameworks/GenerationalStorage.framework/Versions/A/GenerationalStorage
0x000000004c357000 	/System/Library/Frameworks/OpenGL.framework/Versions/A/OpenGL
0x000000004c357000 	/System/Library/Frameworks/CoreImage.framework/Versions/A/CoreImage
0x000000004c357000 	/System/Library/Frameworks/CoreText.framework/Versions/A/CoreText
0x000000004c357000 	/System/Library/Frameworks/ImageIO.framework/Versions/A/ImageIO
0x000000004c357000 	/System/Library/PrivateFrameworks/Backup.framework/Versions/A/Backup
0x000000004c357000 	/usr/lib/libarchive.2.dylib
0x000000004c357000 	/System/Library/Frameworks/CFNetwork.framework/Versions/A/CFNetwork
0x000000004c357000 	/System/Library/Frameworks/SystemConfiguration.framework/Versions/A/SystemConfiguration
0x000000004c357000 	/usr/lib/libCRFSuite.dylib
0x000000004c357000 	/usr/lib/libc++.1.dylib
0x000000004c357000 	/usr/lib/libc++abi.dylib
0x000000004c357000 	/usr/lib/system/libcache.dylib
0x000000004c357000 	/usr/lib/system/libcommonCrypto.dylib
0x000000004c357000 	/usr/lib/system/libcompiler_rt.dylib
0x000000004c357000 	/usr/lib/system/libcopyfile.dylib
0x000000004c357000 	/usr/lib/system/libcorecrypto.dylib
0x000000004c357000 	/usr/lib/system/libdispatch.dylib
0x000000004c357000 	/usr/lib/system/libdyld.dylib
0x000000004c357000 	/usr/lib/system/libkeymgr.dylib
0x000000004c357000 	/usr/lib/system/liblaunch.dylib
0x000000004c357000 	/usr/lib/system/libmacho.dylib
0x000000004c357000 	/usr/lib/system/libquarantine.dylib
0x000000004c357000 	/usr/lib/system/libremovefile.dylib
0x000000004c357000 	/usr/lib/system/libsystem_asl.dylib
0x000000004c357000 	/usr/lib/system/libsystem_blocks.dylib
0x000000004c357000 	/usr/lib/system/libsystem_c.dylib
0x000000004c357000 	/usr/lib/system/libsystem_configuration.dylib
0x000000004c357000 	/usr/lib/system/libsystem_coreservices.dylib
0x000000004c357000 	/usr/lib/system/libsystem_coretls.dylib
0x000000004c357000 	/usr/lib/system/libsystem_dnssd.dylib
0x000000004c357000 	/usr/lib/system/libsystem_info.dylib
0x000000004c357000 	/usr/lib/system/libsystem_kernel.dylib
0x000000004c357000 	/usr/lib/system/libsystem_m.dylib
0x000000004c357000 	/usr/lib/system/libsystem_malloc.dylib
0x000000004c357000 	/usr/lib/system/libsystem_network.dylib
0x000000004c357000 	/usr/lib/system/libsystem_networkextension.dylib
0x000000004c357000 	/usr/lib/system/libsystem_notify.dylib
0x000000004c357000 	/usr/lib/system/libsystem_platform.dylib
0x000000004c357000 	/usr/lib/system/libsystem_pthread.dylib
0x000000004c357000 	/usr/lib/system/libsystem_sandbox.dylib
0x000000004c357000 	/usr/lib/system/libsystem_secinit.dylib
0x000000004c357000 	/usr/lib/system/libsystem_symptoms.dylib
0x000000004c357000 	/usr/lib/system/libsystem_trace.dylib
0x000000004c357000 	/usr/lib/system/libunwind.dylib
0x000000004c357000 	/usr/lib/system/libxpc.dylib
0x000000004c357000 	/usr/lib/libbsm.0.dylib
0x000000004c357000 	/usr/lib/system/libkxld.dylib
0x000000004c357000 	/usr/lib/libcoretls.dylib
0x000000004c357000 	/usr/lib/libcoretls_cfhelpers.dylib
0x000000004c357000 	/usr/lib/libOpenScriptingUtil.dylib
0x000000004c357000 	/usr/lib/libpam.2.dylib
0x000000004c357000 	/usr/lib/libsqlite3.dylib
0x000000004c357000 	/usr/lib/libxar.1.dylib
0x000000004c357000 	/usr/lib/libbz2.1.0.dylib
0x000000004c357000 	/usr/lib/liblzma.5.dylib
0x000000004c357000 	/usr/lib/libnetwork.dylib
0x000000004c357000 	/usr/lib/libpcap.A.dylib
0x000000004c357000 	/System/Library/Frameworks/CoreServices.framework/Versions/A/Frameworks/FSEvents.framework/Versions/A/FSEvents
0x000000004c357000 	/System/Library/Frameworks/CoreServices.framework/Versions/A/Frameworks/CarbonCore.framework/Versions/A/CarbonCore
0x000000004c357000 	/System/Library/Frameworks/CoreServices.framework/Versions/A/Frameworks/Metadata.framework/Versions/A/Metadata
0x000000004c357000 	/System/Library/Frameworks/CoreServices.framework/Versions/A/Frameworks/OSServices.framework/Versions/A/OSServices
0x000000004c357000 	/System/Library/Frameworks/CoreServices.framework/Versions/A/Frameworks/SearchKit.framework/Versions/A/SearchKit
0x000000004c357000 	/System/Library/Frameworks/CoreServices.framework/Versions/A/Frameworks/AE.framework/Versions/A/AE
0x000000004c357000 	/System/Library/Frameworks/CoreServices.framework/Versions/A/Frameworks/LaunchServices.framework/Versions/A/LaunchServices
0x000000004c357000 	/System/Library/Frameworks/CoreServices.framework/Versions/A/Frameworks/DictionaryServices.framework/Versions/A/DictionaryServices
0x000000004c357000 	/System/Library/Frameworks/CoreServices.framework/Versions/A/Frameworks/SharedFileList.framework/Versions/A/SharedFileList
0x000000004c357000 	/System/Library/Frameworks/NetFS.framework/Versions/A/NetFS
0x000000004c357000 	/System/Library/PrivateFrameworks/NetAuth.framework/Versions/A/NetAuth
0x000000004c357000 	/System/Library/PrivateFrameworks/login.framework/Versions/A/Frameworks/loginsupport.framework/Versions/A/loginsupport
0x000000004c357000 	/System/Library/PrivateFrameworks/TCC.framework/Versions/A/TCC
0x000000004c357000 	/usr/lib/libmecabra.dylib
0x000000004c357000 	/System/Library/Frameworks/ApplicationServices.framework/Versions/A/Frameworks/ATS.framework/Versions/A/ATS
0x000000004c357000 	/System/Library/Frameworks/ApplicationServices.framework/Versions/A/Frameworks/ColorSync.framework/Versions/A/ColorSync
0x000000004c357000 	/System/Library/Frameworks/ApplicationServices.framework/Versions/A/Frameworks/HIServices.framework/Versions/A/HIServices
0x000000004c357000 	/System/Library/Frameworks/ApplicationServices.framework/Versions/A/Frameworks/LangAnalysis.framework/Versions/A/LangAnalysis
0x000000004c357000 	/System/Library/Frameworks/ApplicationServices.framework/Versions/A/Frameworks/PrintCore.framework/Versions/A/PrintCore
0x000000004c357000 	/System/Library/Frameworks/ApplicationServices.framework/Versions/A/Frameworks/QD.framework/Versions/A/QD
0x000000004c357000 	/System/Library/Frameworks/ApplicationServices.framework/Versions/A/Frameworks/SpeechSynthesis.framework/Versions/A/SpeechSynthesis
0x000000004c357000 	/System/Library/Frameworks/Accelerate.framework/Versions/A/Frameworks/vImage.framework/Versions/A/vImage
0x000000004c357000 	/System/Library/Frameworks/Accelerate.framework/Versions/A/Frameworks/vecLib.framework/Versions/A/vecLib
0x000000004c357000 	/System/Library/Frameworks/Accelerate.framework/Versions/A/Frameworks/vecLib.framework/Versions/A/libvDSP.dylib
0x000000004c357000 	/System/Library/Frameworks/Accelerate.framework/Versions/A/Frameworks/vecLib.framework/Versions/A/libBNNS.dylib
0x000000004c357000 	/System/Library/Frameworks/Accelerate.framework/Versions/A/Frameworks/vecLib.framework/Versions/A/libQuadrature.dylib
0x000000004c357000 	/System/Library/Frameworks/Accelerate.framework/Versions/A/Frameworks/vecLib.framework/Versions/A/libvMisc.dylib
0x000000004c357000 	/System/Library/Frameworks/Accelerate.framework/Versions/A/Frameworks/vecLib.framework/Versions/A/libLAPACK.dylib
0x000000004c357000 	/System/Library/Frameworks/Accelerate.framework/Versions/A/Frameworks/vecLib.framework/Versions/A/libBLAS.dylib
0x000000004c357000 	/System/Library/Frameworks/Accelerate.framework/Versions/A/Frameworks/vecLib.framework/Versions/A/libLinearAlgebra.dylib
0x000000004c357000 	/System/Library/Frameworks/Accelerate.framework/Versions/A/Frameworks/vecLib.framework/Versions/A/libSparseBLAS.dylib
0x000000004c357000 	/System/Library/Frameworks/ApplicationServices.framework/Versions/A/Frameworks/ATS.framework/Versions/A/Resources/libFontParser.dylib
0x000000004c357000 	/System/Library/Frameworks/ApplicationServices.framework/Versions/A/Frameworks/ATS.framework/Versions/A/Resources/libFontRegistry.dylib
0x000000004c357000 	/System/Library/Frameworks/ImageIO.framework/Versions/A/Resources/libJPEG.dylib
0x000000004c357000 	/System/Library/Frameworks/ImageIO.framework/Versions/A/Resources/libTIFF.dylib
0x000000004c357000 	/System/Library/Frameworks/ImageIO.framework/Versions/A/Resources/libPng.dylib
0x000000004c357000 	/System/Library/Frameworks/ImageIO.framework/Versions/A/Resources/libGIF.dylib
0x000000004c357000 	/System/Library/Frameworks/ImageIO.framework/Versions/A/Resources/libJP2.dylib
0x000000004c357000 	/System/Library/Frameworks/ImageIO.framework/Versions/A/Resources/libRadiance.dylib
0x000000004c357000 	/usr/lib/libcompression.dylib
0x000000004c357000 	/System/Library/PrivateFrameworks/AppleJPEG.framework/Versions/A/AppleJPEG
0x000000004c357000 	/usr/lib/libcups.2.dylib
0x000000004c357000 	/System/Library/Frameworks/Kerberos.framework/Versions/A/Kerberos
0x000000004c357000 	/System/Library/Frameworks/GSS.framework/Versions/A/GSS
0x000000004c357000 	/usr/lib/libresolv.9.dylib
0x000000004c357000 	/usr/lib/libiconv.2.dylib
0x000000004c357000 	/System/Library/PrivateFrameworks/Heimdal.framework/Versions/A/Heimdal
0x000000004c357000 	/usr/lib/libheimdal-asn1.dylib
0x000000004c357000 	/System/Library/Frameworks/OpenDirectory.framework/Versions/A/OpenDirectory
0x000000004c357000 	/System/Library/PrivateFrameworks/CommonAuth.framework/Versions/A/CommonAuth
0x000000004c357000 	/System/Library/Frameworks/OpenDirectory.framework/Versions/A/Frameworks/CFOpenDirectory.framework/Versions/A/CFOpenDirectory
0x000000004c357000 	/System/Library/Frameworks/SecurityFoundation.framework/Versions/A/SecurityFoundation
0x000000004c357000 	/System/Library/PrivateFrameworks/LanguageModeling.framework/Versions/A/LanguageModeling
0x000000004c357000 	/usr/lib/libmarisa.dylib
0x000000004c357000 	/usr/lib/libChineseTokenizer.dylib
0x000000004c357000 	/usr/lib/libcmph.dylib
0x000000004c357000 	/System/Library/PrivateFrameworks/CoreEmoji.framework/Versions/A/CoreEmoji
0x000000004c357000 	/System/Library/Frameworks/ServiceManagement.framework/Versions/A/ServiceManagement
0x000000004c357000 	/usr/lib/libxslt.1.dylib
0x000000004c357000 	/System/Library/Frameworks/Carbon.framework/Versions/A/Frameworks/Ink.framework/Versions/A/Ink
0x000000004c357000 	/System/Library/PrivateFrameworks/TextureIO.framework/Versions/A/TextureIO
0x000000004c357000 	/System/Library/Frameworks/Metal.framework/Versions/A/Metal
0x000000004c357000 	/usr/lib/libate.dylib
0x000000004c357000 	/System/Library/PrivateFrameworks/GPUCompiler.framework/libmetal_timestamp.dylib
0x000000004c357000 	/System/Library/Frameworks/OpenGL.framework/Versions/A/Libraries/libCoreFSCache.dylib
0x000000004c357000 	/System/Library/PrivateFrameworks/IOAccelerator.framework/Versions/A/IOAccelerator
0x000000004c357000 	/System/Library/Frameworks/CoreVideo.framework/Versions/A/CoreVideo
0x000000004c357000 	/usr/lib/libFosl_dynamic.dylib
0x000000004c357000 	/System/Library/PrivateFrameworks/MetalPerformanceShaders.framework/Versions/A/MetalPerformanceShaders
0x000000004c357000 	/System/Library/PrivateFrameworks/FaceCore.framework/Versions/A/FaceCore
0x000000004c357000 	/System/Library/Frameworks/OpenCL.framework/Versions/A/OpenCL
0x000000004c357000 	/System/Library/Frameworks/OpenGL.framework/Versions/A/Libraries/libGLU.dylib
0x000000004c357000 	/System/Library/Frameworks/OpenGL.framework/Versions/A/Libraries/libGFXShared.dylib
0x000000004c357000 	/System/Library/Frameworks/OpenGL.framework/Versions/A/Libraries/libGL.dylib
0x000000004c357000 	/System/Library/Frameworks/OpenGL.framework/Versions/A/Libraries/libGLImage.dylib
0x000000004c357000 	/System/Library/Frameworks/OpenGL.framework/Versions/A/Libraries/libCVMSPluginSupport.dylib
0x000000004c357000 	/System/Library/Frameworks/OpenGL.framework/Versions/A/Libraries/libCoreVMClient.dylib
0x000000004c357000 	/System/Library/PrivateFrameworks/CrashReporterSupport.framework/Versions/A/CrashReporterSupport
0x000000004c357000 	/System/Library/PrivateFrameworks/Sharing.framework/Versions/A/Sharing
0x000000004c357000 	/System/Library/PrivateFrameworks/IconServices.framework/Versions/A/IconServices
0x000000004c357000 	/System/Library/PrivateFrameworks/ProtocolBuffer.framework/Versions/A/ProtocolBuffer
0x000000004c357000 	/System/Library/PrivateFrameworks/Apple80211.framework/Versions/A/Apple80211
0x000000004c357000 	/System/Library/Frameworks/CoreWLAN.framework/Versions/A/CoreWLAN
0x000000004c357000 	/System/Library/PrivateFrameworks/CoreUtils.framework/Versions/A/CoreUtils
0x000000004c357000 	/System/Library/Frameworks/IOBluetooth.framework/Versions/A/IOBluetooth
0x000000004c357000 	/System/Library/PrivateFrameworks/CoreWiFi.framework/Versions/A/CoreWiFi
0x000000004c357000 	/System/Library/Frameworks/CoreBluetooth.framework/Versions/A/CoreBluetooth
0x000000004c357000 	/System/Library/Frameworks/CoreDisplay.framework/Versions/A/CoreDisplay
0x000000004c357000 	/System/Library/PrivateFrameworks/IOPresentment.framework/Versions/A/IOPresentment
0x000000004c357000 	/System/Library/PrivateFrameworks/DSExternalDisplay.framework/Versions/A/DSExternalDisplay
0x000000004c357000 	/System/Library/PrivateFrameworks/DebugSymbols.framework/Versions/A/DebugSymbols
0x000000004c357000 	/System/Library/PrivateFrameworks/CoreSymbolication.framework/Versions/A/CoreSymbolication
0x000000004c357000 	/System/Library/PrivateFrameworks/Symbolication.framework/Versions/A/Symbolication
0x000000004c357000 	/System/Library/PrivateFrameworks/AppleFSCompression.framework/Versions/A/AppleFSCompression
0x000000004c357000 	/System/Library/PrivateFrameworks/SpeechRecognitionCore.framework/Versions/A/SpeechRecognitionCore
0x000000004c357000 	/System/Library/PrivateFrameworks/ChunkingLibrary.framework/Versions/A/ChunkingLibrary
0x000000010d045000 	/Library/Java/JavaVirtualMachines/jdk1.8.0_121.jdk/Contents/Home/jre/lib/server/libjvm.dylib
0x000000004c357000 	/usr/lib/libstdc++.6.dylib
0x000000010ce00000 	/Library/Java/JavaVirtualMachines/jdk1.8.0_121.jdk/Contents/Home/jre/lib/libverify.dylib
0x000000010ce0e000 	/Library/Java/JavaVirtualMachines/jdk1.8.0_121.jdk/Contents/Home/jre/lib/libjava.dylib
0x000000010ce4b000 	/Library/Java/JavaVirtualMachines/jdk1.8.0_121.jdk/Contents/Home/jre/lib/libzip.dylib
0x000000012128b000 	/System/Library/Frameworks/JavaVM.framework/Frameworks/JavaRuntimeSupport.framework/JavaRuntimeSupport
0x00000001212a5000 	/System/Library/Frameworks/JavaVM.framework/Versions/A/Frameworks/JavaNativeFoundation.framework/Versions/A/JavaNativeFoundation
0x000000010cfaa000 	/System/Library/Frameworks/JavaVM.framework/Versions/A/JavaVM
0x000000004c357000 	/System/Library/Frameworks/Carbon.framework/Versions/A/Carbon
0x00000001212ba000 	/System/Library/PrivateFrameworks/JavaLaunching.framework/Versions/A/JavaLaunching
0x000000004c357000 	/System/Library/Frameworks/Carbon.framework/Versions/A/Frameworks/CommonPanels.framework/Versions/A/CommonPanels
0x000000004c357000 	/System/Library/Frameworks/Carbon.framework/Versions/A/Frameworks/Help.framework/Versions/A/Help
0x000000004c357000 	/System/Library/Frameworks/Carbon.framework/Versions/A/Frameworks/ImageCapture.framework/Versions/A/ImageCapture
0x000000004c357000 	/System/Library/Frameworks/Carbon.framework/Versions/A/Frameworks/OpenScripting.framework/Versions/A/OpenScripting
0x000000004c357000 	/System/Library/Frameworks/Carbon.framework/Versions/A/Frameworks/Print.framework/Versions/A/Print
0x000000004c357000 	/System/Library/Frameworks/Carbon.framework/Versions/A/Frameworks/SecurityHI.framework/Versions/A/SecurityHI
0x0000000122bc8000 	/Library/Java/JavaVirtualMachines/jdk1.8.0_121.jdk/Contents/Home/jre/lib/libawt.dylib
0x0000000122c70000 	/Library/Java/JavaVirtualMachines/jdk1.8.0_121.jdk/Contents/Home/jre/lib/./libmlib_image.dylib
0x0000000122d3c000 	/Library/Java/JavaVirtualMachines/jdk1.8.0_121.jdk/Contents/Home/jre/lib/libawt_lwawt.dylib
0x0000000122df3000 	/Library/Java/JavaVirtualMachines/jdk1.8.0_121.jdk/Contents/Home/jre/lib/./libosxapp.dylib
0x000000004c357000 	/System/Library/Frameworks/ExceptionHandling.framework/Versions/A/ExceptionHandling
0x000000004c357000 	/System/Library/PrivateFrameworks/CoreServicesInternal.framework/Versions/A/CoreServicesInternal
0x000000004c357000 	/System/Library/CoreServices/RawCamera.bundle/Contents/MacOS/RawCamera
0x000000004c357000 	/System/Library/Frameworks/Accelerate.framework/Versions/A/Frameworks/vImage.framework/Versions/A/Libraries/libCGInterfaces.dylib
0x000000004c357000 	/System/Library/Frameworks/ApplicationServices.framework/Versions/A/Frameworks/ATS.framework/Versions/A/Resources/libTrueTypeScaler.dylib
0x0000000124a11000 	/System/Library/Frameworks/OpenGL.framework/Resources/GLEngine.bundle/GLEngine
0x000000004c357000 	/System/Library/Frameworks/OpenGL.framework/Versions/A/Libraries/libGLProgrammability.dylib
0x0000000124bf6000 	/System/Library/Extensions/AppleIntelHD5000GraphicsGLDriver.bundle/Contents/MacOS/AppleIntelHD5000GraphicsGLDriver
0x000000004c357000 	/System/Library/PrivateFrameworks/GPUSupport.framework/Versions/A/Libraries/libGPUSupportMercury.dylib
0x0000000123b39000 	/System/Library/Frameworks/OpenGL.framework/Resources//GLRendererFloat.bundle/GLRendererFloat
0x000000004c357000 	/System/Library/Frameworks/OpenCL.framework/Versions/A/Libraries/libcldcpuengine.dylib
0x000000004c357000 	/usr/lib/libcrypto.0.9.8.dylib
0x000000004c357000 	/System/Library/PrivateFrameworks/TrustEvaluationAgent.framework/Versions/A/TrustEvaluationAgent
0x0000000125364000 	/System/Library/Extensions/AppleIntelHD5000GraphicsMTLDriver.bundle/Contents/MacOS/AppleIntelHD5000GraphicsMTLDriver
0x000000004c357000 	/System/Library/PrivateFrameworks/FamilyControls.framework/Versions/A/FamilyControls
0x000000004c357000 	/System/Library/PrivateFrameworks/CommerceKit.framework/Versions/A/Frameworks/CommerceCore.framework/Versions/A/CommerceCore
0x000000004c357000 	/System/Library/PrivateFrameworks/SystemAdministration.framework/Versions/A/SystemAdministration
0x000000004c357000 	/System/Library/PrivateFrameworks/AppContainer.framework/Versions/A/AppContainer
0x000000004c357000 	/System/Library/PrivateFrameworks/SecCodeWrapper.framework/Versions/A/SecCodeWrapper
0x000000004c357000 	/System/Library/Frameworks/DirectoryService.framework/Versions/A/DirectoryService
0x000000004c357000 	/System/Library/PrivateFrameworks/DiskImages.framework/Versions/A/DiskImages
0x000000004c357000 	/System/Library/PrivateFrameworks/LoginUIKit.framework/Versions/A/Frameworks/LoginUICore.framework/Versions/A/LoginUICore
0x000000004c357000 	/usr/lib/libCoreStorage.dylib
0x000000004c357000 	/usr/lib/libcsfde.dylib
0x000000004c357000 	/usr/lib/libodfde.dylib
0x000000004c357000 	/System/Library/Frameworks/DiscRecording.framework/Versions/A/DiscRecording
0x000000004c357000 	/usr/lib/libcurl.4.dylib
0x000000004c357000 	/System/Library/PrivateFrameworks/MediaKit.framework/Versions/A/MediaKit
0x000000004c357000 	/System/Library/PrivateFrameworks/ProtectedCloudStorage.framework/Versions/A/ProtectedCloudStorage
0x000000004c357000 	/System/Library/PrivateFrameworks/EFILogin.framework/Versions/A/EFILogin
0x000000004c357000 	/usr/lib/libutil.dylib
0x000000004c357000 	/System/Library/Frameworks/LDAP.framework/Versions/A/LDAP
0x000000004c357000 	/usr/lib/libsasl2.2.dylib
0x000000004c357000 	/System/Library/PrivateFrameworks/CoreDaemon.framework/Versions/B/CoreDaemon
0x000000004c357000 	/System/Library/PrivateFrameworks/AppleSRP.framework/Versions/A/AppleSRP
0x000000004c357000 	/System/Library/PrivateFrameworks/APFS.framework/Versions/A/APFS
0x0000000126e4c000 	/Library/Java/JavaVirtualMachines/jdk1.8.0_121.jdk/Contents/Home/jre/lib/libfontmanager.dylib
0x000000004c357000 	/System/Library/PrivateFrameworks/ViewBridge.framework/Versions/A/ViewBridge
0x000000004c357000 	/System/Library/PrivateFrameworks/XPCService.framework/Versions/A/XPCService
0x000000004c357000 	/System/Library/PrivateFrameworks/AppSandbox.framework/Versions/A/AppSandbox
0x000000004c357000 	/usr/lib/libsandbox.1.dylib
0x000000004c357000 	/usr/lib/libMatch.1.dylib
0x0000000128257000 	/Library/Java/JavaVirtualMachines/jdk1.8.0_121.jdk/Contents/Home/jre/lib/libosxui.dylib
0x0000000128e24000 	/Library/Java/JavaVirtualMachines/jdk1.8.0_121.jdk/Contents/Home/jre/lib/libnet.dylib
0x0000000128d7c000 	/Library/Java/JavaVirtualMachines/jdk1.8.0_121.jdk/Contents/Home/jre/lib/libnio.dylib
0x0000000127f55000 	/private/var/folders/z5/dkh_k18x6bn8z6w6jj1k7pqm0000gn/T/jogamp_0000/file_cache/jln6681494796486142400/jln6947453630568656317/libgluegen-rt.jnilib
0x0000000127f59000 	/private/var/folders/z5/dkh_k18x6bn8z6w6jj1k7pqm0000gn/T/jogamp_0000/file_cache/jln6681494796486142400/jln6947453630568656317/libnativewindow_awt.jnilib
0x0000000128dcb000 	/Library/Java/JavaVirtualMachines/jdk1.8.0_121.jdk/Contents/Home/jre/lib/libjawt.dylib
0x00000001913dc000 	/private/var/folders/z5/dkh_k18x6bn8z6w6jj1k7pqm0000gn/T/jogamp_0000/file_cache/jln6681494796486142400/jln6947453630568656317/libnativewindow_macosx.jnilib
0x0000000193233000 	/private/var/folders/z5/dkh_k18x6bn8z6w6jj1k7pqm0000gn/T/jogamp_0000/file_cache/jln6681494796486142400/jln6947453630568656317/libjogl_desktop.jnilib
0x0000000195a2f000 	/Library/Java/JavaVirtualMachines/jdk1.8.0_121.jdk/Contents/Home/jre/lib/libt2k.dylib

VM Arguments:
jvm_args: -Djava.security.policy=java.policy.applet -Dfile.encoding=MacRoman 
java_command: sun.applet.AppletViewer module6.EarthquakeCityMap1523944943412.html
java_class_path (initial): /Users/Mac/Documents/workspace/UCSDUnfoldingMaps/build:/Users/Mac/Documents/workspace/UCSDUnfoldingMaps/lib/core.jar:/Users/Mac/Documents/workspace/UCSDUnfoldingMaps/lib/gluegen-rt.jar:/Users/Mac/Documents/workspace/UCSDUnfoldingMaps/lib/jogl-all.jar:/Users/Mac/Documents/workspace/UCSDUnfoldingMaps/lib/log4j-1.2.15.jar:/Users/Mac/Documents/workspace/UCSDUnfoldingMaps/lib/sqlite-jdbc-3.7.2.jar:/Users/Mac/Documents/workspace/UCSDUnfoldingMaps/lib/json4processing.jar:/Users/Mac/Documents/workspace/UCSDUnfoldingMaps/lib/libTUIO.jar:/Users/Mac/Documents/workspace/UCSDUnfoldingMaps/lib/unfolding.0.9.7-uscd.jar
Launcher Type: SUN_STANDARD

Environment Variables:
PATH=/Library/Frameworks/Python.framework/Versions/3.6/bin:/usr/local/bin:/usr/bin:/bin:/usr/sbin:/sbin:/opt/X11/bin:/Library/Frameworks/Mono.framework/Versions/Current/Commands:/Library/TeX/texbin
SHELL=/bin/bash
DISPLAY=/private/tmp/com.apple.launchd.BfoSnAz3r8/org.macosforge.xquartz:0

Signal Handlers:
SIGSEGV: [libjvm.dylib+0x5b1141], sa_mask[0]=11111111011111110111111111111111, sa_flags=SA_ONSTACK|SA_RESTART|SA_SIGINFO
SIGBUS: [libjvm.dylib+0x5b1141], sa_mask[0]=11111111011111110111111111111111, sa_flags=SA_RESTART|SA_SIGINFO
SIGFPE: [libjvm.dylib+0x487bc4], sa_mask[0]=11111111011111110111111111111111, sa_flags=SA_RESTART|SA_SIGINFO
SIGPIPE: [libjvm.dylib+0x487bc4], sa_mask[0]=11111111011111110111111111111111, sa_flags=SA_RESTART|SA_SIGINFO
SIGXFSZ: [libjvm.dylib+0x487bc4], sa_mask[0]=11111111011111110111111111111111, sa_flags=SA_RESTART|SA_SIGINFO
SIGILL: [libjvm.dylib+0x487bc4], sa_mask[0]=11111111011111110111111111111111, sa_flags=SA_RESTART|SA_SIGINFO
SIGUSR1: SIG_DFL, sa_mask[0]=11011111011111100000000111000110, sa_flags=none
SIGUSR2: [libjvm.dylib+0x4876e2], sa_mask[0]=00100000000000000000000000000000, sa_flags=SA_RESTART|SA_SIGINFO
SIGHUP: [libjvm.dylib+0x485cb9], sa_mask[0]=11111111011111110111111111111111, sa_flags=SA_RESTART|SA_SIGINFO
SIGINT: [libjvm.dylib+0x485cb9], sa_mask[0]=11111111011111110111111111111111, sa_flags=SA_RESTART|SA_SIGINFO
SIGTERM: [libjvm.dylib+0x485cb9], sa_mask[0]=11111111011111110111111111111111, sa_flags=SA_RESTART|SA_SIGINFO
SIGQUIT: [libjvm.dylib+0x485cb9], sa_mask[0]=11111111011111110111111111111111, sa_flags=SA_RESTART|SA_SIGINFO


---------------  S Y S T E M  ---------------

OS:Bsduname:Darwin 16.7.0 Darwin Kernel Version 16.7.0: Thu Jan 11 22:59:40 PST 2018; root:xnu-3789.73.8~1/RELEASE_X86_64 x86_64
rlimit: STACK 8192k, CORE 0k, NPROC 709, NOFILE 10240, AS infinity
load average:3.33 3.05 2.67

CPU:total 4 (2 cores per cpu, 2 threads per core) family 6 model 69 stepping 1, cmov, cx8, fxsr, mmx, sse, sse2, sse3, ssse3, sse4.1, sse4.2, popcnt, avx, avx2, aes, clmul, erms, lzcnt, ht, tsc, tscinvbit, bmi1, bmi2

Memory: 4k page, physical 4194304k(126668k free)

/proc/meminfo:


vm_info: Java HotSpot(TM) 64-Bit Server VM (25.121-b13) for bsd-amd64 JRE (1.8.0_121-b13), built on Dec 12 2016 20:39:32 by "java_re" with gcc 4.2.1 (Based on Apple Inc. build 5658) (LLVM build 2336.11.00)

time: Mon Apr 16 23:03:21 2018
elapsed time: 58 seconds (0d 0h 0m 58s)

